2024-03-27 10:18:35,657 - {'optimizer': {'name': 'adam', 'lr': 0.001, 'final_lr': 1e-06, 'weight_decay': 0}, 'train': {'model_test_run': True, 'weighted_loss_fn': True, 'epoch': 1000, 'batch_size': 64, 'save_model': True, 'log_loss': True, 'test_step': 1, 'reproducible': True, 'seed': 2023, 'tensorboard': True, 'conf_mat': True, 'ssl': False, 'gradient_accumulation': False, 'accumulation_steps': 4, 'early_stop': False, 'parameter_class_weights_path': './datasets/sequential/aug/parameters/param.pkl', 'parameter_label_mapping_path': './datasets/sequential/aug/parameters/label_mapping.pkl'}, 'test': {'metrics': ['precision', 'recall', 'f1score', 'accuracy'], 'k': [1, 2, 3], 'batch_size': 64, 'train_eval': False, 'save_path': '2024-03-27_10-18'}, 'data': {'type': 'sequential', 'name': 'aug', 'seq_aug': False, 'dynamic_context_window_length': 100, 'user_num': 100, 'item_num': 28, 'max_context_length': 100, 'dynamic_context_feat_num': 14, 'static_context_feat_num': 6, 'static_context_max': [12, 6, 23, 1, 1, 1]}, 'model': {'name': 'cl4srec', 'context_encoder': 'tempcnn', 'interaction_encoder': 'sasrec', 'dropout_rate': 0.1, 'n_layers': 2, 'embedding_size': 16, 'n_heads': 2, 'max_seq_len': 10, 'lmd': 0.1, 'tau': 1, 'encoder_combine': 'concat'}, 'lstm': {'hidden_size': 64, 'num_layers': 2}, 'tune': {'enable': False, 'hyperparameters': ['dropout_rate', 'lmd', 'tau'], 'dropout_rate': [0.1, 0.2, 0.3], 'lmd': [0.05, 0.1, 0.2], 'tau': [0.5, 0.7, 0.9]}, 'device': 'cpu'}
2024-03-27 10:18:36,747 - [Epoch   0 / 1000] rec_loss: 3.3624 cl_loss: 0.0000 
2024-03-27 10:18:37,040 - Epoch   0 Test set [precision@1: 0.1100 precision@2: 0.2400 precision@3: 0.1900 ] Test set [recall@1: 0.1100 recall@2: 0.4800 recall@3: 0.5700 ] Test set [f1score@1: 0.1100 f1score@2: 0.3200 f1score@3: 0.2800 ] Test set [accuracy@1: 0.1100 accuracy@2: 0.4800 accuracy@3: 0.5700 ] 
2024-03-27 10:18:37,695 - [Epoch   1 / 1000] rec_loss: 3.2931 cl_loss: 0.0000 
2024-03-27 10:18:38,004 - Epoch   1 Test set [precision@1: 0.1100 precision@2: 0.2500 precision@3: 0.2000 ] Test set [recall@1: 0.1100 recall@2: 0.5000 recall@3: 0.6100 ] Test set [f1score@1: 0.1100 f1score@2: 0.3300 f1score@3: 0.3100 ] Test set [accuracy@1: 0.1100 accuracy@2: 0.5000 accuracy@3: 0.6100 ] 
2024-03-27 10:18:38,642 - [Epoch   2 / 1000] rec_loss: 3.1345 cl_loss: 0.0000 
2024-03-27 10:18:38,918 - Epoch   2 Test set [precision@1: 0.1100 precision@2: 0.2500 precision@3: 0.2000 ] Test set [recall@1: 0.1100 recall@2: 0.5000 recall@3: 0.6100 ] Test set [f1score@1: 0.1100 f1score@2: 0.3300 f1score@3: 0.3100 ] Test set [accuracy@1: 0.1100 accuracy@2: 0.5000 accuracy@3: 0.6100 ] 
2024-03-27 10:18:39,608 - [Epoch   3 / 1000] rec_loss: 2.6117 cl_loss: 0.0000 
2024-03-27 10:18:39,890 - Epoch   3 Test set [precision@1: 0.3900 precision@2: 0.2500 precision@3: 0.2000 ] Test set [recall@1: 0.3900 recall@2: 0.5000 recall@3: 0.6100 ] Test set [f1score@1: 0.3900 f1score@2: 0.3300 f1score@3: 0.3100 ] Test set [accuracy@1: 0.3900 accuracy@2: 0.5000 accuracy@3: 0.6100 ] 
2024-03-27 10:18:40,537 - [Epoch   4 / 1000] rec_loss: 2.5945 cl_loss: 0.0000 
2024-03-27 10:18:40,816 - Epoch   4 Test set [precision@1: 0.3900 precision@2: 0.2500 precision@3: 0.2000 ] Test set [recall@1: 0.3900 recall@2: 0.5000 recall@3: 0.6100 ] Test set [f1score@1: 0.3900 f1score@2: 0.3300 f1score@3: 0.3100 ] Test set [accuracy@1: 0.3900 accuracy@2: 0.5000 accuracy@3: 0.6100 ] 
2024-03-27 10:18:41,445 - [Epoch   5 / 1000] rec_loss: 2.2561 cl_loss: 0.0000 
2024-03-27 10:18:41,730 - Epoch   5 Test set [precision@1: 0.3900 precision@2: 0.2500 precision@3: 0.2000 ] Test set [recall@1: 0.3900 recall@2: 0.5000 recall@3: 0.5900 ] Test set [f1score@1: 0.3900 f1score@2: 0.3300 f1score@3: 0.3000 ] Test set [accuracy@1: 0.3900 accuracy@2: 0.5000 accuracy@3: 0.5900 ] 
2024-03-27 10:18:42,367 - [Epoch   6 / 1000] rec_loss: 2.2519 cl_loss: 0.0000 
2024-03-27 10:18:42,646 - Epoch   6 Test set [precision@1: 0.3900 precision@2: 0.2600 precision@3: 0.2100 ] Test set [recall@1: 0.3900 recall@2: 0.5200 recall@3: 0.6400 ] Test set [f1score@1: 0.3900 f1score@2: 0.3500 f1score@3: 0.3200 ] Test set [accuracy@1: 0.3900 accuracy@2: 0.5200 accuracy@3: 0.6400 ] 
2024-03-27 10:18:43,299 - [Epoch   7 / 1000] rec_loss: 2.2120 cl_loss: 0.0000 
2024-03-27 10:18:43,606 - Epoch   7 Test set [precision@1: 0.3900 precision@2: 0.2600 precision@3: 0.2100 ] Test set [recall@1: 0.3900 recall@2: 0.5300 recall@3: 0.6200 ] Test set [f1score@1: 0.3900 f1score@2: 0.3500 f1score@3: 0.3100 ] Test set [accuracy@1: 0.3900 accuracy@2: 0.5300 accuracy@3: 0.6200 ] 
2024-03-27 10:18:44,236 - [Epoch   8 / 1000] rec_loss: 2.1702 cl_loss: 0.0000 
2024-03-27 10:18:44,517 - Epoch   8 Test set [precision@1: 0.3900 precision@2: 0.2600 precision@3: 0.2100 ] Test set [recall@1: 0.3900 recall@2: 0.5300 recall@3: 0.6300 ] Test set [f1score@1: 0.3900 f1score@2: 0.3500 f1score@3: 0.3100 ] Test set [accuracy@1: 0.3900 accuracy@2: 0.5300 accuracy@3: 0.6300 ] 
2024-03-27 10:18:45,143 - [Epoch   9 / 1000] rec_loss: 2.0720 cl_loss: 0.0000 
2024-03-27 10:18:45,421 - Epoch   9 Test set [precision@1: 0.3900 precision@2: 0.2600 precision@3: 0.2100 ] Test set [recall@1: 0.3900 recall@2: 0.5300 recall@3: 0.6400 ] Test set [f1score@1: 0.3900 f1score@2: 0.3500 f1score@3: 0.3200 ] Test set [accuracy@1: 0.3900 accuracy@2: 0.5300 accuracy@3: 0.6400 ] 
2024-03-27 10:18:46,045 - [Epoch  10 / 1000] rec_loss: 2.0985 cl_loss: 0.0000 
2024-03-27 10:18:46,351 - Epoch  10 Test set [precision@1: 0.3900 precision@2: 0.2600 precision@3: 0.2100 ] Test set [recall@1: 0.3900 recall@2: 0.5300 recall@3: 0.6400 ] Test set [f1score@1: 0.3900 f1score@2: 0.3500 f1score@3: 0.3200 ] Test set [accuracy@1: 0.3900 accuracy@2: 0.5300 accuracy@3: 0.6400 ] 
2024-03-27 10:18:47,162 - [Epoch  11 / 1000] rec_loss: 2.0418 cl_loss: 0.0000 
2024-03-27 10:18:47,481 - Epoch  11 Test set [precision@1: 0.3900 precision@2: 0.2600 precision@3: 0.2100 ] Test set [recall@1: 0.3900 recall@2: 0.5300 recall@3: 0.6400 ] Test set [f1score@1: 0.3900 f1score@2: 0.3500 f1score@3: 0.3200 ] Test set [accuracy@1: 0.3900 accuracy@2: 0.5300 accuracy@3: 0.6400 ] 
2024-03-27 10:18:48,174 - [Epoch  12 / 1000] rec_loss: 2.0342 cl_loss: 0.0000 
2024-03-27 10:18:48,484 - Epoch  12 Test set [precision@1: 0.3900 precision@2: 0.2600 precision@3: 0.2100 ] Test set [recall@1: 0.3900 recall@2: 0.5300 recall@3: 0.6400 ] Test set [f1score@1: 0.3900 f1score@2: 0.3500 f1score@3: 0.3200 ] Test set [accuracy@1: 0.3900 accuracy@2: 0.5300 accuracy@3: 0.6400 ] 
2024-03-27 10:18:49,152 - [Epoch  13 / 1000] rec_loss: 2.0122 cl_loss: 0.0000 
2024-03-27 10:18:49,438 - Epoch  13 Test set [precision@1: 0.3900 precision@2: 0.2800 precision@3: 0.2100 ] Test set [recall@1: 0.3900 recall@2: 0.5500 recall@3: 0.6400 ] Test set [f1score@1: 0.3900 f1score@2: 0.3700 f1score@3: 0.3200 ] Test set [accuracy@1: 0.3900 accuracy@2: 0.5500 accuracy@3: 0.6400 ] 
2024-03-27 10:18:50,114 - [Epoch  14 / 1000] rec_loss: 1.9659 cl_loss: 0.0000 
2024-03-27 10:18:50,418 - Epoch  14 Test set [precision@1: 0.3900 precision@2: 0.2500 precision@3: 0.2200 ] Test set [recall@1: 0.3900 recall@2: 0.5000 recall@3: 0.6500 ] Test set [f1score@1: 0.3900 f1score@2: 0.3300 f1score@3: 0.3200 ] Test set [accuracy@1: 0.3900 accuracy@2: 0.5000 accuracy@3: 0.6500 ] 
2024-03-27 10:18:51,322 - [Epoch  15 / 1000] rec_loss: 2.0003 cl_loss: 0.0000 
2024-03-27 10:18:51,642 - Epoch  15 Test set [precision@1: 0.3900 precision@2: 0.2500 precision@3: 0.2000 ] Test set [recall@1: 0.3900 recall@2: 0.5100 recall@3: 0.6100 ] Test set [f1score@1: 0.3900 f1score@2: 0.3400 f1score@3: 0.3100 ] Test set [accuracy@1: 0.3900 accuracy@2: 0.5100 accuracy@3: 0.6100 ] 
2024-03-27 10:18:52,336 - [Epoch  16 / 1000] rec_loss: 1.9597 cl_loss: 0.0000 
2024-03-27 10:18:52,635 - Epoch  16 Test set [precision@1: 0.3900 precision@2: 0.2500 precision@3: 0.2100 ] Test set [recall@1: 0.3900 recall@2: 0.5100 recall@3: 0.6300 ] Test set [f1score@1: 0.3900 f1score@2: 0.3400 f1score@3: 0.3100 ] Test set [accuracy@1: 0.3900 accuracy@2: 0.5100 accuracy@3: 0.6300 ] 
2024-03-27 10:18:53,289 - [Epoch  17 / 1000] rec_loss: 1.9690 cl_loss: 0.0000 
2024-03-27 10:18:53,582 - Epoch  17 Test set [precision@1: 0.3900 precision@2: 0.2700 precision@3: 0.2100 ] Test set [recall@1: 0.3900 recall@2: 0.5400 recall@3: 0.6300 ] Test set [f1score@1: 0.3900 f1score@2: 0.3600 f1score@3: 0.3100 ] Test set [accuracy@1: 0.3900 accuracy@2: 0.5400 accuracy@3: 0.6300 ] 
2024-03-27 10:18:54,228 - [Epoch  18 / 1000] rec_loss: 1.9107 cl_loss: 0.0000 
2024-03-27 10:18:54,527 - Epoch  18 Test set [precision@1: 0.3900 precision@2: 0.2600 precision@3: 0.2100 ] Test set [recall@1: 0.3900 recall@2: 0.5300 recall@3: 0.6300 ] Test set [f1score@1: 0.3900 f1score@2: 0.3500 f1score@3: 0.3100 ] Test set [accuracy@1: 0.3900 accuracy@2: 0.5300 accuracy@3: 0.6300 ] 
2024-03-27 10:18:55,202 - [Epoch  19 / 1000] rec_loss: 1.9281 cl_loss: 0.0000 
2024-03-27 10:18:55,707 - Epoch  19 Test set [precision@1: 0.3900 precision@2: 0.2700 precision@3: 0.2100 ] Test set [recall@1: 0.3900 recall@2: 0.5400 recall@3: 0.6400 ] Test set [f1score@1: 0.3900 f1score@2: 0.3600 f1score@3: 0.3200 ] Test set [accuracy@1: 0.3900 accuracy@2: 0.5400 accuracy@3: 0.6400 ] 
2024-03-27 10:18:56,500 - [Epoch  20 / 1000] rec_loss: 1.9008 cl_loss: 0.0000 
2024-03-27 10:18:56,812 - Epoch  20 Test set [precision@1: 0.3900 precision@2: 0.2600 precision@3: 0.2200 ] Test set [recall@1: 0.3900 recall@2: 0.5300 recall@3: 0.6600 ] Test set [f1score@1: 0.3900 f1score@2: 0.3500 f1score@3: 0.3300 ] Test set [accuracy@1: 0.3900 accuracy@2: 0.5300 accuracy@3: 0.6600 ] 
2024-03-27 10:18:57,514 - [Epoch  21 / 1000] rec_loss: 1.8764 cl_loss: 0.0000 
2024-03-27 10:18:57,841 - Epoch  21 Test set [precision@1: 0.3900 precision@2: 0.2300 precision@3: 0.2100 ] Test set [recall@1: 0.3900 recall@2: 0.4700 recall@3: 0.6400 ] Test set [f1score@1: 0.3900 f1score@2: 0.3100 f1score@3: 0.3200 ] Test set [accuracy@1: 0.3900 accuracy@2: 0.4700 accuracy@3: 0.6400 ] 
2024-03-27 10:18:58,500 - [Epoch  22 / 1000] rec_loss: 1.8225 cl_loss: 0.0000 
2024-03-27 10:18:58,819 - Epoch  22 Test set [precision@1: 0.3900 precision@2: 0.2600 precision@3: 0.2300 ] Test set [recall@1: 0.3900 recall@2: 0.5200 recall@3: 0.7000 ] Test set [f1score@1: 0.3900 f1score@2: 0.3500 f1score@3: 0.3500 ] Test set [accuracy@1: 0.3900 accuracy@2: 0.5200 accuracy@3: 0.7000 ] 
2024-03-27 10:18:59,608 - [Epoch  23 / 1000] rec_loss: 1.8428 cl_loss: 0.0000 
2024-03-27 10:18:59,904 - Epoch  23 Test set [precision@1: 0.3900 precision@2: 0.2800 precision@3: 0.2300 ] Test set [recall@1: 0.3900 recall@2: 0.5600 recall@3: 0.6800 ] Test set [f1score@1: 0.3900 f1score@2: 0.3700 f1score@3: 0.3400 ] Test set [accuracy@1: 0.3900 accuracy@2: 0.5600 accuracy@3: 0.6800 ] 
2024-03-27 10:19:00,614 - [Epoch  24 / 1000] rec_loss: 1.8561 cl_loss: 0.0000 
2024-03-27 10:19:00,929 - Epoch  24 Test set [precision@1: 0.3900 precision@2: 0.2800 precision@3: 0.2300 ] Test set [recall@1: 0.3900 recall@2: 0.5700 recall@3: 0.6900 ] Test set [f1score@1: 0.3900 f1score@2: 0.3800 f1score@3: 0.3400 ] Test set [accuracy@1: 0.3900 accuracy@2: 0.5700 accuracy@3: 0.6900 ] 
2024-03-27 10:19:01,610 - [Epoch  25 / 1000] rec_loss: 1.8052 cl_loss: 0.0000 
2024-03-27 10:19:01,899 - Epoch  25 Test set [precision@1: 0.3900 precision@2: 0.2800 precision@3: 0.2300 ] Test set [recall@1: 0.3900 recall@2: 0.5700 recall@3: 0.6800 ] Test set [f1score@1: 0.3900 f1score@2: 0.3800 f1score@3: 0.3400 ] Test set [accuracy@1: 0.3900 accuracy@2: 0.5700 accuracy@3: 0.6800 ] 
2024-03-27 10:19:02,551 - [Epoch  26 / 1000] rec_loss: 1.8576 cl_loss: 0.0000 
2024-03-27 10:19:02,851 - Epoch  26 Test set [precision@1: 0.3900 precision@2: 0.2800 precision@3: 0.2200 ] Test set [recall@1: 0.3900 recall@2: 0.5700 recall@3: 0.6600 ] Test set [f1score@1: 0.3900 f1score@2: 0.3800 f1score@3: 0.3300 ] Test set [accuracy@1: 0.3900 accuracy@2: 0.5700 accuracy@3: 0.6600 ] 
2024-03-27 10:19:03,551 - [Epoch  27 / 1000] rec_loss: 1.8746 cl_loss: 0.0000 
2024-03-27 10:19:03,850 - Epoch  27 Test set [precision@1: 0.3900 precision@2: 0.3000 precision@3: 0.2200 ] Test set [recall@1: 0.3900 recall@2: 0.6000 recall@3: 0.6700 ] Test set [f1score@1: 0.3900 f1score@2: 0.4000 f1score@3: 0.3400 ] Test set [accuracy@1: 0.3900 accuracy@2: 0.6000 accuracy@3: 0.6700 ] 
2024-03-27 10:19:04,503 - [Epoch  28 / 1000] rec_loss: 1.9527 cl_loss: 0.0000 
2024-03-27 10:19:04,835 - Epoch  28 Test set [precision@1: 0.3900 precision@2: 0.2800 precision@3: 0.2300 ] Test set [recall@1: 0.3900 recall@2: 0.5600 recall@3: 0.7000 ] Test set [f1score@1: 0.3900 f1score@2: 0.3700 f1score@3: 0.3500 ] Test set [accuracy@1: 0.3900 accuracy@2: 0.5600 accuracy@3: 0.7000 ] 
2024-03-27 10:19:05,561 - [Epoch  29 / 1000] rec_loss: 1.8053 cl_loss: 0.0000 
2024-03-27 10:19:05,866 - Epoch  29 Test set [precision@1: 0.3900 precision@2: 0.2800 precision@3: 0.2300 ] Test set [recall@1: 0.3900 recall@2: 0.5500 recall@3: 0.6900 ] Test set [f1score@1: 0.3900 f1score@2: 0.3700 f1score@3: 0.3400 ] Test set [accuracy@1: 0.3900 accuracy@2: 0.5500 accuracy@3: 0.6900 ] 
2024-03-27 10:19:06,528 - [Epoch  30 / 1000] rec_loss: 1.9054 cl_loss: 0.0000 
2024-03-27 10:19:06,819 - Epoch  30 Test set [precision@1: 0.3900 precision@2: 0.2700 precision@3: 0.2200 ] Test set [recall@1: 0.3900 recall@2: 0.5400 recall@3: 0.6500 ] Test set [f1score@1: 0.3900 f1score@2: 0.3600 f1score@3: 0.3200 ] Test set [accuracy@1: 0.3900 accuracy@2: 0.5400 accuracy@3: 0.6500 ] 
2024-03-27 10:19:07,494 - [Epoch  31 / 1000] rec_loss: 1.7555 cl_loss: 0.0000 
2024-03-27 10:19:07,782 - Epoch  31 Test set [precision@1: 0.3900 precision@2: 0.2500 precision@3: 0.2300 ] Test set [recall@1: 0.3900 recall@2: 0.5100 recall@3: 0.6800 ] Test set [f1score@1: 0.3900 f1score@2: 0.3400 f1score@3: 0.3400 ] Test set [accuracy@1: 0.3900 accuracy@2: 0.5100 accuracy@3: 0.6800 ] 
2024-03-27 10:19:08,497 - [Epoch  32 / 1000] rec_loss: 1.7505 cl_loss: 0.0000 
2024-03-27 10:19:08,794 - Epoch  32 Test set [precision@1: 0.3900 precision@2: 0.2600 precision@3: 0.2200 ] Test set [recall@1: 0.3900 recall@2: 0.5200 recall@3: 0.6700 ] Test set [f1score@1: 0.3900 f1score@2: 0.3500 f1score@3: 0.3400 ] Test set [accuracy@1: 0.3900 accuracy@2: 0.5200 accuracy@3: 0.6700 ] 
2024-03-27 10:19:09,466 - [Epoch  33 / 1000] rec_loss: 1.8121 cl_loss: 0.0000 
2024-03-27 10:19:09,768 - Epoch  33 Test set [precision@1: 0.3900 precision@2: 0.2600 precision@3: 0.2100 ] Test set [recall@1: 0.3900 recall@2: 0.5300 recall@3: 0.6400 ] Test set [f1score@1: 0.3900 f1score@2: 0.3500 f1score@3: 0.3200 ] Test set [accuracy@1: 0.3900 accuracy@2: 0.5300 accuracy@3: 0.6400 ] 
2024-03-27 10:19:10,449 - [Epoch  34 / 1000] rec_loss: 1.7567 cl_loss: 0.0000 
2024-03-27 10:19:10,743 - Epoch  34 Test set [precision@1: 0.3900 precision@2: 0.2500 precision@3: 0.2200 ] Test set [recall@1: 0.3900 recall@2: 0.5100 recall@3: 0.6600 ] Test set [f1score@1: 0.3900 f1score@2: 0.3400 f1score@3: 0.3300 ] Test set [accuracy@1: 0.3900 accuracy@2: 0.5100 accuracy@3: 0.6600 ] 
2024-03-27 10:19:11,420 - [Epoch  35 / 1000] rec_loss: 1.7358 cl_loss: 0.0000 
2024-03-27 10:19:11,767 - Epoch  35 Test set [precision@1: 0.3900 precision@2: 0.2900 precision@3: 0.2400 ] Test set [recall@1: 0.3900 recall@2: 0.5800 recall@3: 0.7100 ] Test set [f1score@1: 0.3900 f1score@2: 0.3900 f1score@3: 0.3500 ] Test set [accuracy@1: 0.3900 accuracy@2: 0.5800 accuracy@3: 0.7100 ] 
2024-03-27 10:19:12,446 - [Epoch  36 / 1000] rec_loss: 1.7380 cl_loss: 0.0000 
2024-03-27 10:19:12,755 - Epoch  36 Test set [precision@1: 0.3900 precision@2: 0.2900 precision@3: 0.2400 ] Test set [recall@1: 0.3900 recall@2: 0.5900 recall@3: 0.7200 ] Test set [f1score@1: 0.3900 f1score@2: 0.3900 f1score@3: 0.3600 ] Test set [accuracy@1: 0.3900 accuracy@2: 0.5900 accuracy@3: 0.7200 ] 
2024-03-27 10:19:13,478 - [Epoch  37 / 1000] rec_loss: 1.7344 cl_loss: 0.0000 
2024-03-27 10:19:13,843 - Epoch  37 Test set [precision@1: 0.4000 precision@2: 0.2900 precision@3: 0.2400 ] Test set [recall@1: 0.4000 recall@2: 0.5900 recall@3: 0.7200 ] Test set [f1score@1: 0.4000 f1score@2: 0.3900 f1score@3: 0.3600 ] Test set [accuracy@1: 0.4000 accuracy@2: 0.5900 accuracy@3: 0.7200 ] 
2024-03-27 10:19:14,523 - [Epoch  38 / 1000] rec_loss: 1.7821 cl_loss: 0.0000 
2024-03-27 10:19:14,845 - Epoch  38 Test set [precision@1: 0.4000 precision@2: 0.2900 precision@3: 0.2400 ] Test set [recall@1: 0.4000 recall@2: 0.5900 recall@3: 0.7300 ] Test set [f1score@1: 0.4000 f1score@2: 0.3900 f1score@3: 0.3700 ] Test set [accuracy@1: 0.4000 accuracy@2: 0.5900 accuracy@3: 0.7300 ] 
2024-03-27 10:19:15,528 - [Epoch  39 / 1000] rec_loss: 1.6763 cl_loss: 0.0000 
2024-03-27 10:19:15,827 - Epoch  39 Test set [precision@1: 0.3900 precision@2: 0.2900 precision@3: 0.2400 ] Test set [recall@1: 0.3900 recall@2: 0.5900 recall@3: 0.7300 ] Test set [f1score@1: 0.3900 f1score@2: 0.3900 f1score@3: 0.3700 ] Test set [accuracy@1: 0.3900 accuracy@2: 0.5900 accuracy@3: 0.7300 ] 
2024-03-27 10:19:16,469 - [Epoch  40 / 1000] rec_loss: 1.7058 cl_loss: 0.0000 
2024-03-27 10:19:16,763 - Epoch  40 Test set [precision@1: 0.3900 precision@2: 0.2900 precision@3: 0.2400 ] Test set [recall@1: 0.3900 recall@2: 0.5800 recall@3: 0.7300 ] Test set [f1score@1: 0.3900 f1score@2: 0.3900 f1score@3: 0.3700 ] Test set [accuracy@1: 0.3900 accuracy@2: 0.5800 accuracy@3: 0.7300 ] 
2024-03-27 10:19:17,411 - [Epoch  41 / 1000] rec_loss: 1.8550 cl_loss: 0.0000 
2024-03-27 10:19:17,705 - Epoch  41 Test set [precision@1: 0.3900 precision@2: 0.2800 precision@3: 0.2400 ] Test set [recall@1: 0.3900 recall@2: 0.5600 recall@3: 0.7200 ] Test set [f1score@1: 0.3900 f1score@2: 0.3700 f1score@3: 0.3600 ] Test set [accuracy@1: 0.3900 accuracy@2: 0.5600 accuracy@3: 0.7200 ] 
2024-03-27 10:19:18,344 - [Epoch  42 / 1000] rec_loss: 1.7056 cl_loss: 0.0000 
2024-03-27 10:19:18,633 - Epoch  42 Test set [precision@1: 0.4000 precision@2: 0.2800 precision@3: 0.2300 ] Test set [recall@1: 0.4000 recall@2: 0.5600 recall@3: 0.7000 ] Test set [f1score@1: 0.4000 f1score@2: 0.3700 f1score@3: 0.3500 ] Test set [accuracy@1: 0.4000 accuracy@2: 0.5600 accuracy@3: 0.7000 ] 
2024-03-27 10:19:19,273 - [Epoch  43 / 1000] rec_loss: 1.7459 cl_loss: 0.0000 
2024-03-27 10:19:19,562 - Epoch  43 Test set [precision@1: 0.4000 precision@2: 0.2800 precision@3: 0.2300 ] Test set [recall@1: 0.4000 recall@2: 0.5500 recall@3: 0.7000 ] Test set [f1score@1: 0.4000 f1score@2: 0.3700 f1score@3: 0.3500 ] Test set [accuracy@1: 0.4000 accuracy@2: 0.5500 accuracy@3: 0.7000 ] 
2024-03-27 10:19:20,202 - [Epoch  44 / 1000] rec_loss: 1.6761 cl_loss: 0.0000 
2024-03-27 10:19:20,494 - Epoch  44 Test set [precision@1: 0.3900 precision@2: 0.3100 precision@3: 0.2400 ] Test set [recall@1: 0.3900 recall@2: 0.6100 recall@3: 0.7300 ] Test set [f1score@1: 0.3900 f1score@2: 0.4100 f1score@3: 0.3700 ] Test set [accuracy@1: 0.3900 accuracy@2: 0.6100 accuracy@3: 0.7300 ] 
2024-03-27 10:19:21,147 - [Epoch  45 / 1000] rec_loss: 1.7681 cl_loss: 0.0000 
2024-03-27 10:19:21,469 - Epoch  45 Test set [precision@1: 0.3900 precision@2: 0.2900 precision@3: 0.2500 ] Test set [recall@1: 0.3900 recall@2: 0.5900 recall@3: 0.7500 ] Test set [f1score@1: 0.3900 f1score@2: 0.3900 f1score@3: 0.3800 ] Test set [accuracy@1: 0.3900 accuracy@2: 0.5900 accuracy@3: 0.7500 ] 
2024-03-27 10:19:22,202 - [Epoch  46 / 1000] rec_loss: 1.7335 cl_loss: 0.0000 
2024-03-27 10:19:22,509 - Epoch  46 Test set [precision@1: 0.3900 precision@2: 0.2900 precision@3: 0.2300 ] Test set [recall@1: 0.3900 recall@2: 0.5800 recall@3: 0.6900 ] Test set [f1score@1: 0.3900 f1score@2: 0.3900 f1score@3: 0.3400 ] Test set [accuracy@1: 0.3900 accuracy@2: 0.5800 accuracy@3: 0.6900 ] 
2024-03-27 10:19:23,240 - [Epoch  47 / 1000] rec_loss: 1.6532 cl_loss: 0.0000 
2024-03-27 10:19:23,552 - Epoch  47 Test set [precision@1: 0.3900 precision@2: 0.2900 precision@3: 0.2400 ] Test set [recall@1: 0.3900 recall@2: 0.5900 recall@3: 0.7200 ] Test set [f1score@1: 0.3900 f1score@2: 0.3900 f1score@3: 0.3600 ] Test set [accuracy@1: 0.3900 accuracy@2: 0.5900 accuracy@3: 0.7200 ] 
2024-03-27 10:19:24,231 - [Epoch  48 / 1000] rec_loss: 1.6077 cl_loss: 0.0000 
2024-03-27 10:19:24,526 - Epoch  48 Test set [precision@1: 0.3900 precision@2: 0.3000 precision@3: 0.2400 ] Test set [recall@1: 0.3900 recall@2: 0.6000 recall@3: 0.7100 ] Test set [f1score@1: 0.3900 f1score@2: 0.4000 f1score@3: 0.3500 ] Test set [accuracy@1: 0.3900 accuracy@2: 0.6000 accuracy@3: 0.7100 ] 
2024-03-27 10:19:25,175 - [Epoch  49 / 1000] rec_loss: 1.6570 cl_loss: 0.0000 
2024-03-27 10:19:25,472 - Epoch  49 Test set [precision@1: 0.3900 precision@2: 0.3100 precision@3: 0.2400 ] Test set [recall@1: 0.3900 recall@2: 0.6100 recall@3: 0.7300 ] Test set [f1score@1: 0.3900 f1score@2: 0.4100 f1score@3: 0.3700 ] Test set [accuracy@1: 0.3900 accuracy@2: 0.6100 accuracy@3: 0.7300 ] 
2024-03-27 10:19:26,135 - [Epoch  50 / 1000] rec_loss: 1.6271 cl_loss: 0.0000 
2024-03-27 10:19:26,444 - Epoch  50 Test set [precision@1: 0.4100 precision@2: 0.2900 precision@3: 0.2400 ] Test set [recall@1: 0.4100 recall@2: 0.5900 recall@3: 0.7300 ] Test set [f1score@1: 0.4100 f1score@2: 0.3900 f1score@3: 0.3700 ] Test set [accuracy@1: 0.4100 accuracy@2: 0.5900 accuracy@3: 0.7300 ] 
2024-03-27 10:19:27,150 - [Epoch  51 / 1000] rec_loss: 1.6603 cl_loss: 0.0000 
2024-03-27 10:19:27,458 - Epoch  51 Test set [precision@1: 0.3900 precision@2: 0.2900 precision@3: 0.2500 ] Test set [recall@1: 0.3900 recall@2: 0.5800 recall@3: 0.7400 ] Test set [f1score@1: 0.3900 f1score@2: 0.3900 f1score@3: 0.3700 ] Test set [accuracy@1: 0.3900 accuracy@2: 0.5800 accuracy@3: 0.7400 ] 
2024-03-27 10:19:28,134 - [Epoch  52 / 1000] rec_loss: 1.5803 cl_loss: 0.0000 
2024-03-27 10:19:28,455 - Epoch  52 Test set [precision@1: 0.3900 precision@2: 0.3100 precision@3: 0.2500 ] Test set [recall@1: 0.3900 recall@2: 0.6200 recall@3: 0.7600 ] Test set [f1score@1: 0.3900 f1score@2: 0.4100 f1score@3: 0.3800 ] Test set [accuracy@1: 0.3900 accuracy@2: 0.6200 accuracy@3: 0.7600 ] 
2024-03-27 10:19:29,112 - [Epoch  53 / 1000] rec_loss: 1.5901 cl_loss: 0.0000 
2024-03-27 10:19:29,407 - Epoch  53 Test set [precision@1: 0.4200 precision@2: 0.3200 precision@3: 0.2600 ] Test set [recall@1: 0.4200 recall@2: 0.6500 recall@3: 0.7800 ] Test set [f1score@1: 0.4200 f1score@2: 0.4300 f1score@3: 0.3900 ] Test set [accuracy@1: 0.4200 accuracy@2: 0.6500 accuracy@3: 0.7800 ] 
2024-03-27 10:19:30,147 - [Epoch  54 / 1000] rec_loss: 1.6273 cl_loss: 0.0000 
2024-03-27 10:19:30,464 - Epoch  54 Test set [precision@1: 0.4400 precision@2: 0.3100 precision@3: 0.2600 ] Test set [recall@1: 0.4400 recall@2: 0.6300 recall@3: 0.7800 ] Test set [f1score@1: 0.4400 f1score@2: 0.4200 f1score@3: 0.3900 ] Test set [accuracy@1: 0.4400 accuracy@2: 0.6300 accuracy@3: 0.7800 ] 
2024-03-27 10:19:31,150 - [Epoch  55 / 1000] rec_loss: 1.6362 cl_loss: 0.0000 
2024-03-27 10:19:31,445 - Epoch  55 Test set [precision@1: 0.4400 precision@2: 0.3300 precision@3: 0.2600 ] Test set [recall@1: 0.4400 recall@2: 0.6600 recall@3: 0.7800 ] Test set [f1score@1: 0.4400 f1score@2: 0.4400 f1score@3: 0.3900 ] Test set [accuracy@1: 0.4400 accuracy@2: 0.6600 accuracy@3: 0.7800 ] 
2024-03-27 10:19:32,101 - [Epoch  56 / 1000] rec_loss: 1.5827 cl_loss: 0.0000 
2024-03-27 10:19:32,394 - Epoch  56 Test set [precision@1: 0.4400 precision@2: 0.3400 precision@3: 0.2700 ] Test set [recall@1: 0.4400 recall@2: 0.6700 recall@3: 0.8000 ] Test set [f1score@1: 0.4400 f1score@2: 0.4500 f1score@3: 0.4000 ] Test set [accuracy@1: 0.4400 accuracy@2: 0.6700 accuracy@3: 0.8000 ] 
2024-03-27 10:19:33,041 - [Epoch  57 / 1000] rec_loss: 1.5511 cl_loss: 0.0000 
2024-03-27 10:19:33,340 - Epoch  57 Test set [precision@1: 0.4500 precision@2: 0.3100 precision@3: 0.2700 ] Test set [recall@1: 0.4500 recall@2: 0.6300 recall@3: 0.8000 ] Test set [f1score@1: 0.4500 f1score@2: 0.4200 f1score@3: 0.4000 ] Test set [accuracy@1: 0.4500 accuracy@2: 0.6300 accuracy@3: 0.8000 ] 
2024-03-27 10:19:33,988 - [Epoch  58 / 1000] rec_loss: 1.6200 cl_loss: 0.0000 
2024-03-27 10:19:34,284 - Epoch  58 Test set [precision@1: 0.4400 precision@2: 0.3200 precision@3: 0.2700 ] Test set [recall@1: 0.4400 recall@2: 0.6400 recall@3: 0.8100 ] Test set [f1score@1: 0.4400 f1score@2: 0.4300 f1score@3: 0.4100 ] Test set [accuracy@1: 0.4400 accuracy@2: 0.6400 accuracy@3: 0.8100 ] 
2024-03-27 10:19:34,941 - [Epoch  59 / 1000] rec_loss: 1.5166 cl_loss: 0.0000 
2024-03-27 10:19:35,238 - Epoch  59 Test set [precision@1: 0.4400 precision@2: 0.3300 precision@3: 0.2800 ] Test set [recall@1: 0.4400 recall@2: 0.6600 recall@3: 0.8300 ] Test set [f1score@1: 0.4400 f1score@2: 0.4400 f1score@3: 0.4100 ] Test set [accuracy@1: 0.4400 accuracy@2: 0.6600 accuracy@3: 0.8300 ] 
2024-03-27 10:19:35,897 - [Epoch  60 / 1000] rec_loss: 1.5592 cl_loss: 0.0000 
2024-03-27 10:19:36,225 - Epoch  60 Test set [precision@1: 0.4300 precision@2: 0.3200 precision@3: 0.2800 ] Test set [recall@1: 0.4300 recall@2: 0.6400 recall@3: 0.8300 ] Test set [f1score@1: 0.4300 f1score@2: 0.4300 f1score@3: 0.4100 ] Test set [accuracy@1: 0.4300 accuracy@2: 0.6400 accuracy@3: 0.8300 ] 
2024-03-27 10:19:36,990 - [Epoch  61 / 1000] rec_loss: 1.5086 cl_loss: 0.0000 
2024-03-27 10:19:37,430 - Epoch  61 Test set [precision@1: 0.4400 precision@2: 0.3200 precision@3: 0.2700 ] Test set [recall@1: 0.4400 recall@2: 0.6500 recall@3: 0.8200 ] Test set [f1score@1: 0.4400 f1score@2: 0.4300 f1score@3: 0.4100 ] Test set [accuracy@1: 0.4400 accuracy@2: 0.6500 accuracy@3: 0.8200 ] 
2024-03-27 10:19:38,159 - [Epoch  62 / 1000] rec_loss: 1.4809 cl_loss: 0.0000 
2024-03-27 10:19:38,499 - Epoch  62 Test set [precision@1: 0.4400 precision@2: 0.3500 precision@3: 0.2800 ] Test set [recall@1: 0.4400 recall@2: 0.7000 recall@3: 0.8300 ] Test set [f1score@1: 0.4400 f1score@2: 0.4700 f1score@3: 0.4100 ] Test set [accuracy@1: 0.4400 accuracy@2: 0.7000 accuracy@3: 0.8300 ] 
2024-03-27 10:19:39,201 - [Epoch  63 / 1000] rec_loss: 1.5278 cl_loss: 0.0000 
2024-03-27 10:19:39,505 - Epoch  63 Test set [precision@1: 0.4400 precision@2: 0.3500 precision@3: 0.2800 ] Test set [recall@1: 0.4400 recall@2: 0.7000 recall@3: 0.8300 ] Test set [f1score@1: 0.4400 f1score@2: 0.4700 f1score@3: 0.4100 ] Test set [accuracy@1: 0.4400 accuracy@2: 0.7000 accuracy@3: 0.8300 ] 
2024-03-27 10:19:40,263 - [Epoch  64 / 1000] rec_loss: 1.4425 cl_loss: 0.0000 
2024-03-27 10:19:40,558 - Epoch  64 Test set [precision@1: 0.4400 precision@2: 0.3400 precision@3: 0.2800 ] Test set [recall@1: 0.4400 recall@2: 0.6900 recall@3: 0.8500 ] Test set [f1score@1: 0.4400 f1score@2: 0.4600 f1score@3: 0.4300 ] Test set [accuracy@1: 0.4400 accuracy@2: 0.6900 accuracy@3: 0.8500 ] 
2024-03-27 10:19:41,202 - [Epoch  65 / 1000] rec_loss: 1.5210 cl_loss: 0.0000 
2024-03-27 10:19:41,506 - Epoch  65 Test set [precision@1: 0.4900 precision@2: 0.3600 precision@3: 0.2800 ] Test set [recall@1: 0.4900 recall@2: 0.7200 recall@3: 0.8400 ] Test set [f1score@1: 0.4900 f1score@2: 0.4800 f1score@3: 0.4200 ] Test set [accuracy@1: 0.4900 accuracy@2: 0.7200 accuracy@3: 0.8400 ] 
2024-03-27 10:19:42,180 - [Epoch  66 / 1000] rec_loss: 1.4247 cl_loss: 0.0000 
2024-03-27 10:19:42,493 - Epoch  66 Test set [precision@1: 0.5400 precision@2: 0.3800 precision@3: 0.2800 ] Test set [recall@1: 0.5400 recall@2: 0.7600 recall@3: 0.8500 ] Test set [f1score@1: 0.5400 f1score@2: 0.5100 f1score@3: 0.4300 ] Test set [accuracy@1: 0.5400 accuracy@2: 0.7600 accuracy@3: 0.8500 ] 
2024-03-27 10:19:43,144 - [Epoch  67 / 1000] rec_loss: 1.4336 cl_loss: 0.0000 
2024-03-27 10:19:43,437 - Epoch  67 Test set [precision@1: 0.5000 precision@2: 0.3800 precision@3: 0.2900 ] Test set [recall@1: 0.5000 recall@2: 0.7600 recall@3: 0.8800 ] Test set [f1score@1: 0.5000 f1score@2: 0.5100 f1score@3: 0.4400 ] Test set [accuracy@1: 0.5000 accuracy@2: 0.7600 accuracy@3: 0.8800 ] 
2024-03-27 10:19:44,090 - [Epoch  68 / 1000] rec_loss: 1.3558 cl_loss: 0.0000 
2024-03-27 10:19:44,381 - Epoch  68 Test set [precision@1: 0.5100 precision@2: 0.3500 precision@3: 0.2800 ] Test set [recall@1: 0.5100 recall@2: 0.7100 recall@3: 0.8500 ] Test set [f1score@1: 0.5100 f1score@2: 0.4700 f1score@3: 0.4300 ] Test set [accuracy@1: 0.5100 accuracy@2: 0.7100 accuracy@3: 0.8500 ] 
2024-03-27 10:19:45,025 - [Epoch  69 / 1000] rec_loss: 1.3400 cl_loss: 0.0000 
2024-03-27 10:19:45,317 - Epoch  69 Test set [precision@1: 0.5300 precision@2: 0.3800 precision@3: 0.2900 ] Test set [recall@1: 0.5300 recall@2: 0.7600 recall@3: 0.8600 ] Test set [f1score@1: 0.5300 f1score@2: 0.5100 f1score@3: 0.4300 ] Test set [accuracy@1: 0.5300 accuracy@2: 0.7600 accuracy@3: 0.8600 ] 
2024-03-27 10:19:45,960 - [Epoch  70 / 1000] rec_loss: 1.3879 cl_loss: 0.0000 
2024-03-27 10:19:46,249 - Epoch  70 Test set [precision@1: 0.5700 precision@2: 0.3800 precision@3: 0.2900 ] Test set [recall@1: 0.5700 recall@2: 0.7500 recall@3: 0.8800 ] Test set [f1score@1: 0.5700 f1score@2: 0.5000 f1score@3: 0.4400 ] Test set [accuracy@1: 0.5700 accuracy@2: 0.7500 accuracy@3: 0.8800 ] 
2024-03-27 10:19:46,899 - [Epoch  71 / 1000] rec_loss: 1.2857 cl_loss: 0.0000 
2024-03-27 10:19:47,194 - Epoch  71 Test set [precision@1: 0.5600 precision@2: 0.3800 precision@3: 0.3000 ] Test set [recall@1: 0.5600 recall@2: 0.7700 recall@3: 0.8900 ] Test set [f1score@1: 0.5600 f1score@2: 0.5100 f1score@3: 0.4400 ] Test set [accuracy@1: 0.5600 accuracy@2: 0.7700 accuracy@3: 0.8900 ] 
2024-03-27 10:19:47,858 - [Epoch  72 / 1000] rec_loss: 1.4871 cl_loss: 0.0000 
2024-03-27 10:19:48,146 - Epoch  72 Test set [precision@1: 0.5900 precision@2: 0.3800 precision@3: 0.3000 ] Test set [recall@1: 0.5900 recall@2: 0.7600 recall@3: 0.9100 ] Test set [f1score@1: 0.5900 f1score@2: 0.5100 f1score@3: 0.4600 ] Test set [accuracy@1: 0.5900 accuracy@2: 0.7600 accuracy@3: 0.9100 ] 
2024-03-27 10:19:48,794 - [Epoch  73 / 1000] rec_loss: 1.3854 cl_loss: 0.0000 
2024-03-27 10:19:49,085 - Epoch  73 Test set [precision@1: 0.5500 precision@2: 0.3900 precision@3: 0.2900 ] Test set [recall@1: 0.5500 recall@2: 0.7800 recall@3: 0.8800 ] Test set [f1score@1: 0.5500 f1score@2: 0.5200 f1score@3: 0.4400 ] Test set [accuracy@1: 0.5500 accuracy@2: 0.7800 accuracy@3: 0.8800 ] 
2024-03-27 10:19:49,734 - [Epoch  74 / 1000] rec_loss: 1.4102 cl_loss: 0.0000 
2024-03-27 10:19:50,021 - Epoch  74 Test set [precision@1: 0.5700 precision@2: 0.4000 precision@3: 0.2900 ] Test set [recall@1: 0.5700 recall@2: 0.7900 recall@3: 0.8800 ] Test set [f1score@1: 0.5700 f1score@2: 0.5300 f1score@3: 0.4400 ] Test set [accuracy@1: 0.5700 accuracy@2: 0.7900 accuracy@3: 0.8800 ] 
2024-03-27 10:19:50,665 - [Epoch  75 / 1000] rec_loss: 1.3017 cl_loss: 0.0000 
2024-03-27 10:19:50,954 - Epoch  75 Test set [precision@1: 0.5800 precision@2: 0.3800 precision@3: 0.2900 ] Test set [recall@1: 0.5800 recall@2: 0.7700 recall@3: 0.8700 ] Test set [f1score@1: 0.5800 f1score@2: 0.5100 f1score@3: 0.4400 ] Test set [accuracy@1: 0.5800 accuracy@2: 0.7700 accuracy@3: 0.8700 ] 
2024-03-27 10:19:51,601 - [Epoch  76 / 1000] rec_loss: 1.3090 cl_loss: 0.0000 
2024-03-27 10:19:51,890 - Epoch  76 Test set [precision@1: 0.5600 precision@2: 0.3900 precision@3: 0.2800 ] Test set [recall@1: 0.5600 recall@2: 0.7800 recall@3: 0.8500 ] Test set [f1score@1: 0.5600 f1score@2: 0.5200 f1score@3: 0.4300 ] Test set [accuracy@1: 0.5600 accuracy@2: 0.7800 accuracy@3: 0.8500 ] 
2024-03-27 10:19:52,547 - [Epoch  77 / 1000] rec_loss: 1.3541 cl_loss: 0.0000 
2024-03-27 10:19:52,838 - Epoch  77 Test set [precision@1: 0.6000 precision@2: 0.4000 precision@3: 0.2900 ] Test set [recall@1: 0.6000 recall@2: 0.8000 recall@3: 0.8700 ] Test set [f1score@1: 0.6000 f1score@2: 0.5300 f1score@3: 0.4400 ] Test set [accuracy@1: 0.6000 accuracy@2: 0.8000 accuracy@3: 0.8700 ] 
2024-03-27 10:19:53,487 - [Epoch  78 / 1000] rec_loss: 1.2861 cl_loss: 0.0000 
2024-03-27 10:19:53,783 - Epoch  78 Test set [precision@1: 0.5800 precision@2: 0.4000 precision@3: 0.2900 ] Test set [recall@1: 0.5800 recall@2: 0.8000 recall@3: 0.8800 ] Test set [f1score@1: 0.5800 f1score@2: 0.5300 f1score@3: 0.4400 ] Test set [accuracy@1: 0.5800 accuracy@2: 0.8000 accuracy@3: 0.8800 ] 
