2024-03-15 00:04:03,094 - {'optimizer': {'name': 'adam', 'lr': 0.0001, 'final_lr': 1e-06, 'weight_decay': 0}, 'train': {'model_test_run': False, 'weighted_loss_fn': True, 'epoch': 210, 'batch_size': 16, 'save_model': True, 'log_loss': True, 'test_step': 1, 'reproducible': True, 'seed': 2023, 'tensorboard': True, 'conf_mat': True, 'ssl': False, 'gradient_accumulation': True, 'accumulation_steps': 4, 'early_stop': False, 'parameter_class_weights_path': './datasets/sequential/aug/parameters/param.pkl', 'parameter_label_mapping_path': './datasets/sequential/aug/parameters/label_mapping.pkl'}, 'test': {'metrics': ['recall', 'precision'], 'k': [1, 2, 3], 'batch_size': 16, 'train_eval': False, 'save_path': '2024-03-15_00-03'}, 'data': {'type': 'sequential', 'name': 'aug', 'seq_aug': False, 'dynamic_context_window_length': 100, 'user_num': 4426, 'item_num': 28, 'max_context_length': 100, 'dynamic_context_feat_num': 14, 'static_context_feat_num': 7, 'static_context_max': [6, 12, 6, 23, 1, 1, 1]}, 'model': {'name': 'cl4srec', 'context_encoder': 'lstm', 'interaction_encoder': 'sasrec', 'dropout_rate': 0.1, 'n_layers': 2, 'embedding_size': 64, 'n_heads': 2, 'max_seq_len': 10, 'lmd': 0.1, 'tau': 1}, 'lstm': {'hidden_size': 64, 'num_layers': 30, 'output_size': 256}, 'tune': {'enable': False, 'hyperparameters': ['dropout_rate', 'lmb', 'tau'], 'dropout_rate': [0.1, 0.3, 0.5], 'lmb': [0.05, 0.1, 0.2], 'tau': [0.5, 0.7, 0.9]}, 'duorec': {'inner_size': 256, 'hidden_dropout_prob': 0.5, 'attn_dropout_prob': 0.5, 'hidden_act': 'gelu', 'layer_norm_eps': 1e-12, 'initializer_range': 0.02}, 'device': 'cuda'}
2024-03-15 00:04:24,464 - [Epoch   0 / 210] rec_loss: 2.8723 cl_loss: 0.0000 
2024-03-15 00:04:27,210 - Epoch   0 Test set [precision@1: 0.2200 precision@2: 0.2000 precision@3: 0.1900 ] Test set [recall@1: 0.2200 recall@2: 0.4000 recall@3: 0.5700 ] Test set [f1score@1: 0.2200 f1score@2: 0.2600 f1score@3: 0.2900 ] Test set [accuracy@1: 0.2200 accuracy@2: 0.4000 accuracy@3: 0.5700 ] 
2024-03-15 00:04:47,357 - [Epoch   1 / 210] rec_loss: 2.2259 cl_loss: 0.0000 
2024-03-15 00:04:49,889 - Epoch   1 Test set [precision@1: 0.2200 precision@2: 0.2000 precision@3: 0.1900 ] Test set [recall@1: 0.2200 recall@2: 0.4000 recall@3: 0.5700 ] Test set [f1score@1: 0.2200 f1score@2: 0.2600 f1score@3: 0.2900 ] Test set [accuracy@1: 0.2200 accuracy@2: 0.4000 accuracy@3: 0.5700 ] 
2024-03-15 00:05:09,286 - [Epoch   2 / 210] rec_loss: 2.1762 cl_loss: 0.0000 
2024-03-15 00:05:11,836 - Epoch   2 Test set [precision@1: 0.2200 precision@2: 0.2000 precision@3: 0.1600 ] Test set [recall@1: 0.2200 recall@2: 0.4000 recall@3: 0.4900 ] Test set [f1score@1: 0.2200 f1score@2: 0.2600 f1score@3: 0.2500 ] Test set [accuracy@1: 0.2200 accuracy@2: 0.4000 accuracy@3: 0.4900 ] 
2024-03-15 00:05:31,944 - [Epoch   3 / 210] rec_loss: 2.0828 cl_loss: 0.0000 
2024-03-15 00:05:34,481 - Epoch   3 Test set [precision@1: 0.3400 precision@2: 0.2700 precision@3: 0.2200 ] Test set [recall@1: 0.3400 recall@2: 0.5400 recall@3: 0.6700 ] Test set [f1score@1: 0.3400 f1score@2: 0.3600 f1score@3: 0.3400 ] Test set [accuracy@1: 0.3400 accuracy@2: 0.5400 accuracy@3: 0.6700 ] 
2024-03-15 00:05:54,856 - [Epoch   4 / 210] rec_loss: 1.9359 cl_loss: 0.0000 
2024-03-15 00:05:57,613 - Epoch   4 Test set [precision@1: 0.3500 precision@2: 0.2800 precision@3: 0.2300 ] Test set [recall@1: 0.3500 recall@2: 0.5600 recall@3: 0.6800 ] Test set [f1score@1: 0.3500 f1score@2: 0.3700 f1score@3: 0.3400 ] Test set [accuracy@1: 0.3500 accuracy@2: 0.5600 accuracy@3: 0.6800 ] 
2024-03-15 00:06:17,822 - [Epoch   5 / 210] rec_loss: 1.9088 cl_loss: 0.0000 
2024-03-15 00:06:20,368 - Epoch   5 Test set [precision@1: 0.3500 precision@2: 0.2800 precision@3: 0.2300 ] Test set [recall@1: 0.3500 recall@2: 0.5600 recall@3: 0.6800 ] Test set [f1score@1: 0.3500 f1score@2: 0.3700 f1score@3: 0.3400 ] Test set [accuracy@1: 0.3500 accuracy@2: 0.5600 accuracy@3: 0.6800 ] 
2024-03-15 00:06:40,330 - [Epoch   6 / 210] rec_loss: 1.8799 cl_loss: 0.0000 
2024-03-15 00:06:42,871 - Epoch   6 Test set [precision@1: 0.3500 precision@2: 0.2800 precision@3: 0.2300 ] Test set [recall@1: 0.3500 recall@2: 0.5600 recall@3: 0.6800 ] Test set [f1score@1: 0.3500 f1score@2: 0.3800 f1score@3: 0.3400 ] Test set [accuracy@1: 0.3500 accuracy@2: 0.5600 accuracy@3: 0.6800 ] 
2024-03-15 00:07:00,884 - [Epoch   7 / 210] rec_loss: 1.8397 cl_loss: 0.0000 
2024-03-15 00:07:03,439 - Epoch   7 Test set [precision@1: 0.4100 precision@2: 0.2800 precision@3: 0.2300 ] Test set [recall@1: 0.4100 recall@2: 0.5600 recall@3: 0.6800 ] Test set [f1score@1: 0.4100 f1score@2: 0.3700 f1score@3: 0.3400 ] Test set [accuracy@1: 0.4100 accuracy@2: 0.5600 accuracy@3: 0.6800 ] 
2024-03-15 00:07:23,003 - [Epoch   8 / 210] rec_loss: 1.7849 cl_loss: 0.0000 
2024-03-15 00:07:25,562 - Epoch   8 Test set [precision@1: 0.4600 precision@2: 0.2900 precision@3: 0.2300 ] Test set [recall@1: 0.4600 recall@2: 0.5900 recall@3: 0.6900 ] Test set [f1score@1: 0.4600 f1score@2: 0.3900 f1score@3: 0.3500 ] Test set [accuracy@1: 0.4600 accuracy@2: 0.5900 accuracy@3: 0.6900 ] 
2024-03-15 00:07:45,723 - [Epoch   9 / 210] rec_loss: 1.7346 cl_loss: 0.0000 
2024-03-15 00:07:48,264 - Epoch   9 Test set [precision@1: 0.4800 precision@2: 0.3200 precision@3: 0.2400 ] Test set [recall@1: 0.4800 recall@2: 0.6300 recall@3: 0.7100 ] Test set [f1score@1: 0.4800 f1score@2: 0.4200 f1score@3: 0.3600 ] Test set [accuracy@1: 0.4800 accuracy@2: 0.6300 accuracy@3: 0.7100 ] 
2024-03-15 00:08:07,963 - [Epoch  10 / 210] rec_loss: 1.6997 cl_loss: 0.0000 
2024-03-15 00:08:10,505 - Epoch  10 Test set [precision@1: 0.4800 precision@2: 0.3200 precision@3: 0.2400 ] Test set [recall@1: 0.4800 recall@2: 0.6400 recall@3: 0.7200 ] Test set [f1score@1: 0.4800 f1score@2: 0.4300 f1score@3: 0.3600 ] Test set [accuracy@1: 0.4800 accuracy@2: 0.6400 accuracy@3: 0.7200 ] 
2024-03-15 00:08:30,256 - [Epoch  11 / 210] rec_loss: 1.6774 cl_loss: 0.0000 
2024-03-15 00:08:32,791 - Epoch  11 Test set [precision@1: 0.4800 precision@2: 0.3200 precision@3: 0.2400 ] Test set [recall@1: 0.4800 recall@2: 0.6400 recall@3: 0.7200 ] Test set [f1score@1: 0.4800 f1score@2: 0.4300 f1score@3: 0.3600 ] Test set [accuracy@1: 0.4800 accuracy@2: 0.6400 accuracy@3: 0.7200 ] 
2024-03-15 00:08:52,851 - [Epoch  12 / 210] rec_loss: 1.6680 cl_loss: 0.0000 
2024-03-15 00:08:55,527 - Epoch  12 Test set [precision@1: 0.4900 precision@2: 0.3200 precision@3: 0.2400 ] Test set [recall@1: 0.4900 recall@2: 0.6400 recall@3: 0.7200 ] Test set [f1score@1: 0.4900 f1score@2: 0.4300 f1score@3: 0.3600 ] Test set [accuracy@1: 0.4900 accuracy@2: 0.6400 accuracy@3: 0.7200 ] 
2024-03-15 00:09:13,813 - [Epoch  13 / 210] rec_loss: 1.6456 cl_loss: 0.0000 
2024-03-15 00:09:16,348 - Epoch  13 Test set [precision@1: 0.4900 precision@2: 0.3300 precision@3: 0.2400 ] Test set [recall@1: 0.4900 recall@2: 0.6500 recall@3: 0.7300 ] Test set [f1score@1: 0.4900 f1score@2: 0.4400 f1score@3: 0.3700 ] Test set [accuracy@1: 0.4900 accuracy@2: 0.6500 accuracy@3: 0.7300 ] 
2024-03-15 00:09:34,966 - [Epoch  14 / 210] rec_loss: 1.6281 cl_loss: 0.0000 
2024-03-15 00:09:37,520 - Epoch  14 Test set [precision@1: 0.5000 precision@2: 0.3200 precision@3: 0.2400 ] Test set [recall@1: 0.5000 recall@2: 0.6500 recall@3: 0.7200 ] Test set [f1score@1: 0.5000 f1score@2: 0.4300 f1score@3: 0.3600 ] Test set [accuracy@1: 0.5000 accuracy@2: 0.6500 accuracy@3: 0.7200 ] 
2024-03-15 00:09:57,502 - [Epoch  15 / 210] rec_loss: 1.6097 cl_loss: 0.0000 
2024-03-15 00:10:00,053 - Epoch  15 Test set [precision@1: 0.5000 precision@2: 0.3200 precision@3: 0.2400 ] Test set [recall@1: 0.5000 recall@2: 0.6500 recall@3: 0.7200 ] Test set [f1score@1: 0.5000 f1score@2: 0.4300 f1score@3: 0.3600 ] Test set [accuracy@1: 0.5000 accuracy@2: 0.6500 accuracy@3: 0.7200 ] 
2024-03-15 00:10:19,734 - [Epoch  16 / 210] rec_loss: 1.6003 cl_loss: 0.0000 
2024-03-15 00:10:22,294 - Epoch  16 Test set [precision@1: 0.5000 precision@2: 0.3300 precision@3: 0.2400 ] Test set [recall@1: 0.5000 recall@2: 0.6500 recall@3: 0.7200 ] Test set [f1score@1: 0.5000 f1score@2: 0.4400 f1score@3: 0.3600 ] Test set [accuracy@1: 0.5000 accuracy@2: 0.6500 accuracy@3: 0.7200 ] 
2024-03-15 00:10:42,244 - [Epoch  17 / 210] rec_loss: 1.5949 cl_loss: 0.0000 
2024-03-15 00:10:44,789 - Epoch  17 Test set [precision@1: 0.5000 precision@2: 0.3300 precision@3: 0.2400 ] Test set [recall@1: 0.5000 recall@2: 0.6500 recall@3: 0.7300 ] Test set [f1score@1: 0.5000 f1score@2: 0.4300 f1score@3: 0.3700 ] Test set [accuracy@1: 0.5000 accuracy@2: 0.6500 accuracy@3: 0.7300 ] 
2024-03-15 00:11:05,091 - [Epoch  18 / 210] rec_loss: 1.5856 cl_loss: 0.0000 
2024-03-15 00:11:07,628 - Epoch  18 Test set [precision@1: 0.4900 precision@2: 0.3300 precision@3: 0.2500 ] Test set [recall@1: 0.4900 recall@2: 0.6600 recall@3: 0.7400 ] Test set [f1score@1: 0.4900 f1score@2: 0.4400 f1score@3: 0.3700 ] Test set [accuracy@1: 0.4900 accuracy@2: 0.6600 accuracy@3: 0.7400 ] 
2024-03-15 00:11:28,060 - [Epoch  19 / 210] rec_loss: 1.5772 cl_loss: 0.0000 
2024-03-15 00:11:30,600 - Epoch  19 Test set [precision@1: 0.5000 precision@2: 0.3300 precision@3: 0.2500 ] Test set [recall@1: 0.5000 recall@2: 0.6600 recall@3: 0.7500 ] Test set [f1score@1: 0.5000 f1score@2: 0.4400 f1score@3: 0.3700 ] Test set [accuracy@1: 0.5000 accuracy@2: 0.6600 accuracy@3: 0.7500 ] 
2024-03-15 00:11:49,929 - [Epoch  20 / 210] rec_loss: 1.5703 cl_loss: 0.0000 
2024-03-15 00:11:52,484 - Epoch  20 Test set [precision@1: 0.5000 precision@2: 0.3300 precision@3: 0.2500 ] Test set [recall@1: 0.5000 recall@2: 0.6500 recall@3: 0.7400 ] Test set [f1score@1: 0.5000 f1score@2: 0.4300 f1score@3: 0.3700 ] Test set [accuracy@1: 0.5000 accuracy@2: 0.6500 accuracy@3: 0.7400 ] 
2024-03-15 00:12:11,660 - [Epoch  21 / 210] rec_loss: 1.5727 cl_loss: 0.0000 
2024-03-15 00:12:14,214 - Epoch  21 Test set [precision@1: 0.4800 precision@2: 0.3200 precision@3: 0.2400 ] Test set [recall@1: 0.4800 recall@2: 0.6400 recall@3: 0.7200 ] Test set [f1score@1: 0.4800 f1score@2: 0.4300 f1score@3: 0.3600 ] Test set [accuracy@1: 0.4800 accuracy@2: 0.6400 accuracy@3: 0.7200 ] 
2024-03-15 00:12:34,148 - [Epoch  22 / 210] rec_loss: 1.5573 cl_loss: 0.0000 
2024-03-15 00:12:36,711 - Epoch  22 Test set [precision@1: 0.5100 precision@2: 0.3300 precision@3: 0.2500 ] Test set [recall@1: 0.5100 recall@2: 0.6600 recall@3: 0.7400 ] Test set [f1score@1: 0.5100 f1score@2: 0.4400 f1score@3: 0.3700 ] Test set [accuracy@1: 0.5100 accuracy@2: 0.6600 accuracy@3: 0.7400 ] 
2024-03-15 00:12:56,796 - [Epoch  23 / 210] rec_loss: 1.5547 cl_loss: 0.0000 
2024-03-15 00:12:59,348 - Epoch  23 Test set [precision@1: 0.5100 precision@2: 0.3300 precision@3: 0.2500 ] Test set [recall@1: 0.5100 recall@2: 0.6600 recall@3: 0.7400 ] Test set [f1score@1: 0.5100 f1score@2: 0.4400 f1score@3: 0.3700 ] Test set [accuracy@1: 0.5100 accuracy@2: 0.6600 accuracy@3: 0.7400 ] 
2024-03-15 00:13:19,457 - [Epoch  24 / 210] rec_loss: 1.5478 cl_loss: 0.0000 
2024-03-15 00:13:22,010 - Epoch  24 Test set [precision@1: 0.5100 precision@2: 0.3300 precision@3: 0.2500 ] Test set [recall@1: 0.5100 recall@2: 0.6600 recall@3: 0.7500 ] Test set [f1score@1: 0.5100 f1score@2: 0.4400 f1score@3: 0.3800 ] Test set [accuracy@1: 0.5100 accuracy@2: 0.6600 accuracy@3: 0.7500 ] 
2024-03-15 00:13:42,400 - [Epoch  25 / 210] rec_loss: 1.5441 cl_loss: 0.0000 
2024-03-15 00:13:44,943 - Epoch  25 Test set [precision@1: 0.5200 precision@2: 0.3400 precision@3: 0.2500 ] Test set [recall@1: 0.5200 recall@2: 0.6800 recall@3: 0.7400 ] Test set [f1score@1: 0.5200 f1score@2: 0.4500 f1score@3: 0.3700 ] Test set [accuracy@1: 0.5200 accuracy@2: 0.6800 accuracy@3: 0.7400 ] 
2024-03-15 00:14:05,405 - [Epoch  26 / 210] rec_loss: 1.5408 cl_loss: 0.0000 
2024-03-15 00:14:07,951 - Epoch  26 Test set [precision@1: 0.5100 precision@2: 0.3400 precision@3: 0.2500 ] Test set [recall@1: 0.5100 recall@2: 0.6700 recall@3: 0.7400 ] Test set [f1score@1: 0.5100 f1score@2: 0.4500 f1score@3: 0.3700 ] Test set [accuracy@1: 0.5100 accuracy@2: 0.6700 accuracy@3: 0.7400 ] 
2024-03-15 00:14:28,529 - [Epoch  27 / 210] rec_loss: 1.5329 cl_loss: 0.0000 
2024-03-15 00:14:31,210 - Epoch  27 Test set [precision@1: 0.5100 precision@2: 0.3300 precision@3: 0.2500 ] Test set [recall@1: 0.5100 recall@2: 0.6700 recall@3: 0.7500 ] Test set [f1score@1: 0.5100 f1score@2: 0.4500 f1score@3: 0.3700 ] Test set [accuracy@1: 0.5100 accuracy@2: 0.6700 accuracy@3: 0.7500 ] 
2024-03-15 00:14:51,186 - [Epoch  28 / 210] rec_loss: 1.5404 cl_loss: 0.0000 
2024-03-15 00:14:53,744 - Epoch  28 Test set [precision@1: 0.5100 precision@2: 0.3300 precision@3: 0.2500 ] Test set [recall@1: 0.5100 recall@2: 0.6700 recall@3: 0.7500 ] Test set [f1score@1: 0.5100 f1score@2: 0.4500 f1score@3: 0.3700 ] Test set [accuracy@1: 0.5100 accuracy@2: 0.6700 accuracy@3: 0.7500 ] 
2024-03-15 00:15:13,534 - [Epoch  29 / 210] rec_loss: 1.5341 cl_loss: 0.0000 
2024-03-15 00:15:16,183 - Epoch  29 Test set [precision@1: 0.5100 precision@2: 0.3300 precision@3: 0.2500 ] Test set [recall@1: 0.5100 recall@2: 0.6600 recall@3: 0.7400 ] Test set [f1score@1: 0.5100 f1score@2: 0.4400 f1score@3: 0.3700 ] Test set [accuracy@1: 0.5100 accuracy@2: 0.6600 accuracy@3: 0.7400 ] 
2024-03-15 00:15:35,632 - [Epoch  30 / 210] rec_loss: 1.5326 cl_loss: 0.0000 
2024-03-15 00:15:38,190 - Epoch  30 Test set [precision@1: 0.5000 precision@2: 0.3300 precision@3: 0.2500 ] Test set [recall@1: 0.5000 recall@2: 0.6700 recall@3: 0.7400 ] Test set [f1score@1: 0.5000 f1score@2: 0.4400 f1score@3: 0.3700 ] Test set [accuracy@1: 0.5000 accuracy@2: 0.6700 accuracy@3: 0.7400 ] 
2024-03-15 00:15:57,086 - [Epoch  31 / 210] rec_loss: 1.5306 cl_loss: 0.0000 
2024-03-15 00:15:59,792 - Epoch  31 Test set [precision@1: 0.5200 precision@2: 0.3400 precision@3: 0.2500 ] Test set [recall@1: 0.5200 recall@2: 0.6700 recall@3: 0.7600 ] Test set [f1score@1: 0.5200 f1score@2: 0.4500 f1score@3: 0.3800 ] Test set [accuracy@1: 0.5200 accuracy@2: 0.6700 accuracy@3: 0.7600 ] 
2024-03-15 00:16:19,705 - [Epoch  32 / 210] rec_loss: 1.5273 cl_loss: 0.0000 
2024-03-15 00:16:22,250 - Epoch  32 Test set [precision@1: 0.5000 precision@2: 0.3300 precision@3: 0.2500 ] Test set [recall@1: 0.5000 recall@2: 0.6600 recall@3: 0.7400 ] Test set [f1score@1: 0.5000 f1score@2: 0.4400 f1score@3: 0.3700 ] Test set [accuracy@1: 0.5000 accuracy@2: 0.6600 accuracy@3: 0.7400 ] 
2024-03-15 00:16:42,462 - [Epoch  33 / 210] rec_loss: 1.5284 cl_loss: 0.0000 
2024-03-15 00:16:45,010 - Epoch  33 Test set [precision@1: 0.5100 precision@2: 0.3400 precision@3: 0.2500 ] Test set [recall@1: 0.5100 recall@2: 0.6700 recall@3: 0.7500 ] Test set [f1score@1: 0.5100 f1score@2: 0.4500 f1score@3: 0.3800 ] Test set [accuracy@1: 0.5100 accuracy@2: 0.6700 accuracy@3: 0.7500 ] 
2024-03-15 00:17:05,035 - [Epoch  34 / 210] rec_loss: 1.5155 cl_loss: 0.0000 
2024-03-15 00:17:07,578 - Epoch  34 Test set [precision@1: 0.5200 precision@2: 0.3300 precision@3: 0.2500 ] Test set [recall@1: 0.5200 recall@2: 0.6600 recall@3: 0.7500 ] Test set [f1score@1: 0.5200 f1score@2: 0.4400 f1score@3: 0.3700 ] Test set [accuracy@1: 0.5200 accuracy@2: 0.6600 accuracy@3: 0.7500 ] 
2024-03-15 00:17:26,871 - [Epoch  35 / 210] rec_loss: 1.5156 cl_loss: 0.0000 
2024-03-15 00:17:29,525 - Epoch  35 Test set [precision@1: 0.5100 precision@2: 0.3300 precision@3: 0.2500 ] Test set [recall@1: 0.5100 recall@2: 0.6600 recall@3: 0.7600 ] Test set [f1score@1: 0.5100 f1score@2: 0.4400 f1score@3: 0.3800 ] Test set [accuracy@1: 0.5100 accuracy@2: 0.6600 accuracy@3: 0.7600 ] 
2024-03-15 00:17:49,662 - [Epoch  36 / 210] rec_loss: 1.5204 cl_loss: 0.0000 
2024-03-15 00:17:52,226 - Epoch  36 Test set [precision@1: 0.5200 precision@2: 0.3300 precision@3: 0.2500 ] Test set [recall@1: 0.5200 recall@2: 0.6600 recall@3: 0.7500 ] Test set [f1score@1: 0.5200 f1score@2: 0.4400 f1score@3: 0.3800 ] Test set [accuracy@1: 0.5200 accuracy@2: 0.6600 accuracy@3: 0.7500 ] 
2024-03-15 00:18:12,096 - [Epoch  37 / 210] rec_loss: 1.5110 cl_loss: 0.0000 
2024-03-15 00:18:14,636 - Epoch  37 Test set [precision@1: 0.5100 precision@2: 0.3400 precision@3: 0.2500 ] Test set [recall@1: 0.5100 recall@2: 0.6800 recall@3: 0.7600 ] Test set [f1score@1: 0.5100 f1score@2: 0.4500 f1score@3: 0.3800 ] Test set [accuracy@1: 0.5100 accuracy@2: 0.6800 accuracy@3: 0.7600 ] 
2024-03-15 00:18:34,240 - [Epoch  38 / 210] rec_loss: 1.5131 cl_loss: 0.0000 
2024-03-15 00:18:36,790 - Epoch  38 Test set [precision@1: 0.5100 precision@2: 0.3300 precision@3: 0.2500 ] Test set [recall@1: 0.5100 recall@2: 0.6700 recall@3: 0.7600 ] Test set [f1score@1: 0.5100 f1score@2: 0.4500 f1score@3: 0.3800 ] Test set [accuracy@1: 0.5100 accuracy@2: 0.6700 accuracy@3: 0.7600 ] 
2024-03-15 00:18:56,236 - [Epoch  39 / 210] rec_loss: 1.5064 cl_loss: 0.0000 
2024-03-15 00:18:58,783 - Epoch  39 Test set [precision@1: 0.5200 precision@2: 0.3300 precision@3: 0.2500 ] Test set [recall@1: 0.5200 recall@2: 0.6600 recall@3: 0.7600 ] Test set [f1score@1: 0.5200 f1score@2: 0.4400 f1score@3: 0.3800 ] Test set [accuracy@1: 0.5200 accuracy@2: 0.6600 accuracy@3: 0.7600 ] 
2024-03-15 00:19:17,935 - [Epoch  40 / 210] rec_loss: 1.5087 cl_loss: 0.0000 
2024-03-15 00:19:20,482 - Epoch  40 Test set [precision@1: 0.5100 precision@2: 0.3300 precision@3: 0.2500 ] Test set [recall@1: 0.5100 recall@2: 0.6700 recall@3: 0.7500 ] Test set [f1score@1: 0.5100 f1score@2: 0.4500 f1score@3: 0.3700 ] Test set [accuracy@1: 0.5100 accuracy@2: 0.6700 accuracy@3: 0.7500 ] 
2024-03-15 00:19:40,207 - [Epoch  41 / 210] rec_loss: 1.5036 cl_loss: 0.0000 
2024-03-15 00:19:42,742 - Epoch  41 Test set [precision@1: 0.5200 precision@2: 0.3300 precision@3: 0.2500 ] Test set [recall@1: 0.5200 recall@2: 0.6700 recall@3: 0.7500 ] Test set [f1score@1: 0.5200 f1score@2: 0.4500 f1score@3: 0.3800 ] Test set [accuracy@1: 0.5200 accuracy@2: 0.6700 accuracy@3: 0.7500 ] 
2024-03-15 00:20:02,548 - [Epoch  42 / 210] rec_loss: 1.4981 cl_loss: 0.0000 
2024-03-15 00:20:05,275 - Epoch  42 Test set [precision@1: 0.5100 precision@2: 0.3400 precision@3: 0.2500 ] Test set [recall@1: 0.5100 recall@2: 0.6700 recall@3: 0.7600 ] Test set [f1score@1: 0.5100 f1score@2: 0.4500 f1score@3: 0.3800 ] Test set [accuracy@1: 0.5100 accuracy@2: 0.6700 accuracy@3: 0.7600 ] 
2024-03-15 00:20:25,099 - [Epoch  43 / 210] rec_loss: 1.4963 cl_loss: 0.0000 
2024-03-15 00:20:27,653 - Epoch  43 Test set [precision@1: 0.5100 precision@2: 0.3400 precision@3: 0.2600 ] Test set [recall@1: 0.5100 recall@2: 0.6800 recall@3: 0.7700 ] Test set [f1score@1: 0.5100 f1score@2: 0.4500 f1score@3: 0.3800 ] Test set [accuracy@1: 0.5100 accuracy@2: 0.6800 accuracy@3: 0.7700 ] 
2024-03-15 00:20:47,690 - [Epoch  44 / 210] rec_loss: 1.4989 cl_loss: 0.0000 
2024-03-15 00:20:50,228 - Epoch  44 Test set [precision@1: 0.5100 precision@2: 0.3400 precision@3: 0.2500 ] Test set [recall@1: 0.5100 recall@2: 0.6700 recall@3: 0.7600 ] Test set [f1score@1: 0.5100 f1score@2: 0.4500 f1score@3: 0.3800 ] Test set [accuracy@1: 0.5100 accuracy@2: 0.6700 accuracy@3: 0.7600 ] 
2024-03-15 00:21:08,286 - [Epoch  45 / 210] rec_loss: 1.4961 cl_loss: 0.0000 
2024-03-15 00:21:10,958 - Epoch  45 Test set [precision@1: 0.5100 precision@2: 0.3300 precision@3: 0.2500 ] Test set [recall@1: 0.5100 recall@2: 0.6700 recall@3: 0.7600 ] Test set [f1score@1: 0.5100 f1score@2: 0.4400 f1score@3: 0.3800 ] Test set [accuracy@1: 0.5100 accuracy@2: 0.6700 accuracy@3: 0.7600 ] 
2024-03-15 00:21:28,985 - [Epoch  46 / 210] rec_loss: 1.4891 cl_loss: 0.0000 
2024-03-15 00:21:31,529 - Epoch  46 Test set [precision@1: 0.5100 precision@2: 0.3300 precision@3: 0.2500 ] Test set [recall@1: 0.5100 recall@2: 0.6700 recall@3: 0.7500 ] Test set [f1score@1: 0.5100 f1score@2: 0.4400 f1score@3: 0.3800 ] Test set [accuracy@1: 0.5100 accuracy@2: 0.6700 accuracy@3: 0.7500 ] 
2024-03-15 00:21:51,233 - [Epoch  47 / 210] rec_loss: 1.4843 cl_loss: 0.0000 
2024-03-15 00:21:53,785 - Epoch  47 Test set [precision@1: 0.5100 precision@2: 0.3300 precision@3: 0.2600 ] Test set [recall@1: 0.5100 recall@2: 0.6600 recall@3: 0.7700 ] Test set [f1score@1: 0.5100 f1score@2: 0.4400 f1score@3: 0.3800 ] Test set [accuracy@1: 0.5100 accuracy@2: 0.6600 accuracy@3: 0.7700 ] 
2024-03-15 00:22:13,767 - [Epoch  48 / 210] rec_loss: 1.4877 cl_loss: 0.0000 
2024-03-15 00:22:16,315 - Epoch  48 Test set [precision@1: 0.5200 precision@2: 0.3400 precision@3: 0.2500 ] Test set [recall@1: 0.5200 recall@2: 0.6700 recall@3: 0.7600 ] Test set [f1score@1: 0.5200 f1score@2: 0.4500 f1score@3: 0.3800 ] Test set [accuracy@1: 0.5200 accuracy@2: 0.6700 accuracy@3: 0.7600 ] 
2024-03-15 00:22:36,465 - [Epoch  49 / 210] rec_loss: 1.4814 cl_loss: 0.0000 
2024-03-15 00:22:39,026 - Epoch  49 Test set [precision@1: 0.5100 precision@2: 0.3400 precision@3: 0.2500 ] Test set [recall@1: 0.5100 recall@2: 0.6800 recall@3: 0.7600 ] Test set [f1score@1: 0.5100 f1score@2: 0.4500 f1score@3: 0.3800 ] Test set [accuracy@1: 0.5100 accuracy@2: 0.6800 accuracy@3: 0.7600 ] 
2024-03-15 00:22:59,210 - [Epoch  50 / 210] rec_loss: 1.4818 cl_loss: 0.0000 
2024-03-15 00:23:01,760 - Epoch  50 Test set [precision@1: 0.5100 precision@2: 0.3400 precision@3: 0.2500 ] Test set [recall@1: 0.5100 recall@2: 0.6700 recall@3: 0.7600 ] Test set [f1score@1: 0.5100 f1score@2: 0.4500 f1score@3: 0.3800 ] Test set [accuracy@1: 0.5100 accuracy@2: 0.6700 accuracy@3: 0.7600 ] 
2024-03-15 00:23:20,058 - [Epoch  51 / 210] rec_loss: 1.4825 cl_loss: 0.0000 
2024-03-15 00:23:22,733 - Epoch  51 Test set [precision@1: 0.5200 precision@2: 0.3300 precision@3: 0.2500 ] Test set [recall@1: 0.5200 recall@2: 0.6700 recall@3: 0.7600 ] Test set [f1score@1: 0.5200 f1score@2: 0.4400 f1score@3: 0.3800 ] Test set [accuracy@1: 0.5200 accuracy@2: 0.6700 accuracy@3: 0.7600 ] 
2024-03-15 00:23:42,325 - [Epoch  52 / 210] rec_loss: 1.4718 cl_loss: 0.0000 
2024-03-15 00:23:44,879 - Epoch  52 Test set [precision@1: 0.5100 precision@2: 0.3400 precision@3: 0.2500 ] Test set [recall@1: 0.5100 recall@2: 0.6800 recall@3: 0.7600 ] Test set [f1score@1: 0.5100 f1score@2: 0.4500 f1score@3: 0.3800 ] Test set [accuracy@1: 0.5100 accuracy@2: 0.6800 accuracy@3: 0.7600 ] 
2024-03-15 00:24:04,128 - [Epoch  53 / 210] rec_loss: 1.4756 cl_loss: 0.0000 
2024-03-15 00:24:06,692 - Epoch  53 Test set [precision@1: 0.5100 precision@2: 0.3300 precision@3: 0.2500 ] Test set [recall@1: 0.5100 recall@2: 0.6600 recall@3: 0.7600 ] Test set [f1score@1: 0.5100 f1score@2: 0.4400 f1score@3: 0.3800 ] Test set [accuracy@1: 0.5100 accuracy@2: 0.6600 accuracy@3: 0.7600 ] 
2024-03-15 00:24:25,200 - [Epoch  54 / 210] rec_loss: 1.4848 cl_loss: 0.0000 
2024-03-15 00:24:27,736 - Epoch  54 Test set [precision@1: 0.5100 precision@2: 0.3400 precision@3: 0.2500 ] Test set [recall@1: 0.5100 recall@2: 0.6700 recall@3: 0.7600 ] Test set [f1score@1: 0.5100 f1score@2: 0.4500 f1score@3: 0.3800 ] Test set [accuracy@1: 0.5100 accuracy@2: 0.6700 accuracy@3: 0.7600 ] 
2024-03-15 00:24:47,917 - [Epoch  55 / 210] rec_loss: 1.4694 cl_loss: 0.0000 
2024-03-15 00:24:50,457 - Epoch  55 Test set [precision@1: 0.5200 precision@2: 0.3400 precision@3: 0.2500 ] Test set [recall@1: 0.5200 recall@2: 0.6900 recall@3: 0.7600 ] Test set [f1score@1: 0.5200 f1score@2: 0.4600 f1score@3: 0.3800 ] Test set [accuracy@1: 0.5200 accuracy@2: 0.6900 accuracy@3: 0.7600 ] 
2024-03-15 00:25:10,858 - [Epoch  56 / 210] rec_loss: 1.4762 cl_loss: 0.0000 
2024-03-15 00:25:13,406 - Epoch  56 Test set [precision@1: 0.5100 precision@2: 0.3400 precision@3: 0.2500 ] Test set [recall@1: 0.5100 recall@2: 0.6800 recall@3: 0.7600 ] Test set [f1score@1: 0.5100 f1score@2: 0.4500 f1score@3: 0.3800 ] Test set [accuracy@1: 0.5100 accuracy@2: 0.6800 accuracy@3: 0.7600 ] 
2024-03-15 00:25:33,415 - [Epoch  57 / 210] rec_loss: 1.4702 cl_loss: 0.0000 
2024-03-15 00:25:36,123 - Epoch  57 Test set [precision@1: 0.5200 precision@2: 0.3300 precision@3: 0.2500 ] Test set [recall@1: 0.5200 recall@2: 0.6700 recall@3: 0.7600 ] Test set [f1score@1: 0.5200 f1score@2: 0.4500 f1score@3: 0.3800 ] Test set [accuracy@1: 0.5200 accuracy@2: 0.6700 accuracy@3: 0.7600 ] 
2024-03-15 00:25:56,508 - [Epoch  58 / 210] rec_loss: 1.4692 cl_loss: 0.0000 
2024-03-15 00:25:59,251 - Epoch  58 Test set [precision@1: 0.5100 precision@2: 0.3400 precision@3: 0.2500 ] Test set [recall@1: 0.5100 recall@2: 0.6700 recall@3: 0.7600 ] Test set [f1score@1: 0.5100 f1score@2: 0.4500 f1score@3: 0.3800 ] Test set [accuracy@1: 0.5100 accuracy@2: 0.6700 accuracy@3: 0.7600 ] 
2024-03-15 00:26:19,258 - [Epoch  59 / 210] rec_loss: 1.4617 cl_loss: 0.0000 
2024-03-15 00:26:21,813 - Epoch  59 Test set [precision@1: 0.5100 precision@2: 0.3300 precision@3: 0.2500 ] Test set [recall@1: 0.5100 recall@2: 0.6700 recall@3: 0.7600 ] Test set [f1score@1: 0.5100 f1score@2: 0.4500 f1score@3: 0.3800 ] Test set [accuracy@1: 0.5100 accuracy@2: 0.6700 accuracy@3: 0.7600 ] 
2024-03-15 00:26:41,798 - [Epoch  60 / 210] rec_loss: 1.4677 cl_loss: 0.0000 
2024-03-15 00:26:44,353 - Epoch  60 Test set [precision@1: 0.5100 precision@2: 0.3400 precision@3: 0.2500 ] Test set [recall@1: 0.5100 recall@2: 0.6800 recall@3: 0.7600 ] Test set [f1score@1: 0.5100 f1score@2: 0.4500 f1score@3: 0.3800 ] Test set [accuracy@1: 0.5100 accuracy@2: 0.6800 accuracy@3: 0.7600 ] 
2024-03-15 00:27:04,313 - [Epoch  61 / 210] rec_loss: 1.4605 cl_loss: 0.0000 
2024-03-15 00:27:06,879 - Epoch  61 Test set [precision@1: 0.5100 precision@2: 0.3400 precision@3: 0.2500 ] Test set [recall@1: 0.5100 recall@2: 0.6800 recall@3: 0.7600 ] Test set [f1score@1: 0.5100 f1score@2: 0.4500 f1score@3: 0.3800 ] Test set [accuracy@1: 0.5100 accuracy@2: 0.6800 accuracy@3: 0.7600 ] 
2024-03-15 00:27:25,434 - [Epoch  62 / 210] rec_loss: 1.4732 cl_loss: 0.0000 
2024-03-15 00:27:27,986 - Epoch  62 Test set [precision@1: 0.5100 precision@2: 0.3400 precision@3: 0.2500 ] Test set [recall@1: 0.5100 recall@2: 0.6800 recall@3: 0.7600 ] Test set [f1score@1: 0.5100 f1score@2: 0.4500 f1score@3: 0.3800 ] Test set [accuracy@1: 0.5100 accuracy@2: 0.6800 accuracy@3: 0.7600 ] 
2024-03-15 00:27:46,993 - [Epoch  63 / 210] rec_loss: 1.4614 cl_loss: 0.0000 
2024-03-15 00:27:49,566 - Epoch  63 Test set [precision@1: 0.5100 precision@2: 0.3300 precision@3: 0.2500 ] Test set [recall@1: 0.5100 recall@2: 0.6700 recall@3: 0.7500 ] Test set [f1score@1: 0.5100 f1score@2: 0.4400 f1score@3: 0.3800 ] Test set [accuracy@1: 0.5100 accuracy@2: 0.6700 accuracy@3: 0.7500 ] 
2024-03-15 00:28:08,832 - [Epoch  64 / 210] rec_loss: 1.4550 cl_loss: 0.0000 
2024-03-15 00:28:11,389 - Epoch  64 Test set [precision@1: 0.5100 precision@2: 0.3400 precision@3: 0.2500 ] Test set [recall@1: 0.5100 recall@2: 0.6800 recall@3: 0.7600 ] Test set [f1score@1: 0.5100 f1score@2: 0.4500 f1score@3: 0.3800 ] Test set [accuracy@1: 0.5100 accuracy@2: 0.6800 accuracy@3: 0.7600 ] 
2024-03-15 00:28:30,856 - [Epoch  65 / 210] rec_loss: 1.4685 cl_loss: 0.0000 
2024-03-15 00:28:33,397 - Epoch  65 Test set [precision@1: 0.5100 precision@2: 0.3300 precision@3: 0.2500 ] Test set [recall@1: 0.5100 recall@2: 0.6500 recall@3: 0.7600 ] Test set [f1score@1: 0.5100 f1score@2: 0.4400 f1score@3: 0.3800 ] Test set [accuracy@1: 0.5100 accuracy@2: 0.6500 accuracy@3: 0.7600 ] 
2024-03-15 00:28:53,846 - [Epoch  66 / 210] rec_loss: 1.4516 cl_loss: 0.0000 
2024-03-15 00:28:56,393 - Epoch  66 Test set [precision@1: 0.5100 precision@2: 0.3400 precision@3: 0.2500 ] Test set [recall@1: 0.5100 recall@2: 0.6800 recall@3: 0.7600 ] Test set [f1score@1: 0.5100 f1score@2: 0.4500 f1score@3: 0.3800 ] Test set [accuracy@1: 0.5100 accuracy@2: 0.6800 accuracy@3: 0.7600 ] 
2024-03-15 00:29:16,742 - [Epoch  67 / 210] rec_loss: 1.4591 cl_loss: 0.0000 
2024-03-15 00:29:19,287 - Epoch  67 Test set [precision@1: 0.5100 precision@2: 0.3400 precision@3: 0.2500 ] Test set [recall@1: 0.5100 recall@2: 0.6800 recall@3: 0.7600 ] Test set [f1score@1: 0.5100 f1score@2: 0.4500 f1score@3: 0.3800 ] Test set [accuracy@1: 0.5100 accuracy@2: 0.6800 accuracy@3: 0.7600 ] 
2024-03-15 00:29:39,715 - [Epoch  68 / 210] rec_loss: 1.4545 cl_loss: 0.0000 
2024-03-15 00:29:42,271 - Epoch  68 Test set [precision@1: 0.5100 precision@2: 0.3400 precision@3: 0.2600 ] Test set [recall@1: 0.5100 recall@2: 0.6800 recall@3: 0.7700 ] Test set [f1score@1: 0.5100 f1score@2: 0.4600 f1score@3: 0.3800 ] Test set [accuracy@1: 0.5100 accuracy@2: 0.6800 accuracy@3: 0.7700 ] 
2024-03-15 00:30:02,535 - [Epoch  69 / 210] rec_loss: 1.4465 cl_loss: 0.0000 
2024-03-15 00:30:05,190 - Epoch  69 Test set [precision@1: 0.5100 precision@2: 0.3300 precision@3: 0.2500 ] Test set [recall@1: 0.5100 recall@2: 0.6600 recall@3: 0.7600 ] Test set [f1score@1: 0.5100 f1score@2: 0.4400 f1score@3: 0.3800 ] Test set [accuracy@1: 0.5100 accuracy@2: 0.6600 accuracy@3: 0.7600 ] 
2024-03-15 00:30:25,211 - [Epoch  70 / 210] rec_loss: 1.4512 cl_loss: 0.0000 
2024-03-15 00:30:27,751 - Epoch  70 Test set [precision@1: 0.5100 precision@2: 0.3300 precision@3: 0.2600 ] Test set [recall@1: 0.5100 recall@2: 0.6700 recall@3: 0.7700 ] Test set [f1score@1: 0.5100 f1score@2: 0.4500 f1score@3: 0.3800 ] Test set [accuracy@1: 0.5100 accuracy@2: 0.6700 accuracy@3: 0.7700 ] 
2024-03-15 00:30:47,710 - [Epoch  71 / 210] rec_loss: 1.4612 cl_loss: 0.0000 
2024-03-15 00:30:50,247 - Epoch  71 Test set [precision@1: 0.5000 precision@2: 0.3300 precision@3: 0.2500 ] Test set [recall@1: 0.5000 recall@2: 0.6600 recall@3: 0.7600 ] Test set [f1score@1: 0.5000 f1score@2: 0.4400 f1score@3: 0.3800 ] Test set [accuracy@1: 0.5000 accuracy@2: 0.6600 accuracy@3: 0.7600 ] 
2024-03-15 00:31:10,152 - [Epoch  72 / 210] rec_loss: 1.4409 cl_loss: 0.0000 
2024-03-15 00:31:12,875 - Epoch  72 Test set [precision@1: 0.5100 precision@2: 0.3400 precision@3: 0.2600 ] Test set [recall@1: 0.5100 recall@2: 0.6800 recall@3: 0.7700 ] Test set [f1score@1: 0.5100 f1score@2: 0.4500 f1score@3: 0.3800 ] Test set [accuracy@1: 0.5100 accuracy@2: 0.6800 accuracy@3: 0.7700 ] 
2024-03-15 00:31:32,980 - [Epoch  73 / 210] rec_loss: 1.4432 cl_loss: 0.0000 
2024-03-15 00:31:35,528 - Epoch  73 Test set [precision@1: 0.5100 precision@2: 0.3400 precision@3: 0.2500 ] Test set [recall@1: 0.5100 recall@2: 0.6700 recall@3: 0.7600 ] Test set [f1score@1: 0.5100 f1score@2: 0.4500 f1score@3: 0.3800 ] Test set [accuracy@1: 0.5100 accuracy@2: 0.6700 accuracy@3: 0.7600 ] 
2024-03-15 00:31:55,657 - [Epoch  74 / 210] rec_loss: 1.4428 cl_loss: 0.0000 
2024-03-15 00:31:58,203 - Epoch  74 Test set [precision@1: 0.5100 precision@2: 0.3400 precision@3: 0.2500 ] Test set [recall@1: 0.5100 recall@2: 0.6700 recall@3: 0.7600 ] Test set [f1score@1: 0.5100 f1score@2: 0.4500 f1score@3: 0.3800 ] Test set [accuracy@1: 0.5100 accuracy@2: 0.6700 accuracy@3: 0.7600 ] 
2024-03-15 00:32:18,146 - [Epoch  75 / 210] rec_loss: 1.4442 cl_loss: 0.0000 
2024-03-15 00:32:20,863 - Epoch  75 Test set [precision@1: 0.5100 precision@2: 0.3400 precision@3: 0.2600 ] Test set [recall@1: 0.5100 recall@2: 0.6800 recall@3: 0.7700 ] Test set [f1score@1: 0.5100 f1score@2: 0.4500 f1score@3: 0.3800 ] Test set [accuracy@1: 0.5100 accuracy@2: 0.6800 accuracy@3: 0.7700 ] 
2024-03-15 00:32:40,887 - [Epoch  76 / 210] rec_loss: 1.4427 cl_loss: 0.0000 
2024-03-15 00:32:43,441 - Epoch  76 Test set [precision@1: 0.5100 precision@2: 0.3300 precision@3: 0.2500 ] Test set [recall@1: 0.5100 recall@2: 0.6700 recall@3: 0.7600 ] Test set [f1score@1: 0.5100 f1score@2: 0.4500 f1score@3: 0.3800 ] Test set [accuracy@1: 0.5100 accuracy@2: 0.6700 accuracy@3: 0.7600 ] 
2024-03-15 00:33:03,531 - [Epoch  77 / 210] rec_loss: 1.4382 cl_loss: 0.0000 
2024-03-15 00:33:06,077 - Epoch  77 Test set [precision@1: 0.5100 precision@2: 0.3400 precision@3: 0.2600 ] Test set [recall@1: 0.5100 recall@2: 0.6800 recall@3: 0.7700 ] Test set [f1score@1: 0.5100 f1score@2: 0.4600 f1score@3: 0.3800 ] Test set [accuracy@1: 0.5100 accuracy@2: 0.6800 accuracy@3: 0.7700 ] 
2024-03-15 00:33:26,115 - [Epoch  78 / 210] rec_loss: 1.4388 cl_loss: 0.0000 
2024-03-15 00:33:28,679 - Epoch  78 Test set [precision@1: 0.5100 precision@2: 0.3300 precision@3: 0.2500 ] Test set [recall@1: 0.5100 recall@2: 0.6700 recall@3: 0.7600 ] Test set [f1score@1: 0.5100 f1score@2: 0.4500 f1score@3: 0.3800 ] Test set [accuracy@1: 0.5100 accuracy@2: 0.6700 accuracy@3: 0.7600 ] 
2024-03-15 00:33:48,843 - [Epoch  79 / 210] rec_loss: 1.4283 cl_loss: 0.0000 
2024-03-15 00:33:51,542 - Epoch  79 Test set [precision@1: 0.5100 precision@2: 0.3400 precision@3: 0.2500 ] Test set [recall@1: 0.5100 recall@2: 0.6700 recall@3: 0.7600 ] Test set [f1score@1: 0.5100 f1score@2: 0.4500 f1score@3: 0.3800 ] Test set [accuracy@1: 0.5100 accuracy@2: 0.6700 accuracy@3: 0.7600 ] 
2024-03-15 00:34:11,705 - [Epoch  80 / 210] rec_loss: 1.4345 cl_loss: 0.0000 
2024-03-15 00:34:14,270 - Epoch  80 Test set [precision@1: 0.5100 precision@2: 0.3400 precision@3: 0.2600 ] Test set [recall@1: 0.5100 recall@2: 0.6800 recall@3: 0.7700 ] Test set [f1score@1: 0.5100 f1score@2: 0.4500 f1score@3: 0.3900 ] Test set [accuracy@1: 0.5100 accuracy@2: 0.6800 accuracy@3: 0.7700 ] 
2024-03-15 00:34:33,836 - [Epoch  81 / 210] rec_loss: 1.4385 cl_loss: 0.0000 
2024-03-15 00:34:36,562 - Epoch  81 Test set [precision@1: 0.5000 precision@2: 0.3400 precision@3: 0.2600 ] Test set [recall@1: 0.5000 recall@2: 0.6800 recall@3: 0.7700 ] Test set [f1score@1: 0.5000 f1score@2: 0.4500 f1score@3: 0.3800 ] Test set [accuracy@1: 0.5000 accuracy@2: 0.6800 accuracy@3: 0.7700 ] 
2024-03-15 00:34:56,986 - [Epoch  82 / 210] rec_loss: 1.4353 cl_loss: 0.0000 
2024-03-15 00:34:59,695 - Epoch  82 Test set [precision@1: 0.5100 precision@2: 0.3400 precision@3: 0.2600 ] Test set [recall@1: 0.5100 recall@2: 0.6800 recall@3: 0.7700 ] Test set [f1score@1: 0.5100 f1score@2: 0.4500 f1score@3: 0.3900 ] Test set [accuracy@1: 0.5100 accuracy@2: 0.6800 accuracy@3: 0.7700 ] 
2024-03-15 00:35:19,888 - [Epoch  83 / 210] rec_loss: 1.4277 cl_loss: 0.0000 
2024-03-15 00:35:22,615 - Epoch  83 Test set [precision@1: 0.5200 precision@2: 0.3300 precision@3: 0.2600 ] Test set [recall@1: 0.5200 recall@2: 0.6700 recall@3: 0.7700 ] Test set [f1score@1: 0.5200 f1score@2: 0.4400 f1score@3: 0.3800 ] Test set [accuracy@1: 0.5200 accuracy@2: 0.6700 accuracy@3: 0.7700 ] 
2024-03-15 00:35:43,005 - [Epoch  84 / 210] rec_loss: 1.4299 cl_loss: 0.0000 
2024-03-15 00:35:45,574 - Epoch  84 Test set [precision@1: 0.5100 precision@2: 0.3400 precision@3: 0.2600 ] Test set [recall@1: 0.5100 recall@2: 0.6800 recall@3: 0.7700 ] Test set [f1score@1: 0.5100 f1score@2: 0.4500 f1score@3: 0.3800 ] Test set [accuracy@1: 0.5100 accuracy@2: 0.6800 accuracy@3: 0.7700 ] 
2024-03-15 00:36:05,900 - [Epoch  85 / 210] rec_loss: 1.4307 cl_loss: 0.0000 
2024-03-15 00:36:08,446 - Epoch  85 Test set [precision@1: 0.5100 precision@2: 0.3400 precision@3: 0.2600 ] Test set [recall@1: 0.5100 recall@2: 0.6800 recall@3: 0.7700 ] Test set [f1score@1: 0.5100 f1score@2: 0.4500 f1score@3: 0.3800 ] Test set [accuracy@1: 0.5100 accuracy@2: 0.6800 accuracy@3: 0.7700 ] 
2024-03-15 00:36:28,712 - [Epoch  86 / 210] rec_loss: 1.4166 cl_loss: 0.0000 
2024-03-15 00:36:31,255 - Epoch  86 Test set [precision@1: 0.5100 precision@2: 0.3400 precision@3: 0.2600 ] Test set [recall@1: 0.5100 recall@2: 0.6700 recall@3: 0.7700 ] Test set [f1score@1: 0.5100 f1score@2: 0.4500 f1score@3: 0.3900 ] Test set [accuracy@1: 0.5100 accuracy@2: 0.6700 accuracy@3: 0.7700 ] 
2024-03-15 00:36:51,518 - [Epoch  87 / 210] rec_loss: 1.4137 cl_loss: 0.0000 
2024-03-15 00:36:54,063 - Epoch  87 Test set [precision@1: 0.5100 precision@2: 0.3300 precision@3: 0.2600 ] Test set [recall@1: 0.5100 recall@2: 0.6700 recall@3: 0.7700 ] Test set [f1score@1: 0.5100 f1score@2: 0.4500 f1score@3: 0.3800 ] Test set [accuracy@1: 0.5100 accuracy@2: 0.6700 accuracy@3: 0.7700 ] 
2024-03-15 00:37:14,300 - [Epoch  88 / 210] rec_loss: 1.4177 cl_loss: 0.0000 
2024-03-15 00:37:16,879 - Epoch  88 Test set [precision@1: 0.5100 precision@2: 0.3400 precision@3: 0.2600 ] Test set [recall@1: 0.5100 recall@2: 0.6700 recall@3: 0.7700 ] Test set [f1score@1: 0.5100 f1score@2: 0.4500 f1score@3: 0.3800 ] Test set [accuracy@1: 0.5100 accuracy@2: 0.6700 accuracy@3: 0.7700 ] 
2024-03-15 00:37:37,038 - [Epoch  89 / 210] rec_loss: 1.4138 cl_loss: 0.0000 
2024-03-15 00:37:39,593 - Epoch  89 Test set [precision@1: 0.5100 precision@2: 0.3400 precision@3: 0.2600 ] Test set [recall@1: 0.5100 recall@2: 0.6800 recall@3: 0.7700 ] Test set [f1score@1: 0.5100 f1score@2: 0.4600 f1score@3: 0.3800 ] Test set [accuracy@1: 0.5100 accuracy@2: 0.6800 accuracy@3: 0.7700 ] 
2024-03-15 00:37:59,124 - [Epoch  90 / 210] rec_loss: 1.4233 cl_loss: 0.0000 
2024-03-15 00:38:01,675 - Epoch  90 Test set [precision@1: 0.5100 precision@2: 0.3400 precision@3: 0.2600 ] Test set [recall@1: 0.5100 recall@2: 0.6800 recall@3: 0.7700 ] Test set [f1score@1: 0.5100 f1score@2: 0.4500 f1score@3: 0.3800 ] Test set [accuracy@1: 0.5100 accuracy@2: 0.6800 accuracy@3: 0.7700 ] 
2024-03-15 00:38:22,286 - [Epoch  91 / 210] rec_loss: 1.4054 cl_loss: 0.0000 
2024-03-15 00:38:24,821 - Epoch  91 Test set [precision@1: 0.5000 precision@2: 0.3400 precision@3: 0.2600 ] Test set [recall@1: 0.5000 recall@2: 0.6700 recall@3: 0.7700 ] Test set [f1score@1: 0.5000 f1score@2: 0.4500 f1score@3: 0.3900 ] Test set [accuracy@1: 0.5000 accuracy@2: 0.6700 accuracy@3: 0.7700 ] 
2024-03-15 00:38:45,225 - [Epoch  92 / 210] rec_loss: 1.4097 cl_loss: 0.0000 
2024-03-15 00:38:47,763 - Epoch  92 Test set [precision@1: 0.5000 precision@2: 0.3400 precision@3: 0.2600 ] Test set [recall@1: 0.5000 recall@2: 0.6800 recall@3: 0.7700 ] Test set [f1score@1: 0.5000 f1score@2: 0.4500 f1score@3: 0.3900 ] Test set [accuracy@1: 0.5000 accuracy@2: 0.6800 accuracy@3: 0.7700 ] 
2024-03-15 00:39:08,262 - [Epoch  93 / 210] rec_loss: 1.4118 cl_loss: 0.0000 
2024-03-15 00:39:10,820 - Epoch  93 Test set [precision@1: 0.5100 precision@2: 0.3300 precision@3: 0.2600 ] Test set [recall@1: 0.5100 recall@2: 0.6700 recall@3: 0.7700 ] Test set [f1score@1: 0.5100 f1score@2: 0.4500 f1score@3: 0.3900 ] Test set [accuracy@1: 0.5100 accuracy@2: 0.6700 accuracy@3: 0.7700 ] 
2024-03-15 00:39:31,213 - [Epoch  94 / 210] rec_loss: 1.4125 cl_loss: 0.0000 
2024-03-15 00:39:33,767 - Epoch  94 Test set [precision@1: 0.5200 precision@2: 0.3400 precision@3: 0.2600 ] Test set [recall@1: 0.5200 recall@2: 0.6700 recall@3: 0.7800 ] Test set [f1score@1: 0.5200 f1score@2: 0.4500 f1score@3: 0.3900 ] Test set [accuracy@1: 0.5200 accuracy@2: 0.6700 accuracy@3: 0.7800 ] 
2024-03-15 00:39:53,824 - [Epoch  95 / 210] rec_loss: 1.4123 cl_loss: 0.0000 
2024-03-15 00:39:56,375 - Epoch  95 Test set [precision@1: 0.5100 precision@2: 0.3400 precision@3: 0.2600 ] Test set [recall@1: 0.5100 recall@2: 0.6800 recall@3: 0.7700 ] Test set [f1score@1: 0.5100 f1score@2: 0.4500 f1score@3: 0.3900 ] Test set [accuracy@1: 0.5100 accuracy@2: 0.6800 accuracy@3: 0.7700 ] 
2024-03-15 00:40:16,350 - [Epoch  96 / 210] rec_loss: 1.4029 cl_loss: 0.0000 
2024-03-15 00:40:18,888 - Epoch  96 Test set [precision@1: 0.5100 precision@2: 0.3400 precision@3: 0.2600 ] Test set [recall@1: 0.5100 recall@2: 0.6800 recall@3: 0.7800 ] Test set [f1score@1: 0.5100 f1score@2: 0.4500 f1score@3: 0.3900 ] Test set [accuracy@1: 0.5100 accuracy@2: 0.6800 accuracy@3: 0.7800 ] 
2024-03-15 00:40:37,774 - [Epoch  97 / 210] rec_loss: 1.3957 cl_loss: 0.0000 
2024-03-15 00:40:40,340 - Epoch  97 Test set [precision@1: 0.5100 precision@2: 0.3400 precision@3: 0.2600 ] Test set [recall@1: 0.5100 recall@2: 0.6800 recall@3: 0.7800 ] Test set [f1score@1: 0.5100 f1score@2: 0.4500 f1score@3: 0.3900 ] Test set [accuracy@1: 0.5100 accuracy@2: 0.6800 accuracy@3: 0.7800 ] 
2024-03-15 00:40:59,266 - [Epoch  98 / 210] rec_loss: 1.3963 cl_loss: 0.0000 
2024-03-15 00:41:01,804 - Epoch  98 Test set [precision@1: 0.5100 precision@2: 0.3400 precision@3: 0.2600 ] Test set [recall@1: 0.5100 recall@2: 0.6800 recall@3: 0.7700 ] Test set [f1score@1: 0.5100 f1score@2: 0.4500 f1score@3: 0.3800 ] Test set [accuracy@1: 0.5100 accuracy@2: 0.6800 accuracy@3: 0.7700 ] 
2024-03-15 00:41:22,180 - [Epoch  99 / 210] rec_loss: 1.4033 cl_loss: 0.0000 
2024-03-15 00:41:24,735 - Epoch  99 Test set [precision@1: 0.5200 precision@2: 0.3400 precision@3: 0.2600 ] Test set [recall@1: 0.5200 recall@2: 0.6700 recall@3: 0.7700 ] Test set [f1score@1: 0.5200 f1score@2: 0.4500 f1score@3: 0.3900 ] Test set [accuracy@1: 0.5200 accuracy@2: 0.6700 accuracy@3: 0.7700 ] 
2024-03-15 00:41:44,136 - [Epoch 100 / 210] rec_loss: 1.4019 cl_loss: 0.0000 
2024-03-15 00:41:46,684 - Epoch 100 Test set [precision@1: 0.5000 precision@2: 0.3300 precision@3: 0.2600 ] Test set [recall@1: 0.5000 recall@2: 0.6700 recall@3: 0.7700 ] Test set [f1score@1: 0.5000 f1score@2: 0.4400 f1score@3: 0.3800 ] Test set [accuracy@1: 0.5000 accuracy@2: 0.6700 accuracy@3: 0.7700 ] 
2024-03-15 00:42:06,564 - [Epoch 101 / 210] rec_loss: 1.3986 cl_loss: 0.0000 
2024-03-15 00:42:09,101 - Epoch 101 Test set [precision@1: 0.5100 precision@2: 0.3400 precision@3: 0.2600 ] Test set [recall@1: 0.5100 recall@2: 0.6800 recall@3: 0.7700 ] Test set [f1score@1: 0.5100 f1score@2: 0.4500 f1score@3: 0.3900 ] Test set [accuracy@1: 0.5100 accuracy@2: 0.6800 accuracy@3: 0.7700 ] 
2024-03-15 00:42:27,951 - [Epoch 102 / 210] rec_loss: 1.3976 cl_loss: 0.0000 
2024-03-15 00:42:30,488 - Epoch 102 Test set [precision@1: 0.5100 precision@2: 0.3400 precision@3: 0.2600 ] Test set [recall@1: 0.5100 recall@2: 0.6800 recall@3: 0.7700 ] Test set [f1score@1: 0.5100 f1score@2: 0.4500 f1score@3: 0.3900 ] Test set [accuracy@1: 0.5100 accuracy@2: 0.6800 accuracy@3: 0.7700 ] 
2024-03-15 00:42:49,220 - [Epoch 103 / 210] rec_loss: 1.3960 cl_loss: 0.0000 
2024-03-15 00:42:51,763 - Epoch 103 Test set [precision@1: 0.5100 precision@2: 0.3400 precision@3: 0.2600 ] Test set [recall@1: 0.5100 recall@2: 0.6800 recall@3: 0.7700 ] Test set [f1score@1: 0.5100 f1score@2: 0.4600 f1score@3: 0.3900 ] Test set [accuracy@1: 0.5100 accuracy@2: 0.6800 accuracy@3: 0.7700 ] 
2024-03-15 00:43:10,544 - [Epoch 104 / 210] rec_loss: 1.3912 cl_loss: 0.0000 
2024-03-15 00:43:13,082 - Epoch 104 Test set [precision@1: 0.5100 precision@2: 0.3400 precision@3: 0.2600 ] Test set [recall@1: 0.5100 recall@2: 0.6700 recall@3: 0.7800 ] Test set [f1score@1: 0.5100 f1score@2: 0.4500 f1score@3: 0.3900 ] Test set [accuracy@1: 0.5100 accuracy@2: 0.6700 accuracy@3: 0.7800 ] 
2024-03-15 00:43:32,398 - [Epoch 105 / 210] rec_loss: 1.4067 cl_loss: 0.0000 
2024-03-15 00:43:35,105 - Epoch 105 Test set [precision@1: 0.5000 precision@2: 0.3400 precision@3: 0.2600 ] Test set [recall@1: 0.5000 recall@2: 0.6800 recall@3: 0.7800 ] Test set [f1score@1: 0.5000 f1score@2: 0.4500 f1score@3: 0.3900 ] Test set [accuracy@1: 0.5000 accuracy@2: 0.6800 accuracy@3: 0.7800 ] 
2024-03-15 00:43:54,661 - [Epoch 106 / 210] rec_loss: 1.3933 cl_loss: 0.0000 
2024-03-15 00:43:57,193 - Epoch 106 Test set [precision@1: 0.5100 precision@2: 0.3400 precision@3: 0.2600 ] Test set [recall@1: 0.5100 recall@2: 0.6800 recall@3: 0.7800 ] Test set [f1score@1: 0.5100 f1score@2: 0.4500 f1score@3: 0.3900 ] Test set [accuracy@1: 0.5100 accuracy@2: 0.6800 accuracy@3: 0.7800 ] 
2024-03-15 00:44:16,893 - [Epoch 107 / 210] rec_loss: 1.3974 cl_loss: 0.0000 
2024-03-15 00:44:19,433 - Epoch 107 Test set [precision@1: 0.5100 precision@2: 0.3400 precision@3: 0.2600 ] Test set [recall@1: 0.5100 recall@2: 0.6800 recall@3: 0.7800 ] Test set [f1score@1: 0.5100 f1score@2: 0.4500 f1score@3: 0.3900 ] Test set [accuracy@1: 0.5100 accuracy@2: 0.6800 accuracy@3: 0.7800 ] 
2024-03-15 00:44:38,485 - [Epoch 108 / 210] rec_loss: 1.3836 cl_loss: 0.0000 
2024-03-15 00:44:41,024 - Epoch 108 Test set [precision@1: 0.5000 precision@2: 0.3400 precision@3: 0.2600 ] Test set [recall@1: 0.5000 recall@2: 0.6800 recall@3: 0.7800 ] Test set [f1score@1: 0.5000 f1score@2: 0.4500 f1score@3: 0.3900 ] Test set [accuracy@1: 0.5000 accuracy@2: 0.6800 accuracy@3: 0.7800 ] 
2024-03-15 00:44:59,855 - [Epoch 109 / 210] rec_loss: 1.3835 cl_loss: 0.0000 
2024-03-15 00:45:02,415 - Epoch 109 Test set [precision@1: 0.4900 precision@2: 0.3300 precision@3: 0.2600 ] Test set [recall@1: 0.4900 recall@2: 0.6600 recall@3: 0.7700 ] Test set [f1score@1: 0.4900 f1score@2: 0.4400 f1score@3: 0.3900 ] Test set [accuracy@1: 0.4900 accuracy@2: 0.6600 accuracy@3: 0.7700 ] 
2024-03-15 00:45:22,793 - [Epoch 110 / 210] rec_loss: 1.3902 cl_loss: 0.0000 
2024-03-15 00:45:25,336 - Epoch 110 Test set [precision@1: 0.5100 precision@2: 0.3400 precision@3: 0.2600 ] Test set [recall@1: 0.5100 recall@2: 0.6900 recall@3: 0.7700 ] Test set [f1score@1: 0.5100 f1score@2: 0.4600 f1score@3: 0.3800 ] Test set [accuracy@1: 0.5100 accuracy@2: 0.6900 accuracy@3: 0.7700 ] 
2024-03-15 00:45:45,087 - [Epoch 111 / 210] rec_loss: 1.3798 cl_loss: 0.0000 
2024-03-15 00:45:47,647 - Epoch 111 Test set [precision@1: 0.5100 precision@2: 0.3500 precision@3: 0.2600 ] Test set [recall@1: 0.5100 recall@2: 0.6900 recall@3: 0.7800 ] Test set [f1score@1: 0.5100 f1score@2: 0.4600 f1score@3: 0.3900 ] Test set [accuracy@1: 0.5100 accuracy@2: 0.6900 accuracy@3: 0.7800 ] 
2024-03-15 00:46:07,259 - [Epoch 112 / 210] rec_loss: 1.3848 cl_loss: 0.0000 
2024-03-15 00:46:09,981 - Epoch 112 Test set [precision@1: 0.5100 precision@2: 0.3400 precision@3: 0.2600 ] Test set [recall@1: 0.5100 recall@2: 0.6800 recall@3: 0.7700 ] Test set [f1score@1: 0.5100 f1score@2: 0.4500 f1score@3: 0.3900 ] Test set [accuracy@1: 0.5100 accuracy@2: 0.6800 accuracy@3: 0.7700 ] 
2024-03-15 00:46:29,471 - [Epoch 113 / 210] rec_loss: 1.3782 cl_loss: 0.0000 
2024-03-15 00:46:32,015 - Epoch 113 Test set [precision@1: 0.5100 precision@2: 0.3400 precision@3: 0.2600 ] Test set [recall@1: 0.5100 recall@2: 0.6800 recall@3: 0.7800 ] Test set [f1score@1: 0.5100 f1score@2: 0.4500 f1score@3: 0.3900 ] Test set [accuracy@1: 0.5100 accuracy@2: 0.6800 accuracy@3: 0.7800 ] 
2024-03-15 00:46:51,499 - [Epoch 114 / 210] rec_loss: 1.3846 cl_loss: 0.0000 
2024-03-15 00:46:54,036 - Epoch 114 Test set [precision@1: 0.5100 precision@2: 0.3300 precision@3: 0.2600 ] Test set [recall@1: 0.5100 recall@2: 0.6700 recall@3: 0.7700 ] Test set [f1score@1: 0.5100 f1score@2: 0.4500 f1score@3: 0.3800 ] Test set [accuracy@1: 0.5100 accuracy@2: 0.6700 accuracy@3: 0.7700 ] 
2024-03-15 00:47:13,677 - [Epoch 115 / 210] rec_loss: 1.3836 cl_loss: 0.0000 
2024-03-15 00:47:16,387 - Epoch 115 Test set [precision@1: 0.5100 precision@2: 0.3400 precision@3: 0.2600 ] Test set [recall@1: 0.5100 recall@2: 0.6800 recall@3: 0.7800 ] Test set [f1score@1: 0.5100 f1score@2: 0.4500 f1score@3: 0.3900 ] Test set [accuracy@1: 0.5100 accuracy@2: 0.6800 accuracy@3: 0.7800 ] 
2024-03-15 00:47:35,436 - [Epoch 116 / 210] rec_loss: 1.3712 cl_loss: 0.0000 
2024-03-15 00:47:37,984 - Epoch 116 Test set [precision@1: 0.5000 precision@2: 0.3400 precision@3: 0.2600 ] Test set [recall@1: 0.5000 recall@2: 0.6900 recall@3: 0.7700 ] Test set [f1score@1: 0.5000 f1score@2: 0.4600 f1score@3: 0.3900 ] Test set [accuracy@1: 0.5000 accuracy@2: 0.6900 accuracy@3: 0.7700 ] 
2024-03-15 00:47:57,108 - [Epoch 117 / 210] rec_loss: 1.3696 cl_loss: 0.0000 
2024-03-15 00:47:59,680 - Epoch 117 Test set [precision@1: 0.5000 precision@2: 0.3400 precision@3: 0.2600 ] Test set [recall@1: 0.5000 recall@2: 0.6900 recall@3: 0.7900 ] Test set [f1score@1: 0.5000 f1score@2: 0.4600 f1score@3: 0.3900 ] Test set [accuracy@1: 0.5000 accuracy@2: 0.6900 accuracy@3: 0.7900 ] 
2024-03-15 00:48:19,874 - [Epoch 118 / 210] rec_loss: 1.3839 cl_loss: 0.0000 
2024-03-15 00:48:22,570 - Epoch 118 Test set [precision@1: 0.5100 precision@2: 0.3400 precision@3: 0.2600 ] Test set [recall@1: 0.5100 recall@2: 0.6800 recall@3: 0.7800 ] Test set [f1score@1: 0.5100 f1score@2: 0.4500 f1score@3: 0.3900 ] Test set [accuracy@1: 0.5100 accuracy@2: 0.6800 accuracy@3: 0.7800 ] 
2024-03-15 00:48:42,795 - [Epoch 119 / 210] rec_loss: 1.3695 cl_loss: 0.0000 
2024-03-15 00:48:45,344 - Epoch 119 Test set [precision@1: 0.5100 precision@2: 0.3400 precision@3: 0.2600 ] Test set [recall@1: 0.5100 recall@2: 0.6800 recall@3: 0.7700 ] Test set [f1score@1: 0.5100 f1score@2: 0.4500 f1score@3: 0.3800 ] Test set [accuracy@1: 0.5100 accuracy@2: 0.6800 accuracy@3: 0.7700 ] 
2024-03-15 00:49:05,219 - [Epoch 120 / 210] rec_loss: 1.3748 cl_loss: 0.0000 
2024-03-15 00:49:07,775 - Epoch 120 Test set [precision@1: 0.4900 precision@2: 0.3300 precision@3: 0.2500 ] Test set [recall@1: 0.4900 recall@2: 0.6700 recall@3: 0.7600 ] Test set [f1score@1: 0.4900 f1score@2: 0.4400 f1score@3: 0.3800 ] Test set [accuracy@1: 0.4900 accuracy@2: 0.6700 accuracy@3: 0.7600 ] 
2024-03-15 00:49:26,501 - [Epoch 121 / 210] rec_loss: 1.3865 cl_loss: 0.0000 
2024-03-15 00:49:29,040 - Epoch 121 Test set [precision@1: 0.5000 precision@2: 0.3400 precision@3: 0.2600 ] Test set [recall@1: 0.5000 recall@2: 0.6800 recall@3: 0.7700 ] Test set [f1score@1: 0.5000 f1score@2: 0.4600 f1score@3: 0.3900 ] Test set [accuracy@1: 0.5000 accuracy@2: 0.6800 accuracy@3: 0.7700 ] 
2024-03-15 00:49:46,907 - [Epoch 122 / 210] rec_loss: 1.3693 cl_loss: 0.0000 
2024-03-15 00:49:49,468 - Epoch 122 Test set [precision@1: 0.5000 precision@2: 0.3400 precision@3: 0.2600 ] Test set [recall@1: 0.5000 recall@2: 0.6700 recall@3: 0.7800 ] Test set [f1score@1: 0.5000 f1score@2: 0.4500 f1score@3: 0.3900 ] Test set [accuracy@1: 0.5000 accuracy@2: 0.6700 accuracy@3: 0.7800 ] 
2024-03-15 00:50:08,222 - [Epoch 123 / 210] rec_loss: 1.3679 cl_loss: 0.0000 
2024-03-15 00:50:10,760 - Epoch 123 Test set [precision@1: 0.5000 precision@2: 0.3300 precision@3: 0.2600 ] Test set [recall@1: 0.5000 recall@2: 0.6700 recall@3: 0.7700 ] Test set [f1score@1: 0.5000 f1score@2: 0.4400 f1score@3: 0.3900 ] Test set [accuracy@1: 0.5000 accuracy@2: 0.6700 accuracy@3: 0.7700 ] 
2024-03-15 00:50:30,888 - [Epoch 124 / 210] rec_loss: 1.3593 cl_loss: 0.0000 
2024-03-15 00:50:33,438 - Epoch 124 Test set [precision@1: 0.5000 precision@2: 0.3400 precision@3: 0.2600 ] Test set [recall@1: 0.5000 recall@2: 0.6700 recall@3: 0.7800 ] Test set [f1score@1: 0.5000 f1score@2: 0.4500 f1score@3: 0.3900 ] Test set [accuracy@1: 0.5000 accuracy@2: 0.6700 accuracy@3: 0.7800 ] 
2024-03-15 00:50:52,222 - [Epoch 125 / 210] rec_loss: 1.3620 cl_loss: 0.0000 
2024-03-15 00:50:54,762 - Epoch 125 Test set [precision@1: 0.4900 precision@2: 0.3300 precision@3: 0.2600 ] Test set [recall@1: 0.4900 recall@2: 0.6600 recall@3: 0.7800 ] Test set [f1score@1: 0.4900 f1score@2: 0.4400 f1score@3: 0.3900 ] Test set [accuracy@1: 0.4900 accuracy@2: 0.6600 accuracy@3: 0.7800 ] 
2024-03-15 00:51:12,837 - [Epoch 126 / 210] rec_loss: 1.3717 cl_loss: 0.0000 
2024-03-15 00:51:15,401 - Epoch 126 Test set [precision@1: 0.5000 precision@2: 0.3400 precision@3: 0.2600 ] Test set [recall@1: 0.5000 recall@2: 0.6800 recall@3: 0.7900 ] Test set [f1score@1: 0.5000 f1score@2: 0.4600 f1score@3: 0.3900 ] Test set [accuracy@1: 0.5000 accuracy@2: 0.6800 accuracy@3: 0.7900 ] 
2024-03-15 00:51:34,979 - [Epoch 127 / 210] rec_loss: 1.3523 cl_loss: 0.0000 
2024-03-15 00:51:37,541 - Epoch 127 Test set [precision@1: 0.4900 precision@2: 0.3400 precision@3: 0.2600 ] Test set [recall@1: 0.4900 recall@2: 0.6800 recall@3: 0.7800 ] Test set [f1score@1: 0.4900 f1score@2: 0.4500 f1score@3: 0.3900 ] Test set [accuracy@1: 0.4900 accuracy@2: 0.6800 accuracy@3: 0.7800 ] 
2024-03-15 00:51:56,906 - [Epoch 128 / 210] rec_loss: 1.3638 cl_loss: 0.0000 
2024-03-15 00:51:59,452 - Epoch 128 Test set [precision@1: 0.4800 precision@2: 0.3400 precision@3: 0.2600 ] Test set [recall@1: 0.4800 recall@2: 0.6800 recall@3: 0.7800 ] Test set [f1score@1: 0.4800 f1score@2: 0.4500 f1score@3: 0.3900 ] Test set [accuracy@1: 0.4800 accuracy@2: 0.6800 accuracy@3: 0.7800 ] 
2024-03-15 00:52:18,781 - [Epoch 129 / 210] rec_loss: 1.3607 cl_loss: 0.0000 
2024-03-15 00:52:21,333 - Epoch 129 Test set [precision@1: 0.5000 precision@2: 0.3300 precision@3: 0.2600 ] Test set [recall@1: 0.5000 recall@2: 0.6600 recall@3: 0.7800 ] Test set [f1score@1: 0.5000 f1score@2: 0.4400 f1score@3: 0.3900 ] Test set [accuracy@1: 0.5000 accuracy@2: 0.6600 accuracy@3: 0.7800 ] 
2024-03-15 00:52:40,993 - [Epoch 130 / 210] rec_loss: 1.3626 cl_loss: 0.0000 
2024-03-15 00:52:43,565 - Epoch 130 Test set [precision@1: 0.5000 precision@2: 0.3300 precision@3: 0.2600 ] Test set [recall@1: 0.5000 recall@2: 0.6600 recall@3: 0.7800 ] Test set [f1score@1: 0.5000 f1score@2: 0.4400 f1score@3: 0.3900 ] Test set [accuracy@1: 0.5000 accuracy@2: 0.6600 accuracy@3: 0.7800 ] 
2024-03-15 00:53:03,229 - [Epoch 131 / 210] rec_loss: 1.3534 cl_loss: 0.0000 
2024-03-15 00:53:05,786 - Epoch 131 Test set [precision@1: 0.5100 precision@2: 0.3400 precision@3: 0.2600 ] Test set [recall@1: 0.5100 recall@2: 0.6700 recall@3: 0.7900 ] Test set [f1score@1: 0.5100 f1score@2: 0.4500 f1score@3: 0.3900 ] Test set [accuracy@1: 0.5100 accuracy@2: 0.6700 accuracy@3: 0.7900 ] 
2024-03-15 00:53:25,670 - [Epoch 132 / 210] rec_loss: 1.3618 cl_loss: 0.0000 
2024-03-15 00:53:28,221 - Epoch 132 Test set [precision@1: 0.5000 precision@2: 0.3400 precision@3: 0.2600 ] Test set [recall@1: 0.5000 recall@2: 0.6700 recall@3: 0.7800 ] Test set [f1score@1: 0.5000 f1score@2: 0.4500 f1score@3: 0.3900 ] Test set [accuracy@1: 0.5000 accuracy@2: 0.6700 accuracy@3: 0.7800 ] 
2024-03-15 00:53:47,876 - [Epoch 133 / 210] rec_loss: 1.3575 cl_loss: 0.0000 
2024-03-15 00:53:50,426 - Epoch 133 Test set [precision@1: 0.4900 precision@2: 0.3300 precision@3: 0.2600 ] Test set [recall@1: 0.4900 recall@2: 0.6600 recall@3: 0.7700 ] Test set [f1score@1: 0.4900 f1score@2: 0.4400 f1score@3: 0.3900 ] Test set [accuracy@1: 0.4900 accuracy@2: 0.6600 accuracy@3: 0.7700 ] 
2024-03-15 00:54:09,703 - [Epoch 134 / 210] rec_loss: 1.3543 cl_loss: 0.0000 
2024-03-15 00:54:12,271 - Epoch 134 Test set [precision@1: 0.4900 precision@2: 0.3300 precision@3: 0.2600 ] Test set [recall@1: 0.4900 recall@2: 0.6700 recall@3: 0.7900 ] Test set [f1score@1: 0.4900 f1score@2: 0.4500 f1score@3: 0.3900 ] Test set [accuracy@1: 0.4900 accuracy@2: 0.6700 accuracy@3: 0.7900 ] 
2024-03-15 00:54:32,242 - [Epoch 135 / 210] rec_loss: 1.3557 cl_loss: 0.0000 
2024-03-15 00:54:34,810 - Epoch 135 Test set [precision@1: 0.4900 precision@2: 0.3400 precision@3: 0.2600 ] Test set [recall@1: 0.4900 recall@2: 0.6800 recall@3: 0.7800 ] Test set [f1score@1: 0.4900 f1score@2: 0.4500 f1score@3: 0.3900 ] Test set [accuracy@1: 0.4900 accuracy@2: 0.6800 accuracy@3: 0.7800 ] 
2024-03-15 00:54:54,712 - [Epoch 136 / 210] rec_loss: 1.3517 cl_loss: 0.0000 
2024-03-15 00:54:57,263 - Epoch 136 Test set [precision@1: 0.4900 precision@2: 0.3300 precision@3: 0.2600 ] Test set [recall@1: 0.4900 recall@2: 0.6600 recall@3: 0.7800 ] Test set [f1score@1: 0.4900 f1score@2: 0.4400 f1score@3: 0.3900 ] Test set [accuracy@1: 0.4900 accuracy@2: 0.6600 accuracy@3: 0.7800 ] 
2024-03-15 00:55:16,074 - [Epoch 137 / 210] rec_loss: 1.3564 cl_loss: 0.0000 
2024-03-15 00:55:18,632 - Epoch 137 Test set [precision@1: 0.5000 precision@2: 0.3400 precision@3: 0.2600 ] Test set [recall@1: 0.5000 recall@2: 0.6700 recall@3: 0.7800 ] Test set [f1score@1: 0.5000 f1score@2: 0.4500 f1score@3: 0.3900 ] Test set [accuracy@1: 0.5000 accuracy@2: 0.6700 accuracy@3: 0.7800 ] 
2024-03-15 00:55:38,528 - [Epoch 138 / 210] rec_loss: 1.3494 cl_loss: 0.0000 
2024-03-15 00:55:41,073 - Epoch 138 Test set [precision@1: 0.5000 precision@2: 0.3400 precision@3: 0.2600 ] Test set [recall@1: 0.5000 recall@2: 0.6800 recall@3: 0.7800 ] Test set [f1score@1: 0.5000 f1score@2: 0.4500 f1score@3: 0.3900 ] Test set [accuracy@1: 0.5000 accuracy@2: 0.6800 accuracy@3: 0.7800 ] 
2024-03-15 00:56:01,204 - [Epoch 139 / 210] rec_loss: 1.3558 cl_loss: 0.0000 
2024-03-15 00:56:03,741 - Epoch 139 Test set [precision@1: 0.5000 precision@2: 0.3400 precision@3: 0.2600 ] Test set [recall@1: 0.5000 recall@2: 0.6700 recall@3: 0.7800 ] Test set [f1score@1: 0.5000 f1score@2: 0.4500 f1score@3: 0.3900 ] Test set [accuracy@1: 0.5000 accuracy@2: 0.6700 accuracy@3: 0.7800 ] 
2024-03-15 00:56:24,023 - [Epoch 140 / 210] rec_loss: 1.3476 cl_loss: 0.0000 
2024-03-15 00:56:26,564 - Epoch 140 Test set [precision@1: 0.4900 precision@2: 0.3400 precision@3: 0.2600 ] Test set [recall@1: 0.4900 recall@2: 0.6800 recall@3: 0.7800 ] Test set [f1score@1: 0.4900 f1score@2: 0.4500 f1score@3: 0.3900 ] Test set [accuracy@1: 0.4900 accuracy@2: 0.6800 accuracy@3: 0.7800 ] 
2024-03-15 00:56:46,910 - [Epoch 141 / 210] rec_loss: 1.3465 cl_loss: 0.0000 
2024-03-15 00:56:49,448 - Epoch 141 Test set [precision@1: 0.4900 precision@2: 0.3300 precision@3: 0.2600 ] Test set [recall@1: 0.4900 recall@2: 0.6700 recall@3: 0.7800 ] Test set [f1score@1: 0.4900 f1score@2: 0.4400 f1score@3: 0.3900 ] Test set [accuracy@1: 0.4900 accuracy@2: 0.6700 accuracy@3: 0.7800 ] 
2024-03-15 00:57:09,591 - [Epoch 142 / 210] rec_loss: 1.3382 cl_loss: 0.0000 
2024-03-15 00:57:12,147 - Epoch 142 Test set [precision@1: 0.5100 precision@2: 0.3400 precision@3: 0.2600 ] Test set [recall@1: 0.5100 recall@2: 0.6900 recall@3: 0.7800 ] Test set [f1score@1: 0.5100 f1score@2: 0.4600 f1score@3: 0.3900 ] Test set [accuracy@1: 0.5100 accuracy@2: 0.6900 accuracy@3: 0.7800 ] 
2024-03-15 00:57:32,440 - [Epoch 143 / 210] rec_loss: 1.3386 cl_loss: 0.0000 
2024-03-15 00:57:34,984 - Epoch 143 Test set [precision@1: 0.5000 precision@2: 0.3400 precision@3: 0.2600 ] Test set [recall@1: 0.5000 recall@2: 0.6900 recall@3: 0.7900 ] Test set [f1score@1: 0.5000 f1score@2: 0.4600 f1score@3: 0.3900 ] Test set [accuracy@1: 0.5000 accuracy@2: 0.6900 accuracy@3: 0.7900 ] 
2024-03-15 00:57:54,911 - [Epoch 144 / 210] rec_loss: 1.3360 cl_loss: 0.0000 
2024-03-15 00:57:57,460 - Epoch 144 Test set [precision@1: 0.4900 precision@2: 0.3400 precision@3: 0.2600 ] Test set [recall@1: 0.4900 recall@2: 0.6700 recall@3: 0.7800 ] Test set [f1score@1: 0.4900 f1score@2: 0.4500 f1score@3: 0.3900 ] Test set [accuracy@1: 0.4900 accuracy@2: 0.6700 accuracy@3: 0.7800 ] 
2024-03-15 00:58:15,219 - [Epoch 145 / 210] rec_loss: 1.3348 cl_loss: 0.0000 
2024-03-15 00:58:17,774 - Epoch 145 Test set [precision@1: 0.5100 precision@2: 0.3500 precision@3: 0.2600 ] Test set [recall@1: 0.5100 recall@2: 0.6900 recall@3: 0.7900 ] Test set [f1score@1: 0.5100 f1score@2: 0.4600 f1score@3: 0.3900 ] Test set [accuracy@1: 0.5100 accuracy@2: 0.6900 accuracy@3: 0.7900 ] 
2024-03-15 00:58:37,637 - [Epoch 146 / 210] rec_loss: 1.3333 cl_loss: 0.0000 
2024-03-15 00:58:40,171 - Epoch 146 Test set [precision@1: 0.5000 precision@2: 0.3400 precision@3: 0.2600 ] Test set [recall@1: 0.5000 recall@2: 0.6800 recall@3: 0.7800 ] Test set [f1score@1: 0.5000 f1score@2: 0.4500 f1score@3: 0.3900 ] Test set [accuracy@1: 0.5000 accuracy@2: 0.6800 accuracy@3: 0.7800 ] 
2024-03-15 00:58:59,794 - [Epoch 147 / 210] rec_loss: 1.3324 cl_loss: 0.0000 
2024-03-15 00:59:02,335 - Epoch 147 Test set [precision@1: 0.5000 precision@2: 0.3400 precision@3: 0.2600 ] Test set [recall@1: 0.5000 recall@2: 0.6800 recall@3: 0.7900 ] Test set [f1score@1: 0.5000 f1score@2: 0.4500 f1score@3: 0.3900 ] Test set [accuracy@1: 0.5000 accuracy@2: 0.6800 accuracy@3: 0.7900 ] 
2024-03-15 00:59:19,779 - [Epoch 148 / 210] rec_loss: 1.3305 cl_loss: 0.0000 
2024-03-15 00:59:22,316 - Epoch 148 Test set [precision@1: 0.5000 precision@2: 0.3400 precision@3: 0.2600 ] Test set [recall@1: 0.5000 recall@2: 0.6700 recall@3: 0.7800 ] Test set [f1score@1: 0.5000 f1score@2: 0.4500 f1score@3: 0.3900 ] Test set [accuracy@1: 0.5000 accuracy@2: 0.6700 accuracy@3: 0.7800 ] 
2024-03-15 00:59:40,502 - [Epoch 149 / 210] rec_loss: 1.3381 cl_loss: 0.0000 
2024-03-15 00:59:43,053 - Epoch 149 Test set [precision@1: 0.5000 precision@2: 0.3400 precision@3: 0.2600 ] Test set [recall@1: 0.5000 recall@2: 0.6800 recall@3: 0.7900 ] Test set [f1score@1: 0.5000 f1score@2: 0.4500 f1score@3: 0.3900 ] Test set [accuracy@1: 0.5000 accuracy@2: 0.6800 accuracy@3: 0.7900 ] 
2024-03-15 01:00:03,208 - [Epoch 150 / 210] rec_loss: 1.3300 cl_loss: 0.0000 
2024-03-15 01:00:05,761 - Epoch 150 Test set [precision@1: 0.4900 precision@2: 0.3400 precision@3: 0.2600 ] Test set [recall@1: 0.4900 recall@2: 0.6800 recall@3: 0.7800 ] Test set [f1score@1: 0.4900 f1score@2: 0.4600 f1score@3: 0.3900 ] Test set [accuracy@1: 0.4900 accuracy@2: 0.6800 accuracy@3: 0.7800 ] 
2024-03-15 01:00:25,303 - [Epoch 151 / 210] rec_loss: 1.3245 cl_loss: 0.0000 
2024-03-15 01:00:27,849 - Epoch 151 Test set [precision@1: 0.5000 precision@2: 0.3400 precision@3: 0.2600 ] Test set [recall@1: 0.5000 recall@2: 0.6800 recall@3: 0.7800 ] Test set [f1score@1: 0.5000 f1score@2: 0.4500 f1score@3: 0.3900 ] Test set [accuracy@1: 0.5000 accuracy@2: 0.6800 accuracy@3: 0.7800 ] 
2024-03-15 01:00:46,689 - [Epoch 152 / 210] rec_loss: 1.3255 cl_loss: 0.0000 
2024-03-15 01:00:49,250 - Epoch 152 Test set [precision@1: 0.5100 precision@2: 0.3400 precision@3: 0.2600 ] Test set [recall@1: 0.5100 recall@2: 0.6700 recall@3: 0.7800 ] Test set [f1score@1: 0.5100 f1score@2: 0.4500 f1score@3: 0.3900 ] Test set [accuracy@1: 0.5100 accuracy@2: 0.6700 accuracy@3: 0.7800 ] 
2024-03-15 01:01:08,235 - [Epoch 153 / 210] rec_loss: 1.3258 cl_loss: 0.0000 
2024-03-15 01:01:10,772 - Epoch 153 Test set [precision@1: 0.4900 precision@2: 0.3400 precision@3: 0.2600 ] Test set [recall@1: 0.4900 recall@2: 0.6700 recall@3: 0.7700 ] Test set [f1score@1: 0.4900 f1score@2: 0.4500 f1score@3: 0.3900 ] Test set [accuracy@1: 0.4900 accuracy@2: 0.6700 accuracy@3: 0.7700 ] 
2024-03-15 01:01:30,462 - [Epoch 154 / 210] rec_loss: 1.3337 cl_loss: 0.0000 
2024-03-15 01:01:33,154 - Epoch 154 Test set [precision@1: 0.4900 precision@2: 0.3300 precision@3: 0.2600 ] Test set [recall@1: 0.4900 recall@2: 0.6500 recall@3: 0.7800 ] Test set [f1score@1: 0.4900 f1score@2: 0.4400 f1score@3: 0.3900 ] Test set [accuracy@1: 0.4900 accuracy@2: 0.6500 accuracy@3: 0.7800 ] 
2024-03-15 01:01:53,275 - [Epoch 155 / 210] rec_loss: 1.3235 cl_loss: 0.0000 
2024-03-15 01:01:55,819 - Epoch 155 Test set [precision@1: 0.4900 precision@2: 0.3400 precision@3: 0.2600 ] Test set [recall@1: 0.4900 recall@2: 0.6800 recall@3: 0.7800 ] Test set [f1score@1: 0.4900 f1score@2: 0.4500 f1score@3: 0.3900 ] Test set [accuracy@1: 0.4900 accuracy@2: 0.6800 accuracy@3: 0.7800 ] 
2024-03-15 01:02:15,869 - [Epoch 156 / 210] rec_loss: 1.3229 cl_loss: 0.0000 
2024-03-15 01:02:18,411 - Epoch 156 Test set [precision@1: 0.5100 precision@2: 0.3400 precision@3: 0.2600 ] Test set [recall@1: 0.5100 recall@2: 0.6800 recall@3: 0.7800 ] Test set [f1score@1: 0.5100 f1score@2: 0.4500 f1score@3: 0.3900 ] Test set [accuracy@1: 0.5100 accuracy@2: 0.6800 accuracy@3: 0.7800 ] 
2024-03-15 01:02:38,382 - [Epoch 157 / 210] rec_loss: 1.3235 cl_loss: 0.0000 
2024-03-15 01:02:40,927 - Epoch 157 Test set [precision@1: 0.5200 precision@2: 0.3400 precision@3: 0.2600 ] Test set [recall@1: 0.5200 recall@2: 0.6800 recall@3: 0.7800 ] Test set [f1score@1: 0.5200 f1score@2: 0.4500 f1score@3: 0.3900 ] Test set [accuracy@1: 0.5200 accuracy@2: 0.6800 accuracy@3: 0.7800 ] 
2024-03-15 01:02:59,314 - [Epoch 158 / 210] rec_loss: 1.3317 cl_loss: 0.0000 
2024-03-15 01:03:01,857 - Epoch 158 Test set [precision@1: 0.5300 precision@2: 0.3400 precision@3: 0.2600 ] Test set [recall@1: 0.5300 recall@2: 0.6800 recall@3: 0.7900 ] Test set [f1score@1: 0.5300 f1score@2: 0.4500 f1score@3: 0.3900 ] Test set [accuracy@1: 0.5300 accuracy@2: 0.6800 accuracy@3: 0.7900 ] 
2024-03-15 01:03:19,121 - [Epoch 159 / 210] rec_loss: 1.3285 cl_loss: 0.0000 
2024-03-15 01:03:21,667 - Epoch 159 Test set [precision@1: 0.5000 precision@2: 0.3400 precision@3: 0.2600 ] Test set [recall@1: 0.5000 recall@2: 0.6700 recall@3: 0.7800 ] Test set [f1score@1: 0.5000 f1score@2: 0.4500 f1score@3: 0.3900 ] Test set [accuracy@1: 0.5000 accuracy@2: 0.6700 accuracy@3: 0.7800 ] 
2024-03-15 01:03:40,446 - [Epoch 160 / 210] rec_loss: 1.3129 cl_loss: 0.0000 
2024-03-15 01:03:42,988 - Epoch 160 Test set [precision@1: 0.4900 precision@2: 0.3300 precision@3: 0.2600 ] Test set [recall@1: 0.4900 recall@2: 0.6700 recall@3: 0.7800 ] Test set [f1score@1: 0.4900 f1score@2: 0.4500 f1score@3: 0.3900 ] Test set [accuracy@1: 0.4900 accuracy@2: 0.6700 accuracy@3: 0.7800 ] 
2024-03-15 01:04:03,005 - [Epoch 161 / 210] rec_loss: 1.3102 cl_loss: 0.0000 
2024-03-15 01:04:05,565 - Epoch 161 Test set [precision@1: 0.5200 precision@2: 0.3400 precision@3: 0.2600 ] Test set [recall@1: 0.5200 recall@2: 0.6900 recall@3: 0.7900 ] Test set [f1score@1: 0.5200 f1score@2: 0.4600 f1score@3: 0.3900 ] Test set [accuracy@1: 0.5200 accuracy@2: 0.6900 accuracy@3: 0.7900 ] 
2024-03-15 01:04:24,565 - [Epoch 162 / 210] rec_loss: 1.3187 cl_loss: 0.0000 
2024-03-15 01:04:27,114 - Epoch 162 Test set [precision@1: 0.4900 precision@2: 0.3400 precision@3: 0.2600 ] Test set [recall@1: 0.4900 recall@2: 0.6700 recall@3: 0.7900 ] Test set [f1score@1: 0.4900 f1score@2: 0.4500 f1score@3: 0.3900 ] Test set [accuracy@1: 0.4900 accuracy@2: 0.6700 accuracy@3: 0.7900 ] 
2024-03-15 01:04:45,945 - [Epoch 163 / 210] rec_loss: 1.3149 cl_loss: 0.0000 
2024-03-15 01:04:48,498 - Epoch 163 Test set [precision@1: 0.5100 precision@2: 0.3400 precision@3: 0.2600 ] Test set [recall@1: 0.5100 recall@2: 0.6900 recall@3: 0.7800 ] Test set [f1score@1: 0.5100 f1score@2: 0.4600 f1score@3: 0.3900 ] Test set [accuracy@1: 0.5100 accuracy@2: 0.6900 accuracy@3: 0.7800 ] 
2024-03-15 01:05:08,847 - [Epoch 164 / 210] rec_loss: 1.3112 cl_loss: 0.0000 
2024-03-15 01:05:11,403 - Epoch 164 Test set [precision@1: 0.5100 precision@2: 0.3400 precision@3: 0.2600 ] Test set [recall@1: 0.5100 recall@2: 0.6800 recall@3: 0.7900 ] Test set [f1score@1: 0.5100 f1score@2: 0.4500 f1score@3: 0.3900 ] Test set [accuracy@1: 0.5100 accuracy@2: 0.6800 accuracy@3: 0.7900 ] 
2024-03-15 01:05:31,853 - [Epoch 165 / 210] rec_loss: 1.3122 cl_loss: 0.0000 
2024-03-15 01:05:34,396 - Epoch 165 Test set [precision@1: 0.5000 precision@2: 0.3400 precision@3: 0.2600 ] Test set [recall@1: 0.5000 recall@2: 0.6800 recall@3: 0.7900 ] Test set [f1score@1: 0.5000 f1score@2: 0.4500 f1score@3: 0.3900 ] Test set [accuracy@1: 0.5000 accuracy@2: 0.6800 accuracy@3: 0.7900 ] 
2024-03-15 01:05:53,596 - [Epoch 166 / 210] rec_loss: 1.3211 cl_loss: 0.0000 
2024-03-15 01:05:56,142 - Epoch 166 Test set [precision@1: 0.5000 precision@2: 0.3400 precision@3: 0.2600 ] Test set [recall@1: 0.5000 recall@2: 0.6900 recall@3: 0.7900 ] Test set [f1score@1: 0.5000 f1score@2: 0.4600 f1score@3: 0.3900 ] Test set [accuracy@1: 0.5000 accuracy@2: 0.6900 accuracy@3: 0.7900 ] 
2024-03-15 01:06:15,471 - [Epoch 167 / 210] rec_loss: 1.3116 cl_loss: 0.0000 
2024-03-15 01:06:18,037 - Epoch 167 Test set [precision@1: 0.5000 precision@2: 0.3400 precision@3: 0.2600 ] Test set [recall@1: 0.5000 recall@2: 0.6800 recall@3: 0.7900 ] Test set [f1score@1: 0.5000 f1score@2: 0.4500 f1score@3: 0.4000 ] Test set [accuracy@1: 0.5000 accuracy@2: 0.6800 accuracy@3: 0.7900 ] 
2024-03-15 01:06:38,429 - [Epoch 168 / 210] rec_loss: 1.3011 cl_loss: 0.0000 
2024-03-15 01:06:40,997 - Epoch 168 Test set [precision@1: 0.5000 precision@2: 0.3400 precision@3: 0.2600 ] Test set [recall@1: 0.5000 recall@2: 0.6800 recall@3: 0.7900 ] Test set [f1score@1: 0.5000 f1score@2: 0.4600 f1score@3: 0.3900 ] Test set [accuracy@1: 0.5000 accuracy@2: 0.6800 accuracy@3: 0.7900 ] 
2024-03-15 01:07:00,467 - [Epoch 169 / 210] rec_loss: 1.3125 cl_loss: 0.0000 
2024-03-15 01:07:03,196 - Epoch 169 Test set [precision@1: 0.5000 precision@2: 0.3400 precision@3: 0.2600 ] Test set [recall@1: 0.5000 recall@2: 0.6900 recall@3: 0.7800 ] Test set [f1score@1: 0.5000 f1score@2: 0.4600 f1score@3: 0.3900 ] Test set [accuracy@1: 0.5000 accuracy@2: 0.6900 accuracy@3: 0.7800 ] 
2024-03-15 01:07:22,845 - [Epoch 170 / 210] rec_loss: 1.3108 cl_loss: 0.0000 
2024-03-15 01:07:25,403 - Epoch 170 Test set [precision@1: 0.5000 precision@2: 0.3400 precision@3: 0.2600 ] Test set [recall@1: 0.5000 recall@2: 0.6800 recall@3: 0.7900 ] Test set [f1score@1: 0.5000 f1score@2: 0.4600 f1score@3: 0.3900 ] Test set [accuracy@1: 0.5000 accuracy@2: 0.6800 accuracy@3: 0.7900 ] 
2024-03-15 01:07:44,207 - [Epoch 171 / 210] rec_loss: 1.3075 cl_loss: 0.0000 
2024-03-15 01:07:46,759 - Epoch 171 Test set [precision@1: 0.5100 precision@2: 0.3400 precision@3: 0.2600 ] Test set [recall@1: 0.5100 recall@2: 0.6800 recall@3: 0.7800 ] Test set [f1score@1: 0.5100 f1score@2: 0.4500 f1score@3: 0.3900 ] Test set [accuracy@1: 0.5100 accuracy@2: 0.6800 accuracy@3: 0.7800 ] 
2024-03-15 01:08:06,621 - [Epoch 172 / 210] rec_loss: 1.3065 cl_loss: 0.0000 
2024-03-15 01:08:09,156 - Epoch 172 Test set [precision@1: 0.4900 precision@2: 0.3300 precision@3: 0.2600 ] Test set [recall@1: 0.4900 recall@2: 0.6600 recall@3: 0.7800 ] Test set [f1score@1: 0.4900 f1score@2: 0.4400 f1score@3: 0.3900 ] Test set [accuracy@1: 0.4900 accuracy@2: 0.6600 accuracy@3: 0.7800 ] 
2024-03-15 01:08:28,471 - [Epoch 173 / 210] rec_loss: 1.3098 cl_loss: 0.0000 
2024-03-15 01:08:31,011 - Epoch 173 Test set [precision@1: 0.5100 precision@2: 0.3400 precision@3: 0.2600 ] Test set [recall@1: 0.5100 recall@2: 0.6900 recall@3: 0.7800 ] Test set [f1score@1: 0.5100 f1score@2: 0.4600 f1score@3: 0.3900 ] Test set [accuracy@1: 0.5100 accuracy@2: 0.6900 accuracy@3: 0.7800 ] 
2024-03-15 01:08:50,108 - [Epoch 174 / 210] rec_loss: 1.3035 cl_loss: 0.0000 
2024-03-15 01:08:52,831 - Epoch 174 Test set [precision@1: 0.5100 precision@2: 0.3400 precision@3: 0.2600 ] Test set [recall@1: 0.5100 recall@2: 0.6800 recall@3: 0.7800 ] Test set [f1score@1: 0.5100 f1score@2: 0.4500 f1score@3: 0.3900 ] Test set [accuracy@1: 0.5100 accuracy@2: 0.6800 accuracy@3: 0.7800 ] 
2024-03-15 01:09:11,641 - [Epoch 175 / 210] rec_loss: 1.3037 cl_loss: 0.0000 
2024-03-15 01:09:14,202 - Epoch 175 Test set [precision@1: 0.5200 precision@2: 0.3400 precision@3: 0.2600 ] Test set [recall@1: 0.5200 recall@2: 0.6800 recall@3: 0.7800 ] Test set [f1score@1: 0.5200 f1score@2: 0.4600 f1score@3: 0.3900 ] Test set [accuracy@1: 0.5200 accuracy@2: 0.6800 accuracy@3: 0.7800 ] 
2024-03-15 01:09:34,031 - [Epoch 176 / 210] rec_loss: 1.3051 cl_loss: 0.0000 
2024-03-15 01:09:36,592 - Epoch 176 Test set [precision@1: 0.5000 precision@2: 0.3400 precision@3: 0.2600 ] Test set [recall@1: 0.5000 recall@2: 0.6800 recall@3: 0.7800 ] Test set [f1score@1: 0.5000 f1score@2: 0.4600 f1score@3: 0.3900 ] Test set [accuracy@1: 0.5000 accuracy@2: 0.6800 accuracy@3: 0.7800 ] 
2024-03-15 01:09:55,717 - [Epoch 177 / 210] rec_loss: 1.3074 cl_loss: 0.0000 
2024-03-15 01:09:58,286 - Epoch 177 Test set [precision@1: 0.4900 precision@2: 0.3400 precision@3: 0.2600 ] Test set [recall@1: 0.4900 recall@2: 0.6800 recall@3: 0.7800 ] Test set [f1score@1: 0.4900 f1score@2: 0.4500 f1score@3: 0.3900 ] Test set [accuracy@1: 0.4900 accuracy@2: 0.6800 accuracy@3: 0.7800 ] 
2024-03-15 01:10:16,949 - [Epoch 178 / 210] rec_loss: 1.3003 cl_loss: 0.0000 
2024-03-15 01:10:19,498 - Epoch 178 Test set [precision@1: 0.5000 precision@2: 0.3300 precision@3: 0.2600 ] Test set [recall@1: 0.5000 recall@2: 0.6600 recall@3: 0.7800 ] Test set [f1score@1: 0.5000 f1score@2: 0.4400 f1score@3: 0.3900 ] Test set [accuracy@1: 0.5000 accuracy@2: 0.6600 accuracy@3: 0.7800 ] 
2024-03-15 01:10:38,156 - [Epoch 179 / 210] rec_loss: 1.2975 cl_loss: 0.0000 
2024-03-15 01:10:40,715 - Epoch 179 Test set [precision@1: 0.5100 precision@2: 0.3400 precision@3: 0.2600 ] Test set [recall@1: 0.5100 recall@2: 0.6900 recall@3: 0.7900 ] Test set [f1score@1: 0.5100 f1score@2: 0.4600 f1score@3: 0.4000 ] Test set [accuracy@1: 0.5100 accuracy@2: 0.6900 accuracy@3: 0.7900 ] 
2024-03-15 01:11:00,891 - [Epoch 180 / 210] rec_loss: 1.3000 cl_loss: 0.0000 
2024-03-15 01:11:03,447 - Epoch 180 Test set [precision@1: 0.4900 precision@2: 0.3400 precision@3: 0.2600 ] Test set [recall@1: 0.4900 recall@2: 0.6700 recall@3: 0.7800 ] Test set [f1score@1: 0.4900 f1score@2: 0.4500 f1score@3: 0.3900 ] Test set [accuracy@1: 0.4900 accuracy@2: 0.6700 accuracy@3: 0.7800 ] 
2024-03-15 01:11:21,336 - [Epoch 181 / 210] rec_loss: 1.2969 cl_loss: 0.0000 
2024-03-15 01:11:23,886 - Epoch 181 Test set [precision@1: 0.5000 precision@2: 0.3400 precision@3: 0.2600 ] Test set [recall@1: 0.5000 recall@2: 0.6700 recall@3: 0.7800 ] Test set [f1score@1: 0.5000 f1score@2: 0.4500 f1score@3: 0.3900 ] Test set [accuracy@1: 0.5000 accuracy@2: 0.6700 accuracy@3: 0.7800 ] 
2024-03-15 01:11:42,854 - [Epoch 182 / 210] rec_loss: 1.2976 cl_loss: 0.0000 
2024-03-15 01:11:45,412 - Epoch 182 Test set [precision@1: 0.4900 precision@2: 0.3400 precision@3: 0.2600 ] Test set [recall@1: 0.4900 recall@2: 0.6800 recall@3: 0.7800 ] Test set [f1score@1: 0.4900 f1score@2: 0.4500 f1score@3: 0.3900 ] Test set [accuracy@1: 0.4900 accuracy@2: 0.6800 accuracy@3: 0.7800 ] 
2024-03-15 01:12:05,652 - [Epoch 183 / 210] rec_loss: 1.2966 cl_loss: 0.0000 
2024-03-15 01:12:08,361 - Epoch 183 Test set [precision@1: 0.5200 precision@2: 0.3400 precision@3: 0.2600 ] Test set [recall@1: 0.5200 recall@2: 0.6800 recall@3: 0.7800 ] Test set [f1score@1: 0.5200 f1score@2: 0.4500 f1score@3: 0.3900 ] Test set [accuracy@1: 0.5200 accuracy@2: 0.6800 accuracy@3: 0.7800 ] 
2024-03-15 01:12:28,454 - [Epoch 184 / 210] rec_loss: 1.2919 cl_loss: 0.0000 
2024-03-15 01:12:30,993 - Epoch 184 Test set [precision@1: 0.5000 precision@2: 0.3400 precision@3: 0.2600 ] Test set [recall@1: 0.5000 recall@2: 0.6800 recall@3: 0.7900 ] Test set [f1score@1: 0.5000 f1score@2: 0.4500 f1score@3: 0.4000 ] Test set [accuracy@1: 0.5000 accuracy@2: 0.6800 accuracy@3: 0.7900 ] 
2024-03-15 01:12:50,584 - [Epoch 185 / 210] rec_loss: 1.2967 cl_loss: 0.0000 
2024-03-15 01:12:53,131 - Epoch 185 Test set [precision@1: 0.4900 precision@2: 0.3400 precision@3: 0.2600 ] Test set [recall@1: 0.4900 recall@2: 0.6700 recall@3: 0.7800 ] Test set [f1score@1: 0.4900 f1score@2: 0.4500 f1score@3: 0.3900 ] Test set [accuracy@1: 0.4900 accuracy@2: 0.6700 accuracy@3: 0.7800 ] 
2024-03-15 01:13:13,303 - [Epoch 186 / 210] rec_loss: 1.2889 cl_loss: 0.0000 
2024-03-15 01:13:15,934 - Epoch 186 Test set [precision@1: 0.5000 precision@2: 0.3400 precision@3: 0.2600 ] Test set [recall@1: 0.5000 recall@2: 0.6700 recall@3: 0.7800 ] Test set [f1score@1: 0.5000 f1score@2: 0.4500 f1score@3: 0.3900 ] Test set [accuracy@1: 0.5000 accuracy@2: 0.6700 accuracy@3: 0.7800 ] 
2024-03-15 01:13:35,677 - [Epoch 187 / 210] rec_loss: 1.2903 cl_loss: 0.0000 
2024-03-15 01:13:38,228 - Epoch 187 Test set [precision@1: 0.5100 precision@2: 0.3400 precision@3: 0.2600 ] Test set [recall@1: 0.5100 recall@2: 0.6800 recall@3: 0.7800 ] Test set [f1score@1: 0.5100 f1score@2: 0.4600 f1score@3: 0.3900 ] Test set [accuracy@1: 0.5100 accuracy@2: 0.6800 accuracy@3: 0.7800 ] 
2024-03-15 01:13:57,235 - [Epoch 188 / 210] rec_loss: 1.2880 cl_loss: 0.0000 
2024-03-15 01:13:59,775 - Epoch 188 Test set [precision@1: 0.5100 precision@2: 0.3400 precision@3: 0.2600 ] Test set [recall@1: 0.5100 recall@2: 0.6700 recall@3: 0.7800 ] Test set [f1score@1: 0.5100 f1score@2: 0.4500 f1score@3: 0.3900 ] Test set [accuracy@1: 0.5100 accuracy@2: 0.6700 accuracy@3: 0.7800 ] 
2024-03-15 01:14:18,900 - [Epoch 189 / 210] rec_loss: 1.2894 cl_loss: 0.0000 
2024-03-15 01:14:21,455 - Epoch 189 Test set [precision@1: 0.4900 precision@2: 0.3400 precision@3: 0.2600 ] Test set [recall@1: 0.4900 recall@2: 0.6700 recall@3: 0.7800 ] Test set [f1score@1: 0.4900 f1score@2: 0.4500 f1score@3: 0.3900 ] Test set [accuracy@1: 0.4900 accuracy@2: 0.6700 accuracy@3: 0.7800 ] 
2024-03-15 01:14:40,205 - [Epoch 190 / 210] rec_loss: 1.2853 cl_loss: 0.0000 
2024-03-15 01:14:42,760 - Epoch 190 Test set [precision@1: 0.4900 precision@2: 0.3400 precision@3: 0.2600 ] Test set [recall@1: 0.4900 recall@2: 0.6800 recall@3: 0.7700 ] Test set [f1score@1: 0.4900 f1score@2: 0.4600 f1score@3: 0.3900 ] Test set [accuracy@1: 0.4900 accuracy@2: 0.6800 accuracy@3: 0.7700 ] 
2024-03-15 01:15:01,852 - [Epoch 191 / 210] rec_loss: 1.2941 cl_loss: 0.0000 
2024-03-15 01:15:04,400 - Epoch 191 Test set [precision@1: 0.5000 precision@2: 0.3400 precision@3: 0.2600 ] Test set [recall@1: 0.5000 recall@2: 0.6900 recall@3: 0.7800 ] Test set [f1score@1: 0.5000 f1score@2: 0.4600 f1score@3: 0.3900 ] Test set [accuracy@1: 0.5000 accuracy@2: 0.6900 accuracy@3: 0.7800 ] 
2024-03-15 01:15:22,568 - [Epoch 192 / 210] rec_loss: 1.2911 cl_loss: 0.0000 
2024-03-15 01:15:25,121 - Epoch 192 Test set [precision@1: 0.4900 precision@2: 0.3400 precision@3: 0.2600 ] Test set [recall@1: 0.4900 recall@2: 0.6800 recall@3: 0.7800 ] Test set [f1score@1: 0.4900 f1score@2: 0.4500 f1score@3: 0.3900 ] Test set [accuracy@1: 0.4900 accuracy@2: 0.6800 accuracy@3: 0.7800 ] 
2024-03-15 01:15:45,101 - [Epoch 193 / 210] rec_loss: 1.2786 cl_loss: 0.0000 
2024-03-15 01:15:47,659 - Epoch 193 Test set [precision@1: 0.4900 precision@2: 0.3400 precision@3: 0.2600 ] Test set [recall@1: 0.4900 recall@2: 0.6800 recall@3: 0.7900 ] Test set [f1score@1: 0.4900 f1score@2: 0.4500 f1score@3: 0.3900 ] Test set [accuracy@1: 0.4900 accuracy@2: 0.6800 accuracy@3: 0.7900 ] 
2024-03-15 01:16:07,042 - [Epoch 194 / 210] rec_loss: 1.2921 cl_loss: 0.0000 
2024-03-15 01:16:09,586 - Epoch 194 Test set [precision@1: 0.4900 precision@2: 0.3400 precision@3: 0.2600 ] Test set [recall@1: 0.4900 recall@2: 0.6800 recall@3: 0.7900 ] Test set [f1score@1: 0.4900 f1score@2: 0.4500 f1score@3: 0.4000 ] Test set [accuracy@1: 0.4900 accuracy@2: 0.6800 accuracy@3: 0.7900 ] 
2024-03-15 01:16:28,567 - [Epoch 195 / 210] rec_loss: 1.2803 cl_loss: 0.0000 
2024-03-15 01:16:31,124 - Epoch 195 Test set [precision@1: 0.5100 precision@2: 0.3400 precision@3: 0.2600 ] Test set [recall@1: 0.5100 recall@2: 0.6800 recall@3: 0.7900 ] Test set [f1score@1: 0.5100 f1score@2: 0.4600 f1score@3: 0.3900 ] Test set [accuracy@1: 0.5100 accuracy@2: 0.6800 accuracy@3: 0.7900 ] 
2024-03-15 01:16:49,249 - [Epoch 196 / 210] rec_loss: 1.2731 cl_loss: 0.0000 
2024-03-15 01:16:51,810 - Epoch 196 Test set [precision@1: 0.5000 precision@2: 0.3400 precision@3: 0.2600 ] Test set [recall@1: 0.5000 recall@2: 0.6800 recall@3: 0.7900 ] Test set [f1score@1: 0.5000 f1score@2: 0.4600 f1score@3: 0.3900 ] Test set [accuracy@1: 0.5000 accuracy@2: 0.6800 accuracy@3: 0.7900 ] 
2024-03-15 01:17:11,354 - [Epoch 197 / 210] rec_loss: 1.2732 cl_loss: 0.0000 
2024-03-15 01:17:13,889 - Epoch 197 Test set [precision@1: 0.5000 precision@2: 0.3400 precision@3: 0.2600 ] Test set [recall@1: 0.5000 recall@2: 0.6900 recall@3: 0.7900 ] Test set [f1score@1: 0.5000 f1score@2: 0.4600 f1score@3: 0.4000 ] Test set [accuracy@1: 0.5000 accuracy@2: 0.6900 accuracy@3: 0.7900 ] 
2024-03-15 01:17:33,901 - [Epoch 198 / 210] rec_loss: 1.2786 cl_loss: 0.0000 
2024-03-15 01:17:36,460 - Epoch 198 Test set [precision@1: 0.5100 precision@2: 0.3400 precision@3: 0.2600 ] Test set [recall@1: 0.5100 recall@2: 0.6900 recall@3: 0.7800 ] Test set [f1score@1: 0.5100 f1score@2: 0.4600 f1score@3: 0.3900 ] Test set [accuracy@1: 0.5100 accuracy@2: 0.6900 accuracy@3: 0.7800 ] 
2024-03-15 01:17:54,205 - [Epoch 199 / 210] rec_loss: 1.2747 cl_loss: 0.0000 
2024-03-15 01:17:56,743 - Epoch 199 Test set [precision@1: 0.5000 precision@2: 0.3400 precision@3: 0.2600 ] Test set [recall@1: 0.5000 recall@2: 0.6700 recall@3: 0.7800 ] Test set [f1score@1: 0.5000 f1score@2: 0.4500 f1score@3: 0.3900 ] Test set [accuracy@1: 0.5000 accuracy@2: 0.6700 accuracy@3: 0.7800 ] 
2024-03-15 01:18:15,150 - [Epoch 200 / 210] rec_loss: 1.2780 cl_loss: 0.0000 
2024-03-15 01:18:17,701 - Epoch 200 Test set [precision@1: 0.5000 precision@2: 0.3500 precision@3: 0.2600 ] Test set [recall@1: 0.5000 recall@2: 0.6900 recall@3: 0.7800 ] Test set [f1score@1: 0.5000 f1score@2: 0.4600 f1score@3: 0.3900 ] Test set [accuracy@1: 0.5000 accuracy@2: 0.6900 accuracy@3: 0.7800 ] 
2024-03-15 01:18:37,873 - [Epoch 201 / 210] rec_loss: 1.2802 cl_loss: 0.0000 
2024-03-15 01:18:40,414 - Epoch 201 Test set [precision@1: 0.5100 precision@2: 0.3400 precision@3: 0.2600 ] Test set [recall@1: 0.5100 recall@2: 0.6800 recall@3: 0.7800 ] Test set [f1score@1: 0.5100 f1score@2: 0.4500 f1score@3: 0.3900 ] Test set [accuracy@1: 0.5100 accuracy@2: 0.6800 accuracy@3: 0.7800 ] 
2024-03-15 01:18:59,689 - [Epoch 202 / 210] rec_loss: 1.2720 cl_loss: 0.0000 
2024-03-15 01:19:02,221 - Epoch 202 Test set [precision@1: 0.5000 precision@2: 0.3400 precision@3: 0.2600 ] Test set [recall@1: 0.5000 recall@2: 0.6900 recall@3: 0.7900 ] Test set [f1score@1: 0.5000 f1score@2: 0.4600 f1score@3: 0.3900 ] Test set [accuracy@1: 0.5000 accuracy@2: 0.6900 accuracy@3: 0.7900 ] 
2024-03-15 01:19:21,787 - [Epoch 203 / 210] rec_loss: 1.2723 cl_loss: 0.0000 
2024-03-15 01:19:24,341 - Epoch 203 Test set [precision@1: 0.4900 precision@2: 0.3400 precision@3: 0.2600 ] Test set [recall@1: 0.4900 recall@2: 0.6800 recall@3: 0.7900 ] Test set [f1score@1: 0.4900 f1score@2: 0.4500 f1score@3: 0.3900 ] Test set [accuracy@1: 0.4900 accuracy@2: 0.6800 accuracy@3: 0.7900 ] 
2024-03-15 01:19:43,769 - [Epoch 204 / 210] rec_loss: 1.2782 cl_loss: 0.0000 
2024-03-15 01:19:46,322 - Epoch 204 Test set [precision@1: 0.5200 precision@2: 0.3400 precision@3: 0.2600 ] Test set [recall@1: 0.5200 recall@2: 0.6900 recall@3: 0.7800 ] Test set [f1score@1: 0.5200 f1score@2: 0.4600 f1score@3: 0.3900 ] Test set [accuracy@1: 0.5200 accuracy@2: 0.6900 accuracy@3: 0.7800 ] 
2024-03-15 01:20:05,839 - [Epoch 205 / 210] rec_loss: 1.2749 cl_loss: 0.0000 
2024-03-15 01:20:08,390 - Epoch 205 Test set [precision@1: 0.5000 precision@2: 0.3400 precision@3: 0.2600 ] Test set [recall@1: 0.5000 recall@2: 0.6800 recall@3: 0.7800 ] Test set [f1score@1: 0.5000 f1score@2: 0.4500 f1score@3: 0.3900 ] Test set [accuracy@1: 0.5000 accuracy@2: 0.6800 accuracy@3: 0.7800 ] 
2024-03-15 01:20:26,733 - [Epoch 206 / 210] rec_loss: 1.2634 cl_loss: 0.0000 
2024-03-15 01:20:29,267 - Epoch 206 Test set [precision@1: 0.4900 precision@2: 0.3400 precision@3: 0.2600 ] Test set [recall@1: 0.4900 recall@2: 0.6800 recall@3: 0.7900 ] Test set [f1score@1: 0.4900 f1score@2: 0.4500 f1score@3: 0.3900 ] Test set [accuracy@1: 0.4900 accuracy@2: 0.6800 accuracy@3: 0.7900 ] 
2024-03-15 01:20:49,238 - [Epoch 207 / 210] rec_loss: 1.2754 cl_loss: 0.0000 
2024-03-15 01:20:51,791 - Epoch 207 Test set [precision@1: 0.4900 precision@2: 0.3400 precision@3: 0.2600 ] Test set [recall@1: 0.4900 recall@2: 0.6800 recall@3: 0.7800 ] Test set [f1score@1: 0.4900 f1score@2: 0.4600 f1score@3: 0.3900 ] Test set [accuracy@1: 0.4900 accuracy@2: 0.6800 accuracy@3: 0.7800 ] 
2024-03-15 01:21:12,109 - [Epoch 208 / 210] rec_loss: 1.2681 cl_loss: 0.0000 
2024-03-15 01:21:14,669 - Epoch 208 Test set [precision@1: 0.5000 precision@2: 0.3400 precision@3: 0.2600 ] Test set [recall@1: 0.5000 recall@2: 0.6800 recall@3: 0.7800 ] Test set [f1score@1: 0.5000 f1score@2: 0.4500 f1score@3: 0.3900 ] Test set [accuracy@1: 0.5000 accuracy@2: 0.6800 accuracy@3: 0.7800 ] 
2024-03-15 01:21:34,569 - [Epoch 209 / 210] rec_loss: 1.2625 cl_loss: 0.0000 
2024-03-15 01:21:37,107 - Epoch 209 Test set [precision@1: 0.5000 precision@2: 0.3400 precision@3: 0.2600 ] Test set [recall@1: 0.5000 recall@2: 0.6900 recall@3: 0.7800 ] Test set [f1score@1: 0.5000 f1score@2: 0.4600 f1score@3: 0.3900 ] Test set [accuracy@1: 0.5000 accuracy@2: 0.6900 accuracy@3: 0.7800 ] 
2024-03-15 01:21:40,323 - Test set [precision@1: 0.5000 precision@2: 0.3400 precision@3: 0.2600 ] Test set [recall@1: 0.5000 recall@2: 0.6900 recall@3: 0.7800 ] Test set [f1score@1: 0.5000 f1score@2: 0.4600 f1score@3: 0.3900 ] Test set [accuracy@1: 0.5000 accuracy@2: 0.6900 accuracy@3: 0.7800 ] 
2024-03-15 01:21:40,341 - Save model parameters to ./checkpoint/cl4srec/cl4srec-2024-03-15_00-03.pth
2024-03-15 01:21:43,058 - Test set [precision@1: 0.5000 precision@2: 0.3400 precision@3: 0.2600 ] Test set [recall@1: 0.5000 recall@2: 0.6900 recall@3: 0.7800 ] Test set [f1score@1: 0.5000 f1score@2: 0.4600 f1score@3: 0.3900 ] Test set [accuracy@1: 0.5000 accuracy@2: 0.6900 accuracy@3: 0.7800 ] 
