2024-04-01 18:30:47,658 - {'optimizer': {'name': 'adam', 'lr': 0.001, 'final_lr': 1e-06, 'weight_decay': 0}, 'train': {'model_test_run': True, 'weighted_loss_fn': True, 'epoch': 1000, 'batch_size': 64, 'save_model': True, 'log_loss': True, 'test_step': 1, 'reproducible': True, 'seed': 2023, 'tensorboard': True, 'conf_mat': True, 'ssl': False, 'gradient_accumulation': False, 'accumulation_steps': 4, 'early_stop': False, 'parameter_class_weights_path': './datasets/sequential/aug/parameters/param.pkl', 'parameter_label_mapping_path': './datasets/sequential/aug/parameters/label_mapping.pkl'}, 'test': {'metrics': ['precision', 'recall', 'f1score', 'accuracy'], 'k': [1, 2, 3], 'batch_size': 64, 'train_eval': False, 'save_path': '2024-04-01_18-30'}, 'data': {'type': 'sequential', 'name': 'aug', 'seq_aug': False, 'dynamic_context_window_length': 100, 'user_num': 100, 'item_num': 28, 'max_context_length': 100, 'dynamic_context_feat_num': 14, 'static_context_feat_num': 6, 'static_context_max': [12, 6, 23, 1, 1, 1]}, 'model': {'name': 'cl4srec', 'context_encoder': 'tempcnn', 'interaction_encoder': 'sasrec', 'dropout_rate': 0.1, 'n_layers': 2, 'embedding_size': 16, 'n_heads': 2, 'max_seq_len': 10, 'lmd': 0.1, 'tau': 1, 'encoder_combine': 'concat'}, 'lstm': {'hidden_size': 64, 'num_layers': 2}, 'tune': {'enable': False, 'hyperparameters': ['dropout_rate', 'lmd', 'tau'], 'dropout_rate': [0.1, 0.2, 0.3], 'lmd': [0.05, 0.1, 0.2], 'tau': [0.5, 0.7, 0.9]}, 'device': 'cpu'}
2024-04-01 18:30:48,710 - [Epoch   0 / 1000] rec_loss: 4.0259 cl_loss: 0.0000 
2024-04-01 18:30:49,029 - Epoch   0 Test set [precision@1: 0.0600 precision@2: 0.0300 precision@3: 0.0500 ] Test set [recall@1: 0.0600 recall@2: 0.0600 recall@3: 0.1400 ] Test set [f1score@1: 0.0600 f1score@2: 0.0400 f1score@3: 0.0700 ] Test set [accuracy@1: 0.0600 accuracy@2: 0.0600 accuracy@3: 0.1400 ] 
2024-04-01 18:30:49,711 - [Epoch   1 / 1000] rec_loss: 4.0229 cl_loss: 0.0000 
2024-04-01 18:30:50,025 - Epoch   1 Test set [precision@1: 0.0600 precision@2: 0.0500 precision@3: 0.0600 ] Test set [recall@1: 0.0600 recall@2: 0.1100 recall@3: 0.1700 ] Test set [f1score@1: 0.0600 f1score@2: 0.0700 f1score@3: 0.0900 ] Test set [accuracy@1: 0.0600 accuracy@2: 0.1100 accuracy@3: 0.1700 ] 
2024-04-01 18:30:50,659 - [Epoch   2 / 1000] rec_loss: 4.0554 cl_loss: 0.0000 
2024-04-01 18:30:50,959 - Epoch   2 Test set [precision@1: 0.0600 precision@2: 0.0800 precision@3: 0.0600 ] Test set [recall@1: 0.0600 recall@2: 0.1500 recall@3: 0.1700 ] Test set [f1score@1: 0.0600 f1score@2: 0.1000 f1score@3: 0.0900 ] Test set [accuracy@1: 0.0600 accuracy@2: 0.1500 accuracy@3: 0.1700 ] 
2024-04-01 18:30:51,594 - [Epoch   3 / 1000] rec_loss: 3.7254 cl_loss: 0.0000 
2024-04-01 18:30:51,907 - Epoch   3 Test set [precision@1: 0.0600 precision@2: 0.0600 precision@3: 0.0700 ] Test set [recall@1: 0.0600 recall@2: 0.1300 recall@3: 0.2100 ] Test set [f1score@1: 0.0600 f1score@2: 0.0900 f1score@3: 0.1000 ] Test set [accuracy@1: 0.0600 accuracy@2: 0.1300 accuracy@3: 0.2100 ] 
2024-04-01 18:30:52,607 - [Epoch   4 / 1000] rec_loss: 3.7344 cl_loss: 0.0000 
2024-04-01 18:30:52,916 - Epoch   4 Test set [precision@1: 0.0600 precision@2: 0.0800 precision@3: 0.1000 ] Test set [recall@1: 0.0600 recall@2: 0.1500 recall@3: 0.2900 ] Test set [f1score@1: 0.0600 f1score@2: 0.1000 f1score@3: 0.1400 ] Test set [accuracy@1: 0.0600 accuracy@2: 0.1500 accuracy@3: 0.2900 ] 
2024-04-01 18:30:53,650 - [Epoch   5 / 1000] rec_loss: 3.7808 cl_loss: 0.0000 
2024-04-01 18:30:53,961 - Epoch   5 Test set [precision@1: 0.0600 precision@2: 0.0900 precision@3: 0.1300 ] Test set [recall@1: 0.0600 recall@2: 0.1900 recall@3: 0.3800 ] Test set [f1score@1: 0.0600 f1score@2: 0.1300 f1score@3: 0.1900 ] Test set [accuracy@1: 0.0600 accuracy@2: 0.1900 accuracy@3: 0.3800 ] 
2024-04-01 18:30:54,634 - [Epoch   6 / 1000] rec_loss: 3.6828 cl_loss: 0.0000 
2024-04-01 18:30:54,937 - Epoch   6 Test set [precision@1: 0.0700 precision@2: 0.1200 precision@3: 0.1400 ] Test set [recall@1: 0.0700 recall@2: 0.2500 recall@3: 0.4300 ] Test set [f1score@1: 0.0700 f1score@2: 0.1700 f1score@3: 0.2200 ] Test set [accuracy@1: 0.0700 accuracy@2: 0.2500 accuracy@3: 0.4300 ] 
2024-04-01 18:30:55,581 - [Epoch   7 / 1000] rec_loss: 3.2446 cl_loss: 0.0000 
2024-04-01 18:30:55,890 - Epoch   7 Test set [precision@1: 0.0600 precision@2: 0.1400 precision@3: 0.1600 ] Test set [recall@1: 0.0600 recall@2: 0.2900 recall@3: 0.4800 ] Test set [f1score@1: 0.0600 f1score@2: 0.1900 f1score@3: 0.2400 ] Test set [accuracy@1: 0.0600 accuracy@2: 0.2900 accuracy@3: 0.4800 ] 
2024-04-01 18:30:56,542 - [Epoch   8 / 1000] rec_loss: 3.7307 cl_loss: 0.0000 
2024-04-01 18:30:56,846 - Epoch   8 Test set [precision@1: 0.0800 precision@2: 0.1600 precision@3: 0.1700 ] Test set [recall@1: 0.0800 recall@2: 0.3200 recall@3: 0.5100 ] Test set [f1score@1: 0.0800 f1score@2: 0.2100 f1score@3: 0.2500 ] Test set [accuracy@1: 0.0800 accuracy@2: 0.3200 accuracy@3: 0.5100 ] 
2024-04-01 18:30:57,494 - [Epoch   9 / 1000] rec_loss: 3.8152 cl_loss: 0.0000 
2024-04-01 18:30:57,798 - Epoch   9 Test set [precision@1: 0.0900 precision@2: 0.1700 precision@3: 0.1700 ] Test set [recall@1: 0.0900 recall@2: 0.3300 recall@3: 0.5100 ] Test set [f1score@1: 0.0900 f1score@2: 0.2200 f1score@3: 0.2500 ] Test set [accuracy@1: 0.0900 accuracy@2: 0.3300 accuracy@3: 0.5100 ] 
2024-04-01 18:30:58,457 - [Epoch  10 / 1000] rec_loss: 3.1721 cl_loss: 0.0000 
2024-04-01 18:30:58,761 - Epoch  10 Test set [precision@1: 0.1300 precision@2: 0.1700 precision@3: 0.1700 ] Test set [recall@1: 0.1300 recall@2: 0.3500 recall@3: 0.5100 ] Test set [f1score@1: 0.1300 f1score@2: 0.2300 f1score@3: 0.2500 ] Test set [accuracy@1: 0.1300 accuracy@2: 0.3500 accuracy@3: 0.5100 ] 
2024-04-01 18:30:59,421 - [Epoch  11 / 1000] rec_loss: 3.4027 cl_loss: 0.0000 
2024-04-01 18:30:59,745 - Epoch  11 Test set [precision@1: 0.1300 precision@2: 0.1700 precision@3: 0.1700 ] Test set [recall@1: 0.1300 recall@2: 0.3400 recall@3: 0.5100 ] Test set [f1score@1: 0.1300 f1score@2: 0.2300 f1score@3: 0.2500 ] Test set [accuracy@1: 0.1300 accuracy@2: 0.3400 accuracy@3: 0.5100 ] 
2024-04-01 18:31:00,430 - [Epoch  12 / 1000] rec_loss: 3.2702 cl_loss: 0.0000 
2024-04-01 18:31:00,731 - Epoch  12 Test set [precision@1: 0.1300 precision@2: 0.1900 precision@3: 0.1700 ] Test set [recall@1: 0.1300 recall@2: 0.3700 recall@3: 0.5200 ] Test set [f1score@1: 0.1300 f1score@2: 0.2500 f1score@3: 0.2600 ] Test set [accuracy@1: 0.1300 accuracy@2: 0.3700 accuracy@3: 0.5200 ] 
2024-04-01 18:31:01,373 - [Epoch  13 / 1000] rec_loss: 3.4001 cl_loss: 0.0000 
2024-04-01 18:31:01,671 - Epoch  13 Test set [precision@1: 0.1500 precision@2: 0.2100 precision@3: 0.1700 ] Test set [recall@1: 0.1500 recall@2: 0.4200 recall@3: 0.5200 ] Test set [f1score@1: 0.1500 f1score@2: 0.2800 f1score@3: 0.2600 ] Test set [accuracy@1: 0.1500 accuracy@2: 0.4200 accuracy@3: 0.5200 ] 
2024-04-01 18:31:02,304 - [Epoch  14 / 1000] rec_loss: 3.1723 cl_loss: 0.0000 
2024-04-01 18:31:02,603 - Epoch  14 Test set [precision@1: 0.1800 precision@2: 0.2200 precision@3: 0.1700 ] Test set [recall@1: 0.1800 recall@2: 0.4300 recall@3: 0.5200 ] Test set [f1score@1: 0.1800 f1score@2: 0.2900 f1score@3: 0.2600 ] Test set [accuracy@1: 0.1800 accuracy@2: 0.4300 accuracy@3: 0.5200 ] 
2024-04-01 18:31:03,280 - [Epoch  15 / 1000] rec_loss: 3.0024 cl_loss: 0.0000 
2024-04-01 18:31:03,581 - Epoch  15 Test set [precision@1: 0.2200 precision@2: 0.2200 precision@3: 0.1800 ] Test set [recall@1: 0.2200 recall@2: 0.4300 recall@3: 0.5400 ] Test set [f1score@1: 0.2200 f1score@2: 0.2900 f1score@3: 0.2700 ] Test set [accuracy@1: 0.2200 accuracy@2: 0.4300 accuracy@3: 0.5400 ] 
2024-04-01 18:31:04,213 - [Epoch  16 / 1000] rec_loss: 2.9107 cl_loss: 0.0000 
2024-04-01 18:31:04,521 - Epoch  16 Test set [precision@1: 0.2500 precision@2: 0.2200 precision@3: 0.1800 ] Test set [recall@1: 0.2500 recall@2: 0.4400 recall@3: 0.5400 ] Test set [f1score@1: 0.2500 f1score@2: 0.2900 f1score@3: 0.2700 ] Test set [accuracy@1: 0.2500 accuracy@2: 0.4400 accuracy@3: 0.5400 ] 
2024-04-01 18:31:05,161 - [Epoch  17 / 1000] rec_loss: 2.9246 cl_loss: 0.0000 
2024-04-01 18:31:05,468 - Epoch  17 Test set [precision@1: 0.2900 precision@2: 0.2200 precision@3: 0.1800 ] Test set [recall@1: 0.2900 recall@2: 0.4500 recall@3: 0.5300 ] Test set [f1score@1: 0.2900 f1score@2: 0.3000 f1score@3: 0.2600 ] Test set [accuracy@1: 0.2900 accuracy@2: 0.4500 accuracy@3: 0.5300 ] 
2024-04-01 18:31:06,105 - [Epoch  18 / 1000] rec_loss: 3.0893 cl_loss: 0.0000 
2024-04-01 18:31:06,409 - Epoch  18 Test set [precision@1: 0.2800 precision@2: 0.2300 precision@3: 0.1800 ] Test set [recall@1: 0.2800 recall@2: 0.4600 recall@3: 0.5400 ] Test set [f1score@1: 0.2800 f1score@2: 0.3100 f1score@3: 0.2700 ] Test set [accuracy@1: 0.2800 accuracy@2: 0.4600 accuracy@3: 0.5400 ] 
2024-04-01 18:31:07,052 - [Epoch  19 / 1000] rec_loss: 3.1203 cl_loss: 0.0000 
2024-04-01 18:31:07,360 - Epoch  19 Test set [precision@1: 0.2800 precision@2: 0.2300 precision@3: 0.1800 ] Test set [recall@1: 0.2800 recall@2: 0.4700 recall@3: 0.5400 ] Test set [f1score@1: 0.2800 f1score@2: 0.3100 f1score@3: 0.2700 ] Test set [accuracy@1: 0.2800 accuracy@2: 0.4700 accuracy@3: 0.5400 ] 
2024-04-01 18:31:08,010 - [Epoch  20 / 1000] rec_loss: 2.9517 cl_loss: 0.0000 
2024-04-01 18:31:08,319 - Epoch  20 Test set [precision@1: 0.2900 precision@2: 0.2200 precision@3: 0.1900 ] Test set [recall@1: 0.2900 recall@2: 0.4400 recall@3: 0.5600 ] Test set [f1score@1: 0.2900 f1score@2: 0.2900 f1score@3: 0.2800 ] Test set [accuracy@1: 0.2900 accuracy@2: 0.4400 accuracy@3: 0.5600 ] 
2024-04-01 18:31:08,976 - [Epoch  21 / 1000] rec_loss: 2.7668 cl_loss: 0.0000 
2024-04-01 18:31:09,284 - Epoch  21 Test set [precision@1: 0.3000 precision@2: 0.2300 precision@3: 0.1900 ] Test set [recall@1: 0.3000 recall@2: 0.4600 recall@3: 0.5600 ] Test set [f1score@1: 0.3000 f1score@2: 0.3100 f1score@3: 0.2800 ] Test set [accuracy@1: 0.3000 accuracy@2: 0.4600 accuracy@3: 0.5600 ] 
2024-04-01 18:31:09,939 - [Epoch  22 / 1000] rec_loss: 2.8362 cl_loss: 0.0000 
2024-04-01 18:31:10,248 - Epoch  22 Test set [precision@1: 0.2800 precision@2: 0.2300 precision@3: 0.1900 ] Test set [recall@1: 0.2800 recall@2: 0.4600 recall@3: 0.5700 ] Test set [f1score@1: 0.2800 f1score@2: 0.3100 f1score@3: 0.2800 ] Test set [accuracy@1: 0.2800 accuracy@2: 0.4600 accuracy@3: 0.5700 ] 
2024-04-01 18:31:10,903 - [Epoch  23 / 1000] rec_loss: 2.9379 cl_loss: 0.0000 
2024-04-01 18:31:11,210 - Epoch  23 Test set [precision@1: 0.3000 precision@2: 0.2300 precision@3: 0.1900 ] Test set [recall@1: 0.3000 recall@2: 0.4600 recall@3: 0.5800 ] Test set [f1score@1: 0.3000 f1score@2: 0.3100 f1score@3: 0.2900 ] Test set [accuracy@1: 0.3000 accuracy@2: 0.4600 accuracy@3: 0.5800 ] 
2024-04-01 18:31:11,870 - [Epoch  24 / 1000] rec_loss: 2.7199 cl_loss: 0.0000 
2024-04-01 18:31:12,185 - Epoch  24 Test set [precision@1: 0.3000 precision@2: 0.2300 precision@3: 0.1900 ] Test set [recall@1: 0.3000 recall@2: 0.4700 recall@3: 0.5800 ] Test set [f1score@1: 0.3000 f1score@2: 0.3100 f1score@3: 0.2900 ] Test set [accuracy@1: 0.3000 accuracy@2: 0.4700 accuracy@3: 0.5800 ] 
2024-04-01 18:31:12,840 - [Epoch  25 / 1000] rec_loss: 2.7762 cl_loss: 0.0000 
2024-04-01 18:31:13,172 - Epoch  25 Test set [precision@1: 0.3300 precision@2: 0.2400 precision@3: 0.2000 ] Test set [recall@1: 0.3300 recall@2: 0.4800 recall@3: 0.6000 ] Test set [f1score@1: 0.3300 f1score@2: 0.3200 f1score@3: 0.3000 ] Test set [accuracy@1: 0.3300 accuracy@2: 0.4800 accuracy@3: 0.6000 ] 
2024-04-01 18:31:13,837 - [Epoch  26 / 1000] rec_loss: 2.5806 cl_loss: 0.0000 
2024-04-01 18:31:14,160 - Epoch  26 Test set [precision@1: 0.3300 precision@2: 0.2500 precision@3: 0.1900 ] Test set [recall@1: 0.3300 recall@2: 0.4900 recall@3: 0.5800 ] Test set [f1score@1: 0.3300 f1score@2: 0.3300 f1score@3: 0.2900 ] Test set [accuracy@1: 0.3300 accuracy@2: 0.4900 accuracy@3: 0.5800 ] 
2024-04-01 18:31:14,825 - [Epoch  27 / 1000] rec_loss: 2.5398 cl_loss: 0.0000 
2024-04-01 18:31:15,143 - Epoch  27 Test set [precision@1: 0.3500 precision@2: 0.2500 precision@3: 0.2100 ] Test set [recall@1: 0.3500 recall@2: 0.5000 recall@3: 0.6200 ] Test set [f1score@1: 0.3500 f1score@2: 0.3300 f1score@3: 0.3100 ] Test set [accuracy@1: 0.3500 accuracy@2: 0.5000 accuracy@3: 0.6200 ] 
2024-04-01 18:31:15,805 - [Epoch  28 / 1000] rec_loss: 2.6857 cl_loss: 0.0000 
2024-04-01 18:31:16,123 - Epoch  28 Test set [precision@1: 0.3600 precision@2: 0.2500 precision@3: 0.2000 ] Test set [recall@1: 0.3600 recall@2: 0.5000 recall@3: 0.6100 ] Test set [f1score@1: 0.3600 f1score@2: 0.3300 f1score@3: 0.3100 ] Test set [accuracy@1: 0.3600 accuracy@2: 0.5000 accuracy@3: 0.6100 ] 
2024-04-01 18:31:16,793 - [Epoch  29 / 1000] rec_loss: 2.6200 cl_loss: 0.0000 
2024-04-01 18:31:17,115 - Epoch  29 Test set [precision@1: 0.3400 precision@2: 0.2500 precision@3: 0.2000 ] Test set [recall@1: 0.3400 recall@2: 0.5100 recall@3: 0.6100 ] Test set [f1score@1: 0.3400 f1score@2: 0.3400 f1score@3: 0.3100 ] Test set [accuracy@1: 0.3400 accuracy@2: 0.5100 accuracy@3: 0.6100 ] 
2024-04-01 18:31:17,780 - [Epoch  30 / 1000] rec_loss: 2.6330 cl_loss: 0.0000 
2024-04-01 18:31:18,101 - Epoch  30 Test set [precision@1: 0.3100 precision@2: 0.2500 precision@3: 0.2000 ] Test set [recall@1: 0.3100 recall@2: 0.4900 recall@3: 0.6100 ] Test set [f1score@1: 0.3100 f1score@2: 0.3300 f1score@3: 0.3100 ] Test set [accuracy@1: 0.3100 accuracy@2: 0.4900 accuracy@3: 0.6100 ] 
2024-04-01 18:31:18,776 - [Epoch  31 / 1000] rec_loss: 2.8227 cl_loss: 0.0000 
2024-04-01 18:31:19,099 - Epoch  31 Test set [precision@1: 0.2900 precision@2: 0.2600 precision@3: 0.2100 ] Test set [recall@1: 0.2900 recall@2: 0.5300 recall@3: 0.6300 ] Test set [f1score@1: 0.2900 f1score@2: 0.3500 f1score@3: 0.3100 ] Test set [accuracy@1: 0.2900 accuracy@2: 0.5300 accuracy@3: 0.6300 ] 
2024-04-01 18:31:19,777 - [Epoch  32 / 1000] rec_loss: 2.6660 cl_loss: 0.0000 
2024-04-01 18:31:20,099 - Epoch  32 Test set [precision@1: 0.2900 precision@2: 0.2800 precision@3: 0.2100 ] Test set [recall@1: 0.2900 recall@2: 0.5500 recall@3: 0.6400 ] Test set [f1score@1: 0.2900 f1score@2: 0.3700 f1score@3: 0.3200 ] Test set [accuracy@1: 0.2900 accuracy@2: 0.5500 accuracy@3: 0.6400 ] 
2024-04-01 18:31:20,770 - [Epoch  33 / 1000] rec_loss: 2.5255 cl_loss: 0.0000 
2024-04-01 18:31:21,090 - Epoch  33 Test set [precision@1: 0.3100 precision@2: 0.2900 precision@3: 0.2200 ] Test set [recall@1: 0.3100 recall@2: 0.5800 recall@3: 0.6600 ] Test set [f1score@1: 0.3100 f1score@2: 0.3900 f1score@3: 0.3300 ] Test set [accuracy@1: 0.3100 accuracy@2: 0.5800 accuracy@3: 0.6600 ] 
2024-04-01 18:31:21,757 - [Epoch  34 / 1000] rec_loss: 2.4591 cl_loss: 0.0000 
2024-04-01 18:31:22,073 - Epoch  34 Test set [precision@1: 0.3300 precision@2: 0.2800 precision@3: 0.2200 ] Test set [recall@1: 0.3300 recall@2: 0.5500 recall@3: 0.6500 ] Test set [f1score@1: 0.3300 f1score@2: 0.3700 f1score@3: 0.3200 ] Test set [accuracy@1: 0.3300 accuracy@2: 0.5500 accuracy@3: 0.6500 ] 
2024-04-01 18:31:22,743 - [Epoch  35 / 1000] rec_loss: 2.6642 cl_loss: 0.0000 
2024-04-01 18:31:23,059 - Epoch  35 Test set [precision@1: 0.3600 precision@2: 0.2800 precision@3: 0.2200 ] Test set [recall@1: 0.3600 recall@2: 0.5600 recall@3: 0.6600 ] Test set [f1score@1: 0.3600 f1score@2: 0.3700 f1score@3: 0.3300 ] Test set [accuracy@1: 0.3600 accuracy@2: 0.5600 accuracy@3: 0.6600 ] 
2024-04-01 18:31:23,725 - [Epoch  36 / 1000] rec_loss: 2.5492 cl_loss: 0.0000 
2024-04-01 18:31:24,055 - Epoch  36 Test set [precision@1: 0.3900 precision@2: 0.2800 precision@3: 0.2200 ] Test set [recall@1: 0.3900 recall@2: 0.5700 recall@3: 0.6600 ] Test set [f1score@1: 0.3900 f1score@2: 0.3800 f1score@3: 0.3300 ] Test set [accuracy@1: 0.3900 accuracy@2: 0.5700 accuracy@3: 0.6600 ] 
2024-04-01 18:31:24,724 - [Epoch  37 / 1000] rec_loss: 2.3652 cl_loss: 0.0000 
2024-04-01 18:31:25,054 - Epoch  37 Test set [precision@1: 0.3900 precision@2: 0.2900 precision@3: 0.2300 ] Test set [recall@1: 0.3900 recall@2: 0.5900 recall@3: 0.7000 ] Test set [f1score@1: 0.3900 f1score@2: 0.3900 f1score@3: 0.3500 ] Test set [accuracy@1: 0.3900 accuracy@2: 0.5900 accuracy@3: 0.7000 ] 
2024-04-01 18:31:25,733 - [Epoch  38 / 1000] rec_loss: 2.8688 cl_loss: 0.0000 
2024-04-01 18:31:26,055 - Epoch  38 Test set [precision@1: 0.3700 precision@2: 0.2900 precision@3: 0.2300 ] Test set [recall@1: 0.3700 recall@2: 0.5900 recall@3: 0.6800 ] Test set [f1score@1: 0.3700 f1score@2: 0.3900 f1score@3: 0.3400 ] Test set [accuracy@1: 0.3700 accuracy@2: 0.5900 accuracy@3: 0.6800 ] 
2024-04-01 18:31:26,733 - [Epoch  39 / 1000] rec_loss: 2.3741 cl_loss: 0.0000 
2024-04-01 18:31:27,062 - Epoch  39 Test set [precision@1: 0.4000 precision@2: 0.2900 precision@3: 0.2300 ] Test set [recall@1: 0.4000 recall@2: 0.5900 recall@3: 0.6900 ] Test set [f1score@1: 0.4000 f1score@2: 0.3900 f1score@3: 0.3400 ] Test set [accuracy@1: 0.4000 accuracy@2: 0.5900 accuracy@3: 0.6900 ] 
2024-04-01 18:31:27,745 - [Epoch  40 / 1000] rec_loss: 2.3725 cl_loss: 0.0000 
2024-04-01 18:31:28,067 - Epoch  40 Test set [precision@1: 0.4000 precision@2: 0.2900 precision@3: 0.2200 ] Test set [recall@1: 0.4000 recall@2: 0.5900 recall@3: 0.6700 ] Test set [f1score@1: 0.4000 f1score@2: 0.3900 f1score@3: 0.3400 ] Test set [accuracy@1: 0.4000 accuracy@2: 0.5900 accuracy@3: 0.6700 ] 
2024-04-01 18:31:28,754 - [Epoch  41 / 1000] rec_loss: 2.3950 cl_loss: 0.0000 
2024-04-01 18:31:29,081 - Epoch  41 Test set [precision@1: 0.4000 precision@2: 0.2900 precision@3: 0.2300 ] Test set [recall@1: 0.4000 recall@2: 0.5800 recall@3: 0.6800 ] Test set [f1score@1: 0.4000 f1score@2: 0.3900 f1score@3: 0.3400 ] Test set [accuracy@1: 0.4000 accuracy@2: 0.5800 accuracy@3: 0.6800 ] 
2024-04-01 18:31:29,755 - [Epoch  42 / 1000] rec_loss: 2.4132 cl_loss: 0.0000 
2024-04-01 18:31:30,078 - Epoch  42 Test set [precision@1: 0.4100 precision@2: 0.2800 precision@3: 0.2300 ] Test set [recall@1: 0.4100 recall@2: 0.5700 recall@3: 0.6800 ] Test set [f1score@1: 0.4100 f1score@2: 0.3800 f1score@3: 0.3400 ] Test set [accuracy@1: 0.4100 accuracy@2: 0.5700 accuracy@3: 0.6800 ] 
2024-04-01 18:31:30,754 - [Epoch  43 / 1000] rec_loss: 2.4016 cl_loss: 0.0000 
2024-04-01 18:31:31,084 - Epoch  43 Test set [precision@1: 0.3900 precision@2: 0.2800 precision@3: 0.2200 ] Test set [recall@1: 0.3900 recall@2: 0.5600 recall@3: 0.6700 ] Test set [f1score@1: 0.3900 f1score@2: 0.3700 f1score@3: 0.3400 ] Test set [accuracy@1: 0.3900 accuracy@2: 0.5600 accuracy@3: 0.6700 ] 
2024-04-01 18:31:31,768 - [Epoch  44 / 1000] rec_loss: 2.4989 cl_loss: 0.0000 
2024-04-01 18:31:32,101 - Epoch  44 Test set [precision@1: 0.3900 precision@2: 0.2800 precision@3: 0.2200 ] Test set [recall@1: 0.3900 recall@2: 0.5500 recall@3: 0.6700 ] Test set [f1score@1: 0.3900 f1score@2: 0.3700 f1score@3: 0.3400 ] Test set [accuracy@1: 0.3900 accuracy@2: 0.5500 accuracy@3: 0.6700 ] 
2024-04-01 18:31:32,794 - [Epoch  45 / 1000] rec_loss: 2.5049 cl_loss: 0.0000 
2024-04-01 18:31:33,117 - Epoch  45 Test set [precision@1: 0.3700 precision@2: 0.2800 precision@3: 0.2200 ] Test set [recall@1: 0.3700 recall@2: 0.5600 recall@3: 0.6600 ] Test set [f1score@1: 0.3700 f1score@2: 0.3700 f1score@3: 0.3300 ] Test set [accuracy@1: 0.3700 accuracy@2: 0.5600 accuracy@3: 0.6600 ] 
2024-04-01 18:31:33,802 - [Epoch  46 / 1000] rec_loss: 2.5395 cl_loss: 0.0000 
2024-04-01 18:31:34,138 - Epoch  46 Test set [precision@1: 0.3400 precision@2: 0.2800 precision@3: 0.2200 ] Test set [recall@1: 0.3400 recall@2: 0.5700 recall@3: 0.6700 ] Test set [f1score@1: 0.3400 f1score@2: 0.3800 f1score@3: 0.3400 ] Test set [accuracy@1: 0.3400 accuracy@2: 0.5700 accuracy@3: 0.6700 ] 
2024-04-01 18:31:34,832 - [Epoch  47 / 1000] rec_loss: 2.2681 cl_loss: 0.0000 
2024-04-01 18:31:35,162 - Epoch  47 Test set [precision@1: 0.4100 precision@2: 0.2800 precision@3: 0.2400 ] Test set [recall@1: 0.4100 recall@2: 0.5700 recall@3: 0.7200 ] Test set [f1score@1: 0.4100 f1score@2: 0.3800 f1score@3: 0.3600 ] Test set [accuracy@1: 0.4100 accuracy@2: 0.5700 accuracy@3: 0.7200 ] 
2024-04-01 18:31:35,849 - [Epoch  48 / 1000] rec_loss: 2.4048 cl_loss: 0.0000 
2024-04-01 18:31:36,173 - Epoch  48 Test set [precision@1: 0.4300 precision@2: 0.2800 precision@3: 0.2400 ] Test set [recall@1: 0.4300 recall@2: 0.5700 recall@3: 0.7200 ] Test set [f1score@1: 0.4300 f1score@2: 0.3800 f1score@3: 0.3600 ] Test set [accuracy@1: 0.4300 accuracy@2: 0.5700 accuracy@3: 0.7200 ] 
2024-04-01 18:31:36,873 - [Epoch  49 / 1000] rec_loss: 2.3351 cl_loss: 0.0000 
2024-04-01 18:31:37,201 - Epoch  49 Test set [precision@1: 0.4400 precision@2: 0.2800 precision@3: 0.2400 ] Test set [recall@1: 0.4400 recall@2: 0.5700 recall@3: 0.7100 ] Test set [f1score@1: 0.4400 f1score@2: 0.3800 f1score@3: 0.3500 ] Test set [accuracy@1: 0.4400 accuracy@2: 0.5700 accuracy@3: 0.7100 ] 
2024-04-01 18:31:37,885 - [Epoch  50 / 1000] rec_loss: 2.1983 cl_loss: 0.0000 
2024-04-01 18:31:38,214 - Epoch  50 Test set [precision@1: 0.4300 precision@2: 0.2800 precision@3: 0.2400 ] Test set [recall@1: 0.4300 recall@2: 0.5700 recall@3: 0.7300 ] Test set [f1score@1: 0.4300 f1score@2: 0.3800 f1score@3: 0.3700 ] Test set [accuracy@1: 0.4300 accuracy@2: 0.5700 accuracy@3: 0.7300 ] 
2024-04-01 18:31:38,913 - [Epoch  51 / 1000] rec_loss: 2.2183 cl_loss: 0.0000 
2024-04-01 18:31:39,254 - Epoch  51 Test set [precision@1: 0.4100 precision@2: 0.2900 precision@3: 0.2400 ] Test set [recall@1: 0.4100 recall@2: 0.5800 recall@3: 0.7300 ] Test set [f1score@1: 0.4100 f1score@2: 0.3900 f1score@3: 0.3700 ] Test set [accuracy@1: 0.4100 accuracy@2: 0.5800 accuracy@3: 0.7300 ] 
2024-04-01 18:31:39,956 - [Epoch  52 / 1000] rec_loss: 2.1262 cl_loss: 0.0000 
2024-04-01 18:31:40,302 - Epoch  52 Test set [precision@1: 0.4100 precision@2: 0.2900 precision@3: 0.2400 ] Test set [recall@1: 0.4100 recall@2: 0.5900 recall@3: 0.7300 ] Test set [f1score@1: 0.4100 f1score@2: 0.3900 f1score@3: 0.3700 ] Test set [accuracy@1: 0.4100 accuracy@2: 0.5900 accuracy@3: 0.7300 ] 
2024-04-01 18:31:41,005 - [Epoch  53 / 1000] rec_loss: 2.2484 cl_loss: 0.0000 
2024-04-01 18:31:41,341 - Epoch  53 Test set [precision@1: 0.4500 precision@2: 0.3000 precision@3: 0.2400 ] Test set [recall@1: 0.4500 recall@2: 0.6000 recall@3: 0.7200 ] Test set [f1score@1: 0.4500 f1score@2: 0.4000 f1score@3: 0.3600 ] Test set [accuracy@1: 0.4500 accuracy@2: 0.6000 accuracy@3: 0.7200 ] 
2024-04-01 18:31:42,030 - [Epoch  54 / 1000] rec_loss: 2.1872 cl_loss: 0.0000 
2024-04-01 18:31:42,361 - Epoch  54 Test set [precision@1: 0.4500 precision@2: 0.3000 precision@3: 0.2400 ] Test set [recall@1: 0.4500 recall@2: 0.6000 recall@3: 0.7100 ] Test set [f1score@1: 0.4500 f1score@2: 0.4000 f1score@3: 0.3500 ] Test set [accuracy@1: 0.4500 accuracy@2: 0.6000 accuracy@3: 0.7100 ] 
2024-04-01 18:31:43,058 - [Epoch  55 / 1000] rec_loss: 2.1935 cl_loss: 0.0000 
2024-04-01 18:31:43,391 - Epoch  55 Test set [precision@1: 0.4500 precision@2: 0.3000 precision@3: 0.2300 ] Test set [recall@1: 0.4500 recall@2: 0.6000 recall@3: 0.7000 ] Test set [f1score@1: 0.4500 f1score@2: 0.4000 f1score@3: 0.3500 ] Test set [accuracy@1: 0.4500 accuracy@2: 0.6000 accuracy@3: 0.7000 ] 
2024-04-01 18:31:44,089 - [Epoch  56 / 1000] rec_loss: 2.1129 cl_loss: 0.0000 
2024-04-01 18:31:44,422 - Epoch  56 Test set [precision@1: 0.4700 precision@2: 0.2900 precision@3: 0.2400 ] Test set [recall@1: 0.4700 recall@2: 0.5900 recall@3: 0.7100 ] Test set [f1score@1: 0.4700 f1score@2: 0.3900 f1score@3: 0.3500 ] Test set [accuracy@1: 0.4700 accuracy@2: 0.5900 accuracy@3: 0.7100 ] 
2024-04-01 18:31:45,115 - [Epoch  57 / 1000] rec_loss: 2.3682 cl_loss: 0.0000 
2024-04-01 18:31:45,448 - Epoch  57 Test set [precision@1: 0.4800 precision@2: 0.3000 precision@3: 0.2400 ] Test set [recall@1: 0.4800 recall@2: 0.6000 recall@3: 0.7100 ] Test set [f1score@1: 0.4800 f1score@2: 0.4000 f1score@3: 0.3500 ] Test set [accuracy@1: 0.4800 accuracy@2: 0.6000 accuracy@3: 0.7100 ] 
2024-04-01 18:31:46,145 - [Epoch  58 / 1000] rec_loss: 2.2551 cl_loss: 0.0000 
2024-04-01 18:31:46,480 - Epoch  58 Test set [precision@1: 0.5000 precision@2: 0.3100 precision@3: 0.2400 ] Test set [recall@1: 0.5000 recall@2: 0.6200 recall@3: 0.7300 ] Test set [f1score@1: 0.5000 f1score@2: 0.4100 f1score@3: 0.3700 ] Test set [accuracy@1: 0.5000 accuracy@2: 0.6200 accuracy@3: 0.7300 ] 
2024-04-01 18:31:47,218 - [Epoch  59 / 1000] rec_loss: 2.1211 cl_loss: 0.0000 
2024-04-01 18:31:47,565 - Epoch  59 Test set [precision@1: 0.4900 precision@2: 0.3100 precision@3: 0.2400 ] Test set [recall@1: 0.4900 recall@2: 0.6200 recall@3: 0.7300 ] Test set [f1score@1: 0.4900 f1score@2: 0.4100 f1score@3: 0.3700 ] Test set [accuracy@1: 0.4900 accuracy@2: 0.6200 accuracy@3: 0.7300 ] 
2024-04-01 18:31:48,331 - [Epoch  60 / 1000] rec_loss: 2.0668 cl_loss: 0.0000 
2024-04-01 18:31:48,700 - Epoch  60 Test set [precision@1: 0.4700 precision@2: 0.3100 precision@3: 0.2400 ] Test set [recall@1: 0.4700 recall@2: 0.6200 recall@3: 0.7200 ] Test set [f1score@1: 0.4700 f1score@2: 0.4100 f1score@3: 0.3600 ] Test set [accuracy@1: 0.4700 accuracy@2: 0.6200 accuracy@3: 0.7200 ] 
2024-04-01 18:31:49,427 - [Epoch  61 / 1000] rec_loss: 1.9065 cl_loss: 0.0000 
2024-04-01 18:31:49,786 - Epoch  61 Test set [precision@1: 0.4900 precision@2: 0.3100 precision@3: 0.2500 ] Test set [recall@1: 0.4900 recall@2: 0.6200 recall@3: 0.7500 ] Test set [f1score@1: 0.4900 f1score@2: 0.4100 f1score@3: 0.3800 ] Test set [accuracy@1: 0.4900 accuracy@2: 0.6200 accuracy@3: 0.7500 ] 
2024-04-01 18:31:50,524 - [Epoch  62 / 1000] rec_loss: 2.0879 cl_loss: 0.0000 
2024-04-01 18:31:50,858 - Epoch  62 Test set [precision@1: 0.4900 precision@2: 0.3100 precision@3: 0.2500 ] Test set [recall@1: 0.4900 recall@2: 0.6200 recall@3: 0.7400 ] Test set [f1score@1: 0.4900 f1score@2: 0.4100 f1score@3: 0.3700 ] Test set [accuracy@1: 0.4900 accuracy@2: 0.6200 accuracy@3: 0.7400 ] 
2024-04-01 18:31:51,607 - [Epoch  63 / 1000] rec_loss: 2.1544 cl_loss: 0.0000 
2024-04-01 18:31:51,966 - Epoch  63 Test set [precision@1: 0.5000 precision@2: 0.3200 precision@3: 0.2500 ] Test set [recall@1: 0.5000 recall@2: 0.6400 recall@3: 0.7500 ] Test set [f1score@1: 0.5000 f1score@2: 0.4300 f1score@3: 0.3800 ] Test set [accuracy@1: 0.5000 accuracy@2: 0.6400 accuracy@3: 0.7500 ] 
2024-04-01 18:31:52,721 - [Epoch  64 / 1000] rec_loss: 2.0943 cl_loss: 0.0000 
2024-04-01 18:31:53,072 - Epoch  64 Test set [precision@1: 0.5000 precision@2: 0.3200 precision@3: 0.2500 ] Test set [recall@1: 0.5000 recall@2: 0.6400 recall@3: 0.7400 ] Test set [f1score@1: 0.5000 f1score@2: 0.4300 f1score@3: 0.3700 ] Test set [accuracy@1: 0.5000 accuracy@2: 0.6400 accuracy@3: 0.7400 ] 
2024-04-01 18:31:53,804 - [Epoch  65 / 1000] rec_loss: 1.9984 cl_loss: 0.0000 
2024-04-01 18:31:54,151 - Epoch  65 Test set [precision@1: 0.5100 precision@2: 0.3200 precision@3: 0.2500 ] Test set [recall@1: 0.5100 recall@2: 0.6500 recall@3: 0.7600 ] Test set [f1score@1: 0.5100 f1score@2: 0.4300 f1score@3: 0.3800 ] Test set [accuracy@1: 0.5100 accuracy@2: 0.6500 accuracy@3: 0.7600 ] 
2024-04-01 18:31:54,857 - [Epoch  66 / 1000] rec_loss: 2.1197 cl_loss: 0.0000 
