2024-03-27 09:31:26,600 - {'optimizer': {'name': 'adam', 'lr': 0.001, 'final_lr': 1e-06, 'weight_decay': 0}, 'train': {'model_test_run': True, 'weighted_loss_fn': True, 'epoch': 1000, 'batch_size': 64, 'save_model': True, 'log_loss': True, 'test_step': 1, 'reproducible': True, 'seed': 2023, 'tensorboard': True, 'conf_mat': True, 'ssl': False, 'gradient_accumulation': False, 'accumulation_steps': 4, 'early_stop': False, 'parameter_class_weights_path': './datasets/sequential/aug/parameters/param.pkl', 'parameter_label_mapping_path': './datasets/sequential/aug/parameters/label_mapping.pkl'}, 'test': {'metrics': ['precision', 'recall', 'f1score', 'accuracy'], 'k': [1, 2, 3], 'batch_size': 64, 'train_eval': False, 'save_path': '2024-03-27_09-31'}, 'data': {'type': 'sequential', 'name': 'aug', 'seq_aug': False, 'dynamic_context_window_length': 100, 'user_num': 100, 'item_num': 28, 'max_context_length': 100, 'dynamic_context_feat_num': 14, 'static_context_feat_num': 6, 'static_context_max': [12, 6, 23, 1, 1, 1]}, 'model': {'name': 'cl4srec', 'context_encoder': 'tempcnn', 'interaction_encoder': 'sasrec', 'dropout_rate': 0.1, 'n_layers': 2, 'embedding_size': 16, 'n_heads': 2, 'max_seq_len': 10, 'lmd': 0.1, 'tau': 1, 'encoder_combine': 'concat'}, 'lstm': {'hidden_size': 64, 'num_layers': 2}, 'tune': {'enable': False, 'hyperparameters': ['dropout_rate', 'lmd', 'tau'], 'dropout_rate': [0.1, 0.2, 0.3], 'lmd': [0.05, 0.1, 0.2], 'tau': [0.5, 0.7, 0.9]}, 'device': 'cpu'}
2024-03-27 09:31:27,580 - [Epoch   0 / 1000] rec_loss: 3.3690 cl_loss: 0.0000 
2024-03-27 09:31:27,860 - Epoch   0 Test set [precision@1: 0.0000 precision@2: 0.0100 precision@3: 0.0500 ] Test set [recall@1: 0.0000 recall@2: 0.0200 recall@3: 0.1400 ] Test set [f1score@1: 0.0000 f1score@2: 0.0100 f1score@3: 0.0700 ] Test set [accuracy@1: 0.0000 accuracy@2: 0.0200 accuracy@3: 0.1400 ] 
2024-03-27 09:31:28,478 - [Epoch   1 / 1000] rec_loss: 3.2617 cl_loss: 0.0000 
2024-03-27 09:31:28,753 - Epoch   1 Test set [precision@1: 0.0200 precision@2: 0.0100 precision@3: 0.0400 ] Test set [recall@1: 0.0200 recall@2: 0.0200 recall@3: 0.1300 ] Test set [f1score@1: 0.0200 f1score@2: 0.0100 f1score@3: 0.0600 ] Test set [accuracy@1: 0.0200 accuracy@2: 0.0200 accuracy@3: 0.1300 ] 
2024-03-27 09:31:29,367 - [Epoch   2 / 1000] rec_loss: 2.9231 cl_loss: 0.0000 
2024-03-27 09:31:29,644 - Epoch   2 Test set [precision@1: 0.1900 precision@2: 0.1200 precision@3: 0.0900 ] Test set [recall@1: 0.1900 recall@2: 0.2500 recall@3: 0.2700 ] Test set [f1score@1: 0.1900 f1score@2: 0.1700 f1score@3: 0.1400 ] Test set [accuracy@1: 0.1900 accuracy@2: 0.2500 accuracy@3: 0.2700 ] 
2024-03-27 09:31:30,271 - [Epoch   3 / 1000] rec_loss: 2.5413 cl_loss: 0.0000 
2024-03-27 09:31:30,546 - Epoch   3 Test set [precision@1: 0.3900 precision@2: 0.2600 precision@3: 0.2200 ] Test set [recall@1: 0.3900 recall@2: 0.5300 recall@3: 0.6500 ] Test set [f1score@1: 0.3900 f1score@2: 0.3500 f1score@3: 0.3200 ] Test set [accuracy@1: 0.3900 accuracy@2: 0.5300 accuracy@3: 0.6500 ] 
2024-03-27 09:31:31,176 - [Epoch   4 / 1000] rec_loss: 2.3132 cl_loss: 0.0000 
2024-03-27 09:31:31,451 - Epoch   4 Test set [precision@1: 0.3900 precision@2: 0.2600 precision@3: 0.2300 ] Test set [recall@1: 0.3900 recall@2: 0.5300 recall@3: 0.6800 ] Test set [f1score@1: 0.3900 f1score@2: 0.3500 f1score@3: 0.3400 ] Test set [accuracy@1: 0.3900 accuracy@2: 0.5300 accuracy@3: 0.6800 ] 
2024-03-27 09:31:32,062 - [Epoch   5 / 1000] rec_loss: 2.0744 cl_loss: 0.0000 
2024-03-27 09:31:32,336 - Epoch   5 Test set [precision@1: 0.3900 precision@2: 0.2600 precision@3: 0.2100 ] Test set [recall@1: 0.3900 recall@2: 0.5300 recall@3: 0.6200 ] Test set [f1score@1: 0.3900 f1score@2: 0.3500 f1score@3: 0.3100 ] Test set [accuracy@1: 0.3900 accuracy@2: 0.5300 accuracy@3: 0.6200 ] 
2024-03-27 09:31:32,946 - [Epoch   6 / 1000] rec_loss: 2.0241 cl_loss: 0.0000 
2024-03-27 09:31:33,221 - Epoch   6 Test set [precision@1: 0.3900 precision@2: 0.2400 precision@3: 0.2100 ] Test set [recall@1: 0.3900 recall@2: 0.4800 recall@3: 0.6200 ] Test set [f1score@1: 0.3900 f1score@2: 0.3200 f1score@3: 0.3100 ] Test set [accuracy@1: 0.3900 accuracy@2: 0.4800 accuracy@3: 0.6200 ] 
2024-03-27 09:31:33,834 - [Epoch   7 / 1000] rec_loss: 2.1435 cl_loss: 0.0000 
2024-03-27 09:31:34,109 - Epoch   7 Test set [precision@1: 0.3900 precision@2: 0.2400 precision@3: 0.2100 ] Test set [recall@1: 0.3900 recall@2: 0.4800 recall@3: 0.6400 ] Test set [f1score@1: 0.3900 f1score@2: 0.3200 f1score@3: 0.3200 ] Test set [accuracy@1: 0.3900 accuracy@2: 0.4800 accuracy@3: 0.6400 ] 
2024-03-27 09:31:34,722 - [Epoch   8 / 1000] rec_loss: 2.1039 cl_loss: 0.0000 
2024-03-27 09:31:34,996 - Epoch   8 Test set [precision@1: 0.3900 precision@2: 0.2400 precision@3: 0.2100 ] Test set [recall@1: 0.3900 recall@2: 0.4800 recall@3: 0.6200 ] Test set [f1score@1: 0.3900 f1score@2: 0.3200 f1score@3: 0.3100 ] Test set [accuracy@1: 0.3900 accuracy@2: 0.4800 accuracy@3: 0.6200 ] 
2024-03-27 09:31:35,610 - [Epoch   9 / 1000] rec_loss: 1.9848 cl_loss: 0.0000 
2024-03-27 09:31:35,886 - Epoch   9 Test set [precision@1: 0.3900 precision@2: 0.2500 precision@3: 0.2100 ] Test set [recall@1: 0.3900 recall@2: 0.4900 recall@3: 0.6200 ] Test set [f1score@1: 0.3900 f1score@2: 0.3300 f1score@3: 0.3100 ] Test set [accuracy@1: 0.3900 accuracy@2: 0.4900 accuracy@3: 0.6200 ] 
2024-03-27 09:31:36,499 - [Epoch  10 / 1000] rec_loss: 2.0452 cl_loss: 0.0000 
2024-03-27 09:31:36,787 - Epoch  10 Test set [precision@1: 0.3900 precision@2: 0.2600 precision@3: 0.2300 ] Test set [recall@1: 0.3900 recall@2: 0.5300 recall@3: 0.6800 ] Test set [f1score@1: 0.3900 f1score@2: 0.3500 f1score@3: 0.3400 ] Test set [accuracy@1: 0.3900 accuracy@2: 0.5300 accuracy@3: 0.6800 ] 
2024-03-27 09:31:37,398 - [Epoch  11 / 1000] rec_loss: 2.0616 cl_loss: 0.0000 
2024-03-27 09:31:37,673 - Epoch  11 Test set [precision@1: 0.3900 precision@2: 0.2600 precision@3: 0.2300 ] Test set [recall@1: 0.3900 recall@2: 0.5300 recall@3: 0.6800 ] Test set [f1score@1: 0.3900 f1score@2: 0.3500 f1score@3: 0.3400 ] Test set [accuracy@1: 0.3900 accuracy@2: 0.5300 accuracy@3: 0.6800 ] 
2024-03-27 09:31:38,291 - [Epoch  12 / 1000] rec_loss: 2.0059 cl_loss: 0.0000 
2024-03-27 09:31:38,566 - Epoch  12 Test set [precision@1: 0.3900 precision@2: 0.2600 precision@3: 0.2300 ] Test set [recall@1: 0.3900 recall@2: 0.5300 recall@3: 0.6800 ] Test set [f1score@1: 0.3900 f1score@2: 0.3500 f1score@3: 0.3400 ] Test set [accuracy@1: 0.3900 accuracy@2: 0.5300 accuracy@3: 0.6800 ] 
2024-03-27 09:31:39,185 - [Epoch  13 / 1000] rec_loss: 2.0203 cl_loss: 0.0000 
2024-03-27 09:31:39,460 - Epoch  13 Test set [precision@1: 0.3900 precision@2: 0.2600 precision@3: 0.2100 ] Test set [recall@1: 0.3900 recall@2: 0.5300 recall@3: 0.6400 ] Test set [f1score@1: 0.3900 f1score@2: 0.3500 f1score@3: 0.3200 ] Test set [accuracy@1: 0.3900 accuracy@2: 0.5300 accuracy@3: 0.6400 ] 
2024-03-27 09:31:40,077 - [Epoch  14 / 1000] rec_loss: 1.9465 cl_loss: 0.0000 
2024-03-27 09:31:40,355 - Epoch  14 Test set [precision@1: 0.3900 precision@2: 0.2600 precision@3: 0.2100 ] Test set [recall@1: 0.3900 recall@2: 0.5300 recall@3: 0.6400 ] Test set [f1score@1: 0.3900 f1score@2: 0.3500 f1score@3: 0.3200 ] Test set [accuracy@1: 0.3900 accuracy@2: 0.5300 accuracy@3: 0.6400 ] 
2024-03-27 09:31:40,969 - [Epoch  15 / 1000] rec_loss: 1.8893 cl_loss: 0.0000 
2024-03-27 09:31:41,244 - Epoch  15 Test set [precision@1: 0.3900 precision@2: 0.2600 precision@3: 0.2200 ] Test set [recall@1: 0.3900 recall@2: 0.5300 recall@3: 0.6500 ] Test set [f1score@1: 0.3900 f1score@2: 0.3500 f1score@3: 0.3200 ] Test set [accuracy@1: 0.3900 accuracy@2: 0.5300 accuracy@3: 0.6500 ] 
2024-03-27 09:31:41,884 - [Epoch  16 / 1000] rec_loss: 1.9708 cl_loss: 0.0000 
2024-03-27 09:31:42,158 - Epoch  16 Test set [precision@1: 0.3900 precision@2: 0.2600 precision@3: 0.2200 ] Test set [recall@1: 0.3900 recall@2: 0.5300 recall@3: 0.6700 ] Test set [f1score@1: 0.3900 f1score@2: 0.3500 f1score@3: 0.3400 ] Test set [accuracy@1: 0.3900 accuracy@2: 0.5300 accuracy@3: 0.6700 ] 
2024-03-27 09:31:42,773 - [Epoch  17 / 1000] rec_loss: 1.9894 cl_loss: 0.0000 
2024-03-27 09:31:43,050 - Epoch  17 Test set [precision@1: 0.3900 precision@2: 0.2800 precision@3: 0.2200 ] Test set [recall@1: 0.3900 recall@2: 0.5500 recall@3: 0.6700 ] Test set [f1score@1: 0.3900 f1score@2: 0.3700 f1score@3: 0.3400 ] Test set [accuracy@1: 0.3900 accuracy@2: 0.5500 accuracy@3: 0.6700 ] 
2024-03-27 09:31:43,675 - [Epoch  18 / 1000] rec_loss: 1.9150 cl_loss: 0.0000 
2024-03-27 09:31:43,951 - Epoch  18 Test set [precision@1: 0.3900 precision@2: 0.2900 precision@3: 0.2400 ] Test set [recall@1: 0.3900 recall@2: 0.5800 recall@3: 0.7200 ] Test set [f1score@1: 0.3900 f1score@2: 0.3900 f1score@3: 0.3600 ] Test set [accuracy@1: 0.3900 accuracy@2: 0.5800 accuracy@3: 0.7200 ] 
2024-03-27 09:31:44,568 - [Epoch  19 / 1000] rec_loss: 1.9620 cl_loss: 0.0000 
2024-03-27 09:31:44,845 - Epoch  19 Test set [precision@1: 0.3900 precision@2: 0.2600 precision@3: 0.2300 ] Test set [recall@1: 0.3900 recall@2: 0.5300 recall@3: 0.7000 ] Test set [f1score@1: 0.3900 f1score@2: 0.3500 f1score@3: 0.3500 ] Test set [accuracy@1: 0.3900 accuracy@2: 0.5300 accuracy@3: 0.7000 ] 
2024-03-27 09:31:45,457 - [Epoch  20 / 1000] rec_loss: 1.8840 cl_loss: 0.0000 
2024-03-27 09:31:45,733 - Epoch  20 Test set [precision@1: 0.3900 precision@2: 0.2700 precision@3: 0.2200 ] Test set [recall@1: 0.3900 recall@2: 0.5400 recall@3: 0.6700 ] Test set [f1score@1: 0.3900 f1score@2: 0.3600 f1score@3: 0.3400 ] Test set [accuracy@1: 0.3900 accuracy@2: 0.5400 accuracy@3: 0.6700 ] 
2024-03-27 09:31:46,347 - [Epoch  21 / 1000] rec_loss: 1.9413 cl_loss: 0.0000 
2024-03-27 09:31:46,621 - Epoch  21 Test set [precision@1: 0.3900 precision@2: 0.2800 precision@3: 0.2200 ] Test set [recall@1: 0.3900 recall@2: 0.5600 recall@3: 0.6500 ] Test set [f1score@1: 0.3900 f1score@2: 0.3700 f1score@3: 0.3200 ] Test set [accuracy@1: 0.3900 accuracy@2: 0.5600 accuracy@3: 0.6500 ] 
2024-03-27 09:31:47,239 - [Epoch  22 / 1000] rec_loss: 1.9004 cl_loss: 0.0000 
2024-03-27 09:31:47,514 - Epoch  22 Test set [precision@1: 0.3900 precision@2: 0.2800 precision@3: 0.2200 ] Test set [recall@1: 0.3900 recall@2: 0.5500 recall@3: 0.6700 ] Test set [f1score@1: 0.3900 f1score@2: 0.3700 f1score@3: 0.3400 ] Test set [accuracy@1: 0.3900 accuracy@2: 0.5500 accuracy@3: 0.6700 ] 
2024-03-27 09:31:48,135 - [Epoch  23 / 1000] rec_loss: 1.9039 cl_loss: 0.0000 
2024-03-27 09:31:48,411 - Epoch  23 Test set [precision@1: 0.3900 precision@2: 0.3100 precision@3: 0.2400 ] Test set [recall@1: 0.3900 recall@2: 0.6200 recall@3: 0.7100 ] Test set [f1score@1: 0.3900 f1score@2: 0.4100 f1score@3: 0.3500 ] Test set [accuracy@1: 0.3900 accuracy@2: 0.6200 accuracy@3: 0.7100 ] 
2024-03-27 09:31:49,027 - [Epoch  24 / 1000] rec_loss: 1.9136 cl_loss: 0.0000 
2024-03-27 09:31:49,304 - Epoch  24 Test set [precision@1: 0.3900 precision@2: 0.2800 precision@3: 0.2400 ] Test set [recall@1: 0.3900 recall@2: 0.5700 recall@3: 0.7300 ] Test set [f1score@1: 0.3900 f1score@2: 0.3800 f1score@3: 0.3700 ] Test set [accuracy@1: 0.3900 accuracy@2: 0.5700 accuracy@3: 0.7300 ] 
2024-03-27 09:31:49,920 - [Epoch  25 / 1000] rec_loss: 1.8414 cl_loss: 0.0000 
2024-03-27 09:31:50,198 - Epoch  25 Test set [precision@1: 0.3900 precision@2: 0.2900 precision@3: 0.2500 ] Test set [recall@1: 0.3900 recall@2: 0.5800 recall@3: 0.7400 ] Test set [f1score@1: 0.3900 f1score@2: 0.3900 f1score@3: 0.3700 ] Test set [accuracy@1: 0.3900 accuracy@2: 0.5800 accuracy@3: 0.7400 ] 
2024-03-27 09:31:50,811 - [Epoch  26 / 1000] rec_loss: 1.7982 cl_loss: 0.0000 
2024-03-27 09:31:51,086 - Epoch  26 Test set [precision@1: 0.3900 precision@2: 0.2800 precision@3: 0.2400 ] Test set [recall@1: 0.3900 recall@2: 0.5700 recall@3: 0.7200 ] Test set [f1score@1: 0.3900 f1score@2: 0.3800 f1score@3: 0.3600 ] Test set [accuracy@1: 0.3900 accuracy@2: 0.5700 accuracy@3: 0.7200 ] 
2024-03-27 09:31:51,699 - [Epoch  27 / 1000] rec_loss: 1.9094 cl_loss: 0.0000 
2024-03-27 09:31:51,977 - Epoch  27 Test set [precision@1: 0.3900 precision@2: 0.2900 precision@3: 0.2500 ] Test set [recall@1: 0.3900 recall@2: 0.5900 recall@3: 0.7400 ] Test set [f1score@1: 0.3900 f1score@2: 0.3900 f1score@3: 0.3700 ] Test set [accuracy@1: 0.3900 accuracy@2: 0.5900 accuracy@3: 0.7400 ] 
2024-03-27 09:31:52,590 - [Epoch  28 / 1000] rec_loss: 1.7896 cl_loss: 0.0000 
2024-03-27 09:31:52,865 - Epoch  28 Test set [precision@1: 0.3900 precision@2: 0.2900 precision@3: 0.2500 ] Test set [recall@1: 0.3900 recall@2: 0.5900 recall@3: 0.7400 ] Test set [f1score@1: 0.3900 f1score@2: 0.3900 f1score@3: 0.3700 ] Test set [accuracy@1: 0.3900 accuracy@2: 0.5900 accuracy@3: 0.7400 ] 
2024-03-27 09:31:53,484 - [Epoch  29 / 1000] rec_loss: 1.8538 cl_loss: 0.0000 
2024-03-27 09:31:53,759 - Epoch  29 Test set [precision@1: 0.3900 precision@2: 0.3000 precision@3: 0.2400 ] Test set [recall@1: 0.3900 recall@2: 0.6000 recall@3: 0.7200 ] Test set [f1score@1: 0.3900 f1score@2: 0.4000 f1score@3: 0.3600 ] Test set [accuracy@1: 0.3900 accuracy@2: 0.6000 accuracy@3: 0.7200 ] 
2024-03-27 09:31:54,372 - [Epoch  30 / 1000] rec_loss: 1.8126 cl_loss: 0.0000 
2024-03-27 09:31:54,647 - Epoch  30 Test set [precision@1: 0.3900 precision@2: 0.3100 precision@3: 0.2400 ] Test set [recall@1: 0.3900 recall@2: 0.6100 recall@3: 0.7100 ] Test set [f1score@1: 0.3900 f1score@2: 0.4100 f1score@3: 0.3500 ] Test set [accuracy@1: 0.3900 accuracy@2: 0.6100 accuracy@3: 0.7100 ] 
2024-03-27 09:31:55,260 - [Epoch  31 / 1000] rec_loss: 1.7575 cl_loss: 0.0000 
2024-03-27 09:31:55,538 - Epoch  31 Test set [precision@1: 0.3900 precision@2: 0.3100 precision@3: 0.2400 ] Test set [recall@1: 0.3900 recall@2: 0.6100 recall@3: 0.7200 ] Test set [f1score@1: 0.3900 f1score@2: 0.4100 f1score@3: 0.3600 ] Test set [accuracy@1: 0.3900 accuracy@2: 0.6100 accuracy@3: 0.7200 ] 
2024-03-27 09:31:56,158 - [Epoch  32 / 1000] rec_loss: 1.8425 cl_loss: 0.0000 
2024-03-27 09:31:56,432 - Epoch  32 Test set [precision@1: 0.3900 precision@2: 0.3100 precision@3: 0.2500 ] Test set [recall@1: 0.3900 recall@2: 0.6100 recall@3: 0.7400 ] Test set [f1score@1: 0.3900 f1score@2: 0.4100 f1score@3: 0.3700 ] Test set [accuracy@1: 0.3900 accuracy@2: 0.6100 accuracy@3: 0.7400 ] 
2024-03-27 09:31:57,053 - [Epoch  33 / 1000] rec_loss: 1.7638 cl_loss: 0.0000 
2024-03-27 09:31:57,330 - Epoch  33 Test set [precision@1: 0.3900 precision@2: 0.3100 precision@3: 0.2500 ] Test set [recall@1: 0.3900 recall@2: 0.6100 recall@3: 0.7400 ] Test set [f1score@1: 0.3900 f1score@2: 0.4100 f1score@3: 0.3700 ] Test set [accuracy@1: 0.3900 accuracy@2: 0.6100 accuracy@3: 0.7400 ] 
2024-03-27 09:31:57,952 - [Epoch  34 / 1000] rec_loss: 1.7433 cl_loss: 0.0000 
2024-03-27 09:31:58,232 - Epoch  34 Test set [precision@1: 0.3900 precision@2: 0.3100 precision@3: 0.2500 ] Test set [recall@1: 0.3900 recall@2: 0.6100 recall@3: 0.7600 ] Test set [f1score@1: 0.3900 f1score@2: 0.4100 f1score@3: 0.3800 ] Test set [accuracy@1: 0.3900 accuracy@2: 0.6100 accuracy@3: 0.7600 ] 
2024-03-27 09:31:58,861 - [Epoch  35 / 1000] rec_loss: 1.7504 cl_loss: 0.0000 
2024-03-27 09:31:59,139 - Epoch  35 Test set [precision@1: 0.3900 precision@2: 0.3100 precision@3: 0.2500 ] Test set [recall@1: 0.3900 recall@2: 0.6100 recall@3: 0.7500 ] Test set [f1score@1: 0.3900 f1score@2: 0.4100 f1score@3: 0.3800 ] Test set [accuracy@1: 0.3900 accuracy@2: 0.6100 accuracy@3: 0.7500 ] 
2024-03-27 09:31:59,757 - [Epoch  36 / 1000] rec_loss: 1.7968 cl_loss: 0.0000 
2024-03-27 09:32:00,033 - Epoch  36 Test set [precision@1: 0.4300 precision@2: 0.3200 precision@3: 0.2500 ] Test set [recall@1: 0.4300 recall@2: 0.6400 recall@3: 0.7400 ] Test set [f1score@1: 0.4300 f1score@2: 0.4300 f1score@3: 0.3700 ] Test set [accuracy@1: 0.4300 accuracy@2: 0.6400 accuracy@3: 0.7400 ] 
2024-03-27 09:32:00,645 - [Epoch  37 / 1000] rec_loss: 1.7743 cl_loss: 0.0000 
2024-03-27 09:32:00,922 - Epoch  37 Test set [precision@1: 0.4200 precision@2: 0.3200 precision@3: 0.2500 ] Test set [recall@1: 0.4200 recall@2: 0.6400 recall@3: 0.7400 ] Test set [f1score@1: 0.4200 f1score@2: 0.4300 f1score@3: 0.3700 ] Test set [accuracy@1: 0.4200 accuracy@2: 0.6400 accuracy@3: 0.7400 ] 
2024-03-27 09:32:01,535 - [Epoch  38 / 1000] rec_loss: 1.7431 cl_loss: 0.0000 
2024-03-27 09:32:01,813 - Epoch  38 Test set [precision@1: 0.4200 precision@2: 0.3200 precision@3: 0.2500 ] Test set [recall@1: 0.4200 recall@2: 0.6400 recall@3: 0.7400 ] Test set [f1score@1: 0.4200 f1score@2: 0.4300 f1score@3: 0.3700 ] Test set [accuracy@1: 0.4200 accuracy@2: 0.6400 accuracy@3: 0.7400 ] 
2024-03-27 09:32:02,510 - [Epoch  39 / 1000] rec_loss: 1.7314 cl_loss: 0.0000 
2024-03-27 09:32:02,790 - Epoch  39 Test set [precision@1: 0.4000 precision@2: 0.3200 precision@3: 0.2500 ] Test set [recall@1: 0.4000 recall@2: 0.6400 recall@3: 0.7500 ] Test set [f1score@1: 0.4000 f1score@2: 0.4300 f1score@3: 0.3800 ] Test set [accuracy@1: 0.4000 accuracy@2: 0.6400 accuracy@3: 0.7500 ] 
2024-03-27 09:32:03,412 - [Epoch  40 / 1000] rec_loss: 1.7178 cl_loss: 0.0000 
2024-03-27 09:32:03,689 - Epoch  40 Test set [precision@1: 0.3900 precision@2: 0.3200 precision@3: 0.2600 ] Test set [recall@1: 0.3900 recall@2: 0.6400 recall@3: 0.7700 ] Test set [f1score@1: 0.3900 f1score@2: 0.4300 f1score@3: 0.3800 ] Test set [accuracy@1: 0.3900 accuracy@2: 0.6400 accuracy@3: 0.7700 ] 
2024-03-27 09:32:04,308 - [Epoch  41 / 1000] rec_loss: 1.6800 cl_loss: 0.0000 
2024-03-27 09:32:04,584 - Epoch  41 Test set [precision@1: 0.3900 precision@2: 0.3100 precision@3: 0.2600 ] Test set [recall@1: 0.3900 recall@2: 0.6200 recall@3: 0.7800 ] Test set [f1score@1: 0.3900 f1score@2: 0.4100 f1score@3: 0.3900 ] Test set [accuracy@1: 0.3900 accuracy@2: 0.6200 accuracy@3: 0.7800 ] 
2024-03-27 09:32:05,198 - [Epoch  42 / 1000] rec_loss: 1.5913 cl_loss: 0.0000 
2024-03-27 09:32:05,472 - Epoch  42 Test set [precision@1: 0.3900 precision@2: 0.3100 precision@3: 0.2600 ] Test set [recall@1: 0.3900 recall@2: 0.6200 recall@3: 0.7900 ] Test set [f1score@1: 0.3900 f1score@2: 0.4100 f1score@3: 0.4000 ] Test set [accuracy@1: 0.3900 accuracy@2: 0.6200 accuracy@3: 0.7900 ] 
2024-03-27 09:32:06,127 - [Epoch  43 / 1000] rec_loss: 1.7398 cl_loss: 0.0000 
2024-03-27 09:32:06,404 - Epoch  43 Test set [precision@1: 0.4300 precision@2: 0.3100 precision@3: 0.2700 ] Test set [recall@1: 0.4300 recall@2: 0.6200 recall@3: 0.8000 ] Test set [f1score@1: 0.4300 f1score@2: 0.4100 f1score@3: 0.4000 ] Test set [accuracy@1: 0.4300 accuracy@2: 0.6200 accuracy@3: 0.8000 ] 
2024-03-27 09:32:07,017 - [Epoch  44 / 1000] rec_loss: 1.6429 cl_loss: 0.0000 
2024-03-27 09:32:07,292 - Epoch  44 Test set [precision@1: 0.3800 precision@2: 0.3100 precision@3: 0.2700 ] Test set [recall@1: 0.3800 recall@2: 0.6200 recall@3: 0.8000 ] Test set [f1score@1: 0.3800 f1score@2: 0.4100 f1score@3: 0.4000 ] Test set [accuracy@1: 0.3800 accuracy@2: 0.6200 accuracy@3: 0.8000 ] 
2024-03-27 09:32:07,904 - [Epoch  45 / 1000] rec_loss: 1.6633 cl_loss: 0.0000 
2024-03-27 09:32:08,186 - Epoch  45 Test set [precision@1: 0.4300 precision@2: 0.3300 precision@3: 0.2700 ] Test set [recall@1: 0.4300 recall@2: 0.6600 recall@3: 0.8000 ] Test set [f1score@1: 0.4300 f1score@2: 0.4400 f1score@3: 0.4000 ] Test set [accuracy@1: 0.4300 accuracy@2: 0.6600 accuracy@3: 0.8000 ] 
2024-03-27 09:32:08,815 - [Epoch  46 / 1000] rec_loss: 1.6061 cl_loss: 0.0000 
2024-03-27 09:32:09,092 - Epoch  46 Test set [precision@1: 0.4000 precision@2: 0.3400 precision@3: 0.2600 ] Test set [recall@1: 0.4000 recall@2: 0.6800 recall@3: 0.7900 ] Test set [f1score@1: 0.4000 f1score@2: 0.4500 f1score@3: 0.4000 ] Test set [accuracy@1: 0.4000 accuracy@2: 0.6800 accuracy@3: 0.7900 ] 
2024-03-27 09:32:09,712 - [Epoch  47 / 1000] rec_loss: 1.6573 cl_loss: 0.0000 
2024-03-27 09:32:09,996 - Epoch  47 Test set [precision@1: 0.4200 precision@2: 0.3400 precision@3: 0.2700 ] Test set [recall@1: 0.4200 recall@2: 0.6900 recall@3: 0.8000 ] Test set [f1score@1: 0.4200 f1score@2: 0.4600 f1score@3: 0.4000 ] Test set [accuracy@1: 0.4200 accuracy@2: 0.6900 accuracy@3: 0.8000 ] 
2024-03-27 09:32:10,615 - [Epoch  48 / 1000] rec_loss: 1.6365 cl_loss: 0.0000 
2024-03-27 09:32:10,899 - Epoch  48 Test set [precision@1: 0.4600 precision@2: 0.3400 precision@3: 0.2600 ] Test set [recall@1: 0.4600 recall@2: 0.6800 recall@3: 0.7900 ] Test set [f1score@1: 0.4600 f1score@2: 0.4500 f1score@3: 0.4000 ] Test set [accuracy@1: 0.4600 accuracy@2: 0.6800 accuracy@3: 0.7900 ] 
