2024-03-22 14:52:32,276 - {'optimizer': {'name': 'adam', 'lr': 0.001, 'final_lr': 1e-06, 'weight_decay': 0}, 'train': {'model_test_run': False, 'weighted_loss_fn': True, 'epoch': 3000, 'batch_size': 16, 'save_model': True, 'log_loss': True, 'test_step': 1, 'reproducible': True, 'seed': 2023, 'tensorboard': True, 'conf_mat': True, 'ssl': False, 'gradient_accumulation': True, 'accumulation_steps': 4, 'early_stop': False, 'parameter_class_weights_path': './datasets/sequential/aug/parameters/param.pkl', 'parameter_label_mapping_path': './datasets/sequential/aug/parameters/label_mapping.pkl'}, 'test': {'metrics': ['recall', 'precision'], 'k': [1, 2, 3], 'batch_size': 16, 'train_eval': False, 'save_path': '2024-03-22_14-52'}, 'data': {'type': 'sequential', 'name': 'aug', 'seq_aug': False, 'dynamic_context_window_length': 100, 'user_num': 4426, 'item_num': 28, 'max_context_length': 100, 'dynamic_context_feat_num': 14, 'static_context_feat_num': 7, 'static_context_max': [6, 12, 6, 23, 1, 1, 1]}, 'model': {'name': 'cl4srec', 'context_encoder': 'lstm', 'interaction_encoder': 'transformer', 'dropout_rate': 0.1, 'n_layers': 2, 'embedding_size': 16, 'n_heads': 2, 'max_seq_len': 10, 'lmd': 0.1, 'tau': 1, 'encoder_combine': 'concat'}, 'lstm': {'hidden_size': 64, 'num_layers': 2}, 'tune': {'enable': False, 'hyperparameters': ['dropout_rate', 'lmb', 'tau'], 'dropout_rate': [0.1, 0.3, 0.5], 'lmb': [0.05, 0.1, 0.2], 'tau': [0.5, 0.7, 0.9]}, 'duorec': {'inner_size': 256, 'hidden_dropout_prob': 0.5, 'attn_dropout_prob': 0.5, 'hidden_act': 'gelu', 'layer_norm_eps': 1e-12, 'initializer_range': 0.02}, 'device': 'cpu'}
2024-03-22 14:52:52,432 - [Epoch   0 / 3000] rec_loss: 3.0983 cl_loss: 0.0000 
2024-03-22 14:52:55,673 - Epoch   0 Test set [precision@1: 0.3800 precision@2: 0.2900 precision@3: 0.2300 ] Test set [recall@1: 0.3800 recall@2: 0.5700 recall@3: 0.6900 ] Test set [f1score@1: 0.3800 f1score@2: 0.3800 f1score@3: 0.3400 ] Test set [accuracy@1: 0.3800 accuracy@2: 0.5700 accuracy@3: 0.6900 ] 
2024-03-22 14:53:17,736 - [Epoch   1 / 3000] rec_loss: 2.7237 cl_loss: 0.0000 
2024-03-22 14:53:21,083 - Epoch   1 Test set [precision@1: 0.2400 precision@2: 0.2500 precision@3: 0.2100 ] Test set [recall@1: 0.2400 recall@2: 0.5000 recall@3: 0.6400 ] Test set [f1score@1: 0.2400 f1score@2: 0.3300 f1score@3: 0.3200 ] Test set [accuracy@1: 0.2400 accuracy@2: 0.5000 accuracy@3: 0.6400 ] 
2024-03-22 14:53:42,830 - [Epoch   2 / 3000] rec_loss: 2.5781 cl_loss: 0.0000 
2024-03-22 14:53:46,196 - Epoch   2 Test set [precision@1: 0.3700 precision@2: 0.3100 precision@3: 0.2300 ] Test set [recall@1: 0.3700 recall@2: 0.6100 recall@3: 0.6900 ] Test set [f1score@1: 0.3700 f1score@2: 0.4100 f1score@3: 0.3500 ] Test set [accuracy@1: 0.3700 accuracy@2: 0.6100 accuracy@3: 0.6900 ] 
2024-03-22 14:54:05,978 - [Epoch   3 / 3000] rec_loss: 2.4962 cl_loss: 0.0000 
2024-03-22 14:54:09,218 - Epoch   3 Test set [precision@1: 0.2600 precision@2: 0.2200 precision@3: 0.2100 ] Test set [recall@1: 0.2600 recall@2: 0.4400 recall@3: 0.6200 ] Test set [f1score@1: 0.2600 f1score@2: 0.2900 f1score@3: 0.3100 ] Test set [accuracy@1: 0.2600 accuracy@2: 0.4400 accuracy@3: 0.6200 ] 
2024-03-22 14:54:30,651 - [Epoch   4 / 3000] rec_loss: 2.3712 cl_loss: 0.0000 
2024-03-22 14:54:33,999 - Epoch   4 Test set [precision@1: 0.2900 precision@2: 0.2200 precision@3: 0.2000 ] Test set [recall@1: 0.2900 recall@2: 0.4400 recall@3: 0.6100 ] Test set [f1score@1: 0.2900 f1score@2: 0.2900 f1score@3: 0.3100 ] Test set [accuracy@1: 0.2900 accuracy@2: 0.4400 accuracy@3: 0.6100 ] 
2024-03-22 14:54:53,803 - [Epoch   5 / 3000] rec_loss: 2.2482 cl_loss: 0.0000 
2024-03-22 14:54:57,093 - Epoch   5 Test set [precision@1: 0.3200 precision@2: 0.2600 precision@3: 0.2000 ] Test set [recall@1: 0.3200 recall@2: 0.5100 recall@3: 0.6100 ] Test set [f1score@1: 0.3200 f1score@2: 0.3400 f1score@3: 0.3100 ] Test set [accuracy@1: 0.3200 accuracy@2: 0.5100 accuracy@3: 0.6100 ] 
2024-03-22 14:55:20,356 - [Epoch   6 / 3000] rec_loss: 2.1736 cl_loss: 0.0000 
2024-03-22 14:55:23,902 - Epoch   6 Test set [precision@1: 0.3300 precision@2: 0.2500 precision@3: 0.2000 ] Test set [recall@1: 0.3300 recall@2: 0.5000 recall@3: 0.6000 ] Test set [f1score@1: 0.3300 f1score@2: 0.3300 f1score@3: 0.3000 ] Test set [accuracy@1: 0.3300 accuracy@2: 0.5000 accuracy@3: 0.6000 ] 
2024-03-22 14:55:46,663 - [Epoch   7 / 3000] rec_loss: 2.0652 cl_loss: 0.0000 
2024-03-22 14:55:50,289 - Epoch   7 Test set [precision@1: 0.3300 precision@2: 0.2400 precision@3: 0.1900 ] Test set [recall@1: 0.3300 recall@2: 0.4800 recall@3: 0.5700 ] Test set [f1score@1: 0.3300 f1score@2: 0.3200 f1score@3: 0.2800 ] Test set [accuracy@1: 0.3300 accuracy@2: 0.4800 accuracy@3: 0.5700 ] 
2024-03-22 14:56:11,758 - [Epoch   8 / 3000] rec_loss: 2.0158 cl_loss: 0.0000 
2024-03-22 14:56:15,154 - Epoch   8 Test set [precision@1: 0.3400 precision@2: 0.2700 precision@3: 0.2100 ] Test set [recall@1: 0.3400 recall@2: 0.5300 recall@3: 0.6400 ] Test set [f1score@1: 0.3400 f1score@2: 0.3600 f1score@3: 0.3200 ] Test set [accuracy@1: 0.3400 accuracy@2: 0.5300 accuracy@3: 0.6400 ] 
2024-03-22 14:56:35,664 - [Epoch   9 / 3000] rec_loss: 1.9238 cl_loss: 0.0000 
2024-03-22 14:56:39,305 - Epoch   9 Test set [precision@1: 0.3300 precision@2: 0.2200 precision@3: 0.1900 ] Test set [recall@1: 0.3300 recall@2: 0.4500 recall@3: 0.5700 ] Test set [f1score@1: 0.3300 f1score@2: 0.3000 f1score@3: 0.2800 ] Test set [accuracy@1: 0.3300 accuracy@2: 0.4500 accuracy@3: 0.5700 ] 
2024-03-22 14:56:59,608 - [Epoch  10 / 3000] rec_loss: 1.9025 cl_loss: 0.0000 
2024-03-22 14:57:02,936 - Epoch  10 Test set [precision@1: 0.3600 precision@2: 0.2500 precision@3: 0.2100 ] Test set [recall@1: 0.3600 recall@2: 0.5000 recall@3: 0.6200 ] Test set [f1score@1: 0.3600 f1score@2: 0.3300 f1score@3: 0.3100 ] Test set [accuracy@1: 0.3600 accuracy@2: 0.5000 accuracy@3: 0.6200 ] 
2024-03-22 14:57:22,757 - [Epoch  11 / 3000] rec_loss: 1.8144 cl_loss: 0.0000 
2024-03-22 14:57:26,149 - Epoch  11 Test set [precision@1: 0.3400 precision@2: 0.2400 precision@3: 0.2000 ] Test set [recall@1: 0.3400 recall@2: 0.4800 recall@3: 0.6100 ] Test set [f1score@1: 0.3400 f1score@2: 0.3200 f1score@3: 0.3000 ] Test set [accuracy@1: 0.3400 accuracy@2: 0.4800 accuracy@3: 0.6100 ] 
2024-03-22 14:57:47,103 - [Epoch  12 / 3000] rec_loss: 1.7820 cl_loss: 0.0000 
2024-03-22 14:57:50,660 - Epoch  12 Test set [precision@1: 0.3400 precision@2: 0.2500 precision@3: 0.2100 ] Test set [recall@1: 0.3400 recall@2: 0.5000 recall@3: 0.6200 ] Test set [f1score@1: 0.3400 f1score@2: 0.3300 f1score@3: 0.3100 ] Test set [accuracy@1: 0.3400 accuracy@2: 0.5000 accuracy@3: 0.6200 ] 
2024-03-22 14:58:11,608 - [Epoch  13 / 3000] rec_loss: 1.6950 cl_loss: 0.0000 
2024-03-22 14:58:15,156 - Epoch  13 Test set [precision@1: 0.3600 precision@2: 0.2600 precision@3: 0.2100 ] Test set [recall@1: 0.3600 recall@2: 0.5100 recall@3: 0.6400 ] Test set [f1score@1: 0.3600 f1score@2: 0.3400 f1score@3: 0.3200 ] Test set [accuracy@1: 0.3600 accuracy@2: 0.5100 accuracy@3: 0.6400 ] 
2024-03-22 14:58:36,560 - [Epoch  14 / 3000] rec_loss: 1.6947 cl_loss: 0.0000 
2024-03-22 14:58:40,196 - Epoch  14 Test set [precision@1: 0.4000 precision@2: 0.2800 precision@3: 0.2200 ] Test set [recall@1: 0.4000 recall@2: 0.5600 recall@3: 0.6700 ] Test set [f1score@1: 0.4000 f1score@2: 0.3700 f1score@3: 0.3400 ] Test set [accuracy@1: 0.4000 accuracy@2: 0.5600 accuracy@3: 0.6700 ] 
2024-03-22 14:59:02,531 - [Epoch  15 / 3000] rec_loss: 1.6496 cl_loss: 0.0000 
2024-03-22 14:59:06,108 - Epoch  15 Test set [precision@1: 0.3400 precision@2: 0.2400 precision@3: 0.2000 ] Test set [recall@1: 0.3400 recall@2: 0.4800 recall@3: 0.6000 ] Test set [f1score@1: 0.3400 f1score@2: 0.3200 f1score@3: 0.3000 ] Test set [accuracy@1: 0.3400 accuracy@2: 0.4800 accuracy@3: 0.6000 ] 
