2024-03-27 13:52:20,313 - {'optimizer': {'name': 'adam', 'lr': 0.001, 'final_lr': 1e-06, 'weight_decay': 0}, 'train': {'model_test_run': True, 'weighted_loss_fn': True, 'epoch': 1000, 'batch_size': 64, 'save_model': True, 'log_loss': True, 'test_step': 1, 'reproducible': True, 'seed': 2023, 'tensorboard': True, 'conf_mat': True, 'ssl': False, 'gradient_accumulation': False, 'accumulation_steps': 4, 'early_stop': False, 'parameter_class_weights_path': './datasets/sequential/aug/parameters/param.pkl', 'parameter_label_mapping_path': './datasets/sequential/aug/parameters/label_mapping.pkl'}, 'test': {'metrics': ['precision', 'recall', 'f1score', 'accuracy'], 'k': [1, 2, 3], 'batch_size': 64, 'train_eval': False, 'save_path': '2024-03-27_13-52'}, 'data': {'type': 'sequential', 'name': 'aug', 'seq_aug': False, 'dynamic_context_window_length': 100, 'user_num': 100, 'item_num': 28, 'max_context_length': 100, 'dynamic_context_feat_num': 14, 'static_context_feat_num': 6, 'static_context_max': [12, 6, 23, 1, 1, 1]}, 'model': {'name': 'cl4srec', 'context_encoder': 'tempcnn', 'interaction_encoder': 'sasrec', 'dropout_rate': 0.1, 'n_layers': 2, 'embedding_size': 16, 'n_heads': 2, 'max_seq_len': 10, 'lmd': 0.1, 'tau': 1, 'encoder_combine': 'concat'}, 'lstm': {'hidden_size': 64, 'num_layers': 2}, 'tune': {'enable': False, 'hyperparameters': ['dropout_rate', 'lmd', 'tau'], 'dropout_rate': [0.1, 0.2, 0.3], 'lmd': [0.05, 0.1, 0.2], 'tau': [0.5, 0.7, 0.9]}, 'device': 'cpu'}
2024-03-27 13:52:21,338 - [Epoch   0 / 1000] rec_loss: 3.3738 cl_loss: 0.0000 
2024-03-27 13:52:21,632 - Epoch   0 Test set [precision@1: 0.0400 precision@2: 0.0300 precision@3: 0.0200 ] Test set [recall@1: 0.0400 recall@2: 0.0500 recall@3: 0.0700 ] Test set [f1score@1: 0.0400 f1score@2: 0.0300 f1score@3: 0.0400 ] Test set [accuracy@1: 0.0400 accuracy@2: 0.0500 accuracy@3: 0.0700 ] 
2024-03-27 13:52:22,254 - [Epoch   1 / 1000] rec_loss: 3.3701 cl_loss: 0.0000 
2024-03-27 13:52:22,546 - Epoch   1 Test set [precision@1: 0.0000 precision@2: 0.0300 precision@3: 0.0400 ] Test set [recall@1: 0.0000 recall@2: 0.0500 recall@3: 0.1200 ] Test set [f1score@1: 0.0000 f1score@2: 0.0300 f1score@3: 0.0600 ] Test set [accuracy@1: 0.0000 accuracy@2: 0.0500 accuracy@3: 0.1200 ] 
2024-03-27 13:52:23,167 - [Epoch   2 / 1000] rec_loss: 3.3484 cl_loss: 0.0000 
2024-03-27 13:52:23,453 - Epoch   2 Test set [precision@1: 0.0000 precision@2: 0.0400 precision@3: 0.0600 ] Test set [recall@1: 0.0000 recall@2: 0.0700 recall@3: 0.1900 ] Test set [f1score@1: 0.0000 f1score@2: 0.0500 f1score@3: 0.0900 ] Test set [accuracy@1: 0.0000 accuracy@2: 0.0700 accuracy@3: 0.1900 ] 
2024-03-27 13:52:24,077 - [Epoch   3 / 1000] rec_loss: 3.3370 cl_loss: 0.0000 
2024-03-27 13:52:24,373 - Epoch   3 Test set [precision@1: 0.1100 precision@2: 0.1100 precision@3: 0.1200 ] Test set [recall@1: 0.1100 recall@2: 0.2200 recall@3: 0.3500 ] Test set [f1score@1: 0.1100 f1score@2: 0.1500 f1score@3: 0.1700 ] Test set [accuracy@1: 0.1100 accuracy@2: 0.2200 accuracy@3: 0.3500 ] 
2024-03-27 13:52:24,993 - [Epoch   4 / 1000] rec_loss: 3.3319 cl_loss: 0.0000 
2024-03-27 13:52:25,278 - Epoch   4 Test set [precision@1: 0.1300 precision@2: 0.1500 precision@3: 0.1400 ] Test set [recall@1: 0.1300 recall@2: 0.3000 recall@3: 0.4100 ] Test set [f1score@1: 0.1300 f1score@2: 0.2000 f1score@3: 0.2000 ] Test set [accuracy@1: 0.1300 accuracy@2: 0.3000 accuracy@3: 0.4100 ] 
2024-03-27 13:52:25,895 - [Epoch   5 / 1000] rec_loss: 3.3106 cl_loss: 0.0000 
2024-03-27 13:52:26,180 - Epoch   5 Test set [precision@1: 0.1500 precision@2: 0.1900 precision@3: 0.1500 ] Test set [recall@1: 0.1500 recall@2: 0.3700 recall@3: 0.4500 ] Test set [f1score@1: 0.1500 f1score@2: 0.2500 f1score@3: 0.2200 ] Test set [accuracy@1: 0.1500 accuracy@2: 0.3700 accuracy@3: 0.4500 ] 
2024-03-27 13:52:26,806 - [Epoch   6 / 1000] rec_loss: 3.3061 cl_loss: 0.0000 
2024-03-27 13:52:27,095 - Epoch   6 Test set [precision@1: 0.2100 precision@2: 0.2100 precision@3: 0.1700 ] Test set [recall@1: 0.2100 recall@2: 0.4200 recall@3: 0.5100 ] Test set [f1score@1: 0.2100 f1score@2: 0.2800 f1score@3: 0.2500 ] Test set [accuracy@1: 0.2100 accuracy@2: 0.4200 accuracy@3: 0.5100 ] 
2024-03-27 13:52:27,722 - [Epoch   7 / 1000] rec_loss: 3.2907 cl_loss: 0.0000 
2024-03-27 13:52:28,013 - Epoch   7 Test set [precision@1: 0.2300 precision@2: 0.2300 precision@3: 0.1900 ] Test set [recall@1: 0.2300 recall@2: 0.4700 recall@3: 0.5700 ] Test set [f1score@1: 0.2300 f1score@2: 0.3100 f1score@3: 0.2800 ] Test set [accuracy@1: 0.2300 accuracy@2: 0.4700 accuracy@3: 0.5700 ] 
2024-03-27 13:52:28,653 - [Epoch   8 / 1000] rec_loss: 3.2793 cl_loss: 0.0000 
2024-03-27 13:52:28,940 - Epoch   8 Test set [precision@1: 0.2300 precision@2: 0.2400 precision@3: 0.2000 ] Test set [recall@1: 0.2300 recall@2: 0.4800 recall@3: 0.6100 ] Test set [f1score@1: 0.2300 f1score@2: 0.3200 f1score@3: 0.3100 ] Test set [accuracy@1: 0.2300 accuracy@2: 0.4800 accuracy@3: 0.6100 ] 
2024-03-27 13:52:29,565 - [Epoch   9 / 1000] rec_loss: 3.2459 cl_loss: 0.0000 
2024-03-27 13:52:29,852 - Epoch   9 Test set [precision@1: 0.2700 precision@2: 0.2500 precision@3: 0.2200 ] Test set [recall@1: 0.2700 recall@2: 0.4900 recall@3: 0.6600 ] Test set [f1score@1: 0.2700 f1score@2: 0.3300 f1score@3: 0.3300 ] Test set [accuracy@1: 0.2700 accuracy@2: 0.4900 accuracy@3: 0.6600 ] 
2024-03-27 13:52:30,473 - [Epoch  10 / 1000] rec_loss: 3.2320 cl_loss: 0.0000 
2024-03-27 13:52:30,762 - Epoch  10 Test set [precision@1: 0.3100 precision@2: 0.2600 precision@3: 0.2200 ] Test set [recall@1: 0.3100 recall@2: 0.5200 recall@3: 0.6600 ] Test set [f1score@1: 0.3100 f1score@2: 0.3500 f1score@3: 0.3300 ] Test set [accuracy@1: 0.3100 accuracy@2: 0.5200 accuracy@3: 0.6600 ] 
2024-03-27 13:52:31,393 - [Epoch  11 / 1000] rec_loss: 3.2178 cl_loss: 0.0000 
2024-03-27 13:52:31,690 - Epoch  11 Test set [precision@1: 0.2800 precision@2: 0.2600 precision@3: 0.2200 ] Test set [recall@1: 0.2800 recall@2: 0.5200 recall@3: 0.6600 ] Test set [f1score@1: 0.2800 f1score@2: 0.3500 f1score@3: 0.3300 ] Test set [accuracy@1: 0.2800 accuracy@2: 0.5200 accuracy@3: 0.6600 ] 
2024-03-27 13:52:32,309 - [Epoch  12 / 1000] rec_loss: 3.2026 cl_loss: 0.0000 
2024-03-27 13:52:32,605 - Epoch  12 Test set [precision@1: 0.2700 precision@2: 0.2800 precision@3: 0.2300 ] Test set [recall@1: 0.2700 recall@2: 0.5600 recall@3: 0.6900 ] Test set [f1score@1: 0.2700 f1score@2: 0.3700 f1score@3: 0.3400 ] Test set [accuracy@1: 0.2700 accuracy@2: 0.5600 accuracy@3: 0.6900 ] 
2024-03-27 13:52:33,229 - [Epoch  13 / 1000] rec_loss: 3.1759 cl_loss: 0.0000 
2024-03-27 13:52:33,521 - Epoch  13 Test set [precision@1: 0.2100 precision@2: 0.2800 precision@3: 0.2300 ] Test set [recall@1: 0.2100 recall@2: 0.5700 recall@3: 0.6900 ] Test set [f1score@1: 0.2100 f1score@2: 0.3800 f1score@3: 0.3400 ] Test set [accuracy@1: 0.2100 accuracy@2: 0.5700 accuracy@3: 0.6900 ] 
2024-03-27 13:52:34,163 - [Epoch  14 / 1000] rec_loss: 3.1432 cl_loss: 0.0000 
2024-03-27 13:52:34,449 - Epoch  14 Test set [precision@1: 0.2400 precision@2: 0.3100 precision@3: 0.2300 ] Test set [recall@1: 0.2400 recall@2: 0.6300 recall@3: 0.7000 ] Test set [f1score@1: 0.2400 f1score@2: 0.4200 f1score@3: 0.3500 ] Test set [accuracy@1: 0.2400 accuracy@2: 0.6300 accuracy@3: 0.7000 ] 
2024-03-27 13:52:35,074 - [Epoch  15 / 1000] rec_loss: 3.1133 cl_loss: 0.0000 
2024-03-27 13:52:35,371 - Epoch  15 Test set [precision@1: 0.2500 precision@2: 0.3100 precision@3: 0.2400 ] Test set [recall@1: 0.2500 recall@2: 0.6300 recall@3: 0.7100 ] Test set [f1score@1: 0.2500 f1score@2: 0.4200 f1score@3: 0.3500 ] Test set [accuracy@1: 0.2500 accuracy@2: 0.6300 accuracy@3: 0.7100 ] 
2024-03-27 13:52:35,994 - [Epoch  16 / 1000] rec_loss: 3.0880 cl_loss: 0.0000 
2024-03-27 13:52:36,282 - Epoch  16 Test set [precision@1: 0.2700 precision@2: 0.3200 precision@3: 0.2400 ] Test set [recall@1: 0.2700 recall@2: 0.6400 recall@3: 0.7100 ] Test set [f1score@1: 0.2700 f1score@2: 0.4300 f1score@3: 0.3500 ] Test set [accuracy@1: 0.2700 accuracy@2: 0.6400 accuracy@3: 0.7100 ] 
2024-03-27 13:52:36,909 - [Epoch  17 / 1000] rec_loss: 3.0617 cl_loss: 0.0000 
2024-03-27 13:52:37,204 - Epoch  17 Test set [precision@1: 0.3500 precision@2: 0.3300 precision@3: 0.2500 ] Test set [recall@1: 0.3500 recall@2: 0.6600 recall@3: 0.7400 ] Test set [f1score@1: 0.3500 f1score@2: 0.4400 f1score@3: 0.3700 ] Test set [accuracy@1: 0.3500 accuracy@2: 0.6600 accuracy@3: 0.7400 ] 
2024-03-27 13:52:37,831 - [Epoch  18 / 1000] rec_loss: 3.0211 cl_loss: 0.0000 
2024-03-27 13:52:38,118 - Epoch  18 Test set [precision@1: 0.3900 precision@2: 0.3200 precision@3: 0.2500 ] Test set [recall@1: 0.3900 recall@2: 0.6500 recall@3: 0.7600 ] Test set [f1score@1: 0.3900 f1score@2: 0.4300 f1score@3: 0.3800 ] Test set [accuracy@1: 0.3900 accuracy@2: 0.6500 accuracy@3: 0.7600 ] 
2024-03-27 13:52:38,740 - [Epoch  19 / 1000] rec_loss: 3.0123 cl_loss: 0.0000 
2024-03-27 13:52:39,034 - Epoch  19 Test set [precision@1: 0.3500 precision@2: 0.3300 precision@3: 0.2600 ] Test set [recall@1: 0.3500 recall@2: 0.6600 recall@3: 0.7700 ] Test set [f1score@1: 0.3500 f1score@2: 0.4400 f1score@3: 0.3800 ] Test set [accuracy@1: 0.3500 accuracy@2: 0.6600 accuracy@3: 0.7700 ] 
2024-03-27 13:52:39,661 - [Epoch  20 / 1000] rec_loss: 2.9425 cl_loss: 0.0000 
2024-03-27 13:52:39,948 - Epoch  20 Test set [precision@1: 0.3900 precision@2: 0.3300 precision@3: 0.2600 ] Test set [recall@1: 0.3900 recall@2: 0.6600 recall@3: 0.7900 ] Test set [f1score@1: 0.3900 f1score@2: 0.4400 f1score@3: 0.4000 ] Test set [accuracy@1: 0.3900 accuracy@2: 0.6600 accuracy@3: 0.7900 ] 
2024-03-27 13:52:40,572 - [Epoch  21 / 1000] rec_loss: 2.9114 cl_loss: 0.0000 
2024-03-27 13:52:40,863 - Epoch  21 Test set [precision@1: 0.3800 precision@2: 0.3300 precision@3: 0.2700 ] Test set [recall@1: 0.3800 recall@2: 0.6600 recall@3: 0.8000 ] Test set [f1score@1: 0.3800 f1score@2: 0.4400 f1score@3: 0.4000 ] Test set [accuracy@1: 0.3800 accuracy@2: 0.6600 accuracy@3: 0.8000 ] 
2024-03-27 13:52:41,481 - [Epoch  22 / 1000] rec_loss: 2.8825 cl_loss: 0.0000 
2024-03-27 13:52:41,766 - Epoch  22 Test set [precision@1: 0.4200 precision@2: 0.3200 precision@3: 0.2600 ] Test set [recall@1: 0.4200 recall@2: 0.6500 recall@3: 0.7900 ] Test set [f1score@1: 0.4200 f1score@2: 0.4300 f1score@3: 0.4000 ] Test set [accuracy@1: 0.4200 accuracy@2: 0.6500 accuracy@3: 0.7900 ] 
2024-03-27 13:52:42,385 - [Epoch  23 / 1000] rec_loss: 2.8324 cl_loss: 0.0000 
2024-03-27 13:52:42,708 - Epoch  23 Test set [precision@1: 0.3500 precision@2: 0.3300 precision@3: 0.2600 ] Test set [recall@1: 0.3500 recall@2: 0.6600 recall@3: 0.7700 ] Test set [f1score@1: 0.3500 f1score@2: 0.4400 f1score@3: 0.3800 ] Test set [accuracy@1: 0.3500 accuracy@2: 0.6600 accuracy@3: 0.7700 ] 
2024-03-27 13:52:43,333 - [Epoch  24 / 1000] rec_loss: 2.7777 cl_loss: 0.0000 
2024-03-27 13:52:43,621 - Epoch  24 Test set [precision@1: 0.3700 precision@2: 0.3200 precision@3: 0.2600 ] Test set [recall@1: 0.3700 recall@2: 0.6500 recall@3: 0.7700 ] Test set [f1score@1: 0.3700 f1score@2: 0.4300 f1score@3: 0.3800 ] Test set [accuracy@1: 0.3700 accuracy@2: 0.6500 accuracy@3: 0.7700 ] 
2024-03-27 13:52:44,243 - [Epoch  25 / 1000] rec_loss: 2.7320 cl_loss: 0.0000 
2024-03-27 13:52:44,529 - Epoch  25 Test set [precision@1: 0.3900 precision@2: 0.3200 precision@3: 0.2600 ] Test set [recall@1: 0.3900 recall@2: 0.6500 recall@3: 0.7800 ] Test set [f1score@1: 0.3900 f1score@2: 0.4300 f1score@3: 0.3900 ] Test set [accuracy@1: 0.3900 accuracy@2: 0.6500 accuracy@3: 0.7800 ] 
2024-03-27 13:52:45,152 - [Epoch  26 / 1000] rec_loss: 2.6679 cl_loss: 0.0000 
2024-03-27 13:52:45,445 - Epoch  26 Test set [precision@1: 0.4200 precision@2: 0.3200 precision@3: 0.2600 ] Test set [recall@1: 0.4200 recall@2: 0.6400 recall@3: 0.7900 ] Test set [f1score@1: 0.4200 f1score@2: 0.4300 f1score@3: 0.4000 ] Test set [accuracy@1: 0.4200 accuracy@2: 0.6400 accuracy@3: 0.7900 ] 
2024-03-27 13:52:46,068 - [Epoch  27 / 1000] rec_loss: 2.6457 cl_loss: 0.0000 
2024-03-27 13:52:46,356 - Epoch  27 Test set [precision@1: 0.4100 precision@2: 0.3200 precision@3: 0.2600 ] Test set [recall@1: 0.4100 recall@2: 0.6400 recall@3: 0.7700 ] Test set [f1score@1: 0.4100 f1score@2: 0.4300 f1score@3: 0.3800 ] Test set [accuracy@1: 0.4100 accuracy@2: 0.6400 accuracy@3: 0.7700 ] 
2024-03-27 13:52:46,978 - [Epoch  28 / 1000] rec_loss: 2.6048 cl_loss: 0.0000 
2024-03-27 13:52:47,263 - Epoch  28 Test set [precision@1: 0.4300 precision@2: 0.3200 precision@3: 0.2500 ] Test set [recall@1: 0.4300 recall@2: 0.6500 recall@3: 0.7600 ] Test set [f1score@1: 0.4300 f1score@2: 0.4300 f1score@3: 0.3800 ] Test set [accuracy@1: 0.4300 accuracy@2: 0.6500 accuracy@3: 0.7600 ] 
2024-03-27 13:52:47,883 - [Epoch  29 / 1000] rec_loss: 2.5472 cl_loss: 0.0000 
2024-03-27 13:52:48,171 - Epoch  29 Test set [precision@1: 0.4200 precision@2: 0.3300 precision@3: 0.2500 ] Test set [recall@1: 0.4200 recall@2: 0.6600 recall@3: 0.7600 ] Test set [f1score@1: 0.4200 f1score@2: 0.4400 f1score@3: 0.3800 ] Test set [accuracy@1: 0.4200 accuracy@2: 0.6600 accuracy@3: 0.7600 ] 
2024-03-27 13:52:48,795 - [Epoch  30 / 1000] rec_loss: 2.4652 cl_loss: 0.0000 
2024-03-27 13:52:49,091 - Epoch  30 Test set [precision@1: 0.4200 precision@2: 0.3200 precision@3: 0.2500 ] Test set [recall@1: 0.4200 recall@2: 0.6400 recall@3: 0.7400 ] Test set [f1score@1: 0.4200 f1score@2: 0.4300 f1score@3: 0.3700 ] Test set [accuracy@1: 0.4200 accuracy@2: 0.6400 accuracy@3: 0.7400 ] 
2024-03-27 13:52:49,715 - [Epoch  31 / 1000] rec_loss: 2.4259 cl_loss: 0.0000 
2024-03-27 13:52:50,000 - Epoch  31 Test set [precision@1: 0.4400 precision@2: 0.3300 precision@3: 0.2500 ] Test set [recall@1: 0.4400 recall@2: 0.6600 recall@3: 0.7600 ] Test set [f1score@1: 0.4400 f1score@2: 0.4400 f1score@3: 0.3800 ] Test set [accuracy@1: 0.4400 accuracy@2: 0.6600 accuracy@3: 0.7600 ] 
2024-03-27 13:52:50,626 - [Epoch  32 / 1000] rec_loss: 2.3997 cl_loss: 0.0000 
2024-03-27 13:52:50,914 - Epoch  32 Test set [precision@1: 0.4400 precision@2: 0.3400 precision@3: 0.2500 ] Test set [recall@1: 0.4400 recall@2: 0.6700 recall@3: 0.7500 ] Test set [f1score@1: 0.4400 f1score@2: 0.4500 f1score@3: 0.3800 ] Test set [accuracy@1: 0.4400 accuracy@2: 0.6700 accuracy@3: 0.7500 ] 
2024-03-27 13:52:51,540 - [Epoch  33 / 1000] rec_loss: 2.3319 cl_loss: 0.0000 
2024-03-27 13:52:51,825 - Epoch  33 Test set [precision@1: 0.4500 precision@2: 0.3400 precision@3: 0.2500 ] Test set [recall@1: 0.4500 recall@2: 0.6800 recall@3: 0.7600 ] Test set [f1score@1: 0.4500 f1score@2: 0.4500 f1score@3: 0.3800 ] Test set [accuracy@1: 0.4500 accuracy@2: 0.6800 accuracy@3: 0.7600 ] 
2024-03-27 13:52:52,454 - [Epoch  34 / 1000] rec_loss: 2.2977 cl_loss: 0.0000 
2024-03-27 13:52:52,741 - Epoch  34 Test set [precision@1: 0.4600 precision@2: 0.3500 precision@3: 0.2500 ] Test set [recall@1: 0.4600 recall@2: 0.7000 recall@3: 0.7600 ] Test set [f1score@1: 0.4600 f1score@2: 0.4700 f1score@3: 0.3800 ] Test set [accuracy@1: 0.4600 accuracy@2: 0.7000 accuracy@3: 0.7600 ] 
2024-03-27 13:52:53,371 - [Epoch  35 / 1000] rec_loss: 2.2203 cl_loss: 0.0000 
2024-03-27 13:52:53,656 - Epoch  35 Test set [precision@1: 0.4800 precision@2: 0.3500 precision@3: 0.2700 ] Test set [recall@1: 0.4800 recall@2: 0.7000 recall@3: 0.8000 ] Test set [f1score@1: 0.4800 f1score@2: 0.4700 f1score@3: 0.4000 ] Test set [accuracy@1: 0.4800 accuracy@2: 0.7000 accuracy@3: 0.8000 ] 
2024-03-27 13:52:54,283 - [Epoch  36 / 1000] rec_loss: 2.2158 cl_loss: 0.0000 
2024-03-27 13:52:54,567 - Epoch  36 Test set [precision@1: 0.4900 precision@2: 0.3700 precision@3: 0.2700 ] Test set [recall@1: 0.4900 recall@2: 0.7300 recall@3: 0.8200 ] Test set [f1score@1: 0.4900 f1score@2: 0.4900 f1score@3: 0.4100 ] Test set [accuracy@1: 0.4900 accuracy@2: 0.7300 accuracy@3: 0.8200 ] 
2024-03-27 13:52:55,189 - [Epoch  37 / 1000] rec_loss: 2.1592 cl_loss: 0.0000 
2024-03-27 13:52:55,475 - Epoch  37 Test set [precision@1: 0.5200 precision@2: 0.3800 precision@3: 0.2700 ] Test set [recall@1: 0.5200 recall@2: 0.7600 recall@3: 0.8100 ] Test set [f1score@1: 0.5200 f1score@2: 0.5100 f1score@3: 0.4100 ] Test set [accuracy@1: 0.5200 accuracy@2: 0.7600 accuracy@3: 0.8100 ] 
2024-03-27 13:52:56,100 - [Epoch  38 / 1000] rec_loss: 2.1014 cl_loss: 0.0000 
2024-03-27 13:52:56,387 - Epoch  38 Test set [precision@1: 0.5400 precision@2: 0.3800 precision@3: 0.2700 ] Test set [recall@1: 0.5400 recall@2: 0.7700 recall@3: 0.8100 ] Test set [f1score@1: 0.5400 f1score@2: 0.5100 f1score@3: 0.4100 ] Test set [accuracy@1: 0.5400 accuracy@2: 0.7700 accuracy@3: 0.8100 ] 
2024-03-27 13:52:57,013 - [Epoch  39 / 1000] rec_loss: 2.0187 cl_loss: 0.0000 
2024-03-27 13:52:57,315 - Epoch  39 Test set [precision@1: 0.5700 precision@2: 0.4000 precision@3: 0.2700 ] Test set [recall@1: 0.5700 recall@2: 0.7900 recall@3: 0.8100 ] Test set [f1score@1: 0.5700 f1score@2: 0.5300 f1score@3: 0.4100 ] Test set [accuracy@1: 0.5700 accuracy@2: 0.7900 accuracy@3: 0.8100 ] 
2024-03-27 13:52:57,935 - [Epoch  40 / 1000] rec_loss: 1.9660 cl_loss: 0.0000 
2024-03-27 13:52:58,219 - Epoch  40 Test set [precision@1: 0.5700 precision@2: 0.3800 precision@3: 0.2700 ] Test set [recall@1: 0.5700 recall@2: 0.7600 recall@3: 0.8100 ] Test set [f1score@1: 0.5700 f1score@2: 0.5100 f1score@3: 0.4100 ] Test set [accuracy@1: 0.5700 accuracy@2: 0.7600 accuracy@3: 0.8100 ] 
2024-03-27 13:52:58,843 - [Epoch  41 / 1000] rec_loss: 1.9886 cl_loss: 0.0000 
2024-03-27 13:52:59,132 - Epoch  41 Test set [precision@1: 0.5500 precision@2: 0.3800 precision@3: 0.2700 ] Test set [recall@1: 0.5500 recall@2: 0.7600 recall@3: 0.8100 ] Test set [f1score@1: 0.5500 f1score@2: 0.5100 f1score@3: 0.4100 ] Test set [accuracy@1: 0.5500 accuracy@2: 0.7600 accuracy@3: 0.8100 ] 
2024-03-27 13:52:59,762 - [Epoch  42 / 1000] rec_loss: 1.8668 cl_loss: 0.0000 
2024-03-27 13:53:00,047 - Epoch  42 Test set [precision@1: 0.5500 precision@2: 0.3600 precision@3: 0.2700 ] Test set [recall@1: 0.5500 recall@2: 0.7200 recall@3: 0.8000 ] Test set [f1score@1: 0.5500 f1score@2: 0.4800 f1score@3: 0.4000 ] Test set [accuracy@1: 0.5500 accuracy@2: 0.7200 accuracy@3: 0.8000 ] 
2024-03-27 13:53:00,674 - [Epoch  43 / 1000] rec_loss: 1.8165 cl_loss: 0.0000 
2024-03-27 13:53:00,972 - Epoch  43 Test set [precision@1: 0.5500 precision@2: 0.3400 precision@3: 0.2700 ] Test set [recall@1: 0.5500 recall@2: 0.6900 recall@3: 0.8000 ] Test set [f1score@1: 0.5500 f1score@2: 0.4600 f1score@3: 0.4000 ] Test set [accuracy@1: 0.5500 accuracy@2: 0.6900 accuracy@3: 0.8000 ] 
2024-03-27 13:53:01,606 - [Epoch  44 / 1000] rec_loss: 1.8318 cl_loss: 0.0000 
2024-03-27 13:53:01,896 - Epoch  44 Test set [precision@1: 0.5500 precision@2: 0.3400 precision@3: 0.2700 ] Test set [recall@1: 0.5500 recall@2: 0.6800 recall@3: 0.8000 ] Test set [f1score@1: 0.5500 f1score@2: 0.4500 f1score@3: 0.4000 ] Test set [accuracy@1: 0.5500 accuracy@2: 0.6800 accuracy@3: 0.8000 ] 
2024-03-27 13:53:02,524 - [Epoch  45 / 1000] rec_loss: 1.8161 cl_loss: 0.0000 
2024-03-27 13:53:02,813 - Epoch  45 Test set [precision@1: 0.5300 precision@2: 0.3400 precision@3: 0.2700 ] Test set [recall@1: 0.5300 recall@2: 0.6900 recall@3: 0.8000 ] Test set [f1score@1: 0.5300 f1score@2: 0.4600 f1score@3: 0.4000 ] Test set [accuracy@1: 0.5300 accuracy@2: 0.6900 accuracy@3: 0.8000 ] 
2024-03-27 13:53:03,447 - [Epoch  46 / 1000] rec_loss: 1.7517 cl_loss: 0.0000 
2024-03-27 13:53:03,748 - Epoch  46 Test set [precision@1: 0.5200 precision@2: 0.3400 precision@3: 0.2600 ] Test set [recall@1: 0.5200 recall@2: 0.6800 recall@3: 0.7900 ] Test set [f1score@1: 0.5200 f1score@2: 0.4500 f1score@3: 0.4000 ] Test set [accuracy@1: 0.5200 accuracy@2: 0.6800 accuracy@3: 0.7900 ] 
2024-03-27 13:53:04,473 - [Epoch  47 / 1000] rec_loss: 1.6977 cl_loss: 0.0000 
2024-03-27 13:53:04,850 - Epoch  47 Test set [precision@1: 0.5100 precision@2: 0.3300 precision@3: 0.2600 ] Test set [recall@1: 0.5100 recall@2: 0.6600 recall@3: 0.7900 ] Test set [f1score@1: 0.5100 f1score@2: 0.4400 f1score@3: 0.4000 ] Test set [accuracy@1: 0.5100 accuracy@2: 0.6600 accuracy@3: 0.7900 ] 
2024-03-27 13:53:05,522 - [Epoch  48 / 1000] rec_loss: 1.6793 cl_loss: 0.0000 
2024-03-27 13:53:05,843 - Epoch  48 Test set [precision@1: 0.5000 precision@2: 0.3400 precision@3: 0.2600 ] Test set [recall@1: 0.5000 recall@2: 0.6700 recall@3: 0.7900 ] Test set [f1score@1: 0.5000 f1score@2: 0.4500 f1score@3: 0.4000 ] Test set [accuracy@1: 0.5000 accuracy@2: 0.6700 accuracy@3: 0.7900 ] 
2024-03-27 13:53:06,534 - [Epoch  49 / 1000] rec_loss: 1.6724 cl_loss: 0.0000 
2024-03-27 13:53:06,857 - Epoch  49 Test set [precision@1: 0.5000 precision@2: 0.3400 precision@3: 0.2700 ] Test set [recall@1: 0.5000 recall@2: 0.6700 recall@3: 0.8000 ] Test set [f1score@1: 0.5000 f1score@2: 0.4500 f1score@3: 0.4000 ] Test set [accuracy@1: 0.5000 accuracy@2: 0.6700 accuracy@3: 0.8000 ] 
2024-03-27 13:53:07,502 - [Epoch  50 / 1000] rec_loss: 1.6388 cl_loss: 0.0000 
2024-03-27 13:53:07,826 - Epoch  50 Test set [precision@1: 0.5200 precision@2: 0.3300 precision@3: 0.2700 ] Test set [recall@1: 0.5200 recall@2: 0.6600 recall@3: 0.8100 ] Test set [f1score@1: 0.5200 f1score@2: 0.4400 f1score@3: 0.4100 ] Test set [accuracy@1: 0.5200 accuracy@2: 0.6600 accuracy@3: 0.8100 ] 
2024-03-27 13:53:08,525 - [Epoch  51 / 1000] rec_loss: 1.6053 cl_loss: 0.0000 
2024-03-27 13:53:08,858 - Epoch  51 Test set [precision@1: 0.5400 precision@2: 0.3400 precision@3: 0.2700 ] Test set [recall@1: 0.5400 recall@2: 0.6800 recall@3: 0.8100 ] Test set [f1score@1: 0.5400 f1score@2: 0.4500 f1score@3: 0.4100 ] Test set [accuracy@1: 0.5400 accuracy@2: 0.6800 accuracy@3: 0.8100 ] 
2024-03-27 13:53:09,532 - [Epoch  52 / 1000] rec_loss: 1.5819 cl_loss: 0.0000 
2024-03-27 13:53:09,844 - Epoch  52 Test set [precision@1: 0.5600 precision@2: 0.3500 precision@3: 0.2700 ] Test set [recall@1: 0.5600 recall@2: 0.7000 recall@3: 0.8100 ] Test set [f1score@1: 0.5600 f1score@2: 0.4700 f1score@3: 0.4100 ] Test set [accuracy@1: 0.5600 accuracy@2: 0.7000 accuracy@3: 0.8100 ] 
2024-03-27 13:53:10,504 - [Epoch  53 / 1000] rec_loss: 1.4699 cl_loss: 0.0000 
2024-03-27 13:53:10,807 - Epoch  53 Test set [precision@1: 0.5800 precision@2: 0.3500 precision@3: 0.2700 ] Test set [recall@1: 0.5800 recall@2: 0.7000 recall@3: 0.8100 ] Test set [f1score@1: 0.5800 f1score@2: 0.4700 f1score@3: 0.4100 ] Test set [accuracy@1: 0.5800 accuracy@2: 0.7000 accuracy@3: 0.8100 ] 
2024-03-27 13:53:11,456 - [Epoch  54 / 1000] rec_loss: 1.5558 cl_loss: 0.0000 
2024-03-27 13:53:11,765 - Epoch  54 Test set [precision@1: 0.5800 precision@2: 0.3500 precision@3: 0.2700 ] Test set [recall@1: 0.5800 recall@2: 0.7000 recall@3: 0.8000 ] Test set [f1score@1: 0.5800 f1score@2: 0.4700 f1score@3: 0.4000 ] Test set [accuracy@1: 0.5800 accuracy@2: 0.7000 accuracy@3: 0.8000 ] 
2024-03-27 13:53:12,480 - [Epoch  55 / 1000] rec_loss: 1.5134 cl_loss: 0.0000 
2024-03-27 13:53:12,839 - Epoch  55 Test set [precision@1: 0.5800 precision@2: 0.3600 precision@3: 0.2700 ] Test set [recall@1: 0.5800 recall@2: 0.7200 recall@3: 0.8000 ] Test set [f1score@1: 0.5800 f1score@2: 0.4800 f1score@3: 0.4000 ] Test set [accuracy@1: 0.5800 accuracy@2: 0.7200 accuracy@3: 0.8000 ] 
2024-03-27 13:53:13,505 - [Epoch  56 / 1000] rec_loss: 1.4390 cl_loss: 0.0000 
2024-03-27 13:53:13,809 - Epoch  56 Test set [precision@1: 0.5800 precision@2: 0.3700 precision@3: 0.2700 ] Test set [recall@1: 0.5800 recall@2: 0.7300 recall@3: 0.8000 ] Test set [f1score@1: 0.5800 f1score@2: 0.4900 f1score@3: 0.4000 ] Test set [accuracy@1: 0.5800 accuracy@2: 0.7300 accuracy@3: 0.8000 ] 
2024-03-27 13:53:14,461 - [Epoch  57 / 1000] rec_loss: 1.4263 cl_loss: 0.0000 
2024-03-27 13:53:14,770 - Epoch  57 Test set [precision@1: 0.5800 precision@2: 0.3700 precision@3: 0.2800 ] Test set [recall@1: 0.5800 recall@2: 0.7400 recall@3: 0.8400 ] Test set [f1score@1: 0.5800 f1score@2: 0.4900 f1score@3: 0.4200 ] Test set [accuracy@1: 0.5800 accuracy@2: 0.7400 accuracy@3: 0.8400 ] 
2024-03-27 13:53:15,449 - [Epoch  58 / 1000] rec_loss: 1.4472 cl_loss: 0.0000 
2024-03-27 13:53:15,753 - Epoch  58 Test set [precision@1: 0.5800 precision@2: 0.3800 precision@3: 0.2800 ] Test set [recall@1: 0.5800 recall@2: 0.7500 recall@3: 0.8400 ] Test set [f1score@1: 0.5800 f1score@2: 0.5000 f1score@3: 0.4200 ] Test set [accuracy@1: 0.5800 accuracy@2: 0.7500 accuracy@3: 0.8400 ] 
2024-03-27 13:53:16,419 - [Epoch  59 / 1000] rec_loss: 1.3880 cl_loss: 0.0000 
2024-03-27 13:53:16,719 - Epoch  59 Test set [precision@1: 0.5900 precision@2: 0.3800 precision@3: 0.2800 ] Test set [recall@1: 0.5900 recall@2: 0.7600 recall@3: 0.8400 ] Test set [f1score@1: 0.5900 f1score@2: 0.5100 f1score@3: 0.4200 ] Test set [accuracy@1: 0.5900 accuracy@2: 0.7600 accuracy@3: 0.8400 ] 
2024-03-27 13:53:17,387 - [Epoch  60 / 1000] rec_loss: 1.3400 cl_loss: 0.0000 
2024-03-27 13:53:17,729 - Epoch  60 Test set [precision@1: 0.5900 precision@2: 0.3800 precision@3: 0.2800 ] Test set [recall@1: 0.5900 recall@2: 0.7600 recall@3: 0.8400 ] Test set [f1score@1: 0.5900 f1score@2: 0.5100 f1score@3: 0.4200 ] Test set [accuracy@1: 0.5900 accuracy@2: 0.7600 accuracy@3: 0.8400 ] 
2024-03-27 13:53:18,461 - [Epoch  61 / 1000] rec_loss: 1.4299 cl_loss: 0.0000 
2024-03-27 13:53:18,944 - Epoch  61 Test set [precision@1: 0.6000 precision@2: 0.3800 precision@3: 0.2800 ] Test set [recall@1: 0.6000 recall@2: 0.7700 recall@3: 0.8400 ] Test set [f1score@1: 0.6000 f1score@2: 0.5100 f1score@3: 0.4200 ] Test set [accuracy@1: 0.6000 accuracy@2: 0.7700 accuracy@3: 0.8400 ] 
2024-03-27 13:53:19,690 - [Epoch  62 / 1000] rec_loss: 1.4090 cl_loss: 0.0000 
2024-03-27 13:53:20,017 - Epoch  62 Test set [precision@1: 0.6200 precision@2: 0.4000 precision@3: 0.2800 ] Test set [recall@1: 0.6200 recall@2: 0.7900 recall@3: 0.8400 ] Test set [f1score@1: 0.6200 f1score@2: 0.5300 f1score@3: 0.4200 ] Test set [accuracy@1: 0.6200 accuracy@2: 0.7900 accuracy@3: 0.8400 ] 
2024-03-27 13:53:20,682 - [Epoch  63 / 1000] rec_loss: 1.2520 cl_loss: 0.0000 
2024-03-27 13:53:20,995 - Epoch  63 Test set [precision@1: 0.6200 precision@2: 0.4000 precision@3: 0.2800 ] Test set [recall@1: 0.6200 recall@2: 0.7900 recall@3: 0.8400 ] Test set [f1score@1: 0.6200 f1score@2: 0.5300 f1score@3: 0.4200 ] Test set [accuracy@1: 0.6200 accuracy@2: 0.7900 accuracy@3: 0.8400 ] 
2024-03-27 13:53:21,654 - [Epoch  64 / 1000] rec_loss: 1.2643 cl_loss: 0.0000 
2024-03-27 13:53:21,960 - Epoch  64 Test set [precision@1: 0.6300 precision@2: 0.4000 precision@3: 0.2800 ] Test set [recall@1: 0.6300 recall@2: 0.7900 recall@3: 0.8400 ] Test set [f1score@1: 0.6300 f1score@2: 0.5300 f1score@3: 0.4200 ] Test set [accuracy@1: 0.6300 accuracy@2: 0.7900 accuracy@3: 0.8400 ] 
2024-03-27 13:53:22,598 - [Epoch  65 / 1000] rec_loss: 1.2191 cl_loss: 0.0000 
2024-03-27 13:53:22,896 - Epoch  65 Test set [precision@1: 0.6400 precision@2: 0.3800 precision@3: 0.2800 ] Test set [recall@1: 0.6400 recall@2: 0.7700 recall@3: 0.8400 ] Test set [f1score@1: 0.6400 f1score@2: 0.5100 f1score@3: 0.4200 ] Test set [accuracy@1: 0.6400 accuracy@2: 0.7700 accuracy@3: 0.8400 ] 
2024-03-27 13:53:23,536 - [Epoch  66 / 1000] rec_loss: 1.2029 cl_loss: 0.0000 
2024-03-27 13:53:23,836 - Epoch  66 Test set [precision@1: 0.6400 precision@2: 0.4000 precision@3: 0.2800 ] Test set [recall@1: 0.6400 recall@2: 0.8000 recall@3: 0.8400 ] Test set [f1score@1: 0.6400 f1score@2: 0.5300 f1score@3: 0.4200 ] Test set [accuracy@1: 0.6400 accuracy@2: 0.8000 accuracy@3: 0.8400 ] 
2024-03-27 13:53:24,475 - [Epoch  67 / 1000] rec_loss: 1.2563 cl_loss: 0.0000 
2024-03-27 13:53:24,784 - Epoch  67 Test set [precision@1: 0.6400 precision@2: 0.4000 precision@3: 0.2800 ] Test set [recall@1: 0.6400 recall@2: 0.8000 recall@3: 0.8400 ] Test set [f1score@1: 0.6400 f1score@2: 0.5300 f1score@3: 0.4200 ] Test set [accuracy@1: 0.6400 accuracy@2: 0.8000 accuracy@3: 0.8400 ] 
2024-03-27 13:53:25,422 - [Epoch  68 / 1000] rec_loss: 1.1772 cl_loss: 0.0000 
2024-03-27 13:53:25,722 - Epoch  68 Test set [precision@1: 0.6400 precision@2: 0.4000 precision@3: 0.2800 ] Test set [recall@1: 0.6400 recall@2: 0.8000 recall@3: 0.8400 ] Test set [f1score@1: 0.6400 f1score@2: 0.5300 f1score@3: 0.4200 ] Test set [accuracy@1: 0.6400 accuracy@2: 0.8000 accuracy@3: 0.8400 ] 
2024-03-27 13:53:26,372 - [Epoch  69 / 1000] rec_loss: 1.1812 cl_loss: 0.0000 
2024-03-27 13:53:26,674 - Epoch  69 Test set [precision@1: 0.6400 precision@2: 0.4000 precision@3: 0.2800 ] Test set [recall@1: 0.6400 recall@2: 0.7900 recall@3: 0.8400 ] Test set [f1score@1: 0.6400 f1score@2: 0.5300 f1score@3: 0.4200 ] Test set [accuracy@1: 0.6400 accuracy@2: 0.7900 accuracy@3: 0.8400 ] 
2024-03-27 13:53:27,341 - [Epoch  70 / 1000] rec_loss: 1.1498 cl_loss: 0.0000 
2024-03-27 13:53:27,657 - Epoch  70 Test set [precision@1: 0.6400 precision@2: 0.4000 precision@3: 0.2800 ] Test set [recall@1: 0.6400 recall@2: 0.7900 recall@3: 0.8400 ] Test set [f1score@1: 0.6400 f1score@2: 0.5300 f1score@3: 0.4200 ] Test set [accuracy@1: 0.6400 accuracy@2: 0.7900 accuracy@3: 0.8400 ] 
2024-03-27 13:53:28,362 - [Epoch  71 / 1000] rec_loss: 1.1778 cl_loss: 0.0000 
2024-03-27 13:53:28,700 - Epoch  71 Test set [precision@1: 0.6400 precision@2: 0.4000 precision@3: 0.2800 ] Test set [recall@1: 0.6400 recall@2: 0.8000 recall@3: 0.8500 ] Test set [f1score@1: 0.6400 f1score@2: 0.5300 f1score@3: 0.4300 ] Test set [accuracy@1: 0.6400 accuracy@2: 0.8000 accuracy@3: 0.8500 ] 
2024-03-27 13:53:29,406 - [Epoch  72 / 1000] rec_loss: 1.2120 cl_loss: 0.0000 
2024-03-27 13:53:29,723 - Epoch  72 Test set [precision@1: 0.6400 precision@2: 0.4000 precision@3: 0.2800 ] Test set [recall@1: 0.6400 recall@2: 0.8000 recall@3: 0.8500 ] Test set [f1score@1: 0.6400 f1score@2: 0.5300 f1score@3: 0.4300 ] Test set [accuracy@1: 0.6400 accuracy@2: 0.8000 accuracy@3: 0.8500 ] 
2024-03-27 13:53:30,488 - [Epoch  73 / 1000] rec_loss: 1.0746 cl_loss: 0.0000 
2024-03-27 13:53:30,842 - Epoch  73 Test set [precision@1: 0.6400 precision@2: 0.4000 precision@3: 0.2900 ] Test set [recall@1: 0.6400 recall@2: 0.8000 recall@3: 0.8700 ] Test set [f1score@1: 0.6400 f1score@2: 0.5300 f1score@3: 0.4400 ] Test set [accuracy@1: 0.6400 accuracy@2: 0.8000 accuracy@3: 0.8700 ] 
2024-03-27 13:53:31,518 - [Epoch  74 / 1000] rec_loss: 1.0474 cl_loss: 0.0000 
2024-03-27 13:53:31,851 - Epoch  74 Test set [precision@1: 0.6400 precision@2: 0.4100 precision@3: 0.2900 ] Test set [recall@1: 0.6400 recall@2: 0.8200 recall@3: 0.8700 ] Test set [f1score@1: 0.6400 f1score@2: 0.5500 f1score@3: 0.4400 ] Test set [accuracy@1: 0.6400 accuracy@2: 0.8200 accuracy@3: 0.8700 ] 
2024-03-27 13:53:32,561 - [Epoch  75 / 1000] rec_loss: 1.0756 cl_loss: 0.0000 
2024-03-27 13:53:32,907 - Epoch  75 Test set [precision@1: 0.6400 precision@2: 0.4100 precision@3: 0.2900 ] Test set [recall@1: 0.6400 recall@2: 0.8200 recall@3: 0.8700 ] Test set [f1score@1: 0.6400 f1score@2: 0.5500 f1score@3: 0.4400 ] Test set [accuracy@1: 0.6400 accuracy@2: 0.8200 accuracy@3: 0.8700 ] 
2024-03-27 13:53:33,624 - [Epoch  76 / 1000] rec_loss: 1.0556 cl_loss: 0.0000 
2024-03-27 13:53:33,935 - Epoch  76 Test set [precision@1: 0.6500 precision@2: 0.4100 precision@3: 0.2900 ] Test set [recall@1: 0.6500 recall@2: 0.8300 recall@3: 0.8800 ] Test set [f1score@1: 0.6500 f1score@2: 0.5500 f1score@3: 0.4400 ] Test set [accuracy@1: 0.6500 accuracy@2: 0.8300 accuracy@3: 0.8800 ] 
2024-03-27 13:53:34,576 - [Epoch  77 / 1000] rec_loss: 1.0156 cl_loss: 0.0000 
2024-03-27 13:53:34,877 - Epoch  77 Test set [precision@1: 0.6500 precision@2: 0.4300 precision@3: 0.2900 ] Test set [recall@1: 0.6500 recall@2: 0.8500 recall@3: 0.8800 ] Test set [f1score@1: 0.6500 f1score@2: 0.5700 f1score@3: 0.4400 ] Test set [accuracy@1: 0.6500 accuracy@2: 0.8500 accuracy@3: 0.8800 ] 
2024-03-27 13:53:35,575 - [Epoch  78 / 1000] rec_loss: 1.0044 cl_loss: 0.0000 
2024-03-27 13:53:35,940 - Epoch  78 Test set [precision@1: 0.6600 precision@2: 0.4300 precision@3: 0.2900 ] Test set [recall@1: 0.6600 recall@2: 0.8500 recall@3: 0.8800 ] Test set [f1score@1: 0.6600 f1score@2: 0.5700 f1score@3: 0.4400 ] Test set [accuracy@1: 0.6600 accuracy@2: 0.8500 accuracy@3: 0.8800 ] 
2024-03-27 13:53:36,578 - [Epoch  79 / 1000] rec_loss: 1.0062 cl_loss: 0.0000 
2024-03-27 13:53:36,882 - Epoch  79 Test set [precision@1: 0.6800 precision@2: 0.4300 precision@3: 0.2900 ] Test set [recall@1: 0.6800 recall@2: 0.8500 recall@3: 0.8800 ] Test set [f1score@1: 0.6800 f1score@2: 0.5700 f1score@3: 0.4400 ] Test set [accuracy@1: 0.6800 accuracy@2: 0.8500 accuracy@3: 0.8800 ] 
2024-03-27 13:53:37,524 - [Epoch  80 / 1000] rec_loss: 0.9373 cl_loss: 0.0000 
2024-03-27 13:53:37,832 - Epoch  80 Test set [precision@1: 0.6900 precision@2: 0.4300 precision@3: 0.2900 ] Test set [recall@1: 0.6900 recall@2: 0.8600 recall@3: 0.8800 ] Test set [f1score@1: 0.6900 f1score@2: 0.5700 f1score@3: 0.4400 ] Test set [accuracy@1: 0.6900 accuracy@2: 0.8600 accuracy@3: 0.8800 ] 
2024-03-27 13:53:38,472 - [Epoch  81 / 1000] rec_loss: 0.9886 cl_loss: 0.0000 
2024-03-27 13:53:38,766 - Epoch  81 Test set [precision@1: 0.7100 precision@2: 0.4400 precision@3: 0.2900 ] Test set [recall@1: 0.7100 recall@2: 0.8700 recall@3: 0.8800 ] Test set [f1score@1: 0.7100 f1score@2: 0.5800 f1score@3: 0.4400 ] Test set [accuracy@1: 0.7100 accuracy@2: 0.8700 accuracy@3: 0.8800 ] 
2024-03-27 13:53:39,438 - [Epoch  82 / 1000] rec_loss: 0.9807 cl_loss: 0.0000 
2024-03-27 13:53:39,760 - Epoch  82 Test set [precision@1: 0.7200 precision@2: 0.4400 precision@3: 0.2900 ] Test set [recall@1: 0.7200 recall@2: 0.8700 recall@3: 0.8800 ] Test set [f1score@1: 0.7200 f1score@2: 0.5800 f1score@3: 0.4400 ] Test set [accuracy@1: 0.7200 accuracy@2: 0.8700 accuracy@3: 0.8800 ] 
2024-03-27 13:53:40,408 - [Epoch  83 / 1000] rec_loss: 0.9697 cl_loss: 0.0000 
2024-03-27 13:53:40,708 - Epoch  83 Test set [precision@1: 0.7200 precision@2: 0.4400 precision@3: 0.3000 ] Test set [recall@1: 0.7200 recall@2: 0.8700 recall@3: 0.8900 ] Test set [f1score@1: 0.7200 f1score@2: 0.5800 f1score@3: 0.4400 ] Test set [accuracy@1: 0.7200 accuracy@2: 0.8700 accuracy@3: 0.8900 ] 
2024-03-27 13:53:41,503 - [Epoch  84 / 1000] rec_loss: 0.8978 cl_loss: 0.0000 
2024-03-27 13:53:41,812 - Epoch  84 Test set [precision@1: 0.7300 precision@2: 0.4400 precision@3: 0.3000 ] Test set [recall@1: 0.7300 recall@2: 0.8800 recall@3: 0.8900 ] Test set [f1score@1: 0.7300 f1score@2: 0.5900 f1score@3: 0.4400 ] Test set [accuracy@1: 0.7300 accuracy@2: 0.8800 accuracy@3: 0.8900 ] 
2024-03-27 13:53:42,527 - [Epoch  85 / 1000] rec_loss: 0.9396 cl_loss: 0.0000 
2024-03-27 13:53:42,850 - Epoch  85 Test set [precision@1: 0.7300 precision@2: 0.4400 precision@3: 0.3000 ] Test set [recall@1: 0.7300 recall@2: 0.8700 recall@3: 0.8900 ] Test set [f1score@1: 0.7300 f1score@2: 0.5800 f1score@3: 0.4400 ] Test set [accuracy@1: 0.7300 accuracy@2: 0.8700 accuracy@3: 0.8900 ] 
2024-03-27 13:53:43,541 - [Epoch  86 / 1000] rec_loss: 0.9043 cl_loss: 0.0000 
2024-03-27 13:53:43,866 - Epoch  86 Test set [precision@1: 0.7300 precision@2: 0.4400 precision@3: 0.3000 ] Test set [recall@1: 0.7300 recall@2: 0.8800 recall@3: 0.8900 ] Test set [f1score@1: 0.7300 f1score@2: 0.5900 f1score@3: 0.4400 ] Test set [accuracy@1: 0.7300 accuracy@2: 0.8800 accuracy@3: 0.8900 ] 
2024-03-27 13:53:44,572 - [Epoch  87 / 1000] rec_loss: 0.8584 cl_loss: 0.0000 
2024-03-27 13:53:44,875 - Epoch  87 Test set [precision@1: 0.7300 precision@2: 0.4400 precision@3: 0.3000 ] Test set [recall@1: 0.7300 recall@2: 0.8800 recall@3: 0.8900 ] Test set [f1score@1: 0.7300 f1score@2: 0.5900 f1score@3: 0.4400 ] Test set [accuracy@1: 0.7300 accuracy@2: 0.8800 accuracy@3: 0.8900 ] 
2024-03-27 13:53:45,590 - [Epoch  88 / 1000] rec_loss: 0.8702 cl_loss: 0.0000 
2024-03-27 13:53:45,920 - Epoch  88 Test set [precision@1: 0.7300 precision@2: 0.4400 precision@3: 0.3000 ] Test set [recall@1: 0.7300 recall@2: 0.8800 recall@3: 0.8900 ] Test set [f1score@1: 0.7300 f1score@2: 0.5900 f1score@3: 0.4400 ] Test set [accuracy@1: 0.7300 accuracy@2: 0.8800 accuracy@3: 0.8900 ] 
2024-03-27 13:53:46,730 - [Epoch  89 / 1000] rec_loss: 0.8757 cl_loss: 0.0000 
2024-03-27 13:53:47,049 - Epoch  89 Test set [precision@1: 0.7300 precision@2: 0.4400 precision@3: 0.3000 ] Test set [recall@1: 0.7300 recall@2: 0.8900 recall@3: 0.8900 ] Test set [f1score@1: 0.7300 f1score@2: 0.5900 f1score@3: 0.4400 ] Test set [accuracy@1: 0.7300 accuracy@2: 0.8900 accuracy@3: 0.8900 ] 
2024-03-27 13:53:47,709 - [Epoch  90 / 1000] rec_loss: 0.8749 cl_loss: 0.0000 
2024-03-27 13:53:48,027 - Epoch  90 Test set [precision@1: 0.7400 precision@2: 0.4400 precision@3: 0.3000 ] Test set [recall@1: 0.7400 recall@2: 0.8900 recall@3: 0.8900 ] Test set [f1score@1: 0.7400 f1score@2: 0.5900 f1score@3: 0.4400 ] Test set [accuracy@1: 0.7400 accuracy@2: 0.8900 accuracy@3: 0.8900 ] 
2024-03-27 13:53:49,233 - [Epoch  91 / 1000] rec_loss: 0.8361 cl_loss: 0.0000 
2024-03-27 13:53:49,697 - Epoch  91 Test set [precision@1: 0.7400 precision@2: 0.4400 precision@3: 0.3000 ] Test set [recall@1: 0.7400 recall@2: 0.8900 recall@3: 0.8900 ] Test set [f1score@1: 0.7400 f1score@2: 0.5900 f1score@3: 0.4400 ] Test set [accuracy@1: 0.7400 accuracy@2: 0.8900 accuracy@3: 0.8900 ] 
2024-03-27 13:53:50,466 - [Epoch  92 / 1000] rec_loss: 0.8267 cl_loss: 0.0000 
2024-03-27 13:53:50,813 - Epoch  92 Test set [precision@1: 0.7400 precision@2: 0.4400 precision@3: 0.3000 ] Test set [recall@1: 0.7400 recall@2: 0.8900 recall@3: 0.8900 ] Test set [f1score@1: 0.7400 f1score@2: 0.5900 f1score@3: 0.4400 ] Test set [accuracy@1: 0.7400 accuracy@2: 0.8900 accuracy@3: 0.8900 ] 
2024-03-27 13:53:52,165 - [Epoch  93 / 1000] rec_loss: 0.8077 cl_loss: 0.0000 
2024-03-27 13:53:52,518 - Epoch  93 Test set [precision@1: 0.7400 precision@2: 0.4400 precision@3: 0.3000 ] Test set [recall@1: 0.7400 recall@2: 0.8900 recall@3: 0.9000 ] Test set [f1score@1: 0.7400 f1score@2: 0.5900 f1score@3: 0.4500 ] Test set [accuracy@1: 0.7400 accuracy@2: 0.8900 accuracy@3: 0.9000 ] 
2024-03-27 13:53:53,437 - [Epoch  94 / 1000] rec_loss: 0.8095 cl_loss: 0.0000 
2024-03-27 13:53:53,802 - Epoch  94 Test set [precision@1: 0.7300 precision@2: 0.4400 precision@3: 0.3000 ] Test set [recall@1: 0.7300 recall@2: 0.8900 recall@3: 0.9000 ] Test set [f1score@1: 0.7300 f1score@2: 0.5900 f1score@3: 0.4500 ] Test set [accuracy@1: 0.7300 accuracy@2: 0.8900 accuracy@3: 0.9000 ] 
2024-03-27 13:53:54,593 - [Epoch  95 / 1000] rec_loss: 0.7822 cl_loss: 0.0000 
2024-03-27 13:53:54,955 - Epoch  95 Test set [precision@1: 0.7400 precision@2: 0.4400 precision@3: 0.3000 ] Test set [recall@1: 0.7400 recall@2: 0.8800 recall@3: 0.9000 ] Test set [f1score@1: 0.7400 f1score@2: 0.5900 f1score@3: 0.4500 ] Test set [accuracy@1: 0.7400 accuracy@2: 0.8800 accuracy@3: 0.9000 ] 
2024-03-27 13:53:55,819 - [Epoch  96 / 1000] rec_loss: 0.7826 cl_loss: 0.0000 
2024-03-27 13:53:56,275 - Epoch  96 Test set [precision@1: 0.7400 precision@2: 0.4400 precision@3: 0.3000 ] Test set [recall@1: 0.7400 recall@2: 0.8800 recall@3: 0.9000 ] Test set [f1score@1: 0.7400 f1score@2: 0.5900 f1score@3: 0.4500 ] Test set [accuracy@1: 0.7400 accuracy@2: 0.8800 accuracy@3: 0.9000 ] 
2024-03-27 13:53:57,082 - [Epoch  97 / 1000] rec_loss: 0.7715 cl_loss: 0.0000 
2024-03-27 13:53:57,436 - Epoch  97 Test set [precision@1: 0.7500 precision@2: 0.4400 precision@3: 0.3000 ] Test set [recall@1: 0.7500 recall@2: 0.8800 recall@3: 0.9000 ] Test set [f1score@1: 0.7500 f1score@2: 0.5900 f1score@3: 0.4500 ] Test set [accuracy@1: 0.7500 accuracy@2: 0.8800 accuracy@3: 0.9000 ] 
2024-03-27 13:53:58,245 - [Epoch  98 / 1000] rec_loss: 0.7391 cl_loss: 0.0000 
2024-03-27 13:53:58,594 - Epoch  98 Test set [precision@1: 0.7400 precision@2: 0.4400 precision@3: 0.3000 ] Test set [recall@1: 0.7400 recall@2: 0.8800 recall@3: 0.9000 ] Test set [f1score@1: 0.7400 f1score@2: 0.5900 f1score@3: 0.4500 ] Test set [accuracy@1: 0.7400 accuracy@2: 0.8800 accuracy@3: 0.9000 ] 
2024-03-27 13:53:59,377 - [Epoch  99 / 1000] rec_loss: 0.7357 cl_loss: 0.0000 
2024-03-27 13:53:59,737 - Epoch  99 Test set [precision@1: 0.7400 precision@2: 0.4400 precision@3: 0.3000 ] Test set [recall@1: 0.7400 recall@2: 0.8800 recall@3: 0.9000 ] Test set [f1score@1: 0.7400 f1score@2: 0.5900 f1score@3: 0.4500 ] Test set [accuracy@1: 0.7400 accuracy@2: 0.8800 accuracy@3: 0.9000 ] 
2024-03-27 13:54:00,523 - [Epoch 100 / 1000] rec_loss: 0.6979 cl_loss: 0.0000 
2024-03-27 13:54:00,913 - Epoch 100 Test set [precision@1: 0.7500 precision@2: 0.4400 precision@3: 0.3000 ] Test set [recall@1: 0.7500 recall@2: 0.8800 recall@3: 0.9000 ] Test set [f1score@1: 0.7500 f1score@2: 0.5900 f1score@3: 0.4500 ] Test set [accuracy@1: 0.7500 accuracy@2: 0.8800 accuracy@3: 0.9000 ] 
2024-03-27 13:54:01,720 - [Epoch 101 / 1000] rec_loss: 0.6850 cl_loss: 0.0000 
2024-03-27 13:54:02,082 - Epoch 101 Test set [precision@1: 0.7700 precision@2: 0.4400 precision@3: 0.3000 ] Test set [recall@1: 0.7700 recall@2: 0.8900 recall@3: 0.9000 ] Test set [f1score@1: 0.7700 f1score@2: 0.5900 f1score@3: 0.4500 ] Test set [accuracy@1: 0.7700 accuracy@2: 0.8900 accuracy@3: 0.9000 ] 
2024-03-27 13:54:02,921 - [Epoch 102 / 1000] rec_loss: 0.6890 cl_loss: 0.0000 
2024-03-27 13:54:03,287 - Epoch 102 Test set [precision@1: 0.8200 precision@2: 0.4400 precision@3: 0.3000 ] Test set [recall@1: 0.8200 recall@2: 0.8900 recall@3: 0.9000 ] Test set [f1score@1: 0.8200 f1score@2: 0.5900 f1score@3: 0.4500 ] Test set [accuracy@1: 0.8200 accuracy@2: 0.8900 accuracy@3: 0.9000 ] 
2024-03-27 13:54:04,035 - [Epoch 103 / 1000] rec_loss: 0.7259 cl_loss: 0.0000 
2024-03-27 13:54:04,394 - Epoch 103 Test set [precision@1: 0.8200 precision@2: 0.4400 precision@3: 0.3000 ] Test set [recall@1: 0.8200 recall@2: 0.8900 recall@3: 0.9000 ] Test set [f1score@1: 0.8200 f1score@2: 0.5900 f1score@3: 0.4500 ] Test set [accuracy@1: 0.8200 accuracy@2: 0.8900 accuracy@3: 0.9000 ] 
2024-03-27 13:54:05,169 - [Epoch 104 / 1000] rec_loss: 0.6727 cl_loss: 0.0000 
2024-03-27 13:54:05,493 - Epoch 104 Test set [precision@1: 0.8300 precision@2: 0.4400 precision@3: 0.3000 ] Test set [recall@1: 0.8300 recall@2: 0.8900 recall@3: 0.9000 ] Test set [f1score@1: 0.8300 f1score@2: 0.5900 f1score@3: 0.4500 ] Test set [accuracy@1: 0.8300 accuracy@2: 0.8900 accuracy@3: 0.9000 ] 
2024-03-27 13:54:06,160 - [Epoch 105 / 1000] rec_loss: 0.6888 cl_loss: 0.0000 
2024-03-27 13:54:06,479 - Epoch 105 Test set [precision@1: 0.8300 precision@2: 0.4400 precision@3: 0.3000 ] Test set [recall@1: 0.8300 recall@2: 0.8900 recall@3: 0.9000 ] Test set [f1score@1: 0.8300 f1score@2: 0.5900 f1score@3: 0.4500 ] Test set [accuracy@1: 0.8300 accuracy@2: 0.8900 accuracy@3: 0.9000 ] 
2024-03-27 13:54:07,128 - [Epoch 106 / 1000] rec_loss: 0.6883 cl_loss: 0.0000 
2024-03-27 13:54:07,432 - Epoch 106 Test set [precision@1: 0.8300 precision@2: 0.4400 precision@3: 0.3000 ] Test set [recall@1: 0.8300 recall@2: 0.8900 recall@3: 0.9000 ] Test set [f1score@1: 0.8300 f1score@2: 0.5900 f1score@3: 0.4500 ] Test set [accuracy@1: 0.8300 accuracy@2: 0.8900 accuracy@3: 0.9000 ] 
2024-03-27 13:54:08,088 - [Epoch 107 / 1000] rec_loss: 0.7297 cl_loss: 0.0000 
2024-03-27 13:54:08,389 - Epoch 107 Test set [precision@1: 0.8300 precision@2: 0.4400 precision@3: 0.3000 ] Test set [recall@1: 0.8300 recall@2: 0.8900 recall@3: 0.9000 ] Test set [f1score@1: 0.8300 f1score@2: 0.5900 f1score@3: 0.4500 ] Test set [accuracy@1: 0.8300 accuracy@2: 0.8900 accuracy@3: 0.9000 ] 
2024-03-27 13:54:09,034 - [Epoch 108 / 1000] rec_loss: 0.7103 cl_loss: 0.0000 
2024-03-27 13:54:09,349 - Epoch 108 Test set [precision@1: 0.8300 precision@2: 0.4400 precision@3: 0.3000 ] Test set [recall@1: 0.8300 recall@2: 0.8900 recall@3: 0.9000 ] Test set [f1score@1: 0.8300 f1score@2: 0.5900 f1score@3: 0.4500 ] Test set [accuracy@1: 0.8300 accuracy@2: 0.8900 accuracy@3: 0.9000 ] 
2024-03-27 13:54:09,997 - [Epoch 109 / 1000] rec_loss: 0.6357 cl_loss: 0.0000 
2024-03-27 13:54:10,311 - Epoch 109 Test set [precision@1: 0.8200 precision@2: 0.4500 precision@3: 0.3000 ] Test set [recall@1: 0.8200 recall@2: 0.9000 recall@3: 0.9000 ] Test set [f1score@1: 0.8200 f1score@2: 0.6000 f1score@3: 0.4500 ] Test set [accuracy@1: 0.8200 accuracy@2: 0.9000 accuracy@3: 0.9000 ] 
2024-03-27 13:54:10,966 - [Epoch 110 / 1000] rec_loss: 0.6983 cl_loss: 0.0000 
2024-03-27 13:54:11,266 - Epoch 110 Test set [precision@1: 0.8300 precision@2: 0.4500 precision@3: 0.3000 ] Test set [recall@1: 0.8300 recall@2: 0.9000 recall@3: 0.9000 ] Test set [f1score@1: 0.8300 f1score@2: 0.6000 f1score@3: 0.4500 ] Test set [accuracy@1: 0.8300 accuracy@2: 0.9000 accuracy@3: 0.9000 ] 
2024-03-27 13:54:11,899 - [Epoch 111 / 1000] rec_loss: 0.6881 cl_loss: 0.0000 
2024-03-27 13:54:12,198 - Epoch 111 Test set [precision@1: 0.8400 precision@2: 0.4500 precision@3: 0.3000 ] Test set [recall@1: 0.8400 recall@2: 0.9000 recall@3: 0.9000 ] Test set [f1score@1: 0.8400 f1score@2: 0.6000 f1score@3: 0.4500 ] Test set [accuracy@1: 0.8400 accuracy@2: 0.9000 accuracy@3: 0.9000 ] 
2024-03-27 13:54:12,843 - [Epoch 112 / 1000] rec_loss: 0.6741 cl_loss: 0.0000 
2024-03-27 13:54:13,135 - Epoch 112 Test set [precision@1: 0.8400 precision@2: 0.4500 precision@3: 0.3000 ] Test set [recall@1: 0.8400 recall@2: 0.9000 recall@3: 0.9000 ] Test set [f1score@1: 0.8400 f1score@2: 0.6000 f1score@3: 0.4500 ] Test set [accuracy@1: 0.8400 accuracy@2: 0.9000 accuracy@3: 0.9000 ] 
2024-03-27 13:54:13,787 - [Epoch 113 / 1000] rec_loss: 0.6606 cl_loss: 0.0000 
2024-03-27 13:54:14,085 - Epoch 113 Test set [precision@1: 0.8400 precision@2: 0.4500 precision@3: 0.3000 ] Test set [recall@1: 0.8400 recall@2: 0.9000 recall@3: 0.9000 ] Test set [f1score@1: 0.8400 f1score@2: 0.6000 f1score@3: 0.4500 ] Test set [accuracy@1: 0.8400 accuracy@2: 0.9000 accuracy@3: 0.9000 ] 
2024-03-27 13:54:14,728 - [Epoch 114 / 1000] rec_loss: 0.6380 cl_loss: 0.0000 
2024-03-27 13:54:15,032 - Epoch 114 Test set [precision@1: 0.8400 precision@2: 0.4500 precision@3: 0.3000 ] Test set [recall@1: 0.8400 recall@2: 0.9000 recall@3: 0.9000 ] Test set [f1score@1: 0.8400 f1score@2: 0.6000 f1score@3: 0.4500 ] Test set [accuracy@1: 0.8400 accuracy@2: 0.9000 accuracy@3: 0.9000 ] 
2024-03-27 13:54:15,690 - [Epoch 115 / 1000] rec_loss: 0.6089 cl_loss: 0.0000 
2024-03-27 13:54:15,991 - Epoch 115 Test set [precision@1: 0.8400 precision@2: 0.4500 precision@3: 0.3000 ] Test set [recall@1: 0.8400 recall@2: 0.9000 recall@3: 0.9000 ] Test set [f1score@1: 0.8400 f1score@2: 0.6000 f1score@3: 0.4500 ] Test set [accuracy@1: 0.8400 accuracy@2: 0.9000 accuracy@3: 0.9000 ] 
2024-03-27 13:54:16,641 - [Epoch 116 / 1000] rec_loss: 0.6393 cl_loss: 0.0000 
2024-03-27 13:54:16,971 - Epoch 116 Test set [precision@1: 0.8500 precision@2: 0.4500 precision@3: 0.3000 ] Test set [recall@1: 0.8500 recall@2: 0.9000 recall@3: 0.9000 ] Test set [f1score@1: 0.8500 f1score@2: 0.6000 f1score@3: 0.4500 ] Test set [accuracy@1: 0.8500 accuracy@2: 0.9000 accuracy@3: 0.9000 ] 
2024-03-27 13:54:17,630 - [Epoch 117 / 1000] rec_loss: 0.6051 cl_loss: 0.0000 
2024-03-27 13:54:17,937 - Epoch 117 Test set [precision@1: 0.8500 precision@2: 0.4500 precision@3: 0.3000 ] Test set [recall@1: 0.8500 recall@2: 0.9000 recall@3: 0.9000 ] Test set [f1score@1: 0.8500 f1score@2: 0.6000 f1score@3: 0.4500 ] Test set [accuracy@1: 0.8500 accuracy@2: 0.9000 accuracy@3: 0.9000 ] 
2024-03-27 13:54:18,593 - [Epoch 118 / 1000] rec_loss: 0.6173 cl_loss: 0.0000 
2024-03-27 13:54:18,898 - Epoch 118 Test set [precision@1: 0.8400 precision@2: 0.4500 precision@3: 0.3000 ] Test set [recall@1: 0.8400 recall@2: 0.9000 recall@3: 0.9000 ] Test set [f1score@1: 0.8400 f1score@2: 0.6000 f1score@3: 0.4500 ] Test set [accuracy@1: 0.8400 accuracy@2: 0.9000 accuracy@3: 0.9000 ] 
2024-03-27 13:54:19,559 - [Epoch 119 / 1000] rec_loss: 0.6391 cl_loss: 0.0000 
2024-03-27 13:54:19,860 - Epoch 119 Test set [precision@1: 0.8400 precision@2: 0.4500 precision@3: 0.3000 ] Test set [recall@1: 0.8400 recall@2: 0.9000 recall@3: 0.9000 ] Test set [f1score@1: 0.8400 f1score@2: 0.6000 f1score@3: 0.4500 ] Test set [accuracy@1: 0.8400 accuracy@2: 0.9000 accuracy@3: 0.9000 ] 
2024-03-27 13:54:20,515 - [Epoch 120 / 1000] rec_loss: 0.6023 cl_loss: 0.0000 
2024-03-27 13:54:20,844 - Epoch 120 Test set [precision@1: 0.8400 precision@2: 0.4500 precision@3: 0.3000 ] Test set [recall@1: 0.8400 recall@2: 0.9000 recall@3: 0.9000 ] Test set [f1score@1: 0.8400 f1score@2: 0.6000 f1score@3: 0.4500 ] Test set [accuracy@1: 0.8400 accuracy@2: 0.9000 accuracy@3: 0.9000 ] 
2024-03-27 13:54:21,512 - [Epoch 121 / 1000] rec_loss: 0.5550 cl_loss: 0.0000 
2024-03-27 13:54:21,824 - Epoch 121 Test set [precision@1: 0.8400 precision@2: 0.4500 precision@3: 0.3000 ] Test set [recall@1: 0.8400 recall@2: 0.9000 recall@3: 0.9000 ] Test set [f1score@1: 0.8400 f1score@2: 0.6000 f1score@3: 0.4500 ] Test set [accuracy@1: 0.8400 accuracy@2: 0.9000 accuracy@3: 0.9000 ] 
2024-03-27 13:54:22,489 - [Epoch 122 / 1000] rec_loss: 0.5556 cl_loss: 0.0000 
2024-03-27 13:54:22,787 - Epoch 122 Test set [precision@1: 0.8500 precision@2: 0.4500 precision@3: 0.3000 ] Test set [recall@1: 0.8500 recall@2: 0.9000 recall@3: 0.9000 ] Test set [f1score@1: 0.8500 f1score@2: 0.6000 f1score@3: 0.4500 ] Test set [accuracy@1: 0.8500 accuracy@2: 0.9000 accuracy@3: 0.9000 ] 
2024-03-27 13:54:23,440 - [Epoch 123 / 1000] rec_loss: 0.5527 cl_loss: 0.0000 
2024-03-27 13:54:23,738 - Epoch 123 Test set [precision@1: 0.8600 precision@2: 0.4500 precision@3: 0.3000 ] Test set [recall@1: 0.8600 recall@2: 0.9000 recall@3: 0.9000 ] Test set [f1score@1: 0.8600 f1score@2: 0.6000 f1score@3: 0.4500 ] Test set [accuracy@1: 0.8600 accuracy@2: 0.9000 accuracy@3: 0.9000 ] 
2024-03-27 13:54:24,389 - [Epoch 124 / 1000] rec_loss: 0.6675 cl_loss: 0.0000 
2024-03-27 13:54:24,689 - Epoch 124 Test set [precision@1: 0.8600 precision@2: 0.4500 precision@3: 0.3000 ] Test set [recall@1: 0.8600 recall@2: 0.9000 recall@3: 0.9000 ] Test set [f1score@1: 0.8600 f1score@2: 0.6000 f1score@3: 0.4500 ] Test set [accuracy@1: 0.8600 accuracy@2: 0.9000 accuracy@3: 0.9000 ] 
2024-03-27 13:54:25,341 - [Epoch 125 / 1000] rec_loss: 0.6039 cl_loss: 0.0000 
2024-03-27 13:54:25,649 - Epoch 125 Test set [precision@1: 0.8800 precision@2: 0.4500 precision@3: 0.3000 ] Test set [recall@1: 0.8800 recall@2: 0.9000 recall@3: 0.9000 ] Test set [f1score@1: 0.8800 f1score@2: 0.6000 f1score@3: 0.4500 ] Test set [accuracy@1: 0.8800 accuracy@2: 0.9000 accuracy@3: 0.9000 ] 
2024-03-27 13:54:26,310 - [Epoch 126 / 1000] rec_loss: 0.5340 cl_loss: 0.0000 
2024-03-27 13:54:26,626 - Epoch 126 Test set [precision@1: 0.8800 precision@2: 0.4500 precision@3: 0.3000 ] Test set [recall@1: 0.8800 recall@2: 0.9000 recall@3: 0.9000 ] Test set [f1score@1: 0.8800 f1score@2: 0.6000 f1score@3: 0.4500 ] Test set [accuracy@1: 0.8800 accuracy@2: 0.9000 accuracy@3: 0.9000 ] 
2024-03-27 13:54:27,296 - [Epoch 127 / 1000] rec_loss: 0.5314 cl_loss: 0.0000 
2024-03-27 13:54:27,610 - Epoch 127 Test set [precision@1: 0.8900 precision@2: 0.4500 precision@3: 0.3000 ] Test set [recall@1: 0.8900 recall@2: 0.9000 recall@3: 0.9000 ] Test set [f1score@1: 0.8900 f1score@2: 0.6000 f1score@3: 0.4500 ] Test set [accuracy@1: 0.8900 accuracy@2: 0.9000 accuracy@3: 0.9000 ] 
2024-03-27 13:54:28,281 - [Epoch 128 / 1000] rec_loss: 0.5120 cl_loss: 0.0000 
2024-03-27 13:54:28,594 - Epoch 128 Test set [precision@1: 0.8900 precision@2: 0.4500 precision@3: 0.3000 ] Test set [recall@1: 0.8900 recall@2: 0.9000 recall@3: 0.9000 ] Test set [f1score@1: 0.8900 f1score@2: 0.6000 f1score@3: 0.4500 ] Test set [accuracy@1: 0.8900 accuracy@2: 0.9000 accuracy@3: 0.9000 ] 
2024-03-27 13:54:29,258 - [Epoch 129 / 1000] rec_loss: 0.4890 cl_loss: 0.0000 
2024-03-27 13:54:29,566 - Epoch 129 Test set [precision@1: 0.8900 precision@2: 0.4500 precision@3: 0.3000 ] Test set [recall@1: 0.8900 recall@2: 0.9000 recall@3: 0.9000 ] Test set [f1score@1: 0.8900 f1score@2: 0.6000 f1score@3: 0.4500 ] Test set [accuracy@1: 0.8900 accuracy@2: 0.9000 accuracy@3: 0.9000 ] 
2024-03-27 13:54:30,229 - [Epoch 130 / 1000] rec_loss: 0.5453 cl_loss: 0.0000 
2024-03-27 13:54:30,536 - Epoch 130 Test set [precision@1: 0.8900 precision@2: 0.4500 precision@3: 0.3000 ] Test set [recall@1: 0.8900 recall@2: 0.9000 recall@3: 0.9000 ] Test set [f1score@1: 0.8900 f1score@2: 0.6000 f1score@3: 0.4500 ] Test set [accuracy@1: 0.8900 accuracy@2: 0.9000 accuracy@3: 0.9000 ] 
2024-03-27 13:54:31,195 - [Epoch 131 / 1000] rec_loss: 0.5470 cl_loss: 0.0000 
2024-03-27 13:54:31,502 - Epoch 131 Test set [precision@1: 0.8900 precision@2: 0.4500 precision@3: 0.3000 ] Test set [recall@1: 0.8900 recall@2: 0.9000 recall@3: 0.9000 ] Test set [f1score@1: 0.8900 f1score@2: 0.6000 f1score@3: 0.4500 ] Test set [accuracy@1: 0.8900 accuracy@2: 0.9000 accuracy@3: 0.9000 ] 
2024-03-27 13:54:32,164 - [Epoch 132 / 1000] rec_loss: 0.5698 cl_loss: 0.0000 
2024-03-27 13:54:32,468 - Epoch 132 Test set [precision@1: 0.8900 precision@2: 0.4500 precision@3: 0.3000 ] Test set [recall@1: 0.8900 recall@2: 0.9000 recall@3: 0.9000 ] Test set [f1score@1: 0.8900 f1score@2: 0.6000 f1score@3: 0.4500 ] Test set [accuracy@1: 0.8900 accuracy@2: 0.9000 accuracy@3: 0.9000 ] 
2024-03-27 13:54:33,136 - [Epoch 133 / 1000] rec_loss: 0.5044 cl_loss: 0.0000 
2024-03-27 13:54:33,447 - Epoch 133 Test set [precision@1: 0.8900 precision@2: 0.4500 precision@3: 0.3000 ] Test set [recall@1: 0.8900 recall@2: 0.9000 recall@3: 0.9000 ] Test set [f1score@1: 0.8900 f1score@2: 0.6000 f1score@3: 0.4500 ] Test set [accuracy@1: 0.8900 accuracy@2: 0.9000 accuracy@3: 0.9000 ] 
2024-03-27 13:54:34,108 - [Epoch 134 / 1000] rec_loss: 0.4772 cl_loss: 0.0000 
2024-03-27 13:54:34,422 - Epoch 134 Test set [precision@1: 0.8900 precision@2: 0.4500 precision@3: 0.3000 ] Test set [recall@1: 0.8900 recall@2: 0.9000 recall@3: 0.9000 ] Test set [f1score@1: 0.8900 f1score@2: 0.6000 f1score@3: 0.4500 ] Test set [accuracy@1: 0.8900 accuracy@2: 0.9000 accuracy@3: 0.9000 ] 
2024-03-27 13:54:35,089 - [Epoch 135 / 1000] rec_loss: 0.4758 cl_loss: 0.0000 
2024-03-27 13:54:35,400 - Epoch 135 Test set [precision@1: 0.8900 precision@2: 0.4500 precision@3: 0.3000 ] Test set [recall@1: 0.8900 recall@2: 0.9000 recall@3: 0.9000 ] Test set [f1score@1: 0.8900 f1score@2: 0.6000 f1score@3: 0.4500 ] Test set [accuracy@1: 0.8900 accuracy@2: 0.9000 accuracy@3: 0.9000 ] 
2024-03-27 13:54:36,060 - [Epoch 136 / 1000] rec_loss: 0.4849 cl_loss: 0.0000 
2024-03-27 13:54:36,369 - Epoch 136 Test set [precision@1: 0.8900 precision@2: 0.4500 precision@3: 0.3000 ] Test set [recall@1: 0.8900 recall@2: 0.9000 recall@3: 0.9000 ] Test set [f1score@1: 0.8900 f1score@2: 0.6000 f1score@3: 0.4500 ] Test set [accuracy@1: 0.8900 accuracy@2: 0.9000 accuracy@3: 0.9000 ] 
2024-03-27 13:54:37,044 - [Epoch 137 / 1000] rec_loss: 0.5469 cl_loss: 0.0000 
2024-03-27 13:54:37,350 - Epoch 137 Test set [precision@1: 0.8900 precision@2: 0.4500 precision@3: 0.3000 ] Test set [recall@1: 0.8900 recall@2: 0.9000 recall@3: 0.9000 ] Test set [f1score@1: 0.8900 f1score@2: 0.6000 f1score@3: 0.4500 ] Test set [accuracy@1: 0.8900 accuracy@2: 0.9000 accuracy@3: 0.9000 ] 
2024-03-27 13:54:38,011 - [Epoch 138 / 1000] rec_loss: 0.4733 cl_loss: 0.0000 
2024-03-27 13:54:38,325 - Epoch 138 Test set [precision@1: 0.8900 precision@2: 0.4500 precision@3: 0.3000 ] Test set [recall@1: 0.8900 recall@2: 0.9000 recall@3: 0.9000 ] Test set [f1score@1: 0.8900 f1score@2: 0.6000 f1score@3: 0.4500 ] Test set [accuracy@1: 0.8900 accuracy@2: 0.9000 accuracy@3: 0.9000 ] 
2024-03-27 13:54:39,022 - [Epoch 139 / 1000] rec_loss: 0.4800 cl_loss: 0.0000 
2024-03-27 13:54:39,321 - Epoch 139 Test set [precision@1: 0.8900 precision@2: 0.4500 precision@3: 0.3000 ] Test set [recall@1: 0.8900 recall@2: 0.9000 recall@3: 0.9000 ] Test set [f1score@1: 0.8900 f1score@2: 0.6000 f1score@3: 0.4500 ] Test set [accuracy@1: 0.8900 accuracy@2: 0.9000 accuracy@3: 0.9000 ] 
2024-03-27 13:54:39,977 - [Epoch 140 / 1000] rec_loss: 0.4819 cl_loss: 0.0000 
2024-03-27 13:54:40,275 - Epoch 140 Test set [precision@1: 0.8900 precision@2: 0.4500 precision@3: 0.3000 ] Test set [recall@1: 0.8900 recall@2: 0.9000 recall@3: 0.9000 ] Test set [f1score@1: 0.8900 f1score@2: 0.6000 f1score@3: 0.4500 ] Test set [accuracy@1: 0.8900 accuracy@2: 0.9000 accuracy@3: 0.9000 ] 
2024-03-27 13:54:40,927 - [Epoch 141 / 1000] rec_loss: 0.4844 cl_loss: 0.0000 
2024-03-27 13:54:41,226 - Epoch 141 Test set [precision@1: 0.8900 precision@2: 0.4500 precision@3: 0.3000 ] Test set [recall@1: 0.8900 recall@2: 0.9000 recall@3: 0.9000 ] Test set [f1score@1: 0.8900 f1score@2: 0.6000 f1score@3: 0.4500 ] Test set [accuracy@1: 0.8900 accuracy@2: 0.9000 accuracy@3: 0.9000 ] 
2024-03-27 13:54:41,889 - [Epoch 142 / 1000] rec_loss: 0.4214 cl_loss: 0.0000 
2024-03-27 13:54:42,201 - Epoch 142 Test set [precision@1: 0.9000 precision@2: 0.4500 precision@3: 0.3000 ] Test set [recall@1: 0.9000 recall@2: 0.9000 recall@3: 0.9000 ] Test set [f1score@1: 0.9000 f1score@2: 0.6000 f1score@3: 0.4500 ] Test set [accuracy@1: 0.9000 accuracy@2: 0.9000 accuracy@3: 0.9000 ] 
2024-03-27 13:54:42,854 - [Epoch 143 / 1000] rec_loss: 0.4763 cl_loss: 0.0000 
2024-03-27 13:54:43,152 - Epoch 143 Test set [precision@1: 0.9000 precision@2: 0.4500 precision@3: 0.3000 ] Test set [recall@1: 0.9000 recall@2: 0.9000 recall@3: 0.9000 ] Test set [f1score@1: 0.9000 f1score@2: 0.6000 f1score@3: 0.4500 ] Test set [accuracy@1: 0.9000 accuracy@2: 0.9000 accuracy@3: 0.9000 ] 
2024-03-27 13:54:43,809 - [Epoch 144 / 1000] rec_loss: 0.4215 cl_loss: 0.0000 
2024-03-27 13:54:44,113 - Epoch 144 Test set [precision@1: 0.9000 precision@2: 0.4500 precision@3: 0.3000 ] Test set [recall@1: 0.9000 recall@2: 0.9000 recall@3: 0.9000 ] Test set [f1score@1: 0.9000 f1score@2: 0.6000 f1score@3: 0.4500 ] Test set [accuracy@1: 0.9000 accuracy@2: 0.9000 accuracy@3: 0.9000 ] 
2024-03-27 13:54:44,768 - [Epoch 145 / 1000] rec_loss: 0.4596 cl_loss: 0.0000 
2024-03-27 13:54:45,075 - Epoch 145 Test set [precision@1: 0.9000 precision@2: 0.4500 precision@3: 0.3000 ] Test set [recall@1: 0.9000 recall@2: 0.9000 recall@3: 0.9000 ] Test set [f1score@1: 0.9000 f1score@2: 0.6000 f1score@3: 0.4500 ] Test set [accuracy@1: 0.9000 accuracy@2: 0.9000 accuracy@3: 0.9000 ] 
2024-03-27 13:54:45,739 - [Epoch 146 / 1000] rec_loss: 0.4245 cl_loss: 0.0000 
2024-03-27 13:54:46,053 - Epoch 146 Test set [precision@1: 0.8900 precision@2: 0.4500 precision@3: 0.3000 ] Test set [recall@1: 0.8900 recall@2: 0.9000 recall@3: 0.9000 ] Test set [f1score@1: 0.8900 f1score@2: 0.6000 f1score@3: 0.4500 ] Test set [accuracy@1: 0.8900 accuracy@2: 0.9000 accuracy@3: 0.9000 ] 
2024-03-27 13:54:46,724 - [Epoch 147 / 1000] rec_loss: 0.4829 cl_loss: 0.0000 
2024-03-27 13:54:47,042 - Epoch 147 Test set [precision@1: 0.8900 precision@2: 0.4500 precision@3: 0.3000 ] Test set [recall@1: 0.8900 recall@2: 0.9000 recall@3: 0.9000 ] Test set [f1score@1: 0.8900 f1score@2: 0.6000 f1score@3: 0.4500 ] Test set [accuracy@1: 0.8900 accuracy@2: 0.9000 accuracy@3: 0.9000 ] 
2024-03-27 13:54:47,702 - [Epoch 148 / 1000] rec_loss: 0.4048 cl_loss: 0.0000 
2024-03-27 13:54:48,014 - Epoch 148 Test set [precision@1: 0.8900 precision@2: 0.4500 precision@3: 0.3000 ] Test set [recall@1: 0.8900 recall@2: 0.9000 recall@3: 0.9000 ] Test set [f1score@1: 0.8900 f1score@2: 0.6000 f1score@3: 0.4500 ] Test set [accuracy@1: 0.8900 accuracy@2: 0.9000 accuracy@3: 0.9000 ] 
2024-03-27 13:54:48,682 - [Epoch 149 / 1000] rec_loss: 0.4294 cl_loss: 0.0000 
2024-03-27 13:54:48,989 - Epoch 149 Test set [precision@1: 0.9000 precision@2: 0.4500 precision@3: 0.3100 ] Test set [recall@1: 0.9000 recall@2: 0.9000 recall@3: 0.9200 ] Test set [f1score@1: 0.9000 f1score@2: 0.6000 f1score@3: 0.4600 ] Test set [accuracy@1: 0.9000 accuracy@2: 0.9000 accuracy@3: 0.9200 ] 
