2024-03-27 15:36:52,854 - {'optimizer': {'name': 'adam', 'lr': 0.001, 'final_lr': 1e-06, 'weight_decay': 0}, 'train': {'model_test_run': True, 'weighted_loss_fn': True, 'epoch': 1000, 'batch_size': 64, 'save_model': True, 'log_loss': True, 'test_step': 1, 'reproducible': True, 'seed': 2023, 'tensorboard': True, 'conf_mat': True, 'ssl': False, 'gradient_accumulation': False, 'accumulation_steps': 4, 'early_stop': False, 'parameter_class_weights_path': './datasets/sequential/aug/parameters/param.pkl', 'parameter_label_mapping_path': './datasets/sequential/aug/parameters/label_mapping.pkl'}, 'test': {'metrics': ['precision', 'recall', 'f1score', 'accuracy'], 'k': [1, 2, 3], 'batch_size': 64, 'train_eval': False, 'save_path': '2024-03-27_15-36'}, 'data': {'type': 'sequential', 'name': 'aug', 'seq_aug': False, 'dynamic_context_window_length': 100, 'user_num': 100, 'item_num': 28, 'max_context_length': 100, 'dynamic_context_feat_num': 14, 'static_context_feat_num': 6, 'static_context_max': [12, 6, 23, 1, 1, 1]}, 'model': {'name': 'cl4srec', 'context_encoder': 'tempcnn', 'interaction_encoder': 'sasrec', 'dropout_rate': 0.1, 'n_layers': 2, 'embedding_size': 16, 'n_heads': 2, 'max_seq_len': 10, 'lmd': 0.1, 'tau': 1, 'encoder_combine': 'concat'}, 'lstm': {'hidden_size': 64, 'num_layers': 2}, 'tune': {'enable': False, 'hyperparameters': ['dropout_rate', 'lmd', 'tau'], 'dropout_rate': [0.1, 0.2, 0.3], 'lmd': [0.05, 0.1, 0.2], 'tau': [0.5, 0.7, 0.9]}, 'device': 'cpu'}
2024-03-27 15:36:54,720 - [Epoch   0 / 1000] rec_loss: 5.4829 cl_loss: 0.0000 
2024-03-27 15:36:55,065 - Epoch   0 Test set [precision@1: 0.1100 precision@2: 0.0500 precision@3: 0.0400 ] Test set [recall@1: 0.1100 recall@2: 0.1100 recall@3: 0.1300 ] Test set [f1score@1: 0.1100 f1score@2: 0.0700 f1score@3: 0.0600 ] Test set [accuracy@1: 0.1100 accuracy@2: 0.1100 accuracy@3: 0.1300 ] 
2024-03-27 15:36:56,338 - [Epoch   1 / 1000] rec_loss: 5.2813 cl_loss: 0.0000 
2024-03-27 15:36:56,685 - Epoch   1 Test set [precision@1: 0.1000 precision@2: 0.0500 precision@3: 0.0400 ] Test set [recall@1: 0.1000 recall@2: 0.1100 recall@3: 0.1300 ] Test set [f1score@1: 0.1000 f1score@2: 0.0700 f1score@3: 0.0600 ] Test set [accuracy@1: 0.1000 accuracy@2: 0.1100 accuracy@3: 0.1300 ] 
2024-03-27 15:36:57,983 - [Epoch   2 / 1000] rec_loss: 4.9202 cl_loss: 0.0000 
2024-03-27 15:36:58,359 - Epoch   2 Test set [precision@1: 0.0200 precision@2: 0.0600 precision@3: 0.0600 ] Test set [recall@1: 0.0200 recall@2: 0.1300 recall@3: 0.1900 ] Test set [f1score@1: 0.0200 f1score@2: 0.0900 f1score@3: 0.0900 ] Test set [accuracy@1: 0.0200 accuracy@2: 0.1300 accuracy@3: 0.1900 ] 
2024-03-27 15:36:59,863 - [Epoch   3 / 1000] rec_loss: 4.6609 cl_loss: 0.0000 
2024-03-27 15:37:00,265 - Epoch   3 Test set [precision@1: 0.0600 precision@2: 0.0700 precision@3: 0.0700 ] Test set [recall@1: 0.0600 recall@2: 0.1400 recall@3: 0.2000 ] Test set [f1score@1: 0.0600 f1score@2: 0.0900 f1score@3: 0.1000 ] Test set [accuracy@1: 0.0600 accuracy@2: 0.1400 accuracy@3: 0.2000 ] 
2024-03-27 15:37:01,671 - [Epoch   4 / 1000] rec_loss: 4.6465 cl_loss: 0.0000 
2024-03-27 15:37:02,050 - Epoch   4 Test set [precision@1: 0.0800 precision@2: 0.0600 precision@3: 0.0600 ] Test set [recall@1: 0.0800 recall@2: 0.1300 recall@3: 0.1800 ] Test set [f1score@1: 0.0800 f1score@2: 0.0900 f1score@3: 0.0900 ] Test set [accuracy@1: 0.0800 accuracy@2: 0.1300 accuracy@3: 0.1800 ] 
2024-03-27 15:37:03,391 - [Epoch   5 / 1000] rec_loss: 4.6604 cl_loss: 0.0000 
2024-03-27 15:37:03,748 - Epoch   5 Test set [precision@1: 0.0700 precision@2: 0.0600 precision@3: 0.0500 ] Test set [recall@1: 0.0700 recall@2: 0.1200 recall@3: 0.1600 ] Test set [f1score@1: 0.0700 f1score@2: 0.0800 f1score@3: 0.0800 ] Test set [accuracy@1: 0.0700 accuracy@2: 0.1200 accuracy@3: 0.1600 ] 
2024-03-27 15:37:05,152 - [Epoch   6 / 1000] rec_loss: 4.7253 cl_loss: 0.0000 
2024-03-27 15:37:05,504 - Epoch   6 Test set [precision@1: 0.0700 precision@2: 0.0500 precision@3: 0.0400 ] Test set [recall@1: 0.0700 recall@2: 0.0900 recall@3: 0.1300 ] Test set [f1score@1: 0.0700 f1score@2: 0.0600 f1score@3: 0.0600 ] Test set [accuracy@1: 0.0700 accuracy@2: 0.0900 accuracy@3: 0.1300 ] 
2024-03-27 15:37:06,773 - [Epoch   7 / 1000] rec_loss: 4.2295 cl_loss: 0.0000 
2024-03-27 15:37:07,120 - Epoch   7 Test set [precision@1: 0.1000 precision@2: 0.0500 precision@3: 0.0500 ] Test set [recall@1: 0.1000 recall@2: 0.1000 recall@3: 0.1600 ] Test set [f1score@1: 0.1000 f1score@2: 0.0700 f1score@3: 0.0800 ] Test set [accuracy@1: 0.1000 accuracy@2: 0.1000 accuracy@3: 0.1600 ] 
2024-03-27 15:37:08,384 - [Epoch   8 / 1000] rec_loss: 4.1121 cl_loss: 0.0000 
2024-03-27 15:37:08,744 - Epoch   8 Test set [precision@1: 0.0700 precision@2: 0.0600 precision@3: 0.0700 ] Test set [recall@1: 0.0700 recall@2: 0.1200 recall@3: 0.2000 ] Test set [f1score@1: 0.0700 f1score@2: 0.0800 f1score@3: 0.1000 ] Test set [accuracy@1: 0.0700 accuracy@2: 0.1200 accuracy@3: 0.2000 ] 
2024-03-27 15:37:10,060 - [Epoch   9 / 1000] rec_loss: 4.1424 cl_loss: 0.0000 
2024-03-27 15:37:10,408 - Epoch   9 Test set [precision@1: 0.0900 precision@2: 0.0700 precision@3: 0.0700 ] Test set [recall@1: 0.0900 recall@2: 0.1400 recall@3: 0.2000 ] Test set [f1score@1: 0.0900 f1score@2: 0.0900 f1score@3: 0.1000 ] Test set [accuracy@1: 0.0900 accuracy@2: 0.1400 accuracy@3: 0.2000 ] 
2024-03-27 15:37:11,671 - [Epoch  10 / 1000] rec_loss: 4.1099 cl_loss: 0.0000 
2024-03-27 15:37:12,017 - Epoch  10 Test set [precision@1: 0.1000 precision@2: 0.0600 precision@3: 0.0700 ] Test set [recall@1: 0.1000 recall@2: 0.1200 recall@3: 0.2200 ] Test set [f1score@1: 0.1000 f1score@2: 0.0800 f1score@3: 0.1100 ] Test set [accuracy@1: 0.1000 accuracy@2: 0.1200 accuracy@3: 0.2200 ] 
