2024-03-27 21:29:57,757 - {'optimizer': {'name': 'adam', 'lr': 0.001, 'final_lr': 1e-06, 'weight_decay': 0}, 'train': {'model_test_run': True, 'weighted_loss_fn': True, 'epoch': 1000, 'batch_size': 64, 'save_model': True, 'log_loss': True, 'test_step': 1, 'reproducible': True, 'seed': 2023, 'tensorboard': True, 'conf_mat': True, 'ssl': False, 'gradient_accumulation': False, 'accumulation_steps': 4, 'early_stop': False, 'parameter_class_weights_path': './datasets/sequential/aug/parameters/param.pkl', 'parameter_label_mapping_path': './datasets/sequential/aug/parameters/label_mapping.pkl'}, 'test': {'metrics': ['precision', 'recall', 'f1score', 'accuracy'], 'k': [1, 2, 3], 'batch_size': 64, 'train_eval': False, 'save_path': '2024-03-27_21-29'}, 'data': {'type': 'sequential', 'name': 'aug', 'seq_aug': False, 'dynamic_context_window_length': 100, 'user_num': 100, 'item_num': 28, 'max_context_length': 100, 'dynamic_context_feat_num': 14, 'static_context_feat_num': 6, 'static_context_max': [12, 6, 23, 1, 1, 1]}, 'model': {'name': 'cl4srec', 'context_encoder': 'tempcnn', 'interaction_encoder': 'sasrec', 'dropout_rate': 0.1, 'n_layers': 2, 'embedding_size': 16, 'n_heads': 2, 'max_seq_len': 10, 'lmd': 0.1, 'tau': 1, 'encoder_combine': 'concat'}, 'lstm': {'hidden_size': 64, 'num_layers': 2}, 'tune': {'enable': False, 'hyperparameters': ['dropout_rate', 'lmd', 'tau'], 'dropout_rate': [0.1, 0.2, 0.3], 'lmd': [0.05, 0.1, 0.2], 'tau': [0.5, 0.7, 0.9]}, 'device': 'cpu'}
2024-03-27 21:29:59,207 - [Epoch   0 / 1000] rec_loss: 3.4272 cl_loss: 0.0000 
2024-03-27 21:29:59,539 - Epoch   0 Test set [precision@1: 0.0000 precision@2: 0.0000 precision@3: 0.0000 ] Test set [recall@1: 0.0000 recall@2: 0.0000 recall@3: 0.0000 ] Test set [f1score@1: 0.0000 f1score@2: 0.0000 f1score@3: 0.0000 ] Test set [accuracy@1: 0.0000 accuracy@2: 0.0000 accuracy@3: 0.0000 ] 
2024-03-27 21:30:00,332 - [Epoch   1 / 1000] rec_loss: 3.3689 cl_loss: 0.0000 
2024-03-27 21:30:00,654 - Epoch   1 Test set [precision@1: 0.0000 precision@2: 0.0000 precision@3: 0.0000 ] Test set [recall@1: 0.0000 recall@2: 0.0000 recall@3: 0.0000 ] Test set [f1score@1: 0.0000 f1score@2: 0.0000 f1score@3: 0.0000 ] Test set [accuracy@1: 0.0000 accuracy@2: 0.0000 accuracy@3: 0.0000 ] 
2024-03-27 21:30:01,400 - [Epoch   2 / 1000] rec_loss: 3.3893 cl_loss: 0.0000 
2024-03-27 21:30:01,719 - Epoch   2 Test set [precision@1: 0.0000 precision@2: 0.0000 precision@3: 0.0400 ] Test set [recall@1: 0.0000 recall@2: 0.0000 recall@3: 0.1200 ] Test set [f1score@1: 0.0000 f1score@2: 0.0000 f1score@3: 0.0600 ] Test set [accuracy@1: 0.0000 accuracy@2: 0.0000 accuracy@3: 0.1200 ] 
2024-03-27 21:30:02,531 - [Epoch   3 / 1000] rec_loss: 3.3213 cl_loss: 0.0000 
2024-03-27 21:30:02,847 - Epoch   3 Test set [precision@1: 0.0000 precision@2: 0.0600 precision@3: 0.0500 ] Test set [recall@1: 0.0000 recall@2: 0.1300 recall@3: 0.1400 ] Test set [f1score@1: 0.0000 f1score@2: 0.0900 f1score@3: 0.0700 ] Test set [accuracy@1: 0.0000 accuracy@2: 0.1300 accuracy@3: 0.1400 ] 
2024-03-27 21:30:03,821 - [Epoch   4 / 1000] rec_loss: 3.2898 cl_loss: 0.0000 
2024-03-27 21:30:04,140 - Epoch   4 Test set [precision@1: 0.0000 precision@2: 0.0700 precision@3: 0.0500 ] Test set [recall@1: 0.0000 recall@2: 0.1400 recall@3: 0.1400 ] Test set [f1score@1: 0.0000 f1score@2: 0.0900 f1score@3: 0.0700 ] Test set [accuracy@1: 0.0000 accuracy@2: 0.1400 accuracy@3: 0.1400 ] 
2024-03-27 21:30:04,867 - [Epoch   5 / 1000] rec_loss: 3.2468 cl_loss: 0.0000 
2024-03-27 21:30:05,191 - Epoch   5 Test set [precision@1: 0.0000 precision@2: 0.0700 precision@3: 0.0500 ] Test set [recall@1: 0.0000 recall@2: 0.1400 recall@3: 0.1600 ] Test set [f1score@1: 0.0000 f1score@2: 0.0900 f1score@3: 0.0800 ] Test set [accuracy@1: 0.0000 accuracy@2: 0.1400 accuracy@3: 0.1600 ] 
2024-03-27 21:30:05,944 - [Epoch   6 / 1000] rec_loss: 3.2333 cl_loss: 0.0000 
2024-03-27 21:30:06,432 - Epoch   6 Test set [precision@1: 0.0000 precision@2: 0.0700 precision@3: 0.0600 ] Test set [recall@1: 0.0000 recall@2: 0.1400 recall@3: 0.1800 ] Test set [f1score@1: 0.0000 f1score@2: 0.0900 f1score@3: 0.0900 ] Test set [accuracy@1: 0.0000 accuracy@2: 0.1400 accuracy@3: 0.1800 ] 
2024-03-27 21:30:07,194 - [Epoch   7 / 1000] rec_loss: 3.2079 cl_loss: 0.0000 
2024-03-27 21:30:07,512 - Epoch   7 Test set [precision@1: 0.0000 precision@2: 0.0800 precision@3: 0.0800 ] Test set [recall@1: 0.0000 recall@2: 0.1500 recall@3: 0.2400 ] Test set [f1score@1: 0.0000 f1score@2: 0.1000 f1score@3: 0.1200 ] Test set [accuracy@1: 0.0000 accuracy@2: 0.1500 accuracy@3: 0.2400 ] 
2024-03-27 21:30:08,327 - [Epoch   8 / 1000] rec_loss: 3.1039 cl_loss: 0.0000 
2024-03-27 21:30:08,636 - Epoch   8 Test set [precision@1: 0.0000 precision@2: 0.0800 precision@3: 0.0900 ] Test set [recall@1: 0.0000 recall@2: 0.1500 recall@3: 0.2800 ] Test set [f1score@1: 0.0000 f1score@2: 0.1000 f1score@3: 0.1400 ] Test set [accuracy@1: 0.0000 accuracy@2: 0.1500 accuracy@3: 0.2800 ] 
2024-03-27 21:30:09,340 - [Epoch   9 / 1000] rec_loss: 3.0809 cl_loss: 0.0000 
2024-03-27 21:30:09,651 - Epoch   9 Test set [precision@1: 0.0000 precision@2: 0.0800 precision@3: 0.1100 ] Test set [recall@1: 0.0000 recall@2: 0.1500 recall@3: 0.3400 ] Test set [f1score@1: 0.0000 f1score@2: 0.1000 f1score@3: 0.1700 ] Test set [accuracy@1: 0.0000 accuracy@2: 0.1500 accuracy@3: 0.3400 ] 
2024-03-27 21:30:10,407 - [Epoch  10 / 1000] rec_loss: 3.0615 cl_loss: 0.0000 
2024-03-27 21:30:10,726 - Epoch  10 Test set [precision@1: 0.0000 precision@2: 0.0900 precision@3: 0.1200 ] Test set [recall@1: 0.0000 recall@2: 0.1700 recall@3: 0.3700 ] Test set [f1score@1: 0.0000 f1score@2: 0.1100 f1score@3: 0.1900 ] Test set [accuracy@1: 0.0000 accuracy@2: 0.1700 accuracy@3: 0.3700 ] 
2024-03-27 21:30:11,464 - [Epoch  11 / 1000] rec_loss: 3.0665 cl_loss: 0.0000 
2024-03-27 21:30:11,770 - Epoch  11 Test set [precision@1: 0.0600 precision@2: 0.1000 precision@3: 0.1500 ] Test set [recall@1: 0.0600 recall@2: 0.2100 recall@3: 0.4400 ] Test set [f1score@1: 0.0600 f1score@2: 0.1400 f1score@3: 0.2200 ] Test set [accuracy@1: 0.0600 accuracy@2: 0.2100 accuracy@3: 0.4400 ] 
2024-03-27 21:30:12,610 - [Epoch  12 / 1000] rec_loss: 3.0159 cl_loss: 0.0000 
2024-03-27 21:30:12,932 - Epoch  12 Test set [precision@1: 0.1000 precision@2: 0.1700 precision@3: 0.1600 ] Test set [recall@1: 0.1000 recall@2: 0.3400 recall@3: 0.4900 ] Test set [f1score@1: 0.1000 f1score@2: 0.2300 f1score@3: 0.2500 ] Test set [accuracy@1: 0.1000 accuracy@2: 0.3400 accuracy@3: 0.4900 ] 
