2024-03-27 13:45:40,333 - {'optimizer': {'name': 'adam', 'lr': 0.001, 'final_lr': 1e-06, 'weight_decay': 0}, 'train': {'model_test_run': True, 'weighted_loss_fn': True, 'epoch': 1000, 'batch_size': 64, 'save_model': True, 'log_loss': True, 'test_step': 1, 'reproducible': True, 'seed': 2023, 'tensorboard': True, 'conf_mat': True, 'ssl': False, 'gradient_accumulation': False, 'accumulation_steps': 4, 'early_stop': False, 'parameter_class_weights_path': './datasets/sequential/aug/parameters/param.pkl', 'parameter_label_mapping_path': './datasets/sequential/aug/parameters/label_mapping.pkl'}, 'test': {'metrics': ['precision', 'recall', 'f1score', 'accuracy'], 'k': [1, 2, 3], 'batch_size': 64, 'train_eval': False, 'save_path': '2024-03-27_13-45'}, 'data': {'type': 'sequential', 'name': 'aug', 'seq_aug': False, 'dynamic_context_window_length': 100, 'user_num': 100, 'item_num': 28, 'max_context_length': 100, 'dynamic_context_feat_num': 14, 'static_context_feat_num': 6, 'static_context_max': [12, 6, 23, 1, 1, 1]}, 'model': {'name': 'cl4srec', 'context_encoder': 'tempcnn', 'interaction_encoder': 'sasrec', 'dropout_rate': 0.1, 'n_layers': 2, 'embedding_size': 16, 'n_heads': 2, 'max_seq_len': 10, 'lmd': 0.1, 'tau': 1, 'encoder_combine': 'concat'}, 'lstm': {'hidden_size': 64, 'num_layers': 2}, 'tune': {'enable': False, 'hyperparameters': ['dropout_rate', 'lmd', 'tau'], 'dropout_rate': [0.1, 0.2, 0.3], 'lmd': [0.05, 0.1, 0.2], 'tau': [0.5, 0.7, 0.9]}, 'device': 'cpu'}
2024-03-27 13:45:41,408 - [Epoch   0 / 1000] rec_loss: 3.3594 cl_loss: 0.0000 
2024-03-27 13:45:41,712 - Epoch   0 Test set [precision@1: 0.1000 precision@2: 0.1500 precision@3: 0.1300 ] Test set [recall@1: 0.1000 recall@2: 0.3000 recall@3: 0.3900 ] Test set [f1score@1: 0.1000 f1score@2: 0.2000 f1score@3: 0.1900 ] Test set [accuracy@1: 0.1000 accuracy@2: 0.3000 accuracy@3: 0.3900 ] 
2024-03-27 13:45:42,340 - [Epoch   1 / 1000] rec_loss: 3.3349 cl_loss: 0.0000 
2024-03-27 13:45:42,628 - Epoch   1 Test set [precision@1: 0.1200 precision@2: 0.2500 precision@3: 0.1800 ] Test set [recall@1: 0.1200 recall@2: 0.5000 recall@3: 0.5400 ] Test set [f1score@1: 0.1200 f1score@2: 0.3300 f1score@3: 0.2700 ] Test set [accuracy@1: 0.1200 accuracy@2: 0.5000 accuracy@3: 0.5400 ] 
2024-03-27 13:45:43,254 - [Epoch   2 / 1000] rec_loss: 3.2807 cl_loss: 0.0000 
2024-03-27 13:45:43,542 - Epoch   2 Test set [precision@1: 0.1100 precision@2: 0.2500 precision@3: 0.2100 ] Test set [recall@1: 0.1100 recall@2: 0.5000 recall@3: 0.6400 ] Test set [f1score@1: 0.1100 f1score@2: 0.3300 f1score@3: 0.3200 ] Test set [accuracy@1: 0.1100 accuracy@2: 0.5000 accuracy@3: 0.6400 ] 
2024-03-27 13:45:44,164 - [Epoch   3 / 1000] rec_loss: 3.2134 cl_loss: 0.0000 
2024-03-27 13:45:44,451 - Epoch   3 Test set [precision@1: 0.1400 precision@2: 0.2500 precision@3: 0.2200 ] Test set [recall@1: 0.1400 recall@2: 0.5000 recall@3: 0.6500 ] Test set [f1score@1: 0.1400 f1score@2: 0.3300 f1score@3: 0.3200 ] Test set [accuracy@1: 0.1400 accuracy@2: 0.5000 accuracy@3: 0.6500 ] 
2024-03-27 13:45:45,082 - [Epoch   4 / 1000] rec_loss: 3.0995 cl_loss: 0.0000 
2024-03-27 13:45:45,370 - Epoch   4 Test set [precision@1: 0.1500 precision@2: 0.2500 precision@3: 0.2200 ] Test set [recall@1: 0.1500 recall@2: 0.5000 recall@3: 0.6500 ] Test set [f1score@1: 0.1500 f1score@2: 0.3300 f1score@3: 0.3200 ] Test set [accuracy@1: 0.1500 accuracy@2: 0.5000 accuracy@3: 0.6500 ] 
2024-03-27 13:45:45,996 - [Epoch   5 / 1000] rec_loss: 2.8780 cl_loss: 0.0000 
2024-03-27 13:45:46,289 - Epoch   5 Test set [precision@1: 0.1500 precision@2: 0.2500 precision@3: 0.2000 ] Test set [recall@1: 0.1500 recall@2: 0.5000 recall@3: 0.6100 ] Test set [f1score@1: 0.1500 f1score@2: 0.3300 f1score@3: 0.3100 ] Test set [accuracy@1: 0.1500 accuracy@2: 0.5000 accuracy@3: 0.6100 ] 
2024-03-27 13:45:46,924 - [Epoch   6 / 1000] rec_loss: 2.5223 cl_loss: 0.0000 
2024-03-27 13:45:47,212 - Epoch   6 Test set [precision@1: 0.3900 precision@2: 0.2500 precision@3: 0.2000 ] Test set [recall@1: 0.3900 recall@2: 0.5000 recall@3: 0.6100 ] Test set [f1score@1: 0.3900 f1score@2: 0.3300 f1score@3: 0.3100 ] Test set [accuracy@1: 0.3900 accuracy@2: 0.5000 accuracy@3: 0.6100 ] 
2024-03-27 13:45:47,836 - [Epoch   7 / 1000] rec_loss: 2.3534 cl_loss: 0.0000 
2024-03-27 13:45:48,130 - Epoch   7 Test set [precision@1: 0.3900 precision@2: 0.2500 precision@3: 0.2000 ] Test set [recall@1: 0.3900 recall@2: 0.5000 recall@3: 0.6100 ] Test set [f1score@1: 0.3900 f1score@2: 0.3300 f1score@3: 0.3100 ] Test set [accuracy@1: 0.3900 accuracy@2: 0.5000 accuracy@3: 0.6100 ] 
2024-03-27 13:45:48,766 - [Epoch   8 / 1000] rec_loss: 2.2277 cl_loss: 0.0000 
2024-03-27 13:45:49,055 - Epoch   8 Test set [precision@1: 0.3900 precision@2: 0.2500 precision@3: 0.2000 ] Test set [recall@1: 0.3900 recall@2: 0.5000 recall@3: 0.6100 ] Test set [f1score@1: 0.3900 f1score@2: 0.3300 f1score@3: 0.3100 ] Test set [accuracy@1: 0.3900 accuracy@2: 0.5000 accuracy@3: 0.6100 ] 
2024-03-27 13:45:49,683 - [Epoch   9 / 1000] rec_loss: 2.1517 cl_loss: 0.0000 
2024-03-27 13:45:49,969 - Epoch   9 Test set [precision@1: 0.3900 precision@2: 0.2500 precision@3: 0.2000 ] Test set [recall@1: 0.3900 recall@2: 0.5000 recall@3: 0.6100 ] Test set [f1score@1: 0.3900 f1score@2: 0.3300 f1score@3: 0.3100 ] Test set [accuracy@1: 0.3900 accuracy@2: 0.5000 accuracy@3: 0.6100 ] 
2024-03-27 13:45:50,594 - [Epoch  10 / 1000] rec_loss: 2.1139 cl_loss: 0.0000 
2024-03-27 13:45:50,883 - Epoch  10 Test set [precision@1: 0.3900 precision@2: 0.2800 precision@3: 0.2100 ] Test set [recall@1: 0.3900 recall@2: 0.5700 recall@3: 0.6400 ] Test set [f1score@1: 0.3900 f1score@2: 0.3800 f1score@3: 0.3200 ] Test set [accuracy@1: 0.3900 accuracy@2: 0.5700 accuracy@3: 0.6400 ] 
2024-03-27 13:45:51,521 - [Epoch  11 / 1000] rec_loss: 2.0153 cl_loss: 0.0000 
2024-03-27 13:45:51,810 - Epoch  11 Test set [precision@1: 0.3900 precision@2: 0.2600 precision@3: 0.2200 ] Test set [recall@1: 0.3900 recall@2: 0.5300 recall@3: 0.6700 ] Test set [f1score@1: 0.3900 f1score@2: 0.3500 f1score@3: 0.3400 ] Test set [accuracy@1: 0.3900 accuracy@2: 0.5300 accuracy@3: 0.6700 ] 
2024-03-27 13:45:52,439 - [Epoch  12 / 1000] rec_loss: 2.0030 cl_loss: 0.0000 
2024-03-27 13:45:52,729 - Epoch  12 Test set [precision@1: 0.3900 precision@2: 0.2600 precision@3: 0.2200 ] Test set [recall@1: 0.3900 recall@2: 0.5300 recall@3: 0.6500 ] Test set [f1score@1: 0.3900 f1score@2: 0.3500 f1score@3: 0.3200 ] Test set [accuracy@1: 0.3900 accuracy@2: 0.5300 accuracy@3: 0.6500 ] 
2024-03-27 13:45:53,357 - [Epoch  13 / 1000] rec_loss: 1.9927 cl_loss: 0.0000 
2024-03-27 13:45:53,645 - Epoch  13 Test set [precision@1: 0.3900 precision@2: 0.2600 precision@3: 0.2200 ] Test set [recall@1: 0.3900 recall@2: 0.5300 recall@3: 0.6500 ] Test set [f1score@1: 0.3900 f1score@2: 0.3500 f1score@3: 0.3200 ] Test set [accuracy@1: 0.3900 accuracy@2: 0.5300 accuracy@3: 0.6500 ] 
2024-03-27 13:45:54,280 - [Epoch  14 / 1000] rec_loss: 1.9402 cl_loss: 0.0000 
2024-03-27 13:45:54,571 - Epoch  14 Test set [precision@1: 0.3900 precision@2: 0.2600 precision@3: 0.2200 ] Test set [recall@1: 0.3900 recall@2: 0.5300 recall@3: 0.6500 ] Test set [f1score@1: 0.3900 f1score@2: 0.3500 f1score@3: 0.3200 ] Test set [accuracy@1: 0.3900 accuracy@2: 0.5300 accuracy@3: 0.6500 ] 
2024-03-27 13:45:55,206 - [Epoch  15 / 1000] rec_loss: 1.9258 cl_loss: 0.0000 
2024-03-27 13:45:55,497 - Epoch  15 Test set [precision@1: 0.3900 precision@2: 0.2600 precision@3: 0.2200 ] Test set [recall@1: 0.3900 recall@2: 0.5300 recall@3: 0.6500 ] Test set [f1score@1: 0.3900 f1score@2: 0.3500 f1score@3: 0.3200 ] Test set [accuracy@1: 0.3900 accuracy@2: 0.5300 accuracy@3: 0.6500 ] 
2024-03-27 13:45:56,160 - [Epoch  16 / 1000] rec_loss: 2.0137 cl_loss: 0.0000 
2024-03-27 13:45:56,458 - Epoch  16 Test set [precision@1: 0.3900 precision@2: 0.2600 precision@3: 0.2200 ] Test set [recall@1: 0.3900 recall@2: 0.5300 recall@3: 0.6700 ] Test set [f1score@1: 0.3900 f1score@2: 0.3500 f1score@3: 0.3400 ] Test set [accuracy@1: 0.3900 accuracy@2: 0.5300 accuracy@3: 0.6700 ] 
2024-03-27 13:45:57,100 - [Epoch  17 / 1000] rec_loss: 1.9574 cl_loss: 0.0000 
2024-03-27 13:45:57,397 - Epoch  17 Test set [precision@1: 0.3900 precision@2: 0.2700 precision@3: 0.2300 ] Test set [recall@1: 0.3900 recall@2: 0.5400 recall@3: 0.6800 ] Test set [f1score@1: 0.3900 f1score@2: 0.3600 f1score@3: 0.3400 ] Test set [accuracy@1: 0.3900 accuracy@2: 0.5400 accuracy@3: 0.6800 ] 
2024-03-27 13:45:58,137 - [Epoch  18 / 1000] rec_loss: 1.8407 cl_loss: 0.0000 
2024-03-27 13:45:58,451 - Epoch  18 Test set [precision@1: 0.3900 precision@2: 0.2800 precision@3: 0.2200 ] Test set [recall@1: 0.3900 recall@2: 0.5700 recall@3: 0.6600 ] Test set [f1score@1: 0.3900 f1score@2: 0.3800 f1score@3: 0.3300 ] Test set [accuracy@1: 0.3900 accuracy@2: 0.5700 accuracy@3: 0.6600 ] 
2024-03-27 13:45:59,089 - [Epoch  19 / 1000] rec_loss: 1.7939 cl_loss: 0.0000 
2024-03-27 13:45:59,429 - Epoch  19 Test set [precision@1: 0.3900 precision@2: 0.2600 precision@3: 0.2300 ] Test set [recall@1: 0.3900 recall@2: 0.5300 recall@3: 0.7000 ] Test set [f1score@1: 0.3900 f1score@2: 0.3500 f1score@3: 0.3500 ] Test set [accuracy@1: 0.3900 accuracy@2: 0.5300 accuracy@3: 0.7000 ] 
2024-03-27 13:46:00,130 - [Epoch  20 / 1000] rec_loss: 1.8457 cl_loss: 0.0000 
2024-03-27 13:46:00,486 - Epoch  20 Test set [precision@1: 0.3900 precision@2: 0.2600 precision@3: 0.2100 ] Test set [recall@1: 0.3900 recall@2: 0.5300 recall@3: 0.6300 ] Test set [f1score@1: 0.3900 f1score@2: 0.3500 f1score@3: 0.3100 ] Test set [accuracy@1: 0.3900 accuracy@2: 0.5300 accuracy@3: 0.6300 ] 
2024-03-27 13:46:01,215 - [Epoch  21 / 1000] rec_loss: 1.7641 cl_loss: 0.0000 
2024-03-27 13:46:01,541 - Epoch  21 Test set [precision@1: 0.3900 precision@2: 0.2600 precision@3: 0.2100 ] Test set [recall@1: 0.3900 recall@2: 0.5300 recall@3: 0.6300 ] Test set [f1score@1: 0.3900 f1score@2: 0.3500 f1score@3: 0.3100 ] Test set [accuracy@1: 0.3900 accuracy@2: 0.5300 accuracy@3: 0.6300 ] 
2024-03-27 13:46:02,239 - [Epoch  22 / 1000] rec_loss: 1.7541 cl_loss: 0.0000 
2024-03-27 13:46:02,559 - Epoch  22 Test set [precision@1: 0.3900 precision@2: 0.2800 precision@3: 0.2100 ] Test set [recall@1: 0.3900 recall@2: 0.5500 recall@3: 0.6300 ] Test set [f1score@1: 0.3900 f1score@2: 0.3700 f1score@3: 0.3100 ] Test set [accuracy@1: 0.3900 accuracy@2: 0.5500 accuracy@3: 0.6300 ] 
2024-03-27 13:46:03,218 - [Epoch  23 / 1000] rec_loss: 1.7716 cl_loss: 0.0000 
2024-03-27 13:46:03,508 - Epoch  23 Test set [precision@1: 0.3900 precision@2: 0.2900 precision@3: 0.2300 ] Test set [recall@1: 0.3900 recall@2: 0.5800 recall@3: 0.7000 ] Test set [f1score@1: 0.3900 f1score@2: 0.3900 f1score@3: 0.3500 ] Test set [accuracy@1: 0.3900 accuracy@2: 0.5800 accuracy@3: 0.7000 ] 
2024-03-27 13:46:04,191 - [Epoch  24 / 1000] rec_loss: 1.7353 cl_loss: 0.0000 
2024-03-27 13:46:04,498 - Epoch  24 Test set [precision@1: 0.3900 precision@2: 0.3100 precision@3: 0.2400 ] Test set [recall@1: 0.3900 recall@2: 0.6100 recall@3: 0.7200 ] Test set [f1score@1: 0.3900 f1score@2: 0.4100 f1score@3: 0.3600 ] Test set [accuracy@1: 0.3900 accuracy@2: 0.6100 accuracy@3: 0.7200 ] 
2024-03-27 13:46:05,165 - [Epoch  25 / 1000] rec_loss: 1.7351 cl_loss: 0.0000 
2024-03-27 13:46:05,458 - Epoch  25 Test set [precision@1: 0.3900 precision@2: 0.3100 precision@3: 0.2300 ] Test set [recall@1: 0.3900 recall@2: 0.6200 recall@3: 0.7000 ] Test set [f1score@1: 0.3900 f1score@2: 0.4100 f1score@3: 0.3500 ] Test set [accuracy@1: 0.3900 accuracy@2: 0.6200 accuracy@3: 0.7000 ] 
2024-03-27 13:46:06,101 - [Epoch  26 / 1000] rec_loss: 1.6440 cl_loss: 0.0000 
2024-03-27 13:46:06,396 - Epoch  26 Test set [precision@1: 0.3900 precision@2: 0.3100 precision@3: 0.2300 ] Test set [recall@1: 0.3900 recall@2: 0.6100 recall@3: 0.7000 ] Test set [f1score@1: 0.3900 f1score@2: 0.4100 f1score@3: 0.3500 ] Test set [accuracy@1: 0.3900 accuracy@2: 0.6100 accuracy@3: 0.7000 ] 
2024-03-27 13:46:07,062 - [Epoch  27 / 1000] rec_loss: 1.6654 cl_loss: 0.0000 
2024-03-27 13:46:07,365 - Epoch  27 Test set [precision@1: 0.3900 precision@2: 0.3100 precision@3: 0.2300 ] Test set [recall@1: 0.3900 recall@2: 0.6200 recall@3: 0.7000 ] Test set [f1score@1: 0.3900 f1score@2: 0.4100 f1score@3: 0.3500 ] Test set [accuracy@1: 0.3900 accuracy@2: 0.6200 accuracy@3: 0.7000 ] 
2024-03-27 13:46:08,020 - [Epoch  28 / 1000] rec_loss: 1.6432 cl_loss: 0.0000 
2024-03-27 13:46:08,316 - Epoch  28 Test set [precision@1: 0.3900 precision@2: 0.2900 precision@3: 0.2400 ] Test set [recall@1: 0.3900 recall@2: 0.5900 recall@3: 0.7100 ] Test set [f1score@1: 0.3900 f1score@2: 0.3900 f1score@3: 0.3500 ] Test set [accuracy@1: 0.3900 accuracy@2: 0.5900 accuracy@3: 0.7100 ] 
2024-03-27 13:46:08,967 - [Epoch  29 / 1000] rec_loss: 1.7182 cl_loss: 0.0000 
2024-03-27 13:46:09,272 - Epoch  29 Test set [precision@1: 0.3900 precision@2: 0.2900 precision@3: 0.2400 ] Test set [recall@1: 0.3900 recall@2: 0.5800 recall@3: 0.7200 ] Test set [f1score@1: 0.3900 f1score@2: 0.3900 f1score@3: 0.3600 ] Test set [accuracy@1: 0.3900 accuracy@2: 0.5800 accuracy@3: 0.7200 ] 
2024-03-27 13:46:09,920 - [Epoch  30 / 1000] rec_loss: 1.6026 cl_loss: 0.0000 
2024-03-27 13:46:10,217 - Epoch  30 Test set [precision@1: 0.3900 precision@2: 0.3100 precision@3: 0.2600 ] Test set [recall@1: 0.3900 recall@2: 0.6100 recall@3: 0.7700 ] Test set [f1score@1: 0.3900 f1score@2: 0.4100 f1score@3: 0.3800 ] Test set [accuracy@1: 0.3900 accuracy@2: 0.6100 accuracy@3: 0.7700 ] 
2024-03-27 13:46:10,864 - [Epoch  31 / 1000] rec_loss: 1.6229 cl_loss: 0.0000 
2024-03-27 13:46:11,160 - Epoch  31 Test set [precision@1: 0.4100 precision@2: 0.3400 precision@3: 0.2600 ] Test set [recall@1: 0.4100 recall@2: 0.6700 recall@3: 0.7800 ] Test set [f1score@1: 0.4100 f1score@2: 0.4500 f1score@3: 0.3900 ] Test set [accuracy@1: 0.4100 accuracy@2: 0.6700 accuracy@3: 0.7800 ] 
2024-03-27 13:46:11,812 - [Epoch  32 / 1000] rec_loss: 1.5963 cl_loss: 0.0000 
2024-03-27 13:46:12,108 - Epoch  32 Test set [precision@1: 0.4100 precision@2: 0.3400 precision@3: 0.2700 ] Test set [recall@1: 0.4100 recall@2: 0.6800 recall@3: 0.8100 ] Test set [f1score@1: 0.4100 f1score@2: 0.4500 f1score@3: 0.4100 ] Test set [accuracy@1: 0.4100 accuracy@2: 0.6800 accuracy@3: 0.8100 ] 
2024-03-27 13:46:12,749 - [Epoch  33 / 1000] rec_loss: 1.5684 cl_loss: 0.0000 
2024-03-27 13:46:13,055 - Epoch  33 Test set [precision@1: 0.4500 precision@2: 0.3300 precision@3: 0.2700 ] Test set [recall@1: 0.4500 recall@2: 0.6600 recall@3: 0.8000 ] Test set [f1score@1: 0.4500 f1score@2: 0.4400 f1score@3: 0.4000 ] Test set [accuracy@1: 0.4500 accuracy@2: 0.6600 accuracy@3: 0.8000 ] 
2024-03-27 13:46:13,696 - [Epoch  34 / 1000] rec_loss: 1.4912 cl_loss: 0.0000 
2024-03-27 13:46:13,990 - Epoch  34 Test set [precision@1: 0.4500 precision@2: 0.3200 precision@3: 0.2600 ] Test set [recall@1: 0.4500 recall@2: 0.6500 recall@3: 0.7800 ] Test set [f1score@1: 0.4500 f1score@2: 0.4300 f1score@3: 0.3900 ] Test set [accuracy@1: 0.4500 accuracy@2: 0.6500 accuracy@3: 0.7800 ] 
2024-03-27 13:46:14,668 - [Epoch  35 / 1000] rec_loss: 1.4059 cl_loss: 0.0000 
2024-03-27 13:46:14,992 - Epoch  35 Test set [precision@1: 0.4800 precision@2: 0.3400 precision@3: 0.2600 ] Test set [recall@1: 0.4800 recall@2: 0.6800 recall@3: 0.7800 ] Test set [f1score@1: 0.4800 f1score@2: 0.4500 f1score@3: 0.3900 ] Test set [accuracy@1: 0.4800 accuracy@2: 0.6800 accuracy@3: 0.7800 ] 
2024-03-27 13:46:16,024 - [Epoch  36 / 1000] rec_loss: 1.4921 cl_loss: 0.0000 
2024-03-27 13:46:16,395 - Epoch  36 Test set [precision@1: 0.5000 precision@2: 0.3400 precision@3: 0.2600 ] Test set [recall@1: 0.5000 recall@2: 0.6900 recall@3: 0.7800 ] Test set [f1score@1: 0.5000 f1score@2: 0.4600 f1score@3: 0.3900 ] Test set [accuracy@1: 0.5000 accuracy@2: 0.6900 accuracy@3: 0.7800 ] 
2024-03-27 13:46:17,112 - [Epoch  37 / 1000] rec_loss: 1.4010 cl_loss: 0.0000 
2024-03-27 13:46:17,472 - Epoch  37 Test set [precision@1: 0.5900 precision@2: 0.3500 precision@3: 0.2600 ] Test set [recall@1: 0.5900 recall@2: 0.7100 recall@3: 0.7800 ] Test set [f1score@1: 0.5900 f1score@2: 0.4700 f1score@3: 0.3900 ] Test set [accuracy@1: 0.5900 accuracy@2: 0.7100 accuracy@3: 0.7800 ] 
2024-03-27 13:46:18,246 - [Epoch  38 / 1000] rec_loss: 1.3860 cl_loss: 0.0000 
2024-03-27 13:46:18,551 - Epoch  38 Test set [precision@1: 0.6000 precision@2: 0.3600 precision@3: 0.2700 ] Test set [recall@1: 0.6000 recall@2: 0.7200 recall@3: 0.8000 ] Test set [f1score@1: 0.6000 f1score@2: 0.4800 f1score@3: 0.4000 ] Test set [accuracy@1: 0.6000 accuracy@2: 0.7200 accuracy@3: 0.8000 ] 
2024-03-27 13:46:19,235 - [Epoch  39 / 1000] rec_loss: 1.2936 cl_loss: 0.0000 
2024-03-27 13:46:19,538 - Epoch  39 Test set [precision@1: 0.6300 precision@2: 0.3700 precision@3: 0.2700 ] Test set [recall@1: 0.6300 recall@2: 0.7400 recall@3: 0.8200 ] Test set [f1score@1: 0.6300 f1score@2: 0.4900 f1score@3: 0.4100 ] Test set [accuracy@1: 0.6300 accuracy@2: 0.7400 accuracy@3: 0.8200 ] 
2024-03-27 13:46:20,208 - [Epoch  40 / 1000] rec_loss: 1.2507 cl_loss: 0.0000 
2024-03-27 13:46:20,514 - Epoch  40 Test set [precision@1: 0.6600 precision@2: 0.3800 precision@3: 0.2800 ] Test set [recall@1: 0.6600 recall@2: 0.7600 recall@3: 0.8300 ] Test set [f1score@1: 0.6600 f1score@2: 0.5100 f1score@3: 0.4100 ] Test set [accuracy@1: 0.6600 accuracy@2: 0.7600 accuracy@3: 0.8300 ] 
2024-03-27 13:46:21,173 - [Epoch  41 / 1000] rec_loss: 1.2705 cl_loss: 0.0000 
2024-03-27 13:46:21,498 - Epoch  41 Test set [precision@1: 0.7000 precision@2: 0.3900 precision@3: 0.2800 ] Test set [recall@1: 0.7000 recall@2: 0.7800 recall@3: 0.8300 ] Test set [f1score@1: 0.7000 f1score@2: 0.5200 f1score@3: 0.4100 ] Test set [accuracy@1: 0.7000 accuracy@2: 0.7800 accuracy@3: 0.8300 ] 
2024-03-27 13:46:22,170 - [Epoch  42 / 1000] rec_loss: 1.2160 cl_loss: 0.0000 
2024-03-27 13:46:22,486 - Epoch  42 Test set [precision@1: 0.6900 precision@2: 0.4000 precision@3: 0.2700 ] Test set [recall@1: 0.6900 recall@2: 0.7900 recall@3: 0.8200 ] Test set [f1score@1: 0.6900 f1score@2: 0.5300 f1score@3: 0.4100 ] Test set [accuracy@1: 0.6900 accuracy@2: 0.7900 accuracy@3: 0.8200 ] 
2024-03-27 13:46:23,179 - [Epoch  43 / 1000] rec_loss: 1.1504 cl_loss: 0.0000 
2024-03-27 13:46:23,510 - Epoch  43 Test set [precision@1: 0.6900 precision@2: 0.4000 precision@3: 0.2700 ] Test set [recall@1: 0.6900 recall@2: 0.8000 recall@3: 0.8200 ] Test set [f1score@1: 0.6900 f1score@2: 0.5300 f1score@3: 0.4100 ] Test set [accuracy@1: 0.6900 accuracy@2: 0.8000 accuracy@3: 0.8200 ] 
2024-03-27 13:46:24,259 - [Epoch  44 / 1000] rec_loss: 1.1433 cl_loss: 0.0000 
2024-03-27 13:46:24,622 - Epoch  44 Test set [precision@1: 0.6900 precision@2: 0.4000 precision@3: 0.2800 ] Test set [recall@1: 0.6900 recall@2: 0.8000 recall@3: 0.8300 ] Test set [f1score@1: 0.6900 f1score@2: 0.5300 f1score@3: 0.4100 ] Test set [accuracy@1: 0.6900 accuracy@2: 0.8000 accuracy@3: 0.8300 ] 
2024-03-27 13:46:25,308 - [Epoch  45 / 1000] rec_loss: 1.1492 cl_loss: 0.0000 
2024-03-27 13:46:25,610 - Epoch  45 Test set [precision@1: 0.6900 precision@2: 0.4100 precision@3: 0.2800 ] Test set [recall@1: 0.6900 recall@2: 0.8100 recall@3: 0.8400 ] Test set [f1score@1: 0.6900 f1score@2: 0.5400 f1score@3: 0.4200 ] Test set [accuracy@1: 0.6900 accuracy@2: 0.8100 accuracy@3: 0.8400 ] 
2024-03-27 13:46:26,273 - [Epoch  46 / 1000] rec_loss: 1.0125 cl_loss: 0.0000 
2024-03-27 13:46:26,582 - Epoch  46 Test set [precision@1: 0.6900 precision@2: 0.4100 precision@3: 0.2800 ] Test set [recall@1: 0.6900 recall@2: 0.8100 recall@3: 0.8400 ] Test set [f1score@1: 0.6900 f1score@2: 0.5400 f1score@3: 0.4200 ] Test set [accuracy@1: 0.6900 accuracy@2: 0.8100 accuracy@3: 0.8400 ] 
2024-03-27 13:46:27,235 - [Epoch  47 / 1000] rec_loss: 0.9995 cl_loss: 0.0000 
2024-03-27 13:46:27,534 - Epoch  47 Test set [precision@1: 0.7000 precision@2: 0.4200 precision@3: 0.2800 ] Test set [recall@1: 0.7000 recall@2: 0.8400 recall@3: 0.8500 ] Test set [f1score@1: 0.7000 f1score@2: 0.5600 f1score@3: 0.4300 ] Test set [accuracy@1: 0.7000 accuracy@2: 0.8400 accuracy@3: 0.8500 ] 
2024-03-27 13:46:28,219 - [Epoch  48 / 1000] rec_loss: 1.0305 cl_loss: 0.0000 
2024-03-27 13:46:28,619 - Epoch  48 Test set [precision@1: 0.7200 precision@2: 0.4200 precision@3: 0.2900 ] Test set [recall@1: 0.7200 recall@2: 0.8400 recall@3: 0.8700 ] Test set [f1score@1: 0.7200 f1score@2: 0.5600 f1score@3: 0.4400 ] Test set [accuracy@1: 0.7200 accuracy@2: 0.8400 accuracy@3: 0.8700 ] 
2024-03-27 13:46:29,298 - [Epoch  49 / 1000] rec_loss: 0.9377 cl_loss: 0.0000 
2024-03-27 13:46:29,634 - Epoch  49 Test set [precision@1: 0.7500 precision@2: 0.4300 precision@3: 0.3000 ] Test set [recall@1: 0.7500 recall@2: 0.8500 recall@3: 0.8900 ] Test set [f1score@1: 0.7500 f1score@2: 0.5700 f1score@3: 0.4400 ] Test set [accuracy@1: 0.7500 accuracy@2: 0.8500 accuracy@3: 0.8900 ] 
2024-03-27 13:46:30,369 - [Epoch  50 / 1000] rec_loss: 0.9106 cl_loss: 0.0000 
2024-03-27 13:46:30,712 - Epoch  50 Test set [precision@1: 0.7400 precision@2: 0.4300 precision@3: 0.3000 ] Test set [recall@1: 0.7400 recall@2: 0.8500 recall@3: 0.9000 ] Test set [f1score@1: 0.7400 f1score@2: 0.5700 f1score@3: 0.4500 ] Test set [accuracy@1: 0.7400 accuracy@2: 0.8500 accuracy@3: 0.9000 ] 
2024-03-27 13:46:31,484 - [Epoch  51 / 1000] rec_loss: 0.9065 cl_loss: 0.0000 
2024-03-27 13:46:31,877 - Epoch  51 Test set [precision@1: 0.7200 precision@2: 0.4400 precision@3: 0.3000 ] Test set [recall@1: 0.7200 recall@2: 0.8700 recall@3: 0.9100 ] Test set [f1score@1: 0.7200 f1score@2: 0.5800 f1score@3: 0.4600 ] Test set [accuracy@1: 0.7200 accuracy@2: 0.8700 accuracy@3: 0.9100 ] 
2024-03-27 13:46:32,693 - [Epoch  52 / 1000] rec_loss: 0.8356 cl_loss: 0.0000 
2024-03-27 13:46:33,011 - Epoch  52 Test set [precision@1: 0.7400 precision@2: 0.4400 precision@3: 0.3100 ] Test set [recall@1: 0.7400 recall@2: 0.8800 recall@3: 0.9200 ] Test set [f1score@1: 0.7400 f1score@2: 0.5900 f1score@3: 0.4600 ] Test set [accuracy@1: 0.7400 accuracy@2: 0.8800 accuracy@3: 0.9200 ] 
2024-03-27 13:46:33,740 - [Epoch  53 / 1000] rec_loss: 0.7554 cl_loss: 0.0000 
2024-03-27 13:46:34,061 - Epoch  53 Test set [precision@1: 0.7600 precision@2: 0.4400 precision@3: 0.3100 ] Test set [recall@1: 0.7600 recall@2: 0.8900 recall@3: 0.9300 ] Test set [f1score@1: 0.7600 f1score@2: 0.5900 f1score@3: 0.4700 ] Test set [accuracy@1: 0.7600 accuracy@2: 0.8900 accuracy@3: 0.9300 ] 
2024-03-27 13:46:34,765 - [Epoch  54 / 1000] rec_loss: 0.8633 cl_loss: 0.0000 
2024-03-27 13:46:35,082 - Epoch  54 Test set [precision@1: 0.7500 precision@2: 0.4500 precision@3: 0.3100 ] Test set [recall@1: 0.7500 recall@2: 0.9000 recall@3: 0.9300 ] Test set [f1score@1: 0.7500 f1score@2: 0.6000 f1score@3: 0.4700 ] Test set [accuracy@1: 0.7500 accuracy@2: 0.9000 accuracy@3: 0.9300 ] 
2024-03-27 13:46:35,746 - [Epoch  55 / 1000] rec_loss: 0.7866 cl_loss: 0.0000 
2024-03-27 13:46:36,067 - Epoch  55 Test set [precision@1: 0.7600 precision@2: 0.4500 precision@3: 0.3100 ] Test set [recall@1: 0.7600 recall@2: 0.9000 recall@3: 0.9400 ] Test set [f1score@1: 0.7600 f1score@2: 0.6000 f1score@3: 0.4700 ] Test set [accuracy@1: 0.7600 accuracy@2: 0.9000 accuracy@3: 0.9400 ] 
2024-03-27 13:46:36,750 - [Epoch  56 / 1000] rec_loss: 0.7915 cl_loss: 0.0000 
2024-03-27 13:46:37,064 - Epoch  56 Test set [precision@1: 0.7700 precision@2: 0.4600 precision@3: 0.3100 ] Test set [recall@1: 0.7700 recall@2: 0.9100 recall@3: 0.9300 ] Test set [f1score@1: 0.7700 f1score@2: 0.6100 f1score@3: 0.4700 ] Test set [accuracy@1: 0.7700 accuracy@2: 0.9100 accuracy@3: 0.9300 ] 
2024-03-27 13:46:37,747 - [Epoch  57 / 1000] rec_loss: 0.7538 cl_loss: 0.0000 
2024-03-27 13:46:38,107 - Epoch  57 Test set [precision@1: 0.7800 precision@2: 0.4500 precision@3: 0.3100 ] Test set [recall@1: 0.7800 recall@2: 0.9000 recall@3: 0.9300 ] Test set [f1score@1: 0.7800 f1score@2: 0.6000 f1score@3: 0.4700 ] Test set [accuracy@1: 0.7800 accuracy@2: 0.9000 accuracy@3: 0.9300 ] 
2024-03-27 13:46:38,829 - [Epoch  58 / 1000] rec_loss: 0.7939 cl_loss: 0.0000 
2024-03-27 13:46:39,125 - Epoch  58 Test set [precision@1: 0.7800 precision@2: 0.4600 precision@3: 0.3100 ] Test set [recall@1: 0.7800 recall@2: 0.9200 recall@3: 0.9300 ] Test set [f1score@1: 0.7800 f1score@2: 0.6100 f1score@3: 0.4700 ] Test set [accuracy@1: 0.7800 accuracy@2: 0.9200 accuracy@3: 0.9300 ] 
2024-03-27 13:46:39,802 - [Epoch  59 / 1000] rec_loss: 0.6316 cl_loss: 0.0000 
2024-03-27 13:46:40,117 - Epoch  59 Test set [precision@1: 0.8200 precision@2: 0.4600 precision@3: 0.3100 ] Test set [recall@1: 0.8200 recall@2: 0.9200 recall@3: 0.9300 ] Test set [f1score@1: 0.8200 f1score@2: 0.6100 f1score@3: 0.4700 ] Test set [accuracy@1: 0.8200 accuracy@2: 0.9200 accuracy@3: 0.9300 ] 
2024-03-27 13:46:41,002 - [Epoch  60 / 1000] rec_loss: 0.7260 cl_loss: 0.0000 
2024-03-27 13:46:41,365 - Epoch  60 Test set [precision@1: 0.8200 precision@2: 0.4700 precision@3: 0.3100 ] Test set [recall@1: 0.8200 recall@2: 0.9400 recall@3: 0.9400 ] Test set [f1score@1: 0.8200 f1score@2: 0.6300 f1score@3: 0.4700 ] Test set [accuracy@1: 0.8200 accuracy@2: 0.9400 accuracy@3: 0.9400 ] 
2024-03-27 13:46:42,157 - [Epoch  61 / 1000] rec_loss: 0.7175 cl_loss: 0.0000 
2024-03-27 13:46:42,511 - Epoch  61 Test set [precision@1: 0.8200 precision@2: 0.4700 precision@3: 0.3100 ] Test set [recall@1: 0.8200 recall@2: 0.9300 recall@3: 0.9400 ] Test set [f1score@1: 0.8200 f1score@2: 0.6200 f1score@3: 0.4700 ] Test set [accuracy@1: 0.8200 accuracy@2: 0.9300 accuracy@3: 0.9400 ] 
2024-03-27 13:46:43,300 - [Epoch  62 / 1000] rec_loss: 0.7367 cl_loss: 0.0000 
2024-03-27 13:46:43,656 - Epoch  62 Test set [precision@1: 0.8300 precision@2: 0.4700 precision@3: 0.3200 ] Test set [recall@1: 0.8300 recall@2: 0.9300 recall@3: 0.9500 ] Test set [f1score@1: 0.8300 f1score@2: 0.6200 f1score@3: 0.4700 ] Test set [accuracy@1: 0.8300 accuracy@2: 0.9300 accuracy@3: 0.9500 ] 
2024-03-27 13:46:44,354 - [Epoch  63 / 1000] rec_loss: 0.5776 cl_loss: 0.0000 
2024-03-27 13:46:44,669 - Epoch  63 Test set [precision@1: 0.8300 precision@2: 0.4700 precision@3: 0.3200 ] Test set [recall@1: 0.8300 recall@2: 0.9400 recall@3: 0.9500 ] Test set [f1score@1: 0.8300 f1score@2: 0.6300 f1score@3: 0.4700 ] Test set [accuracy@1: 0.8300 accuracy@2: 0.9400 accuracy@3: 0.9500 ] 
2024-03-27 13:46:45,389 - [Epoch  64 / 1000] rec_loss: 0.6472 cl_loss: 0.0000 
2024-03-27 13:46:45,689 - Epoch  64 Test set [precision@1: 0.8600 precision@2: 0.4700 precision@3: 0.3200 ] Test set [recall@1: 0.8600 recall@2: 0.9400 recall@3: 0.9500 ] Test set [f1score@1: 0.8600 f1score@2: 0.6300 f1score@3: 0.4700 ] Test set [accuracy@1: 0.8600 accuracy@2: 0.9400 accuracy@3: 0.9500 ] 
2024-03-27 13:46:46,402 - [Epoch  65 / 1000] rec_loss: 0.5986 cl_loss: 0.0000 
2024-03-27 13:46:46,729 - Epoch  65 Test set [precision@1: 0.8800 precision@2: 0.4700 precision@3: 0.3200 ] Test set [recall@1: 0.8800 recall@2: 0.9300 recall@3: 0.9500 ] Test set [f1score@1: 0.8800 f1score@2: 0.6200 f1score@3: 0.4700 ] Test set [accuracy@1: 0.8800 accuracy@2: 0.9300 accuracy@3: 0.9500 ] 
2024-03-27 13:46:47,389 - [Epoch  66 / 1000] rec_loss: 0.6057 cl_loss: 0.0000 
2024-03-27 13:46:47,717 - Epoch  66 Test set [precision@1: 0.9200 precision@2: 0.4700 precision@3: 0.3200 ] Test set [recall@1: 0.9200 recall@2: 0.9400 recall@3: 0.9500 ] Test set [f1score@1: 0.9200 f1score@2: 0.6300 f1score@3: 0.4700 ] Test set [accuracy@1: 0.9200 accuracy@2: 0.9400 accuracy@3: 0.9500 ] 
2024-03-27 13:46:48,416 - [Epoch  67 / 1000] rec_loss: 0.6160 cl_loss: 0.0000 
2024-03-27 13:46:48,721 - Epoch  67 Test set [precision@1: 0.9000 precision@2: 0.4700 precision@3: 0.3200 ] Test set [recall@1: 0.9000 recall@2: 0.9400 recall@3: 0.9500 ] Test set [f1score@1: 0.9000 f1score@2: 0.6300 f1score@3: 0.4700 ] Test set [accuracy@1: 0.9000 accuracy@2: 0.9400 accuracy@3: 0.9500 ] 
2024-03-27 13:46:49,421 - [Epoch  68 / 1000] rec_loss: 0.8150 cl_loss: 0.0000 
2024-03-27 13:46:49,729 - Epoch  68 Test set [precision@1: 0.9000 precision@2: 0.4700 precision@3: 0.3200 ] Test set [recall@1: 0.9000 recall@2: 0.9300 recall@3: 0.9500 ] Test set [f1score@1: 0.9000 f1score@2: 0.6200 f1score@3: 0.4700 ] Test set [accuracy@1: 0.9000 accuracy@2: 0.9300 accuracy@3: 0.9500 ] 
2024-03-27 13:46:50,501 - [Epoch  69 / 1000] rec_loss: 0.5901 cl_loss: 0.0000 
2024-03-27 13:46:50,856 - Epoch  69 Test set [precision@1: 0.8400 precision@2: 0.4700 precision@3: 0.3200 ] Test set [recall@1: 0.8400 recall@2: 0.9400 recall@3: 0.9700 ] Test set [f1score@1: 0.8400 f1score@2: 0.6300 f1score@3: 0.4900 ] Test set [accuracy@1: 0.8400 accuracy@2: 0.9400 accuracy@3: 0.9700 ] 
2024-03-27 13:46:51,564 - [Epoch  70 / 1000] rec_loss: 0.5790 cl_loss: 0.0000 
2024-03-27 13:46:51,873 - Epoch  70 Test set [precision@1: 0.8500 precision@2: 0.4700 precision@3: 0.3200 ] Test set [recall@1: 0.8500 recall@2: 0.9400 recall@3: 0.9600 ] Test set [f1score@1: 0.8500 f1score@2: 0.6300 f1score@3: 0.4800 ] Test set [accuracy@1: 0.8500 accuracy@2: 0.9400 accuracy@3: 0.9600 ] 
2024-03-27 13:46:52,534 - [Epoch  71 / 1000] rec_loss: 0.5596 cl_loss: 0.0000 
2024-03-27 13:46:52,833 - Epoch  71 Test set [precision@1: 0.9000 precision@2: 0.4800 precision@3: 0.3200 ] Test set [recall@1: 0.9000 recall@2: 0.9600 recall@3: 0.9700 ] Test set [f1score@1: 0.9000 f1score@2: 0.6400 f1score@3: 0.4900 ] Test set [accuracy@1: 0.9000 accuracy@2: 0.9600 accuracy@3: 0.9700 ] 
2024-03-27 13:46:53,481 - [Epoch  72 / 1000] rec_loss: 0.7154 cl_loss: 0.0000 
2024-03-27 13:46:53,779 - Epoch  72 Test set [precision@1: 0.8900 precision@2: 0.4700 precision@3: 0.3300 ] Test set [recall@1: 0.8900 recall@2: 0.9500 recall@3: 0.9800 ] Test set [f1score@1: 0.8900 f1score@2: 0.6300 f1score@3: 0.4900 ] Test set [accuracy@1: 0.8900 accuracy@2: 0.9500 accuracy@3: 0.9800 ] 
2024-03-27 13:46:54,430 - [Epoch  73 / 1000] rec_loss: 0.4715 cl_loss: 0.0000 
2024-03-27 13:46:54,728 - Epoch  73 Test set [precision@1: 0.8900 precision@2: 0.4800 precision@3: 0.3200 ] Test set [recall@1: 0.8900 recall@2: 0.9600 recall@3: 0.9700 ] Test set [f1score@1: 0.8900 f1score@2: 0.6400 f1score@3: 0.4900 ] Test set [accuracy@1: 0.8900 accuracy@2: 0.9600 accuracy@3: 0.9700 ] 
2024-03-27 13:46:55,377 - [Epoch  74 / 1000] rec_loss: 0.4634 cl_loss: 0.0000 
2024-03-27 13:46:55,681 - Epoch  74 Test set [precision@1: 0.8900 precision@2: 0.4700 precision@3: 0.3200 ] Test set [recall@1: 0.8900 recall@2: 0.9500 recall@3: 0.9700 ] Test set [f1score@1: 0.8900 f1score@2: 0.6300 f1score@3: 0.4900 ] Test set [accuracy@1: 0.8900 accuracy@2: 0.9500 accuracy@3: 0.9700 ] 
2024-03-27 13:46:56,342 - [Epoch  75 / 1000] rec_loss: 0.5235 cl_loss: 0.0000 
2024-03-27 13:46:56,659 - Epoch  75 Test set [precision@1: 0.9000 precision@2: 0.4700 precision@3: 0.3200 ] Test set [recall@1: 0.9000 recall@2: 0.9400 recall@3: 0.9700 ] Test set [f1score@1: 0.9000 f1score@2: 0.6300 f1score@3: 0.4900 ] Test set [accuracy@1: 0.9000 accuracy@2: 0.9400 accuracy@3: 0.9700 ] 
2024-03-27 13:46:57,362 - [Epoch  76 / 1000] rec_loss: 0.5375 cl_loss: 0.0000 
2024-03-27 13:46:57,675 - Epoch  76 Test set [precision@1: 0.9000 precision@2: 0.4700 precision@3: 0.3200 ] Test set [recall@1: 0.9000 recall@2: 0.9500 recall@3: 0.9600 ] Test set [f1score@1: 0.9000 f1score@2: 0.6300 f1score@3: 0.4800 ] Test set [accuracy@1: 0.9000 accuracy@2: 0.9500 accuracy@3: 0.9600 ] 
2024-03-27 13:46:58,395 - [Epoch  77 / 1000] rec_loss: 0.3956 cl_loss: 0.0000 
2024-03-27 13:46:58,711 - Epoch  77 Test set [precision@1: 0.9000 precision@2: 0.4700 precision@3: 0.3200 ] Test set [recall@1: 0.9000 recall@2: 0.9500 recall@3: 0.9600 ] Test set [f1score@1: 0.9000 f1score@2: 0.6300 f1score@3: 0.4800 ] Test set [accuracy@1: 0.9000 accuracy@2: 0.9500 accuracy@3: 0.9600 ] 
2024-03-27 13:46:59,440 - [Epoch  78 / 1000] rec_loss: 0.4730 cl_loss: 0.0000 
2024-03-27 13:46:59,753 - Epoch  78 Test set [precision@1: 0.8900 precision@2: 0.4700 precision@3: 0.3200 ] Test set [recall@1: 0.8900 recall@2: 0.9500 recall@3: 0.9600 ] Test set [f1score@1: 0.8900 f1score@2: 0.6300 f1score@3: 0.4800 ] Test set [accuracy@1: 0.8900 accuracy@2: 0.9500 accuracy@3: 0.9600 ] 
2024-03-27 13:47:00,476 - [Epoch  79 / 1000] rec_loss: 0.4234 cl_loss: 0.0000 
2024-03-27 13:47:00,784 - Epoch  79 Test set [precision@1: 0.9000 precision@2: 0.4700 precision@3: 0.3200 ] Test set [recall@1: 0.9000 recall@2: 0.9500 recall@3: 0.9600 ] Test set [f1score@1: 0.9000 f1score@2: 0.6300 f1score@3: 0.4800 ] Test set [accuracy@1: 0.9000 accuracy@2: 0.9500 accuracy@3: 0.9600 ] 
2024-03-27 13:47:01,464 - [Epoch  80 / 1000] rec_loss: 0.4458 cl_loss: 0.0000 
2024-03-27 13:47:01,782 - Epoch  80 Test set [precision@1: 0.9000 precision@2: 0.4700 precision@3: 0.3200 ] Test set [recall@1: 0.9000 recall@2: 0.9500 recall@3: 0.9700 ] Test set [f1score@1: 0.9000 f1score@2: 0.6300 f1score@3: 0.4900 ] Test set [accuracy@1: 0.9000 accuracy@2: 0.9500 accuracy@3: 0.9700 ] 
2024-03-27 13:47:02,498 - [Epoch  81 / 1000] rec_loss: 0.4503 cl_loss: 0.0000 
2024-03-27 13:47:02,806 - Epoch  81 Test set [precision@1: 0.9200 precision@2: 0.4800 precision@3: 0.3300 ] Test set [recall@1: 0.9200 recall@2: 0.9600 recall@3: 0.9800 ] Test set [f1score@1: 0.9200 f1score@2: 0.6400 f1score@3: 0.4900 ] Test set [accuracy@1: 0.9200 accuracy@2: 0.9600 accuracy@3: 0.9800 ] 
2024-03-27 13:47:03,530 - [Epoch  82 / 1000] rec_loss: 0.4064 cl_loss: 0.0000 
2024-03-27 13:47:03,842 - Epoch  82 Test set [precision@1: 0.9200 precision@2: 0.4800 precision@3: 0.3300 ] Test set [recall@1: 0.9200 recall@2: 0.9600 recall@3: 0.9800 ] Test set [f1score@1: 0.9200 f1score@2: 0.6400 f1score@3: 0.4900 ] Test set [accuracy@1: 0.9200 accuracy@2: 0.9600 accuracy@3: 0.9800 ] 
2024-03-27 13:47:04,545 - [Epoch  83 / 1000] rec_loss: 0.4352 cl_loss: 0.0000 
2024-03-27 13:47:04,869 - Epoch  83 Test set [precision@1: 0.9200 precision@2: 0.4800 precision@3: 0.3300 ] Test set [recall@1: 0.9200 recall@2: 0.9600 recall@3: 0.9800 ] Test set [f1score@1: 0.9200 f1score@2: 0.6400 f1score@3: 0.4900 ] Test set [accuracy@1: 0.9200 accuracy@2: 0.9600 accuracy@3: 0.9800 ] 
2024-03-27 13:47:05,552 - [Epoch  84 / 1000] rec_loss: 0.3566 cl_loss: 0.0000 
2024-03-27 13:47:05,864 - Epoch  84 Test set [precision@1: 0.9200 precision@2: 0.4700 precision@3: 0.3300 ] Test set [recall@1: 0.9200 recall@2: 0.9500 recall@3: 0.9800 ] Test set [f1score@1: 0.9200 f1score@2: 0.6300 f1score@3: 0.4900 ] Test set [accuracy@1: 0.9200 accuracy@2: 0.9500 accuracy@3: 0.9800 ] 
2024-03-27 13:47:06,544 - [Epoch  85 / 1000] rec_loss: 0.3049 cl_loss: 0.0000 
2024-03-27 13:47:06,844 - Epoch  85 Test set [precision@1: 0.9300 precision@2: 0.4700 precision@3: 0.3300 ] Test set [recall@1: 0.9300 recall@2: 0.9500 recall@3: 0.9800 ] Test set [f1score@1: 0.9300 f1score@2: 0.6300 f1score@3: 0.4900 ] Test set [accuracy@1: 0.9300 accuracy@2: 0.9500 accuracy@3: 0.9800 ] 
2024-03-27 13:47:07,498 - [Epoch  86 / 1000] rec_loss: 0.3421 cl_loss: 0.0000 
2024-03-27 13:47:07,855 - Epoch  86 Test set [precision@1: 0.9400 precision@2: 0.4700 precision@3: 0.3300 ] Test set [recall@1: 0.9400 recall@2: 0.9500 recall@3: 0.9800 ] Test set [f1score@1: 0.9400 f1score@2: 0.6300 f1score@3: 0.4900 ] Test set [accuracy@1: 0.9400 accuracy@2: 0.9500 accuracy@3: 0.9800 ] 
2024-03-27 13:47:08,738 - [Epoch  87 / 1000] rec_loss: 0.3714 cl_loss: 0.0000 
2024-03-27 13:47:09,097 - Epoch  87 Test set [precision@1: 0.9400 precision@2: 0.4700 precision@3: 0.3300 ] Test set [recall@1: 0.9400 recall@2: 0.9500 recall@3: 0.9800 ] Test set [f1score@1: 0.9400 f1score@2: 0.6300 f1score@3: 0.4900 ] Test set [accuracy@1: 0.9400 accuracy@2: 0.9500 accuracy@3: 0.9800 ] 
2024-03-27 13:47:09,930 - [Epoch  88 / 1000] rec_loss: 0.4446 cl_loss: 0.0000 
2024-03-27 13:47:10,238 - Epoch  88 Test set [precision@1: 0.9400 precision@2: 0.4900 precision@3: 0.3300 ] Test set [recall@1: 0.9400 recall@2: 0.9800 recall@3: 0.9800 ] Test set [f1score@1: 0.9400 f1score@2: 0.6500 f1score@3: 0.4900 ] Test set [accuracy@1: 0.9400 accuracy@2: 0.9800 accuracy@3: 0.9800 ] 
2024-03-27 13:47:10,950 - [Epoch  89 / 1000] rec_loss: 0.3473 cl_loss: 0.0000 
2024-03-27 13:47:11,283 - Epoch  89 Test set [precision@1: 0.9300 precision@2: 0.4900 precision@3: 0.3300 ] Test set [recall@1: 0.9300 recall@2: 0.9700 recall@3: 0.9800 ] Test set [f1score@1: 0.9300 f1score@2: 0.6500 f1score@3: 0.4900 ] Test set [accuracy@1: 0.9300 accuracy@2: 0.9700 accuracy@3: 0.9800 ] 
2024-03-27 13:47:11,993 - [Epoch  90 / 1000] rec_loss: 0.2830 cl_loss: 0.0000 
2024-03-27 13:47:12,292 - Epoch  90 Test set [precision@1: 0.9400 precision@2: 0.4900 precision@3: 0.3300 ] Test set [recall@1: 0.9400 recall@2: 0.9800 recall@3: 0.9800 ] Test set [f1score@1: 0.9400 f1score@2: 0.6500 f1score@3: 0.4900 ] Test set [accuracy@1: 0.9400 accuracy@2: 0.9800 accuracy@3: 0.9800 ] 
2024-03-27 13:47:13,145 - [Epoch  91 / 1000] rec_loss: 0.3297 cl_loss: 0.0000 
2024-03-27 13:47:13,499 - Epoch  91 Test set [precision@1: 0.9400 precision@2: 0.4900 precision@3: 0.3300 ] Test set [recall@1: 0.9400 recall@2: 0.9800 recall@3: 0.9800 ] Test set [f1score@1: 0.9400 f1score@2: 0.6500 f1score@3: 0.4900 ] Test set [accuracy@1: 0.9400 accuracy@2: 0.9800 accuracy@3: 0.9800 ] 
2024-03-27 13:47:14,216 - [Epoch  92 / 1000] rec_loss: 0.3372 cl_loss: 0.0000 
2024-03-27 13:47:14,594 - Epoch  92 Test set [precision@1: 0.9400 precision@2: 0.4900 precision@3: 0.3300 ] Test set [recall@1: 0.9400 recall@2: 0.9800 recall@3: 0.9800 ] Test set [f1score@1: 0.9400 f1score@2: 0.6500 f1score@3: 0.4900 ] Test set [accuracy@1: 0.9400 accuracy@2: 0.9800 accuracy@3: 0.9800 ] 
2024-03-27 13:47:15,309 - [Epoch  93 / 1000] rec_loss: 0.2502 cl_loss: 0.0000 
2024-03-27 13:47:15,640 - Epoch  93 Test set [precision@1: 0.9500 precision@2: 0.4900 precision@3: 0.3300 ] Test set [recall@1: 0.9500 recall@2: 0.9700 recall@3: 1.0000 ] Test set [f1score@1: 0.9500 f1score@2: 0.6500 f1score@3: 0.5000 ] Test set [accuracy@1: 0.9500 accuracy@2: 0.9700 accuracy@3: 1.0000 ] 
2024-03-27 13:47:16,332 - [Epoch  94 / 1000] rec_loss: 0.2978 cl_loss: 0.0000 
2024-03-27 13:47:16,699 - Epoch  94 Test set [precision@1: 0.9500 precision@2: 0.4900 precision@3: 0.3300 ] Test set [recall@1: 0.9500 recall@2: 0.9800 recall@3: 0.9900 ] Test set [f1score@1: 0.9500 f1score@2: 0.6500 f1score@3: 0.5000 ] Test set [accuracy@1: 0.9500 accuracy@2: 0.9800 accuracy@3: 0.9900 ] 
2024-03-27 13:47:17,418 - [Epoch  95 / 1000] rec_loss: 0.3028 cl_loss: 0.0000 
2024-03-27 13:47:17,766 - Epoch  95 Test set [precision@1: 0.9500 precision@2: 0.4900 precision@3: 0.3300 ] Test set [recall@1: 0.9500 recall@2: 0.9700 recall@3: 0.9900 ] Test set [f1score@1: 0.9500 f1score@2: 0.6500 f1score@3: 0.5000 ] Test set [accuracy@1: 0.9500 accuracy@2: 0.9700 accuracy@3: 0.9900 ] 
2024-03-27 13:47:18,588 - [Epoch  96 / 1000] rec_loss: 0.2461 cl_loss: 0.0000 
2024-03-27 13:47:18,936 - Epoch  96 Test set [precision@1: 0.9500 precision@2: 0.4900 precision@3: 0.3300 ] Test set [recall@1: 0.9500 recall@2: 0.9700 recall@3: 0.9900 ] Test set [f1score@1: 0.9500 f1score@2: 0.6500 f1score@3: 0.5000 ] Test set [accuracy@1: 0.9500 accuracy@2: 0.9700 accuracy@3: 0.9900 ] 
2024-03-27 13:47:19,701 - [Epoch  97 / 1000] rec_loss: 0.2748 cl_loss: 0.0000 
2024-03-27 13:47:20,028 - Epoch  97 Test set [precision@1: 0.9600 precision@2: 0.4900 precision@3: 0.3300 ] Test set [recall@1: 0.9600 recall@2: 0.9700 recall@3: 0.9900 ] Test set [f1score@1: 0.9600 f1score@2: 0.6500 f1score@3: 0.5000 ] Test set [accuracy@1: 0.9600 accuracy@2: 0.9700 accuracy@3: 0.9900 ] 
2024-03-27 13:47:20,707 - [Epoch  98 / 1000] rec_loss: 0.3128 cl_loss: 0.0000 
2024-03-27 13:47:21,018 - Epoch  98 Test set [precision@1: 0.9600 precision@2: 0.5000 precision@3: 0.3300 ] Test set [recall@1: 0.9600 recall@2: 0.9900 recall@3: 0.9900 ] Test set [f1score@1: 0.9600 f1score@2: 0.6600 f1score@3: 0.5000 ] Test set [accuracy@1: 0.9600 accuracy@2: 0.9900 accuracy@3: 0.9900 ] 
2024-03-27 13:47:21,697 - [Epoch  99 / 1000] rec_loss: 0.2157 cl_loss: 0.0000 
2024-03-27 13:47:22,010 - Epoch  99 Test set [precision@1: 0.9800 precision@2: 0.5000 precision@3: 0.3300 ] Test set [recall@1: 0.9800 recall@2: 0.9900 recall@3: 0.9900 ] Test set [f1score@1: 0.9800 f1score@2: 0.6600 f1score@3: 0.5000 ] Test set [accuracy@1: 0.9800 accuracy@2: 0.9900 accuracy@3: 0.9900 ] 
2024-03-27 13:47:22,770 - [Epoch 100 / 1000] rec_loss: 0.2607 cl_loss: 0.0000 
2024-03-27 13:47:23,133 - Epoch 100 Test set [precision@1: 0.9700 precision@2: 0.5000 precision@3: 0.3300 ] Test set [recall@1: 0.9700 recall@2: 0.9900 recall@3: 0.9900 ] Test set [f1score@1: 0.9700 f1score@2: 0.6600 f1score@3: 0.5000 ] Test set [accuracy@1: 0.9700 accuracy@2: 0.9900 accuracy@3: 0.9900 ] 
2024-03-27 13:47:23,802 - [Epoch 101 / 1000] rec_loss: 0.1979 cl_loss: 0.0000 
2024-03-27 13:47:24,159 - Epoch 101 Test set [precision@1: 0.9600 precision@2: 0.5000 precision@3: 0.3300 ] Test set [recall@1: 0.9600 recall@2: 0.9900 recall@3: 0.9900 ] Test set [f1score@1: 0.9600 f1score@2: 0.6600 f1score@3: 0.5000 ] Test set [accuracy@1: 0.9600 accuracy@2: 0.9900 accuracy@3: 0.9900 ] 
2024-03-27 13:47:24,940 - [Epoch 102 / 1000] rec_loss: 0.3049 cl_loss: 0.0000 
2024-03-27 13:47:25,262 - Epoch 102 Test set [precision@1: 0.9600 precision@2: 0.5000 precision@3: 0.3300 ] Test set [recall@1: 0.9600 recall@2: 0.9900 recall@3: 1.0000 ] Test set [f1score@1: 0.9600 f1score@2: 0.6600 f1score@3: 0.5000 ] Test set [accuracy@1: 0.9600 accuracy@2: 0.9900 accuracy@3: 1.0000 ] 
2024-03-27 13:47:26,156 - [Epoch 103 / 1000] rec_loss: 0.2098 cl_loss: 0.0000 
2024-03-27 13:47:26,502 - Epoch 103 Test set [precision@1: 0.9500 precision@2: 0.5000 precision@3: 0.3300 ] Test set [recall@1: 0.9500 recall@2: 0.9900 recall@3: 1.0000 ] Test set [f1score@1: 0.9500 f1score@2: 0.6600 f1score@3: 0.5000 ] Test set [accuracy@1: 0.9500 accuracy@2: 0.9900 accuracy@3: 1.0000 ] 
2024-03-27 13:47:27,229 - [Epoch 104 / 1000] rec_loss: 0.2393 cl_loss: 0.0000 
2024-03-27 13:47:27,561 - Epoch 104 Test set [precision@1: 0.9600 precision@2: 0.5000 precision@3: 0.3300 ] Test set [recall@1: 0.9600 recall@2: 0.9900 recall@3: 1.0000 ] Test set [f1score@1: 0.9600 f1score@2: 0.6600 f1score@3: 0.5000 ] Test set [accuracy@1: 0.9600 accuracy@2: 0.9900 accuracy@3: 1.0000 ] 
2024-03-27 13:47:28,265 - [Epoch 105 / 1000] rec_loss: 0.2313 cl_loss: 0.0000 
2024-03-27 13:47:28,586 - Epoch 105 Test set [precision@1: 0.9600 precision@2: 0.5000 precision@3: 0.3300 ] Test set [recall@1: 0.9600 recall@2: 0.9900 recall@3: 1.0000 ] Test set [f1score@1: 0.9600 f1score@2: 0.6600 f1score@3: 0.5000 ] Test set [accuracy@1: 0.9600 accuracy@2: 0.9900 accuracy@3: 1.0000 ] 
2024-03-27 13:47:29,297 - [Epoch 106 / 1000] rec_loss: 0.2136 cl_loss: 0.0000 
2024-03-27 13:47:29,652 - Epoch 106 Test set [precision@1: 0.9700 precision@2: 0.5000 precision@3: 0.3300 ] Test set [recall@1: 0.9700 recall@2: 0.9900 recall@3: 1.0000 ] Test set [f1score@1: 0.9700 f1score@2: 0.6600 f1score@3: 0.5000 ] Test set [accuracy@1: 0.9700 accuracy@2: 0.9900 accuracy@3: 1.0000 ] 
2024-03-27 13:47:30,344 - [Epoch 107 / 1000] rec_loss: 0.1749 cl_loss: 0.0000 
2024-03-27 13:47:30,658 - Epoch 107 Test set [precision@1: 0.9700 precision@2: 0.5000 precision@3: 0.3300 ] Test set [recall@1: 0.9700 recall@2: 0.9900 recall@3: 1.0000 ] Test set [f1score@1: 0.9700 f1score@2: 0.6600 f1score@3: 0.5000 ] Test set [accuracy@1: 0.9700 accuracy@2: 0.9900 accuracy@3: 1.0000 ] 
2024-03-27 13:47:31,362 - [Epoch 108 / 1000] rec_loss: 0.3303 cl_loss: 0.0000 
2024-03-27 13:47:31,710 - Epoch 108 Test set [precision@1: 0.9700 precision@2: 0.4900 precision@3: 0.3300 ] Test set [recall@1: 0.9700 recall@2: 0.9800 recall@3: 1.0000 ] Test set [f1score@1: 0.9700 f1score@2: 0.6500 f1score@3: 0.5000 ] Test set [accuracy@1: 0.9700 accuracy@2: 0.9800 accuracy@3: 1.0000 ] 
2024-03-27 13:47:32,596 - [Epoch 109 / 1000] rec_loss: 0.1736 cl_loss: 0.0000 
2024-03-27 13:47:32,941 - Epoch 109 Test set [precision@1: 0.9700 precision@2: 0.4900 precision@3: 0.3300 ] Test set [recall@1: 0.9700 recall@2: 0.9800 recall@3: 1.0000 ] Test set [f1score@1: 0.9700 f1score@2: 0.6500 f1score@3: 0.5000 ] Test set [accuracy@1: 0.9700 accuracy@2: 0.9800 accuracy@3: 1.0000 ] 
2024-03-27 13:47:33,627 - [Epoch 110 / 1000] rec_loss: 0.2906 cl_loss: 0.0000 
2024-03-27 13:47:33,943 - Epoch 110 Test set [precision@1: 0.9600 precision@2: 0.4900 precision@3: 0.3300 ] Test set [recall@1: 0.9600 recall@2: 0.9800 recall@3: 1.0000 ] Test set [f1score@1: 0.9600 f1score@2: 0.6500 f1score@3: 0.5000 ] Test set [accuracy@1: 0.9600 accuracy@2: 0.9800 accuracy@3: 1.0000 ] 
2024-03-27 13:47:34,658 - [Epoch 111 / 1000] rec_loss: 0.3743 cl_loss: 0.0000 
2024-03-27 13:47:34,965 - Epoch 111 Test set [precision@1: 0.9600 precision@2: 0.4900 precision@3: 0.3300 ] Test set [recall@1: 0.9600 recall@2: 0.9800 recall@3: 1.0000 ] Test set [f1score@1: 0.9600 f1score@2: 0.6500 f1score@3: 0.5000 ] Test set [accuracy@1: 0.9600 accuracy@2: 0.9800 accuracy@3: 1.0000 ] 
2024-03-27 13:47:35,648 - [Epoch 112 / 1000] rec_loss: 0.2185 cl_loss: 0.0000 
2024-03-27 13:47:35,979 - Epoch 112 Test set [precision@1: 0.9500 precision@2: 0.4900 precision@3: 0.3300 ] Test set [recall@1: 0.9500 recall@2: 0.9800 recall@3: 1.0000 ] Test set [f1score@1: 0.9500 f1score@2: 0.6500 f1score@3: 0.5000 ] Test set [accuracy@1: 0.9500 accuracy@2: 0.9800 accuracy@3: 1.0000 ] 
2024-03-27 13:47:36,916 - [Epoch 113 / 1000] rec_loss: 0.2066 cl_loss: 0.0000 
2024-03-27 13:47:37,284 - Epoch 113 Test set [precision@1: 0.9400 precision@2: 0.4900 precision@3: 0.3300 ] Test set [recall@1: 0.9400 recall@2: 0.9800 recall@3: 1.0000 ] Test set [f1score@1: 0.9400 f1score@2: 0.6500 f1score@3: 0.5000 ] Test set [accuracy@1: 0.9400 accuracy@2: 0.9800 accuracy@3: 1.0000 ] 
2024-03-27 13:47:38,059 - [Epoch 114 / 1000] rec_loss: 0.1846 cl_loss: 0.0000 
2024-03-27 13:47:38,434 - Epoch 114 Test set [precision@1: 0.9600 precision@2: 0.5000 precision@3: 0.3300 ] Test set [recall@1: 0.9600 recall@2: 0.9900 recall@3: 1.0000 ] Test set [f1score@1: 0.9600 f1score@2: 0.6600 f1score@3: 0.5000 ] Test set [accuracy@1: 0.9600 accuracy@2: 0.9900 accuracy@3: 1.0000 ] 
2024-03-27 13:47:39,249 - [Epoch 115 / 1000] rec_loss: 0.2247 cl_loss: 0.0000 
2024-03-27 13:47:39,556 - Epoch 115 Test set [precision@1: 0.9700 precision@2: 0.5000 precision@3: 0.3300 ] Test set [recall@1: 0.9700 recall@2: 0.9900 recall@3: 1.0000 ] Test set [f1score@1: 0.9700 f1score@2: 0.6600 f1score@3: 0.5000 ] Test set [accuracy@1: 0.9700 accuracy@2: 0.9900 accuracy@3: 1.0000 ] 
2024-03-27 13:47:40,210 - [Epoch 116 / 1000] rec_loss: 0.2419 cl_loss: 0.0000 
2024-03-27 13:47:40,517 - Epoch 116 Test set [precision@1: 0.9700 precision@2: 0.5000 precision@3: 0.3300 ] Test set [recall@1: 0.9700 recall@2: 0.9900 recall@3: 1.0000 ] Test set [f1score@1: 0.9700 f1score@2: 0.6600 f1score@3: 0.5000 ] Test set [accuracy@1: 0.9700 accuracy@2: 0.9900 accuracy@3: 1.0000 ] 
2024-03-27 13:47:41,339 - [Epoch 117 / 1000] rec_loss: 0.2435 cl_loss: 0.0000 
2024-03-27 13:47:41,657 - Epoch 117 Test set [precision@1: 0.9700 precision@2: 0.5000 precision@3: 0.3300 ] Test set [recall@1: 0.9700 recall@2: 0.9900 recall@3: 1.0000 ] Test set [f1score@1: 0.9700 f1score@2: 0.6600 f1score@3: 0.5000 ] Test set [accuracy@1: 0.9700 accuracy@2: 0.9900 accuracy@3: 1.0000 ] 
2024-03-27 13:47:42,350 - [Epoch 118 / 1000] rec_loss: 0.2224 cl_loss: 0.0000 
2024-03-27 13:47:42,709 - Epoch 118 Test set [precision@1: 0.9700 precision@2: 0.5000 precision@3: 0.3300 ] Test set [recall@1: 0.9700 recall@2: 0.9900 recall@3: 1.0000 ] Test set [f1score@1: 0.9700 f1score@2: 0.6600 f1score@3: 0.5000 ] Test set [accuracy@1: 0.9700 accuracy@2: 0.9900 accuracy@3: 1.0000 ] 
2024-03-27 13:47:43,495 - [Epoch 119 / 1000] rec_loss: 0.1471 cl_loss: 0.0000 
2024-03-27 13:47:43,807 - Epoch 119 Test set [precision@1: 0.9700 precision@2: 0.5000 precision@3: 0.3300 ] Test set [recall@1: 0.9700 recall@2: 0.9900 recall@3: 1.0000 ] Test set [f1score@1: 0.9700 f1score@2: 0.6600 f1score@3: 0.5000 ] Test set [accuracy@1: 0.9700 accuracy@2: 0.9900 accuracy@3: 1.0000 ] 
2024-03-27 13:47:44,495 - [Epoch 120 / 1000] rec_loss: 0.1971 cl_loss: 0.0000 
2024-03-27 13:47:44,878 - Epoch 120 Test set [precision@1: 0.9700 precision@2: 0.5000 precision@3: 0.3300 ] Test set [recall@1: 0.9700 recall@2: 0.9900 recall@3: 1.0000 ] Test set [f1score@1: 0.9700 f1score@2: 0.6600 f1score@3: 0.5000 ] Test set [accuracy@1: 0.9700 accuracy@2: 0.9900 accuracy@3: 1.0000 ] 
2024-03-27 13:47:45,609 - [Epoch 121 / 1000] rec_loss: 0.1956 cl_loss: 0.0000 
2024-03-27 13:47:45,982 - Epoch 121 Test set [precision@1: 0.9700 precision@2: 0.5000 precision@3: 0.3300 ] Test set [recall@1: 0.9700 recall@2: 0.9900 recall@3: 1.0000 ] Test set [f1score@1: 0.9700 f1score@2: 0.6600 f1score@3: 0.5000 ] Test set [accuracy@1: 0.9700 accuracy@2: 0.9900 accuracy@3: 1.0000 ] 
2024-03-27 13:47:46,695 - [Epoch 122 / 1000] rec_loss: 0.2387 cl_loss: 0.0000 
2024-03-27 13:47:47,024 - Epoch 122 Test set [precision@1: 0.9700 precision@2: 0.5000 precision@3: 0.3300 ] Test set [recall@1: 0.9700 recall@2: 0.9900 recall@3: 1.0000 ] Test set [f1score@1: 0.9700 f1score@2: 0.6600 f1score@3: 0.5000 ] Test set [accuracy@1: 0.9700 accuracy@2: 0.9900 accuracy@3: 1.0000 ] 
2024-03-27 13:47:47,729 - [Epoch 123 / 1000] rec_loss: 0.1665 cl_loss: 0.0000 
2024-03-27 13:47:48,048 - Epoch 123 Test set [precision@1: 0.9700 precision@2: 0.5000 precision@3: 0.3300 ] Test set [recall@1: 0.9700 recall@2: 0.9900 recall@3: 1.0000 ] Test set [f1score@1: 0.9700 f1score@2: 0.6600 f1score@3: 0.5000 ] Test set [accuracy@1: 0.9700 accuracy@2: 0.9900 accuracy@3: 1.0000 ] 
2024-03-27 13:47:48,785 - [Epoch 124 / 1000] rec_loss: 0.1981 cl_loss: 0.0000 
2024-03-27 13:47:49,129 - Epoch 124 Test set [precision@1: 0.9700 precision@2: 0.5000 precision@3: 0.3300 ] Test set [recall@1: 0.9700 recall@2: 0.9900 recall@3: 1.0000 ] Test set [f1score@1: 0.9700 f1score@2: 0.6600 f1score@3: 0.5000 ] Test set [accuracy@1: 0.9700 accuracy@2: 0.9900 accuracy@3: 1.0000 ] 
2024-03-27 13:47:49,908 - [Epoch 125 / 1000] rec_loss: 0.1917 cl_loss: 0.0000 
2024-03-27 13:47:50,234 - Epoch 125 Test set [precision@1: 0.9700 precision@2: 0.5000 precision@3: 0.3300 ] Test set [recall@1: 0.9700 recall@2: 1.0000 recall@3: 1.0000 ] Test set [f1score@1: 0.9700 f1score@2: 0.6700 f1score@3: 0.5000 ] Test set [accuracy@1: 0.9700 accuracy@2: 1.0000 accuracy@3: 1.0000 ] 
2024-03-27 13:47:51,033 - [Epoch 126 / 1000] rec_loss: 0.1780 cl_loss: 0.0000 
2024-03-27 13:47:51,362 - Epoch 126 Test set [precision@1: 0.9700 precision@2: 0.5000 precision@3: 0.3300 ] Test set [recall@1: 0.9700 recall@2: 1.0000 recall@3: 1.0000 ] Test set [f1score@1: 0.9700 f1score@2: 0.6700 f1score@3: 0.5000 ] Test set [accuracy@1: 0.9700 accuracy@2: 1.0000 accuracy@3: 1.0000 ] 
2024-03-27 13:47:52,040 - [Epoch 127 / 1000] rec_loss: 0.1355 cl_loss: 0.0000 
2024-03-27 13:47:52,343 - Epoch 127 Test set [precision@1: 0.9800 precision@2: 0.5000 precision@3: 0.3300 ] Test set [recall@1: 0.9800 recall@2: 0.9900 recall@3: 1.0000 ] Test set [f1score@1: 0.9800 f1score@2: 0.6600 f1score@3: 0.5000 ] Test set [accuracy@1: 0.9800 accuracy@2: 0.9900 accuracy@3: 1.0000 ] 
2024-03-27 13:47:53,040 - [Epoch 128 / 1000] rec_loss: 0.1981 cl_loss: 0.0000 
2024-03-27 13:47:53,351 - Epoch 128 Test set [precision@1: 0.9800 precision@2: 0.5000 precision@3: 0.3300 ] Test set [recall@1: 0.9800 recall@2: 0.9900 recall@3: 1.0000 ] Test set [f1score@1: 0.9800 f1score@2: 0.6600 f1score@3: 0.5000 ] Test set [accuracy@1: 0.9800 accuracy@2: 0.9900 accuracy@3: 1.0000 ] 
2024-03-27 13:47:54,032 - [Epoch 129 / 1000] rec_loss: 0.1477 cl_loss: 0.0000 
2024-03-27 13:47:54,342 - Epoch 129 Test set [precision@1: 0.9800 precision@2: 0.5000 precision@3: 0.3300 ] Test set [recall@1: 0.9800 recall@2: 0.9900 recall@3: 1.0000 ] Test set [f1score@1: 0.9800 f1score@2: 0.6600 f1score@3: 0.5000 ] Test set [accuracy@1: 0.9800 accuracy@2: 0.9900 accuracy@3: 1.0000 ] 
2024-03-27 13:47:55,019 - [Epoch 130 / 1000] rec_loss: 0.2173 cl_loss: 0.0000 
2024-03-27 13:47:55,326 - Epoch 130 Test set [precision@1: 0.9800 precision@2: 0.5000 precision@3: 0.3300 ] Test set [recall@1: 0.9800 recall@2: 0.9900 recall@3: 1.0000 ] Test set [f1score@1: 0.9800 f1score@2: 0.6600 f1score@3: 0.5000 ] Test set [accuracy@1: 0.9800 accuracy@2: 0.9900 accuracy@3: 1.0000 ] 
2024-03-27 13:47:56,117 - [Epoch 131 / 1000] rec_loss: 0.1865 cl_loss: 0.0000 
2024-03-27 13:47:56,446 - Epoch 131 Test set [precision@1: 0.9800 precision@2: 0.5000 precision@3: 0.3300 ] Test set [recall@1: 0.9800 recall@2: 0.9900 recall@3: 1.0000 ] Test set [f1score@1: 0.9800 f1score@2: 0.6600 f1score@3: 0.5000 ] Test set [accuracy@1: 0.9800 accuracy@2: 0.9900 accuracy@3: 1.0000 ] 
2024-03-27 13:47:57,220 - [Epoch 132 / 1000] rec_loss: 0.1938 cl_loss: 0.0000 
2024-03-27 13:47:57,536 - Epoch 132 Test set [precision@1: 0.9800 precision@2: 0.5000 precision@3: 0.3300 ] Test set [recall@1: 0.9800 recall@2: 0.9900 recall@3: 1.0000 ] Test set [f1score@1: 0.9800 f1score@2: 0.6600 f1score@3: 0.5000 ] Test set [accuracy@1: 0.9800 accuracy@2: 0.9900 accuracy@3: 1.0000 ] 
2024-03-27 13:47:58,226 - [Epoch 133 / 1000] rec_loss: 0.1408 cl_loss: 0.0000 
2024-03-27 13:47:58,546 - Epoch 133 Test set [precision@1: 0.9800 precision@2: 0.5000 precision@3: 0.3300 ] Test set [recall@1: 0.9800 recall@2: 1.0000 recall@3: 1.0000 ] Test set [f1score@1: 0.9800 f1score@2: 0.6700 f1score@3: 0.5000 ] Test set [accuracy@1: 0.9800 accuracy@2: 1.0000 accuracy@3: 1.0000 ] 
2024-03-27 13:47:59,289 - [Epoch 134 / 1000] rec_loss: 0.1030 cl_loss: 0.0000 
2024-03-27 13:47:59,613 - Epoch 134 Test set [precision@1: 0.9800 precision@2: 0.5000 precision@3: 0.3300 ] Test set [recall@1: 0.9800 recall@2: 1.0000 recall@3: 1.0000 ] Test set [f1score@1: 0.9800 f1score@2: 0.6700 f1score@3: 0.5000 ] Test set [accuracy@1: 0.9800 accuracy@2: 1.0000 accuracy@3: 1.0000 ] 
2024-03-27 13:48:00,456 - [Epoch 135 / 1000] rec_loss: 0.1679 cl_loss: 0.0000 
2024-03-27 13:48:00,818 - Epoch 135 Test set [precision@1: 0.9800 precision@2: 0.5000 precision@3: 0.3300 ] Test set [recall@1: 0.9800 recall@2: 1.0000 recall@3: 1.0000 ] Test set [f1score@1: 0.9800 f1score@2: 0.6700 f1score@3: 0.5000 ] Test set [accuracy@1: 0.9800 accuracy@2: 1.0000 accuracy@3: 1.0000 ] 
2024-03-27 13:48:01,500 - [Epoch 136 / 1000] rec_loss: 0.2035 cl_loss: 0.0000 
2024-03-27 13:48:01,809 - Epoch 136 Test set [precision@1: 0.9700 precision@2: 0.5000 precision@3: 0.3300 ] Test set [recall@1: 0.9700 recall@2: 1.0000 recall@3: 1.0000 ] Test set [f1score@1: 0.9700 f1score@2: 0.6700 f1score@3: 0.5000 ] Test set [accuracy@1: 0.9700 accuracy@2: 1.0000 accuracy@3: 1.0000 ] 
2024-03-27 13:48:02,491 - [Epoch 137 / 1000] rec_loss: 0.1429 cl_loss: 0.0000 
2024-03-27 13:48:02,883 - Epoch 137 Test set [precision@1: 0.9800 precision@2: 0.5000 precision@3: 0.3300 ] Test set [recall@1: 0.9800 recall@2: 1.0000 recall@3: 1.0000 ] Test set [f1score@1: 0.9800 f1score@2: 0.6700 f1score@3: 0.5000 ] Test set [accuracy@1: 0.9800 accuracy@2: 1.0000 accuracy@3: 1.0000 ] 
2024-03-27 13:48:03,678 - [Epoch 138 / 1000] rec_loss: 0.1392 cl_loss: 0.0000 
2024-03-27 13:48:04,040 - Epoch 138 Test set [precision@1: 0.9800 precision@2: 0.5000 precision@3: 0.3300 ] Test set [recall@1: 0.9800 recall@2: 1.0000 recall@3: 1.0000 ] Test set [f1score@1: 0.9800 f1score@2: 0.6700 f1score@3: 0.5000 ] Test set [accuracy@1: 0.9800 accuracy@2: 1.0000 accuracy@3: 1.0000 ] 
2024-03-27 13:48:04,738 - [Epoch 139 / 1000] rec_loss: 0.2701 cl_loss: 0.0000 
2024-03-27 13:48:05,116 - Epoch 139 Test set [precision@1: 0.9800 precision@2: 0.5000 precision@3: 0.3300 ] Test set [recall@1: 0.9800 recall@2: 1.0000 recall@3: 1.0000 ] Test set [f1score@1: 0.9800 f1score@2: 0.6700 f1score@3: 0.5000 ] Test set [accuracy@1: 0.9800 accuracy@2: 1.0000 accuracy@3: 1.0000 ] 
2024-03-27 13:48:05,860 - [Epoch 140 / 1000] rec_loss: 0.1889 cl_loss: 0.0000 
2024-03-27 13:48:06,177 - Epoch 140 Test set [precision@1: 0.9700 precision@2: 0.5000 precision@3: 0.3300 ] Test set [recall@1: 0.9700 recall@2: 1.0000 recall@3: 1.0000 ] Test set [f1score@1: 0.9700 f1score@2: 0.6700 f1score@3: 0.5000 ] Test set [accuracy@1: 0.9700 accuracy@2: 1.0000 accuracy@3: 1.0000 ] 
2024-03-27 13:48:06,880 - [Epoch 141 / 1000] rec_loss: 0.1371 cl_loss: 0.0000 
2024-03-27 13:48:07,204 - Epoch 141 Test set [precision@1: 0.9800 precision@2: 0.5000 precision@3: 0.3300 ] Test set [recall@1: 0.9800 recall@2: 0.9900 recall@3: 1.0000 ] Test set [f1score@1: 0.9800 f1score@2: 0.6600 f1score@3: 0.5000 ] Test set [accuracy@1: 0.9800 accuracy@2: 0.9900 accuracy@3: 1.0000 ] 
2024-03-27 13:48:07,972 - [Epoch 142 / 1000] rec_loss: 0.1541 cl_loss: 0.0000 
2024-03-27 13:48:08,294 - Epoch 142 Test set [precision@1: 0.9900 precision@2: 0.5000 precision@3: 0.3300 ] Test set [recall@1: 0.9900 recall@2: 0.9900 recall@3: 1.0000 ] Test set [f1score@1: 0.9900 f1score@2: 0.6600 f1score@3: 0.5000 ] Test set [accuracy@1: 0.9900 accuracy@2: 0.9900 accuracy@3: 1.0000 ] 
2024-03-27 13:48:09,114 - [Epoch 143 / 1000] rec_loss: 0.1503 cl_loss: 0.0000 
2024-03-27 13:48:09,449 - Epoch 143 Test set [precision@1: 0.9800 precision@2: 0.5000 precision@3: 0.3300 ] Test set [recall@1: 0.9800 recall@2: 0.9900 recall@3: 1.0000 ] Test set [f1score@1: 0.9800 f1score@2: 0.6600 f1score@3: 0.5000 ] Test set [accuracy@1: 0.9800 accuracy@2: 0.9900 accuracy@3: 1.0000 ] 
2024-03-27 13:48:10,142 - [Epoch 144 / 1000] rec_loss: 0.1213 cl_loss: 0.0000 
2024-03-27 13:48:10,501 - Epoch 144 Test set [precision@1: 0.9800 precision@2: 0.5000 precision@3: 0.3300 ] Test set [recall@1: 0.9800 recall@2: 0.9900 recall@3: 1.0000 ] Test set [f1score@1: 0.9800 f1score@2: 0.6600 f1score@3: 0.5000 ] Test set [accuracy@1: 0.9800 accuracy@2: 0.9900 accuracy@3: 1.0000 ] 
2024-03-27 13:48:11,281 - [Epoch 145 / 1000] rec_loss: 0.1487 cl_loss: 0.0000 
2024-03-27 13:48:11,630 - Epoch 145 Test set [precision@1: 0.9800 precision@2: 0.5000 precision@3: 0.3300 ] Test set [recall@1: 0.9800 recall@2: 0.9900 recall@3: 1.0000 ] Test set [f1score@1: 0.9800 f1score@2: 0.6600 f1score@3: 0.5000 ] Test set [accuracy@1: 0.9800 accuracy@2: 0.9900 accuracy@3: 1.0000 ] 
2024-03-27 13:48:12,363 - [Epoch 146 / 1000] rec_loss: 0.1668 cl_loss: 0.0000 
2024-03-27 13:48:12,682 - Epoch 146 Test set [precision@1: 0.9800 precision@2: 0.5000 precision@3: 0.3300 ] Test set [recall@1: 0.9800 recall@2: 0.9900 recall@3: 1.0000 ] Test set [f1score@1: 0.9800 f1score@2: 0.6600 f1score@3: 0.5000 ] Test set [accuracy@1: 0.9800 accuracy@2: 0.9900 accuracy@3: 1.0000 ] 
2024-03-27 13:48:13,386 - [Epoch 147 / 1000] rec_loss: 0.0780 cl_loss: 0.0000 
2024-03-27 13:48:13,749 - Epoch 147 Test set [precision@1: 0.9800 precision@2: 0.5000 precision@3: 0.3300 ] Test set [recall@1: 0.9800 recall@2: 1.0000 recall@3: 1.0000 ] Test set [f1score@1: 0.9800 f1score@2: 0.6700 f1score@3: 0.5000 ] Test set [accuracy@1: 0.9800 accuracy@2: 1.0000 accuracy@3: 1.0000 ] 
2024-03-27 13:48:14,465 - [Epoch 148 / 1000] rec_loss: 0.1207 cl_loss: 0.0000 
2024-03-27 13:48:14,778 - Epoch 148 Test set [precision@1: 0.9800 precision@2: 0.5000 precision@3: 0.3300 ] Test set [recall@1: 0.9800 recall@2: 1.0000 recall@3: 1.0000 ] Test set [f1score@1: 0.9800 f1score@2: 0.6700 f1score@3: 0.5000 ] Test set [accuracy@1: 0.9800 accuracy@2: 1.0000 accuracy@3: 1.0000 ] 
2024-03-27 13:48:15,490 - [Epoch 149 / 1000] rec_loss: 0.1482 cl_loss: 0.0000 
2024-03-27 13:48:15,805 - Epoch 149 Test set [precision@1: 0.9800 precision@2: 0.5000 precision@3: 0.3300 ] Test set [recall@1: 0.9800 recall@2: 1.0000 recall@3: 1.0000 ] Test set [f1score@1: 0.9800 f1score@2: 0.6700 f1score@3: 0.5000 ] Test set [accuracy@1: 0.9800 accuracy@2: 1.0000 accuracy@3: 1.0000 ] 
2024-03-27 13:48:16,521 - [Epoch 150 / 1000] rec_loss: 0.1037 cl_loss: 0.0000 
2024-03-27 13:48:16,905 - Epoch 150 Test set [precision@1: 0.9800 precision@2: 0.5000 precision@3: 0.3300 ] Test set [recall@1: 0.9800 recall@2: 1.0000 recall@3: 1.0000 ] Test set [f1score@1: 0.9800 f1score@2: 0.6700 f1score@3: 0.5000 ] Test set [accuracy@1: 0.9800 accuracy@2: 1.0000 accuracy@3: 1.0000 ] 
2024-03-27 13:48:17,642 - [Epoch 151 / 1000] rec_loss: 0.2341 cl_loss: 0.0000 
2024-03-27 13:48:17,954 - Epoch 151 Test set [precision@1: 0.9900 precision@2: 0.5000 precision@3: 0.3300 ] Test set [recall@1: 0.9900 recall@2: 1.0000 recall@3: 1.0000 ] Test set [f1score@1: 0.9900 f1score@2: 0.6700 f1score@3: 0.5000 ] Test set [accuracy@1: 0.9900 accuracy@2: 1.0000 accuracy@3: 1.0000 ] 
2024-03-27 13:48:18,654 - [Epoch 152 / 1000] rec_loss: 0.1156 cl_loss: 0.0000 
2024-03-27 13:48:19,040 - Epoch 152 Test set [precision@1: 0.9900 precision@2: 0.5000 precision@3: 0.3300 ] Test set [recall@1: 0.9900 recall@2: 1.0000 recall@3: 1.0000 ] Test set [f1score@1: 0.9900 f1score@2: 0.6700 f1score@3: 0.5000 ] Test set [accuracy@1: 0.9900 accuracy@2: 1.0000 accuracy@3: 1.0000 ] 
2024-03-27 13:48:19,806 - [Epoch 153 / 1000] rec_loss: 0.1768 cl_loss: 0.0000 
2024-03-27 13:48:20,115 - Epoch 153 Test set [precision@1: 0.9800 precision@2: 0.5000 precision@3: 0.3300 ] Test set [recall@1: 0.9800 recall@2: 1.0000 recall@3: 1.0000 ] Test set [f1score@1: 0.9800 f1score@2: 0.6700 f1score@3: 0.5000 ] Test set [accuracy@1: 0.9800 accuracy@2: 1.0000 accuracy@3: 1.0000 ] 
2024-03-27 13:48:20,789 - [Epoch 154 / 1000] rec_loss: 0.0767 cl_loss: 0.0000 
2024-03-27 13:48:21,140 - Epoch 154 Test set [precision@1: 0.9900 precision@2: 0.5000 precision@3: 0.3300 ] Test set [recall@1: 0.9900 recall@2: 1.0000 recall@3: 1.0000 ] Test set [f1score@1: 0.9900 f1score@2: 0.6700 f1score@3: 0.5000 ] Test set [accuracy@1: 0.9900 accuracy@2: 1.0000 accuracy@3: 1.0000 ] 
2024-03-27 13:48:21,909 - [Epoch 155 / 1000] rec_loss: 0.0976 cl_loss: 0.0000 
2024-03-27 13:48:22,253 - Epoch 155 Test set [precision@1: 0.9900 precision@2: 0.5000 precision@3: 0.3300 ] Test set [recall@1: 0.9900 recall@2: 1.0000 recall@3: 1.0000 ] Test set [f1score@1: 0.9900 f1score@2: 0.6700 f1score@3: 0.5000 ] Test set [accuracy@1: 0.9900 accuracy@2: 1.0000 accuracy@3: 1.0000 ] 
2024-03-27 13:48:22,965 - [Epoch 156 / 1000] rec_loss: 0.1565 cl_loss: 0.0000 
2024-03-27 13:48:23,358 - Epoch 156 Test set [precision@1: 0.9800 precision@2: 0.5000 precision@3: 0.3300 ] Test set [recall@1: 0.9800 recall@2: 1.0000 recall@3: 1.0000 ] Test set [f1score@1: 0.9800 f1score@2: 0.6700 f1score@3: 0.5000 ] Test set [accuracy@1: 0.9800 accuracy@2: 1.0000 accuracy@3: 1.0000 ] 
2024-03-27 13:48:24,168 - [Epoch 157 / 1000] rec_loss: 0.1199 cl_loss: 0.0000 
2024-03-27 13:48:24,501 - Epoch 157 Test set [precision@1: 0.9800 precision@2: 0.5000 precision@3: 0.3300 ] Test set [recall@1: 0.9800 recall@2: 1.0000 recall@3: 1.0000 ] Test set [f1score@1: 0.9800 f1score@2: 0.6700 f1score@3: 0.5000 ] Test set [accuracy@1: 0.9800 accuracy@2: 1.0000 accuracy@3: 1.0000 ] 
2024-03-27 13:48:25,190 - [Epoch 158 / 1000] rec_loss: 0.1096 cl_loss: 0.0000 
2024-03-27 13:48:25,511 - Epoch 158 Test set [precision@1: 0.9800 precision@2: 0.5000 precision@3: 0.3300 ] Test set [recall@1: 0.9800 recall@2: 1.0000 recall@3: 1.0000 ] Test set [f1score@1: 0.9800 f1score@2: 0.6700 f1score@3: 0.5000 ] Test set [accuracy@1: 0.9800 accuracy@2: 1.0000 accuracy@3: 1.0000 ] 
2024-03-27 13:48:26,212 - [Epoch 159 / 1000] rec_loss: 0.0914 cl_loss: 0.0000 
2024-03-27 13:48:26,527 - Epoch 159 Test set [precision@1: 0.9800 precision@2: 0.5000 precision@3: 0.3300 ] Test set [recall@1: 0.9800 recall@2: 1.0000 recall@3: 1.0000 ] Test set [f1score@1: 0.9800 f1score@2: 0.6700 f1score@3: 0.5000 ] Test set [accuracy@1: 0.9800 accuracy@2: 1.0000 accuracy@3: 1.0000 ] 
2024-03-27 13:48:27,222 - [Epoch 160 / 1000] rec_loss: 0.1310 cl_loss: 0.0000 
2024-03-27 13:48:27,537 - Epoch 160 Test set [precision@1: 0.9800 precision@2: 0.5000 precision@3: 0.3300 ] Test set [recall@1: 0.9800 recall@2: 1.0000 recall@3: 1.0000 ] Test set [f1score@1: 0.9800 f1score@2: 0.6700 f1score@3: 0.5000 ] Test set [accuracy@1: 0.9800 accuracy@2: 1.0000 accuracy@3: 1.0000 ] 
2024-03-27 13:48:28,210 - [Epoch 161 / 1000] rec_loss: 0.0737 cl_loss: 0.0000 
2024-03-27 13:48:28,520 - Epoch 161 Test set [precision@1: 0.9800 precision@2: 0.5000 precision@3: 0.3300 ] Test set [recall@1: 0.9800 recall@2: 1.0000 recall@3: 1.0000 ] Test set [f1score@1: 0.9800 f1score@2: 0.6700 f1score@3: 0.5000 ] Test set [accuracy@1: 0.9800 accuracy@2: 1.0000 accuracy@3: 1.0000 ] 
2024-03-27 13:48:29,183 - [Epoch 162 / 1000] rec_loss: 0.2073 cl_loss: 0.0000 
2024-03-27 13:48:29,483 - Epoch 162 Test set [precision@1: 0.9700 precision@2: 0.5000 precision@3: 0.3300 ] Test set [recall@1: 0.9700 recall@2: 1.0000 recall@3: 1.0000 ] Test set [f1score@1: 0.9700 f1score@2: 0.6700 f1score@3: 0.5000 ] Test set [accuracy@1: 0.9700 accuracy@2: 1.0000 accuracy@3: 1.0000 ] 
2024-03-27 13:48:30,149 - [Epoch 163 / 1000] rec_loss: 0.1238 cl_loss: 0.0000 
2024-03-27 13:48:30,454 - Epoch 163 Test set [precision@1: 0.9700 precision@2: 0.5000 precision@3: 0.3300 ] Test set [recall@1: 0.9700 recall@2: 1.0000 recall@3: 1.0000 ] Test set [f1score@1: 0.9700 f1score@2: 0.6700 f1score@3: 0.5000 ] Test set [accuracy@1: 0.9700 accuracy@2: 1.0000 accuracy@3: 1.0000 ] 
2024-03-27 13:48:31,134 - [Epoch 164 / 1000] rec_loss: 0.1041 cl_loss: 0.0000 
2024-03-27 13:48:31,453 - Epoch 164 Test set [precision@1: 0.9700 precision@2: 0.5000 precision@3: 0.3300 ] Test set [recall@1: 0.9700 recall@2: 1.0000 recall@3: 1.0000 ] Test set [f1score@1: 0.9700 f1score@2: 0.6700 f1score@3: 0.5000 ] Test set [accuracy@1: 0.9700 accuracy@2: 1.0000 accuracy@3: 1.0000 ] 
2024-03-27 13:48:32,115 - [Epoch 165 / 1000] rec_loss: 0.0970 cl_loss: 0.0000 
2024-03-27 13:48:32,427 - Epoch 165 Test set [precision@1: 0.9700 precision@2: 0.5000 precision@3: 0.3300 ] Test set [recall@1: 0.9700 recall@2: 1.0000 recall@3: 1.0000 ] Test set [f1score@1: 0.9700 f1score@2: 0.6700 f1score@3: 0.5000 ] Test set [accuracy@1: 0.9700 accuracy@2: 1.0000 accuracy@3: 1.0000 ] 
2024-03-27 13:48:33,080 - [Epoch 166 / 1000] rec_loss: 0.0701 cl_loss: 0.0000 
2024-03-27 13:48:33,377 - Epoch 166 Test set [precision@1: 0.9700 precision@2: 0.5000 precision@3: 0.3300 ] Test set [recall@1: 0.9700 recall@2: 1.0000 recall@3: 1.0000 ] Test set [f1score@1: 0.9700 f1score@2: 0.6700 f1score@3: 0.5000 ] Test set [accuracy@1: 0.9700 accuracy@2: 1.0000 accuracy@3: 1.0000 ] 
2024-03-27 13:48:34,068 - [Epoch 167 / 1000] rec_loss: 0.1895 cl_loss: 0.0000 
2024-03-27 13:48:34,367 - Epoch 167 Test set [precision@1: 0.9800 precision@2: 0.5000 precision@3: 0.3300 ] Test set [recall@1: 0.9800 recall@2: 1.0000 recall@3: 1.0000 ] Test set [f1score@1: 0.9800 f1score@2: 0.6700 f1score@3: 0.5000 ] Test set [accuracy@1: 0.9800 accuracy@2: 1.0000 accuracy@3: 1.0000 ] 
2024-03-27 13:48:35,039 - [Epoch 168 / 1000] rec_loss: 0.0422 cl_loss: 0.0000 
2024-03-27 13:48:35,340 - Epoch 168 Test set [precision@1: 0.9900 precision@2: 0.5000 precision@3: 0.3300 ] Test set [recall@1: 0.9900 recall@2: 1.0000 recall@3: 1.0000 ] Test set [f1score@1: 0.9900 f1score@2: 0.6700 f1score@3: 0.5000 ] Test set [accuracy@1: 0.9900 accuracy@2: 1.0000 accuracy@3: 1.0000 ] 
2024-03-27 13:48:35,997 - [Epoch 169 / 1000] rec_loss: 0.0660 cl_loss: 0.0000 
2024-03-27 13:48:36,308 - Epoch 169 Test set [precision@1: 1.0000 precision@2: 0.5000 precision@3: 0.3300 ] Test set [recall@1: 1.0000 recall@2: 1.0000 recall@3: 1.0000 ] Test set [f1score@1: 1.0000 f1score@2: 0.6700 f1score@3: 0.5000 ] Test set [accuracy@1: 1.0000 accuracy@2: 1.0000 accuracy@3: 1.0000 ] 
2024-03-27 13:48:36,979 - [Epoch 170 / 1000] rec_loss: 0.1370 cl_loss: 0.0000 
2024-03-27 13:48:37,287 - Epoch 170 Test set [precision@1: 1.0000 precision@2: 0.5000 precision@3: 0.3300 ] Test set [recall@1: 1.0000 recall@2: 1.0000 recall@3: 1.0000 ] Test set [f1score@1: 1.0000 f1score@2: 0.6700 f1score@3: 0.5000 ] Test set [accuracy@1: 1.0000 accuracy@2: 1.0000 accuracy@3: 1.0000 ] 
2024-03-27 13:48:37,955 - [Epoch 171 / 1000] rec_loss: 0.0726 cl_loss: 0.0000 
2024-03-27 13:48:38,262 - Epoch 171 Test set [precision@1: 0.9900 precision@2: 0.5000 precision@3: 0.3300 ] Test set [recall@1: 0.9900 recall@2: 1.0000 recall@3: 1.0000 ] Test set [f1score@1: 0.9900 f1score@2: 0.6700 f1score@3: 0.5000 ] Test set [accuracy@1: 0.9900 accuracy@2: 1.0000 accuracy@3: 1.0000 ] 
2024-03-27 13:48:38,984 - [Epoch 172 / 1000] rec_loss: 0.0697 cl_loss: 0.0000 
2024-03-27 13:48:39,307 - Epoch 172 Test set [precision@1: 0.9900 precision@2: 0.5000 precision@3: 0.3300 ] Test set [recall@1: 0.9900 recall@2: 1.0000 recall@3: 1.0000 ] Test set [f1score@1: 0.9900 f1score@2: 0.6700 f1score@3: 0.5000 ] Test set [accuracy@1: 0.9900 accuracy@2: 1.0000 accuracy@3: 1.0000 ] 
2024-03-27 13:48:39,981 - [Epoch 173 / 1000] rec_loss: 0.0507 cl_loss: 0.0000 
2024-03-27 13:48:40,329 - Epoch 173 Test set [precision@1: 0.9900 precision@2: 0.5000 precision@3: 0.3300 ] Test set [recall@1: 0.9900 recall@2: 1.0000 recall@3: 1.0000 ] Test set [f1score@1: 0.9900 f1score@2: 0.6700 f1score@3: 0.5000 ] Test set [accuracy@1: 0.9900 accuracy@2: 1.0000 accuracy@3: 1.0000 ] 
2024-03-27 13:48:41,033 - [Epoch 174 / 1000] rec_loss: 0.1098 cl_loss: 0.0000 
2024-03-27 13:48:41,347 - Epoch 174 Test set [precision@1: 0.9900 precision@2: 0.5000 precision@3: 0.3300 ] Test set [recall@1: 0.9900 recall@2: 1.0000 recall@3: 1.0000 ] Test set [f1score@1: 0.9900 f1score@2: 0.6700 f1score@3: 0.5000 ] Test set [accuracy@1: 0.9900 accuracy@2: 1.0000 accuracy@3: 1.0000 ] 
2024-03-27 13:48:42,027 - [Epoch 175 / 1000] rec_loss: 0.1565 cl_loss: 0.0000 
2024-03-27 13:48:42,339 - Epoch 175 Test set [precision@1: 0.9900 precision@2: 0.5000 precision@3: 0.3300 ] Test set [recall@1: 0.9900 recall@2: 1.0000 recall@3: 1.0000 ] Test set [f1score@1: 0.9900 f1score@2: 0.6700 f1score@3: 0.5000 ] Test set [accuracy@1: 0.9900 accuracy@2: 1.0000 accuracy@3: 1.0000 ] 
2024-03-27 13:48:43,044 - [Epoch 176 / 1000] rec_loss: 0.1301 cl_loss: 0.0000 
2024-03-27 13:48:43,378 - Epoch 176 Test set [precision@1: 0.9800 precision@2: 0.5000 precision@3: 0.3300 ] Test set [recall@1: 0.9800 recall@2: 1.0000 recall@3: 1.0000 ] Test set [f1score@1: 0.9800 f1score@2: 0.6700 f1score@3: 0.5000 ] Test set [accuracy@1: 0.9800 accuracy@2: 1.0000 accuracy@3: 1.0000 ] 
2024-03-27 13:48:44,112 - [Epoch 177 / 1000] rec_loss: 0.1143 cl_loss: 0.0000 
2024-03-27 13:48:44,441 - Epoch 177 Test set [precision@1: 0.9800 precision@2: 0.5000 precision@3: 0.3300 ] Test set [recall@1: 0.9800 recall@2: 1.0000 recall@3: 1.0000 ] Test set [f1score@1: 0.9800 f1score@2: 0.6700 f1score@3: 0.5000 ] Test set [accuracy@1: 0.9800 accuracy@2: 1.0000 accuracy@3: 1.0000 ] 
2024-03-27 13:48:45,247 - [Epoch 178 / 1000] rec_loss: 0.0948 cl_loss: 0.0000 
2024-03-27 13:48:45,564 - Epoch 178 Test set [precision@1: 0.9800 precision@2: 0.5000 precision@3: 0.3300 ] Test set [recall@1: 0.9800 recall@2: 1.0000 recall@3: 1.0000 ] Test set [f1score@1: 0.9800 f1score@2: 0.6700 f1score@3: 0.5000 ] Test set [accuracy@1: 0.9800 accuracy@2: 1.0000 accuracy@3: 1.0000 ] 
2024-03-27 13:48:46,306 - [Epoch 179 / 1000] rec_loss: 0.1070 cl_loss: 0.0000 
2024-03-27 13:48:46,620 - Epoch 179 Test set [precision@1: 0.9800 precision@2: 0.5000 precision@3: 0.3300 ] Test set [recall@1: 0.9800 recall@2: 1.0000 recall@3: 1.0000 ] Test set [f1score@1: 0.9800 f1score@2: 0.6700 f1score@3: 0.5000 ] Test set [accuracy@1: 0.9800 accuracy@2: 1.0000 accuracy@3: 1.0000 ] 
2024-03-27 13:48:47,289 - [Epoch 180 / 1000] rec_loss: 0.1284 cl_loss: 0.0000 
2024-03-27 13:48:47,600 - Epoch 180 Test set [precision@1: 0.9900 precision@2: 0.5000 precision@3: 0.3300 ] Test set [recall@1: 0.9900 recall@2: 1.0000 recall@3: 1.0000 ] Test set [f1score@1: 0.9900 f1score@2: 0.6700 f1score@3: 0.5000 ] Test set [accuracy@1: 0.9900 accuracy@2: 1.0000 accuracy@3: 1.0000 ] 
2024-03-27 13:48:48,270 - [Epoch 181 / 1000] rec_loss: 0.2070 cl_loss: 0.0000 
2024-03-27 13:48:48,579 - Epoch 181 Test set [precision@1: 0.9900 precision@2: 0.5000 precision@3: 0.3300 ] Test set [recall@1: 0.9900 recall@2: 1.0000 recall@3: 1.0000 ] Test set [f1score@1: 0.9900 f1score@2: 0.6700 f1score@3: 0.5000 ] Test set [accuracy@1: 0.9900 accuracy@2: 1.0000 accuracy@3: 1.0000 ] 
2024-03-27 13:48:49,287 - [Epoch 182 / 1000] rec_loss: 0.0721 cl_loss: 0.0000 
2024-03-27 13:48:49,609 - Epoch 182 Test set [precision@1: 1.0000 precision@2: 0.5000 precision@3: 0.3300 ] Test set [recall@1: 1.0000 recall@2: 1.0000 recall@3: 1.0000 ] Test set [f1score@1: 1.0000 f1score@2: 0.6700 f1score@3: 0.5000 ] Test set [accuracy@1: 1.0000 accuracy@2: 1.0000 accuracy@3: 1.0000 ] 
2024-03-27 13:48:50,322 - [Epoch 183 / 1000] rec_loss: 0.0757 cl_loss: 0.0000 
2024-03-27 13:48:50,660 - Epoch 183 Test set [precision@1: 1.0000 precision@2: 0.5000 precision@3: 0.3300 ] Test set [recall@1: 1.0000 recall@2: 1.0000 recall@3: 1.0000 ] Test set [f1score@1: 1.0000 f1score@2: 0.6700 f1score@3: 0.5000 ] Test set [accuracy@1: 1.0000 accuracy@2: 1.0000 accuracy@3: 1.0000 ] 
2024-03-27 13:48:51,377 - [Epoch 184 / 1000] rec_loss: 0.1636 cl_loss: 0.0000 
2024-03-27 13:48:51,712 - Epoch 184 Test set [precision@1: 1.0000 precision@2: 0.5000 precision@3: 0.3300 ] Test set [recall@1: 1.0000 recall@2: 1.0000 recall@3: 1.0000 ] Test set [f1score@1: 1.0000 f1score@2: 0.6700 f1score@3: 0.5000 ] Test set [accuracy@1: 1.0000 accuracy@2: 1.0000 accuracy@3: 1.0000 ] 
2024-03-27 13:48:52,384 - [Epoch 185 / 1000] rec_loss: 0.1013 cl_loss: 0.0000 
2024-03-27 13:48:52,697 - Epoch 185 Test set [precision@1: 1.0000 precision@2: 0.5000 precision@3: 0.3300 ] Test set [recall@1: 1.0000 recall@2: 1.0000 recall@3: 1.0000 ] Test set [f1score@1: 1.0000 f1score@2: 0.6700 f1score@3: 0.5000 ] Test set [accuracy@1: 1.0000 accuracy@2: 1.0000 accuracy@3: 1.0000 ] 
2024-03-27 13:48:53,421 - [Epoch 186 / 1000] rec_loss: 0.1172 cl_loss: 0.0000 
2024-03-27 13:48:53,732 - Epoch 186 Test set [precision@1: 1.0000 precision@2: 0.5000 precision@3: 0.3300 ] Test set [recall@1: 1.0000 recall@2: 1.0000 recall@3: 1.0000 ] Test set [f1score@1: 1.0000 f1score@2: 0.6700 f1score@3: 0.5000 ] Test set [accuracy@1: 1.0000 accuracy@2: 1.0000 accuracy@3: 1.0000 ] 
2024-03-27 13:48:54,458 - [Epoch 187 / 1000] rec_loss: 0.0493 cl_loss: 0.0000 
2024-03-27 13:48:54,769 - Epoch 187 Test set [precision@1: 1.0000 precision@2: 0.5000 precision@3: 0.3300 ] Test set [recall@1: 1.0000 recall@2: 1.0000 recall@3: 1.0000 ] Test set [f1score@1: 1.0000 f1score@2: 0.6700 f1score@3: 0.5000 ] Test set [accuracy@1: 1.0000 accuracy@2: 1.0000 accuracy@3: 1.0000 ] 
2024-03-27 13:48:55,453 - [Epoch 188 / 1000] rec_loss: 0.0616 cl_loss: 0.0000 
2024-03-27 13:48:55,776 - Epoch 188 Test set [precision@1: 1.0000 precision@2: 0.5000 precision@3: 0.3300 ] Test set [recall@1: 1.0000 recall@2: 1.0000 recall@3: 1.0000 ] Test set [f1score@1: 1.0000 f1score@2: 0.6700 f1score@3: 0.5000 ] Test set [accuracy@1: 1.0000 accuracy@2: 1.0000 accuracy@3: 1.0000 ] 
2024-03-27 13:48:56,501 - [Epoch 189 / 1000] rec_loss: 0.1226 cl_loss: 0.0000 
2024-03-27 13:48:56,814 - Epoch 189 Test set [precision@1: 1.0000 precision@2: 0.5000 precision@3: 0.3300 ] Test set [recall@1: 1.0000 recall@2: 1.0000 recall@3: 1.0000 ] Test set [f1score@1: 1.0000 f1score@2: 0.6700 f1score@3: 0.5000 ] Test set [accuracy@1: 1.0000 accuracy@2: 1.0000 accuracy@3: 1.0000 ] 
2024-03-27 13:48:57,540 - [Epoch 190 / 1000] rec_loss: 0.0736 cl_loss: 0.0000 
2024-03-27 13:48:57,852 - Epoch 190 Test set [precision@1: 1.0000 precision@2: 0.5000 precision@3: 0.3300 ] Test set [recall@1: 1.0000 recall@2: 1.0000 recall@3: 1.0000 ] Test set [f1score@1: 1.0000 f1score@2: 0.6700 f1score@3: 0.5000 ] Test set [accuracy@1: 1.0000 accuracy@2: 1.0000 accuracy@3: 1.0000 ] 
2024-03-27 13:48:58,609 - [Epoch 191 / 1000] rec_loss: 0.0839 cl_loss: 0.0000 
2024-03-27 13:48:58,931 - Epoch 191 Test set [precision@1: 1.0000 precision@2: 0.5000 precision@3: 0.3300 ] Test set [recall@1: 1.0000 recall@2: 1.0000 recall@3: 1.0000 ] Test set [f1score@1: 1.0000 f1score@2: 0.6700 f1score@3: 0.5000 ] Test set [accuracy@1: 1.0000 accuracy@2: 1.0000 accuracy@3: 1.0000 ] 
2024-03-27 13:48:59,596 - [Epoch 192 / 1000] rec_loss: 0.0855 cl_loss: 0.0000 
2024-03-27 13:48:59,906 - Epoch 192 Test set [precision@1: 0.9900 precision@2: 0.5000 precision@3: 0.3300 ] Test set [recall@1: 0.9900 recall@2: 1.0000 recall@3: 1.0000 ] Test set [f1score@1: 0.9900 f1score@2: 0.6700 f1score@3: 0.5000 ] Test set [accuracy@1: 0.9900 accuracy@2: 1.0000 accuracy@3: 1.0000 ] 
2024-03-27 13:49:00,616 - [Epoch 193 / 1000] rec_loss: 0.1533 cl_loss: 0.0000 
2024-03-27 13:49:00,936 - Epoch 193 Test set [precision@1: 0.9900 precision@2: 0.5000 precision@3: 0.3300 ] Test set [recall@1: 0.9900 recall@2: 1.0000 recall@3: 1.0000 ] Test set [f1score@1: 0.9900 f1score@2: 0.6700 f1score@3: 0.5000 ] Test set [accuracy@1: 0.9900 accuracy@2: 1.0000 accuracy@3: 1.0000 ] 
2024-03-27 13:49:01,631 - [Epoch 194 / 1000] rec_loss: 0.1483 cl_loss: 0.0000 
2024-03-27 13:49:01,934 - Epoch 194 Test set [precision@1: 0.9900 precision@2: 0.5000 precision@3: 0.3300 ] Test set [recall@1: 0.9900 recall@2: 1.0000 recall@3: 1.0000 ] Test set [f1score@1: 0.9900 f1score@2: 0.6700 f1score@3: 0.5000 ] Test set [accuracy@1: 0.9900 accuracy@2: 1.0000 accuracy@3: 1.0000 ] 
2024-03-27 13:49:02,600 - [Epoch 195 / 1000] rec_loss: 0.0728 cl_loss: 0.0000 
2024-03-27 13:49:02,905 - Epoch 195 Test set [precision@1: 0.9900 precision@2: 0.5000 precision@3: 0.3300 ] Test set [recall@1: 0.9900 recall@2: 1.0000 recall@3: 1.0000 ] Test set [f1score@1: 0.9900 f1score@2: 0.6700 f1score@3: 0.5000 ] Test set [accuracy@1: 0.9900 accuracy@2: 1.0000 accuracy@3: 1.0000 ] 
2024-03-27 13:49:03,555 - [Epoch 196 / 1000] rec_loss: 0.0375 cl_loss: 0.0000 
2024-03-27 13:49:03,872 - Epoch 196 Test set [precision@1: 0.9900 precision@2: 0.5000 precision@3: 0.3300 ] Test set [recall@1: 0.9900 recall@2: 1.0000 recall@3: 1.0000 ] Test set [f1score@1: 0.9900 f1score@2: 0.6700 f1score@3: 0.5000 ] Test set [accuracy@1: 0.9900 accuracy@2: 1.0000 accuracy@3: 1.0000 ] 
2024-03-27 13:49:04,559 - [Epoch 197 / 1000] rec_loss: 0.1100 cl_loss: 0.0000 
2024-03-27 13:49:04,868 - Epoch 197 Test set [precision@1: 1.0000 precision@2: 0.5000 precision@3: 0.3300 ] Test set [recall@1: 1.0000 recall@2: 1.0000 recall@3: 1.0000 ] Test set [f1score@1: 1.0000 f1score@2: 0.6700 f1score@3: 0.5000 ] Test set [accuracy@1: 1.0000 accuracy@2: 1.0000 accuracy@3: 1.0000 ] 
2024-03-27 13:49:05,518 - [Epoch 198 / 1000] rec_loss: 0.0722 cl_loss: 0.0000 
2024-03-27 13:49:05,824 - Epoch 198 Test set [precision@1: 1.0000 precision@2: 0.5000 precision@3: 0.3300 ] Test set [recall@1: 1.0000 recall@2: 1.0000 recall@3: 1.0000 ] Test set [f1score@1: 1.0000 f1score@2: 0.6700 f1score@3: 0.5000 ] Test set [accuracy@1: 1.0000 accuracy@2: 1.0000 accuracy@3: 1.0000 ] 
2024-03-27 13:49:06,493 - [Epoch 199 / 1000] rec_loss: 0.0866 cl_loss: 0.0000 
2024-03-27 13:49:06,808 - Epoch 199 Test set [precision@1: 0.9900 precision@2: 0.5000 precision@3: 0.3300 ] Test set [recall@1: 0.9900 recall@2: 1.0000 recall@3: 1.0000 ] Test set [f1score@1: 0.9900 f1score@2: 0.6700 f1score@3: 0.5000 ] Test set [accuracy@1: 0.9900 accuracy@2: 1.0000 accuracy@3: 1.0000 ] 
2024-03-27 13:49:07,474 - [Epoch 200 / 1000] rec_loss: 0.0805 cl_loss: 0.0000 
2024-03-27 13:49:07,783 - Epoch 200 Test set [precision@1: 0.9900 precision@2: 0.5000 precision@3: 0.3300 ] Test set [recall@1: 0.9900 recall@2: 1.0000 recall@3: 1.0000 ] Test set [f1score@1: 0.9900 f1score@2: 0.6700 f1score@3: 0.5000 ] Test set [accuracy@1: 0.9900 accuracy@2: 1.0000 accuracy@3: 1.0000 ] 
2024-03-27 13:49:08,450 - [Epoch 201 / 1000] rec_loss: 0.1197 cl_loss: 0.0000 
2024-03-27 13:49:08,759 - Epoch 201 Test set [precision@1: 0.9900 precision@2: 0.5000 precision@3: 0.3300 ] Test set [recall@1: 0.9900 recall@2: 1.0000 recall@3: 1.0000 ] Test set [f1score@1: 0.9900 f1score@2: 0.6700 f1score@3: 0.5000 ] Test set [accuracy@1: 0.9900 accuracy@2: 1.0000 accuracy@3: 1.0000 ] 
2024-03-27 13:49:09,425 - [Epoch 202 / 1000] rec_loss: 0.0763 cl_loss: 0.0000 
2024-03-27 13:49:09,737 - Epoch 202 Test set [precision@1: 0.9900 precision@2: 0.5000 precision@3: 0.3300 ] Test set [recall@1: 0.9900 recall@2: 1.0000 recall@3: 1.0000 ] Test set [f1score@1: 0.9900 f1score@2: 0.6700 f1score@3: 0.5000 ] Test set [accuracy@1: 0.9900 accuracy@2: 1.0000 accuracy@3: 1.0000 ] 
2024-03-27 13:49:10,404 - [Epoch 203 / 1000] rec_loss: 0.0723 cl_loss: 0.0000 
2024-03-27 13:49:10,714 - Epoch 203 Test set [precision@1: 0.9900 precision@2: 0.5000 precision@3: 0.3300 ] Test set [recall@1: 0.9900 recall@2: 1.0000 recall@3: 1.0000 ] Test set [f1score@1: 0.9900 f1score@2: 0.6700 f1score@3: 0.5000 ] Test set [accuracy@1: 0.9900 accuracy@2: 1.0000 accuracy@3: 1.0000 ] 
2024-03-27 13:49:11,390 - [Epoch 204 / 1000] rec_loss: 0.0725 cl_loss: 0.0000 
2024-03-27 13:49:11,702 - Epoch 204 Test set [precision@1: 0.9900 precision@2: 0.5000 precision@3: 0.3300 ] Test set [recall@1: 0.9900 recall@2: 1.0000 recall@3: 1.0000 ] Test set [f1score@1: 0.9900 f1score@2: 0.6700 f1score@3: 0.5000 ] Test set [accuracy@1: 0.9900 accuracy@2: 1.0000 accuracy@3: 1.0000 ] 
2024-03-27 13:49:12,363 - [Epoch 205 / 1000] rec_loss: 0.0470 cl_loss: 0.0000 
2024-03-27 13:49:12,664 - Epoch 205 Test set [precision@1: 0.9900 precision@2: 0.5000 precision@3: 0.3300 ] Test set [recall@1: 0.9900 recall@2: 1.0000 recall@3: 1.0000 ] Test set [f1score@1: 0.9900 f1score@2: 0.6700 f1score@3: 0.5000 ] Test set [accuracy@1: 0.9900 accuracy@2: 1.0000 accuracy@3: 1.0000 ] 
2024-03-27 13:49:13,324 - [Epoch 206 / 1000] rec_loss: 0.1178 cl_loss: 0.0000 
2024-03-27 13:49:13,626 - Epoch 206 Test set [precision@1: 0.9900 precision@2: 0.5000 precision@3: 0.3300 ] Test set [recall@1: 0.9900 recall@2: 1.0000 recall@3: 1.0000 ] Test set [f1score@1: 0.9900 f1score@2: 0.6700 f1score@3: 0.5000 ] Test set [accuracy@1: 0.9900 accuracy@2: 1.0000 accuracy@3: 1.0000 ] 
2024-03-27 13:49:14,282 - [Epoch 207 / 1000] rec_loss: 0.0886 cl_loss: 0.0000 
2024-03-27 13:49:14,584 - Epoch 207 Test set [precision@1: 0.9900 precision@2: 0.5000 precision@3: 0.3300 ] Test set [recall@1: 0.9900 recall@2: 1.0000 recall@3: 1.0000 ] Test set [f1score@1: 0.9900 f1score@2: 0.6700 f1score@3: 0.5000 ] Test set [accuracy@1: 0.9900 accuracy@2: 1.0000 accuracy@3: 1.0000 ] 
2024-03-27 13:49:15,252 - [Epoch 208 / 1000] rec_loss: 0.0845 cl_loss: 0.0000 
2024-03-27 13:49:15,559 - Epoch 208 Test set [precision@1: 1.0000 precision@2: 0.5000 precision@3: 0.3300 ] Test set [recall@1: 1.0000 recall@2: 1.0000 recall@3: 1.0000 ] Test set [f1score@1: 1.0000 f1score@2: 0.6700 f1score@3: 0.5000 ] Test set [accuracy@1: 1.0000 accuracy@2: 1.0000 accuracy@3: 1.0000 ] 
2024-03-27 13:49:16,215 - [Epoch 209 / 1000] rec_loss: 0.0599 cl_loss: 0.0000 
2024-03-27 13:49:16,553 - Epoch 209 Test set [precision@1: 1.0000 precision@2: 0.5000 precision@3: 0.3300 ] Test set [recall@1: 1.0000 recall@2: 1.0000 recall@3: 1.0000 ] Test set [f1score@1: 1.0000 f1score@2: 0.6700 f1score@3: 0.5000 ] Test set [accuracy@1: 1.0000 accuracy@2: 1.0000 accuracy@3: 1.0000 ] 
2024-03-27 13:49:17,205 - [Epoch 210 / 1000] rec_loss: 0.0644 cl_loss: 0.0000 
2024-03-27 13:49:17,506 - Epoch 210 Test set [precision@1: 1.0000 precision@2: 0.5000 precision@3: 0.3300 ] Test set [recall@1: 1.0000 recall@2: 1.0000 recall@3: 1.0000 ] Test set [f1score@1: 1.0000 f1score@2: 0.6700 f1score@3: 0.5000 ] Test set [accuracy@1: 1.0000 accuracy@2: 1.0000 accuracy@3: 1.0000 ] 
2024-03-27 13:49:18,167 - [Epoch 211 / 1000] rec_loss: 0.0878 cl_loss: 0.0000 
2024-03-27 13:49:18,468 - Epoch 211 Test set [precision@1: 1.0000 precision@2: 0.5000 precision@3: 0.3300 ] Test set [recall@1: 1.0000 recall@2: 1.0000 recall@3: 1.0000 ] Test set [f1score@1: 1.0000 f1score@2: 0.6700 f1score@3: 0.5000 ] Test set [accuracy@1: 1.0000 accuracy@2: 1.0000 accuracy@3: 1.0000 ] 
2024-03-27 13:49:19,132 - [Epoch 212 / 1000] rec_loss: 0.0739 cl_loss: 0.0000 
2024-03-27 13:49:19,441 - Epoch 212 Test set [precision@1: 1.0000 precision@2: 0.5000 precision@3: 0.3300 ] Test set [recall@1: 1.0000 recall@2: 1.0000 recall@3: 1.0000 ] Test set [f1score@1: 1.0000 f1score@2: 0.6700 f1score@3: 0.5000 ] Test set [accuracy@1: 1.0000 accuracy@2: 1.0000 accuracy@3: 1.0000 ] 
2024-03-27 13:49:20,110 - [Epoch 213 / 1000] rec_loss: 0.0554 cl_loss: 0.0000 
2024-03-27 13:49:20,418 - Epoch 213 Test set [precision@1: 1.0000 precision@2: 0.5000 precision@3: 0.3300 ] Test set [recall@1: 1.0000 recall@2: 1.0000 recall@3: 1.0000 ] Test set [f1score@1: 1.0000 f1score@2: 0.6700 f1score@3: 0.5000 ] Test set [accuracy@1: 1.0000 accuracy@2: 1.0000 accuracy@3: 1.0000 ] 
2024-03-27 13:49:21,087 - [Epoch 214 / 1000] rec_loss: 0.0838 cl_loss: 0.0000 
2024-03-27 13:49:21,396 - Epoch 214 Test set [precision@1: 1.0000 precision@2: 0.5000 precision@3: 0.3300 ] Test set [recall@1: 1.0000 recall@2: 1.0000 recall@3: 1.0000 ] Test set [f1score@1: 1.0000 f1score@2: 0.6700 f1score@3: 0.5000 ] Test set [accuracy@1: 1.0000 accuracy@2: 1.0000 accuracy@3: 1.0000 ] 
2024-03-27 13:49:22,078 - [Epoch 215 / 1000] rec_loss: 0.0475 cl_loss: 0.0000 
2024-03-27 13:49:22,402 - Epoch 215 Test set [precision@1: 1.0000 precision@2: 0.5000 precision@3: 0.3300 ] Test set [recall@1: 1.0000 recall@2: 1.0000 recall@3: 1.0000 ] Test set [f1score@1: 1.0000 f1score@2: 0.6700 f1score@3: 0.5000 ] Test set [accuracy@1: 1.0000 accuracy@2: 1.0000 accuracy@3: 1.0000 ] 
2024-03-27 13:49:23,113 - [Epoch 216 / 1000] rec_loss: 0.0961 cl_loss: 0.0000 
2024-03-27 13:49:23,430 - Epoch 216 Test set [precision@1: 0.9900 precision@2: 0.5000 precision@3: 0.3300 ] Test set [recall@1: 0.9900 recall@2: 1.0000 recall@3: 1.0000 ] Test set [f1score@1: 0.9900 f1score@2: 0.6700 f1score@3: 0.5000 ] Test set [accuracy@1: 0.9900 accuracy@2: 1.0000 accuracy@3: 1.0000 ] 
2024-03-27 13:49:24,096 - [Epoch 217 / 1000] rec_loss: 0.0243 cl_loss: 0.0000 
2024-03-27 13:49:24,406 - Epoch 217 Test set [precision@1: 0.9900 precision@2: 0.5000 precision@3: 0.3300 ] Test set [recall@1: 0.9900 recall@2: 1.0000 recall@3: 1.0000 ] Test set [f1score@1: 0.9900 f1score@2: 0.6700 f1score@3: 0.5000 ] Test set [accuracy@1: 0.9900 accuracy@2: 1.0000 accuracy@3: 1.0000 ] 
2024-03-27 13:49:25,090 - [Epoch 218 / 1000] rec_loss: 0.0476 cl_loss: 0.0000 
2024-03-27 13:49:25,408 - Epoch 218 Test set [precision@1: 0.9900 precision@2: 0.5000 precision@3: 0.3300 ] Test set [recall@1: 0.9900 recall@2: 1.0000 recall@3: 1.0000 ] Test set [f1score@1: 0.9900 f1score@2: 0.6700 f1score@3: 0.5000 ] Test set [accuracy@1: 0.9900 accuracy@2: 1.0000 accuracy@3: 1.0000 ] 
2024-03-27 13:49:26,133 - [Epoch 219 / 1000] rec_loss: 0.0310 cl_loss: 0.0000 
2024-03-27 13:49:26,462 - Epoch 219 Test set [precision@1: 0.9900 precision@2: 0.5000 precision@3: 0.3300 ] Test set [recall@1: 0.9900 recall@2: 1.0000 recall@3: 1.0000 ] Test set [f1score@1: 0.9900 f1score@2: 0.6700 f1score@3: 0.5000 ] Test set [accuracy@1: 0.9900 accuracy@2: 1.0000 accuracy@3: 1.0000 ] 
