2024-03-26 15:15:12,865 - {'optimizer': {'name': 'adam', 'lr': 0.001, 'final_lr': 1e-06, 'weight_decay': 0}, 'train': {'model_test_run': True, 'weighted_loss_fn': True, 'epoch': 1000, 'batch_size': 64, 'save_model': True, 'log_loss': True, 'test_step': 1, 'reproducible': True, 'seed': 2023, 'tensorboard': True, 'conf_mat': True, 'ssl': False, 'gradient_accumulation': False, 'accumulation_steps': 4, 'early_stop': False, 'parameter_class_weights_path': './datasets/sequential/aug/parameters/param.pkl', 'parameter_label_mapping_path': './datasets/sequential/aug/parameters/label_mapping.pkl'}, 'test': {'metrics': ['precision', 'recall', 'f1score', 'accuracy'], 'k': [1, 2, 3], 'batch_size': 64, 'train_eval': False, 'save_path': '2024-03-26_15-15'}, 'data': {'type': 'sequential', 'name': 'aug', 'seq_aug': False, 'dynamic_context_window_length': 100, 'user_num': 100, 'item_num': 28, 'max_context_length': 100, 'dynamic_context_feat_num': 14, 'static_context_feat_num': 7, 'static_context_max': [6, 12, 6, 23, 1, 1, 1]}, 'model': {'name': 'cl4srec', 'context_encoder': 'lstm', 'interaction_encoder': 'sasrec', 'dropout_rate': 0.1, 'n_layers': 2, 'embedding_size': 16, 'n_heads': 2, 'max_seq_len': 10, 'lmd': 0.1, 'tau': 1, 'encoder_combine': 'concat'}, 'lstm': {'hidden_size': 64, 'num_layers': 2}, 'tune': {'enable': False, 'hyperparameters': ['dropout_rate', 'lmd', 'tau'], 'dropout_rate': [0.1, 0.2, 0.3], 'lmd': [0.05, 0.1, 0.2], 'tau': [0.5, 0.7, 0.9]}, 'device': 'cpu'}
2024-03-26 15:15:13,997 - [Epoch   0 / 1000] rec_loss: 3.2320 cl_loss: 0.0000 
2024-03-26 15:15:14,407 - Epoch   0 Test set [precision@1: 0.3000 precision@2: 0.2300 precision@3: 0.1700 ] Test set [recall@1: 0.3000 recall@2: 0.4700 recall@3: 0.5100 ] Test set [f1score@1: 0.3000 f1score@2: 0.3100 f1score@3: 0.2500 ] Test set [accuracy@1: 0.3000 accuracy@2: 0.4700 accuracy@3: 0.5100 ] 
2024-03-26 15:15:15,110 - [Epoch   1 / 1000] rec_loss: 3.0714 cl_loss: 0.0000 
2024-03-26 15:15:15,397 - Epoch   1 Test set [precision@1: 0.3900 precision@2: 0.2500 precision@3: 0.1800 ] Test set [recall@1: 0.3900 recall@2: 0.5000 recall@3: 0.5300 ] Test set [f1score@1: 0.3900 f1score@2: 0.3300 f1score@3: 0.2600 ] Test set [accuracy@1: 0.3900 accuracy@2: 0.5000 accuracy@3: 0.5300 ] 
2024-03-26 15:15:16,020 - [Epoch   2 / 1000] rec_loss: 2.7866 cl_loss: 0.0000 
2024-03-26 15:15:16,305 - Epoch   2 Test set [precision@1: 0.3900 precision@2: 0.2500 precision@3: 0.2100 ] Test set [recall@1: 0.3900 recall@2: 0.5000 recall@3: 0.6400 ] Test set [f1score@1: 0.3900 f1score@2: 0.3300 f1score@3: 0.3200 ] Test set [accuracy@1: 0.3900 accuracy@2: 0.5000 accuracy@3: 0.6400 ] 
2024-03-26 15:15:16,925 - [Epoch   3 / 1000] rec_loss: 2.5741 cl_loss: 0.0000 
2024-03-26 15:15:17,210 - Epoch   3 Test set [precision@1: 0.3900 precision@2: 0.2500 precision@3: 0.2100 ] Test set [recall@1: 0.3900 recall@2: 0.5000 recall@3: 0.6400 ] Test set [f1score@1: 0.3900 f1score@2: 0.3300 f1score@3: 0.3200 ] Test set [accuracy@1: 0.3900 accuracy@2: 0.5000 accuracy@3: 0.6400 ] 
2024-03-26 15:15:17,831 - [Epoch   4 / 1000] rec_loss: 2.2500 cl_loss: 0.0000 
2024-03-26 15:15:18,118 - Epoch   4 Test set [precision@1: 0.3900 precision@2: 0.2500 precision@3: 0.2100 ] Test set [recall@1: 0.3900 recall@2: 0.5000 recall@3: 0.6400 ] Test set [f1score@1: 0.3900 f1score@2: 0.3300 f1score@3: 0.3200 ] Test set [accuracy@1: 0.3900 accuracy@2: 0.5000 accuracy@3: 0.6400 ] 
2024-03-26 15:15:18,738 - [Epoch   5 / 1000] rec_loss: 2.3808 cl_loss: 0.0000 
2024-03-26 15:15:19,025 - Epoch   5 Test set [precision@1: 0.3900 precision@2: 0.2600 precision@3: 0.2100 ] Test set [recall@1: 0.3900 recall@2: 0.5300 recall@3: 0.6400 ] Test set [f1score@1: 0.3900 f1score@2: 0.3500 f1score@3: 0.3200 ] Test set [accuracy@1: 0.3900 accuracy@2: 0.5300 accuracy@3: 0.6400 ] 
2024-03-26 15:15:19,651 - [Epoch   6 / 1000] rec_loss: 2.1894 cl_loss: 0.0000 
2024-03-26 15:15:19,937 - Epoch   6 Test set [precision@1: 0.3900 precision@2: 0.2600 precision@3: 0.2100 ] Test set [recall@1: 0.3900 recall@2: 0.5300 recall@3: 0.6400 ] Test set [f1score@1: 0.3900 f1score@2: 0.3500 f1score@3: 0.3200 ] Test set [accuracy@1: 0.3900 accuracy@2: 0.5300 accuracy@3: 0.6400 ] 
2024-03-26 15:15:20,552 - [Epoch   7 / 1000] rec_loss: 2.1402 cl_loss: 0.0000 
2024-03-26 15:15:20,839 - Epoch   7 Test set [precision@1: 0.3900 precision@2: 0.2600 precision@3: 0.2100 ] Test set [recall@1: 0.3900 recall@2: 0.5300 recall@3: 0.6400 ] Test set [f1score@1: 0.3900 f1score@2: 0.3500 f1score@3: 0.3200 ] Test set [accuracy@1: 0.3900 accuracy@2: 0.5300 accuracy@3: 0.6400 ] 
2024-03-26 15:15:21,509 - [Epoch   8 / 1000] rec_loss: 2.0946 cl_loss: 0.0000 
2024-03-26 15:15:21,814 - Epoch   8 Test set [precision@1: 0.3900 precision@2: 0.2600 precision@3: 0.2200 ] Test set [recall@1: 0.3900 recall@2: 0.5300 recall@3: 0.6600 ] Test set [f1score@1: 0.3900 f1score@2: 0.3500 f1score@3: 0.3300 ] Test set [accuracy@1: 0.3900 accuracy@2: 0.5300 accuracy@3: 0.6600 ] 
2024-03-26 15:15:22,437 - [Epoch   9 / 1000] rec_loss: 2.0547 cl_loss: 0.0000 
2024-03-26 15:15:22,725 - Epoch   9 Test set [precision@1: 0.3900 precision@2: 0.2600 precision@3: 0.2200 ] Test set [recall@1: 0.3900 recall@2: 0.5300 recall@3: 0.6600 ] Test set [f1score@1: 0.3900 f1score@2: 0.3500 f1score@3: 0.3300 ] Test set [accuracy@1: 0.3900 accuracy@2: 0.5300 accuracy@3: 0.6600 ] 
2024-03-26 15:15:23,348 - [Epoch  10 / 1000] rec_loss: 2.0054 cl_loss: 0.0000 
2024-03-26 15:15:23,637 - Epoch  10 Test set [precision@1: 0.3900 precision@2: 0.2600 precision@3: 0.2200 ] Test set [recall@1: 0.3900 recall@2: 0.5300 recall@3: 0.6500 ] Test set [f1score@1: 0.3900 f1score@2: 0.3500 f1score@3: 0.3200 ] Test set [accuracy@1: 0.3900 accuracy@2: 0.5300 accuracy@3: 0.6500 ] 
