2024-03-27 13:41:53,787 - {'optimizer': {'name': 'adam', 'lr': 0.001, 'final_lr': 1e-06, 'weight_decay': 0}, 'train': {'model_test_run': True, 'weighted_loss_fn': True, 'epoch': 1000, 'batch_size': 64, 'save_model': True, 'log_loss': True, 'test_step': 1, 'reproducible': True, 'seed': 2023, 'tensorboard': True, 'conf_mat': True, 'ssl': False, 'gradient_accumulation': False, 'accumulation_steps': 4, 'early_stop': False, 'parameter_class_weights_path': './datasets/sequential/aug/parameters/param.pkl', 'parameter_label_mapping_path': './datasets/sequential/aug/parameters/label_mapping.pkl'}, 'test': {'metrics': ['precision', 'recall', 'f1score', 'accuracy'], 'k': [1, 2, 3], 'batch_size': 64, 'train_eval': False, 'save_path': '2024-03-27_13-41'}, 'data': {'type': 'sequential', 'name': 'aug', 'seq_aug': False, 'dynamic_context_window_length': 100, 'user_num': 100, 'item_num': 28, 'max_context_length': 100, 'dynamic_context_feat_num': 14, 'static_context_feat_num': 6, 'static_context_max': [12, 6, 23, 1, 1, 1]}, 'model': {'name': 'cl4srec', 'context_encoder': 'tempcnn', 'interaction_encoder': 'sasrec', 'dropout_rate': 0.1, 'n_layers': 2, 'embedding_size': 16, 'n_heads': 2, 'max_seq_len': 10, 'lmd': 0.1, 'tau': 1, 'encoder_combine': 'concat'}, 'lstm': {'hidden_size': 64, 'num_layers': 2}, 'tune': {'enable': False, 'hyperparameters': ['dropout_rate', 'lmd', 'tau'], 'dropout_rate': [0.1, 0.2, 0.3], 'lmd': [0.05, 0.1, 0.2], 'tau': [0.5, 0.7, 0.9]}, 'device': 'cpu'}
2024-03-27 13:41:54,812 - [Epoch   0 / 1000] rec_loss: 3.3589 cl_loss: 0.0000 
2024-03-27 13:41:55,105 - Epoch   0 Test set [precision@1: 0.1100 precision@2: 0.1700 precision@3: 0.1800 ] Test set [recall@1: 0.1100 recall@2: 0.3300 recall@3: 0.5300 ] Test set [f1score@1: 0.1100 f1score@2: 0.2200 f1score@3: 0.2600 ] Test set [accuracy@1: 0.1100 accuracy@2: 0.3300 accuracy@3: 0.5300 ] 
2024-03-27 13:41:55,730 - [Epoch   1 / 1000] rec_loss: 3.2957 cl_loss: 0.0000 
2024-03-27 13:41:56,017 - Epoch   1 Test set [precision@1: 0.1100 precision@2: 0.2500 precision@3: 0.2000 ] Test set [recall@1: 0.1100 recall@2: 0.5000 recall@3: 0.6100 ] Test set [f1score@1: 0.1100 f1score@2: 0.3300 f1score@3: 0.3100 ] Test set [accuracy@1: 0.1100 accuracy@2: 0.5000 accuracy@3: 0.6100 ] 
2024-03-27 13:41:56,648 - [Epoch   2 / 1000] rec_loss: 3.0813 cl_loss: 0.0000 
2024-03-27 13:41:56,938 - Epoch   2 Test set [precision@1: 0.2100 precision@2: 0.2500 precision@3: 0.2000 ] Test set [recall@1: 0.2100 recall@2: 0.5000 recall@3: 0.6100 ] Test set [f1score@1: 0.2100 f1score@2: 0.3300 f1score@3: 0.3100 ] Test set [accuracy@1: 0.2100 accuracy@2: 0.5000 accuracy@3: 0.6100 ] 
2024-03-27 13:41:57,560 - [Epoch   3 / 1000] rec_loss: 2.7014 cl_loss: 0.0000 
2024-03-27 13:41:57,850 - Epoch   3 Test set [precision@1: 0.3900 precision@2: 0.2500 precision@3: 0.2000 ] Test set [recall@1: 0.3900 recall@2: 0.5000 recall@3: 0.6100 ] Test set [f1score@1: 0.3900 f1score@2: 0.3300 f1score@3: 0.3100 ] Test set [accuracy@1: 0.3900 accuracy@2: 0.5000 accuracy@3: 0.6100 ] 
2024-03-27 13:41:58,475 - [Epoch   4 / 1000] rec_loss: 2.5650 cl_loss: 0.0000 
2024-03-27 13:41:58,763 - Epoch   4 Test set [precision@1: 0.3900 precision@2: 0.2500 precision@3: 0.2000 ] Test set [recall@1: 0.3900 recall@2: 0.5000 recall@3: 0.6100 ] Test set [f1score@1: 0.3900 f1score@2: 0.3300 f1score@3: 0.3100 ] Test set [accuracy@1: 0.3900 accuracy@2: 0.5000 accuracy@3: 0.6100 ] 
2024-03-27 13:41:59,385 - [Epoch   5 / 1000] rec_loss: 2.4239 cl_loss: 0.0000 
2024-03-27 13:41:59,674 - Epoch   5 Test set [precision@1: 0.3900 precision@2: 0.2500 precision@3: 0.2000 ] Test set [recall@1: 0.3900 recall@2: 0.5000 recall@3: 0.5900 ] Test set [f1score@1: 0.3900 f1score@2: 0.3300 f1score@3: 0.2900 ] Test set [accuracy@1: 0.3900 accuracy@2: 0.5000 accuracy@3: 0.5900 ] 
2024-03-27 13:42:00,304 - [Epoch   6 / 1000] rec_loss: 2.1759 cl_loss: 0.0000 
2024-03-27 13:42:00,591 - Epoch   6 Test set [precision@1: 0.3900 precision@2: 0.2500 precision@3: 0.2100 ] Test set [recall@1: 0.3900 recall@2: 0.5000 recall@3: 0.6300 ] Test set [f1score@1: 0.3900 f1score@2: 0.3300 f1score@3: 0.3100 ] Test set [accuracy@1: 0.3900 accuracy@2: 0.5000 accuracy@3: 0.6300 ] 
2024-03-27 13:42:01,217 - [Epoch   7 / 1000] rec_loss: 2.2022 cl_loss: 0.0000 
2024-03-27 13:42:01,502 - Epoch   7 Test set [precision@1: 0.3900 precision@2: 0.2600 precision@3: 0.2100 ] Test set [recall@1: 0.3900 recall@2: 0.5300 recall@3: 0.6400 ] Test set [f1score@1: 0.3900 f1score@2: 0.3500 f1score@3: 0.3200 ] Test set [accuracy@1: 0.3900 accuracy@2: 0.5300 accuracy@3: 0.6400 ] 
2024-03-27 13:42:02,135 - [Epoch   8 / 1000] rec_loss: 2.1503 cl_loss: 0.0000 
2024-03-27 13:42:02,422 - Epoch   8 Test set [precision@1: 0.3900 precision@2: 0.2600 precision@3: 0.2100 ] Test set [recall@1: 0.3900 recall@2: 0.5300 recall@3: 0.6400 ] Test set [f1score@1: 0.3900 f1score@2: 0.3500 f1score@3: 0.3200 ] Test set [accuracy@1: 0.3900 accuracy@2: 0.5300 accuracy@3: 0.6400 ] 
2024-03-27 13:42:03,045 - [Epoch   9 / 1000] rec_loss: 2.0715 cl_loss: 0.0000 
2024-03-27 13:42:03,331 - Epoch   9 Test set [precision@1: 0.3900 precision@2: 0.2600 precision@3: 0.2100 ] Test set [recall@1: 0.3900 recall@2: 0.5300 recall@3: 0.6400 ] Test set [f1score@1: 0.3900 f1score@2: 0.3500 f1score@3: 0.3200 ] Test set [accuracy@1: 0.3900 accuracy@2: 0.5300 accuracy@3: 0.6400 ] 
2024-03-27 13:42:03,954 - [Epoch  10 / 1000] rec_loss: 2.1280 cl_loss: 0.0000 
2024-03-27 13:42:04,242 - Epoch  10 Test set [precision@1: 0.3900 precision@2: 0.2600 precision@3: 0.2100 ] Test set [recall@1: 0.3900 recall@2: 0.5300 recall@3: 0.6400 ] Test set [f1score@1: 0.3900 f1score@2: 0.3500 f1score@3: 0.3200 ] Test set [accuracy@1: 0.3900 accuracy@2: 0.5300 accuracy@3: 0.6400 ] 
2024-03-27 13:42:04,865 - [Epoch  11 / 1000] rec_loss: 2.0544 cl_loss: 0.0000 
2024-03-27 13:42:05,152 - Epoch  11 Test set [precision@1: 0.3900 precision@2: 0.2600 precision@3: 0.2100 ] Test set [recall@1: 0.3900 recall@2: 0.5300 recall@3: 0.6400 ] Test set [f1score@1: 0.3900 f1score@2: 0.3500 f1score@3: 0.3200 ] Test set [accuracy@1: 0.3900 accuracy@2: 0.5300 accuracy@3: 0.6400 ] 
2024-03-27 13:42:05,785 - [Epoch  12 / 1000] rec_loss: 2.0886 cl_loss: 0.0000 
2024-03-27 13:42:06,074 - Epoch  12 Test set [precision@1: 0.3900 precision@2: 0.2600 precision@3: 0.2100 ] Test set [recall@1: 0.3900 recall@2: 0.5300 recall@3: 0.6400 ] Test set [f1score@1: 0.3900 f1score@2: 0.3500 f1score@3: 0.3200 ] Test set [accuracy@1: 0.3900 accuracy@2: 0.5300 accuracy@3: 0.6400 ] 
2024-03-27 13:42:06,699 - [Epoch  13 / 1000] rec_loss: 2.0506 cl_loss: 0.0000 
2024-03-27 13:42:06,989 - Epoch  13 Test set [precision@1: 0.3900 precision@2: 0.2700 precision@3: 0.2100 ] Test set [recall@1: 0.3900 recall@2: 0.5400 recall@3: 0.6400 ] Test set [f1score@1: 0.3900 f1score@2: 0.3600 f1score@3: 0.3200 ] Test set [accuracy@1: 0.3900 accuracy@2: 0.5400 accuracy@3: 0.6400 ] 
2024-03-27 13:42:07,633 - [Epoch  14 / 1000] rec_loss: 1.9836 cl_loss: 0.0000 
2024-03-27 13:42:07,937 - Epoch  14 Test set [precision@1: 0.3900 precision@2: 0.2600 precision@3: 0.2100 ] Test set [recall@1: 0.3900 recall@2: 0.5200 recall@3: 0.6400 ] Test set [f1score@1: 0.3900 f1score@2: 0.3500 f1score@3: 0.3200 ] Test set [accuracy@1: 0.3900 accuracy@2: 0.5200 accuracy@3: 0.6400 ] 
2024-03-27 13:42:08,739 - [Epoch  15 / 1000] rec_loss: 1.9220 cl_loss: 0.0000 
2024-03-27 13:42:09,073 - Epoch  15 Test set [precision@1: 0.3900 precision@2: 0.2600 precision@3: 0.2100 ] Test set [recall@1: 0.3900 recall@2: 0.5300 recall@3: 0.6400 ] Test set [f1score@1: 0.3900 f1score@2: 0.3500 f1score@3: 0.3200 ] Test set [accuracy@1: 0.3900 accuracy@2: 0.5300 accuracy@3: 0.6400 ] 
2024-03-27 13:42:09,773 - [Epoch  16 / 1000] rec_loss: 2.0144 cl_loss: 0.0000 
2024-03-27 13:42:10,063 - Epoch  16 Test set [precision@1: 0.3900 precision@2: 0.2700 precision@3: 0.2100 ] Test set [recall@1: 0.3900 recall@2: 0.5400 recall@3: 0.6400 ] Test set [f1score@1: 0.3900 f1score@2: 0.3600 f1score@3: 0.3200 ] Test set [accuracy@1: 0.3900 accuracy@2: 0.5400 accuracy@3: 0.6400 ] 
2024-03-27 13:42:10,725 - [Epoch  17 / 1000] rec_loss: 2.0538 cl_loss: 0.0000 
2024-03-27 13:42:11,014 - Epoch  17 Test set [precision@1: 0.3900 precision@2: 0.2700 precision@3: 0.2200 ] Test set [recall@1: 0.3900 recall@2: 0.5400 recall@3: 0.6600 ] Test set [f1score@1: 0.3900 f1score@2: 0.3600 f1score@3: 0.3300 ] Test set [accuracy@1: 0.3900 accuracy@2: 0.5400 accuracy@3: 0.6600 ] 
2024-03-27 13:42:11,644 - [Epoch  18 / 1000] rec_loss: 1.9122 cl_loss: 0.0000 
2024-03-27 13:42:11,935 - Epoch  18 Test set [precision@1: 0.3900 precision@2: 0.2500 precision@3: 0.2200 ] Test set [recall@1: 0.3900 recall@2: 0.5000 recall@3: 0.6600 ] Test set [f1score@1: 0.3900 f1score@2: 0.3300 f1score@3: 0.3300 ] Test set [accuracy@1: 0.3900 accuracy@2: 0.5000 accuracy@3: 0.6600 ] 
2024-03-27 13:42:12,571 - [Epoch  19 / 1000] rec_loss: 1.8973 cl_loss: 0.0000 
2024-03-27 13:42:12,901 - Epoch  19 Test set [precision@1: 0.3900 precision@2: 0.2500 precision@3: 0.2100 ] Test set [recall@1: 0.3900 recall@2: 0.5000 recall@3: 0.6400 ] Test set [f1score@1: 0.3900 f1score@2: 0.3300 f1score@3: 0.3200 ] Test set [accuracy@1: 0.3900 accuracy@2: 0.5000 accuracy@3: 0.6400 ] 
2024-03-27 13:42:13,599 - [Epoch  20 / 1000] rec_loss: 1.9051 cl_loss: 0.0000 
2024-03-27 13:42:13,925 - Epoch  20 Test set [precision@1: 0.3900 precision@2: 0.2500 precision@3: 0.2100 ] Test set [recall@1: 0.3900 recall@2: 0.5000 recall@3: 0.6300 ] Test set [f1score@1: 0.3900 f1score@2: 0.3300 f1score@3: 0.3100 ] Test set [accuracy@1: 0.3900 accuracy@2: 0.5000 accuracy@3: 0.6300 ] 
2024-03-27 13:42:14,596 - [Epoch  21 / 1000] rec_loss: 1.8355 cl_loss: 0.0000 
2024-03-27 13:42:14,907 - Epoch  21 Test set [precision@1: 0.3900 precision@2: 0.2500 precision@3: 0.2200 ] Test set [recall@1: 0.3900 recall@2: 0.5000 recall@3: 0.6500 ] Test set [f1score@1: 0.3900 f1score@2: 0.3300 f1score@3: 0.3200 ] Test set [accuracy@1: 0.3900 accuracy@2: 0.5000 accuracy@3: 0.6500 ] 
2024-03-27 13:42:15,613 - [Epoch  22 / 1000] rec_loss: 1.8559 cl_loss: 0.0000 
2024-03-27 13:42:15,914 - Epoch  22 Test set [precision@1: 0.3900 precision@2: 0.2500 precision@3: 0.2200 ] Test set [recall@1: 0.3900 recall@2: 0.5000 recall@3: 0.6700 ] Test set [f1score@1: 0.3900 f1score@2: 0.3300 f1score@3: 0.3400 ] Test set [accuracy@1: 0.3900 accuracy@2: 0.5000 accuracy@3: 0.6700 ] 
2024-03-27 13:42:16,564 - [Epoch  23 / 1000] rec_loss: 1.8663 cl_loss: 0.0000 
2024-03-27 13:42:16,882 - Epoch  23 Test set [precision@1: 0.3900 precision@2: 0.2600 precision@3: 0.2200 ] Test set [recall@1: 0.3900 recall@2: 0.5300 recall@3: 0.6700 ] Test set [f1score@1: 0.3900 f1score@2: 0.3500 f1score@3: 0.3400 ] Test set [accuracy@1: 0.3900 accuracy@2: 0.5300 accuracy@3: 0.6700 ] 
2024-03-27 13:42:17,577 - [Epoch  24 / 1000] rec_loss: 1.8713 cl_loss: 0.0000 
2024-03-27 13:42:17,890 - Epoch  24 Test set [precision@1: 0.3900 precision@2: 0.2600 precision@3: 0.2200 ] Test set [recall@1: 0.3900 recall@2: 0.5200 recall@3: 0.6500 ] Test set [f1score@1: 0.3900 f1score@2: 0.3500 f1score@3: 0.3200 ] Test set [accuracy@1: 0.3900 accuracy@2: 0.5200 accuracy@3: 0.6500 ] 
2024-03-27 13:42:18,533 - [Epoch  25 / 1000] rec_loss: 1.8803 cl_loss: 0.0000 
2024-03-27 13:42:18,837 - Epoch  25 Test set [precision@1: 0.3900 precision@2: 0.2500 precision@3: 0.2300 ] Test set [recall@1: 0.3900 recall@2: 0.5100 recall@3: 0.6800 ] Test set [f1score@1: 0.3900 f1score@2: 0.3400 f1score@3: 0.3400 ] Test set [accuracy@1: 0.3900 accuracy@2: 0.5100 accuracy@3: 0.6800 ] 
2024-03-27 13:42:19,502 - [Epoch  26 / 1000] rec_loss: 1.7850 cl_loss: 0.0000 
2024-03-27 13:42:19,796 - Epoch  26 Test set [precision@1: 0.3900 precision@2: 0.2800 precision@3: 0.2200 ] Test set [recall@1: 0.3900 recall@2: 0.5600 recall@3: 0.6700 ] Test set [f1score@1: 0.3900 f1score@2: 0.3700 f1score@3: 0.3400 ] Test set [accuracy@1: 0.3900 accuracy@2: 0.5600 accuracy@3: 0.6700 ] 
2024-03-27 13:42:20,449 - [Epoch  27 / 1000] rec_loss: 1.8008 cl_loss: 0.0000 
2024-03-27 13:42:20,738 - Epoch  27 Test set [precision@1: 0.3900 precision@2: 0.2800 precision@3: 0.2200 ] Test set [recall@1: 0.3900 recall@2: 0.5500 recall@3: 0.6700 ] Test set [f1score@1: 0.3900 f1score@2: 0.3700 f1score@3: 0.3400 ] Test set [accuracy@1: 0.3900 accuracy@2: 0.5500 accuracy@3: 0.6700 ] 
2024-03-27 13:42:21,429 - [Epoch  28 / 1000] rec_loss: 1.8808 cl_loss: 0.0000 
2024-03-27 13:42:21,794 - Epoch  28 Test set [precision@1: 0.3900 precision@2: 0.2800 precision@3: 0.2300 ] Test set [recall@1: 0.3900 recall@2: 0.5500 recall@3: 0.7000 ] Test set [f1score@1: 0.3900 f1score@2: 0.3700 f1score@3: 0.3500 ] Test set [accuracy@1: 0.3900 accuracy@2: 0.5500 accuracy@3: 0.7000 ] 
2024-03-27 13:42:22,457 - [Epoch  29 / 1000] rec_loss: 1.8761 cl_loss: 0.0000 
2024-03-27 13:42:22,773 - Epoch  29 Test set [precision@1: 0.3900 precision@2: 0.2800 precision@3: 0.2200 ] Test set [recall@1: 0.3900 recall@2: 0.5500 recall@3: 0.6700 ] Test set [f1score@1: 0.3900 f1score@2: 0.3700 f1score@3: 0.3400 ] Test set [accuracy@1: 0.3900 accuracy@2: 0.5500 accuracy@3: 0.6700 ] 
2024-03-27 13:42:23,456 - [Epoch  30 / 1000] rec_loss: 1.7782 cl_loss: 0.0000 
2024-03-27 13:42:23,804 - Epoch  30 Test set [precision@1: 0.3900 precision@2: 0.2600 precision@3: 0.2200 ] Test set [recall@1: 0.3900 recall@2: 0.5300 recall@3: 0.6500 ] Test set [f1score@1: 0.3900 f1score@2: 0.3500 f1score@3: 0.3200 ] Test set [accuracy@1: 0.3900 accuracy@2: 0.5300 accuracy@3: 0.6500 ] 
2024-03-27 13:42:24,627 - [Epoch  31 / 1000] rec_loss: 1.8623 cl_loss: 0.0000 
2024-03-27 13:42:24,934 - Epoch  31 Test set [precision@1: 0.3900 precision@2: 0.2600 precision@3: 0.2200 ] Test set [recall@1: 0.3900 recall@2: 0.5200 recall@3: 0.6600 ] Test set [f1score@1: 0.3900 f1score@2: 0.3500 f1score@3: 0.3300 ] Test set [accuracy@1: 0.3900 accuracy@2: 0.5200 accuracy@3: 0.6600 ] 
2024-03-27 13:42:25,698 - [Epoch  32 / 1000] rec_loss: 1.8787 cl_loss: 0.0000 
2024-03-27 13:42:25,988 - Epoch  32 Test set [precision@1: 0.3900 precision@2: 0.2600 precision@3: 0.2200 ] Test set [recall@1: 0.3900 recall@2: 0.5200 recall@3: 0.6700 ] Test set [f1score@1: 0.3900 f1score@2: 0.3500 f1score@3: 0.3400 ] Test set [accuracy@1: 0.3900 accuracy@2: 0.5200 accuracy@3: 0.6700 ] 
2024-03-27 13:42:26,646 - [Epoch  33 / 1000] rec_loss: 1.8509 cl_loss: 0.0000 
2024-03-27 13:42:26,945 - Epoch  33 Test set [precision@1: 0.3900 precision@2: 0.2800 precision@3: 0.2300 ] Test set [recall@1: 0.3900 recall@2: 0.5500 recall@3: 0.6900 ] Test set [f1score@1: 0.3900 f1score@2: 0.3700 f1score@3: 0.3400 ] Test set [accuracy@1: 0.3900 accuracy@2: 0.5500 accuracy@3: 0.6900 ] 
2024-03-27 13:42:27,645 - [Epoch  34 / 1000] rec_loss: 1.8121 cl_loss: 0.0000 
2024-03-27 13:42:28,050 - Epoch  34 Test set [precision@1: 0.3900 precision@2: 0.2900 precision@3: 0.2300 ] Test set [recall@1: 0.3900 recall@2: 0.5900 recall@3: 0.6900 ] Test set [f1score@1: 0.3900 f1score@2: 0.3900 f1score@3: 0.3400 ] Test set [accuracy@1: 0.3900 accuracy@2: 0.5900 accuracy@3: 0.6900 ] 
2024-03-27 13:42:28,745 - [Epoch  35 / 1000] rec_loss: 1.6725 cl_loss: 0.0000 
2024-03-27 13:42:29,077 - Epoch  35 Test set [precision@1: 0.3900 precision@2: 0.2900 precision@3: 0.2400 ] Test set [recall@1: 0.3900 recall@2: 0.5800 recall@3: 0.7200 ] Test set [f1score@1: 0.3900 f1score@2: 0.3900 f1score@3: 0.3600 ] Test set [accuracy@1: 0.3900 accuracy@2: 0.5800 accuracy@3: 0.7200 ] 
2024-03-27 13:42:29,839 - [Epoch  36 / 1000] rec_loss: 1.8250 cl_loss: 0.0000 
2024-03-27 13:42:30,211 - Epoch  36 Test set [precision@1: 0.3900 precision@2: 0.2800 precision@3: 0.2400 ] Test set [recall@1: 0.3900 recall@2: 0.5700 recall@3: 0.7300 ] Test set [f1score@1: 0.3900 f1score@2: 0.3800 f1score@3: 0.3700 ] Test set [accuracy@1: 0.3900 accuracy@2: 0.5700 accuracy@3: 0.7300 ] 
2024-03-27 13:42:30,907 - [Epoch  37 / 1000] rec_loss: 1.7295 cl_loss: 0.0000 
2024-03-27 13:42:31,209 - Epoch  37 Test set [precision@1: 0.3900 precision@2: 0.2800 precision@3: 0.2300 ] Test set [recall@1: 0.3900 recall@2: 0.5500 recall@3: 0.6900 ] Test set [f1score@1: 0.3900 f1score@2: 0.3700 f1score@3: 0.3400 ] Test set [accuracy@1: 0.3900 accuracy@2: 0.5500 accuracy@3: 0.6900 ] 
2024-03-27 13:42:31,897 - [Epoch  38 / 1000] rec_loss: 1.7096 cl_loss: 0.0000 
2024-03-27 13:42:32,201 - Epoch  38 Test set [precision@1: 0.3900 precision@2: 0.2800 precision@3: 0.2300 ] Test set [recall@1: 0.3900 recall@2: 0.5600 recall@3: 0.6900 ] Test set [f1score@1: 0.3900 f1score@2: 0.3700 f1score@3: 0.3400 ] Test set [accuracy@1: 0.3900 accuracy@2: 0.5600 accuracy@3: 0.6900 ] 
2024-03-27 13:42:32,873 - [Epoch  39 / 1000] rec_loss: 1.6644 cl_loss: 0.0000 
2024-03-27 13:42:33,210 - Epoch  39 Test set [precision@1: 0.3900 precision@2: 0.2900 precision@3: 0.2400 ] Test set [recall@1: 0.3900 recall@2: 0.5800 recall@3: 0.7200 ] Test set [f1score@1: 0.3900 f1score@2: 0.3900 f1score@3: 0.3600 ] Test set [accuracy@1: 0.3900 accuracy@2: 0.5800 accuracy@3: 0.7200 ] 
2024-03-27 13:42:33,902 - [Epoch  40 / 1000] rec_loss: 1.6669 cl_loss: 0.0000 
2024-03-27 13:42:34,238 - Epoch  40 Test set [precision@1: 0.3900 precision@2: 0.2800 precision@3: 0.2300 ] Test set [recall@1: 0.3900 recall@2: 0.5600 recall@3: 0.6900 ] Test set [f1score@1: 0.3900 f1score@2: 0.3700 f1score@3: 0.3400 ] Test set [accuracy@1: 0.3900 accuracy@2: 0.5600 accuracy@3: 0.6900 ] 
2024-03-27 13:42:34,953 - [Epoch  41 / 1000] rec_loss: 1.6935 cl_loss: 0.0000 
2024-03-27 13:42:35,261 - Epoch  41 Test set [precision@1: 0.3900 precision@2: 0.2900 precision@3: 0.2300 ] Test set [recall@1: 0.3900 recall@2: 0.5900 recall@3: 0.7000 ] Test set [f1score@1: 0.3900 f1score@2: 0.3900 f1score@3: 0.3500 ] Test set [accuracy@1: 0.3900 accuracy@2: 0.5900 accuracy@3: 0.7000 ] 
2024-03-27 13:42:36,049 - [Epoch  42 / 1000] rec_loss: 1.6379 cl_loss: 0.0000 
2024-03-27 13:42:36,366 - Epoch  42 Test set [precision@1: 0.3900 precision@2: 0.2900 precision@3: 0.2400 ] Test set [recall@1: 0.3900 recall@2: 0.5900 recall@3: 0.7200 ] Test set [f1score@1: 0.3900 f1score@2: 0.3900 f1score@3: 0.3600 ] Test set [accuracy@1: 0.3900 accuracy@2: 0.5900 accuracy@3: 0.7200 ] 
2024-03-27 13:42:37,100 - [Epoch  43 / 1000] rec_loss: 1.6071 cl_loss: 0.0000 
2024-03-27 13:42:37,433 - Epoch  43 Test set [precision@1: 0.3900 precision@2: 0.3000 precision@3: 0.2500 ] Test set [recall@1: 0.3900 recall@2: 0.6000 recall@3: 0.7600 ] Test set [f1score@1: 0.3900 f1score@2: 0.4000 f1score@3: 0.3800 ] Test set [accuracy@1: 0.3900 accuracy@2: 0.6000 accuracy@3: 0.7600 ] 
2024-03-27 13:42:38,097 - [Epoch  44 / 1000] rec_loss: 1.6420 cl_loss: 0.0000 
2024-03-27 13:42:38,411 - Epoch  44 Test set [precision@1: 0.4000 precision@2: 0.3000 precision@3: 0.2600 ] Test set [recall@1: 0.4000 recall@2: 0.6000 recall@3: 0.7800 ] Test set [f1score@1: 0.4000 f1score@2: 0.4000 f1score@3: 0.3900 ] Test set [accuracy@1: 0.4000 accuracy@2: 0.6000 accuracy@3: 0.7800 ] 
2024-03-27 13:42:39,102 - [Epoch  45 / 1000] rec_loss: 1.6166 cl_loss: 0.0000 
2024-03-27 13:42:39,408 - Epoch  45 Test set [precision@1: 0.4000 precision@2: 0.2900 precision@3: 0.2600 ] Test set [recall@1: 0.4000 recall@2: 0.5800 recall@3: 0.7700 ] Test set [f1score@1: 0.4000 f1score@2: 0.3900 f1score@3: 0.3800 ] Test set [accuracy@1: 0.4000 accuracy@2: 0.5800 accuracy@3: 0.7700 ] 
2024-03-27 13:42:40,087 - [Epoch  46 / 1000] rec_loss: 1.5535 cl_loss: 0.0000 
2024-03-27 13:42:40,412 - Epoch  46 Test set [precision@1: 0.4100 precision@2: 0.2900 precision@3: 0.2500 ] Test set [recall@1: 0.4100 recall@2: 0.5900 recall@3: 0.7600 ] Test set [f1score@1: 0.4100 f1score@2: 0.3900 f1score@3: 0.3800 ] Test set [accuracy@1: 0.4100 accuracy@2: 0.5900 accuracy@3: 0.7600 ] 
2024-03-27 13:42:41,123 - [Epoch  47 / 1000] rec_loss: 1.6314 cl_loss: 0.0000 
2024-03-27 13:42:41,430 - Epoch  47 Test set [precision@1: 0.4300 precision@2: 0.2900 precision@3: 0.2500 ] Test set [recall@1: 0.4300 recall@2: 0.5800 recall@3: 0.7600 ] Test set [f1score@1: 0.4300 f1score@2: 0.3900 f1score@3: 0.3800 ] Test set [accuracy@1: 0.4300 accuracy@2: 0.5800 accuracy@3: 0.7600 ] 
2024-03-27 13:42:42,137 - [Epoch  48 / 1000] rec_loss: 1.6472 cl_loss: 0.0000 
2024-03-27 13:42:42,472 - Epoch  48 Test set [precision@1: 0.4300 precision@2: 0.3100 precision@3: 0.2600 ] Test set [recall@1: 0.4300 recall@2: 0.6100 recall@3: 0.7900 ] Test set [f1score@1: 0.4300 f1score@2: 0.4100 f1score@3: 0.4000 ] Test set [accuracy@1: 0.4300 accuracy@2: 0.6100 accuracy@3: 0.7900 ] 
2024-03-27 13:42:43,207 - [Epoch  49 / 1000] rec_loss: 1.6079 cl_loss: 0.0000 
2024-03-27 13:42:43,520 - Epoch  49 Test set [precision@1: 0.4200 precision@2: 0.3100 precision@3: 0.2600 ] Test set [recall@1: 0.4200 recall@2: 0.6100 recall@3: 0.7900 ] Test set [f1score@1: 0.4200 f1score@2: 0.4100 f1score@3: 0.4000 ] Test set [accuracy@1: 0.4200 accuracy@2: 0.6100 accuracy@3: 0.7900 ] 
2024-03-27 13:42:44,321 - [Epoch  50 / 1000] rec_loss: 1.7035 cl_loss: 0.0000 
2024-03-27 13:42:44,669 - Epoch  50 Test set [precision@1: 0.4200 precision@2: 0.3000 precision@3: 0.2700 ] Test set [recall@1: 0.4200 recall@2: 0.6000 recall@3: 0.8100 ] Test set [f1score@1: 0.4200 f1score@2: 0.4000 f1score@3: 0.4100 ] Test set [accuracy@1: 0.4200 accuracy@2: 0.6000 accuracy@3: 0.8100 ] 
2024-03-27 13:42:45,442 - [Epoch  51 / 1000] rec_loss: 1.6581 cl_loss: 0.0000 
2024-03-27 13:42:45,778 - Epoch  51 Test set [precision@1: 0.4300 precision@2: 0.3000 precision@3: 0.2700 ] Test set [recall@1: 0.4300 recall@2: 0.6000 recall@3: 0.8000 ] Test set [f1score@1: 0.4300 f1score@2: 0.4000 f1score@3: 0.4000 ] Test set [accuracy@1: 0.4300 accuracy@2: 0.6000 accuracy@3: 0.8000 ] 
2024-03-27 13:42:46,495 - [Epoch  52 / 1000] rec_loss: 1.5984 cl_loss: 0.0000 
2024-03-27 13:42:46,803 - Epoch  52 Test set [precision@1: 0.4300 precision@2: 0.3000 precision@3: 0.2600 ] Test set [recall@1: 0.4300 recall@2: 0.6000 recall@3: 0.7800 ] Test set [f1score@1: 0.4300 f1score@2: 0.4000 f1score@3: 0.3900 ] Test set [accuracy@1: 0.4300 accuracy@2: 0.6000 accuracy@3: 0.7800 ] 
2024-03-27 13:42:47,483 - [Epoch  53 / 1000] rec_loss: 1.5575 cl_loss: 0.0000 
2024-03-27 13:42:47,815 - Epoch  53 Test set [precision@1: 0.4200 precision@2: 0.3100 precision@3: 0.2600 ] Test set [recall@1: 0.4200 recall@2: 0.6300 recall@3: 0.7900 ] Test set [f1score@1: 0.4200 f1score@2: 0.4200 f1score@3: 0.4000 ] Test set [accuracy@1: 0.4200 accuracy@2: 0.6300 accuracy@3: 0.7900 ] 
2024-03-27 13:42:48,476 - [Epoch  54 / 1000] rec_loss: 1.6137 cl_loss: 0.0000 
2024-03-27 13:42:48,822 - Epoch  54 Test set [precision@1: 0.4200 precision@2: 0.3100 precision@3: 0.2600 ] Test set [recall@1: 0.4200 recall@2: 0.6100 recall@3: 0.7900 ] Test set [f1score@1: 0.4200 f1score@2: 0.4100 f1score@3: 0.4000 ] Test set [accuracy@1: 0.4200 accuracy@2: 0.6100 accuracy@3: 0.7900 ] 
2024-03-27 13:42:49,644 - [Epoch  55 / 1000] rec_loss: 1.5756 cl_loss: 0.0000 
2024-03-27 13:42:49,999 - Epoch  55 Test set [precision@1: 0.4500 precision@2: 0.3300 precision@3: 0.2700 ] Test set [recall@1: 0.4500 recall@2: 0.6600 recall@3: 0.8000 ] Test set [f1score@1: 0.4500 f1score@2: 0.4400 f1score@3: 0.4000 ] Test set [accuracy@1: 0.4500 accuracy@2: 0.6600 accuracy@3: 0.8000 ] 
2024-03-27 13:42:50,715 - [Epoch  56 / 1000] rec_loss: 1.6562 cl_loss: 0.0000 
2024-03-27 13:42:51,029 - Epoch  56 Test set [precision@1: 0.4500 precision@2: 0.3400 precision@3: 0.2600 ] Test set [recall@1: 0.4500 recall@2: 0.6700 recall@3: 0.7900 ] Test set [f1score@1: 0.4500 f1score@2: 0.4500 f1score@3: 0.4000 ] Test set [accuracy@1: 0.4500 accuracy@2: 0.6700 accuracy@3: 0.7900 ] 
2024-03-27 13:42:51,744 - [Epoch  57 / 1000] rec_loss: 1.5144 cl_loss: 0.0000 
2024-03-27 13:42:52,058 - Epoch  57 Test set [precision@1: 0.4600 precision@2: 0.3300 precision@3: 0.2700 ] Test set [recall@1: 0.4600 recall@2: 0.6600 recall@3: 0.8200 ] Test set [f1score@1: 0.4600 f1score@2: 0.4400 f1score@3: 0.4100 ] Test set [accuracy@1: 0.4600 accuracy@2: 0.6600 accuracy@3: 0.8200 ] 
2024-03-27 13:42:52,732 - [Epoch  58 / 1000] rec_loss: 1.5143 cl_loss: 0.0000 
2024-03-27 13:42:53,040 - Epoch  58 Test set [precision@1: 0.4500 precision@2: 0.3200 precision@3: 0.2700 ] Test set [recall@1: 0.4500 recall@2: 0.6400 recall@3: 0.8000 ] Test set [f1score@1: 0.4500 f1score@2: 0.4300 f1score@3: 0.4000 ] Test set [accuracy@1: 0.4500 accuracy@2: 0.6400 accuracy@3: 0.8000 ] 
2024-03-27 13:42:53,700 - [Epoch  59 / 1000] rec_loss: 1.4983 cl_loss: 0.0000 
2024-03-27 13:42:54,014 - Epoch  59 Test set [precision@1: 0.4500 precision@2: 0.3400 precision@3: 0.2700 ] Test set [recall@1: 0.4500 recall@2: 0.6700 recall@3: 0.8200 ] Test set [f1score@1: 0.4500 f1score@2: 0.4500 f1score@3: 0.4100 ] Test set [accuracy@1: 0.4500 accuracy@2: 0.6700 accuracy@3: 0.8200 ] 
2024-03-27 13:42:54,680 - [Epoch  60 / 1000] rec_loss: 1.5179 cl_loss: 0.0000 
2024-03-27 13:42:54,991 - Epoch  60 Test set [precision@1: 0.4400 precision@2: 0.3200 precision@3: 0.2800 ] Test set [recall@1: 0.4400 recall@2: 0.6400 recall@3: 0.8300 ] Test set [f1score@1: 0.4400 f1score@2: 0.4300 f1score@3: 0.4100 ] Test set [accuracy@1: 0.4400 accuracy@2: 0.6400 accuracy@3: 0.8300 ] 
2024-03-27 13:42:55,688 - [Epoch  61 / 1000] rec_loss: 1.5504 cl_loss: 0.0000 
2024-03-27 13:42:55,992 - Epoch  61 Test set [precision@1: 0.4300 precision@2: 0.3200 precision@3: 0.2800 ] Test set [recall@1: 0.4300 recall@2: 0.6500 recall@3: 0.8400 ] Test set [f1score@1: 0.4300 f1score@2: 0.4300 f1score@3: 0.4200 ] Test set [accuracy@1: 0.4300 accuracy@2: 0.6500 accuracy@3: 0.8400 ] 
2024-03-27 13:42:56,700 - [Epoch  62 / 1000] rec_loss: 1.5886 cl_loss: 0.0000 
2024-03-27 13:42:57,033 - Epoch  62 Test set [precision@1: 0.4300 precision@2: 0.3400 precision@3: 0.2700 ] Test set [recall@1: 0.4300 recall@2: 0.6700 recall@3: 0.8200 ] Test set [f1score@1: 0.4300 f1score@2: 0.4500 f1score@3: 0.4100 ] Test set [accuracy@1: 0.4300 accuracy@2: 0.6700 accuracy@3: 0.8200 ] 
2024-03-27 13:42:57,755 - [Epoch  63 / 1000] rec_loss: 1.4612 cl_loss: 0.0000 
2024-03-27 13:42:58,073 - Epoch  63 Test set [precision@1: 0.4300 precision@2: 0.3200 precision@3: 0.2800 ] Test set [recall@1: 0.4300 recall@2: 0.6500 recall@3: 0.8300 ] Test set [f1score@1: 0.4300 f1score@2: 0.4300 f1score@3: 0.4100 ] Test set [accuracy@1: 0.4300 accuracy@2: 0.6500 accuracy@3: 0.8300 ] 
2024-03-27 13:42:58,787 - [Epoch  64 / 1000] rec_loss: 1.4314 cl_loss: 0.0000 
2024-03-27 13:42:59,124 - Epoch  64 Test set [precision@1: 0.4300 precision@2: 0.3200 precision@3: 0.2800 ] Test set [recall@1: 0.4300 recall@2: 0.6400 recall@3: 0.8400 ] Test set [f1score@1: 0.4300 f1score@2: 0.4300 f1score@3: 0.4200 ] Test set [accuracy@1: 0.4300 accuracy@2: 0.6400 accuracy@3: 0.8400 ] 
2024-03-27 13:42:59,913 - [Epoch  65 / 1000] rec_loss: 1.4079 cl_loss: 0.0000 
2024-03-27 13:43:00,274 - Epoch  65 Test set [precision@1: 0.4400 precision@2: 0.3400 precision@3: 0.2800 ] Test set [recall@1: 0.4400 recall@2: 0.6800 recall@3: 0.8500 ] Test set [f1score@1: 0.4400 f1score@2: 0.4500 f1score@3: 0.4300 ] Test set [accuracy@1: 0.4400 accuracy@2: 0.6800 accuracy@3: 0.8500 ] 
2024-03-27 13:43:01,026 - [Epoch  66 / 1000] rec_loss: 1.5246 cl_loss: 0.0000 
2024-03-27 13:43:01,352 - Epoch  66 Test set [precision@1: 0.4400 precision@2: 0.3400 precision@3: 0.2800 ] Test set [recall@1: 0.4400 recall@2: 0.6700 recall@3: 0.8400 ] Test set [f1score@1: 0.4400 f1score@2: 0.4500 f1score@3: 0.4200 ] Test set [accuracy@1: 0.4400 accuracy@2: 0.6700 accuracy@3: 0.8400 ] 
2024-03-27 13:43:02,334 - [Epoch  67 / 1000] rec_loss: 1.4120 cl_loss: 0.0000 
2024-03-27 13:43:02,693 - Epoch  67 Test set [precision@1: 0.4300 precision@2: 0.3400 precision@3: 0.2900 ] Test set [recall@1: 0.4300 recall@2: 0.6700 recall@3: 0.8700 ] Test set [f1score@1: 0.4300 f1score@2: 0.4500 f1score@3: 0.4400 ] Test set [accuracy@1: 0.4300 accuracy@2: 0.6700 accuracy@3: 0.8700 ] 
2024-03-27 13:43:03,411 - [Epoch  68 / 1000] rec_loss: 1.4302 cl_loss: 0.0000 
2024-03-27 13:43:03,735 - Epoch  68 Test set [precision@1: 0.4500 precision@2: 0.3200 precision@3: 0.2900 ] Test set [recall@1: 0.4500 recall@2: 0.6500 recall@3: 0.8700 ] Test set [f1score@1: 0.4500 f1score@2: 0.4300 f1score@3: 0.4400 ] Test set [accuracy@1: 0.4500 accuracy@2: 0.6500 accuracy@3: 0.8700 ] 
2024-03-27 13:43:04,468 - [Epoch  69 / 1000] rec_loss: 1.4232 cl_loss: 0.0000 
2024-03-27 13:43:04,919 - Epoch  69 Test set [precision@1: 0.4700 precision@2: 0.3400 precision@3: 0.2900 ] Test set [recall@1: 0.4700 recall@2: 0.6900 recall@3: 0.8600 ] Test set [f1score@1: 0.4700 f1score@2: 0.4600 f1score@3: 0.4300 ] Test set [accuracy@1: 0.4700 accuracy@2: 0.6900 accuracy@3: 0.8600 ] 
2024-03-27 13:43:05,879 - [Epoch  70 / 1000] rec_loss: 1.4894 cl_loss: 0.0000 
2024-03-27 13:43:06,246 - Epoch  70 Test set [precision@1: 0.4600 precision@2: 0.3300 precision@3: 0.2800 ] Test set [recall@1: 0.4600 recall@2: 0.6600 recall@3: 0.8400 ] Test set [f1score@1: 0.4600 f1score@2: 0.4400 f1score@3: 0.4200 ] Test set [accuracy@1: 0.4600 accuracy@2: 0.6600 accuracy@3: 0.8400 ] 
2024-03-27 13:43:07,054 - [Epoch  71 / 1000] rec_loss: 1.3348 cl_loss: 0.0000 
2024-03-27 13:43:07,386 - Epoch  71 Test set [precision@1: 0.4300 precision@2: 0.3400 precision@3: 0.2700 ] Test set [recall@1: 0.4300 recall@2: 0.6700 recall@3: 0.8200 ] Test set [f1score@1: 0.4300 f1score@2: 0.4500 f1score@3: 0.4100 ] Test set [accuracy@1: 0.4300 accuracy@2: 0.6700 accuracy@3: 0.8200 ] 
2024-03-27 13:43:08,147 - [Epoch  72 / 1000] rec_loss: 1.4134 cl_loss: 0.0000 
2024-03-27 13:43:08,473 - Epoch  72 Test set [precision@1: 0.4500 precision@2: 0.3400 precision@3: 0.2900 ] Test set [recall@1: 0.4500 recall@2: 0.6900 recall@3: 0.8800 ] Test set [f1score@1: 0.4500 f1score@2: 0.4600 f1score@3: 0.4400 ] Test set [accuracy@1: 0.4500 accuracy@2: 0.6900 accuracy@3: 0.8800 ] 
2024-03-27 13:43:09,180 - [Epoch  73 / 1000] rec_loss: 1.2696 cl_loss: 0.0000 
2024-03-27 13:43:09,697 - Epoch  73 Test set [precision@1: 0.4500 precision@2: 0.3400 precision@3: 0.2900 ] Test set [recall@1: 0.4500 recall@2: 0.6900 recall@3: 0.8600 ] Test set [f1score@1: 0.4500 f1score@2: 0.4600 f1score@3: 0.4300 ] Test set [accuracy@1: 0.4500 accuracy@2: 0.6900 accuracy@3: 0.8600 ] 
2024-03-27 13:43:10,480 - [Epoch  74 / 1000] rec_loss: 1.3603 cl_loss: 0.0000 
2024-03-27 13:43:10,876 - Epoch  74 Test set [precision@1: 0.4500 precision@2: 0.3500 precision@3: 0.2900 ] Test set [recall@1: 0.4500 recall@2: 0.7100 recall@3: 0.8800 ] Test set [f1score@1: 0.4500 f1score@2: 0.4700 f1score@3: 0.4400 ] Test set [accuracy@1: 0.4500 accuracy@2: 0.7100 accuracy@3: 0.8800 ] 
2024-03-27 13:43:11,609 - [Epoch  75 / 1000] rec_loss: 1.4453 cl_loss: 0.0000 
2024-03-27 13:43:11,986 - Epoch  75 Test set [precision@1: 0.4400 precision@2: 0.3700 precision@3: 0.2900 ] Test set [recall@1: 0.4400 recall@2: 0.7400 recall@3: 0.8800 ] Test set [f1score@1: 0.4400 f1score@2: 0.4900 f1score@3: 0.4400 ] Test set [accuracy@1: 0.4400 accuracy@2: 0.7400 accuracy@3: 0.8800 ] 
2024-03-27 13:43:12,779 - [Epoch  76 / 1000] rec_loss: 1.3015 cl_loss: 0.0000 
2024-03-27 13:43:13,138 - Epoch  76 Test set [precision@1: 0.5500 precision@2: 0.3500 precision@3: 0.2900 ] Test set [recall@1: 0.5500 recall@2: 0.7100 recall@3: 0.8800 ] Test set [f1score@1: 0.5500 f1score@2: 0.4700 f1score@3: 0.4400 ] Test set [accuracy@1: 0.5500 accuracy@2: 0.7100 accuracy@3: 0.8800 ] 
2024-03-27 13:43:13,883 - [Epoch  77 / 1000] rec_loss: 1.2055 cl_loss: 0.0000 
2024-03-27 13:43:14,227 - Epoch  77 Test set [precision@1: 0.5700 precision@2: 0.3800 precision@3: 0.3000 ] Test set [recall@1: 0.5700 recall@2: 0.7700 recall@3: 0.8900 ] Test set [f1score@1: 0.5700 f1score@2: 0.5100 f1score@3: 0.4400 ] Test set [accuracy@1: 0.5700 accuracy@2: 0.7700 accuracy@3: 0.8900 ] 
2024-03-27 13:43:14,972 - [Epoch  78 / 1000] rec_loss: 1.1918 cl_loss: 0.0000 
2024-03-27 13:43:15,358 - Epoch  78 Test set [precision@1: 0.5300 precision@2: 0.4000 precision@3: 0.3000 ] Test set [recall@1: 0.5300 recall@2: 0.7900 recall@3: 0.8900 ] Test set [f1score@1: 0.5300 f1score@2: 0.5300 f1score@3: 0.4400 ] Test set [accuracy@1: 0.5300 accuracy@2: 0.7900 accuracy@3: 0.8900 ] 
2024-03-27 13:43:16,140 - [Epoch  79 / 1000] rec_loss: 1.3188 cl_loss: 0.0000 
2024-03-27 13:43:16,486 - Epoch  79 Test set [precision@1: 0.5800 precision@2: 0.4100 precision@3: 0.3000 ] Test set [recall@1: 0.5800 recall@2: 0.8200 recall@3: 0.8900 ] Test set [f1score@1: 0.5800 f1score@2: 0.5500 f1score@3: 0.4400 ] Test set [accuracy@1: 0.5800 accuracy@2: 0.8200 accuracy@3: 0.8900 ] 
2024-03-27 13:43:17,285 - [Epoch  80 / 1000] rec_loss: 1.3234 cl_loss: 0.0000 
2024-03-27 13:43:17,634 - Epoch  80 Test set [precision@1: 0.5500 precision@2: 0.3800 precision@3: 0.3000 ] Test set [recall@1: 0.5500 recall@2: 0.7700 recall@3: 0.9000 ] Test set [f1score@1: 0.5500 f1score@2: 0.5100 f1score@3: 0.4500 ] Test set [accuracy@1: 0.5500 accuracy@2: 0.7700 accuracy@3: 0.9000 ] 
2024-03-27 13:43:18,391 - [Epoch  81 / 1000] rec_loss: 1.2971 cl_loss: 0.0000 
2024-03-27 13:43:18,722 - Epoch  81 Test set [precision@1: 0.5200 precision@2: 0.3900 precision@3: 0.3000 ] Test set [recall@1: 0.5200 recall@2: 0.7800 recall@3: 0.9000 ] Test set [f1score@1: 0.5200 f1score@2: 0.5200 f1score@3: 0.4500 ] Test set [accuracy@1: 0.5200 accuracy@2: 0.7800 accuracy@3: 0.9000 ] 
2024-03-27 13:43:19,491 - [Epoch  82 / 1000] rec_loss: 1.2622 cl_loss: 0.0000 
2024-03-27 13:43:19,839 - Epoch  82 Test set [precision@1: 0.5400 precision@2: 0.3800 precision@3: 0.2900 ] Test set [recall@1: 0.5400 recall@2: 0.7600 recall@3: 0.8800 ] Test set [f1score@1: 0.5400 f1score@2: 0.5100 f1score@3: 0.4400 ] Test set [accuracy@1: 0.5400 accuracy@2: 0.7600 accuracy@3: 0.8800 ] 
2024-03-27 13:43:20,612 - [Epoch  83 / 1000] rec_loss: 1.2098 cl_loss: 0.0000 
2024-03-27 13:43:20,944 - Epoch  83 Test set [precision@1: 0.4900 precision@2: 0.3800 precision@3: 0.3000 ] Test set [recall@1: 0.4900 recall@2: 0.7600 recall@3: 0.8900 ] Test set [f1score@1: 0.4900 f1score@2: 0.5100 f1score@3: 0.4400 ] Test set [accuracy@1: 0.4900 accuracy@2: 0.7600 accuracy@3: 0.8900 ] 
2024-03-27 13:43:21,741 - [Epoch  84 / 1000] rec_loss: 1.2244 cl_loss: 0.0000 
2024-03-27 13:43:22,103 - Epoch  84 Test set [precision@1: 0.5400 precision@2: 0.4000 precision@3: 0.3000 ] Test set [recall@1: 0.5400 recall@2: 0.8000 recall@3: 0.9000 ] Test set [f1score@1: 0.5400 f1score@2: 0.5300 f1score@3: 0.4500 ] Test set [accuracy@1: 0.5400 accuracy@2: 0.8000 accuracy@3: 0.9000 ] 
2024-03-27 13:43:22,869 - [Epoch  85 / 1000] rec_loss: 1.2056 cl_loss: 0.0000 
2024-03-27 13:43:23,209 - Epoch  85 Test set [precision@1: 0.5800 precision@2: 0.4200 precision@3: 0.3000 ] Test set [recall@1: 0.5800 recall@2: 0.8400 recall@3: 0.9100 ] Test set [f1score@1: 0.5800 f1score@2: 0.5600 f1score@3: 0.4600 ] Test set [accuracy@1: 0.5800 accuracy@2: 0.8400 accuracy@3: 0.9100 ] 
2024-03-27 13:43:23,978 - [Epoch  86 / 1000] rec_loss: 1.1443 cl_loss: 0.0000 
2024-03-27 13:43:24,388 - Epoch  86 Test set [precision@1: 0.6600 precision@2: 0.4300 precision@3: 0.3100 ] Test set [recall@1: 0.6600 recall@2: 0.8600 recall@3: 0.9200 ] Test set [f1score@1: 0.6600 f1score@2: 0.5700 f1score@3: 0.4600 ] Test set [accuracy@1: 0.6600 accuracy@2: 0.8600 accuracy@3: 0.9200 ] 
2024-03-27 13:43:25,252 - [Epoch  87 / 1000] rec_loss: 1.1974 cl_loss: 0.0000 
2024-03-27 13:43:25,618 - Epoch  87 Test set [precision@1: 0.6500 precision@2: 0.4300 precision@3: 0.3100 ] Test set [recall@1: 0.6500 recall@2: 0.8600 recall@3: 0.9200 ] Test set [f1score@1: 0.6500 f1score@2: 0.5700 f1score@3: 0.4600 ] Test set [accuracy@1: 0.6500 accuracy@2: 0.8600 accuracy@3: 0.9200 ] 
2024-03-27 13:43:26,399 - [Epoch  88 / 1000] rec_loss: 1.0949 cl_loss: 0.0000 
2024-03-27 13:43:26,762 - Epoch  88 Test set [precision@1: 0.6800 precision@2: 0.4400 precision@3: 0.3100 ] Test set [recall@1: 0.6800 recall@2: 0.8700 recall@3: 0.9200 ] Test set [f1score@1: 0.6800 f1score@2: 0.5800 f1score@3: 0.4600 ] Test set [accuracy@1: 0.6800 accuracy@2: 0.8700 accuracy@3: 0.9200 ] 
2024-03-27 13:43:27,584 - [Epoch  89 / 1000] rec_loss: 1.2027 cl_loss: 0.0000 
2024-03-27 13:43:27,919 - Epoch  89 Test set [precision@1: 0.5900 precision@2: 0.4100 precision@3: 0.3100 ] Test set [recall@1: 0.5900 recall@2: 0.8300 recall@3: 0.9300 ] Test set [f1score@1: 0.5900 f1score@2: 0.5500 f1score@3: 0.4700 ] Test set [accuracy@1: 0.5900 accuracy@2: 0.8300 accuracy@3: 0.9300 ] 
2024-03-27 13:43:28,595 - [Epoch  90 / 1000] rec_loss: 1.1671 cl_loss: 0.0000 
2024-03-27 13:43:28,912 - Epoch  90 Test set [precision@1: 0.6800 precision@2: 0.4400 precision@3: 0.3200 ] Test set [recall@1: 0.6800 recall@2: 0.8700 recall@3: 0.9600 ] Test set [f1score@1: 0.6800 f1score@2: 0.5800 f1score@3: 0.4800 ] Test set [accuracy@1: 0.6800 accuracy@2: 0.8700 accuracy@3: 0.9600 ] 
2024-03-27 13:43:29,575 - [Epoch  91 / 1000] rec_loss: 1.0497 cl_loss: 0.0000 
2024-03-27 13:43:29,869 - Epoch  91 Test set [precision@1: 0.7000 precision@2: 0.4400 precision@3: 0.3200 ] Test set [recall@1: 0.7000 recall@2: 0.8800 recall@3: 0.9600 ] Test set [f1score@1: 0.7000 f1score@2: 0.5900 f1score@3: 0.4800 ] Test set [accuracy@1: 0.7000 accuracy@2: 0.8800 accuracy@3: 0.9600 ] 
2024-03-27 13:43:30,538 - [Epoch  92 / 1000] rec_loss: 1.0356 cl_loss: 0.0000 
2024-03-27 13:43:30,836 - Epoch  92 Test set [precision@1: 0.6700 precision@2: 0.4400 precision@3: 0.3200 ] Test set [recall@1: 0.6700 recall@2: 0.8800 recall@3: 0.9500 ] Test set [f1score@1: 0.6700 f1score@2: 0.5900 f1score@3: 0.4700 ] Test set [accuracy@1: 0.6700 accuracy@2: 0.8800 accuracy@3: 0.9500 ] 
2024-03-27 13:43:31,481 - [Epoch  93 / 1000] rec_loss: 1.1144 cl_loss: 0.0000 
2024-03-27 13:43:31,781 - Epoch  93 Test set [precision@1: 0.6300 precision@2: 0.4300 precision@3: 0.3200 ] Test set [recall@1: 0.6300 recall@2: 0.8500 recall@3: 0.9500 ] Test set [f1score@1: 0.6300 f1score@2: 0.5700 f1score@3: 0.4700 ] Test set [accuracy@1: 0.6300 accuracy@2: 0.8500 accuracy@3: 0.9500 ] 
2024-03-27 13:43:32,481 - [Epoch  94 / 1000] rec_loss: 1.0100 cl_loss: 0.0000 
2024-03-27 13:43:32,795 - Epoch  94 Test set [precision@1: 0.6100 precision@2: 0.4300 precision@3: 0.3100 ] Test set [recall@1: 0.6100 recall@2: 0.8500 recall@3: 0.9400 ] Test set [f1score@1: 0.6100 f1score@2: 0.5700 f1score@3: 0.4700 ] Test set [accuracy@1: 0.6100 accuracy@2: 0.8500 accuracy@3: 0.9400 ] 
2024-03-27 13:43:33,511 - [Epoch  95 / 1000] rec_loss: 1.0020 cl_loss: 0.0000 
2024-03-27 13:43:33,843 - Epoch  95 Test set [precision@1: 0.6300 precision@2: 0.4100 precision@3: 0.3100 ] Test set [recall@1: 0.6300 recall@2: 0.8300 recall@3: 0.9200 ] Test set [f1score@1: 0.6300 f1score@2: 0.5500 f1score@3: 0.4600 ] Test set [accuracy@1: 0.6300 accuracy@2: 0.8300 accuracy@3: 0.9200 ] 
2024-03-27 13:43:34,577 - [Epoch  96 / 1000] rec_loss: 1.0141 cl_loss: 0.0000 
2024-03-27 13:43:34,908 - Epoch  96 Test set [precision@1: 0.6200 precision@2: 0.4300 precision@3: 0.3100 ] Test set [recall@1: 0.6200 recall@2: 0.8600 recall@3: 0.9400 ] Test set [f1score@1: 0.6200 f1score@2: 0.5700 f1score@3: 0.4700 ] Test set [accuracy@1: 0.6200 accuracy@2: 0.8600 accuracy@3: 0.9400 ] 
2024-03-27 13:43:35,614 - [Epoch  97 / 1000] rec_loss: 0.9828 cl_loss: 0.0000 
2024-03-27 13:43:35,933 - Epoch  97 Test set [precision@1: 0.6600 precision@2: 0.4300 precision@3: 0.3100 ] Test set [recall@1: 0.6600 recall@2: 0.8600 recall@3: 0.9400 ] Test set [f1score@1: 0.6600 f1score@2: 0.5700 f1score@3: 0.4700 ] Test set [accuracy@1: 0.6600 accuracy@2: 0.8600 accuracy@3: 0.9400 ] 
2024-03-27 13:43:36,633 - [Epoch  98 / 1000] rec_loss: 1.0261 cl_loss: 0.0000 
2024-03-27 13:43:36,939 - Epoch  98 Test set [precision@1: 0.6900 precision@2: 0.4400 precision@3: 0.3200 ] Test set [recall@1: 0.6900 recall@2: 0.8800 recall@3: 0.9500 ] Test set [f1score@1: 0.6900 f1score@2: 0.5900 f1score@3: 0.4700 ] Test set [accuracy@1: 0.6900 accuracy@2: 0.8800 accuracy@3: 0.9500 ] 
2024-03-27 13:43:37,642 - [Epoch  99 / 1000] rec_loss: 1.0076 cl_loss: 0.0000 
2024-03-27 13:43:37,959 - Epoch  99 Test set [precision@1: 0.7100 precision@2: 0.4400 precision@3: 0.3200 ] Test set [recall@1: 0.7100 recall@2: 0.8800 recall@3: 0.9500 ] Test set [f1score@1: 0.7100 f1score@2: 0.5900 f1score@3: 0.4700 ] Test set [accuracy@1: 0.7100 accuracy@2: 0.8800 accuracy@3: 0.9500 ] 
2024-03-27 13:43:38,673 - [Epoch 100 / 1000] rec_loss: 0.8998 cl_loss: 0.0000 
2024-03-27 13:43:38,983 - Epoch 100 Test set [precision@1: 0.7100 precision@2: 0.4400 precision@3: 0.3200 ] Test set [recall@1: 0.7100 recall@2: 0.8900 recall@3: 0.9600 ] Test set [f1score@1: 0.7100 f1score@2: 0.5900 f1score@3: 0.4800 ] Test set [accuracy@1: 0.7100 accuracy@2: 0.8900 accuracy@3: 0.9600 ] 
2024-03-27 13:43:39,682 - [Epoch 101 / 1000] rec_loss: 0.9252 cl_loss: 0.0000 
2024-03-27 13:43:40,020 - Epoch 101 Test set [precision@1: 0.7200 precision@2: 0.4500 precision@3: 0.3200 ] Test set [recall@1: 0.7200 recall@2: 0.9000 recall@3: 0.9600 ] Test set [f1score@1: 0.7200 f1score@2: 0.6000 f1score@3: 0.4800 ] Test set [accuracy@1: 0.7200 accuracy@2: 0.9000 accuracy@3: 0.9600 ] 
2024-03-27 13:43:40,731 - [Epoch 102 / 1000] rec_loss: 0.8876 cl_loss: 0.0000 
2024-03-27 13:43:41,054 - Epoch 102 Test set [precision@1: 0.6500 precision@2: 0.4500 precision@3: 0.3200 ] Test set [recall@1: 0.6500 recall@2: 0.9000 recall@3: 0.9500 ] Test set [f1score@1: 0.6500 f1score@2: 0.6000 f1score@3: 0.4700 ] Test set [accuracy@1: 0.6500 accuracy@2: 0.9000 accuracy@3: 0.9500 ] 
2024-03-27 13:43:41,722 - [Epoch 103 / 1000] rec_loss: 0.9476 cl_loss: 0.0000 
2024-03-27 13:43:42,031 - Epoch 103 Test set [precision@1: 0.6800 precision@2: 0.4500 precision@3: 0.3200 ] Test set [recall@1: 0.6800 recall@2: 0.9000 recall@3: 0.9500 ] Test set [f1score@1: 0.6800 f1score@2: 0.6000 f1score@3: 0.4700 ] Test set [accuracy@1: 0.6800 accuracy@2: 0.9000 accuracy@3: 0.9500 ] 
2024-03-27 13:43:42,767 - [Epoch 104 / 1000] rec_loss: 0.9328 cl_loss: 0.0000 
2024-03-27 13:43:43,076 - Epoch 104 Test set [precision@1: 0.7600 precision@2: 0.4500 precision@3: 0.3200 ] Test set [recall@1: 0.7600 recall@2: 0.9000 recall@3: 0.9600 ] Test set [f1score@1: 0.7600 f1score@2: 0.6000 f1score@3: 0.4800 ] Test set [accuracy@1: 0.7600 accuracy@2: 0.9000 accuracy@3: 0.9600 ] 
2024-03-27 13:43:43,735 - [Epoch 105 / 1000] rec_loss: 0.8851 cl_loss: 0.0000 
2024-03-27 13:43:44,032 - Epoch 105 Test set [precision@1: 0.7700 precision@2: 0.4500 precision@3: 0.3200 ] Test set [recall@1: 0.7700 recall@2: 0.9000 recall@3: 0.9600 ] Test set [f1score@1: 0.7700 f1score@2: 0.6000 f1score@3: 0.4800 ] Test set [accuracy@1: 0.7700 accuracy@2: 0.9000 accuracy@3: 0.9600 ] 
2024-03-27 13:43:44,670 - [Epoch 106 / 1000] rec_loss: 0.8542 cl_loss: 0.0000 
2024-03-27 13:43:44,967 - Epoch 106 Test set [precision@1: 0.7500 precision@2: 0.4600 precision@3: 0.3200 ] Test set [recall@1: 0.7500 recall@2: 0.9100 recall@3: 0.9600 ] Test set [f1score@1: 0.7500 f1score@2: 0.6100 f1score@3: 0.4800 ] Test set [accuracy@1: 0.7500 accuracy@2: 0.9100 accuracy@3: 0.9600 ] 
2024-03-27 13:43:45,615 - [Epoch 107 / 1000] rec_loss: 0.8805 cl_loss: 0.0000 
2024-03-27 13:43:45,913 - Epoch 107 Test set [precision@1: 0.7200 precision@2: 0.4600 precision@3: 0.3200 ] Test set [recall@1: 0.7200 recall@2: 0.9100 recall@3: 0.9600 ] Test set [f1score@1: 0.7200 f1score@2: 0.6100 f1score@3: 0.4800 ] Test set [accuracy@1: 0.7200 accuracy@2: 0.9100 accuracy@3: 0.9600 ] 
2024-03-27 13:43:46,558 - [Epoch 108 / 1000] rec_loss: 0.7999 cl_loss: 0.0000 
2024-03-27 13:43:46,859 - Epoch 108 Test set [precision@1: 0.7200 precision@2: 0.4700 precision@3: 0.3200 ] Test set [recall@1: 0.7200 recall@2: 0.9300 recall@3: 0.9600 ] Test set [f1score@1: 0.7200 f1score@2: 0.6200 f1score@3: 0.4800 ] Test set [accuracy@1: 0.7200 accuracy@2: 0.9300 accuracy@3: 0.9600 ] 
2024-03-27 13:43:47,568 - [Epoch 109 / 1000] rec_loss: 0.8150 cl_loss: 0.0000 
2024-03-27 13:43:47,882 - Epoch 109 Test set [precision@1: 0.7500 precision@2: 0.4700 precision@3: 0.3200 ] Test set [recall@1: 0.7500 recall@2: 0.9300 recall@3: 0.9600 ] Test set [f1score@1: 0.7500 f1score@2: 0.6200 f1score@3: 0.4800 ] Test set [accuracy@1: 0.7500 accuracy@2: 0.9300 accuracy@3: 0.9600 ] 
2024-03-27 13:43:48,576 - [Epoch 110 / 1000] rec_loss: 0.8877 cl_loss: 0.0000 
2024-03-27 13:43:48,883 - Epoch 110 Test set [precision@1: 0.7700 precision@2: 0.4600 precision@3: 0.3200 ] Test set [recall@1: 0.7700 recall@2: 0.9100 recall@3: 0.9600 ] Test set [f1score@1: 0.7700 f1score@2: 0.6100 f1score@3: 0.4800 ] Test set [accuracy@1: 0.7700 accuracy@2: 0.9100 accuracy@3: 0.9600 ] 
2024-03-27 13:43:49,637 - [Epoch 111 / 1000] rec_loss: 0.8159 cl_loss: 0.0000 
2024-03-27 13:43:50,017 - Epoch 111 Test set [precision@1: 0.8200 precision@2: 0.4700 precision@3: 0.3200 ] Test set [recall@1: 0.8200 recall@2: 0.9300 recall@3: 0.9600 ] Test set [f1score@1: 0.8200 f1score@2: 0.6200 f1score@3: 0.4800 ] Test set [accuracy@1: 0.8200 accuracy@2: 0.9300 accuracy@3: 0.9600 ] 
2024-03-27 13:43:50,682 - [Epoch 112 / 1000] rec_loss: 0.8975 cl_loss: 0.0000 
2024-03-27 13:43:50,977 - Epoch 112 Test set [precision@1: 0.7600 precision@2: 0.4700 precision@3: 0.3200 ] Test set [recall@1: 0.7600 recall@2: 0.9300 recall@3: 0.9500 ] Test set [f1score@1: 0.7600 f1score@2: 0.6200 f1score@3: 0.4700 ] Test set [accuracy@1: 0.7600 accuracy@2: 0.9300 accuracy@3: 0.9500 ] 
2024-03-27 13:43:51,625 - [Epoch 113 / 1000] rec_loss: 0.7755 cl_loss: 0.0000 
2024-03-27 13:43:51,920 - Epoch 113 Test set [precision@1: 0.7700 precision@2: 0.4700 precision@3: 0.3200 ] Test set [recall@1: 0.7700 recall@2: 0.9300 recall@3: 0.9500 ] Test set [f1score@1: 0.7700 f1score@2: 0.6200 f1score@3: 0.4700 ] Test set [accuracy@1: 0.7700 accuracy@2: 0.9300 accuracy@3: 0.9500 ] 
2024-03-27 13:43:52,579 - [Epoch 114 / 1000] rec_loss: 0.8563 cl_loss: 0.0000 
2024-03-27 13:43:52,890 - Epoch 114 Test set [precision@1: 0.8000 precision@2: 0.4600 precision@3: 0.3200 ] Test set [recall@1: 0.8000 recall@2: 0.9100 recall@3: 0.9600 ] Test set [f1score@1: 0.8000 f1score@2: 0.6100 f1score@3: 0.4800 ] Test set [accuracy@1: 0.8000 accuracy@2: 0.9100 accuracy@3: 0.9600 ] 
2024-03-27 13:43:53,538 - [Epoch 115 / 1000] rec_loss: 0.8275 cl_loss: 0.0000 
2024-03-27 13:43:53,842 - Epoch 115 Test set [precision@1: 0.7700 precision@2: 0.4700 precision@3: 0.3200 ] Test set [recall@1: 0.7700 recall@2: 0.9300 recall@3: 0.9600 ] Test set [f1score@1: 0.7700 f1score@2: 0.6200 f1score@3: 0.4800 ] Test set [accuracy@1: 0.7700 accuracy@2: 0.9300 accuracy@3: 0.9600 ] 
2024-03-27 13:43:54,531 - [Epoch 116 / 1000] rec_loss: 0.7618 cl_loss: 0.0000 
2024-03-27 13:43:54,837 - Epoch 116 Test set [precision@1: 0.7600 precision@2: 0.4700 precision@3: 0.3200 ] Test set [recall@1: 0.7600 recall@2: 0.9300 recall@3: 0.9600 ] Test set [f1score@1: 0.7600 f1score@2: 0.6200 f1score@3: 0.4800 ] Test set [accuracy@1: 0.7600 accuracy@2: 0.9300 accuracy@3: 0.9600 ] 
2024-03-27 13:43:55,489 - [Epoch 117 / 1000] rec_loss: 0.7176 cl_loss: 0.0000 
2024-03-27 13:43:55,785 - Epoch 117 Test set [precision@1: 0.7600 precision@2: 0.4700 precision@3: 0.3200 ] Test set [recall@1: 0.7600 recall@2: 0.9300 recall@3: 0.9600 ] Test set [f1score@1: 0.7600 f1score@2: 0.6200 f1score@3: 0.4800 ] Test set [accuracy@1: 0.7600 accuracy@2: 0.9300 accuracy@3: 0.9600 ] 
2024-03-27 13:43:56,446 - [Epoch 118 / 1000] rec_loss: 0.7722 cl_loss: 0.0000 
2024-03-27 13:43:56,755 - Epoch 118 Test set [precision@1: 0.7700 precision@2: 0.4600 precision@3: 0.3200 ] Test set [recall@1: 0.7700 recall@2: 0.9200 recall@3: 0.9700 ] Test set [f1score@1: 0.7700 f1score@2: 0.6100 f1score@3: 0.4900 ] Test set [accuracy@1: 0.7700 accuracy@2: 0.9200 accuracy@3: 0.9700 ] 
2024-03-27 13:43:57,502 - [Epoch 119 / 1000] rec_loss: 0.5922 cl_loss: 0.0000 
2024-03-27 13:43:57,916 - Epoch 119 Test set [precision@1: 0.7800 precision@2: 0.4600 precision@3: 0.3200 ] Test set [recall@1: 0.7800 recall@2: 0.9100 recall@3: 0.9700 ] Test set [f1score@1: 0.7800 f1score@2: 0.6100 f1score@3: 0.4900 ] Test set [accuracy@1: 0.7800 accuracy@2: 0.9100 accuracy@3: 0.9700 ] 
2024-03-27 13:43:58,681 - [Epoch 120 / 1000] rec_loss: 0.7644 cl_loss: 0.0000 
2024-03-27 13:43:58,986 - Epoch 120 Test set [precision@1: 0.7900 precision@2: 0.4600 precision@3: 0.3300 ] Test set [recall@1: 0.7900 recall@2: 0.9200 recall@3: 0.9800 ] Test set [f1score@1: 0.7900 f1score@2: 0.6100 f1score@3: 0.4900 ] Test set [accuracy@1: 0.7900 accuracy@2: 0.9200 accuracy@3: 0.9800 ] 
2024-03-27 13:43:59,921 - [Epoch 121 / 1000] rec_loss: 0.7010 cl_loss: 0.0000 
2024-03-27 13:44:00,253 - Epoch 121 Test set [precision@1: 0.8000 precision@2: 0.4700 precision@3: 0.3200 ] Test set [recall@1: 0.8000 recall@2: 0.9300 recall@3: 0.9700 ] Test set [f1score@1: 0.8000 f1score@2: 0.6200 f1score@3: 0.4900 ] Test set [accuracy@1: 0.8000 accuracy@2: 0.9300 accuracy@3: 0.9700 ] 
2024-03-27 13:44:00,958 - [Epoch 122 / 1000] rec_loss: 0.6907 cl_loss: 0.0000 
2024-03-27 13:44:01,271 - Epoch 122 Test set [precision@1: 0.8000 precision@2: 0.4700 precision@3: 0.3300 ] Test set [recall@1: 0.8000 recall@2: 0.9300 recall@3: 0.9800 ] Test set [f1score@1: 0.8000 f1score@2: 0.6200 f1score@3: 0.4900 ] Test set [accuracy@1: 0.8000 accuracy@2: 0.9300 accuracy@3: 0.9800 ] 
2024-03-27 13:44:01,955 - [Epoch 123 / 1000] rec_loss: 0.6338 cl_loss: 0.0000 
2024-03-27 13:44:02,258 - Epoch 123 Test set [precision@1: 0.8000 precision@2: 0.4700 precision@3: 0.3200 ] Test set [recall@1: 0.8000 recall@2: 0.9300 recall@3: 0.9700 ] Test set [f1score@1: 0.8000 f1score@2: 0.6200 f1score@3: 0.4900 ] Test set [accuracy@1: 0.8000 accuracy@2: 0.9300 accuracy@3: 0.9700 ] 
2024-03-27 13:44:03,054 - [Epoch 124 / 1000] rec_loss: 0.8557 cl_loss: 0.0000 
2024-03-27 13:44:03,413 - Epoch 124 Test set [precision@1: 0.8100 precision@2: 0.4700 precision@3: 0.3200 ] Test set [recall@1: 0.8100 recall@2: 0.9400 recall@3: 0.9700 ] Test set [f1score@1: 0.8100 f1score@2: 0.6300 f1score@3: 0.4900 ] Test set [accuracy@1: 0.8100 accuracy@2: 0.9400 accuracy@3: 0.9700 ] 
2024-03-27 13:44:04,158 - [Epoch 125 / 1000] rec_loss: 0.5963 cl_loss: 0.0000 
2024-03-27 13:44:04,458 - Epoch 125 Test set [precision@1: 0.8400 precision@2: 0.4800 precision@3: 0.3200 ] Test set [recall@1: 0.8400 recall@2: 0.9600 recall@3: 0.9700 ] Test set [f1score@1: 0.8400 f1score@2: 0.6400 f1score@3: 0.4900 ] Test set [accuracy@1: 0.8400 accuracy@2: 0.9600 accuracy@3: 0.9700 ] 
2024-03-27 13:44:05,213 - [Epoch 126 / 1000] rec_loss: 0.7479 cl_loss: 0.0000 
2024-03-27 13:44:05,520 - Epoch 126 Test set [precision@1: 0.8400 precision@2: 0.4700 precision@3: 0.3300 ] Test set [recall@1: 0.8400 recall@2: 0.9500 recall@3: 0.9800 ] Test set [f1score@1: 0.8400 f1score@2: 0.6300 f1score@3: 0.4900 ] Test set [accuracy@1: 0.8400 accuracy@2: 0.9500 accuracy@3: 0.9800 ] 
2024-03-27 13:44:06,282 - [Epoch 127 / 1000] rec_loss: 0.6617 cl_loss: 0.0000 
2024-03-27 13:44:06,619 - Epoch 127 Test set [precision@1: 0.8200 precision@2: 0.4800 precision@3: 0.3300 ] Test set [recall@1: 0.8200 recall@2: 0.9600 recall@3: 0.9800 ] Test set [f1score@1: 0.8200 f1score@2: 0.6400 f1score@3: 0.4900 ] Test set [accuracy@1: 0.8200 accuracy@2: 0.9600 accuracy@3: 0.9800 ] 
2024-03-27 13:44:07,289 - [Epoch 128 / 1000] rec_loss: 0.6441 cl_loss: 0.0000 
2024-03-27 13:44:07,600 - Epoch 128 Test set [precision@1: 0.7900 precision@2: 0.4700 precision@3: 0.3300 ] Test set [recall@1: 0.7900 recall@2: 0.9500 recall@3: 0.9900 ] Test set [f1score@1: 0.7900 f1score@2: 0.6300 f1score@3: 0.5000 ] Test set [accuracy@1: 0.7900 accuracy@2: 0.9500 accuracy@3: 0.9900 ] 
2024-03-27 13:44:08,312 - [Epoch 129 / 1000] rec_loss: 0.6418 cl_loss: 0.0000 
2024-03-27 13:44:08,638 - Epoch 129 Test set [precision@1: 0.7700 precision@2: 0.4900 precision@3: 0.3300 ] Test set [recall@1: 0.7700 recall@2: 0.9700 recall@3: 0.9900 ] Test set [f1score@1: 0.7700 f1score@2: 0.6500 f1score@3: 0.5000 ] Test set [accuracy@1: 0.7700 accuracy@2: 0.9700 accuracy@3: 0.9900 ] 
2024-03-27 13:44:09,353 - [Epoch 130 / 1000] rec_loss: 0.8159 cl_loss: 0.0000 
2024-03-27 13:44:09,667 - Epoch 130 Test set [precision@1: 0.7700 precision@2: 0.4800 precision@3: 0.3300 ] Test set [recall@1: 0.7700 recall@2: 0.9600 recall@3: 0.9900 ] Test set [f1score@1: 0.7700 f1score@2: 0.6400 f1score@3: 0.5000 ] Test set [accuracy@1: 0.7700 accuracy@2: 0.9600 accuracy@3: 0.9900 ] 
2024-03-27 13:44:10,361 - [Epoch 131 / 1000] rec_loss: 0.6856 cl_loss: 0.0000 
2024-03-27 13:44:10,703 - Epoch 131 Test set [precision@1: 0.8000 precision@2: 0.4900 precision@3: 0.3300 ] Test set [recall@1: 0.8000 recall@2: 0.9700 recall@3: 0.9900 ] Test set [f1score@1: 0.8000 f1score@2: 0.6500 f1score@3: 0.5000 ] Test set [accuracy@1: 0.8000 accuracy@2: 0.9700 accuracy@3: 0.9900 ] 
2024-03-27 13:44:11,378 - [Epoch 132 / 1000] rec_loss: 0.6600 cl_loss: 0.0000 
2024-03-27 13:44:11,693 - Epoch 132 Test set [precision@1: 0.8200 precision@2: 0.4900 precision@3: 0.3300 ] Test set [recall@1: 0.8200 recall@2: 0.9700 recall@3: 0.9900 ] Test set [f1score@1: 0.8200 f1score@2: 0.6500 f1score@3: 0.5000 ] Test set [accuracy@1: 0.8200 accuracy@2: 0.9700 accuracy@3: 0.9900 ] 
2024-03-27 13:44:12,346 - [Epoch 133 / 1000] rec_loss: 0.6278 cl_loss: 0.0000 
2024-03-27 13:44:12,693 - Epoch 133 Test set [precision@1: 0.8300 precision@2: 0.4900 precision@3: 0.3300 ] Test set [recall@1: 0.8300 recall@2: 0.9800 recall@3: 0.9900 ] Test set [f1score@1: 0.8300 f1score@2: 0.6500 f1score@3: 0.5000 ] Test set [accuracy@1: 0.8300 accuracy@2: 0.9800 accuracy@3: 0.9900 ] 
2024-03-27 13:44:13,368 - [Epoch 134 / 1000] rec_loss: 0.5587 cl_loss: 0.0000 
2024-03-27 13:44:13,676 - Epoch 134 Test set [precision@1: 0.8400 precision@2: 0.4900 precision@3: 0.3300 ] Test set [recall@1: 0.8400 recall@2: 0.9700 recall@3: 0.9800 ] Test set [f1score@1: 0.8400 f1score@2: 0.6500 f1score@3: 0.4900 ] Test set [accuracy@1: 0.8400 accuracy@2: 0.9700 accuracy@3: 0.9800 ] 
2024-03-27 13:44:14,320 - [Epoch 135 / 1000] rec_loss: 0.6947 cl_loss: 0.0000 
2024-03-27 13:44:14,625 - Epoch 135 Test set [precision@1: 0.8700 precision@2: 0.4900 precision@3: 0.3300 ] Test set [recall@1: 0.8700 recall@2: 0.9700 recall@3: 0.9800 ] Test set [f1score@1: 0.8700 f1score@2: 0.6500 f1score@3: 0.4900 ] Test set [accuracy@1: 0.8700 accuracy@2: 0.9700 accuracy@3: 0.9800 ] 
2024-03-27 13:44:15,307 - [Epoch 136 / 1000] rec_loss: 0.6246 cl_loss: 0.0000 
2024-03-27 13:44:15,635 - Epoch 136 Test set [precision@1: 0.8500 precision@2: 0.4900 precision@3: 0.3200 ] Test set [recall@1: 0.8500 recall@2: 0.9700 recall@3: 0.9700 ] Test set [f1score@1: 0.8500 f1score@2: 0.6500 f1score@3: 0.4900 ] Test set [accuracy@1: 0.8500 accuracy@2: 0.9700 accuracy@3: 0.9700 ] 
2024-03-27 13:44:16,320 - [Epoch 137 / 1000] rec_loss: 0.5959 cl_loss: 0.0000 
2024-03-27 13:44:16,611 - Epoch 137 Test set [precision@1: 0.8600 precision@2: 0.4700 precision@3: 0.3200 ] Test set [recall@1: 0.8600 recall@2: 0.9500 recall@3: 0.9700 ] Test set [f1score@1: 0.8600 f1score@2: 0.6300 f1score@3: 0.4900 ] Test set [accuracy@1: 0.8600 accuracy@2: 0.9500 accuracy@3: 0.9700 ] 
2024-03-27 13:44:17,348 - [Epoch 138 / 1000] rec_loss: 0.6135 cl_loss: 0.0000 
2024-03-27 13:44:17,672 - Epoch 138 Test set [precision@1: 0.8100 precision@2: 0.4700 precision@3: 0.3300 ] Test set [recall@1: 0.8100 recall@2: 0.9500 recall@3: 0.9800 ] Test set [f1score@1: 0.8100 f1score@2: 0.6300 f1score@3: 0.4900 ] Test set [accuracy@1: 0.8100 accuracy@2: 0.9500 accuracy@3: 0.9800 ] 
2024-03-27 13:44:18,374 - [Epoch 139 / 1000] rec_loss: 0.6428 cl_loss: 0.0000 
2024-03-27 13:44:18,706 - Epoch 139 Test set [precision@1: 0.7900 precision@2: 0.4900 precision@3: 0.3300 ] Test set [recall@1: 0.7900 recall@2: 0.9700 recall@3: 0.9900 ] Test set [f1score@1: 0.7900 f1score@2: 0.6500 f1score@3: 0.5000 ] Test set [accuracy@1: 0.7900 accuracy@2: 0.9700 accuracy@3: 0.9900 ] 
2024-03-27 13:44:19,417 - [Epoch 140 / 1000] rec_loss: 0.5692 cl_loss: 0.0000 
2024-03-27 13:44:19,731 - Epoch 140 Test set [precision@1: 0.7900 precision@2: 0.4900 precision@3: 0.3300 ] Test set [recall@1: 0.7900 recall@2: 0.9700 recall@3: 0.9900 ] Test set [f1score@1: 0.7900 f1score@2: 0.6500 f1score@3: 0.5000 ] Test set [accuracy@1: 0.7900 accuracy@2: 0.9700 accuracy@3: 0.9900 ] 
2024-03-27 13:44:20,441 - [Epoch 141 / 1000] rec_loss: 0.5606 cl_loss: 0.0000 
2024-03-27 13:44:20,784 - Epoch 141 Test set [precision@1: 0.7900 precision@2: 0.4900 precision@3: 0.3300 ] Test set [recall@1: 0.7900 recall@2: 0.9700 recall@3: 0.9900 ] Test set [f1score@1: 0.7900 f1score@2: 0.6500 f1score@3: 0.5000 ] Test set [accuracy@1: 0.7900 accuracy@2: 0.9700 accuracy@3: 0.9900 ] 
2024-03-27 13:44:21,472 - [Epoch 142 / 1000] rec_loss: 0.5608 cl_loss: 0.0000 
2024-03-27 13:44:21,795 - Epoch 142 Test set [precision@1: 0.8600 precision@2: 0.4900 precision@3: 0.3300 ] Test set [recall@1: 0.8600 recall@2: 0.9800 recall@3: 0.9900 ] Test set [f1score@1: 0.8600 f1score@2: 0.6500 f1score@3: 0.5000 ] Test set [accuracy@1: 0.8600 accuracy@2: 0.9800 accuracy@3: 0.9900 ] 
2024-03-27 13:44:22,535 - [Epoch 143 / 1000] rec_loss: 0.5651 cl_loss: 0.0000 
2024-03-27 13:44:22,861 - Epoch 143 Test set [precision@1: 0.8800 precision@2: 0.4900 precision@3: 0.3300 ] Test set [recall@1: 0.8800 recall@2: 0.9800 recall@3: 0.9900 ] Test set [f1score@1: 0.8800 f1score@2: 0.6500 f1score@3: 0.5000 ] Test set [accuracy@1: 0.8800 accuracy@2: 0.9800 accuracy@3: 0.9900 ] 
2024-03-27 13:44:23,594 - [Epoch 144 / 1000] rec_loss: 0.5199 cl_loss: 0.0000 
2024-03-27 13:44:23,928 - Epoch 144 Test set [precision@1: 0.8800 precision@2: 0.4900 precision@3: 0.3300 ] Test set [recall@1: 0.8800 recall@2: 0.9800 recall@3: 0.9900 ] Test set [f1score@1: 0.8800 f1score@2: 0.6500 f1score@3: 0.5000 ] Test set [accuracy@1: 0.8800 accuracy@2: 0.9800 accuracy@3: 0.9900 ] 
2024-03-27 13:44:24,678 - [Epoch 145 / 1000] rec_loss: 0.6047 cl_loss: 0.0000 
2024-03-27 13:44:24,992 - Epoch 145 Test set [precision@1: 0.8800 precision@2: 0.4900 precision@3: 0.3300 ] Test set [recall@1: 0.8800 recall@2: 0.9800 recall@3: 0.9900 ] Test set [f1score@1: 0.8800 f1score@2: 0.6500 f1score@3: 0.5000 ] Test set [accuracy@1: 0.8800 accuracy@2: 0.9800 accuracy@3: 0.9900 ] 
2024-03-27 13:44:25,722 - [Epoch 146 / 1000] rec_loss: 0.4288 cl_loss: 0.0000 
2024-03-27 13:44:26,075 - Epoch 146 Test set [precision@1: 0.8800 precision@2: 0.4900 precision@3: 0.3300 ] Test set [recall@1: 0.8800 recall@2: 0.9800 recall@3: 0.9900 ] Test set [f1score@1: 0.8800 f1score@2: 0.6500 f1score@3: 0.5000 ] Test set [accuracy@1: 0.8800 accuracy@2: 0.9800 accuracy@3: 0.9900 ] 
2024-03-27 13:44:26,792 - [Epoch 147 / 1000] rec_loss: 0.5192 cl_loss: 0.0000 
2024-03-27 13:44:27,121 - Epoch 147 Test set [precision@1: 0.8800 precision@2: 0.4900 precision@3: 0.3300 ] Test set [recall@1: 0.8800 recall@2: 0.9800 recall@3: 0.9900 ] Test set [f1score@1: 0.8800 f1score@2: 0.6500 f1score@3: 0.5000 ] Test set [accuracy@1: 0.8800 accuracy@2: 0.9800 accuracy@3: 0.9900 ] 
2024-03-27 13:44:27,898 - [Epoch 148 / 1000] rec_loss: 0.4955 cl_loss: 0.0000 
2024-03-27 13:44:28,242 - Epoch 148 Test set [precision@1: 0.8600 precision@2: 0.4900 precision@3: 0.3300 ] Test set [recall@1: 0.8600 recall@2: 0.9800 recall@3: 0.9900 ] Test set [f1score@1: 0.8600 f1score@2: 0.6500 f1score@3: 0.5000 ] Test set [accuracy@1: 0.8600 accuracy@2: 0.9800 accuracy@3: 0.9900 ] 
2024-03-27 13:44:28,995 - [Epoch 149 / 1000] rec_loss: 0.5196 cl_loss: 0.0000 
2024-03-27 13:44:29,381 - Epoch 149 Test set [precision@1: 0.8600 precision@2: 0.4900 precision@3: 0.3300 ] Test set [recall@1: 0.8600 recall@2: 0.9800 recall@3: 0.9900 ] Test set [f1score@1: 0.8600 f1score@2: 0.6500 f1score@3: 0.5000 ] Test set [accuracy@1: 0.8600 accuracy@2: 0.9800 accuracy@3: 0.9900 ] 
2024-03-27 13:44:30,115 - [Epoch 150 / 1000] rec_loss: 0.4883 cl_loss: 0.0000 
2024-03-27 13:44:30,433 - Epoch 150 Test set [precision@1: 0.8700 precision@2: 0.4900 precision@3: 0.3300 ] Test set [recall@1: 0.8700 recall@2: 0.9800 recall@3: 0.9900 ] Test set [f1score@1: 0.8700 f1score@2: 0.6500 f1score@3: 0.5000 ] Test set [accuracy@1: 0.8700 accuracy@2: 0.9800 accuracy@3: 0.9900 ] 
2024-03-27 13:44:31,124 - [Epoch 151 / 1000] rec_loss: 0.5300 cl_loss: 0.0000 
2024-03-27 13:44:31,434 - Epoch 151 Test set [precision@1: 0.8700 precision@2: 0.4900 precision@3: 0.3300 ] Test set [recall@1: 0.8700 recall@2: 0.9800 recall@3: 0.9900 ] Test set [f1score@1: 0.8700 f1score@2: 0.6500 f1score@3: 0.5000 ] Test set [accuracy@1: 0.8700 accuracy@2: 0.9800 accuracy@3: 0.9900 ] 
2024-03-27 13:44:32,138 - [Epoch 152 / 1000] rec_loss: 0.4399 cl_loss: 0.0000 
2024-03-27 13:44:32,469 - Epoch 152 Test set [precision@1: 0.8800 precision@2: 0.4900 precision@3: 0.3300 ] Test set [recall@1: 0.8800 recall@2: 0.9800 recall@3: 0.9900 ] Test set [f1score@1: 0.8800 f1score@2: 0.6500 f1score@3: 0.5000 ] Test set [accuracy@1: 0.8800 accuracy@2: 0.9800 accuracy@3: 0.9900 ] 
2024-03-27 13:44:33,198 - [Epoch 153 / 1000] rec_loss: 0.4660 cl_loss: 0.0000 
2024-03-27 13:44:33,504 - Epoch 153 Test set [precision@1: 0.8900 precision@2: 0.4900 precision@3: 0.3300 ] Test set [recall@1: 0.8900 recall@2: 0.9800 recall@3: 0.9900 ] Test set [f1score@1: 0.8900 f1score@2: 0.6500 f1score@3: 0.5000 ] Test set [accuracy@1: 0.8900 accuracy@2: 0.9800 accuracy@3: 0.9900 ] 
2024-03-27 13:44:34,167 - [Epoch 154 / 1000] rec_loss: 0.4804 cl_loss: 0.0000 
2024-03-27 13:44:34,469 - Epoch 154 Test set [precision@1: 0.9200 precision@2: 0.4900 precision@3: 0.3300 ] Test set [recall@1: 0.9200 recall@2: 0.9800 recall@3: 0.9900 ] Test set [f1score@1: 0.9200 f1score@2: 0.6500 f1score@3: 0.5000 ] Test set [accuracy@1: 0.9200 accuracy@2: 0.9800 accuracy@3: 0.9900 ] 
2024-03-27 13:44:35,156 - [Epoch 155 / 1000] rec_loss: 0.4401 cl_loss: 0.0000 
2024-03-27 13:44:35,454 - Epoch 155 Test set [precision@1: 0.8900 precision@2: 0.4900 precision@3: 0.3300 ] Test set [recall@1: 0.8900 recall@2: 0.9800 recall@3: 0.9900 ] Test set [f1score@1: 0.8900 f1score@2: 0.6500 f1score@3: 0.5000 ] Test set [accuracy@1: 0.8900 accuracy@2: 0.9800 accuracy@3: 0.9900 ] 
2024-03-27 13:44:36,091 - [Epoch 156 / 1000] rec_loss: 0.3947 cl_loss: 0.0000 
2024-03-27 13:44:36,385 - Epoch 156 Test set [precision@1: 0.9100 precision@2: 0.4900 precision@3: 0.3300 ] Test set [recall@1: 0.9100 recall@2: 0.9800 recall@3: 0.9900 ] Test set [f1score@1: 0.9100 f1score@2: 0.6500 f1score@3: 0.5000 ] Test set [accuracy@1: 0.9100 accuracy@2: 0.9800 accuracy@3: 0.9900 ] 
2024-03-27 13:44:37,030 - [Epoch 157 / 1000] rec_loss: 0.5834 cl_loss: 0.0000 
2024-03-27 13:44:37,326 - Epoch 157 Test set [precision@1: 0.8900 precision@2: 0.4900 precision@3: 0.3300 ] Test set [recall@1: 0.8900 recall@2: 0.9800 recall@3: 0.9900 ] Test set [f1score@1: 0.8900 f1score@2: 0.6500 f1score@3: 0.5000 ] Test set [accuracy@1: 0.8900 accuracy@2: 0.9800 accuracy@3: 0.9900 ] 
2024-03-27 13:44:37,965 - [Epoch 158 / 1000] rec_loss: 0.5961 cl_loss: 0.0000 
2024-03-27 13:44:38,260 - Epoch 158 Test set [precision@1: 0.8800 precision@2: 0.4900 precision@3: 0.3300 ] Test set [recall@1: 0.8800 recall@2: 0.9800 recall@3: 0.9900 ] Test set [f1score@1: 0.8800 f1score@2: 0.6500 f1score@3: 0.5000 ] Test set [accuracy@1: 0.8800 accuracy@2: 0.9800 accuracy@3: 0.9900 ] 
2024-03-27 13:44:38,905 - [Epoch 159 / 1000] rec_loss: 0.4236 cl_loss: 0.0000 
2024-03-27 13:44:39,202 - Epoch 159 Test set [precision@1: 0.8700 precision@2: 0.5000 precision@3: 0.3300 ] Test set [recall@1: 0.8700 recall@2: 0.9900 recall@3: 0.9900 ] Test set [f1score@1: 0.8700 f1score@2: 0.6600 f1score@3: 0.5000 ] Test set [accuracy@1: 0.8700 accuracy@2: 0.9900 accuracy@3: 0.9900 ] 
2024-03-27 13:44:39,847 - [Epoch 160 / 1000] rec_loss: 0.4180 cl_loss: 0.0000 
2024-03-27 13:44:40,147 - Epoch 160 Test set [precision@1: 0.9000 precision@2: 0.4900 precision@3: 0.3300 ] Test set [recall@1: 0.9000 recall@2: 0.9800 recall@3: 0.9900 ] Test set [f1score@1: 0.9000 f1score@2: 0.6500 f1score@3: 0.5000 ] Test set [accuracy@1: 0.9000 accuracy@2: 0.9800 accuracy@3: 0.9900 ] 
2024-03-27 13:44:40,814 - [Epoch 161 / 1000] rec_loss: 0.4698 cl_loss: 0.0000 
2024-03-27 13:44:41,119 - Epoch 161 Test set [precision@1: 0.9000 precision@2: 0.4900 precision@3: 0.3300 ] Test set [recall@1: 0.9000 recall@2: 0.9800 recall@3: 0.9900 ] Test set [f1score@1: 0.9000 f1score@2: 0.6500 f1score@3: 0.5000 ] Test set [accuracy@1: 0.9000 accuracy@2: 0.9800 accuracy@3: 0.9900 ] 
2024-03-27 13:44:41,808 - [Epoch 162 / 1000] rec_loss: 0.4580 cl_loss: 0.0000 
2024-03-27 13:44:42,126 - Epoch 162 Test set [precision@1: 0.9100 precision@2: 0.4900 precision@3: 0.3300 ] Test set [recall@1: 0.9100 recall@2: 0.9800 recall@3: 0.9900 ] Test set [f1score@1: 0.9100 f1score@2: 0.6500 f1score@3: 0.5000 ] Test set [accuracy@1: 0.9100 accuracy@2: 0.9800 accuracy@3: 0.9900 ] 
2024-03-27 13:44:42,791 - [Epoch 163 / 1000] rec_loss: 0.4437 cl_loss: 0.0000 
2024-03-27 13:44:43,102 - Epoch 163 Test set [precision@1: 0.9000 precision@2: 0.4900 precision@3: 0.3300 ] Test set [recall@1: 0.9000 recall@2: 0.9800 recall@3: 0.9900 ] Test set [f1score@1: 0.9000 f1score@2: 0.6500 f1score@3: 0.5000 ] Test set [accuracy@1: 0.9000 accuracy@2: 0.9800 accuracy@3: 0.9900 ] 
2024-03-27 13:44:43,763 - [Epoch 164 / 1000] rec_loss: 0.5702 cl_loss: 0.0000 
2024-03-27 13:44:44,079 - Epoch 164 Test set [precision@1: 0.9000 precision@2: 0.4900 precision@3: 0.3300 ] Test set [recall@1: 0.9000 recall@2: 0.9800 recall@3: 0.9900 ] Test set [f1score@1: 0.9000 f1score@2: 0.6500 f1score@3: 0.5000 ] Test set [accuracy@1: 0.9000 accuracy@2: 0.9800 accuracy@3: 0.9900 ] 
2024-03-27 13:44:44,764 - [Epoch 165 / 1000] rec_loss: 0.4118 cl_loss: 0.0000 
2024-03-27 13:44:45,073 - Epoch 165 Test set [precision@1: 0.9300 precision@2: 0.5000 precision@3: 0.3300 ] Test set [recall@1: 0.9300 recall@2: 0.9900 recall@3: 1.0000 ] Test set [f1score@1: 0.9300 f1score@2: 0.6600 f1score@3: 0.5000 ] Test set [accuracy@1: 0.9300 accuracy@2: 0.9900 accuracy@3: 1.0000 ] 
2024-03-27 13:44:45,765 - [Epoch 166 / 1000] rec_loss: 0.3997 cl_loss: 0.0000 
2024-03-27 13:44:46,083 - Epoch 166 Test set [precision@1: 0.9500 precision@2: 0.5000 precision@3: 0.3300 ] Test set [recall@1: 0.9500 recall@2: 0.9900 recall@3: 1.0000 ] Test set [f1score@1: 0.9500 f1score@2: 0.6600 f1score@3: 0.5000 ] Test set [accuracy@1: 0.9500 accuracy@2: 0.9900 accuracy@3: 1.0000 ] 
2024-03-27 13:44:46,812 - [Epoch 167 / 1000] rec_loss: 0.4084 cl_loss: 0.0000 
2024-03-27 13:44:47,121 - Epoch 167 Test set [precision@1: 0.9400 precision@2: 0.4900 precision@3: 0.3300 ] Test set [recall@1: 0.9400 recall@2: 0.9800 recall@3: 0.9900 ] Test set [f1score@1: 0.9400 f1score@2: 0.6500 f1score@3: 0.5000 ] Test set [accuracy@1: 0.9400 accuracy@2: 0.9800 accuracy@3: 0.9900 ] 
2024-03-27 13:44:47,793 - [Epoch 168 / 1000] rec_loss: 0.3512 cl_loss: 0.0000 
2024-03-27 13:44:48,109 - Epoch 168 Test set [precision@1: 0.9000 precision@2: 0.4900 precision@3: 0.3300 ] Test set [recall@1: 0.9000 recall@2: 0.9800 recall@3: 0.9900 ] Test set [f1score@1: 0.9000 f1score@2: 0.6500 f1score@3: 0.5000 ] Test set [accuracy@1: 0.9000 accuracy@2: 0.9800 accuracy@3: 0.9900 ] 
2024-03-27 13:44:48,756 - [Epoch 169 / 1000] rec_loss: 0.6966 cl_loss: 0.0000 
2024-03-27 13:44:49,060 - Epoch 169 Test set [precision@1: 0.9200 precision@2: 0.4900 precision@3: 0.3300 ] Test set [recall@1: 0.9200 recall@2: 0.9800 recall@3: 0.9900 ] Test set [f1score@1: 0.9200 f1score@2: 0.6500 f1score@3: 0.5000 ] Test set [accuracy@1: 0.9200 accuracy@2: 0.9800 accuracy@3: 0.9900 ] 
2024-03-27 13:44:49,729 - [Epoch 170 / 1000] rec_loss: 0.2939 cl_loss: 0.0000 
2024-03-27 13:44:50,030 - Epoch 170 Test set [precision@1: 0.9500 precision@2: 0.4900 precision@3: 0.3300 ] Test set [recall@1: 0.9500 recall@2: 0.9800 recall@3: 0.9900 ] Test set [f1score@1: 0.9500 f1score@2: 0.6500 f1score@3: 0.5000 ] Test set [accuracy@1: 0.9500 accuracy@2: 0.9800 accuracy@3: 0.9900 ] 
2024-03-27 13:44:50,674 - [Epoch 171 / 1000] rec_loss: 0.4274 cl_loss: 0.0000 
2024-03-27 13:44:50,974 - Epoch 171 Test set [precision@1: 0.9200 precision@2: 0.4900 precision@3: 0.3300 ] Test set [recall@1: 0.9200 recall@2: 0.9800 recall@3: 0.9900 ] Test set [f1score@1: 0.9200 f1score@2: 0.6500 f1score@3: 0.5000 ] Test set [accuracy@1: 0.9200 accuracy@2: 0.9800 accuracy@3: 0.9900 ] 
2024-03-27 13:44:51,726 - [Epoch 172 / 1000] rec_loss: 0.4112 cl_loss: 0.0000 
2024-03-27 13:44:52,037 - Epoch 172 Test set [precision@1: 0.9200 precision@2: 0.5000 precision@3: 0.3300 ] Test set [recall@1: 0.9200 recall@2: 0.9900 recall@3: 0.9900 ] Test set [f1score@1: 0.9200 f1score@2: 0.6600 f1score@3: 0.5000 ] Test set [accuracy@1: 0.9200 accuracy@2: 0.9900 accuracy@3: 0.9900 ] 
2024-03-27 13:44:52,730 - [Epoch 173 / 1000] rec_loss: 0.3466 cl_loss: 0.0000 
2024-03-27 13:44:53,056 - Epoch 173 Test set [precision@1: 0.9200 precision@2: 0.5000 precision@3: 0.3300 ] Test set [recall@1: 0.9200 recall@2: 0.9900 recall@3: 0.9900 ] Test set [f1score@1: 0.9200 f1score@2: 0.6600 f1score@3: 0.5000 ] Test set [accuracy@1: 0.9200 accuracy@2: 0.9900 accuracy@3: 0.9900 ] 
2024-03-27 13:44:53,733 - [Epoch 174 / 1000] rec_loss: 0.3489 cl_loss: 0.0000 
2024-03-27 13:44:54,083 - Epoch 174 Test set [precision@1: 0.9400 precision@2: 0.5000 precision@3: 0.3300 ] Test set [recall@1: 0.9400 recall@2: 0.9900 recall@3: 0.9900 ] Test set [f1score@1: 0.9400 f1score@2: 0.6600 f1score@3: 0.5000 ] Test set [accuracy@1: 0.9400 accuracy@2: 0.9900 accuracy@3: 0.9900 ] 
2024-03-27 13:44:54,808 - [Epoch 175 / 1000] rec_loss: 0.4878 cl_loss: 0.0000 
2024-03-27 13:44:55,112 - Epoch 175 Test set [precision@1: 0.9300 precision@2: 0.5000 precision@3: 0.3300 ] Test set [recall@1: 0.9300 recall@2: 0.9900 recall@3: 0.9900 ] Test set [f1score@1: 0.9300 f1score@2: 0.6600 f1score@3: 0.5000 ] Test set [accuracy@1: 0.9300 accuracy@2: 0.9900 accuracy@3: 0.9900 ] 
2024-03-27 13:44:55,786 - [Epoch 176 / 1000] rec_loss: 0.4487 cl_loss: 0.0000 
2024-03-27 13:44:56,095 - Epoch 176 Test set [precision@1: 0.9400 precision@2: 0.5000 precision@3: 0.3300 ] Test set [recall@1: 0.9400 recall@2: 0.9900 recall@3: 0.9900 ] Test set [f1score@1: 0.9400 f1score@2: 0.6600 f1score@3: 0.5000 ] Test set [accuracy@1: 0.9400 accuracy@2: 0.9900 accuracy@3: 0.9900 ] 
2024-03-27 13:44:56,793 - [Epoch 177 / 1000] rec_loss: 0.3530 cl_loss: 0.0000 
2024-03-27 13:44:57,095 - Epoch 177 Test set [precision@1: 0.9300 precision@2: 0.4900 precision@3: 0.3300 ] Test set [recall@1: 0.9300 recall@2: 0.9800 recall@3: 0.9900 ] Test set [f1score@1: 0.9300 f1score@2: 0.6500 f1score@3: 0.5000 ] Test set [accuracy@1: 0.9300 accuracy@2: 0.9800 accuracy@3: 0.9900 ] 
2024-03-27 13:44:57,762 - [Epoch 178 / 1000] rec_loss: 0.3800 cl_loss: 0.0000 
2024-03-27 13:44:58,066 - Epoch 178 Test set [precision@1: 0.9300 precision@2: 0.4900 precision@3: 0.3300 ] Test set [recall@1: 0.9300 recall@2: 0.9800 recall@3: 1.0000 ] Test set [f1score@1: 0.9300 f1score@2: 0.6500 f1score@3: 0.5000 ] Test set [accuracy@1: 0.9300 accuracy@2: 0.9800 accuracy@3: 1.0000 ] 
2024-03-27 13:44:58,729 - [Epoch 179 / 1000] rec_loss: 0.3651 cl_loss: 0.0000 
2024-03-27 13:44:59,025 - Epoch 179 Test set [precision@1: 0.9400 precision@2: 0.4900 precision@3: 0.3300 ] Test set [recall@1: 0.9400 recall@2: 0.9800 recall@3: 0.9900 ] Test set [f1score@1: 0.9400 f1score@2: 0.6500 f1score@3: 0.5000 ] Test set [accuracy@1: 0.9400 accuracy@2: 0.9800 accuracy@3: 0.9900 ] 
2024-03-27 13:44:59,670 - [Epoch 180 / 1000] rec_loss: 0.2990 cl_loss: 0.0000 
2024-03-27 13:44:59,968 - Epoch 180 Test set [precision@1: 0.9500 precision@2: 0.4900 precision@3: 0.3300 ] Test set [recall@1: 0.9500 recall@2: 0.9800 recall@3: 0.9900 ] Test set [f1score@1: 0.9500 f1score@2: 0.6500 f1score@3: 0.5000 ] Test set [accuracy@1: 0.9500 accuracy@2: 0.9800 accuracy@3: 0.9900 ] 
2024-03-27 13:45:00,698 - [Epoch 181 / 1000] rec_loss: 0.3810 cl_loss: 0.0000 
2024-03-27 13:45:01,024 - Epoch 181 Test set [precision@1: 0.9300 precision@2: 0.4900 precision@3: 0.3300 ] Test set [recall@1: 0.9300 recall@2: 0.9800 recall@3: 0.9900 ] Test set [f1score@1: 0.9300 f1score@2: 0.6500 f1score@3: 0.5000 ] Test set [accuracy@1: 0.9300 accuracy@2: 0.9800 accuracy@3: 0.9900 ] 
2024-03-27 13:45:01,692 - [Epoch 182 / 1000] rec_loss: 0.2940 cl_loss: 0.0000 
2024-03-27 13:45:02,033 - Epoch 182 Test set [precision@1: 0.9300 precision@2: 0.4900 precision@3: 0.3300 ] Test set [recall@1: 0.9300 recall@2: 0.9800 recall@3: 0.9900 ] Test set [f1score@1: 0.9300 f1score@2: 0.6500 f1score@3: 0.5000 ] Test set [accuracy@1: 0.9300 accuracy@2: 0.9800 accuracy@3: 0.9900 ] 
2024-03-27 13:45:02,690 - [Epoch 183 / 1000] rec_loss: 0.4067 cl_loss: 0.0000 
2024-03-27 13:45:02,995 - Epoch 183 Test set [precision@1: 0.9400 precision@2: 0.4900 precision@3: 0.3300 ] Test set [recall@1: 0.9400 recall@2: 0.9800 recall@3: 0.9900 ] Test set [f1score@1: 0.9400 f1score@2: 0.6500 f1score@3: 0.5000 ] Test set [accuracy@1: 0.9400 accuracy@2: 0.9800 accuracy@3: 0.9900 ] 
2024-03-27 13:45:03,688 - [Epoch 184 / 1000] rec_loss: 0.3327 cl_loss: 0.0000 
2024-03-27 13:45:03,994 - Epoch 184 Test set [precision@1: 0.9500 precision@2: 0.4900 precision@3: 0.3300 ] Test set [recall@1: 0.9500 recall@2: 0.9800 recall@3: 0.9900 ] Test set [f1score@1: 0.9500 f1score@2: 0.6500 f1score@3: 0.5000 ] Test set [accuracy@1: 0.9500 accuracy@2: 0.9800 accuracy@3: 0.9900 ] 
2024-03-27 13:45:04,655 - [Epoch 185 / 1000] rec_loss: 0.3266 cl_loss: 0.0000 
2024-03-27 13:45:04,958 - Epoch 185 Test set [precision@1: 0.9500 precision@2: 0.5000 precision@3: 0.3300 ] Test set [recall@1: 0.9500 recall@2: 0.9900 recall@3: 0.9900 ] Test set [f1score@1: 0.9500 f1score@2: 0.6600 f1score@3: 0.5000 ] Test set [accuracy@1: 0.9500 accuracy@2: 0.9900 accuracy@3: 0.9900 ] 
2024-03-27 13:45:05,643 - [Epoch 186 / 1000] rec_loss: 0.3083 cl_loss: 0.0000 
2024-03-27 13:45:05,984 - Epoch 186 Test set [precision@1: 0.9600 precision@2: 0.4900 precision@3: 0.3300 ] Test set [recall@1: 0.9600 recall@2: 0.9800 recall@3: 1.0000 ] Test set [f1score@1: 0.9600 f1score@2: 0.6500 f1score@3: 0.5000 ] Test set [accuracy@1: 0.9600 accuracy@2: 0.9800 accuracy@3: 1.0000 ] 
2024-03-27 13:45:06,696 - [Epoch 187 / 1000] rec_loss: 0.3299 cl_loss: 0.0000 
2024-03-27 13:45:07,000 - Epoch 187 Test set [precision@1: 0.9600 precision@2: 0.4900 precision@3: 0.3300 ] Test set [recall@1: 0.9600 recall@2: 0.9800 recall@3: 0.9900 ] Test set [f1score@1: 0.9600 f1score@2: 0.6500 f1score@3: 0.5000 ] Test set [accuracy@1: 0.9600 accuracy@2: 0.9800 accuracy@3: 0.9900 ] 
2024-03-27 13:45:07,657 - [Epoch 188 / 1000] rec_loss: 0.4242 cl_loss: 0.0000 
2024-03-27 13:45:07,959 - Epoch 188 Test set [precision@1: 0.9600 precision@2: 0.4900 precision@3: 0.3300 ] Test set [recall@1: 0.9600 recall@2: 0.9800 recall@3: 0.9900 ] Test set [f1score@1: 0.9600 f1score@2: 0.6500 f1score@3: 0.5000 ] Test set [accuracy@1: 0.9600 accuracy@2: 0.9800 accuracy@3: 0.9900 ] 
2024-03-27 13:45:08,664 - [Epoch 189 / 1000] rec_loss: 0.2647 cl_loss: 0.0000 
2024-03-27 13:45:08,972 - Epoch 189 Test set [precision@1: 0.9600 precision@2: 0.5000 precision@3: 0.3300 ] Test set [recall@1: 0.9600 recall@2: 0.9900 recall@3: 0.9900 ] Test set [f1score@1: 0.9600 f1score@2: 0.6600 f1score@3: 0.5000 ] Test set [accuracy@1: 0.9600 accuracy@2: 0.9900 accuracy@3: 0.9900 ] 
2024-03-27 13:45:09,678 - [Epoch 190 / 1000] rec_loss: 0.4702 cl_loss: 0.0000 
2024-03-27 13:45:10,044 - Epoch 190 Test set [precision@1: 0.9600 precision@2: 0.4900 precision@3: 0.3300 ] Test set [recall@1: 0.9600 recall@2: 0.9800 recall@3: 0.9900 ] Test set [f1score@1: 0.9600 f1score@2: 0.6500 f1score@3: 0.5000 ] Test set [accuracy@1: 0.9600 accuracy@2: 0.9800 accuracy@3: 0.9900 ] 
2024-03-27 13:45:10,829 - [Epoch 191 / 1000] rec_loss: 0.3040 cl_loss: 0.0000 
2024-03-27 13:45:11,161 - Epoch 191 Test set [precision@1: 0.9600 precision@2: 0.4900 precision@3: 0.3300 ] Test set [recall@1: 0.9600 recall@2: 0.9800 recall@3: 1.0000 ] Test set [f1score@1: 0.9600 f1score@2: 0.6500 f1score@3: 0.5000 ] Test set [accuracy@1: 0.9600 accuracy@2: 0.9800 accuracy@3: 1.0000 ] 
2024-03-27 13:45:11,824 - [Epoch 192 / 1000] rec_loss: 0.3463 cl_loss: 0.0000 
2024-03-27 13:45:12,131 - Epoch 192 Test set [precision@1: 0.9600 precision@2: 0.4900 precision@3: 0.3300 ] Test set [recall@1: 0.9600 recall@2: 0.9800 recall@3: 0.9900 ] Test set [f1score@1: 0.9600 f1score@2: 0.6500 f1score@3: 0.5000 ] Test set [accuracy@1: 0.9600 accuracy@2: 0.9800 accuracy@3: 0.9900 ] 
2024-03-27 13:45:12,804 - [Epoch 193 / 1000] rec_loss: 0.2822 cl_loss: 0.0000 
2024-03-27 13:45:13,102 - Epoch 193 Test set [precision@1: 0.9600 precision@2: 0.4900 precision@3: 0.3300 ] Test set [recall@1: 0.9600 recall@2: 0.9800 recall@3: 0.9900 ] Test set [f1score@1: 0.9600 f1score@2: 0.6500 f1score@3: 0.5000 ] Test set [accuracy@1: 0.9600 accuracy@2: 0.9800 accuracy@3: 0.9900 ] 
2024-03-27 13:45:13,761 - [Epoch 194 / 1000] rec_loss: 0.2819 cl_loss: 0.0000 
2024-03-27 13:45:14,068 - Epoch 194 Test set [precision@1: 0.9600 precision@2: 0.4900 precision@3: 0.3300 ] Test set [recall@1: 0.9600 recall@2: 0.9800 recall@3: 0.9900 ] Test set [f1score@1: 0.9600 f1score@2: 0.6500 f1score@3: 0.5000 ] Test set [accuracy@1: 0.9600 accuracy@2: 0.9800 accuracy@3: 0.9900 ] 
2024-03-27 13:45:14,766 - [Epoch 195 / 1000] rec_loss: 0.2995 cl_loss: 0.0000 
2024-03-27 13:45:15,074 - Epoch 195 Test set [precision@1: 0.9500 precision@2: 0.4900 precision@3: 0.3300 ] Test set [recall@1: 0.9500 recall@2: 0.9800 recall@3: 1.0000 ] Test set [f1score@1: 0.9500 f1score@2: 0.6500 f1score@3: 0.5000 ] Test set [accuracy@1: 0.9500 accuracy@2: 0.9800 accuracy@3: 1.0000 ] 
2024-03-27 13:45:15,723 - [Epoch 196 / 1000] rec_loss: 0.3291 cl_loss: 0.0000 
2024-03-27 13:45:16,027 - Epoch 196 Test set [precision@1: 0.9500 precision@2: 0.4900 precision@3: 0.3300 ] Test set [recall@1: 0.9500 recall@2: 0.9800 recall@3: 1.0000 ] Test set [f1score@1: 0.9500 f1score@2: 0.6500 f1score@3: 0.5000 ] Test set [accuracy@1: 0.9500 accuracy@2: 0.9800 accuracy@3: 1.0000 ] 
2024-03-27 13:45:16,671 - [Epoch 197 / 1000] rec_loss: 0.2334 cl_loss: 0.0000 
2024-03-27 13:45:16,967 - Epoch 197 Test set [precision@1: 0.9700 precision@2: 0.4900 precision@3: 0.3300 ] Test set [recall@1: 0.9700 recall@2: 0.9800 recall@3: 1.0000 ] Test set [f1score@1: 0.9700 f1score@2: 0.6500 f1score@3: 0.5000 ] Test set [accuracy@1: 0.9700 accuracy@2: 0.9800 accuracy@3: 1.0000 ] 
2024-03-27 13:45:17,599 - [Epoch 198 / 1000] rec_loss: 0.3375 cl_loss: 0.0000 
2024-03-27 13:45:17,896 - Epoch 198 Test set [precision@1: 0.9600 precision@2: 0.5000 precision@3: 0.3300 ] Test set [recall@1: 0.9600 recall@2: 0.9900 recall@3: 1.0000 ] Test set [f1score@1: 0.9600 f1score@2: 0.6600 f1score@3: 0.5000 ] Test set [accuracy@1: 0.9600 accuracy@2: 0.9900 accuracy@3: 1.0000 ] 
2024-03-27 13:45:18,543 - [Epoch 199 / 1000] rec_loss: 0.2934 cl_loss: 0.0000 
2024-03-27 13:45:18,839 - Epoch 199 Test set [precision@1: 0.9600 precision@2: 0.5000 precision@3: 0.3300 ] Test set [recall@1: 0.9600 recall@2: 0.9900 recall@3: 1.0000 ] Test set [f1score@1: 0.9600 f1score@2: 0.6600 f1score@3: 0.5000 ] Test set [accuracy@1: 0.9600 accuracy@2: 0.9900 accuracy@3: 1.0000 ] 
2024-03-27 13:45:19,506 - [Epoch 200 / 1000] rec_loss: 0.3033 cl_loss: 0.0000 
2024-03-27 13:45:19,809 - Epoch 200 Test set [precision@1: 0.9600 precision@2: 0.5000 precision@3: 0.3300 ] Test set [recall@1: 0.9600 recall@2: 0.9900 recall@3: 0.9900 ] Test set [f1score@1: 0.9600 f1score@2: 0.6600 f1score@3: 0.5000 ] Test set [accuracy@1: 0.9600 accuracy@2: 0.9900 accuracy@3: 0.9900 ] 
2024-03-27 13:45:20,492 - [Epoch 201 / 1000] rec_loss: 0.2225 cl_loss: 0.0000 
2024-03-27 13:45:20,799 - Epoch 201 Test set [precision@1: 0.9600 precision@2: 0.5000 precision@3: 0.3300 ] Test set [recall@1: 0.9600 recall@2: 0.9900 recall@3: 0.9900 ] Test set [f1score@1: 0.9600 f1score@2: 0.6600 f1score@3: 0.5000 ] Test set [accuracy@1: 0.9600 accuracy@2: 0.9900 accuracy@3: 0.9900 ] 
2024-03-27 13:45:21,476 - [Epoch 202 / 1000] rec_loss: 0.3885 cl_loss: 0.0000 
2024-03-27 13:45:21,789 - Epoch 202 Test set [precision@1: 0.9600 precision@2: 0.4900 precision@3: 0.3300 ] Test set [recall@1: 0.9600 recall@2: 0.9800 recall@3: 0.9900 ] Test set [f1score@1: 0.9600 f1score@2: 0.6500 f1score@3: 0.5000 ] Test set [accuracy@1: 0.9600 accuracy@2: 0.9800 accuracy@3: 0.9900 ] 
2024-03-27 13:45:22,477 - [Epoch 203 / 1000] rec_loss: 0.2674 cl_loss: 0.0000 
2024-03-27 13:45:22,779 - Epoch 203 Test set [precision@1: 0.9600 precision@2: 0.4900 precision@3: 0.3300 ] Test set [recall@1: 0.9600 recall@2: 0.9800 recall@3: 0.9900 ] Test set [f1score@1: 0.9600 f1score@2: 0.6500 f1score@3: 0.5000 ] Test set [accuracy@1: 0.9600 accuracy@2: 0.9800 accuracy@3: 0.9900 ] 
2024-03-27 13:45:23,445 - [Epoch 204 / 1000] rec_loss: 0.2520 cl_loss: 0.0000 
2024-03-27 13:45:23,797 - Epoch 204 Test set [precision@1: 0.9700 precision@2: 0.4900 precision@3: 0.3300 ] Test set [recall@1: 0.9700 recall@2: 0.9800 recall@3: 0.9900 ] Test set [f1score@1: 0.9700 f1score@2: 0.6500 f1score@3: 0.5000 ] Test set [accuracy@1: 0.9700 accuracy@2: 0.9800 accuracy@3: 0.9900 ] 
2024-03-27 13:45:24,471 - [Epoch 205 / 1000] rec_loss: 0.1936 cl_loss: 0.0000 
2024-03-27 13:45:24,799 - Epoch 205 Test set [precision@1: 0.9600 precision@2: 0.4900 precision@3: 0.3300 ] Test set [recall@1: 0.9600 recall@2: 0.9800 recall@3: 0.9900 ] Test set [f1score@1: 0.9600 f1score@2: 0.6500 f1score@3: 0.5000 ] Test set [accuracy@1: 0.9600 accuracy@2: 0.9800 accuracy@3: 0.9900 ] 
2024-03-27 13:45:25,573 - [Epoch 206 / 1000] rec_loss: 0.2576 cl_loss: 0.0000 
2024-03-27 13:45:26,020 - Epoch 206 Test set [precision@1: 0.9700 precision@2: 0.5000 precision@3: 0.3300 ] Test set [recall@1: 0.9700 recall@2: 0.9900 recall@3: 0.9900 ] Test set [f1score@1: 0.9700 f1score@2: 0.6600 f1score@3: 0.5000 ] Test set [accuracy@1: 0.9700 accuracy@2: 0.9900 accuracy@3: 0.9900 ] 
2024-03-27 13:45:26,859 - [Epoch 207 / 1000] rec_loss: 0.3398 cl_loss: 0.0000 
2024-03-27 13:45:27,168 - Epoch 207 Test set [precision@1: 0.9700 precision@2: 0.4900 precision@3: 0.3300 ] Test set [recall@1: 0.9700 recall@2: 0.9800 recall@3: 0.9900 ] Test set [f1score@1: 0.9700 f1score@2: 0.6500 f1score@3: 0.5000 ] Test set [accuracy@1: 0.9700 accuracy@2: 0.9800 accuracy@3: 0.9900 ] 
2024-03-27 13:45:27,858 - [Epoch 208 / 1000] rec_loss: 0.3097 cl_loss: 0.0000 
2024-03-27 13:45:28,162 - Epoch 208 Test set [precision@1: 0.9600 precision@2: 0.5000 precision@3: 0.3300 ] Test set [recall@1: 0.9600 recall@2: 0.9900 recall@3: 0.9900 ] Test set [f1score@1: 0.9600 f1score@2: 0.6600 f1score@3: 0.5000 ] Test set [accuracy@1: 0.9600 accuracy@2: 0.9900 accuracy@3: 0.9900 ] 
