2024-03-27 21:28:05,812 - {'optimizer': {'name': 'adam', 'lr': 0.001, 'final_lr': 1e-06, 'weight_decay': 0}, 'train': {'model_test_run': True, 'weighted_loss_fn': True, 'epoch': 1000, 'batch_size': 64, 'save_model': True, 'log_loss': True, 'test_step': 1, 'reproducible': True, 'seed': 2023, 'tensorboard': True, 'conf_mat': True, 'ssl': False, 'gradient_accumulation': False, 'accumulation_steps': 4, 'early_stop': False, 'parameter_class_weights_path': './datasets/sequential/aug/parameters/param.pkl', 'parameter_label_mapping_path': './datasets/sequential/aug/parameters/label_mapping.pkl'}, 'test': {'metrics': ['precision', 'recall', 'f1score', 'accuracy'], 'k': [1, 2, 3], 'batch_size': 64, 'train_eval': False, 'save_path': '2024-03-27_21-27'}, 'data': {'type': 'sequential', 'name': 'aug', 'seq_aug': False, 'dynamic_context_window_length': 100, 'user_num': 100, 'item_num': 28, 'max_context_length': 100, 'dynamic_context_feat_num': 14, 'static_context_feat_num': 6, 'static_context_max': [12, 6, 23, 1, 1, 1]}, 'model': {'name': 'cl4srec', 'context_encoder': 'tempcnn', 'interaction_encoder': 'sasrec', 'dropout_rate': 0.1, 'n_layers': 2, 'embedding_size': 16, 'n_heads': 2, 'max_seq_len': 10, 'lmd': 0.1, 'tau': 1, 'encoder_combine': 'concat'}, 'lstm': {'hidden_size': 64, 'num_layers': 2}, 'tune': {'enable': False, 'hyperparameters': ['dropout_rate', 'lmd', 'tau'], 'dropout_rate': [0.1, 0.2, 0.3], 'lmd': [0.05, 0.1, 0.2], 'tau': [0.5, 0.7, 0.9]}, 'device': 'cpu'}
2024-03-27 21:28:06,935 - [Epoch   0 / 1000] rec_loss: 3.4272 cl_loss: 0.0000 
2024-03-27 21:28:07,276 - Epoch   0 Test set [precision@1: 0.0000 precision@2: 0.0000 precision@3: 0.0000 ] Test set [recall@1: 0.0000 recall@2: 0.0000 recall@3: 0.0000 ] Test set [f1score@1: 0.0000 f1score@2: 0.0000 f1score@3: 0.0000 ] Test set [accuracy@1: 0.0000 accuracy@2: 0.0000 accuracy@3: 0.0000 ] 
2024-03-27 21:28:07,987 - [Epoch   1 / 1000] rec_loss: 3.3689 cl_loss: 0.0000 
2024-03-27 21:28:08,290 - Epoch   1 Test set [precision@1: 0.0000 precision@2: 0.0000 precision@3: 0.0000 ] Test set [recall@1: 0.0000 recall@2: 0.0000 recall@3: 0.0000 ] Test set [f1score@1: 0.0000 f1score@2: 0.0000 f1score@3: 0.0000 ] Test set [accuracy@1: 0.0000 accuracy@2: 0.0000 accuracy@3: 0.0000 ] 
2024-03-27 21:28:08,968 - [Epoch   2 / 1000] rec_loss: 3.3893 cl_loss: 0.0000 
2024-03-27 21:28:09,285 - Epoch   2 Test set [precision@1: 0.0000 precision@2: 0.0000 precision@3: 0.0400 ] Test set [recall@1: 0.0000 recall@2: 0.0000 recall@3: 0.1200 ] Test set [f1score@1: 0.0000 f1score@2: 0.0000 f1score@3: 0.0600 ] Test set [accuracy@1: 0.0000 accuracy@2: 0.0000 accuracy@3: 0.1200 ] 
2024-03-27 21:28:10,004 - [Epoch   3 / 1000] rec_loss: 3.3213 cl_loss: 0.0000 
2024-03-27 21:28:10,309 - Epoch   3 Test set [precision@1: 0.0000 precision@2: 0.0600 precision@3: 0.0500 ] Test set [recall@1: 0.0000 recall@2: 0.1300 recall@3: 0.1400 ] Test set [f1score@1: 0.0000 f1score@2: 0.0900 f1score@3: 0.0700 ] Test set [accuracy@1: 0.0000 accuracy@2: 0.1300 accuracy@3: 0.1400 ] 
2024-03-27 21:28:10,977 - [Epoch   4 / 1000] rec_loss: 3.2898 cl_loss: 0.0000 
2024-03-27 21:28:11,282 - Epoch   4 Test set [precision@1: 0.0000 precision@2: 0.0700 precision@3: 0.0500 ] Test set [recall@1: 0.0000 recall@2: 0.1400 recall@3: 0.1400 ] Test set [f1score@1: 0.0000 f1score@2: 0.0900 f1score@3: 0.0700 ] Test set [accuracy@1: 0.0000 accuracy@2: 0.1400 accuracy@3: 0.1400 ] 
2024-03-27 21:28:11,969 - [Epoch   5 / 1000] rec_loss: 3.2468 cl_loss: 0.0000 
2024-03-27 21:28:12,280 - Epoch   5 Test set [precision@1: 0.0000 precision@2: 0.0700 precision@3: 0.0500 ] Test set [recall@1: 0.0000 recall@2: 0.1400 recall@3: 0.1600 ] Test set [f1score@1: 0.0000 f1score@2: 0.0900 f1score@3: 0.0800 ] Test set [accuracy@1: 0.0000 accuracy@2: 0.1400 accuracy@3: 0.1600 ] 
2024-03-27 21:28:12,955 - [Epoch   6 / 1000] rec_loss: 3.2333 cl_loss: 0.0000 
2024-03-27 21:28:13,261 - Epoch   6 Test set [precision@1: 0.0000 precision@2: 0.0700 precision@3: 0.0600 ] Test set [recall@1: 0.0000 recall@2: 0.1400 recall@3: 0.1800 ] Test set [f1score@1: 0.0000 f1score@2: 0.0900 f1score@3: 0.0900 ] Test set [accuracy@1: 0.0000 accuracy@2: 0.1400 accuracy@3: 0.1800 ] 
2024-03-27 21:28:13,949 - [Epoch   7 / 1000] rec_loss: 3.2079 cl_loss: 0.0000 
2024-03-27 21:28:14,259 - Epoch   7 Test set [precision@1: 0.0000 precision@2: 0.0800 precision@3: 0.0800 ] Test set [recall@1: 0.0000 recall@2: 0.1500 recall@3: 0.2400 ] Test set [f1score@1: 0.0000 f1score@2: 0.1000 f1score@3: 0.1200 ] Test set [accuracy@1: 0.0000 accuracy@2: 0.1500 accuracy@3: 0.2400 ] 
2024-03-27 21:28:14,960 - [Epoch   8 / 1000] rec_loss: 3.1039 cl_loss: 0.0000 
2024-03-27 21:28:15,270 - Epoch   8 Test set [precision@1: 0.0000 precision@2: 0.0800 precision@3: 0.0900 ] Test set [recall@1: 0.0000 recall@2: 0.1500 recall@3: 0.2800 ] Test set [f1score@1: 0.0000 f1score@2: 0.1000 f1score@3: 0.1400 ] Test set [accuracy@1: 0.0000 accuracy@2: 0.1500 accuracy@3: 0.2800 ] 
2024-03-27 21:28:15,959 - [Epoch   9 / 1000] rec_loss: 3.0809 cl_loss: 0.0000 
2024-03-27 21:28:16,261 - Epoch   9 Test set [precision@1: 0.0000 precision@2: 0.0800 precision@3: 0.1100 ] Test set [recall@1: 0.0000 recall@2: 0.1500 recall@3: 0.3400 ] Test set [f1score@1: 0.0000 f1score@2: 0.1000 f1score@3: 0.1700 ] Test set [accuracy@1: 0.0000 accuracy@2: 0.1500 accuracy@3: 0.3400 ] 
2024-03-27 21:28:16,938 - [Epoch  10 / 1000] rec_loss: 3.0615 cl_loss: 0.0000 
2024-03-27 21:28:17,238 - Epoch  10 Test set [precision@1: 0.0000 precision@2: 0.0900 precision@3: 0.1200 ] Test set [recall@1: 0.0000 recall@2: 0.1700 recall@3: 0.3700 ] Test set [f1score@1: 0.0000 f1score@2: 0.1100 f1score@3: 0.1900 ] Test set [accuracy@1: 0.0000 accuracy@2: 0.1700 accuracy@3: 0.3700 ] 
2024-03-27 21:28:17,935 - [Epoch  11 / 1000] rec_loss: 3.0665 cl_loss: 0.0000 
2024-03-27 21:28:18,239 - Epoch  11 Test set [precision@1: 0.0600 precision@2: 0.1000 precision@3: 0.1500 ] Test set [recall@1: 0.0600 recall@2: 0.2100 recall@3: 0.4400 ] Test set [f1score@1: 0.0600 f1score@2: 0.1400 f1score@3: 0.2200 ] Test set [accuracy@1: 0.0600 accuracy@2: 0.2100 accuracy@3: 0.4400 ] 
2024-03-27 21:28:18,911 - [Epoch  12 / 1000] rec_loss: 3.0159 cl_loss: 0.0000 
2024-03-27 21:28:19,212 - Epoch  12 Test set [precision@1: 0.1000 precision@2: 0.1700 precision@3: 0.1600 ] Test set [recall@1: 0.1000 recall@2: 0.3400 recall@3: 0.4900 ] Test set [f1score@1: 0.1000 f1score@2: 0.2300 f1score@3: 0.2500 ] Test set [accuracy@1: 0.1000 accuracy@2: 0.3400 accuracy@3: 0.4900 ] 
2024-03-27 21:28:19,947 - [Epoch  13 / 1000] rec_loss: 2.9606 cl_loss: 0.0000 
2024-03-27 21:28:20,251 - Epoch  13 Test set [precision@1: 0.2100 precision@2: 0.1900 precision@3: 0.1700 ] Test set [recall@1: 0.2100 recall@2: 0.3900 recall@3: 0.5200 ] Test set [f1score@1: 0.2100 f1score@2: 0.2600 f1score@3: 0.2600 ] Test set [accuracy@1: 0.2100 accuracy@2: 0.3900 accuracy@3: 0.5200 ] 
2024-03-27 21:28:20,920 - [Epoch  14 / 1000] rec_loss: 3.0003 cl_loss: 0.0000 
2024-03-27 21:28:21,242 - Epoch  14 Test set [precision@1: 0.2500 precision@2: 0.2000 precision@3: 0.1800 ] Test set [recall@1: 0.2500 recall@2: 0.4000 recall@3: 0.5300 ] Test set [f1score@1: 0.2500 f1score@2: 0.2700 f1score@3: 0.2600 ] Test set [accuracy@1: 0.2500 accuracy@2: 0.4000 accuracy@3: 0.5300 ] 
2024-03-27 21:28:21,935 - [Epoch  15 / 1000] rec_loss: 2.8430 cl_loss: 0.0000 
2024-03-27 21:28:22,249 - Epoch  15 Test set [precision@1: 0.3300 precision@2: 0.2200 precision@3: 0.1700 ] Test set [recall@1: 0.3300 recall@2: 0.4300 recall@3: 0.5200 ] Test set [f1score@1: 0.3300 f1score@2: 0.2900 f1score@3: 0.2600 ] Test set [accuracy@1: 0.3300 accuracy@2: 0.4300 accuracy@3: 0.5200 ] 
2024-03-27 21:28:22,954 - [Epoch  16 / 1000] rec_loss: 2.8559 cl_loss: 0.0000 
2024-03-27 21:28:23,258 - Epoch  16 Test set [precision@1: 0.3500 precision@2: 0.2300 precision@3: 0.1800 ] Test set [recall@1: 0.3500 recall@2: 0.4600 recall@3: 0.5300 ] Test set [f1score@1: 0.3500 f1score@2: 0.3100 f1score@3: 0.2600 ] Test set [accuracy@1: 0.3500 accuracy@2: 0.4600 accuracy@3: 0.5300 ] 
2024-03-27 21:28:23,965 - [Epoch  17 / 1000] rec_loss: 2.8770 cl_loss: 0.0000 
2024-03-27 21:28:24,272 - Epoch  17 Test set [precision@1: 0.3700 precision@2: 0.2400 precision@3: 0.1800 ] Test set [recall@1: 0.3700 recall@2: 0.4800 recall@3: 0.5500 ] Test set [f1score@1: 0.3700 f1score@2: 0.3200 f1score@3: 0.2800 ] Test set [accuracy@1: 0.3700 accuracy@2: 0.4800 accuracy@3: 0.5500 ] 
2024-03-27 21:28:24,956 - [Epoch  18 / 1000] rec_loss: 2.7522 cl_loss: 0.0000 
2024-03-27 21:28:25,256 - Epoch  18 Test set [precision@1: 0.3800 precision@2: 0.2500 precision@3: 0.1900 ] Test set [recall@1: 0.3800 recall@2: 0.4900 recall@3: 0.5800 ] Test set [f1score@1: 0.3800 f1score@2: 0.3300 f1score@3: 0.2900 ] Test set [accuracy@1: 0.3800 accuracy@2: 0.4900 accuracy@3: 0.5800 ] 
2024-03-27 21:28:25,944 - [Epoch  19 / 1000] rec_loss: 2.8053 cl_loss: 0.0000 
2024-03-27 21:28:26,248 - Epoch  19 Test set [precision@1: 0.3700 precision@2: 0.2600 precision@3: 0.2000 ] Test set [recall@1: 0.3700 recall@2: 0.5300 recall@3: 0.6100 ] Test set [f1score@1: 0.3700 f1score@2: 0.3500 f1score@3: 0.3100 ] Test set [accuracy@1: 0.3700 accuracy@2: 0.5300 accuracy@3: 0.6100 ] 
