2024-03-12 22:29:14,282 - {'optimizer': {'name': 'adam', 'lr': 0.0001, 'final_lr': 1e-06, 'weight_decay': 0}, 'train': {'model_test_run': False, 'weighted_loss_fn': True, 'epoch': 60, 'batch_size': 16, 'save_model': True, 'log_loss': True, 'test_step': 1, 'reproducible': True, 'seed': 2023, 'tensorboard': True, 'conf_mat': True, 'ssl': False, 'gradient_accumulation': True, 'accumulation_steps': 4, 'early_stop': False, 'parameter_class_weights_path': './datasets/sequential/aug/parameters/param.pkl', 'parameter_label_mapping_path': './datasets/sequential/aug/parameters/label_mapping.pkl'}, 'test': {'metrics': ['recall', 'precision'], 'k': [1, 2, 3], 'batch_size': 16, 'save_path': '2024-03-12_22-29'}, 'data': {'type': 'sequential', 'name': 'aug', 'seq_aug': False, 'dynamic_context_window_length': 100, 'user_num': 4426, 'item_num': 28, 'max_context_length': 100, 'dynamic_context_feat_num': 14, 'static_context_feat_num': 7, 'static_context_max': [6, 12, 6, 23, 1, 1, 1]}, 'model': {'name': 'cl4srec', 'context_encoder': 'lstm', 'interaction_encoder': 'sasrec', 'dropout_rate': 0.1, 'n_layers': 2, 'embedding_size': 64, 'n_heads': 2, 'max_seq_len': 10, 'lmd': 0.1, 'tau': 1}, 'lstm': {'hidden_size': 64, 'num_layers': 30, 'output_size': 256}, 'tune': {'enable': False, 'hyperparameters': ['dropout_rate', 'lmb', 'tau'], 'dropout_rate': [0.1, 0.3, 0.5], 'lmb': [0.05, 0.1, 0.2], 'tau': [0.5, 0.7, 0.9]}, 'duorec': {'inner_size': 256, 'hidden_dropout_prob': 0.5, 'attn_dropout_prob': 0.5, 'hidden_act': 'gelu', 'layer_norm_eps': 1e-12, 'initializer_range': 0.02}, 'device': 'cuda'}
2024-03-12 22:29:34,413 - [Epoch   0 /  60] rec_loss: 2.8712 cl_loss: 0.0000 
2024-03-12 22:29:37,146 - Epoch   0 Test set [precision@1: 0.2200 precision@2: 0.2000 precision@3: 0.1900 ] Test set [recall@1: 0.2200 recall@2: 0.4000 recall@3: 0.5700 ] Test set [f1score@1: 0.2200 f1score@2: 0.2600 f1score@3: 0.2900 ] Test set [accuracy@1: 0.2200 accuracy@2: 0.4000 accuracy@3: 0.5700 ] 
2024-03-12 22:29:56,334 - [Epoch   1 /  60] rec_loss: 2.2224 cl_loss: 0.0000 
2024-03-12 22:29:59,092 - Epoch   1 Test set [precision@1: 0.2200 precision@2: 0.2000 precision@3: 0.1900 ] Test set [recall@1: 0.2200 recall@2: 0.4000 recall@3: 0.5700 ] Test set [f1score@1: 0.2200 f1score@2: 0.2600 f1score@3: 0.2900 ] Test set [accuracy@1: 0.2200 accuracy@2: 0.4000 accuracy@3: 0.5700 ] 
2024-03-12 22:30:18,510 - [Epoch   2 /  60] rec_loss: 2.1766 cl_loss: 0.0000 
2024-03-12 22:30:21,073 - Epoch   2 Test set [precision@1: 0.2200 precision@2: 0.2000 precision@3: 0.1600 ] Test set [recall@1: 0.2200 recall@2: 0.4000 recall@3: 0.4900 ] Test set [f1score@1: 0.2200 f1score@2: 0.2600 f1score@3: 0.2500 ] Test set [accuracy@1: 0.2200 accuracy@2: 0.4000 accuracy@3: 0.4900 ] 
2024-03-12 22:30:41,011 - [Epoch   3 /  60] rec_loss: 2.0751 cl_loss: 0.0000 
2024-03-12 22:30:43,564 - Epoch   3 Test set [precision@1: 0.3400 precision@2: 0.2800 precision@3: 0.2300 ] Test set [recall@1: 0.3400 recall@2: 0.5600 recall@3: 0.6800 ] Test set [f1score@1: 0.3400 f1score@2: 0.3700 f1score@3: 0.3400 ] Test set [accuracy@1: 0.3400 accuracy@2: 0.5600 accuracy@3: 0.6800 ] 
2024-03-12 22:31:03,280 - [Epoch   4 /  60] rec_loss: 1.9318 cl_loss: 0.0000 
2024-03-12 22:31:05,839 - Epoch   4 Test set [precision@1: 0.3500 precision@2: 0.2800 precision@3: 0.2400 ] Test set [recall@1: 0.3500 recall@2: 0.5600 recall@3: 0.7100 ] Test set [f1score@1: 0.3500 f1score@2: 0.3700 f1score@3: 0.3600 ] Test set [accuracy@1: 0.3500 accuracy@2: 0.5600 accuracy@3: 0.7100 ] 
2024-03-12 22:31:25,335 - [Epoch   5 /  60] rec_loss: 1.9020 cl_loss: 0.0000 
2024-03-12 22:31:28,004 - Epoch   5 Test set [precision@1: 0.3500 precision@2: 0.2800 precision@3: 0.2300 ] Test set [recall@1: 0.3500 recall@2: 0.5600 recall@3: 0.6900 ] Test set [f1score@1: 0.3500 f1score@2: 0.3700 f1score@3: 0.3400 ] Test set [accuracy@1: 0.3500 accuracy@2: 0.5600 accuracy@3: 0.6900 ] 
2024-03-12 22:31:47,383 - [Epoch   6 /  60] rec_loss: 1.8542 cl_loss: 0.0000 
2024-03-12 22:31:49,930 - Epoch   6 Test set [precision@1: 0.4300 precision@2: 0.2900 precision@3: 0.2300 ] Test set [recall@1: 0.4300 recall@2: 0.5700 recall@3: 0.6800 ] Test set [f1score@1: 0.4300 f1score@2: 0.3800 f1score@3: 0.3400 ] Test set [accuracy@1: 0.4300 accuracy@2: 0.5700 accuracy@3: 0.6800 ] 
2024-03-12 22:32:09,294 - [Epoch   7 /  60] rec_loss: 1.7784 cl_loss: 0.0000 
2024-03-12 22:32:11,861 - Epoch   7 Test set [precision@1: 0.4600 precision@2: 0.3000 precision@3: 0.2300 ] Test set [recall@1: 0.4600 recall@2: 0.6000 recall@3: 0.7000 ] Test set [f1score@1: 0.4600 f1score@2: 0.4000 f1score@3: 0.3500 ] Test set [accuracy@1: 0.4600 accuracy@2: 0.6000 accuracy@3: 0.7000 ] 
2024-03-12 22:32:31,512 - [Epoch   8 /  60] rec_loss: 1.7329 cl_loss: 0.0000 
2024-03-12 22:32:34,070 - Epoch   8 Test set [precision@1: 0.4700 precision@2: 0.3000 precision@3: 0.2400 ] Test set [recall@1: 0.4700 recall@2: 0.6100 recall@3: 0.7100 ] Test set [f1score@1: 0.4700 f1score@2: 0.4100 f1score@3: 0.3500 ] Test set [accuracy@1: 0.4700 accuracy@2: 0.6100 accuracy@3: 0.7100 ] 
2024-03-12 22:32:53,543 - [Epoch   9 /  60] rec_loss: 1.6925 cl_loss: 0.0000 
2024-03-12 22:32:56,097 - Epoch   9 Test set [precision@1: 0.4800 precision@2: 0.3200 precision@3: 0.2400 ] Test set [recall@1: 0.4800 recall@2: 0.6300 recall@3: 0.7200 ] Test set [f1score@1: 0.4800 f1score@2: 0.4200 f1score@3: 0.3600 ] Test set [accuracy@1: 0.4800 accuracy@2: 0.6300 accuracy@3: 0.7200 ] 
2024-03-12 22:33:16,343 - [Epoch  10 /  60] rec_loss: 1.6852 cl_loss: 0.0000 
2024-03-12 22:33:18,918 - Epoch  10 Test set [precision@1: 0.4800 precision@2: 0.3200 precision@3: 0.2400 ] Test set [recall@1: 0.4800 recall@2: 0.6500 recall@3: 0.7300 ] Test set [f1score@1: 0.4800 f1score@2: 0.4300 f1score@3: 0.3600 ] Test set [accuracy@1: 0.4800 accuracy@2: 0.6500 accuracy@3: 0.7300 ] 
2024-03-12 22:33:38,073 - [Epoch  11 /  60] rec_loss: 1.6699 cl_loss: 0.0000 
2024-03-12 22:33:40,639 - Epoch  11 Test set [precision@1: 0.4900 precision@2: 0.3200 precision@3: 0.2400 ] Test set [recall@1: 0.4900 recall@2: 0.6500 recall@3: 0.7200 ] Test set [f1score@1: 0.4900 f1score@2: 0.4300 f1score@3: 0.3600 ] Test set [accuracy@1: 0.4900 accuracy@2: 0.6500 accuracy@3: 0.7200 ] 
2024-03-12 22:34:00,566 - [Epoch  12 /  60] rec_loss: 1.6501 cl_loss: 0.0000 
2024-03-12 22:34:03,115 - Epoch  12 Test set [precision@1: 0.4900 precision@2: 0.3200 precision@3: 0.2400 ] Test set [recall@1: 0.4900 recall@2: 0.6500 recall@3: 0.7200 ] Test set [f1score@1: 0.4900 f1score@2: 0.4300 f1score@3: 0.3600 ] Test set [accuracy@1: 0.4900 accuracy@2: 0.6500 accuracy@3: 0.7200 ] 
2024-03-12 22:34:23,007 - [Epoch  13 /  60] rec_loss: 1.6309 cl_loss: 0.0000 
2024-03-12 22:34:25,566 - Epoch  13 Test set [precision@1: 0.4900 precision@2: 0.3300 precision@3: 0.2400 ] Test set [recall@1: 0.4900 recall@2: 0.6600 recall@3: 0.7300 ] Test set [f1score@1: 0.4900 f1score@2: 0.4400 f1score@3: 0.3700 ] Test set [accuracy@1: 0.4900 accuracy@2: 0.6600 accuracy@3: 0.7300 ] 
2024-03-12 22:34:45,046 - [Epoch  14 /  60] rec_loss: 1.6169 cl_loss: 0.0000 
2024-03-12 22:34:47,729 - Epoch  14 Test set [precision@1: 0.5000 precision@2: 0.3200 precision@3: 0.2400 ] Test set [recall@1: 0.5000 recall@2: 0.6500 recall@3: 0.7300 ] Test set [f1score@1: 0.5000 f1score@2: 0.4300 f1score@3: 0.3600 ] Test set [accuracy@1: 0.5000 accuracy@2: 0.6500 accuracy@3: 0.7300 ] 
2024-03-12 22:35:07,217 - [Epoch  15 /  60] rec_loss: 1.6018 cl_loss: 0.0000 
2024-03-12 22:35:09,776 - Epoch  15 Test set [precision@1: 0.5000 precision@2: 0.3300 precision@3: 0.2400 ] Test set [recall@1: 0.5000 recall@2: 0.6600 recall@3: 0.7300 ] Test set [f1score@1: 0.5000 f1score@2: 0.4400 f1score@3: 0.3600 ] Test set [accuracy@1: 0.5000 accuracy@2: 0.6600 accuracy@3: 0.7300 ] 
2024-03-12 22:35:28,564 - [Epoch  16 /  60] rec_loss: 1.5922 cl_loss: 0.0000 
2024-03-12 22:35:31,126 - Epoch  16 Test set [precision@1: 0.5000 precision@2: 0.3300 precision@3: 0.2500 ] Test set [recall@1: 0.5000 recall@2: 0.6600 recall@3: 0.7400 ] Test set [f1score@1: 0.5000 f1score@2: 0.4400 f1score@3: 0.3700 ] Test set [accuracy@1: 0.5000 accuracy@2: 0.6600 accuracy@3: 0.7400 ] 
2024-03-12 22:35:50,888 - [Epoch  17 /  60] rec_loss: 1.5885 cl_loss: 0.0000 
2024-03-12 22:35:53,454 - Epoch  17 Test set [precision@1: 0.5000 precision@2: 0.3300 precision@3: 0.2500 ] Test set [recall@1: 0.5000 recall@2: 0.6600 recall@3: 0.7400 ] Test set [f1score@1: 0.5000 f1score@2: 0.4400 f1score@3: 0.3700 ] Test set [accuracy@1: 0.5000 accuracy@2: 0.6600 accuracy@3: 0.7400 ] 
2024-03-12 22:36:13,228 - [Epoch  18 /  60] rec_loss: 1.5787 cl_loss: 0.0000 
2024-03-12 22:36:15,774 - Epoch  18 Test set [precision@1: 0.5000 precision@2: 0.3300 precision@3: 0.2400 ] Test set [recall@1: 0.5000 recall@2: 0.6600 recall@3: 0.7300 ] Test set [f1score@1: 0.5000 f1score@2: 0.4400 f1score@3: 0.3600 ] Test set [accuracy@1: 0.5000 accuracy@2: 0.6600 accuracy@3: 0.7300 ] 
2024-03-12 22:36:34,080 - [Epoch  19 /  60] rec_loss: 1.5752 cl_loss: 0.0000 
2024-03-12 22:36:36,626 - Epoch  19 Test set [precision@1: 0.5000 precision@2: 0.3300 precision@3: 0.2500 ] Test set [recall@1: 0.5000 recall@2: 0.6600 recall@3: 0.7500 ] Test set [f1score@1: 0.5000 f1score@2: 0.4400 f1score@3: 0.3700 ] Test set [accuracy@1: 0.5000 accuracy@2: 0.6600 accuracy@3: 0.7500 ] 
2024-03-12 22:36:56,151 - [Epoch  20 /  60] rec_loss: 1.5657 cl_loss: 0.0000 
2024-03-12 22:36:58,711 - Epoch  20 Test set [precision@1: 0.5100 precision@2: 0.3300 precision@3: 0.2400 ] Test set [recall@1: 0.5100 recall@2: 0.6600 recall@3: 0.7300 ] Test set [f1score@1: 0.5100 f1score@2: 0.4400 f1score@3: 0.3700 ] Test set [accuracy@1: 0.5100 accuracy@2: 0.6600 accuracy@3: 0.7300 ] 
2024-03-12 22:37:18,858 - [Epoch  21 /  60] rec_loss: 1.5635 cl_loss: 0.0000 
2024-03-12 22:37:21,408 - Epoch  21 Test set [precision@1: 0.4900 precision@2: 0.3200 precision@3: 0.2400 ] Test set [recall@1: 0.4900 recall@2: 0.6500 recall@3: 0.7300 ] Test set [f1score@1: 0.4900 f1score@2: 0.4300 f1score@3: 0.3600 ] Test set [accuracy@1: 0.4900 accuracy@2: 0.6500 accuracy@3: 0.7300 ] 
2024-03-12 22:37:41,546 - [Epoch  22 /  60] rec_loss: 1.5516 cl_loss: 0.0000 
2024-03-12 22:37:44,275 - Epoch  22 Test set [precision@1: 0.5100 precision@2: 0.3300 precision@3: 0.2500 ] Test set [recall@1: 0.5100 recall@2: 0.6600 recall@3: 0.7400 ] Test set [f1score@1: 0.5100 f1score@2: 0.4400 f1score@3: 0.3700 ] Test set [accuracy@1: 0.5100 accuracy@2: 0.6600 accuracy@3: 0.7400 ] 
2024-03-12 22:38:04,349 - [Epoch  23 /  60] rec_loss: 1.5469 cl_loss: 0.0000 
2024-03-12 22:38:06,892 - Epoch  23 Test set [precision@1: 0.5100 precision@2: 0.3300 precision@3: 0.2500 ] Test set [recall@1: 0.5100 recall@2: 0.6600 recall@3: 0.7500 ] Test set [f1score@1: 0.5100 f1score@2: 0.4400 f1score@3: 0.3700 ] Test set [accuracy@1: 0.5100 accuracy@2: 0.6600 accuracy@3: 0.7500 ] 
2024-03-12 22:38:26,884 - [Epoch  24 /  60] rec_loss: 1.5454 cl_loss: 0.0000 
2024-03-12 22:38:29,443 - Epoch  24 Test set [precision@1: 0.5100 precision@2: 0.3300 precision@3: 0.2500 ] Test set [recall@1: 0.5100 recall@2: 0.6600 recall@3: 0.7400 ] Test set [f1score@1: 0.5100 f1score@2: 0.4400 f1score@3: 0.3700 ] Test set [accuracy@1: 0.5100 accuracy@2: 0.6600 accuracy@3: 0.7400 ] 
2024-03-12 22:38:49,477 - [Epoch  25 /  60] rec_loss: 1.5439 cl_loss: 0.0000 
2024-03-12 22:38:52,038 - Epoch  25 Test set [precision@1: 0.5100 precision@2: 0.3400 precision@3: 0.2500 ] Test set [recall@1: 0.5100 recall@2: 0.6700 recall@3: 0.7500 ] Test set [f1score@1: 0.5100 f1score@2: 0.4500 f1score@3: 0.3700 ] Test set [accuracy@1: 0.5100 accuracy@2: 0.6700 accuracy@3: 0.7500 ] 
2024-03-12 22:39:11,678 - [Epoch  26 /  60] rec_loss: 1.5387 cl_loss: 0.0000 
2024-03-12 22:39:14,228 - Epoch  26 Test set [precision@1: 0.5200 precision@2: 0.3400 precision@3: 0.2500 ] Test set [recall@1: 0.5200 recall@2: 0.6700 recall@3: 0.7500 ] Test set [f1score@1: 0.5200 f1score@2: 0.4500 f1score@3: 0.3800 ] Test set [accuracy@1: 0.5200 accuracy@2: 0.6700 accuracy@3: 0.7500 ] 
2024-03-12 22:39:33,969 - [Epoch  27 /  60] rec_loss: 1.5335 cl_loss: 0.0000 
2024-03-12 22:39:36,513 - Epoch  27 Test set [precision@1: 0.5100 precision@2: 0.3300 precision@3: 0.2500 ] Test set [recall@1: 0.5100 recall@2: 0.6700 recall@3: 0.7500 ] Test set [f1score@1: 0.5100 f1score@2: 0.4500 f1score@3: 0.3800 ] Test set [accuracy@1: 0.5100 accuracy@2: 0.6700 accuracy@3: 0.7500 ] 
2024-03-12 22:39:56,184 - [Epoch  28 /  60] rec_loss: 1.5404 cl_loss: 0.0000 
2024-03-12 22:39:58,734 - Epoch  28 Test set [precision@1: 0.5200 precision@2: 0.3300 precision@3: 0.2500 ] Test set [recall@1: 0.5200 recall@2: 0.6700 recall@3: 0.7500 ] Test set [f1score@1: 0.5200 f1score@2: 0.4500 f1score@3: 0.3700 ] Test set [accuracy@1: 0.5200 accuracy@2: 0.6700 accuracy@3: 0.7500 ] 
2024-03-12 22:40:18,796 - [Epoch  29 /  60] rec_loss: 1.5339 cl_loss: 0.0000 
2024-03-12 22:40:21,342 - Epoch  29 Test set [precision@1: 0.5100 precision@2: 0.3300 precision@3: 0.2500 ] Test set [recall@1: 0.5100 recall@2: 0.6700 recall@3: 0.7500 ] Test set [f1score@1: 0.5100 f1score@2: 0.4400 f1score@3: 0.3800 ] Test set [accuracy@1: 0.5100 accuracy@2: 0.6700 accuracy@3: 0.7500 ] 
2024-03-12 22:40:41,320 - [Epoch  30 /  60] rec_loss: 1.5294 cl_loss: 0.0000 
2024-03-12 22:40:43,863 - Epoch  30 Test set [precision@1: 0.5000 precision@2: 0.3300 precision@3: 0.2500 ] Test set [recall@1: 0.5000 recall@2: 0.6600 recall@3: 0.7500 ] Test set [f1score@1: 0.5000 f1score@2: 0.4400 f1score@3: 0.3800 ] Test set [accuracy@1: 0.5000 accuracy@2: 0.6600 accuracy@3: 0.7500 ] 
2024-03-12 22:41:02,915 - [Epoch  31 /  60] rec_loss: 1.5266 cl_loss: 0.0000 
2024-03-12 22:41:05,460 - Epoch  31 Test set [precision@1: 0.5100 precision@2: 0.3400 precision@3: 0.2500 ] Test set [recall@1: 0.5100 recall@2: 0.6700 recall@3: 0.7500 ] Test set [f1score@1: 0.5100 f1score@2: 0.4500 f1score@3: 0.3800 ] Test set [accuracy@1: 0.5100 accuracy@2: 0.6700 accuracy@3: 0.7500 ] 
2024-03-12 22:41:24,921 - [Epoch  32 /  60] rec_loss: 1.5266 cl_loss: 0.0000 
2024-03-12 22:41:27,472 - Epoch  32 Test set [precision@1: 0.5100 precision@2: 0.3300 precision@3: 0.2500 ] Test set [recall@1: 0.5100 recall@2: 0.6700 recall@3: 0.7500 ] Test set [f1score@1: 0.5100 f1score@2: 0.4400 f1score@3: 0.3700 ] Test set [accuracy@1: 0.5100 accuracy@2: 0.6700 accuracy@3: 0.7500 ] 
2024-03-12 22:41:47,010 - [Epoch  33 /  60] rec_loss: 1.5246 cl_loss: 0.0000 
2024-03-12 22:41:49,576 - Epoch  33 Test set [precision@1: 0.5100 precision@2: 0.3400 precision@3: 0.2500 ] Test set [recall@1: 0.5100 recall@2: 0.6700 recall@3: 0.7500 ] Test set [f1score@1: 0.5100 f1score@2: 0.4500 f1score@3: 0.3700 ] Test set [accuracy@1: 0.5100 accuracy@2: 0.6700 accuracy@3: 0.7500 ] 
2024-03-12 22:42:09,455 - [Epoch  34 /  60] rec_loss: 1.5219 cl_loss: 0.0000 
2024-03-12 22:42:12,165 - Epoch  34 Test set [precision@1: 0.5100 precision@2: 0.3300 precision@3: 0.2500 ] Test set [recall@1: 0.5100 recall@2: 0.6600 recall@3: 0.7500 ] Test set [f1score@1: 0.5100 f1score@2: 0.4400 f1score@3: 0.3800 ] Test set [accuracy@1: 0.5100 accuracy@2: 0.6600 accuracy@3: 0.7500 ] 
2024-03-12 22:42:31,458 - [Epoch  35 /  60] rec_loss: 1.5111 cl_loss: 0.0000 
2024-03-12 22:42:34,195 - Epoch  35 Test set [precision@1: 0.5100 precision@2: 0.3300 precision@3: 0.2500 ] Test set [recall@1: 0.5100 recall@2: 0.6700 recall@3: 0.7600 ] Test set [f1score@1: 0.5100 f1score@2: 0.4500 f1score@3: 0.3800 ] Test set [accuracy@1: 0.5100 accuracy@2: 0.6700 accuracy@3: 0.7600 ] 
2024-03-12 22:42:54,156 - [Epoch  36 /  60] rec_loss: 1.5233 cl_loss: 0.0000 
2024-03-12 22:42:56,920 - Epoch  36 Test set [precision@1: 0.5100 precision@2: 0.3300 precision@3: 0.2500 ] Test set [recall@1: 0.5100 recall@2: 0.6700 recall@3: 0.7600 ] Test set [f1score@1: 0.5100 f1score@2: 0.4400 f1score@3: 0.3800 ] Test set [accuracy@1: 0.5100 accuracy@2: 0.6700 accuracy@3: 0.7600 ] 
2024-03-12 22:43:16,588 - [Epoch  37 /  60] rec_loss: 1.5114 cl_loss: 0.0000 
2024-03-12 22:43:19,161 - Epoch  37 Test set [precision@1: 0.5100 precision@2: 0.3400 precision@3: 0.2600 ] Test set [recall@1: 0.5100 recall@2: 0.6800 recall@3: 0.7700 ] Test set [f1score@1: 0.5100 f1score@2: 0.4500 f1score@3: 0.3800 ] Test set [accuracy@1: 0.5100 accuracy@2: 0.6800 accuracy@3: 0.7700 ] 
2024-03-12 22:43:39,361 - [Epoch  38 /  60] rec_loss: 1.5132 cl_loss: 0.0000 
2024-03-12 22:43:42,043 - Epoch  38 Test set [precision@1: 0.5100 precision@2: 0.3300 precision@3: 0.2500 ] Test set [recall@1: 0.5100 recall@2: 0.6700 recall@3: 0.7500 ] Test set [f1score@1: 0.5100 f1score@2: 0.4400 f1score@3: 0.3800 ] Test set [accuracy@1: 0.5100 accuracy@2: 0.6700 accuracy@3: 0.7500 ] 
2024-03-12 22:44:01,807 - [Epoch  39 /  60] rec_loss: 1.5032 cl_loss: 0.0000 
2024-03-12 22:44:04,514 - Epoch  39 Test set [precision@1: 0.5100 precision@2: 0.3400 precision@3: 0.2500 ] Test set [recall@1: 0.5100 recall@2: 0.6700 recall@3: 0.7600 ] Test set [f1score@1: 0.5100 f1score@2: 0.4500 f1score@3: 0.3800 ] Test set [accuracy@1: 0.5100 accuracy@2: 0.6700 accuracy@3: 0.7600 ] 
2024-03-12 22:44:24,339 - [Epoch  40 /  60] rec_loss: 1.5092 cl_loss: 0.0000 
2024-03-12 22:44:26,914 - Epoch  40 Test set [precision@1: 0.5100 precision@2: 0.3400 precision@3: 0.2500 ] Test set [recall@1: 0.5100 recall@2: 0.6700 recall@3: 0.7500 ] Test set [f1score@1: 0.5100 f1score@2: 0.4500 f1score@3: 0.3800 ] Test set [accuracy@1: 0.5100 accuracy@2: 0.6700 accuracy@3: 0.7500 ] 
2024-03-12 22:44:46,644 - [Epoch  41 /  60] rec_loss: 1.5052 cl_loss: 0.0000 
2024-03-12 22:44:49,341 - Epoch  41 Test set [precision@1: 0.5200 precision@2: 0.3300 precision@3: 0.2500 ] Test set [recall@1: 0.5200 recall@2: 0.6700 recall@3: 0.7600 ] Test set [f1score@1: 0.5200 f1score@2: 0.4400 f1score@3: 0.3800 ] Test set [accuracy@1: 0.5200 accuracy@2: 0.6700 accuracy@3: 0.7600 ] 
2024-03-12 22:45:09,295 - [Epoch  42 /  60] rec_loss: 1.5031 cl_loss: 0.0000 
2024-03-12 22:45:11,997 - Epoch  42 Test set [precision@1: 0.5100 precision@2: 0.3400 precision@3: 0.2500 ] Test set [recall@1: 0.5100 recall@2: 0.6800 recall@3: 0.7600 ] Test set [f1score@1: 0.5100 f1score@2: 0.4500 f1score@3: 0.3800 ] Test set [accuracy@1: 0.5100 accuracy@2: 0.6800 accuracy@3: 0.7600 ] 
2024-03-12 22:45:31,392 - [Epoch  43 /  60] rec_loss: 1.4938 cl_loss: 0.0000 
2024-03-12 22:45:33,938 - Epoch  43 Test set [precision@1: 0.5200 precision@2: 0.3400 precision@3: 0.2500 ] Test set [recall@1: 0.5200 recall@2: 0.6800 recall@3: 0.7600 ] Test set [f1score@1: 0.5200 f1score@2: 0.4500 f1score@3: 0.3800 ] Test set [accuracy@1: 0.5200 accuracy@2: 0.6800 accuracy@3: 0.7600 ] 
2024-03-12 22:45:53,419 - [Epoch  44 /  60] rec_loss: 1.5052 cl_loss: 0.0000 
2024-03-12 22:45:56,138 - Epoch  44 Test set [precision@1: 0.5100 precision@2: 0.3400 precision@3: 0.2500 ] Test set [recall@1: 0.5100 recall@2: 0.6700 recall@3: 0.7600 ] Test set [f1score@1: 0.5100 f1score@2: 0.4500 f1score@3: 0.3800 ] Test set [accuracy@1: 0.5100 accuracy@2: 0.6700 accuracy@3: 0.7600 ] 
2024-03-12 22:46:15,097 - [Epoch  45 /  60] rec_loss: 1.5037 cl_loss: 0.0000 
2024-03-12 22:46:17,660 - Epoch  45 Test set [precision@1: 0.5100 precision@2: 0.3400 precision@3: 0.2500 ] Test set [recall@1: 0.5100 recall@2: 0.6700 recall@3: 0.7500 ] Test set [f1score@1: 0.5100 f1score@2: 0.4500 f1score@3: 0.3800 ] Test set [accuracy@1: 0.5100 accuracy@2: 0.6700 accuracy@3: 0.7500 ] 
2024-03-12 22:46:37,476 - [Epoch  46 /  60] rec_loss: 1.4961 cl_loss: 0.0000 
2024-03-12 22:46:40,044 - Epoch  46 Test set [precision@1: 0.5100 precision@2: 0.3400 precision@3: 0.2500 ] Test set [recall@1: 0.5100 recall@2: 0.6700 recall@3: 0.7600 ] Test set [f1score@1: 0.5100 f1score@2: 0.4500 f1score@3: 0.3800 ] Test set [accuracy@1: 0.5100 accuracy@2: 0.6700 accuracy@3: 0.7600 ] 
2024-03-12 22:46:59,914 - [Epoch  47 /  60] rec_loss: 1.4931 cl_loss: 0.0000 
2024-03-12 22:47:02,696 - Epoch  47 Test set [precision@1: 0.5100 precision@2: 0.3400 precision@3: 0.2500 ] Test set [recall@1: 0.5100 recall@2: 0.6800 recall@3: 0.7600 ] Test set [f1score@1: 0.5100 f1score@2: 0.4500 f1score@3: 0.3800 ] Test set [accuracy@1: 0.5100 accuracy@2: 0.6800 accuracy@3: 0.7600 ] 
2024-03-12 22:47:22,418 - [Epoch  48 /  60] rec_loss: 1.4974 cl_loss: 0.0000 
2024-03-12 22:47:24,982 - Epoch  48 Test set [precision@1: 0.5100 precision@2: 0.3400 precision@3: 0.2500 ] Test set [recall@1: 0.5100 recall@2: 0.6800 recall@3: 0.7600 ] Test set [f1score@1: 0.5100 f1score@2: 0.4500 f1score@3: 0.3800 ] Test set [accuracy@1: 0.5100 accuracy@2: 0.6800 accuracy@3: 0.7600 ] 
2024-03-12 22:47:44,411 - [Epoch  49 /  60] rec_loss: 1.4925 cl_loss: 0.0000 
2024-03-12 22:47:46,976 - Epoch  49 Test set [precision@1: 0.5100 precision@2: 0.3400 precision@3: 0.2500 ] Test set [recall@1: 0.5100 recall@2: 0.6800 recall@3: 0.7600 ] Test set [f1score@1: 0.5100 f1score@2: 0.4500 f1score@3: 0.3800 ] Test set [accuracy@1: 0.5100 accuracy@2: 0.6800 accuracy@3: 0.7600 ] 
2024-03-12 22:48:06,402 - [Epoch  50 /  60] rec_loss: 1.4856 cl_loss: 0.0000 
2024-03-12 22:48:09,179 - Epoch  50 Test set [precision@1: 0.5100 precision@2: 0.3300 precision@3: 0.2500 ] Test set [recall@1: 0.5100 recall@2: 0.6600 recall@3: 0.7600 ] Test set [f1score@1: 0.5100 f1score@2: 0.4400 f1score@3: 0.3800 ] Test set [accuracy@1: 0.5100 accuracy@2: 0.6600 accuracy@3: 0.7600 ] 
2024-03-12 22:48:28,812 - [Epoch  51 /  60] rec_loss: 1.4880 cl_loss: 0.0000 
2024-03-12 22:48:31,537 - Epoch  51 Test set [precision@1: 0.5200 precision@2: 0.3400 precision@3: 0.2500 ] Test set [recall@1: 0.5200 recall@2: 0.6800 recall@3: 0.7500 ] Test set [f1score@1: 0.5200 f1score@2: 0.4500 f1score@3: 0.3800 ] Test set [accuracy@1: 0.5200 accuracy@2: 0.6800 accuracy@3: 0.7500 ] 
2024-03-12 22:48:50,489 - [Epoch  52 /  60] rec_loss: 1.4859 cl_loss: 0.0000 
2024-03-12 22:48:53,046 - Epoch  52 Test set [precision@1: 0.5100 precision@2: 0.3300 precision@3: 0.2500 ] Test set [recall@1: 0.5100 recall@2: 0.6700 recall@3: 0.7500 ] Test set [f1score@1: 0.5100 f1score@2: 0.4400 f1score@3: 0.3700 ] Test set [accuracy@1: 0.5100 accuracy@2: 0.6700 accuracy@3: 0.7500 ] 
2024-03-12 22:49:12,330 - [Epoch  53 /  60] rec_loss: 1.4863 cl_loss: 0.0000 
2024-03-12 22:49:14,898 - Epoch  53 Test set [precision@1: 0.5100 precision@2: 0.3300 precision@3: 0.2600 ] Test set [recall@1: 0.5100 recall@2: 0.6700 recall@3: 0.7700 ] Test set [f1score@1: 0.5100 f1score@2: 0.4400 f1score@3: 0.3800 ] Test set [accuracy@1: 0.5100 accuracy@2: 0.6700 accuracy@3: 0.7700 ] 
2024-03-12 22:49:34,555 - [Epoch  54 /  60] rec_loss: 1.4950 cl_loss: 0.0000 
2024-03-12 22:49:37,239 - Epoch  54 Test set [precision@1: 0.5200 precision@2: 0.3300 precision@3: 0.2500 ] Test set [recall@1: 0.5200 recall@2: 0.6600 recall@3: 0.7600 ] Test set [f1score@1: 0.5200 f1score@2: 0.4400 f1score@3: 0.3800 ] Test set [accuracy@1: 0.5200 accuracy@2: 0.6600 accuracy@3: 0.7600 ] 
2024-03-12 22:49:55,861 - [Epoch  55 /  60] rec_loss: 1.4763 cl_loss: 0.0000 
2024-03-12 22:49:58,415 - Epoch  55 Test set [precision@1: 0.5100 precision@2: 0.3300 precision@3: 0.2500 ] Test set [recall@1: 0.5100 recall@2: 0.6700 recall@3: 0.7600 ] Test set [f1score@1: 0.5100 f1score@2: 0.4400 f1score@3: 0.3800 ] Test set [accuracy@1: 0.5100 accuracy@2: 0.6700 accuracy@3: 0.7600 ] 
2024-03-12 22:50:17,971 - [Epoch  56 /  60] rec_loss: 1.4860 cl_loss: 0.0000 
2024-03-12 22:50:20,532 - Epoch  56 Test set [precision@1: 0.5100 precision@2: 0.3400 precision@3: 0.2500 ] Test set [recall@1: 0.5100 recall@2: 0.6800 recall@3: 0.7500 ] Test set [f1score@1: 0.5100 f1score@2: 0.4500 f1score@3: 0.3800 ] Test set [accuracy@1: 0.5100 accuracy@2: 0.6800 accuracy@3: 0.7500 ] 
2024-03-12 22:50:39,053 - [Epoch  57 /  60] rec_loss: 1.4839 cl_loss: 0.0000 
2024-03-12 22:50:41,601 - Epoch  57 Test set [precision@1: 0.5200 precision@2: 0.3400 precision@3: 0.2500 ] Test set [recall@1: 0.5200 recall@2: 0.6700 recall@3: 0.7600 ] Test set [f1score@1: 0.5200 f1score@2: 0.4500 f1score@3: 0.3800 ] Test set [accuracy@1: 0.5200 accuracy@2: 0.6700 accuracy@3: 0.7600 ] 
2024-03-12 22:51:01,319 - [Epoch  58 /  60] rec_loss: 1.4813 cl_loss: 0.0000 
2024-03-12 22:51:03,997 - Epoch  58 Test set [precision@1: 0.5200 precision@2: 0.3400 precision@3: 0.2500 ] Test set [recall@1: 0.5200 recall@2: 0.6800 recall@3: 0.7600 ] Test set [f1score@1: 0.5200 f1score@2: 0.4500 f1score@3: 0.3800 ] Test set [accuracy@1: 0.5200 accuracy@2: 0.6800 accuracy@3: 0.7600 ] 
2024-03-12 22:51:23,182 - [Epoch  59 /  60] rec_loss: 1.4758 cl_loss: 0.0000 
2024-03-12 22:51:25,747 - Epoch  59 Test set [precision@1: 0.5100 precision@2: 0.3300 precision@3: 0.2500 ] Test set [recall@1: 0.5100 recall@2: 0.6700 recall@3: 0.7600 ] Test set [f1score@1: 0.5100 f1score@2: 0.4500 f1score@3: 0.3800 ] Test set [accuracy@1: 0.5100 accuracy@2: 0.6700 accuracy@3: 0.7600 ] 
2024-03-12 22:51:28,878 - Test set [precision@1: 0.5100 precision@2: 0.3300 precision@3: 0.2500 ] Test set [recall@1: 0.5100 recall@2: 0.6700 recall@3: 0.7600 ] Test set [f1score@1: 0.5100 f1score@2: 0.4500 f1score@3: 0.3800 ] Test set [accuracy@1: 0.5100 accuracy@2: 0.6700 accuracy@3: 0.7600 ] 
2024-03-12 22:51:28,896 - Save model parameters to ./checkpoint/cl4srec/cl4srec-2024-03-12_22-29.pth
2024-03-12 22:51:31,679 - Test set [precision@1: 0.5100 precision@2: 0.3300 precision@3: 0.2500 ] Test set [recall@1: 0.5100 recall@2: 0.6700 recall@3: 0.7600 ] Test set [f1score@1: 0.5100 f1score@2: 0.4500 f1score@3: 0.3800 ] Test set [accuracy@1: 0.5100 accuracy@2: 0.6700 accuracy@3: 0.7600 ] 
