2024-04-01 23:47:07,273 - {'optimizer': {'name': 'adam', 'lr': 0.001, 'final_lr': 1e-06, 'weight_decay': 0}, 'train': {'model_test_run': True, 'weighted_loss_fn': True, 'epoch': 1000, 'batch_size': 64, 'save_model': True, 'log_loss': True, 'test_step': 1, 'reproducible': True, 'seed': 2023, 'tensorboard': True, 'conf_mat': True, 'ssl': False, 'gradient_accumulation': False, 'accumulation_steps': 4, 'early_stop': False, 'parameter_class_weights_path': './datasets/sequential/fix/parameters/param.pkl', 'parameter_label_mapping_path': './datasets/sequential/fix/parameters/label_mapping.pkl'}, 'test': {'metrics': ['precision', 'recall', 'f1score', 'accuracy'], 'k': [1, 2, 3], 'batch_size': 64, 'train_eval': False, 'save_path': '2024-04-01_23-46'}, 'data': {'type': 'sequential', 'name': 'fix', 'seq_aug': False, 'dynamic_context_window_length': 100, 'user_num': 100, 'item_num': 23, 'max_context_length': 100, 'dynamic_context_feat_num': 14, 'static_context_feat_num': 6, 'static_context_max': [12, 6, 23, 1, 1, 1]}, 'model': {'name': 'cl4srec', 'context_encoder': 'tempcnn', 'interaction_encoder': 'sasrec', 'dropout_rate': 0.1, 'n_layers': 2, 'embedding_size': 16, 'n_heads': 2, 'max_seq_len': 10, 'lmd': 0.1, 'tau': 1, 'encoder_combine': 'concat'}, 'lstm': {'hidden_size': 64, 'num_layers': 2}, 'tune': {'enable': False, 'hyperparameters': ['dropout_rate', 'lmd', 'tau'], 'dropout_rate': [0.1, 0.2, 0.3], 'lmd': [0.05, 0.1, 0.2], 'tau': [0.5, 0.7, 0.9]}, 'device': 'cpu'}
2024-04-01 23:47:08,375 - [Epoch   0 / 1000] rec_loss: 5.5090 cl_loss: 0.0000 
2024-04-01 23:47:08,682 - Epoch   0 Test set [precision@1: 0.0000 precision@2: 0.0400 precision@3: 0.0300 ] Test set [recall@1: 0.0000 recall@2: 0.0800 recall@3: 0.0900 ] Test set [f1score@1: 0.0000 f1score@2: 0.0500 f1score@3: 0.0500 ] Test set [accuracy@1: 0.0000 accuracy@2: 0.0800 accuracy@3: 0.0900 ] 
2024-04-01 23:47:09,368 - [Epoch   1 / 1000] rec_loss: 5.0767 cl_loss: 0.0000 
2024-04-01 23:47:09,673 - Epoch   1 Test set [precision@1: 0.0000 precision@2: 0.0100 precision@3: 0.0300 ] Test set [recall@1: 0.0000 recall@2: 0.0200 recall@3: 0.0900 ] Test set [f1score@1: 0.0000 f1score@2: 0.0100 f1score@3: 0.0500 ] Test set [accuracy@1: 0.0000 accuracy@2: 0.0200 accuracy@3: 0.0900 ] 
2024-04-01 23:47:10,358 - [Epoch   2 / 1000] rec_loss: 5.1755 cl_loss: 0.0000 
2024-04-01 23:47:10,654 - Epoch   2 Test set [precision@1: 0.0000 precision@2: 0.0000 precision@3: 0.0100 ] Test set [recall@1: 0.0000 recall@2: 0.0100 recall@3: 0.0400 ] Test set [f1score@1: 0.0000 f1score@2: 0.0100 f1score@3: 0.0200 ] Test set [accuracy@1: 0.0000 accuracy@2: 0.0100 accuracy@3: 0.0400 ] 
2024-04-01 23:47:11,369 - [Epoch   3 / 1000] rec_loss: 4.7018 cl_loss: 0.0000 
2024-04-01 23:47:11,682 - Epoch   3 Test set [precision@1: 0.0000 precision@2: 0.0100 precision@3: 0.0200 ] Test set [recall@1: 0.0000 recall@2: 0.0300 recall@3: 0.0500 ] Test set [f1score@1: 0.0000 f1score@2: 0.0200 f1score@3: 0.0300 ] Test set [accuracy@1: 0.0000 accuracy@2: 0.0300 accuracy@3: 0.0500 ] 
2024-04-01 23:47:12,392 - [Epoch   4 / 1000] rec_loss: 4.6945 cl_loss: 0.0000 
2024-04-01 23:47:12,694 - Epoch   4 Test set [precision@1: 0.0000 precision@2: 0.0300 precision@3: 0.0300 ] Test set [recall@1: 0.0000 recall@2: 0.0600 recall@3: 0.1000 ] Test set [f1score@1: 0.0000 f1score@2: 0.0400 f1score@3: 0.0500 ] Test set [accuracy@1: 0.0000 accuracy@2: 0.0600 accuracy@3: 0.1000 ] 
2024-04-01 23:47:13,404 - [Epoch   5 / 1000] rec_loss: 4.3268 cl_loss: 0.0000 
2024-04-01 23:47:13,716 - Epoch   5 Test set [precision@1: 0.0000 precision@2: 0.0500 precision@3: 0.0400 ] Test set [recall@1: 0.0000 recall@2: 0.0900 recall@3: 0.1200 ] Test set [f1score@1: 0.0000 f1score@2: 0.0600 f1score@3: 0.0600 ] Test set [accuracy@1: 0.0000 accuracy@2: 0.0900 accuracy@3: 0.1200 ] 
2024-04-01 23:47:14,429 - [Epoch   6 / 1000] rec_loss: 4.4208 cl_loss: 0.0000 
2024-04-01 23:47:14,742 - Epoch   6 Test set [precision@1: 0.0000 precision@2: 0.0600 precision@3: 0.0500 ] Test set [recall@1: 0.0000 recall@2: 0.1200 recall@3: 0.1400 ] Test set [f1score@1: 0.0000 f1score@2: 0.0800 f1score@3: 0.0700 ] Test set [accuracy@1: 0.0000 accuracy@2: 0.1200 accuracy@3: 0.1400 ] 
2024-04-01 23:47:15,446 - [Epoch   7 / 1000] rec_loss: 4.2764 cl_loss: 0.0000 
2024-04-01 23:47:15,752 - Epoch   7 Test set [precision@1: 0.0000 precision@2: 0.0600 precision@3: 0.0500 ] Test set [recall@1: 0.0000 recall@2: 0.1200 recall@3: 0.1600 ] Test set [f1score@1: 0.0000 f1score@2: 0.0800 f1score@3: 0.0800 ] Test set [accuracy@1: 0.0000 accuracy@2: 0.1200 accuracy@3: 0.1600 ] 
2024-04-01 23:47:16,446 - [Epoch   8 / 1000] rec_loss: 3.9806 cl_loss: 0.0000 
2024-04-01 23:47:16,759 - Epoch   8 Test set [precision@1: 0.0000 precision@2: 0.0700 precision@3: 0.0500 ] Test set [recall@1: 0.0000 recall@2: 0.1400 recall@3: 0.1600 ] Test set [f1score@1: 0.0000 f1score@2: 0.0900 f1score@3: 0.0800 ] Test set [accuracy@1: 0.0000 accuracy@2: 0.1400 accuracy@3: 0.1600 ] 
2024-04-01 23:47:17,470 - [Epoch   9 / 1000] rec_loss: 4.1994 cl_loss: 0.0000 
2024-04-01 23:47:17,779 - Epoch   9 Test set [precision@1: 0.0000 precision@2: 0.0600 precision@3: 0.0500 ] Test set [recall@1: 0.0000 recall@2: 0.1300 recall@3: 0.1600 ] Test set [f1score@1: 0.0000 f1score@2: 0.0900 f1score@3: 0.0800 ] Test set [accuracy@1: 0.0000 accuracy@2: 0.1300 accuracy@3: 0.1600 ] 
2024-04-01 23:47:18,490 - [Epoch  10 / 1000] rec_loss: 4.2121 cl_loss: 0.0000 
2024-04-01 23:47:18,786 - Epoch  10 Test set [precision@1: 0.0100 precision@2: 0.0700 precision@3: 0.0600 ] Test set [recall@1: 0.0100 recall@2: 0.1400 recall@3: 0.1800 ] Test set [f1score@1: 0.0100 f1score@2: 0.0900 f1score@3: 0.0900 ] Test set [accuracy@1: 0.0100 accuracy@2: 0.1400 accuracy@3: 0.1800 ] 
2024-04-01 23:47:19,463 - [Epoch  11 / 1000] rec_loss: 3.8970 cl_loss: 0.0000 
2024-04-01 23:47:19,763 - Epoch  11 Test set [precision@1: 0.0300 precision@2: 0.0700 precision@3: 0.0700 ] Test set [recall@1: 0.0300 recall@2: 0.1400 recall@3: 0.2000 ] Test set [f1score@1: 0.0300 f1score@2: 0.0900 f1score@3: 0.1000 ] Test set [accuracy@1: 0.0300 accuracy@2: 0.1400 accuracy@3: 0.2000 ] 
2024-04-01 23:47:20,439 - [Epoch  12 / 1000] rec_loss: 3.7597 cl_loss: 0.0000 
2024-04-01 23:47:20,735 - Epoch  12 Test set [precision@1: 0.0600 precision@2: 0.0600 precision@3: 0.0800 ] Test set [recall@1: 0.0600 recall@2: 0.1300 recall@3: 0.2300 ] Test set [f1score@1: 0.0600 f1score@2: 0.0900 f1score@3: 0.1200 ] Test set [accuracy@1: 0.0600 accuracy@2: 0.1300 accuracy@3: 0.2300 ] 
2024-04-01 23:47:21,417 - [Epoch  13 / 1000] rec_loss: 3.7913 cl_loss: 0.0000 
2024-04-01 23:47:21,712 - Epoch  13 Test set [precision@1: 0.0700 precision@2: 0.0800 precision@3: 0.0800 ] Test set [recall@1: 0.0700 recall@2: 0.1600 recall@3: 0.2500 ] Test set [f1score@1: 0.0700 f1score@2: 0.1100 f1score@3: 0.1200 ] Test set [accuracy@1: 0.0700 accuracy@2: 0.1600 accuracy@3: 0.2500 ] 
2024-04-01 23:47:22,438 - [Epoch  14 / 1000] rec_loss: 3.7266 cl_loss: 0.0000 
2024-04-01 23:47:22,751 - Epoch  14 Test set [precision@1: 0.1000 precision@2: 0.0900 precision@3: 0.0900 ] Test set [recall@1: 0.1000 recall@2: 0.1800 recall@3: 0.2600 ] Test set [f1score@1: 0.1000 f1score@2: 0.1200 f1score@3: 0.1300 ] Test set [accuracy@1: 0.1000 accuracy@2: 0.1800 accuracy@3: 0.2600 ] 
2024-04-01 23:47:23,467 - [Epoch  15 / 1000] rec_loss: 3.5454 cl_loss: 0.0000 
2024-04-01 23:47:23,817 - Epoch  15 Test set [precision@1: 0.1200 precision@2: 0.0900 precision@3: 0.0900 ] Test set [recall@1: 0.1200 recall@2: 0.1900 recall@3: 0.2700 ] Test set [f1score@1: 0.1200 f1score@2: 0.1300 f1score@3: 0.1400 ] Test set [accuracy@1: 0.1200 accuracy@2: 0.1900 accuracy@3: 0.2700 ] 
2024-04-01 23:47:24,656 - [Epoch  16 / 1000] rec_loss: 3.3913 cl_loss: 0.0000 
2024-04-01 23:47:25,068 - Epoch  16 Test set [precision@1: 0.1200 precision@2: 0.0900 precision@3: 0.0900 ] Test set [recall@1: 0.1200 recall@2: 0.1700 recall@3: 0.2800 ] Test set [f1score@1: 0.1200 f1score@2: 0.1100 f1score@3: 0.1400 ] Test set [accuracy@1: 0.1200 accuracy@2: 0.1700 accuracy@3: 0.2800 ] 
2024-04-01 23:47:25,904 - [Epoch  17 / 1000] rec_loss: 3.5603 cl_loss: 0.0000 
2024-04-01 23:47:26,221 - Epoch  17 Test set [precision@1: 0.1300 precision@2: 0.0900 precision@3: 0.0800 ] Test set [recall@1: 0.1300 recall@2: 0.1700 recall@3: 0.2500 ] Test set [f1score@1: 0.1300 f1score@2: 0.1100 f1score@3: 0.1200 ] Test set [accuracy@1: 0.1300 accuracy@2: 0.1700 accuracy@3: 0.2500 ] 
2024-04-01 23:47:26,927 - [Epoch  18 / 1000] rec_loss: 3.5884 cl_loss: 0.0000 
2024-04-01 23:47:27,228 - Epoch  18 Test set [precision@1: 0.1100 precision@2: 0.0800 precision@3: 0.0800 ] Test set [recall@1: 0.1100 recall@2: 0.1600 recall@3: 0.2400 ] Test set [f1score@1: 0.1100 f1score@2: 0.1100 f1score@3: 0.1200 ] Test set [accuracy@1: 0.1100 accuracy@2: 0.1600 accuracy@3: 0.2400 ] 
2024-04-01 23:47:27,973 - [Epoch  19 / 1000] rec_loss: 3.0791 cl_loss: 0.0000 
2024-04-01 23:47:28,291 - Epoch  19 Test set [precision@1: 0.1100 precision@2: 0.0900 precision@3: 0.0900 ] Test set [recall@1: 0.1100 recall@2: 0.1700 recall@3: 0.2800 ] Test set [f1score@1: 0.1100 f1score@2: 0.1100 f1score@3: 0.1400 ] Test set [accuracy@1: 0.1100 accuracy@2: 0.1700 accuracy@3: 0.2800 ] 
2024-04-01 23:47:29,021 - [Epoch  20 / 1000] rec_loss: 3.3918 cl_loss: 0.0000 
2024-04-01 23:47:29,319 - Epoch  20 Test set [precision@1: 0.1300 precision@2: 0.1000 precision@3: 0.0900 ] Test set [recall@1: 0.1300 recall@2: 0.2000 recall@3: 0.2800 ] Test set [f1score@1: 0.1300 f1score@2: 0.1300 f1score@3: 0.1400 ] Test set [accuracy@1: 0.1300 accuracy@2: 0.2000 accuracy@3: 0.2800 ] 
2024-04-01 23:47:30,004 - [Epoch  21 / 1000] rec_loss: 3.2320 cl_loss: 0.0000 
2024-04-01 23:47:30,303 - Epoch  21 Test set [precision@1: 0.1400 precision@2: 0.1100 precision@3: 0.1100 ] Test set [recall@1: 0.1400 recall@2: 0.2200 recall@3: 0.3400 ] Test set [f1score@1: 0.1400 f1score@2: 0.1500 f1score@3: 0.1700 ] Test set [accuracy@1: 0.1400 accuracy@2: 0.2200 accuracy@3: 0.3400 ] 
2024-04-01 23:47:30,984 - [Epoch  22 / 1000] rec_loss: 3.2594 cl_loss: 0.0000 
2024-04-01 23:47:31,285 - Epoch  22 Test set [precision@1: 0.1500 precision@2: 0.1200 precision@3: 0.1100 ] Test set [recall@1: 0.1500 recall@2: 0.2300 recall@3: 0.3400 ] Test set [f1score@1: 0.1500 f1score@2: 0.1500 f1score@3: 0.1700 ] Test set [accuracy@1: 0.1500 accuracy@2: 0.2300 accuracy@3: 0.3400 ] 
2024-04-01 23:47:31,989 - [Epoch  23 / 1000] rec_loss: 3.3966 cl_loss: 0.0000 
2024-04-01 23:47:32,288 - Epoch  23 Test set [precision@1: 0.1700 precision@2: 0.1300 precision@3: 0.1200 ] Test set [recall@1: 0.1700 recall@2: 0.2600 recall@3: 0.3600 ] Test set [f1score@1: 0.1700 f1score@2: 0.1700 f1score@3: 0.1800 ] Test set [accuracy@1: 0.1700 accuracy@2: 0.2600 accuracy@3: 0.3600 ] 
2024-04-01 23:47:32,971 - [Epoch  24 / 1000] rec_loss: 3.0356 cl_loss: 0.0000 
2024-04-01 23:47:33,272 - Epoch  24 Test set [precision@1: 0.1800 precision@2: 0.1400 precision@3: 0.1300 ] Test set [recall@1: 0.1800 recall@2: 0.2900 recall@3: 0.4000 ] Test set [f1score@1: 0.1800 f1score@2: 0.1900 f1score@3: 0.2000 ] Test set [accuracy@1: 0.1800 accuracy@2: 0.2900 accuracy@3: 0.4000 ] 
2024-04-01 23:47:33,965 - [Epoch  25 / 1000] rec_loss: 2.9676 cl_loss: 0.0000 
2024-04-01 23:47:34,261 - Epoch  25 Test set [precision@1: 0.2000 precision@2: 0.1700 precision@3: 0.1500 ] Test set [recall@1: 0.2000 recall@2: 0.3300 recall@3: 0.4400 ] Test set [f1score@1: 0.2000 f1score@2: 0.2200 f1score@3: 0.2200 ] Test set [accuracy@1: 0.2000 accuracy@2: 0.3300 accuracy@3: 0.4400 ] 
2024-04-01 23:47:34,991 - [Epoch  26 / 1000] rec_loss: 2.9640 cl_loss: 0.0000 
2024-04-01 23:47:35,298 - Epoch  26 Test set [precision@1: 0.2300 precision@2: 0.1800 precision@3: 0.1700 ] Test set [recall@1: 0.2300 recall@2: 0.3600 recall@3: 0.5000 ] Test set [f1score@1: 0.2300 f1score@2: 0.2400 f1score@3: 0.2500 ] Test set [accuracy@1: 0.2300 accuracy@2: 0.3600 accuracy@3: 0.5000 ] 
2024-04-01 23:47:36,101 - [Epoch  27 / 1000] rec_loss: 2.8349 cl_loss: 0.0000 
2024-04-01 23:47:36,411 - Epoch  27 Test set [precision@1: 0.2600 precision@2: 0.2100 precision@3: 0.1900 ] Test set [recall@1: 0.2600 recall@2: 0.4200 recall@3: 0.5600 ] Test set [f1score@1: 0.2600 f1score@2: 0.2800 f1score@3: 0.2800 ] Test set [accuracy@1: 0.2600 accuracy@2: 0.4200 accuracy@3: 0.5600 ] 
2024-04-01 23:47:37,150 - [Epoch  28 / 1000] rec_loss: 2.9440 cl_loss: 0.0000 
2024-04-01 23:47:37,452 - Epoch  28 Test set [precision@1: 0.3000 precision@2: 0.2200 precision@3: 0.2000 ] Test set [recall@1: 0.3000 recall@2: 0.4400 recall@3: 0.6000 ] Test set [f1score@1: 0.3000 f1score@2: 0.2900 f1score@3: 0.3000 ] Test set [accuracy@1: 0.3000 accuracy@2: 0.4400 accuracy@3: 0.6000 ] 
2024-04-01 23:47:38,165 - [Epoch  29 / 1000] rec_loss: 2.9449 cl_loss: 0.0000 
2024-04-01 23:47:38,477 - Epoch  29 Test set [precision@1: 0.3200 precision@2: 0.2200 precision@3: 0.2000 ] Test set [recall@1: 0.3200 recall@2: 0.4400 recall@3: 0.5900 ] Test set [f1score@1: 0.3200 f1score@2: 0.2900 f1score@3: 0.2900 ] Test set [accuracy@1: 0.3200 accuracy@2: 0.4400 accuracy@3: 0.5900 ] 
2024-04-01 23:47:39,307 - [Epoch  30 / 1000] rec_loss: 2.9347 cl_loss: 0.0000 
2024-04-01 23:47:39,650 - Epoch  30 Test set [precision@1: 0.3100 precision@2: 0.2000 precision@3: 0.1900 ] Test set [recall@1: 0.3100 recall@2: 0.4100 recall@3: 0.5600 ] Test set [f1score@1: 0.3100 f1score@2: 0.2700 f1score@3: 0.2800 ] Test set [accuracy@1: 0.3100 accuracy@2: 0.4100 accuracy@3: 0.5600 ] 
2024-04-01 23:47:40,672 - [Epoch  31 / 1000] rec_loss: 2.7397 cl_loss: 0.0000 
2024-04-01 23:47:41,045 - Epoch  31 Test set [precision@1: 0.3200 precision@2: 0.2200 precision@3: 0.1900 ] Test set [recall@1: 0.3200 recall@2: 0.4300 recall@3: 0.5600 ] Test set [f1score@1: 0.3200 f1score@2: 0.2900 f1score@3: 0.2800 ] Test set [accuracy@1: 0.3200 accuracy@2: 0.4300 accuracy@3: 0.5600 ] 
2024-04-01 23:47:41,823 - [Epoch  32 / 1000] rec_loss: 2.6080 cl_loss: 0.0000 
2024-04-01 23:47:42,155 - Epoch  32 Test set [precision@1: 0.3200 precision@2: 0.2100 precision@3: 0.2000 ] Test set [recall@1: 0.3200 recall@2: 0.4200 recall@3: 0.5900 ] Test set [f1score@1: 0.3200 f1score@2: 0.2800 f1score@3: 0.2900 ] Test set [accuracy@1: 0.3200 accuracy@2: 0.4200 accuracy@3: 0.5900 ] 
2024-04-01 23:47:42,894 - [Epoch  33 / 1000] rec_loss: 2.7477 cl_loss: 0.0000 
2024-04-01 23:47:43,207 - Epoch  33 Test set [precision@1: 0.3600 precision@2: 0.2300 precision@3: 0.2000 ] Test set [recall@1: 0.3600 recall@2: 0.4600 recall@3: 0.5900 ] Test set [f1score@1: 0.3600 f1score@2: 0.3100 f1score@3: 0.2900 ] Test set [accuracy@1: 0.3600 accuracy@2: 0.4600 accuracy@3: 0.5900 ] 
2024-04-01 23:47:43,940 - [Epoch  34 / 1000] rec_loss: 2.8510 cl_loss: 0.0000 
2024-04-01 23:47:44,273 - Epoch  34 Test set [precision@1: 0.3700 precision@2: 0.2300 precision@3: 0.2100 ] Test set [recall@1: 0.3700 recall@2: 0.4700 recall@3: 0.6200 ] Test set [f1score@1: 0.3700 f1score@2: 0.3100 f1score@3: 0.3100 ] Test set [accuracy@1: 0.3700 accuracy@2: 0.4700 accuracy@3: 0.6200 ] 
2024-04-01 23:47:45,150 - [Epoch  35 / 1000] rec_loss: 2.6302 cl_loss: 0.0000 
2024-04-01 23:47:45,468 - Epoch  35 Test set [precision@1: 0.3800 precision@2: 0.2600 precision@3: 0.2100 ] Test set [recall@1: 0.3800 recall@2: 0.5300 recall@3: 0.6200 ] Test set [f1score@1: 0.3800 f1score@2: 0.3500 f1score@3: 0.3100 ] Test set [accuracy@1: 0.3800 accuracy@2: 0.5300 accuracy@3: 0.6200 ] 
2024-04-01 23:47:46,253 - [Epoch  36 / 1000] rec_loss: 2.7898 cl_loss: 0.0000 
2024-04-01 23:47:46,568 - Epoch  36 Test set [precision@1: 0.3800 precision@2: 0.2700 precision@3: 0.2200 ] Test set [recall@1: 0.3800 recall@2: 0.5400 recall@3: 0.6600 ] Test set [f1score@1: 0.3800 f1score@2: 0.3600 f1score@3: 0.3300 ] Test set [accuracy@1: 0.3800 accuracy@2: 0.5400 accuracy@3: 0.6600 ] 
2024-04-01 23:47:47,310 - [Epoch  37 / 1000] rec_loss: 2.7925 cl_loss: 0.0000 
2024-04-01 23:47:47,643 - Epoch  37 Test set [precision@1: 0.3700 precision@2: 0.2700 precision@3: 0.2200 ] Test set [recall@1: 0.3700 recall@2: 0.5400 recall@3: 0.6600 ] Test set [f1score@1: 0.3700 f1score@2: 0.3600 f1score@3: 0.3300 ] Test set [accuracy@1: 0.3700 accuracy@2: 0.5400 accuracy@3: 0.6600 ] 
2024-04-01 23:47:48,463 - [Epoch  38 / 1000] rec_loss: 2.6896 cl_loss: 0.0000 
2024-04-01 23:47:48,792 - Epoch  38 Test set [precision@1: 0.4100 precision@2: 0.2800 precision@3: 0.2300 ] Test set [recall@1: 0.4100 recall@2: 0.5600 recall@3: 0.7000 ] Test set [f1score@1: 0.4100 f1score@2: 0.3700 f1score@3: 0.3500 ] Test set [accuracy@1: 0.4100 accuracy@2: 0.5600 accuracy@3: 0.7000 ] 
2024-04-01 23:47:49,611 - [Epoch  39 / 1000] rec_loss: 2.7292 cl_loss: 0.0000 
2024-04-01 23:47:49,927 - Epoch  39 Test set [precision@1: 0.3800 precision@2: 0.2900 precision@3: 0.2200 ] Test set [recall@1: 0.3800 recall@2: 0.5900 recall@3: 0.6700 ] Test set [f1score@1: 0.3800 f1score@2: 0.3900 f1score@3: 0.3400 ] Test set [accuracy@1: 0.3800 accuracy@2: 0.5900 accuracy@3: 0.6700 ] 
2024-04-01 23:47:50,631 - [Epoch  40 / 1000] rec_loss: 2.7296 cl_loss: 0.0000 
