2024-04-02 14:58:04,507 - {'optimizer': {'name': 'adam', 'lr': 0.001, 'final_lr': 1e-06, 'weight_decay': 0}, 'train': {'model_test_run': True, 'weighted_loss_fn': True, 'epoch': 1000, 'batch_size': 64, 'save_model': True, 'log_loss': True, 'test_step': 1, 'reproducible': True, 'seed': 2023, 'tensorboard': True, 'conf_mat': True, 'ssl': False, 'gradient_accumulation': False, 'accumulation_steps': 4, 'early_stop': False, 'parameter_class_weights_path': './datasets/sequential/fix/parameters/param.pkl', 'parameter_label_mapping_path': './datasets/sequential/fix/parameters/label_mapping.pkl'}, 'test': {'metrics': ['precision', 'recall', 'f1score', 'accuracy'], 'k': [1, 2, 3], 'batch_size': 64, 'train_eval': False, 'save_path': '2024-04-02_14-57'}, 'data': {'type': 'sequential', 'name': 'fix', 'seq_aug': False, 'dynamic_context_window_length': 100, 'user_num': 100, 'item_num': 23, 'max_context_length': 100, 'dynamic_context_feat_num': 14, 'static_context_feat_num': 6, 'static_context_max': [12, 6, 23, 1, 1, 1]}, 'model': {'name': 'cl4srec', 'context_encoder': 'tempcnn', 'tcn_num_channels': [80, 50, 25], 'tcn_kernel_size': 3, 'interaction_encoder': 'sasrec', 'dropout_rate_trans': 0.3, 'dropout_rate_tcn': 0.25, 'dropout_rate_fc_tcn': 0.4, 'dropout_rate_fc_trans': 0.5, 'dropout_rate_fc_concat': 0.3, 'dropout_rate_fc_static': 0.1, 'n_layers': 2, 'embedding_size': 786, 'n_heads': 2, 'max_seq_len': 10, 'lmd': 0.1, 'tau': 1, 'encoder_combine': 'concat'}, 'lstm': {'hidden_size': 64, 'num_layers': 2}, 'tune': {'enable': False, 'hyperparameters': ['dropout_rate', 'lmd', 'tau'], 'dropout_rate': [0.1, 0.2, 0.3], 'lmd': [0.05, 0.1, 0.2], 'tau': [0.5, 0.7, 0.9]}, 'device': 'cpu'}
2024-04-02 14:58:07,045 - [Epoch   0 / 1000] rec_loss: 42.6542 cl_loss: 0.0000 
2024-04-02 14:58:07,432 - Epoch   0 Test set [precision@1: 0.1900 precision@2: 0.1500 precision@3: 0.1200 ] Test set [recall@1: 0.1900 recall@2: 0.3000 recall@3: 0.3500 ] Test set [f1score@1: 0.1900 f1score@2: 0.2000 f1score@3: 0.1700 ] Test set [accuracy@1: 0.1900 accuracy@2: 0.3000 accuracy@3: 0.3500 ] 
2024-04-02 14:58:09,026 - [Epoch   1 / 1000] rec_loss: 40.7399 cl_loss: 0.0000 
2024-04-02 14:58:09,419 - Epoch   1 Test set [precision@1: 0.1000 precision@2: 0.0900 precision@3: 0.0600 ] Test set [recall@1: 0.1000 recall@2: 0.1700 recall@3: 0.1900 ] Test set [f1score@1: 0.1000 f1score@2: 0.1100 f1score@3: 0.0900 ] Test set [accuracy@1: 0.1000 accuracy@2: 0.1700 accuracy@3: 0.1900 ] 
2024-04-02 14:58:11,040 - [Epoch   2 / 1000] rec_loss: 44.0510 cl_loss: 0.0000 
2024-04-02 14:58:11,442 - Epoch   2 Test set [precision@1: 0.1300 precision@2: 0.0600 precision@3: 0.0700 ] Test set [recall@1: 0.1300 recall@2: 0.1300 recall@3: 0.2000 ] Test set [f1score@1: 0.1300 f1score@2: 0.0900 f1score@3: 0.1000 ] Test set [accuracy@1: 0.1300 accuracy@2: 0.1300 accuracy@3: 0.2000 ] 
2024-04-02 14:58:13,069 - [Epoch   3 / 1000] rec_loss: 38.2843 cl_loss: 0.0000 
2024-04-02 14:58:13,480 - Epoch   3 Test set [precision@1: 0.1300 precision@2: 0.1000 precision@3: 0.0800 ] Test set [recall@1: 0.1300 recall@2: 0.2000 recall@3: 0.2400 ] Test set [f1score@1: 0.1300 f1score@2: 0.1300 f1score@3: 0.1200 ] Test set [accuracy@1: 0.1300 accuracy@2: 0.2000 accuracy@3: 0.2400 ] 
2024-04-02 14:58:15,135 - [Epoch   4 / 1000] rec_loss: 40.6260 cl_loss: 0.0000 
2024-04-02 14:58:15,550 - Epoch   4 Test set [precision@1: 0.1300 precision@2: 0.1500 precision@3: 0.1500 ] Test set [recall@1: 0.1300 recall@2: 0.3000 recall@3: 0.4400 ] Test set [f1score@1: 0.1300 f1score@2: 0.2000 f1score@3: 0.2200 ] Test set [accuracy@1: 0.1300 accuracy@2: 0.3000 accuracy@3: 0.4400 ] 
2024-04-02 14:58:17,207 - [Epoch   5 / 1000] rec_loss: 33.6695 cl_loss: 0.0000 
2024-04-02 14:58:17,597 - Epoch   5 Test set [precision@1: 0.2200 precision@2: 0.1900 precision@3: 0.1500 ] Test set [recall@1: 0.2200 recall@2: 0.3700 recall@3: 0.4400 ] Test set [f1score@1: 0.2200 f1score@2: 0.2500 f1score@3: 0.2200 ] Test set [accuracy@1: 0.2200 accuracy@2: 0.3700 accuracy@3: 0.4400 ] 
2024-04-02 14:58:19,236 - [Epoch   6 / 1000] rec_loss: 34.9726 cl_loss: 0.0000 
2024-04-02 14:58:19,638 - Epoch   6 Test set [precision@1: 0.2900 precision@2: 0.2400 precision@3: 0.1700 ] Test set [recall@1: 0.2900 recall@2: 0.4800 recall@3: 0.5200 ] Test set [f1score@1: 0.2900 f1score@2: 0.3200 f1score@3: 0.2600 ] Test set [accuracy@1: 0.2900 accuracy@2: 0.4800 accuracy@3: 0.5200 ] 
2024-04-02 14:58:21,327 - [Epoch   7 / 1000] rec_loss: 40.3846 cl_loss: 0.0000 
2024-04-02 14:58:21,740 - Epoch   7 Test set [precision@1: 0.3000 precision@2: 0.2200 precision@3: 0.1900 ] Test set [recall@1: 0.3000 recall@2: 0.4300 recall@3: 0.5800 ] Test set [f1score@1: 0.3000 f1score@2: 0.2900 f1score@3: 0.2900 ] Test set [accuracy@1: 0.3000 accuracy@2: 0.4300 accuracy@3: 0.5800 ] 
2024-04-02 14:58:23,379 - [Epoch   8 / 1000] rec_loss: 37.6011 cl_loss: 0.0000 
2024-04-02 14:58:23,779 - Epoch   8 Test set [precision@1: 0.3200 precision@2: 0.2600 precision@3: 0.1900 ] Test set [recall@1: 0.3200 recall@2: 0.5200 recall@3: 0.5700 ] Test set [f1score@1: 0.3200 f1score@2: 0.3500 f1score@3: 0.2800 ] Test set [accuracy@1: 0.3200 accuracy@2: 0.5200 accuracy@3: 0.5700 ] 
2024-04-02 14:58:25,427 - [Epoch   9 / 1000] rec_loss: 31.2187 cl_loss: 0.0000 
2024-04-02 14:58:25,834 - Epoch   9 Test set [precision@1: 0.3100 precision@2: 0.2400 precision@3: 0.1800 ] Test set [recall@1: 0.3100 recall@2: 0.4800 recall@3: 0.5400 ] Test set [f1score@1: 0.3100 f1score@2: 0.3200 f1score@3: 0.2700 ] Test set [accuracy@1: 0.3100 accuracy@2: 0.4800 accuracy@3: 0.5400 ] 
2024-04-02 14:58:27,505 - [Epoch  10 / 1000] rec_loss: 31.4525 cl_loss: 0.0000 
2024-04-02 14:58:27,900 - Epoch  10 Test set [precision@1: 0.2900 precision@2: 0.2600 precision@3: 0.2000 ] Test set [recall@1: 0.2900 recall@2: 0.5200 recall@3: 0.6100 ] Test set [f1score@1: 0.2900 f1score@2: 0.3500 f1score@3: 0.3100 ] Test set [accuracy@1: 0.2900 accuracy@2: 0.5200 accuracy@3: 0.6100 ] 
2024-04-02 14:58:29,525 - [Epoch  11 / 1000] rec_loss: 31.5634 cl_loss: 0.0000 
2024-04-02 14:58:29,943 - Epoch  11 Test set [precision@1: 0.2800 precision@2: 0.2800 precision@3: 0.2200 ] Test set [recall@1: 0.2800 recall@2: 0.5500 recall@3: 0.6700 ] Test set [f1score@1: 0.2800 f1score@2: 0.3700 f1score@3: 0.3400 ] Test set [accuracy@1: 0.2800 accuracy@2: 0.5500 accuracy@3: 0.6700 ] 
2024-04-02 14:58:31,742 - [Epoch  12 / 1000] rec_loss: 30.6517 cl_loss: 0.0000 
2024-04-02 14:58:32,175 - Epoch  12 Test set [precision@1: 0.3300 precision@2: 0.2800 precision@3: 0.2300 ] Test set [recall@1: 0.3300 recall@2: 0.5600 recall@3: 0.7000 ] Test set [f1score@1: 0.3300 f1score@2: 0.3700 f1score@3: 0.3500 ] Test set [accuracy@1: 0.3300 accuracy@2: 0.5600 accuracy@3: 0.7000 ] 
2024-04-02 14:58:33,813 - [Epoch  13 / 1000] rec_loss: 30.4269 cl_loss: 0.0000 
2024-04-02 14:58:34,217 - Epoch  13 Test set [precision@1: 0.3800 precision@2: 0.2900 precision@3: 0.2400 ] Test set [recall@1: 0.3800 recall@2: 0.5800 recall@3: 0.7200 ] Test set [f1score@1: 0.3800 f1score@2: 0.3900 f1score@3: 0.3600 ] Test set [accuracy@1: 0.3800 accuracy@2: 0.5800 accuracy@3: 0.7200 ] 
2024-04-02 14:58:35,927 - [Epoch  14 / 1000] rec_loss: 31.2516 cl_loss: 0.0000 
2024-04-02 14:58:36,366 - Epoch  14 Test set [precision@1: 0.3700 precision@2: 0.2800 precision@3: 0.2300 ] Test set [recall@1: 0.3700 recall@2: 0.5500 recall@3: 0.7000 ] Test set [f1score@1: 0.3700 f1score@2: 0.3700 f1score@3: 0.3500 ] Test set [accuracy@1: 0.3700 accuracy@2: 0.5500 accuracy@3: 0.7000 ] 
2024-04-02 14:58:38,002 - [Epoch  15 / 1000] rec_loss: 29.7366 cl_loss: 0.0000 
2024-04-02 14:58:38,411 - Epoch  15 Test set [precision@1: 0.3600 precision@2: 0.2600 precision@3: 0.2200 ] Test set [recall@1: 0.3600 recall@2: 0.5300 recall@3: 0.6500 ] Test set [f1score@1: 0.3600 f1score@2: 0.3500 f1score@3: 0.3200 ] Test set [accuracy@1: 0.3600 accuracy@2: 0.5300 accuracy@3: 0.6500 ] 
2024-04-02 14:58:40,083 - [Epoch  16 / 1000] rec_loss: 26.4929 cl_loss: 0.0000 
2024-04-02 14:58:40,500 - Epoch  16 Test set [precision@1: 0.2900 precision@2: 0.2600 precision@3: 0.2000 ] Test set [recall@1: 0.2900 recall@2: 0.5300 recall@3: 0.5900 ] Test set [f1score@1: 0.2900 f1score@2: 0.3500 f1score@3: 0.2900 ] Test set [accuracy@1: 0.2900 accuracy@2: 0.5300 accuracy@3: 0.5900 ] 
2024-04-02 14:58:42,168 - [Epoch  17 / 1000] rec_loss: 27.6680 cl_loss: 0.0000 
2024-04-02 14:58:42,574 - Epoch  17 Test set [precision@1: 0.3000 precision@2: 0.2700 precision@3: 0.2000 ] Test set [recall@1: 0.3000 recall@2: 0.5400 recall@3: 0.6100 ] Test set [f1score@1: 0.3000 f1score@2: 0.3600 f1score@3: 0.3100 ] Test set [accuracy@1: 0.3000 accuracy@2: 0.5400 accuracy@3: 0.6100 ] 
2024-04-02 14:58:44,234 - [Epoch  18 / 1000] rec_loss: 25.2117 cl_loss: 0.0000 
2024-04-02 14:58:44,653 - Epoch  18 Test set [precision@1: 0.3000 precision@2: 0.2600 precision@3: 0.1900 ] Test set [recall@1: 0.3000 recall@2: 0.5200 recall@3: 0.5800 ] Test set [f1score@1: 0.3000 f1score@2: 0.3500 f1score@3: 0.2900 ] Test set [accuracy@1: 0.3000 accuracy@2: 0.5200 accuracy@3: 0.5800 ] 
2024-04-02 14:58:46,371 - [Epoch  19 / 1000] rec_loss: 27.4118 cl_loss: 0.0000 
2024-04-02 14:58:46,786 - Epoch  19 Test set [precision@1: 0.3400 precision@2: 0.2600 precision@3: 0.1900 ] Test set [recall@1: 0.3400 recall@2: 0.5300 recall@3: 0.5800 ] Test set [f1score@1: 0.3400 f1score@2: 0.3500 f1score@3: 0.2900 ] Test set [accuracy@1: 0.3400 accuracy@2: 0.5300 accuracy@3: 0.5800 ] 
2024-04-02 14:58:48,427 - [Epoch  20 / 1000] rec_loss: 21.9814 cl_loss: 0.0000 
2024-04-02 14:58:48,845 - Epoch  20 Test set [precision@1: 0.3400 precision@2: 0.2600 precision@3: 0.2000 ] Test set [recall@1: 0.3400 recall@2: 0.5200 recall@3: 0.6100 ] Test set [f1score@1: 0.3400 f1score@2: 0.3500 f1score@3: 0.3100 ] Test set [accuracy@1: 0.3400 accuracy@2: 0.5200 accuracy@3: 0.6100 ] 
2024-04-02 14:58:50,542 - [Epoch  21 / 1000] rec_loss: 30.0392 cl_loss: 0.0000 
2024-04-02 14:58:50,966 - Epoch  21 Test set [precision@1: 0.3200 precision@2: 0.2500 precision@3: 0.2200 ] Test set [recall@1: 0.3200 recall@2: 0.5100 recall@3: 0.6500 ] Test set [f1score@1: 0.3200 f1score@2: 0.3400 f1score@3: 0.3200 ] Test set [accuracy@1: 0.3200 accuracy@2: 0.5100 accuracy@3: 0.6500 ] 
2024-04-02 14:58:52,921 - [Epoch  22 / 1000] rec_loss: 28.4304 cl_loss: 0.0000 
2024-04-02 14:58:53,649 - Epoch  22 Test set [precision@1: 0.3200 precision@2: 0.2800 precision@3: 0.2300 ] Test set [recall@1: 0.3200 recall@2: 0.5700 recall@3: 0.6900 ] Test set [f1score@1: 0.3200 f1score@2: 0.3800 f1score@3: 0.3400 ] Test set [accuracy@1: 0.3200 accuracy@2: 0.5700 accuracy@3: 0.6900 ] 
2024-04-02 14:58:56,408 - [Epoch  23 / 1000] rec_loss: 29.0668 cl_loss: 0.0000 
2024-04-02 14:58:56,965 - Epoch  23 Test set [precision@1: 0.3500 precision@2: 0.2800 precision@3: 0.2500 ] Test set [recall@1: 0.3500 recall@2: 0.5500 recall@3: 0.7600 ] Test set [f1score@1: 0.3500 f1score@2: 0.3700 f1score@3: 0.3800 ] Test set [accuracy@1: 0.3500 accuracy@2: 0.5500 accuracy@3: 0.7600 ] 
2024-04-02 14:58:58,893 - [Epoch  24 / 1000] rec_loss: 27.3034 cl_loss: 0.0000 
2024-04-02 14:58:59,340 - Epoch  24 Test set [precision@1: 0.3900 precision@2: 0.2900 precision@3: 0.2500 ] Test set [recall@1: 0.3900 recall@2: 0.5900 recall@3: 0.7400 ] Test set [f1score@1: 0.3900 f1score@2: 0.3900 f1score@3: 0.3700 ] Test set [accuracy@1: 0.3900 accuracy@2: 0.5900 accuracy@3: 0.7400 ] 
2024-04-02 14:59:01,199 - [Epoch  25 / 1000] rec_loss: 25.7015 cl_loss: 0.0000 
2024-04-02 14:59:01,639 - Epoch  25 Test set [precision@1: 0.3700 precision@2: 0.3100 precision@3: 0.2400 ] Test set [recall@1: 0.3700 recall@2: 0.6200 recall@3: 0.7100 ] Test set [f1score@1: 0.3700 f1score@2: 0.4100 f1score@3: 0.3500 ] Test set [accuracy@1: 0.3700 accuracy@2: 0.6200 accuracy@3: 0.7100 ] 
2024-04-02 14:59:03,506 - [Epoch  26 / 1000] rec_loss: 22.2354 cl_loss: 0.0000 
2024-04-02 14:59:03,951 - Epoch  26 Test set [precision@1: 0.3700 precision@2: 0.2900 precision@3: 0.2300 ] Test set [recall@1: 0.3700 recall@2: 0.5900 recall@3: 0.6800 ] Test set [f1score@1: 0.3700 f1score@2: 0.3900 f1score@3: 0.3400 ] Test set [accuracy@1: 0.3700 accuracy@2: 0.5900 accuracy@3: 0.6800 ] 
2024-04-02 14:59:06,109 - [Epoch  27 / 1000] rec_loss: 27.0232 cl_loss: 0.0000 
2024-04-02 14:59:06,560 - Epoch  27 Test set [precision@1: 0.3900 precision@2: 0.2900 precision@3: 0.2300 ] Test set [recall@1: 0.3900 recall@2: 0.5800 recall@3: 0.6800 ] Test set [f1score@1: 0.3900 f1score@2: 0.3900 f1score@3: 0.3400 ] Test set [accuracy@1: 0.3900 accuracy@2: 0.5800 accuracy@3: 0.6800 ] 
2024-04-02 14:59:08,381 - [Epoch  28 / 1000] rec_loss: 28.0890 cl_loss: 0.0000 
2024-04-02 14:59:08,826 - Epoch  28 Test set [precision@1: 0.3900 precision@2: 0.2800 precision@3: 0.2200 ] Test set [recall@1: 0.3900 recall@2: 0.5700 recall@3: 0.6700 ] Test set [f1score@1: 0.3900 f1score@2: 0.3800 f1score@3: 0.3400 ] Test set [accuracy@1: 0.3900 accuracy@2: 0.5700 accuracy@3: 0.6700 ] 
2024-04-02 14:59:10,577 - [Epoch  29 / 1000] rec_loss: 21.8440 cl_loss: 0.0000 
2024-04-02 14:59:10,982 - Epoch  29 Test set [precision@1: 0.3800 precision@2: 0.2800 precision@3: 0.2400 ] Test set [recall@1: 0.3800 recall@2: 0.5600 recall@3: 0.7200 ] Test set [f1score@1: 0.3800 f1score@2: 0.3700 f1score@3: 0.3600 ] Test set [accuracy@1: 0.3800 accuracy@2: 0.5600 accuracy@3: 0.7200 ] 
2024-04-02 14:59:12,742 - [Epoch  30 / 1000] rec_loss: 20.7324 cl_loss: 0.0000 
2024-04-02 14:59:13,171 - Epoch  30 Test set [precision@1: 0.3800 precision@2: 0.2800 precision@3: 0.2400 ] Test set [recall@1: 0.3800 recall@2: 0.5700 recall@3: 0.7100 ] Test set [f1score@1: 0.3800 f1score@2: 0.3800 f1score@3: 0.3500 ] Test set [accuracy@1: 0.3800 accuracy@2: 0.5700 accuracy@3: 0.7100 ] 
2024-04-02 14:59:14,934 - [Epoch  31 / 1000] rec_loss: 21.4659 cl_loss: 0.0000 
2024-04-02 14:59:15,345 - Epoch  31 Test set [precision@1: 0.4200 precision@2: 0.3100 precision@3: 0.2400 ] Test set [recall@1: 0.4200 recall@2: 0.6100 recall@3: 0.7200 ] Test set [f1score@1: 0.4200 f1score@2: 0.4100 f1score@3: 0.3600 ] Test set [accuracy@1: 0.4200 accuracy@2: 0.6100 accuracy@3: 0.7200 ] 
2024-04-02 14:59:17,127 - [Epoch  32 / 1000] rec_loss: 21.8741 cl_loss: 0.0000 
2024-04-02 14:59:17,559 - Epoch  32 Test set [precision@1: 0.4200 precision@2: 0.3100 precision@3: 0.2300 ] Test set [recall@1: 0.4200 recall@2: 0.6100 recall@3: 0.7000 ] Test set [f1score@1: 0.4200 f1score@2: 0.4100 f1score@3: 0.3500 ] Test set [accuracy@1: 0.4200 accuracy@2: 0.6100 accuracy@3: 0.7000 ] 
2024-04-02 14:59:19,337 - [Epoch  33 / 1000] rec_loss: 19.7064 cl_loss: 0.0000 
2024-04-02 14:59:19,747 - Epoch  33 Test set [precision@1: 0.3900 precision@2: 0.3100 precision@3: 0.2400 ] Test set [recall@1: 0.3900 recall@2: 0.6200 recall@3: 0.7300 ] Test set [f1score@1: 0.3900 f1score@2: 0.4100 f1score@3: 0.3700 ] Test set [accuracy@1: 0.3900 accuracy@2: 0.6200 accuracy@3: 0.7300 ] 
2024-04-02 14:59:21,530 - [Epoch  34 / 1000] rec_loss: 18.5867 cl_loss: 0.0000 
2024-04-02 14:59:21,929 - Epoch  34 Test set [precision@1: 0.4600 precision@2: 0.3400 precision@3: 0.2600 ] Test set [recall@1: 0.4600 recall@2: 0.6700 recall@3: 0.7700 ] Test set [f1score@1: 0.4600 f1score@2: 0.4500 f1score@3: 0.3800 ] Test set [accuracy@1: 0.4600 accuracy@2: 0.6700 accuracy@3: 0.7700 ] 
2024-04-02 14:59:23,701 - [Epoch  35 / 1000] rec_loss: 19.9744 cl_loss: 0.0000 
2024-04-02 14:59:24,109 - Epoch  35 Test set [precision@1: 0.4300 precision@2: 0.3400 precision@3: 0.2600 ] Test set [recall@1: 0.4300 recall@2: 0.6800 recall@3: 0.7900 ] Test set [f1score@1: 0.4300 f1score@2: 0.4500 f1score@3: 0.4000 ] Test set [accuracy@1: 0.4300 accuracy@2: 0.6800 accuracy@3: 0.7900 ] 
2024-04-02 14:59:25,855 - [Epoch  36 / 1000] rec_loss: 18.1960 cl_loss: 0.0000 
2024-04-02 14:59:26,243 - Epoch  36 Test set [precision@1: 0.4500 precision@2: 0.3400 precision@3: 0.2600 ] Test set [recall@1: 0.4500 recall@2: 0.6700 recall@3: 0.7800 ] Test set [f1score@1: 0.4500 f1score@2: 0.4500 f1score@3: 0.3900 ] Test set [accuracy@1: 0.4500 accuracy@2: 0.6700 accuracy@3: 0.7800 ] 
2024-04-02 14:59:28,036 - [Epoch  37 / 1000] rec_loss: 19.0260 cl_loss: 0.0000 
2024-04-02 14:59:28,484 - Epoch  37 Test set [precision@1: 0.4700 precision@2: 0.3400 precision@3: 0.2600 ] Test set [recall@1: 0.4700 recall@2: 0.6800 recall@3: 0.7800 ] Test set [f1score@1: 0.4700 f1score@2: 0.4500 f1score@3: 0.3900 ] Test set [accuracy@1: 0.4700 accuracy@2: 0.6800 accuracy@3: 0.7800 ] 
2024-04-02 14:59:30,231 - [Epoch  38 / 1000] rec_loss: 17.9182 cl_loss: 0.0000 
2024-04-02 14:59:30,632 - Epoch  38 Test set [precision@1: 0.5000 precision@2: 0.3600 precision@3: 0.2700 ] Test set [recall@1: 0.5000 recall@2: 0.7200 recall@3: 0.8100 ] Test set [f1score@1: 0.5000 f1score@2: 0.4800 f1score@3: 0.4100 ] Test set [accuracy@1: 0.5000 accuracy@2: 0.7200 accuracy@3: 0.8100 ] 
2024-04-02 14:59:32,397 - [Epoch  39 / 1000] rec_loss: 17.8802 cl_loss: 0.0000 
2024-04-02 14:59:32,828 - Epoch  39 Test set [precision@1: 0.5200 precision@2: 0.3700 precision@3: 0.2700 ] Test set [recall@1: 0.5200 recall@2: 0.7400 recall@3: 0.8100 ] Test set [f1score@1: 0.5200 f1score@2: 0.4900 f1score@3: 0.4100 ] Test set [accuracy@1: 0.5200 accuracy@2: 0.7400 accuracy@3: 0.8100 ] 
2024-04-02 14:59:34,586 - [Epoch  40 / 1000] rec_loss: 17.8976 cl_loss: 0.0000 
2024-04-02 14:59:35,087 - Epoch  40 Test set [precision@1: 0.5400 precision@2: 0.3700 precision@3: 0.2800 ] Test set [recall@1: 0.5400 recall@2: 0.7400 recall@3: 0.8400 ] Test set [f1score@1: 0.5400 f1score@2: 0.4900 f1score@3: 0.4200 ] Test set [accuracy@1: 0.5400 accuracy@2: 0.7400 accuracy@3: 0.8400 ] 
2024-04-02 14:59:36,847 - [Epoch  41 / 1000] rec_loss: 15.5883 cl_loss: 0.0000 
2024-04-02 14:59:37,252 - Epoch  41 Test set [precision@1: 0.5700 precision@2: 0.3800 precision@3: 0.2700 ] Test set [recall@1: 0.5700 recall@2: 0.7600 recall@3: 0.8100 ] Test set [f1score@1: 0.5700 f1score@2: 0.5100 f1score@3: 0.4100 ] Test set [accuracy@1: 0.5700 accuracy@2: 0.7600 accuracy@3: 0.8100 ] 
2024-04-02 14:59:39,052 - [Epoch  42 / 1000] rec_loss: 22.6974 cl_loss: 0.0000 
2024-04-02 14:59:39,457 - Epoch  42 Test set [precision@1: 0.5400 precision@2: 0.3600 precision@3: 0.2700 ] Test set [recall@1: 0.5400 recall@2: 0.7200 recall@3: 0.8100 ] Test set [f1score@1: 0.5400 f1score@2: 0.4800 f1score@3: 0.4100 ] Test set [accuracy@1: 0.5400 accuracy@2: 0.7200 accuracy@3: 0.8100 ] 
2024-04-02 14:59:41,287 - [Epoch  43 / 1000] rec_loss: 17.2261 cl_loss: 0.0000 
2024-04-02 14:59:41,717 - Epoch  43 Test set [precision@1: 0.5200 precision@2: 0.3500 precision@3: 0.2700 ] Test set [recall@1: 0.5200 recall@2: 0.7000 recall@3: 0.8200 ] Test set [f1score@1: 0.5200 f1score@2: 0.4700 f1score@3: 0.4100 ] Test set [accuracy@1: 0.5200 accuracy@2: 0.7000 accuracy@3: 0.8200 ] 
2024-04-02 14:59:43,462 - [Epoch  44 / 1000] rec_loss: 15.0681 cl_loss: 0.0000 
2024-04-02 14:59:43,860 - Epoch  44 Test set [precision@1: 0.5000 precision@2: 0.3400 precision@3: 0.2600 ] Test set [recall@1: 0.5000 recall@2: 0.6900 recall@3: 0.7900 ] Test set [f1score@1: 0.5000 f1score@2: 0.4600 f1score@3: 0.4000 ] Test set [accuracy@1: 0.5000 accuracy@2: 0.6900 accuracy@3: 0.7900 ] 
2024-04-02 14:59:45,643 - [Epoch  45 / 1000] rec_loss: 17.5398 cl_loss: 0.0000 
2024-04-02 14:59:46,056 - Epoch  45 Test set [precision@1: 0.4700 precision@2: 0.3800 precision@3: 0.2800 ] Test set [recall@1: 0.4700 recall@2: 0.7500 recall@3: 0.8300 ] Test set [f1score@1: 0.4700 f1score@2: 0.5000 f1score@3: 0.4100 ] Test set [accuracy@1: 0.4700 accuracy@2: 0.7500 accuracy@3: 0.8300 ] 
2024-04-02 14:59:47,906 - [Epoch  46 / 1000] rec_loss: 12.6139 cl_loss: 0.0000 
2024-04-02 14:59:48,369 - Epoch  46 Test set [precision@1: 0.4900 precision@2: 0.3800 precision@3: 0.2900 ] Test set [recall@1: 0.4900 recall@2: 0.7600 recall@3: 0.8700 ] Test set [f1score@1: 0.4900 f1score@2: 0.5100 f1score@3: 0.4400 ] Test set [accuracy@1: 0.4900 accuracy@2: 0.7600 accuracy@3: 0.8700 ] 
2024-04-02 14:59:50,149 - [Epoch  47 / 1000] rec_loss: 17.1295 cl_loss: 0.0000 
2024-04-02 14:59:50,562 - Epoch  47 Test set [precision@1: 0.5300 precision@2: 0.4100 precision@3: 0.3000 ] Test set [recall@1: 0.5300 recall@2: 0.8200 recall@3: 0.9000 ] Test set [f1score@1: 0.5300 f1score@2: 0.5500 f1score@3: 0.4500 ] Test set [accuracy@1: 0.5300 accuracy@2: 0.8200 accuracy@3: 0.9000 ] 
2024-04-02 14:59:52,338 - [Epoch  48 / 1000] rec_loss: 14.9132 cl_loss: 0.0000 
2024-04-02 14:59:52,742 - Epoch  48 Test set [precision@1: 0.5800 precision@2: 0.4300 precision@3: 0.3100 ] Test set [recall@1: 0.5800 recall@2: 0.8500 recall@3: 0.9200 ] Test set [f1score@1: 0.5800 f1score@2: 0.5700 f1score@3: 0.4600 ] Test set [accuracy@1: 0.5800 accuracy@2: 0.8500 accuracy@3: 0.9200 ] 
2024-04-02 14:59:54,628 - [Epoch  49 / 1000] rec_loss: 15.1860 cl_loss: 0.0000 
2024-04-02 14:59:55,025 - Epoch  49 Test set [precision@1: 0.5500 precision@2: 0.4300 precision@3: 0.3000 ] Test set [recall@1: 0.5500 recall@2: 0.8500 recall@3: 0.9100 ] Test set [f1score@1: 0.5500 f1score@2: 0.5700 f1score@3: 0.4600 ] Test set [accuracy@1: 0.5500 accuracy@2: 0.8500 accuracy@3: 0.9100 ] 
2024-04-02 14:59:56,802 - [Epoch  50 / 1000] rec_loss: 13.6889 cl_loss: 0.0000 
2024-04-02 14:59:57,248 - Epoch  50 Test set [precision@1: 0.5500 precision@2: 0.4100 precision@3: 0.3000 ] Test set [recall@1: 0.5500 recall@2: 0.8100 recall@3: 0.9100 ] Test set [f1score@1: 0.5500 f1score@2: 0.5400 f1score@3: 0.4600 ] Test set [accuracy@1: 0.5500 accuracy@2: 0.8100 accuracy@3: 0.9100 ] 
2024-04-02 14:59:59,032 - [Epoch  51 / 1000] rec_loss: 12.5192 cl_loss: 0.0000 
2024-04-02 14:59:59,477 - Epoch  51 Test set [precision@1: 0.5500 precision@2: 0.4200 precision@3: 0.3100 ] Test set [recall@1: 0.5500 recall@2: 0.8400 recall@3: 0.9400 ] Test set [f1score@1: 0.5500 f1score@2: 0.5600 f1score@3: 0.4700 ] Test set [accuracy@1: 0.5500 accuracy@2: 0.8400 accuracy@3: 0.9400 ] 
2024-04-02 15:00:01,255 - [Epoch  52 / 1000] rec_loss: 16.0101 cl_loss: 0.0000 
2024-04-02 15:00:01,692 - Epoch  52 Test set [precision@1: 0.5800 precision@2: 0.4300 precision@3: 0.3100 ] Test set [recall@1: 0.5800 recall@2: 0.8600 recall@3: 0.9300 ] Test set [f1score@1: 0.5800 f1score@2: 0.5700 f1score@3: 0.4700 ] Test set [accuracy@1: 0.5800 accuracy@2: 0.8600 accuracy@3: 0.9300 ] 
2024-04-02 15:00:03,483 - [Epoch  53 / 1000] rec_loss: 14.3140 cl_loss: 0.0000 
2024-04-02 15:00:03,918 - Epoch  53 Test set [precision@1: 0.5800 precision@2: 0.4400 precision@3: 0.3100 ] Test set [recall@1: 0.5800 recall@2: 0.8700 recall@3: 0.9300 ] Test set [f1score@1: 0.5800 f1score@2: 0.5800 f1score@3: 0.4700 ] Test set [accuracy@1: 0.5800 accuracy@2: 0.8700 accuracy@3: 0.9300 ] 
2024-04-02 15:00:05,674 - [Epoch  54 / 1000] rec_loss: 11.3302 cl_loss: 0.0000 
2024-04-02 15:00:06,107 - Epoch  54 Test set [precision@1: 0.6000 precision@2: 0.4400 precision@3: 0.3100 ] Test set [recall@1: 0.6000 recall@2: 0.8700 recall@3: 0.9400 ] Test set [f1score@1: 0.6000 f1score@2: 0.5800 f1score@3: 0.4700 ] Test set [accuracy@1: 0.6000 accuracy@2: 0.8700 accuracy@3: 0.9400 ] 
2024-04-02 15:00:07,846 - [Epoch  55 / 1000] rec_loss: 12.5750 cl_loss: 0.0000 
2024-04-02 15:00:08,312 - Epoch  55 Test set [precision@1: 0.5900 precision@2: 0.4300 precision@3: 0.3000 ] Test set [recall@1: 0.5900 recall@2: 0.8500 recall@3: 0.9000 ] Test set [f1score@1: 0.5900 f1score@2: 0.5700 f1score@3: 0.4500 ] Test set [accuracy@1: 0.5900 accuracy@2: 0.8500 accuracy@3: 0.9000 ] 
2024-04-02 15:00:09,995 - [Epoch  56 / 1000] rec_loss: 14.4636 cl_loss: 0.0000 
2024-04-02 15:00:10,396 - Epoch  56 Test set [precision@1: 0.6600 precision@2: 0.4300 precision@3: 0.3100 ] Test set [recall@1: 0.6600 recall@2: 0.8600 recall@3: 0.9200 ] Test set [f1score@1: 0.6600 f1score@2: 0.5700 f1score@3: 0.4600 ] Test set [accuracy@1: 0.6600 accuracy@2: 0.8600 accuracy@3: 0.9200 ] 
2024-04-02 15:00:12,179 - [Epoch  57 / 1000] rec_loss: 14.1759 cl_loss: 0.0000 
2024-04-02 15:00:12,589 - Epoch  57 Test set [precision@1: 0.6700 precision@2: 0.4100 precision@3: 0.3100 ] Test set [recall@1: 0.6700 recall@2: 0.8300 recall@3: 0.9300 ] Test set [f1score@1: 0.6700 f1score@2: 0.5500 f1score@3: 0.4700 ] Test set [accuracy@1: 0.6700 accuracy@2: 0.8300 accuracy@3: 0.9300 ] 
2024-04-02 15:00:14,516 - [Epoch  58 / 1000] rec_loss: 12.0851 cl_loss: 0.0000 
2024-04-02 15:00:14,962 - Epoch  58 Test set [precision@1: 0.6200 precision@2: 0.4100 precision@3: 0.3100 ] Test set [recall@1: 0.6200 recall@2: 0.8200 recall@3: 0.9400 ] Test set [f1score@1: 0.6200 f1score@2: 0.5500 f1score@3: 0.4700 ] Test set [accuracy@1: 0.6200 accuracy@2: 0.8200 accuracy@3: 0.9400 ] 
2024-04-02 15:00:16,789 - [Epoch  59 / 1000] rec_loss: 13.0864 cl_loss: 0.0000 
2024-04-02 15:00:17,200 - Epoch  59 Test set [precision@1: 0.5800 precision@2: 0.4100 precision@3: 0.3100 ] Test set [recall@1: 0.5800 recall@2: 0.8200 recall@3: 0.9300 ] Test set [f1score@1: 0.5800 f1score@2: 0.5500 f1score@3: 0.4700 ] Test set [accuracy@1: 0.5800 accuracy@2: 0.8200 accuracy@3: 0.9300 ] 
2024-04-02 15:00:18,901 - [Epoch  60 / 1000] rec_loss: 10.3243 cl_loss: 0.0000 
2024-04-02 15:00:19,320 - Epoch  60 Test set [precision@1: 0.5900 precision@2: 0.4100 precision@3: 0.3100 ] Test set [recall@1: 0.5900 recall@2: 0.8300 recall@3: 0.9200 ] Test set [f1score@1: 0.5900 f1score@2: 0.5500 f1score@3: 0.4600 ] Test set [accuracy@1: 0.5900 accuracy@2: 0.8300 accuracy@3: 0.9200 ] 
2024-04-02 15:00:21,024 - [Epoch  61 / 1000] rec_loss: 10.7203 cl_loss: 0.0000 
2024-04-02 15:00:21,462 - Epoch  61 Test set [precision@1: 0.6000 precision@2: 0.4100 precision@3: 0.3000 ] Test set [recall@1: 0.6000 recall@2: 0.8200 recall@3: 0.9100 ] Test set [f1score@1: 0.6000 f1score@2: 0.5500 f1score@3: 0.4600 ] Test set [accuracy@1: 0.6000 accuracy@2: 0.8200 accuracy@3: 0.9100 ] 
2024-04-02 15:00:23,235 - [Epoch  62 / 1000] rec_loss: 13.5505 cl_loss: 0.0000 
2024-04-02 15:00:23,698 - Epoch  62 Test set [precision@1: 0.6000 precision@2: 0.4200 precision@3: 0.3000 ] Test set [recall@1: 0.6000 recall@2: 0.8400 recall@3: 0.9000 ] Test set [f1score@1: 0.6000 f1score@2: 0.5600 f1score@3: 0.4500 ] Test set [accuracy@1: 0.6000 accuracy@2: 0.8400 accuracy@3: 0.9000 ] 
2024-04-02 15:00:25,559 - [Epoch  63 / 1000] rec_loss: 11.6530 cl_loss: 0.0000 
2024-04-02 15:00:25,984 - Epoch  63 Test set [precision@1: 0.6300 precision@2: 0.4200 precision@3: 0.3000 ] Test set [recall@1: 0.6300 recall@2: 0.8400 recall@3: 0.9000 ] Test set [f1score@1: 0.6300 f1score@2: 0.5600 f1score@3: 0.4500 ] Test set [accuracy@1: 0.6300 accuracy@2: 0.8400 accuracy@3: 0.9000 ] 
2024-04-02 15:00:27,679 - [Epoch  64 / 1000] rec_loss: 14.1926 cl_loss: 0.0000 
2024-04-02 15:00:28,118 - Epoch  64 Test set [precision@1: 0.6200 precision@2: 0.4400 precision@3: 0.3200 ] Test set [recall@1: 0.6200 recall@2: 0.8700 recall@3: 0.9500 ] Test set [f1score@1: 0.6200 f1score@2: 0.5800 f1score@3: 0.4700 ] Test set [accuracy@1: 0.6200 accuracy@2: 0.8700 accuracy@3: 0.9500 ] 
2024-04-02 15:00:29,910 - [Epoch  65 / 1000] rec_loss: 8.5674 cl_loss: 0.0000 
2024-04-02 15:00:30,334 - Epoch  65 Test set [precision@1: 0.6700 precision@2: 0.4400 precision@3: 0.3200 ] Test set [recall@1: 0.6700 recall@2: 0.8900 recall@3: 0.9600 ] Test set [f1score@1: 0.6700 f1score@2: 0.5900 f1score@3: 0.4800 ] Test set [accuracy@1: 0.6700 accuracy@2: 0.8900 accuracy@3: 0.9600 ] 
2024-04-02 15:00:32,215 - [Epoch  66 / 1000] rec_loss: 9.0992 cl_loss: 0.0000 
2024-04-02 15:00:32,656 - Epoch  66 Test set [precision@1: 0.7100 precision@2: 0.4400 precision@3: 0.3100 ] Test set [recall@1: 0.7100 recall@2: 0.8700 recall@3: 0.9400 ] Test set [f1score@1: 0.7100 f1score@2: 0.5800 f1score@3: 0.4700 ] Test set [accuracy@1: 0.7100 accuracy@2: 0.8700 accuracy@3: 0.9400 ] 
2024-04-02 15:00:34,618 - [Epoch  67 / 1000] rec_loss: 9.6410 cl_loss: 0.0000 
2024-04-02 15:00:35,047 - Epoch  67 Test set [precision@1: 0.7100 precision@2: 0.4400 precision@3: 0.3100 ] Test set [recall@1: 0.7100 recall@2: 0.8700 recall@3: 0.9200 ] Test set [f1score@1: 0.7100 f1score@2: 0.5800 f1score@3: 0.4600 ] Test set [accuracy@1: 0.7100 accuracy@2: 0.8700 accuracy@3: 0.9200 ] 
2024-04-02 15:00:36,892 - [Epoch  68 / 1000] rec_loss: 12.6283 cl_loss: 0.0000 
2024-04-02 15:00:37,318 - Epoch  68 Test set [precision@1: 0.7000 precision@2: 0.4400 precision@3: 0.3100 ] Test set [recall@1: 0.7000 recall@2: 0.8800 recall@3: 0.9200 ] Test set [f1score@1: 0.7000 f1score@2: 0.5900 f1score@3: 0.4600 ] Test set [accuracy@1: 0.7000 accuracy@2: 0.8800 accuracy@3: 0.9200 ] 
2024-04-02 15:00:39,150 - [Epoch  69 / 1000] rec_loss: 11.8681 cl_loss: 0.0000 
2024-04-02 15:00:39,603 - Epoch  69 Test set [precision@1: 0.7100 precision@2: 0.4400 precision@3: 0.3000 ] Test set [recall@1: 0.7100 recall@2: 0.8700 recall@3: 0.9100 ] Test set [f1score@1: 0.7100 f1score@2: 0.5800 f1score@3: 0.4600 ] Test set [accuracy@1: 0.7100 accuracy@2: 0.8700 accuracy@3: 0.9100 ] 
2024-04-02 15:00:41,423 - [Epoch  70 / 1000] rec_loss: 10.9098 cl_loss: 0.0000 
2024-04-02 15:00:41,841 - Epoch  70 Test set [precision@1: 0.7300 precision@2: 0.4400 precision@3: 0.3100 ] Test set [recall@1: 0.7300 recall@2: 0.8800 recall@3: 0.9300 ] Test set [f1score@1: 0.7300 f1score@2: 0.5900 f1score@3: 0.4700 ] Test set [accuracy@1: 0.7300 accuracy@2: 0.8800 accuracy@3: 0.9300 ] 
2024-04-02 15:00:43,671 - [Epoch  71 / 1000] rec_loss: 8.5708 cl_loss: 0.0000 
2024-04-02 15:00:44,130 - Epoch  71 Test set [precision@1: 0.7400 precision@2: 0.4500 precision@3: 0.3300 ] Test set [recall@1: 0.7400 recall@2: 0.9000 recall@3: 0.9800 ] Test set [f1score@1: 0.7400 f1score@2: 0.6000 f1score@3: 0.4900 ] Test set [accuracy@1: 0.7400 accuracy@2: 0.9000 accuracy@3: 0.9800 ] 
2024-04-02 15:00:45,994 - [Epoch  72 / 1000] rec_loss: 7.8972 cl_loss: 0.0000 
2024-04-02 15:00:46,471 - Epoch  72 Test set [precision@1: 0.7600 precision@2: 0.4600 precision@3: 0.3200 ] Test set [recall@1: 0.7600 recall@2: 0.9200 recall@3: 0.9500 ] Test set [f1score@1: 0.7600 f1score@2: 0.6100 f1score@3: 0.4700 ] Test set [accuracy@1: 0.7600 accuracy@2: 0.9200 accuracy@3: 0.9500 ] 
2024-04-02 15:00:48,315 - [Epoch  73 / 1000] rec_loss: 7.5093 cl_loss: 0.0000 
2024-04-02 15:00:48,776 - Epoch  73 Test set [precision@1: 0.7500 precision@2: 0.4400 precision@3: 0.3200 ] Test set [recall@1: 0.7500 recall@2: 0.8900 recall@3: 0.9500 ] Test set [f1score@1: 0.7500 f1score@2: 0.5900 f1score@3: 0.4700 ] Test set [accuracy@1: 0.7500 accuracy@2: 0.8900 accuracy@3: 0.9500 ] 
2024-04-02 15:00:50,743 - [Epoch  74 / 1000] rec_loss: 12.0618 cl_loss: 0.0000 
2024-04-02 15:00:51,198 - Epoch  74 Test set [precision@1: 0.7300 precision@2: 0.4400 precision@3: 0.3200 ] Test set [recall@1: 0.7300 recall@2: 0.8900 recall@3: 0.9600 ] Test set [f1score@1: 0.7300 f1score@2: 0.5900 f1score@3: 0.4800 ] Test set [accuracy@1: 0.7300 accuracy@2: 0.8900 accuracy@3: 0.9600 ] 
2024-04-02 15:00:53,146 - [Epoch  75 / 1000] rec_loss: 8.3475 cl_loss: 0.0000 
2024-04-02 15:00:53,609 - Epoch  75 Test set [precision@1: 0.7400 precision@2: 0.4500 precision@3: 0.3200 ] Test set [recall@1: 0.7400 recall@2: 0.9000 recall@3: 0.9600 ] Test set [f1score@1: 0.7400 f1score@2: 0.6000 f1score@3: 0.4800 ] Test set [accuracy@1: 0.7400 accuracy@2: 0.9000 accuracy@3: 0.9600 ] 
2024-04-02 15:00:55,591 - [Epoch  76 / 1000] rec_loss: 10.0138 cl_loss: 0.0000 
2024-04-02 15:00:56,079 - Epoch  76 Test set [precision@1: 0.7900 precision@2: 0.4700 precision@3: 0.3200 ] Test set [recall@1: 0.7900 recall@2: 0.9300 recall@3: 0.9600 ] Test set [f1score@1: 0.7900 f1score@2: 0.6200 f1score@3: 0.4800 ] Test set [accuracy@1: 0.7900 accuracy@2: 0.9300 accuracy@3: 0.9600 ] 
2024-04-02 15:00:57,957 - [Epoch  77 / 1000] rec_loss: 8.9331 cl_loss: 0.0000 
2024-04-02 15:00:58,400 - Epoch  77 Test set [precision@1: 0.8000 precision@2: 0.4700 precision@3: 0.3200 ] Test set [recall@1: 0.8000 recall@2: 0.9300 recall@3: 0.9500 ] Test set [f1score@1: 0.8000 f1score@2: 0.6200 f1score@3: 0.4700 ] Test set [accuracy@1: 0.8000 accuracy@2: 0.9300 accuracy@3: 0.9500 ] 
2024-04-02 15:01:00,343 - [Epoch  78 / 1000] rec_loss: 7.7783 cl_loss: 0.0000 
2024-04-02 15:01:00,805 - Epoch  78 Test set [precision@1: 0.8000 precision@2: 0.4700 precision@3: 0.3200 ] Test set [recall@1: 0.8000 recall@2: 0.9500 recall@3: 0.9700 ] Test set [f1score@1: 0.8000 f1score@2: 0.6300 f1score@3: 0.4900 ] Test set [accuracy@1: 0.8000 accuracy@2: 0.9500 accuracy@3: 0.9700 ] 
2024-04-02 15:01:02,845 - [Epoch  79 / 1000] rec_loss: 5.7816 cl_loss: 0.0000 
2024-04-02 15:01:03,268 - Epoch  79 Test set [precision@1: 0.7800 precision@2: 0.4800 precision@3: 0.3300 ] Test set [recall@1: 0.7800 recall@2: 0.9600 recall@3: 0.9900 ] Test set [f1score@1: 0.7800 f1score@2: 0.6400 f1score@3: 0.5000 ] Test set [accuracy@1: 0.7800 accuracy@2: 0.9600 accuracy@3: 0.9900 ] 
2024-04-02 15:01:05,229 - [Epoch  80 / 1000] rec_loss: 8.2459 cl_loss: 0.0000 
2024-04-02 15:01:05,709 - Epoch  80 Test set [precision@1: 0.7800 precision@2: 0.4900 precision@3: 0.3300 ] Test set [recall@1: 0.7800 recall@2: 0.9700 recall@3: 1.0000 ] Test set [f1score@1: 0.7800 f1score@2: 0.6500 f1score@3: 0.5000 ] Test set [accuracy@1: 0.7800 accuracy@2: 0.9700 accuracy@3: 1.0000 ] 
2024-04-02 15:01:07,666 - [Epoch  81 / 1000] rec_loss: 6.3264 cl_loss: 0.0000 
2024-04-02 15:01:08,101 - Epoch  81 Test set [precision@1: 0.7900 precision@2: 0.4900 precision@3: 0.3300 ] Test set [recall@1: 0.7900 recall@2: 0.9800 recall@3: 0.9900 ] Test set [f1score@1: 0.7900 f1score@2: 0.6500 f1score@3: 0.5000 ] Test set [accuracy@1: 0.7900 accuracy@2: 0.9800 accuracy@3: 0.9900 ] 
2024-04-02 15:01:10,124 - [Epoch  82 / 1000] rec_loss: 8.1074 cl_loss: 0.0000 
2024-04-02 15:01:10,612 - Epoch  82 Test set [precision@1: 0.7800 precision@2: 0.4800 precision@3: 0.3300 ] Test set [recall@1: 0.7800 recall@2: 0.9600 recall@3: 0.9900 ] Test set [f1score@1: 0.7800 f1score@2: 0.6400 f1score@3: 0.5000 ] Test set [accuracy@1: 0.7800 accuracy@2: 0.9600 accuracy@3: 0.9900 ] 
2024-04-02 15:01:12,681 - [Epoch  83 / 1000] rec_loss: 8.0495 cl_loss: 0.0000 
2024-04-02 15:01:13,251 - Epoch  83 Test set [precision@1: 0.7800 precision@2: 0.4700 precision@3: 0.3300 ] Test set [recall@1: 0.7800 recall@2: 0.9400 recall@3: 0.9900 ] Test set [f1score@1: 0.7800 f1score@2: 0.6300 f1score@3: 0.5000 ] Test set [accuracy@1: 0.7800 accuracy@2: 0.9400 accuracy@3: 0.9900 ] 
2024-04-02 15:01:15,653 - [Epoch  84 / 1000] rec_loss: 7.1911 cl_loss: 0.0000 
2024-04-02 15:01:16,232 - Epoch  84 Test set [precision@1: 0.7600 precision@2: 0.4800 precision@3: 0.3300 ] Test set [recall@1: 0.7600 recall@2: 0.9600 recall@3: 0.9800 ] Test set [f1score@1: 0.7600 f1score@2: 0.6400 f1score@3: 0.4900 ] Test set [accuracy@1: 0.7600 accuracy@2: 0.9600 accuracy@3: 0.9800 ] 
2024-04-02 15:01:18,183 - [Epoch  85 / 1000] rec_loss: 8.2140 cl_loss: 0.0000 
2024-04-02 15:01:18,647 - Epoch  85 Test set [precision@1: 0.8000 precision@2: 0.4700 precision@3: 0.3300 ] Test set [recall@1: 0.8000 recall@2: 0.9400 recall@3: 0.9900 ] Test set [f1score@1: 0.8000 f1score@2: 0.6300 f1score@3: 0.5000 ] Test set [accuracy@1: 0.8000 accuracy@2: 0.9400 accuracy@3: 0.9900 ] 
2024-04-02 15:01:20,659 - [Epoch  86 / 1000] rec_loss: 8.5960 cl_loss: 0.0000 
2024-04-02 15:01:21,126 - Epoch  86 Test set [precision@1: 0.7900 precision@2: 0.4800 precision@3: 0.3300 ] Test set [recall@1: 0.7900 recall@2: 0.9600 recall@3: 1.0000 ] Test set [f1score@1: 0.7900 f1score@2: 0.6400 f1score@3: 0.5000 ] Test set [accuracy@1: 0.7900 accuracy@2: 0.9600 accuracy@3: 1.0000 ] 
2024-04-02 15:01:23,097 - [Epoch  87 / 1000] rec_loss: 4.2920 cl_loss: 0.0000 
2024-04-02 15:01:23,571 - Epoch  87 Test set [precision@1: 0.7900 precision@2: 0.4700 precision@3: 0.3300 ] Test set [recall@1: 0.7900 recall@2: 0.9500 recall@3: 1.0000 ] Test set [f1score@1: 0.7900 f1score@2: 0.6300 f1score@3: 0.5000 ] Test set [accuracy@1: 0.7900 accuracy@2: 0.9500 accuracy@3: 1.0000 ] 
2024-04-02 15:01:25,694 - [Epoch  88 / 1000] rec_loss: 6.6017 cl_loss: 0.0000 
2024-04-02 15:01:26,337 - Epoch  88 Test set [precision@1: 0.7800 precision@2: 0.4700 precision@3: 0.3300 ] Test set [recall@1: 0.7800 recall@2: 0.9400 recall@3: 0.9900 ] Test set [f1score@1: 0.7800 f1score@2: 0.6300 f1score@3: 0.5000 ] Test set [accuracy@1: 0.7800 accuracy@2: 0.9400 accuracy@3: 0.9900 ] 
2024-04-02 15:01:28,619 - [Epoch  89 / 1000] rec_loss: 8.6568 cl_loss: 0.0000 
2024-04-02 15:01:29,221 - Epoch  89 Test set [precision@1: 0.7500 precision@2: 0.4700 precision@3: 0.3300 ] Test set [recall@1: 0.7500 recall@2: 0.9300 recall@3: 0.9900 ] Test set [f1score@1: 0.7500 f1score@2: 0.6200 f1score@3: 0.5000 ] Test set [accuracy@1: 0.7500 accuracy@2: 0.9300 accuracy@3: 0.9900 ] 
2024-04-02 15:01:31,088 - [Epoch  90 / 1000] rec_loss: 6.4487 cl_loss: 0.0000 
2024-04-02 15:01:31,604 - Epoch  90 Test set [precision@1: 0.7400 precision@2: 0.4700 precision@3: 0.3300 ] Test set [recall@1: 0.7400 recall@2: 0.9400 recall@3: 0.9900 ] Test set [f1score@1: 0.7400 f1score@2: 0.6300 f1score@3: 0.5000 ] Test set [accuracy@1: 0.7400 accuracy@2: 0.9400 accuracy@3: 0.9900 ] 
2024-04-02 15:01:33,677 - [Epoch  91 / 1000] rec_loss: 9.2017 cl_loss: 0.0000 
2024-04-02 15:01:34,084 - Epoch  91 Test set [precision@1: 0.8300 precision@2: 0.4700 precision@3: 0.3300 ] Test set [recall@1: 0.8300 recall@2: 0.9300 recall@3: 0.9900 ] Test set [f1score@1: 0.8300 f1score@2: 0.6200 f1score@3: 0.5000 ] Test set [accuracy@1: 0.8300 accuracy@2: 0.9300 accuracy@3: 0.9900 ] 
2024-04-02 15:01:35,915 - [Epoch  92 / 1000] rec_loss: 7.0126 cl_loss: 0.0000 
2024-04-02 15:01:36,353 - Epoch  92 Test set [precision@1: 0.8200 precision@2: 0.4700 precision@3: 0.3300 ] Test set [recall@1: 0.8200 recall@2: 0.9500 recall@3: 0.9900 ] Test set [f1score@1: 0.8200 f1score@2: 0.6300 f1score@3: 0.5000 ] Test set [accuracy@1: 0.8200 accuracy@2: 0.9500 accuracy@3: 0.9900 ] 
2024-04-02 15:01:38,207 - [Epoch  93 / 1000] rec_loss: 8.6141 cl_loss: 0.0000 
2024-04-02 15:01:38,610 - Epoch  93 Test set [precision@1: 0.8500 precision@2: 0.4900 precision@3: 0.3300 ] Test set [recall@1: 0.8500 recall@2: 0.9700 recall@3: 1.0000 ] Test set [f1score@1: 0.8500 f1score@2: 0.6500 f1score@3: 0.5000 ] Test set [accuracy@1: 0.8500 accuracy@2: 0.9700 accuracy@3: 1.0000 ] 
2024-04-02 15:01:40,394 - [Epoch  94 / 1000] rec_loss: 6.0866 cl_loss: 0.0000 
2024-04-02 15:01:40,906 - Epoch  94 Test set [precision@1: 0.8100 precision@2: 0.4900 precision@3: 0.3300 ] Test set [recall@1: 0.8100 recall@2: 0.9800 recall@3: 1.0000 ] Test set [f1score@1: 0.8100 f1score@2: 0.6500 f1score@3: 0.5000 ] Test set [accuracy@1: 0.8100 accuracy@2: 0.9800 accuracy@3: 1.0000 ] 
2024-04-02 15:01:42,796 - [Epoch  95 / 1000] rec_loss: 6.6207 cl_loss: 0.0000 
2024-04-02 15:01:43,243 - Epoch  95 Test set [precision@1: 0.8400 precision@2: 0.4900 precision@3: 0.3300 ] Test set [recall@1: 0.8400 recall@2: 0.9700 recall@3: 1.0000 ] Test set [f1score@1: 0.8400 f1score@2: 0.6500 f1score@3: 0.5000 ] Test set [accuracy@1: 0.8400 accuracy@2: 0.9700 accuracy@3: 1.0000 ] 
2024-04-02 15:01:45,416 - [Epoch  96 / 1000] rec_loss: 5.6416 cl_loss: 0.0000 
2024-04-02 15:01:45,899 - Epoch  96 Test set [precision@1: 0.8700 precision@2: 0.4900 precision@3: 0.3300 ] Test set [recall@1: 0.8700 recall@2: 0.9700 recall@3: 1.0000 ] Test set [f1score@1: 0.8700 f1score@2: 0.6500 f1score@3: 0.5000 ] Test set [accuracy@1: 0.8700 accuracy@2: 0.9700 accuracy@3: 1.0000 ] 
2024-04-02 15:01:47,770 - [Epoch  97 / 1000] rec_loss: 5.6714 cl_loss: 0.0000 
2024-04-02 15:01:48,217 - Epoch  97 Test set [precision@1: 0.8600 precision@2: 0.4900 precision@3: 0.3300 ] Test set [recall@1: 0.8600 recall@2: 0.9700 recall@3: 0.9900 ] Test set [f1score@1: 0.8600 f1score@2: 0.6500 f1score@3: 0.5000 ] Test set [accuracy@1: 0.8600 accuracy@2: 0.9700 accuracy@3: 0.9900 ] 
2024-04-02 15:01:50,106 - [Epoch  98 / 1000] rec_loss: 5.4921 cl_loss: 0.0000 
2024-04-02 15:01:50,542 - Epoch  98 Test set [precision@1: 0.8700 precision@2: 0.4900 precision@3: 0.3300 ] Test set [recall@1: 0.8700 recall@2: 0.9700 recall@3: 0.9900 ] Test set [f1score@1: 0.8700 f1score@2: 0.6500 f1score@3: 0.5000 ] Test set [accuracy@1: 0.8700 accuracy@2: 0.9700 accuracy@3: 0.9900 ] 
2024-04-02 15:01:52,584 - [Epoch  99 / 1000] rec_loss: 4.4744 cl_loss: 0.0000 
2024-04-02 15:01:53,095 - Epoch  99 Test set [precision@1: 0.9000 precision@2: 0.4900 precision@3: 0.3300 ] Test set [recall@1: 0.9000 recall@2: 0.9800 recall@3: 0.9900 ] Test set [f1score@1: 0.9000 f1score@2: 0.6500 f1score@3: 0.5000 ] Test set [accuracy@1: 0.9000 accuracy@2: 0.9800 accuracy@3: 0.9900 ] 
2024-04-02 15:01:55,156 - [Epoch 100 / 1000] rec_loss: 6.7328 cl_loss: 0.0000 
2024-04-02 15:01:55,612 - Epoch 100 Test set [precision@1: 0.8800 precision@2: 0.4900 precision@3: 0.3300 ] Test set [recall@1: 0.8800 recall@2: 0.9800 recall@3: 0.9800 ] Test set [f1score@1: 0.8800 f1score@2: 0.6500 f1score@3: 0.4900 ] Test set [accuracy@1: 0.8800 accuracy@2: 0.9800 accuracy@3: 0.9800 ] 
2024-04-02 15:01:57,475 - [Epoch 101 / 1000] rec_loss: 4.0559 cl_loss: 0.0000 
2024-04-02 15:01:57,912 - Epoch 101 Test set [precision@1: 0.8700 precision@2: 0.5000 precision@3: 0.3300 ] Test set [recall@1: 0.8700 recall@2: 0.9900 recall@3: 0.9900 ] Test set [f1score@1: 0.8700 f1score@2: 0.6600 f1score@3: 0.5000 ] Test set [accuracy@1: 0.8700 accuracy@2: 0.9900 accuracy@3: 0.9900 ] 
2024-04-02 15:01:59,806 - [Epoch 102 / 1000] rec_loss: 4.7059 cl_loss: 0.0000 
2024-04-02 15:02:00,315 - Epoch 102 Test set [precision@1: 0.9100 precision@2: 0.5000 precision@3: 0.3300 ] Test set [recall@1: 0.9100 recall@2: 0.9900 recall@3: 0.9900 ] Test set [f1score@1: 0.9100 f1score@2: 0.6600 f1score@3: 0.5000 ] Test set [accuracy@1: 0.9100 accuracy@2: 0.9900 accuracy@3: 0.9900 ] 
2024-04-02 15:02:02,371 - [Epoch 103 / 1000] rec_loss: 5.2034 cl_loss: 0.0000 
2024-04-02 15:02:02,920 - Epoch 103 Test set [precision@1: 0.9000 precision@2: 0.4800 precision@3: 0.3300 ] Test set [recall@1: 0.9000 recall@2: 0.9600 recall@3: 1.0000 ] Test set [f1score@1: 0.9000 f1score@2: 0.6400 f1score@3: 0.5000 ] Test set [accuracy@1: 0.9000 accuracy@2: 0.9600 accuracy@3: 1.0000 ] 
2024-04-02 15:02:05,179 - [Epoch 104 / 1000] rec_loss: 4.3568 cl_loss: 0.0000 
2024-04-02 15:02:05,769 - Epoch 104 Test set [precision@1: 0.9000 precision@2: 0.4900 precision@3: 0.3300 ] Test set [recall@1: 0.9000 recall@2: 0.9700 recall@3: 1.0000 ] Test set [f1score@1: 0.9000 f1score@2: 0.6500 f1score@3: 0.5000 ] Test set [accuracy@1: 0.9000 accuracy@2: 0.9700 accuracy@3: 1.0000 ] 
2024-04-02 15:02:08,001 - [Epoch 105 / 1000] rec_loss: 4.5858 cl_loss: 0.0000 
2024-04-02 15:02:08,427 - Epoch 105 Test set [precision@1: 0.9100 precision@2: 0.4900 precision@3: 0.3300 ] Test set [recall@1: 0.9100 recall@2: 0.9700 recall@3: 1.0000 ] Test set [f1score@1: 0.9100 f1score@2: 0.6500 f1score@3: 0.5000 ] Test set [accuracy@1: 0.9100 accuracy@2: 0.9700 accuracy@3: 1.0000 ] 
2024-04-02 15:02:10,299 - [Epoch 106 / 1000] rec_loss: 4.1348 cl_loss: 0.0000 
2024-04-02 15:02:10,800 - Epoch 106 Test set [precision@1: 0.9300 precision@2: 0.4900 precision@3: 0.3300 ] Test set [recall@1: 0.9300 recall@2: 0.9800 recall@3: 1.0000 ] Test set [f1score@1: 0.9300 f1score@2: 0.6500 f1score@3: 0.5000 ] Test set [accuracy@1: 0.9300 accuracy@2: 0.9800 accuracy@3: 1.0000 ] 
2024-04-02 15:02:12,629 - [Epoch 107 / 1000] rec_loss: 4.9955 cl_loss: 0.0000 
2024-04-02 15:02:13,044 - Epoch 107 Test set [precision@1: 0.9300 precision@2: 0.4900 precision@3: 0.3300 ] Test set [recall@1: 0.9300 recall@2: 0.9800 recall@3: 1.0000 ] Test set [f1score@1: 0.9300 f1score@2: 0.6500 f1score@3: 0.5000 ] Test set [accuracy@1: 0.9300 accuracy@2: 0.9800 accuracy@3: 1.0000 ] 
2024-04-02 15:02:15,027 - [Epoch 108 / 1000] rec_loss: 5.4755 cl_loss: 0.0000 
2024-04-02 15:02:15,485 - Epoch 108 Test set [precision@1: 0.9300 precision@2: 0.4900 precision@3: 0.3300 ] Test set [recall@1: 0.9300 recall@2: 0.9700 recall@3: 1.0000 ] Test set [f1score@1: 0.9300 f1score@2: 0.6500 f1score@3: 0.5000 ] Test set [accuracy@1: 0.9300 accuracy@2: 0.9700 accuracy@3: 1.0000 ] 
2024-04-02 15:02:17,471 - [Epoch 109 / 1000] rec_loss: 5.8140 cl_loss: 0.0000 
2024-04-02 15:02:17,926 - Epoch 109 Test set [precision@1: 0.9100 precision@2: 0.4900 precision@3: 0.3300 ] Test set [recall@1: 0.9100 recall@2: 0.9700 recall@3: 1.0000 ] Test set [f1score@1: 0.9100 f1score@2: 0.6500 f1score@3: 0.5000 ] Test set [accuracy@1: 0.9100 accuracy@2: 0.9700 accuracy@3: 1.0000 ] 
2024-04-02 15:02:20,247 - [Epoch 110 / 1000] rec_loss: 2.8878 cl_loss: 0.0000 
2024-04-02 15:02:20,713 - Epoch 110 Test set [precision@1: 0.9200 precision@2: 0.4900 precision@3: 0.3300 ] Test set [recall@1: 0.9200 recall@2: 0.9700 recall@3: 1.0000 ] Test set [f1score@1: 0.9200 f1score@2: 0.6500 f1score@3: 0.5000 ] Test set [accuracy@1: 0.9200 accuracy@2: 0.9700 accuracy@3: 1.0000 ] 
2024-04-02 15:02:22,978 - [Epoch 111 / 1000] rec_loss: 4.4070 cl_loss: 0.0000 
2024-04-02 15:02:23,565 - Epoch 111 Test set [precision@1: 0.9000 precision@2: 0.4900 precision@3: 0.3300 ] Test set [recall@1: 0.9000 recall@2: 0.9800 recall@3: 1.0000 ] Test set [f1score@1: 0.9000 f1score@2: 0.6500 f1score@3: 0.5000 ] Test set [accuracy@1: 0.9000 accuracy@2: 0.9800 accuracy@3: 1.0000 ] 
2024-04-02 15:02:25,958 - [Epoch 112 / 1000] rec_loss: 3.8436 cl_loss: 0.0000 
2024-04-02 15:02:26,514 - Epoch 112 Test set [precision@1: 0.9300 precision@2: 0.5000 precision@3: 0.3300 ] Test set [recall@1: 0.9300 recall@2: 0.9900 recall@3: 1.0000 ] Test set [f1score@1: 0.9300 f1score@2: 0.6600 f1score@3: 0.5000 ] Test set [accuracy@1: 0.9300 accuracy@2: 0.9900 accuracy@3: 1.0000 ] 
2024-04-02 15:02:28,501 - [Epoch 113 / 1000] rec_loss: 4.1878 cl_loss: 0.0000 
2024-04-02 15:02:28,984 - Epoch 113 Test set [precision@1: 0.9400 precision@2: 0.5000 precision@3: 0.3300 ] Test set [recall@1: 0.9400 recall@2: 1.0000 recall@3: 1.0000 ] Test set [f1score@1: 0.9400 f1score@2: 0.6700 f1score@3: 0.5000 ] Test set [accuracy@1: 0.9400 accuracy@2: 1.0000 accuracy@3: 1.0000 ] 
2024-04-02 15:02:31,022 - [Epoch 114 / 1000] rec_loss: 4.1748 cl_loss: 0.0000 
2024-04-02 15:02:31,520 - Epoch 114 Test set [precision@1: 0.9400 precision@2: 0.5000 precision@3: 0.3300 ] Test set [recall@1: 0.9400 recall@2: 0.9900 recall@3: 1.0000 ] Test set [f1score@1: 0.9400 f1score@2: 0.6600 f1score@3: 0.5000 ] Test set [accuracy@1: 0.9400 accuracy@2: 0.9900 accuracy@3: 1.0000 ] 
2024-04-02 15:02:33,599 - [Epoch 115 / 1000] rec_loss: 2.9098 cl_loss: 0.0000 
2024-04-02 15:02:34,089 - Epoch 115 Test set [precision@1: 0.9700 precision@2: 0.5000 precision@3: 0.3300 ] Test set [recall@1: 0.9700 recall@2: 0.9900 recall@3: 1.0000 ] Test set [f1score@1: 0.9700 f1score@2: 0.6600 f1score@3: 0.5000 ] Test set [accuracy@1: 0.9700 accuracy@2: 0.9900 accuracy@3: 1.0000 ] 
2024-04-02 15:02:36,138 - [Epoch 116 / 1000] rec_loss: 1.9472 cl_loss: 0.0000 
2024-04-02 15:02:36,599 - Epoch 116 Test set [precision@1: 0.9600 precision@2: 0.5000 precision@3: 0.3300 ] Test set [recall@1: 0.9600 recall@2: 0.9900 recall@3: 1.0000 ] Test set [f1score@1: 0.9600 f1score@2: 0.6600 f1score@3: 0.5000 ] Test set [accuracy@1: 0.9600 accuracy@2: 0.9900 accuracy@3: 1.0000 ] 
2024-04-02 15:02:38,721 - [Epoch 117 / 1000] rec_loss: 3.9102 cl_loss: 0.0000 
2024-04-02 15:02:39,213 - Epoch 117 Test set [precision@1: 0.9500 precision@2: 0.5000 precision@3: 0.3300 ] Test set [recall@1: 0.9500 recall@2: 0.9900 recall@3: 1.0000 ] Test set [f1score@1: 0.9500 f1score@2: 0.6600 f1score@3: 0.5000 ] Test set [accuracy@1: 0.9500 accuracy@2: 0.9900 accuracy@3: 1.0000 ] 
2024-04-02 15:02:41,254 - [Epoch 118 / 1000] rec_loss: 2.8556 cl_loss: 0.0000 
2024-04-02 15:02:41,741 - Epoch 118 Test set [precision@1: 0.9900 precision@2: 0.5000 precision@3: 0.3300 ] Test set [recall@1: 0.9900 recall@2: 1.0000 recall@3: 1.0000 ] Test set [f1score@1: 0.9900 f1score@2: 0.6700 f1score@3: 0.5000 ] Test set [accuracy@1: 0.9900 accuracy@2: 1.0000 accuracy@3: 1.0000 ] 
2024-04-02 15:02:43,788 - [Epoch 119 / 1000] rec_loss: 3.5134 cl_loss: 0.0000 
2024-04-02 15:02:44,236 - Epoch 119 Test set [precision@1: 0.9900 precision@2: 0.5000 precision@3: 0.3300 ] Test set [recall@1: 0.9900 recall@2: 1.0000 recall@3: 1.0000 ] Test set [f1score@1: 0.9900 f1score@2: 0.6700 f1score@3: 0.5000 ] Test set [accuracy@1: 0.9900 accuracy@2: 1.0000 accuracy@3: 1.0000 ] 
2024-04-02 15:02:46,033 - [Epoch 120 / 1000] rec_loss: 1.9420 cl_loss: 0.0000 
2024-04-02 15:02:46,469 - Epoch 120 Test set [precision@1: 0.9700 precision@2: 0.5000 precision@3: 0.3300 ] Test set [recall@1: 0.9700 recall@2: 0.9900 recall@3: 0.9900 ] Test set [f1score@1: 0.9700 f1score@2: 0.6600 f1score@3: 0.5000 ] Test set [accuracy@1: 0.9700 accuracy@2: 0.9900 accuracy@3: 0.9900 ] 
2024-04-02 15:02:48,320 - [Epoch 121 / 1000] rec_loss: 2.4975 cl_loss: 0.0000 
2024-04-02 15:02:48,757 - Epoch 121 Test set [precision@1: 0.9700 precision@2: 0.5000 precision@3: 0.3300 ] Test set [recall@1: 0.9700 recall@2: 0.9900 recall@3: 0.9900 ] Test set [f1score@1: 0.9700 f1score@2: 0.6600 f1score@3: 0.5000 ] Test set [accuracy@1: 0.9700 accuracy@2: 0.9900 accuracy@3: 0.9900 ] 
2024-04-02 15:02:50,591 - [Epoch 122 / 1000] rec_loss: 4.4658 cl_loss: 0.0000 
2024-04-02 15:02:50,995 - Epoch 122 Test set [precision@1: 0.9700 precision@2: 0.5000 precision@3: 0.3300 ] Test set [recall@1: 0.9700 recall@2: 0.9900 recall@3: 0.9900 ] Test set [f1score@1: 0.9700 f1score@2: 0.6600 f1score@3: 0.5000 ] Test set [accuracy@1: 0.9700 accuracy@2: 0.9900 accuracy@3: 0.9900 ] 
