2024-04-02 15:09:42,113 - {'optimizer': {'name': 'adam', 'lr': 0.001, 'final_lr': 1e-06, 'weight_decay': 0}, 'train': {'model_test_run': True, 'weighted_loss_fn': True, 'epoch': 1000, 'batch_size': 64, 'save_model': True, 'log_loss': True, 'test_step': 1, 'reproducible': True, 'seed': 2023, 'tensorboard': True, 'conf_mat': True, 'ssl': False, 'gradient_accumulation': False, 'accumulation_steps': 4, 'early_stop': False, 'parameter_class_weights_path': './datasets/sequential/fix/parameters/param.pkl', 'parameter_label_mapping_path': './datasets/sequential/fix/parameters/label_mapping.pkl'}, 'test': {'metrics': ['precision', 'recall', 'f1score', 'accuracy'], 'k': [1, 2, 3], 'batch_size': 64, 'train_eval': False, 'save_path': '2024-04-02_15-09'}, 'data': {'type': 'sequential', 'name': 'fix', 'seq_aug': False, 'dynamic_context_window_length': 100, 'user_num': 100, 'item_num': 23, 'dynamic_context_feat_num': 14, 'static_context_feat_num': 6, 'static_context_max': [12, 6, 23, 1, 1, 1]}, 'model': {'name': 'cl4srec', 'context_encoder': 'tempcnn', 'tcn_num_channels': [80, 50, 25], 'tcn_kernel_size': 3, 'interaction_encoder': 'sasrec', 'dropout_rate_trans': 0.3, 'dropout_rate_tcn': 0.25, 'dropout_rate_fc_tcn': 0.4, 'dropout_rate_fc_trans': 0.5, 'dropout_rate_fc_concat': 0.3, 'dropout_rate_fc_static': 0.1, 'n_layers': 2, 'embedding_size': 786, 'n_heads': 2, 'max_seq_len': 5, 'lmd': 0.1, 'tau': 1, 'encoder_combine': 'concat'}, 'lstm': {'hidden_size': 64, 'num_layers': 2}, 'tune': {'enable': False, 'hyperparameters': ['dropout_rate', 'lmd', 'tau'], 'dropout_rate': [0.1, 0.2, 0.3], 'lmd': [0.05, 0.1, 0.2], 'tau': [0.5, 0.7, 0.9]}, 'device': 'cpu'}
2024-04-02 15:09:43,696 - [Epoch   0 / 1000] rec_loss: 43.0150 cl_loss: 0.0000 
2024-04-02 15:09:44,045 - Epoch   0 Test set [precision@1: 0.0200 precision@2: 0.0300 precision@3: 0.0400 ] Test set [recall@1: 0.0200 recall@2: 0.0600 recall@3: 0.1300 ] Test set [f1score@1: 0.0200 f1score@2: 0.0400 f1score@3: 0.0600 ] Test set [accuracy@1: 0.0200 accuracy@2: 0.0600 accuracy@3: 0.1300 ] 
2024-04-02 15:09:45,121 - [Epoch   1 / 1000] rec_loss: 41.9759 cl_loss: 0.0000 
2024-04-02 15:09:45,482 - Epoch   1 Test set [precision@1: 0.2600 precision@2: 0.1700 precision@3: 0.1400 ] Test set [recall@1: 0.2600 recall@2: 0.3500 recall@3: 0.4200 ] Test set [f1score@1: 0.2600 f1score@2: 0.2300 f1score@3: 0.2100 ] Test set [accuracy@1: 0.2600 accuracy@2: 0.3500 accuracy@3: 0.4200 ] 
2024-04-02 15:09:46,612 - [Epoch   2 / 1000] rec_loss: 40.6710 cl_loss: 0.0000 
2024-04-02 15:09:46,959 - Epoch   2 Test set [precision@1: 0.2000 precision@2: 0.1600 precision@3: 0.1400 ] Test set [recall@1: 0.2000 recall@2: 0.3200 recall@3: 0.4300 ] Test set [f1score@1: 0.2000 f1score@2: 0.2100 f1score@3: 0.2200 ] Test set [accuracy@1: 0.2000 accuracy@2: 0.3200 accuracy@3: 0.4300 ] 
2024-04-02 15:09:48,060 - [Epoch   3 / 1000] rec_loss: 36.1968 cl_loss: 0.0000 
2024-04-02 15:09:48,433 - Epoch   3 Test set [precision@1: 0.1400 precision@2: 0.1600 precision@3: 0.1300 ] Test set [recall@1: 0.1400 recall@2: 0.3100 recall@3: 0.4000 ] Test set [f1score@1: 0.1400 f1score@2: 0.2100 f1score@3: 0.2000 ] Test set [accuracy@1: 0.1400 accuracy@2: 0.3100 accuracy@3: 0.4000 ] 
2024-04-02 15:09:49,533 - [Epoch   4 / 1000] rec_loss: 38.0846 cl_loss: 0.0000 
2024-04-02 15:09:49,877 - Epoch   4 Test set [precision@1: 0.1600 precision@2: 0.1400 precision@3: 0.1600 ] Test set [recall@1: 0.1600 recall@2: 0.2700 recall@3: 0.4900 ] Test set [f1score@1: 0.1600 f1score@2: 0.1800 f1score@3: 0.2500 ] Test set [accuracy@1: 0.1600 accuracy@2: 0.2700 accuracy@3: 0.4900 ] 
2024-04-02 15:09:50,959 - [Epoch   5 / 1000] rec_loss: 40.8837 cl_loss: 0.0000 
2024-04-02 15:09:51,302 - Epoch   5 Test set [precision@1: 0.2000 precision@2: 0.1700 precision@3: 0.1800 ] Test set [recall@1: 0.2000 recall@2: 0.3500 recall@3: 0.5400 ] Test set [f1score@1: 0.2000 f1score@2: 0.2300 f1score@3: 0.2700 ] Test set [accuracy@1: 0.2000 accuracy@2: 0.3500 accuracy@3: 0.5400 ] 
2024-04-02 15:09:52,374 - [Epoch   6 / 1000] rec_loss: 34.1508 cl_loss: 0.0000 
2024-04-02 15:09:52,729 - Epoch   6 Test set [precision@1: 0.2800 precision@2: 0.1800 precision@3: 0.1800 ] Test set [recall@1: 0.2800 recall@2: 0.3600 recall@3: 0.5400 ] Test set [f1score@1: 0.2800 f1score@2: 0.2400 f1score@3: 0.2700 ] Test set [accuracy@1: 0.2800 accuracy@2: 0.3600 accuracy@3: 0.5400 ] 
2024-04-02 15:09:53,817 - [Epoch   7 / 1000] rec_loss: 32.6366 cl_loss: 0.0000 
2024-04-02 15:09:54,174 - Epoch   7 Test set [precision@1: 0.3100 precision@2: 0.1700 precision@3: 0.1800 ] Test set [recall@1: 0.3100 recall@2: 0.3500 recall@3: 0.5300 ] Test set [f1score@1: 0.3100 f1score@2: 0.2300 f1score@3: 0.2600 ] Test set [accuracy@1: 0.3100 accuracy@2: 0.3500 accuracy@3: 0.5300 ] 
2024-04-02 15:09:55,271 - [Epoch   8 / 1000] rec_loss: 36.3671 cl_loss: 0.0000 
2024-04-02 15:09:55,657 - Epoch   8 Test set [precision@1: 0.3000 precision@2: 0.1700 precision@3: 0.1800 ] Test set [recall@1: 0.3000 recall@2: 0.3500 recall@3: 0.5300 ] Test set [f1score@1: 0.3000 f1score@2: 0.2300 f1score@3: 0.2600 ] Test set [accuracy@1: 0.3000 accuracy@2: 0.3500 accuracy@3: 0.5300 ] 
2024-04-02 15:09:56,800 - [Epoch   9 / 1000] rec_loss: 33.4744 cl_loss: 0.0000 
2024-04-02 15:09:57,168 - Epoch   9 Test set [precision@1: 0.2200 precision@2: 0.1400 precision@3: 0.1600 ] Test set [recall@1: 0.2200 recall@2: 0.2900 recall@3: 0.4800 ] Test set [f1score@1: 0.2200 f1score@2: 0.1900 f1score@3: 0.2400 ] Test set [accuracy@1: 0.2200 accuracy@2: 0.2900 accuracy@3: 0.4800 ] 
2024-04-02 15:09:58,533 - [Epoch  10 / 1000] rec_loss: 33.6564 cl_loss: 0.0000 
2024-04-02 15:09:58,977 - Epoch  10 Test set [precision@1: 0.1700 precision@2: 0.1700 precision@3: 0.1800 ] Test set [recall@1: 0.1700 recall@2: 0.3300 recall@3: 0.5400 ] Test set [f1score@1: 0.1700 f1score@2: 0.2200 f1score@3: 0.2700 ] Test set [accuracy@1: 0.1700 accuracy@2: 0.3300 accuracy@3: 0.5400 ] 
2024-04-02 15:10:00,198 - [Epoch  11 / 1000] rec_loss: 30.0862 cl_loss: 0.0000 
2024-04-02 15:10:00,566 - Epoch  11 Test set [precision@1: 0.1900 precision@2: 0.2000 precision@3: 0.1700 ] Test set [recall@1: 0.1900 recall@2: 0.4000 recall@3: 0.5200 ] Test set [f1score@1: 0.1900 f1score@2: 0.2700 f1score@3: 0.2600 ] Test set [accuracy@1: 0.1900 accuracy@2: 0.4000 accuracy@3: 0.5200 ] 
2024-04-02 15:10:01,730 - [Epoch  12 / 1000] rec_loss: 28.0937 cl_loss: 0.0000 
2024-04-02 15:10:02,102 - Epoch  12 Test set [precision@1: 0.1900 precision@2: 0.1900 precision@3: 0.1500 ] Test set [recall@1: 0.1900 recall@2: 0.3800 recall@3: 0.4500 ] Test set [f1score@1: 0.1900 f1score@2: 0.2500 f1score@3: 0.2200 ] Test set [accuracy@1: 0.1900 accuracy@2: 0.3800 accuracy@3: 0.4500 ] 
2024-04-02 15:10:03,264 - [Epoch  13 / 1000] rec_loss: 28.4339 cl_loss: 0.0000 
2024-04-02 15:10:03,645 - Epoch  13 Test set [precision@1: 0.2200 precision@2: 0.1900 precision@3: 0.1500 ] Test set [recall@1: 0.2200 recall@2: 0.3700 recall@3: 0.4500 ] Test set [f1score@1: 0.2200 f1score@2: 0.2500 f1score@3: 0.2200 ] Test set [accuracy@1: 0.2200 accuracy@2: 0.3700 accuracy@3: 0.4500 ] 
2024-04-02 15:10:04,854 - [Epoch  14 / 1000] rec_loss: 37.0050 cl_loss: 0.0000 
2024-04-02 15:10:05,272 - Epoch  14 Test set [precision@1: 0.2000 precision@2: 0.2200 precision@3: 0.1800 ] Test set [recall@1: 0.2000 recall@2: 0.4400 recall@3: 0.5300 ] Test set [f1score@1: 0.2000 f1score@2: 0.2900 f1score@3: 0.2600 ] Test set [accuracy@1: 0.2000 accuracy@2: 0.4400 accuracy@3: 0.5300 ] 
2024-04-02 15:10:06,494 - [Epoch  15 / 1000] rec_loss: 29.2229 cl_loss: 0.0000 
2024-04-02 15:10:06,850 - Epoch  15 Test set [precision@1: 0.2500 precision@2: 0.2500 precision@3: 0.2000 ] Test set [recall@1: 0.2500 recall@2: 0.4900 recall@3: 0.5900 ] Test set [f1score@1: 0.2500 f1score@2: 0.3300 f1score@3: 0.2900 ] Test set [accuracy@1: 0.2500 accuracy@2: 0.4900 accuracy@3: 0.5900 ] 
2024-04-02 15:10:08,040 - [Epoch  16 / 1000] rec_loss: 30.7155 cl_loss: 0.0000 
2024-04-02 15:10:08,396 - Epoch  16 Test set [precision@1: 0.3400 precision@2: 0.2700 precision@3: 0.2200 ] Test set [recall@1: 0.3400 recall@2: 0.5400 recall@3: 0.6700 ] Test set [f1score@1: 0.3400 f1score@2: 0.3600 f1score@3: 0.3400 ] Test set [accuracy@1: 0.3400 accuracy@2: 0.5400 accuracy@3: 0.6700 ] 
2024-04-02 15:10:09,579 - [Epoch  17 / 1000] rec_loss: 26.1486 cl_loss: 0.0000 
2024-04-02 15:10:09,923 - Epoch  17 Test set [precision@1: 0.3500 precision@2: 0.2700 precision@3: 0.2200 ] Test set [recall@1: 0.3500 recall@2: 0.5400 recall@3: 0.6700 ] Test set [f1score@1: 0.3500 f1score@2: 0.3600 f1score@3: 0.3400 ] Test set [accuracy@1: 0.3500 accuracy@2: 0.5400 accuracy@3: 0.6700 ] 
2024-04-02 15:10:11,083 - [Epoch  18 / 1000] rec_loss: 23.9811 cl_loss: 0.0000 
2024-04-02 15:10:11,430 - Epoch  18 Test set [precision@1: 0.3700 precision@2: 0.2800 precision@3: 0.2300 ] Test set [recall@1: 0.3700 recall@2: 0.5700 recall@3: 0.6900 ] Test set [f1score@1: 0.3700 f1score@2: 0.3800 f1score@3: 0.3400 ] Test set [accuracy@1: 0.3700 accuracy@2: 0.5700 accuracy@3: 0.6900 ] 
2024-04-02 15:10:12,549 - [Epoch  19 / 1000] rec_loss: 25.4399 cl_loss: 0.0000 
2024-04-02 15:10:12,903 - Epoch  19 Test set [precision@1: 0.3800 precision@2: 0.3000 precision@3: 0.2400 ] Test set [recall@1: 0.3800 recall@2: 0.6000 recall@3: 0.7200 ] Test set [f1score@1: 0.3800 f1score@2: 0.4000 f1score@3: 0.3600 ] Test set [accuracy@1: 0.3800 accuracy@2: 0.6000 accuracy@3: 0.7200 ] 
2024-04-02 15:10:14,247 - [Epoch  20 / 1000] rec_loss: 28.0120 cl_loss: 0.0000 
2024-04-02 15:10:14,610 - Epoch  20 Test set [precision@1: 0.3800 precision@2: 0.2800 precision@3: 0.2300 ] Test set [recall@1: 0.3800 recall@2: 0.5700 recall@3: 0.7000 ] Test set [f1score@1: 0.3800 f1score@2: 0.3800 f1score@3: 0.3500 ] Test set [accuracy@1: 0.3800 accuracy@2: 0.5700 accuracy@3: 0.7000 ] 
2024-04-02 15:10:15,774 - [Epoch  21 / 1000] rec_loss: 24.3661 cl_loss: 0.0000 
2024-04-02 15:10:16,135 - Epoch  21 Test set [precision@1: 0.3300 precision@2: 0.2800 precision@3: 0.2300 ] Test set [recall@1: 0.3300 recall@2: 0.5500 recall@3: 0.6800 ] Test set [f1score@1: 0.3300 f1score@2: 0.3700 f1score@3: 0.3400 ] Test set [accuracy@1: 0.3300 accuracy@2: 0.5500 accuracy@3: 0.6800 ] 
2024-04-02 15:10:17,294 - [Epoch  22 / 1000] rec_loss: 32.8542 cl_loss: 0.0000 
2024-04-02 15:10:17,654 - Epoch  22 Test set [precision@1: 0.2800 precision@2: 0.2500 precision@3: 0.2200 ] Test set [recall@1: 0.2800 recall@2: 0.5000 recall@3: 0.6700 ] Test set [f1score@1: 0.2800 f1score@2: 0.3300 f1score@3: 0.3400 ] Test set [accuracy@1: 0.2800 accuracy@2: 0.5000 accuracy@3: 0.6700 ] 
2024-04-02 15:10:18,832 - [Epoch  23 / 1000] rec_loss: 21.8410 cl_loss: 0.0000 
2024-04-02 15:10:19,177 - Epoch  23 Test set [precision@1: 0.2500 precision@2: 0.2500 precision@3: 0.2200 ] Test set [recall@1: 0.2500 recall@2: 0.4900 recall@3: 0.6700 ] Test set [f1score@1: 0.2500 f1score@2: 0.3300 f1score@3: 0.3400 ] Test set [accuracy@1: 0.2500 accuracy@2: 0.4900 accuracy@3: 0.6700 ] 
2024-04-02 15:10:20,320 - [Epoch  24 / 1000] rec_loss: 24.3915 cl_loss: 0.0000 
2024-04-02 15:10:20,673 - Epoch  24 Test set [precision@1: 0.2400 precision@2: 0.2200 precision@3: 0.2100 ] Test set [recall@1: 0.2400 recall@2: 0.4500 recall@3: 0.6400 ] Test set [f1score@1: 0.2400 f1score@2: 0.3000 f1score@3: 0.3200 ] Test set [accuracy@1: 0.2400 accuracy@2: 0.4500 accuracy@3: 0.6400 ] 
2024-04-02 15:10:21,774 - [Epoch  25 / 1000] rec_loss: 23.6639 cl_loss: 0.0000 
2024-04-02 15:10:22,123 - Epoch  25 Test set [precision@1: 0.3200 precision@2: 0.2500 precision@3: 0.2100 ] Test set [recall@1: 0.3200 recall@2: 0.5000 recall@3: 0.6400 ] Test set [f1score@1: 0.3200 f1score@2: 0.3300 f1score@3: 0.3200 ] Test set [accuracy@1: 0.3200 accuracy@2: 0.5000 accuracy@3: 0.6400 ] 
2024-04-02 15:10:23,312 - [Epoch  26 / 1000] rec_loss: 22.6802 cl_loss: 0.0000 
