2024-04-01 18:45:26,508 - {'optimizer': {'name': 'adam', 'lr': 0.001, 'final_lr': 1e-06, 'weight_decay': 0}, 'train': {'model_test_run': True, 'weighted_loss_fn': True, 'epoch': 1000, 'batch_size': 64, 'save_model': True, 'log_loss': True, 'test_step': 1, 'reproducible': True, 'seed': 2023, 'tensorboard': True, 'conf_mat': True, 'ssl': False, 'gradient_accumulation': False, 'accumulation_steps': 4, 'early_stop': False, 'parameter_class_weights_path': './datasets/sequential/fix/parameters/param.pkl', 'parameter_label_mapping_path': './datasets/sequential/fix/parameters/label_mapping.pkl'}, 'test': {'metrics': ['precision', 'recall', 'f1score', 'accuracy'], 'k': [1, 2, 3], 'batch_size': 64, 'train_eval': False, 'save_path': '2024-04-01_18-45'}, 'data': {'type': 'sequential', 'name': 'fix', 'seq_aug': False, 'dynamic_context_window_length': 100, 'user_num': 100, 'item_num': 23, 'max_context_length': 100, 'dynamic_context_feat_num': 14, 'static_context_feat_num': 6, 'static_context_max': [12, 6, 23, 1, 1, 1]}, 'model': {'name': 'cl4srec', 'context_encoder': 'tempcnn', 'interaction_encoder': 'sasrec', 'dropout_rate': 0.1, 'n_layers': 2, 'embedding_size': 16, 'n_heads': 2, 'max_seq_len': 10, 'lmd': 0.1, 'tau': 1, 'encoder_combine': 'concat'}, 'lstm': {'hidden_size': 64, 'num_layers': 2}, 'tune': {'enable': False, 'hyperparameters': ['dropout_rate', 'lmd', 'tau'], 'dropout_rate': [0.1, 0.2, 0.3], 'lmd': [0.05, 0.1, 0.2], 'tau': [0.5, 0.7, 0.9]}, 'device': 'cpu'}
2024-04-01 18:45:27,683 - [Epoch   0 / 1000] rec_loss: 4.7966 cl_loss: 0.0000 
2024-04-01 18:45:28,116 - Epoch   0 Test set [precision@1: 0.0000 precision@2: 0.0500 precision@3: 0.0500 ] Test set [recall@1: 0.0000 recall@2: 0.1000 recall@3: 0.1500 ] Test set [f1score@1: 0.0000 f1score@2: 0.0700 f1score@3: 0.0800 ] Test set [accuracy@1: 0.0000 accuracy@2: 0.1000 accuracy@3: 0.1500 ] 
2024-04-01 18:45:28,806 - [Epoch   1 / 1000] rec_loss: 4.9514 cl_loss: 0.0000 
2024-04-01 18:45:29,134 - Epoch   1 Test set [precision@1: 0.0000 precision@2: 0.0700 precision@3: 0.0500 ] Test set [recall@1: 0.0000 recall@2: 0.1400 recall@3: 0.1500 ] Test set [f1score@1: 0.0000 f1score@2: 0.0900 f1score@3: 0.0800 ] Test set [accuracy@1: 0.0000 accuracy@2: 0.1400 accuracy@3: 0.1500 ] 
2024-04-01 18:45:29,808 - [Epoch   2 / 1000] rec_loss: 5.0091 cl_loss: 0.0000 
2024-04-01 18:45:30,107 - Epoch   2 Test set [precision@1: 0.0000 precision@2: 0.0700 precision@3: 0.0600 ] Test set [recall@1: 0.0000 recall@2: 0.1400 recall@3: 0.1700 ] Test set [f1score@1: 0.0000 f1score@2: 0.0900 f1score@3: 0.0900 ] Test set [accuracy@1: 0.0000 accuracy@2: 0.1400 accuracy@3: 0.1700 ] 
2024-04-01 18:45:30,740 - [Epoch   3 / 1000] rec_loss: 4.6717 cl_loss: 0.0000 
2024-04-01 18:45:31,037 - Epoch   3 Test set [precision@1: 0.0000 precision@2: 0.0700 precision@3: 0.0600 ] Test set [recall@1: 0.0000 recall@2: 0.1400 recall@3: 0.1800 ] Test set [f1score@1: 0.0000 f1score@2: 0.0900 f1score@3: 0.0900 ] Test set [accuracy@1: 0.0000 accuracy@2: 0.1400 accuracy@3: 0.1800 ] 
2024-04-01 18:45:31,693 - [Epoch   4 / 1000] rec_loss: 4.5096 cl_loss: 0.0000 
2024-04-01 18:45:32,009 - Epoch   4 Test set [precision@1: 0.0500 precision@2: 0.0700 precision@3: 0.0600 ] Test set [recall@1: 0.0500 recall@2: 0.1400 recall@3: 0.1700 ] Test set [f1score@1: 0.0500 f1score@2: 0.0900 f1score@3: 0.0900 ] Test set [accuracy@1: 0.0500 accuracy@2: 0.1400 accuracy@3: 0.1700 ] 
2024-04-01 18:45:32,639 - [Epoch   5 / 1000] rec_loss: 4.3372 cl_loss: 0.0000 
2024-04-01 18:45:32,951 - Epoch   5 Test set [precision@1: 0.0700 precision@2: 0.0700 precision@3: 0.0600 ] Test set [recall@1: 0.0700 recall@2: 0.1400 recall@3: 0.1700 ] Test set [f1score@1: 0.0700 f1score@2: 0.0900 f1score@3: 0.0900 ] Test set [accuracy@1: 0.0700 accuracy@2: 0.1400 accuracy@3: 0.1700 ] 
2024-04-01 18:45:33,673 - [Epoch   6 / 1000] rec_loss: 4.1871 cl_loss: 0.0000 
2024-04-01 18:45:33,983 - Epoch   6 Test set [precision@1: 0.1100 precision@2: 0.0800 precision@3: 0.0500 ] Test set [recall@1: 0.1100 recall@2: 0.1500 recall@3: 0.1600 ] Test set [f1score@1: 0.1100 f1score@2: 0.1000 f1score@3: 0.0800 ] Test set [accuracy@1: 0.1100 accuracy@2: 0.1500 accuracy@3: 0.1600 ] 
2024-04-01 18:45:34,620 - [Epoch   7 / 1000] rec_loss: 3.8920 cl_loss: 0.0000 
2024-04-01 18:45:34,938 - Epoch   7 Test set [precision@1: 0.1100 precision@2: 0.0800 precision@3: 0.0600 ] Test set [recall@1: 0.1100 recall@2: 0.1600 recall@3: 0.1900 ] Test set [f1score@1: 0.1100 f1score@2: 0.1100 f1score@3: 0.0900 ] Test set [accuracy@1: 0.1100 accuracy@2: 0.1600 accuracy@3: 0.1900 ] 
2024-04-01 18:45:35,738 - [Epoch   8 / 1000] rec_loss: 3.7933 cl_loss: 0.0000 
2024-04-01 18:45:36,048 - Epoch   8 Test set [precision@1: 0.1000 precision@2: 0.0800 precision@3: 0.0600 ] Test set [recall@1: 0.1000 recall@2: 0.1600 recall@3: 0.1800 ] Test set [f1score@1: 0.1000 f1score@2: 0.1100 f1score@3: 0.0900 ] Test set [accuracy@1: 0.1000 accuracy@2: 0.1600 accuracy@3: 0.1800 ] 
2024-04-01 18:45:36,772 - [Epoch   9 / 1000] rec_loss: 4.0967 cl_loss: 0.0000 
2024-04-01 18:45:37,069 - Epoch   9 Test set [precision@1: 0.1400 precision@2: 0.0800 precision@3: 0.0700 ] Test set [recall@1: 0.1400 recall@2: 0.1600 recall@3: 0.2100 ] Test set [f1score@1: 0.1400 f1score@2: 0.1100 f1score@3: 0.1000 ] Test set [accuracy@1: 0.1400 accuracy@2: 0.1600 accuracy@3: 0.2100 ] 
2024-04-01 18:45:37,681 - [Epoch  10 / 1000] rec_loss: 3.7132 cl_loss: 0.0000 
2024-04-01 18:45:37,972 - Epoch  10 Test set [precision@1: 0.1400 precision@2: 0.1000 precision@3: 0.0800 ] Test set [recall@1: 0.1400 recall@2: 0.2000 recall@3: 0.2400 ] Test set [f1score@1: 0.1400 f1score@2: 0.1300 f1score@3: 0.1200 ] Test set [accuracy@1: 0.1400 accuracy@2: 0.2000 accuracy@3: 0.2400 ] 
2024-04-01 18:45:38,582 - [Epoch  11 / 1000] rec_loss: 3.7013 cl_loss: 0.0000 
2024-04-01 18:45:38,876 - Epoch  11 Test set [precision@1: 0.1500 precision@2: 0.1100 precision@3: 0.0900 ] Test set [recall@1: 0.1500 recall@2: 0.2200 recall@3: 0.2600 ] Test set [f1score@1: 0.1500 f1score@2: 0.1500 f1score@3: 0.1300 ] Test set [accuracy@1: 0.1500 accuracy@2: 0.2200 accuracy@3: 0.2600 ] 
2024-04-01 18:45:39,492 - [Epoch  12 / 1000] rec_loss: 3.7772 cl_loss: 0.0000 
2024-04-01 18:45:39,785 - Epoch  12 Test set [precision@1: 0.1500 precision@2: 0.1200 precision@3: 0.1000 ] Test set [recall@1: 0.1500 recall@2: 0.2300 recall@3: 0.2900 ] Test set [f1score@1: 0.1500 f1score@2: 0.1500 f1score@3: 0.1400 ] Test set [accuracy@1: 0.1500 accuracy@2: 0.2300 accuracy@3: 0.2900 ] 
2024-04-01 18:45:40,397 - [Epoch  13 / 1000] rec_loss: 3.4174 cl_loss: 0.0000 
2024-04-01 18:45:40,693 - Epoch  13 Test set [precision@1: 0.1400 precision@2: 0.1000 precision@3: 0.0800 ] Test set [recall@1: 0.1400 recall@2: 0.2000 recall@3: 0.2400 ] Test set [f1score@1: 0.1400 f1score@2: 0.1300 f1score@3: 0.1200 ] Test set [accuracy@1: 0.1400 accuracy@2: 0.2000 accuracy@3: 0.2400 ] 
2024-04-01 18:45:41,314 - [Epoch  14 / 1000] rec_loss: 3.4148 cl_loss: 0.0000 
2024-04-01 18:45:41,605 - Epoch  14 Test set [precision@1: 0.1400 precision@2: 0.0900 precision@3: 0.0900 ] Test set [recall@1: 0.1400 recall@2: 0.1900 recall@3: 0.2800 ] Test set [f1score@1: 0.1400 f1score@2: 0.1300 f1score@3: 0.1400 ] Test set [accuracy@1: 0.1400 accuracy@2: 0.1900 accuracy@3: 0.2800 ] 
2024-04-01 18:45:42,221 - [Epoch  15 / 1000] rec_loss: 3.3675 cl_loss: 0.0000 
2024-04-01 18:45:42,510 - Epoch  15 Test set [precision@1: 0.1300 precision@2: 0.1000 precision@3: 0.1000 ] Test set [recall@1: 0.1300 recall@2: 0.2000 recall@3: 0.3100 ] Test set [f1score@1: 0.1300 f1score@2: 0.1300 f1score@3: 0.1600 ] Test set [accuracy@1: 0.1300 accuracy@2: 0.2000 accuracy@3: 0.3100 ] 
