2024-04-02 00:49:59,606 - {'optimizer': {'name': 'adam', 'lr': 0.001, 'final_lr': 1e-06, 'weight_decay': 0}, 'train': {'model_test_run': True, 'weighted_loss_fn': True, 'epoch': 1000, 'batch_size': 64, 'save_model': True, 'log_loss': True, 'test_step': 1, 'reproducible': True, 'seed': 2023, 'tensorboard': True, 'conf_mat': True, 'ssl': False, 'gradient_accumulation': False, 'accumulation_steps': 4, 'early_stop': False, 'parameter_class_weights_path': './datasets/sequential/fix/parameters/param.pkl', 'parameter_label_mapping_path': './datasets/sequential/fix/parameters/label_mapping.pkl'}, 'test': {'metrics': ['precision', 'recall', 'f1score', 'accuracy'], 'k': [1, 2, 3], 'batch_size': 64, 'train_eval': False, 'save_path': '2024-04-02_00-49'}, 'data': {'type': 'sequential', 'name': 'fix', 'seq_aug': False, 'dynamic_context_window_length': 100, 'user_num': 100, 'item_num': 23, 'max_context_length': 100, 'dynamic_context_feat_num': 14, 'static_context_feat_num': 6, 'static_context_max': [12, 6, 23, 1, 1, 1]}, 'model': {'name': 'cl4srec', 'context_encoder': 'tempcnn', 'interaction_encoder': 'sasrec', 'dropout_rate': 0.1, 'n_layers': 2, 'embedding_size': 16, 'n_heads': 2, 'max_seq_len': 10, 'lmd': 0.1, 'tau': 1, 'encoder_combine': 'concat'}, 'lstm': {'hidden_size': 64, 'num_layers': 2}, 'tune': {'enable': False, 'hyperparameters': ['dropout_rate', 'lmd', 'tau'], 'dropout_rate': [0.1, 0.2, 0.3], 'lmd': [0.05, 0.1, 0.2], 'tau': [0.5, 0.7, 0.9]}, 'device': 'cpu'}
2024-04-02 00:50:00,774 - [Epoch   0 / 1000] rec_loss: 5.9500 cl_loss: 0.0000 
2024-04-02 00:50:01,087 - Epoch   0 Test set [precision@1: 0.0000 precision@2: 0.0000 precision@3: 0.0300 ] Test set [recall@1: 0.0000 recall@2: 0.0000 recall@3: 0.0800 ] Test set [f1score@1: 0.0000 f1score@2: 0.0000 f1score@3: 0.0400 ] Test set [accuracy@1: 0.0000 accuracy@2: 0.0000 accuracy@3: 0.0800 ] 
2024-04-02 00:50:01,945 - [Epoch   1 / 1000] rec_loss: 5.3662 cl_loss: 0.0000 
2024-04-02 00:50:02,284 - Epoch   1 Test set [precision@1: 0.0000 precision@2: 0.0000 precision@3: 0.0100 ] Test set [recall@1: 0.0000 recall@2: 0.0000 recall@3: 0.0400 ] Test set [f1score@1: 0.0000 f1score@2: 0.0000 f1score@3: 0.0200 ] Test set [accuracy@1: 0.0000 accuracy@2: 0.0000 accuracy@3: 0.0400 ] 
2024-04-02 00:50:03,159 - [Epoch   2 / 1000] rec_loss: 5.3007 cl_loss: 0.0000 
2024-04-02 00:50:03,525 - Epoch   2 Test set [precision@1: 0.0000 precision@2: 0.0000 precision@3: 0.0200 ] Test set [recall@1: 0.0000 recall@2: 0.0000 recall@3: 0.0500 ] Test set [f1score@1: 0.0000 f1score@2: 0.0000 f1score@3: 0.0300 ] Test set [accuracy@1: 0.0000 accuracy@2: 0.0000 accuracy@3: 0.0500 ] 
2024-04-02 00:50:04,349 - [Epoch   3 / 1000] rec_loss: 4.9041 cl_loss: 0.0000 
2024-04-02 00:50:04,747 - Epoch   3 Test set [precision@1: 0.0000 precision@2: 0.0000 precision@3: 0.0300 ] Test set [recall@1: 0.0000 recall@2: 0.0000 recall@3: 0.0800 ] Test set [f1score@1: 0.0000 f1score@2: 0.0000 f1score@3: 0.0400 ] Test set [accuracy@1: 0.0000 accuracy@2: 0.0000 accuracy@3: 0.0800 ] 
2024-04-02 00:50:05,759 - [Epoch   4 / 1000] rec_loss: 4.9324 cl_loss: 0.0000 
2024-04-02 00:50:06,109 - Epoch   4 Test set [precision@1: 0.0000 precision@2: 0.0000 precision@3: 0.0300 ] Test set [recall@1: 0.0000 recall@2: 0.0000 recall@3: 0.0900 ] Test set [f1score@1: 0.0000 f1score@2: 0.0000 f1score@3: 0.0500 ] Test set [accuracy@1: 0.0000 accuracy@2: 0.0000 accuracy@3: 0.0900 ] 
2024-04-02 00:50:07,054 - [Epoch   5 / 1000] rec_loss: 4.4762 cl_loss: 0.0000 
2024-04-02 00:50:07,363 - Epoch   5 Test set [precision@1: 0.0000 precision@2: 0.0000 precision@3: 0.0300 ] Test set [recall@1: 0.0000 recall@2: 0.0000 recall@3: 0.0800 ] Test set [f1score@1: 0.0000 f1score@2: 0.0000 f1score@3: 0.0400 ] Test set [accuracy@1: 0.0000 accuracy@2: 0.0000 accuracy@3: 0.0800 ] 
2024-04-02 00:50:08,185 - [Epoch   6 / 1000] rec_loss: 4.5585 cl_loss: 0.0000 
2024-04-02 00:50:08,551 - Epoch   6 Test set [precision@1: 0.0000 precision@2: 0.0100 precision@3: 0.0400 ] Test set [recall@1: 0.0000 recall@2: 0.0200 recall@3: 0.1200 ] Test set [f1score@1: 0.0000 f1score@2: 0.0100 f1score@3: 0.0600 ] Test set [accuracy@1: 0.0000 accuracy@2: 0.0200 accuracy@3: 0.1200 ] 
2024-04-02 00:50:09,371 - [Epoch   7 / 1000] rec_loss: 4.4114 cl_loss: 0.0000 
2024-04-02 00:50:09,722 - Epoch   7 Test set [precision@1: 0.0000 precision@2: 0.0100 precision@3: 0.0400 ] Test set [recall@1: 0.0000 recall@2: 0.0300 recall@3: 0.1300 ] Test set [f1score@1: 0.0000 f1score@2: 0.0200 f1score@3: 0.0600 ] Test set [accuracy@1: 0.0000 accuracy@2: 0.0300 accuracy@3: 0.1300 ] 
2024-04-02 00:50:10,526 - [Epoch   8 / 1000] rec_loss: 4.0775 cl_loss: 0.0000 
2024-04-02 00:50:10,844 - Epoch   8 Test set [precision@1: 0.0200 precision@2: 0.0300 precision@3: 0.0400 ] Test set [recall@1: 0.0200 recall@2: 0.0500 recall@3: 0.1300 ] Test set [f1score@1: 0.0200 f1score@2: 0.0300 f1score@3: 0.0600 ] Test set [accuracy@1: 0.0200 accuracy@2: 0.0500 accuracy@3: 0.1300 ] 
2024-04-02 00:50:11,597 - [Epoch   9 / 1000] rec_loss: 4.2143 cl_loss: 0.0000 
2024-04-02 00:50:11,907 - Epoch   9 Test set [precision@1: 0.0200 precision@2: 0.0100 precision@3: 0.0400 ] Test set [recall@1: 0.0200 recall@2: 0.0300 recall@3: 0.1200 ] Test set [f1score@1: 0.0200 f1score@2: 0.0200 f1score@3: 0.0600 ] Test set [accuracy@1: 0.0200 accuracy@2: 0.0300 accuracy@3: 0.1200 ] 
2024-04-02 00:50:12,640 - [Epoch  10 / 1000] rec_loss: 4.3353 cl_loss: 0.0000 
2024-04-02 00:50:12,950 - Epoch  10 Test set [precision@1: 0.0200 precision@2: 0.0200 precision@3: 0.0400 ] Test set [recall@1: 0.0200 recall@2: 0.0400 recall@3: 0.1100 ] Test set [f1score@1: 0.0200 f1score@2: 0.0300 f1score@3: 0.0500 ] Test set [accuracy@1: 0.0200 accuracy@2: 0.0400 accuracy@3: 0.1100 ] 
2024-04-02 00:50:13,695 - [Epoch  11 / 1000] rec_loss: 3.8387 cl_loss: 0.0000 
2024-04-02 00:50:14,031 - Epoch  11 Test set [precision@1: 0.0200 precision@2: 0.0300 precision@3: 0.0400 ] Test set [recall@1: 0.0200 recall@2: 0.0500 recall@3: 0.1200 ] Test set [f1score@1: 0.0200 f1score@2: 0.0300 f1score@3: 0.0600 ] Test set [accuracy@1: 0.0200 accuracy@2: 0.0500 accuracy@3: 0.1200 ] 
2024-04-02 00:50:14,899 - [Epoch  12 / 1000] rec_loss: 3.6236 cl_loss: 0.0000 
2024-04-02 00:50:15,263 - Epoch  12 Test set [precision@1: 0.0200 precision@2: 0.0200 precision@3: 0.0500 ] Test set [recall@1: 0.0200 recall@2: 0.0400 recall@3: 0.1600 ] Test set [f1score@1: 0.0200 f1score@2: 0.0300 f1score@3: 0.0800 ] Test set [accuracy@1: 0.0200 accuracy@2: 0.0400 accuracy@3: 0.1600 ] 
2024-04-02 00:50:16,126 - [Epoch  13 / 1000] rec_loss: 3.8247 cl_loss: 0.0000 
2024-04-02 00:50:16,481 - Epoch  13 Test set [precision@1: 0.0400 precision@2: 0.0400 precision@3: 0.0600 ] Test set [recall@1: 0.0400 recall@2: 0.0800 recall@3: 0.1700 ] Test set [f1score@1: 0.0400 f1score@2: 0.0500 f1score@3: 0.0900 ] Test set [accuracy@1: 0.0400 accuracy@2: 0.0800 accuracy@3: 0.1700 ] 
2024-04-02 00:50:17,267 - [Epoch  14 / 1000] rec_loss: 3.9458 cl_loss: 0.0000 
2024-04-02 00:50:17,610 - Epoch  14 Test set [precision@1: 0.0400 precision@2: 0.0400 precision@3: 0.0500 ] Test set [recall@1: 0.0400 recall@2: 0.0700 recall@3: 0.1600 ] Test set [f1score@1: 0.0400 f1score@2: 0.0500 f1score@3: 0.0800 ] Test set [accuracy@1: 0.0400 accuracy@2: 0.0700 accuracy@3: 0.1600 ] 
2024-04-02 00:50:18,380 - [Epoch  15 / 1000] rec_loss: 3.5487 cl_loss: 0.0000 
2024-04-02 00:50:18,691 - Epoch  15 Test set [precision@1: 0.0500 precision@2: 0.0400 precision@3: 0.0700 ] Test set [recall@1: 0.0500 recall@2: 0.0800 recall@3: 0.2200 ] Test set [f1score@1: 0.0500 f1score@2: 0.0500 f1score@3: 0.1100 ] Test set [accuracy@1: 0.0500 accuracy@2: 0.0800 accuracy@3: 0.2200 ] 
2024-04-02 00:50:19,410 - [Epoch  16 / 1000] rec_loss: 3.5855 cl_loss: 0.0000 
2024-04-02 00:50:19,719 - Epoch  16 Test set [precision@1: 0.0700 precision@2: 0.0600 precision@3: 0.0800 ] Test set [recall@1: 0.0700 recall@2: 0.1200 recall@3: 0.2300 ] Test set [f1score@1: 0.0700 f1score@2: 0.0800 f1score@3: 0.1200 ] Test set [accuracy@1: 0.0700 accuracy@2: 0.1200 accuracy@3: 0.2300 ] 
2024-04-02 00:50:20,559 - [Epoch  17 / 1000] rec_loss: 3.6314 cl_loss: 0.0000 
2024-04-02 00:50:20,927 - Epoch  17 Test set [precision@1: 0.1000 precision@2: 0.0900 precision@3: 0.0800 ] Test set [recall@1: 0.1000 recall@2: 0.1700 recall@3: 0.2500 ] Test set [f1score@1: 0.1000 f1score@2: 0.1100 f1score@3: 0.1200 ] Test set [accuracy@1: 0.1000 accuracy@2: 0.1700 accuracy@3: 0.2500 ] 
2024-04-02 00:50:21,779 - [Epoch  18 / 1000] rec_loss: 3.3665 cl_loss: 0.0000 
2024-04-02 00:50:22,109 - Epoch  18 Test set [precision@1: 0.1200 precision@2: 0.1000 precision@3: 0.0900 ] Test set [recall@1: 0.1200 recall@2: 0.2100 recall@3: 0.2800 ] Test set [f1score@1: 0.1200 f1score@2: 0.1400 f1score@3: 0.1400 ] Test set [accuracy@1: 0.1200 accuracy@2: 0.2100 accuracy@3: 0.2800 ] 
2024-04-02 00:50:22,888 - [Epoch  19 / 1000] rec_loss: 3.2948 cl_loss: 0.0000 
2024-04-02 00:50:23,217 - Epoch  19 Test set [precision@1: 0.1300 precision@2: 0.1100 precision@3: 0.1100 ] Test set [recall@1: 0.1300 recall@2: 0.2200 recall@3: 0.3200 ] Test set [f1score@1: 0.1300 f1score@2: 0.1500 f1score@3: 0.1600 ] Test set [accuracy@1: 0.1300 accuracy@2: 0.2200 accuracy@3: 0.3200 ] 
2024-04-02 00:50:23,996 - [Epoch  20 / 1000] rec_loss: 3.4633 cl_loss: 0.0000 
2024-04-02 00:50:24,317 - Epoch  20 Test set [precision@1: 0.1300 precision@2: 0.1500 precision@3: 0.1200 ] Test set [recall@1: 0.1300 recall@2: 0.3000 recall@3: 0.3700 ] Test set [f1score@1: 0.1300 f1score@2: 0.2000 f1score@3: 0.1900 ] Test set [accuracy@1: 0.1300 accuracy@2: 0.3000 accuracy@3: 0.3700 ] 
2024-04-02 00:50:25,109 - [Epoch  21 / 1000] rec_loss: 3.3688 cl_loss: 0.0000 
2024-04-02 00:50:25,469 - Epoch  21 Test set [precision@1: 0.1400 precision@2: 0.1600 precision@3: 0.1300 ] Test set [recall@1: 0.1400 recall@2: 0.3200 recall@3: 0.4000 ] Test set [f1score@1: 0.1400 f1score@2: 0.2100 f1score@3: 0.2000 ] Test set [accuracy@1: 0.1400 accuracy@2: 0.3200 accuracy@3: 0.4000 ] 
2024-04-02 00:50:26,309 - [Epoch  22 / 1000] rec_loss: 3.5059 cl_loss: 0.0000 
2024-04-02 00:50:26,640 - Epoch  22 Test set [precision@1: 0.1200 precision@2: 0.1400 precision@3: 0.1400 ] Test set [recall@1: 0.1200 recall@2: 0.2900 recall@3: 0.4300 ] Test set [f1score@1: 0.1200 f1score@2: 0.1900 f1score@3: 0.2200 ] Test set [accuracy@1: 0.1200 accuracy@2: 0.2900 accuracy@3: 0.4300 ] 
2024-04-02 00:50:27,410 - [Epoch  23 / 1000] rec_loss: 3.1419 cl_loss: 0.0000 
2024-04-02 00:50:27,743 - Epoch  23 Test set [precision@1: 0.1500 precision@2: 0.1600 precision@3: 0.1500 ] Test set [recall@1: 0.1500 recall@2: 0.3200 recall@3: 0.4500 ] Test set [f1score@1: 0.1500 f1score@2: 0.2100 f1score@3: 0.2200 ] Test set [accuracy@1: 0.1500 accuracy@2: 0.3200 accuracy@3: 0.4500 ] 
2024-04-02 00:50:28,589 - [Epoch  24 / 1000] rec_loss: 3.1584 cl_loss: 0.0000 
2024-04-02 00:50:28,931 - Epoch  24 Test set [precision@1: 0.1500 precision@2: 0.1700 precision@3: 0.1500 ] Test set [recall@1: 0.1500 recall@2: 0.3500 recall@3: 0.4500 ] Test set [f1score@1: 0.1500 f1score@2: 0.2300 f1score@3: 0.2200 ] Test set [accuracy@1: 0.1500 accuracy@2: 0.3500 accuracy@3: 0.4500 ] 
2024-04-02 00:50:29,706 - [Epoch  25 / 1000] rec_loss: 3.0305 cl_loss: 0.0000 
2024-04-02 00:50:30,035 - Epoch  25 Test set [precision@1: 0.1800 precision@2: 0.1700 precision@3: 0.1600 ] Test set [recall@1: 0.1800 recall@2: 0.3500 recall@3: 0.4700 ] Test set [f1score@1: 0.1800 f1score@2: 0.2300 f1score@3: 0.2300 ] Test set [accuracy@1: 0.1800 accuracy@2: 0.3500 accuracy@3: 0.4700 ] 
2024-04-02 00:50:30,793 - [Epoch  26 / 1000] rec_loss: 2.9161 cl_loss: 0.0000 
2024-04-02 00:50:31,144 - Epoch  26 Test set [precision@1: 0.2000 precision@2: 0.1700 precision@3: 0.1700 ] Test set [recall@1: 0.2000 recall@2: 0.3400 recall@3: 0.5100 ] Test set [f1score@1: 0.2000 f1score@2: 0.2300 f1score@3: 0.2500 ] Test set [accuracy@1: 0.2000 accuracy@2: 0.3400 accuracy@3: 0.5100 ] 
2024-04-02 00:50:31,926 - [Epoch  27 / 1000] rec_loss: 2.5803 cl_loss: 0.0000 
2024-04-02 00:50:32,257 - Epoch  27 Test set [precision@1: 0.2200 precision@2: 0.1900 precision@3: 0.1700 ] Test set [recall@1: 0.2200 recall@2: 0.3700 recall@3: 0.5100 ] Test set [f1score@1: 0.2200 f1score@2: 0.2500 f1score@3: 0.2500 ] Test set [accuracy@1: 0.2200 accuracy@2: 0.3700 accuracy@3: 0.5100 ] 
2024-04-02 00:50:33,008 - [Epoch  28 / 1000] rec_loss: 2.9798 cl_loss: 0.0000 
2024-04-02 00:50:33,378 - Epoch  28 Test set [precision@1: 0.2300 precision@2: 0.2000 precision@3: 0.1700 ] Test set [recall@1: 0.2300 recall@2: 0.4100 recall@3: 0.5200 ] Test set [f1score@1: 0.2300 f1score@2: 0.2700 f1score@3: 0.2600 ] Test set [accuracy@1: 0.2300 accuracy@2: 0.4100 accuracy@3: 0.5200 ] 
2024-04-02 00:50:34,181 - [Epoch  29 / 1000] rec_loss: 2.8569 cl_loss: 0.0000 
2024-04-02 00:50:34,566 - Epoch  29 Test set [precision@1: 0.2800 precision@2: 0.2100 precision@3: 0.1800 ] Test set [recall@1: 0.2800 recall@2: 0.4200 recall@3: 0.5300 ] Test set [f1score@1: 0.2800 f1score@2: 0.2800 f1score@3: 0.2600 ] Test set [accuracy@1: 0.2800 accuracy@2: 0.4200 accuracy@3: 0.5300 ] 
2024-04-02 00:50:35,359 - [Epoch  30 / 1000] rec_loss: 2.9491 cl_loss: 0.0000 
2024-04-02 00:50:35,702 - Epoch  30 Test set [precision@1: 0.2700 precision@2: 0.2100 precision@3: 0.1700 ] Test set [recall@1: 0.2700 recall@2: 0.4200 recall@3: 0.5200 ] Test set [f1score@1: 0.2700 f1score@2: 0.2800 f1score@3: 0.2600 ] Test set [accuracy@1: 0.2700 accuracy@2: 0.4200 accuracy@3: 0.5200 ] 
2024-04-02 00:50:36,536 - [Epoch  31 / 1000] rec_loss: 2.7779 cl_loss: 0.0000 
2024-04-02 00:50:36,929 - Epoch  31 Test set [precision@1: 0.2800 precision@2: 0.2200 precision@3: 0.1900 ] Test set [recall@1: 0.2800 recall@2: 0.4400 recall@3: 0.5800 ] Test set [f1score@1: 0.2800 f1score@2: 0.2900 f1score@3: 0.2900 ] Test set [accuracy@1: 0.2800 accuracy@2: 0.4400 accuracy@3: 0.5800 ] 
2024-04-02 00:50:37,736 - [Epoch  32 / 1000] rec_loss: 2.8510 cl_loss: 0.0000 
2024-04-02 00:50:38,267 - Epoch  32 Test set [precision@1: 0.2900 precision@2: 0.2100 precision@3: 0.2000 ] Test set [recall@1: 0.2900 recall@2: 0.4200 recall@3: 0.5900 ] Test set [f1score@1: 0.2900 f1score@2: 0.2800 f1score@3: 0.2900 ] Test set [accuracy@1: 0.2900 accuracy@2: 0.4200 accuracy@3: 0.5900 ] 
2024-04-02 00:50:39,142 - [Epoch  33 / 1000] rec_loss: 2.8629 cl_loss: 0.0000 
2024-04-02 00:50:39,488 - Epoch  33 Test set [precision@1: 0.3300 precision@2: 0.2400 precision@3: 0.2000 ] Test set [recall@1: 0.3300 recall@2: 0.4800 recall@3: 0.6100 ] Test set [f1score@1: 0.3300 f1score@2: 0.3200 f1score@3: 0.3100 ] Test set [accuracy@1: 0.3300 accuracy@2: 0.4800 accuracy@3: 0.6100 ] 
2024-04-02 00:50:40,281 - [Epoch  34 / 1000] rec_loss: 2.9495 cl_loss: 0.0000 
2024-04-02 00:50:40,623 - Epoch  34 Test set [precision@1: 0.3800 precision@2: 0.2500 precision@3: 0.2100 ] Test set [recall@1: 0.3800 recall@2: 0.5100 recall@3: 0.6400 ] Test set [f1score@1: 0.3800 f1score@2: 0.3400 f1score@3: 0.3200 ] Test set [accuracy@1: 0.3800 accuracy@2: 0.5100 accuracy@3: 0.6400 ] 
2024-04-02 00:50:41,388 - [Epoch  35 / 1000] rec_loss: 2.6897 cl_loss: 0.0000 
2024-04-02 00:50:41,713 - Epoch  35 Test set [precision@1: 0.3800 precision@2: 0.2500 precision@3: 0.2100 ] Test set [recall@1: 0.3800 recall@2: 0.5000 recall@3: 0.6200 ] Test set [f1score@1: 0.3800 f1score@2: 0.3300 f1score@3: 0.3100 ] Test set [accuracy@1: 0.3800 accuracy@2: 0.5000 accuracy@3: 0.6200 ] 
2024-04-02 00:50:42,553 - [Epoch  36 / 1000] rec_loss: 2.8009 cl_loss: 0.0000 
2024-04-02 00:50:42,923 - Epoch  36 Test set [precision@1: 0.3800 precision@2: 0.2500 precision@3: 0.2000 ] Test set [recall@1: 0.3800 recall@2: 0.5100 recall@3: 0.6100 ] Test set [f1score@1: 0.3800 f1score@2: 0.3400 f1score@3: 0.3100 ] Test set [accuracy@1: 0.3800 accuracy@2: 0.5100 accuracy@3: 0.6100 ] 
