2024-04-02 10:34:42,039 - {'optimizer': {'name': 'adam', 'lr': 0.001, 'final_lr': 1e-06, 'weight_decay': 0}, 'train': {'model_test_run': True, 'weighted_loss_fn': True, 'epoch': 1000, 'batch_size': 64, 'save_model': True, 'log_loss': True, 'test_step': 1, 'reproducible': True, 'seed': 2023, 'tensorboard': True, 'conf_mat': True, 'ssl': False, 'gradient_accumulation': False, 'accumulation_steps': 4, 'early_stop': False, 'parameter_class_weights_path': './datasets/sequential/fix/parameters/param.pkl', 'parameter_label_mapping_path': './datasets/sequential/fix/parameters/label_mapping.pkl'}, 'test': {'metrics': ['precision', 'recall', 'f1score', 'accuracy'], 'k': [1, 2, 3], 'batch_size': 64, 'train_eval': False, 'save_path': '2024-04-02_10-34'}, 'data': {'type': 'sequential', 'name': 'fix', 'seq_aug': False, 'dynamic_context_window_length': 100, 'user_num': 100, 'item_num': 23, 'max_context_length': 100, 'dynamic_context_feat_num': 14, 'static_context_feat_num': 6, 'static_context_max': [12, 6, 23, 1, 1, 1]}, 'model': {'name': 'cl4srec', 'context_encoder': 'tempcnn', 'interaction_encoder': 'sasrec', 'dropout_rate': 0.1, 'n_layers': 2, 'embedding_size': 786, 'n_heads': 2, 'max_seq_len': 10, 'lmd': 0.1, 'tau': 1, 'encoder_combine': 'concat'}, 'lstm': {'hidden_size': 64, 'num_layers': 2}, 'tune': {'enable': False, 'hyperparameters': ['dropout_rate', 'lmd', 'tau'], 'dropout_rate': [0.1, 0.2, 0.3], 'lmd': [0.05, 0.1, 0.2], 'tau': [0.5, 0.7, 0.9]}, 'device': 'cpu'}
2024-04-02 10:34:44,296 - [Epoch   0 / 1000] rec_loss: 20.4996 cl_loss: 0.0000 
2024-04-02 10:34:44,671 - Epoch   0 Test set [precision@1: 0.0300 precision@2: 0.0400 precision@3: 0.0500 ] Test set [recall@1: 0.0300 recall@2: 0.0700 recall@3: 0.1500 ] Test set [f1score@1: 0.0300 f1score@2: 0.0500 f1score@3: 0.0800 ] Test set [accuracy@1: 0.0300 accuracy@2: 0.0700 accuracy@3: 0.1500 ] 
2024-04-02 10:34:45,808 - [Epoch   1 / 1000] rec_loss: 16.8438 cl_loss: 0.0000 
2024-04-02 10:34:46,183 - Epoch   1 Test set [precision@1: 0.0300 precision@2: 0.1200 precision@3: 0.1100 ] Test set [recall@1: 0.0300 recall@2: 0.2300 recall@3: 0.3300 ] Test set [f1score@1: 0.0300 f1score@2: 0.1500 f1score@3: 0.1700 ] Test set [accuracy@1: 0.0300 accuracy@2: 0.2300 accuracy@3: 0.3300 ] 
2024-04-02 10:34:47,341 - [Epoch   2 / 1000] rec_loss: 12.6640 cl_loss: 0.0000 
2024-04-02 10:34:47,725 - Epoch   2 Test set [precision@1: 0.0400 precision@2: 0.1300 precision@3: 0.1400 ] Test set [recall@1: 0.0400 recall@2: 0.2600 recall@3: 0.4100 ] Test set [f1score@1: 0.0400 f1score@2: 0.1700 f1score@3: 0.2000 ] Test set [accuracy@1: 0.0400 accuracy@2: 0.2600 accuracy@3: 0.4100 ] 
2024-04-02 10:34:48,879 - [Epoch   3 / 1000] rec_loss: 14.5459 cl_loss: 0.0000 
2024-04-02 10:34:49,264 - Epoch   3 Test set [precision@1: 0.1200 precision@2: 0.1300 precision@3: 0.1500 ] Test set [recall@1: 0.1200 recall@2: 0.2600 recall@3: 0.4400 ] Test set [f1score@1: 0.1200 f1score@2: 0.1700 f1score@3: 0.2200 ] Test set [accuracy@1: 0.1200 accuracy@2: 0.2600 accuracy@3: 0.4400 ] 
2024-04-02 10:34:50,420 - [Epoch   4 / 1000] rec_loss: 12.8230 cl_loss: 0.0000 
2024-04-02 10:34:50,792 - Epoch   4 Test set [precision@1: 0.2300 precision@2: 0.1700 precision@3: 0.1600 ] Test set [recall@1: 0.2300 recall@2: 0.3400 recall@3: 0.4900 ] Test set [f1score@1: 0.2300 f1score@2: 0.2300 f1score@3: 0.2500 ] Test set [accuracy@1: 0.2300 accuracy@2: 0.3400 accuracy@3: 0.4900 ] 
2024-04-02 10:34:51,942 - [Epoch   5 / 1000] rec_loss: 11.8884 cl_loss: 0.0000 
2024-04-02 10:34:52,309 - Epoch   5 Test set [precision@1: 0.2800 precision@2: 0.2200 precision@3: 0.1800 ] Test set [recall@1: 0.2800 recall@2: 0.4500 recall@3: 0.5500 ] Test set [f1score@1: 0.2800 f1score@2: 0.3000 f1score@3: 0.2800 ] Test set [accuracy@1: 0.2800 accuracy@2: 0.4500 accuracy@3: 0.5500 ] 
2024-04-02 10:34:53,464 - [Epoch   6 / 1000] rec_loss: 10.6857 cl_loss: 0.0000 
2024-04-02 10:34:53,845 - Epoch   6 Test set [precision@1: 0.3900 precision@2: 0.2300 precision@3: 0.1900 ] Test set [recall@1: 0.3900 recall@2: 0.4700 recall@3: 0.5700 ] Test set [f1score@1: 0.3900 f1score@2: 0.3100 f1score@3: 0.2800 ] Test set [accuracy@1: 0.3900 accuracy@2: 0.4700 accuracy@3: 0.5700 ] 
2024-04-02 10:34:55,018 - [Epoch   7 / 1000] rec_loss: 9.6250 cl_loss: 0.0000 
2024-04-02 10:34:55,392 - Epoch   7 Test set [precision@1: 0.3600 precision@2: 0.2600 precision@3: 0.2000 ] Test set [recall@1: 0.3600 recall@2: 0.5300 recall@3: 0.6100 ] Test set [f1score@1: 0.3600 f1score@2: 0.3500 f1score@3: 0.3100 ] Test set [accuracy@1: 0.3600 accuracy@2: 0.5300 accuracy@3: 0.6100 ] 
2024-04-02 10:34:56,529 - [Epoch   8 / 1000] rec_loss: 8.7547 cl_loss: 0.0000 
2024-04-02 10:34:56,896 - Epoch   8 Test set [precision@1: 0.3600 precision@2: 0.2600 precision@3: 0.2000 ] Test set [recall@1: 0.3600 recall@2: 0.5200 recall@3: 0.6100 ] Test set [f1score@1: 0.3600 f1score@2: 0.3500 f1score@3: 0.3100 ] Test set [accuracy@1: 0.3600 accuracy@2: 0.5200 accuracy@3: 0.6100 ] 
2024-04-02 10:34:58,153 - [Epoch   9 / 1000] rec_loss: 9.2450 cl_loss: 0.0000 
2024-04-02 10:34:58,582 - Epoch   9 Test set [precision@1: 0.3800 precision@2: 0.2300 precision@3: 0.2200 ] Test set [recall@1: 0.3800 recall@2: 0.4700 recall@3: 0.6500 ] Test set [f1score@1: 0.3800 f1score@2: 0.3100 f1score@3: 0.3200 ] Test set [accuracy@1: 0.3800 accuracy@2: 0.4700 accuracy@3: 0.6500 ] 
2024-04-02 10:34:59,738 - [Epoch  10 / 1000] rec_loss: 6.5055 cl_loss: 0.0000 
2024-04-02 10:35:00,118 - Epoch  10 Test set [precision@1: 0.3900 precision@2: 0.2600 precision@3: 0.2000 ] Test set [recall@1: 0.3900 recall@2: 0.5200 recall@3: 0.6100 ] Test set [f1score@1: 0.3900 f1score@2: 0.3500 f1score@3: 0.3100 ] Test set [accuracy@1: 0.3900 accuracy@2: 0.5200 accuracy@3: 0.6100 ] 
2024-04-02 10:35:01,276 - [Epoch  11 / 1000] rec_loss: 7.8268 cl_loss: 0.0000 
2024-04-02 10:35:01,657 - Epoch  11 Test set [precision@1: 0.3700 precision@2: 0.2500 precision@3: 0.2000 ] Test set [recall@1: 0.3700 recall@2: 0.5000 recall@3: 0.5900 ] Test set [f1score@1: 0.3700 f1score@2: 0.3300 f1score@3: 0.2900 ] Test set [accuracy@1: 0.3700 accuracy@2: 0.5000 accuracy@3: 0.5900 ] 
2024-04-02 10:35:02,841 - [Epoch  12 / 1000] rec_loss: 6.5225 cl_loss: 0.0000 
2024-04-02 10:35:03,220 - Epoch  12 Test set [precision@1: 0.3200 precision@2: 0.2300 precision@3: 0.2000 ] Test set [recall@1: 0.3200 recall@2: 0.4700 recall@3: 0.6100 ] Test set [f1score@1: 0.3200 f1score@2: 0.3100 f1score@3: 0.3100 ] Test set [accuracy@1: 0.3200 accuracy@2: 0.4700 accuracy@3: 0.6100 ] 
2024-04-02 10:35:04,361 - [Epoch  13 / 1000] rec_loss: 5.2969 cl_loss: 0.0000 
2024-04-02 10:35:04,740 - Epoch  13 Test set [precision@1: 0.2300 precision@2: 0.2000 precision@3: 0.1800 ] Test set [recall@1: 0.2300 recall@2: 0.4100 recall@3: 0.5400 ] Test set [f1score@1: 0.2300 f1score@2: 0.2700 f1score@3: 0.2700 ] Test set [accuracy@1: 0.2300 accuracy@2: 0.4100 accuracy@3: 0.5400 ] 
2024-04-02 10:35:05,888 - [Epoch  14 / 1000] rec_loss: 5.1027 cl_loss: 0.0000 
2024-04-02 10:35:06,262 - Epoch  14 Test set [precision@1: 0.2800 precision@2: 0.2200 precision@3: 0.2000 ] Test set [recall@1: 0.2800 recall@2: 0.4300 recall@3: 0.6000 ] Test set [f1score@1: 0.2800 f1score@2: 0.2900 f1score@3: 0.3000 ] Test set [accuracy@1: 0.2800 accuracy@2: 0.4300 accuracy@3: 0.6000 ] 
2024-04-02 10:35:07,465 - [Epoch  15 / 1000] rec_loss: 5.8584 cl_loss: 0.0000 
2024-04-02 10:35:07,855 - Epoch  15 Test set [precision@1: 0.2900 precision@2: 0.2300 precision@3: 0.2100 ] Test set [recall@1: 0.2900 recall@2: 0.4700 recall@3: 0.6300 ] Test set [f1score@1: 0.2900 f1score@2: 0.3100 f1score@3: 0.3100 ] Test set [accuracy@1: 0.2900 accuracy@2: 0.4700 accuracy@3: 0.6300 ] 
2024-04-02 10:35:09,020 - [Epoch  16 / 1000] rec_loss: 5.8223 cl_loss: 0.0000 
2024-04-02 10:35:09,416 - Epoch  16 Test set [precision@1: 0.1500 precision@2: 0.2000 precision@3: 0.1800 ] Test set [recall@1: 0.1500 recall@2: 0.4000 recall@3: 0.5300 ] Test set [f1score@1: 0.1500 f1score@2: 0.2700 f1score@3: 0.2600 ] Test set [accuracy@1: 0.1500 accuracy@2: 0.4000 accuracy@3: 0.5300 ] 
2024-04-02 10:35:10,613 - [Epoch  17 / 1000] rec_loss: 5.5355 cl_loss: 0.0000 
2024-04-02 10:35:10,984 - Epoch  17 Test set [precision@1: 0.1200 precision@2: 0.1400 precision@3: 0.1500 ] Test set [recall@1: 0.1200 recall@2: 0.2900 recall@3: 0.4600 ] Test set [f1score@1: 0.1200 f1score@2: 0.1900 f1score@3: 0.2300 ] Test set [accuracy@1: 0.1200 accuracy@2: 0.2900 accuracy@3: 0.4600 ] 
2024-04-02 10:35:12,109 - [Epoch  18 / 1000] rec_loss: 4.6512 cl_loss: 0.0000 
2024-04-02 10:35:12,484 - Epoch  18 Test set [precision@1: 0.1400 precision@2: 0.1500 precision@3: 0.1400 ] Test set [recall@1: 0.1400 recall@2: 0.3000 recall@3: 0.4200 ] Test set [f1score@1: 0.1400 f1score@2: 0.2000 f1score@3: 0.2100 ] Test set [accuracy@1: 0.1400 accuracy@2: 0.3000 accuracy@3: 0.4200 ] 
2024-04-02 10:35:13,662 - [Epoch  19 / 1000] rec_loss: 5.4730 cl_loss: 0.0000 
2024-04-02 10:35:14,043 - Epoch  19 Test set [precision@1: 0.1500 precision@2: 0.1700 precision@3: 0.1400 ] Test set [recall@1: 0.1500 recall@2: 0.3400 recall@3: 0.4300 ] Test set [f1score@1: 0.1500 f1score@2: 0.2300 f1score@3: 0.2200 ] Test set [accuracy@1: 0.1500 accuracy@2: 0.3400 accuracy@3: 0.4300 ] 
2024-04-02 10:35:15,284 - [Epoch  20 / 1000] rec_loss: 4.6575 cl_loss: 0.0000 
2024-04-02 10:35:15,674 - Epoch  20 Test set [precision@1: 0.2200 precision@2: 0.1800 precision@3: 0.1500 ] Test set [recall@1: 0.2200 recall@2: 0.3600 recall@3: 0.4600 ] Test set [f1score@1: 0.2200 f1score@2: 0.2400 f1score@3: 0.2300 ] Test set [accuracy@1: 0.2200 accuracy@2: 0.3600 accuracy@3: 0.4600 ] 
2024-04-02 10:35:16,866 - [Epoch  21 / 1000] rec_loss: 4.5643 cl_loss: 0.0000 
2024-04-02 10:35:17,256 - Epoch  21 Test set [precision@1: 0.2200 precision@2: 0.1700 precision@3: 0.1700 ] Test set [recall@1: 0.2200 recall@2: 0.3300 recall@3: 0.5000 ] Test set [f1score@1: 0.2200 f1score@2: 0.2200 f1score@3: 0.2500 ] Test set [accuracy@1: 0.2200 accuracy@2: 0.3300 accuracy@3: 0.5000 ] 
2024-04-02 10:35:18,511 - [Epoch  22 / 1000] rec_loss: 4.7672 cl_loss: 0.0000 
2024-04-02 10:35:18,892 - Epoch  22 Test set [precision@1: 0.2200 precision@2: 0.1700 precision@3: 0.1600 ] Test set [recall@1: 0.2200 recall@2: 0.3300 recall@3: 0.4800 ] Test set [f1score@1: 0.2200 f1score@2: 0.2200 f1score@3: 0.2400 ] Test set [accuracy@1: 0.2200 accuracy@2: 0.3300 accuracy@3: 0.4800 ] 
2024-04-02 10:35:20,153 - [Epoch  23 / 1000] rec_loss: 3.8348 cl_loss: 0.0000 
2024-04-02 10:35:20,564 - Epoch  23 Test set [precision@1: 0.2200 precision@2: 0.1700 precision@3: 0.1700 ] Test set [recall@1: 0.2200 recall@2: 0.3500 recall@3: 0.5100 ] Test set [f1score@1: 0.2200 f1score@2: 0.2300 f1score@3: 0.2500 ] Test set [accuracy@1: 0.2200 accuracy@2: 0.3500 accuracy@3: 0.5100 ] 
2024-04-02 10:35:21,880 - [Epoch  24 / 1000] rec_loss: 4.6012 cl_loss: 0.0000 
2024-04-02 10:35:22,292 - Epoch  24 Test set [precision@1: 0.2900 precision@2: 0.2200 precision@3: 0.1900 ] Test set [recall@1: 0.2900 recall@2: 0.4500 recall@3: 0.5700 ] Test set [f1score@1: 0.2900 f1score@2: 0.3000 f1score@3: 0.2800 ] Test set [accuracy@1: 0.2900 accuracy@2: 0.4500 accuracy@3: 0.5700 ] 
2024-04-02 10:35:23,858 - [Epoch  25 / 1000] rec_loss: 3.8501 cl_loss: 0.0000 
2024-04-02 10:35:24,351 - Epoch  25 Test set [precision@1: 0.3700 precision@2: 0.2500 precision@3: 0.2000 ] Test set [recall@1: 0.3700 recall@2: 0.4900 recall@3: 0.6000 ] Test set [f1score@1: 0.3700 f1score@2: 0.3300 f1score@3: 0.3000 ] Test set [accuracy@1: 0.3700 accuracy@2: 0.4900 accuracy@3: 0.6000 ] 
2024-04-02 10:35:25,660 - [Epoch  26 / 1000] rec_loss: 4.1809 cl_loss: 0.0000 
2024-04-02 10:35:26,073 - Epoch  26 Test set [precision@1: 0.3600 precision@2: 0.2500 precision@3: 0.2000 ] Test set [recall@1: 0.3600 recall@2: 0.4900 recall@3: 0.6000 ] Test set [f1score@1: 0.3600 f1score@2: 0.3300 f1score@3: 0.3000 ] Test set [accuracy@1: 0.3600 accuracy@2: 0.4900 accuracy@3: 0.6000 ] 
2024-04-02 10:35:27,384 - [Epoch  27 / 1000] rec_loss: 3.4515 cl_loss: 0.0000 
2024-04-02 10:35:27,837 - Epoch  27 Test set [precision@1: 0.3500 precision@2: 0.2500 precision@3: 0.2100 ] Test set [recall@1: 0.3500 recall@2: 0.4900 recall@3: 0.6200 ] Test set [f1score@1: 0.3500 f1score@2: 0.3300 f1score@3: 0.3100 ] Test set [accuracy@1: 0.3500 accuracy@2: 0.4900 accuracy@3: 0.6200 ] 
2024-04-02 10:35:29,141 - [Epoch  28 / 1000] rec_loss: 3.4388 cl_loss: 0.0000 
2024-04-02 10:35:29,540 - Epoch  28 Test set [precision@1: 0.3100 precision@2: 0.2400 precision@3: 0.2200 ] Test set [recall@1: 0.3100 recall@2: 0.4800 recall@3: 0.6600 ] Test set [f1score@1: 0.3100 f1score@2: 0.3200 f1score@3: 0.3300 ] Test set [accuracy@1: 0.3100 accuracy@2: 0.4800 accuracy@3: 0.6600 ] 
2024-04-02 10:35:30,852 - [Epoch  29 / 1000] rec_loss: 3.3912 cl_loss: 0.0000 
2024-04-02 10:35:31,267 - Epoch  29 Test set [precision@1: 0.3100 precision@2: 0.2300 precision@3: 0.2100 ] Test set [recall@1: 0.3100 recall@2: 0.4600 recall@3: 0.6200 ] Test set [f1score@1: 0.3100 f1score@2: 0.3100 f1score@3: 0.3100 ] Test set [accuracy@1: 0.3100 accuracy@2: 0.4600 accuracy@3: 0.6200 ] 
2024-04-02 10:35:32,554 - [Epoch  30 / 1000] rec_loss: 3.5581 cl_loss: 0.0000 
2024-04-02 10:35:32,999 - Epoch  30 Test set [precision@1: 0.2500 precision@2: 0.2200 precision@3: 0.2000 ] Test set [recall@1: 0.2500 recall@2: 0.4400 recall@3: 0.6000 ] Test set [f1score@1: 0.2500 f1score@2: 0.2900 f1score@3: 0.3000 ] Test set [accuracy@1: 0.2500 accuracy@2: 0.4400 accuracy@3: 0.6000 ] 
2024-04-02 10:35:34,316 - [Epoch  31 / 1000] rec_loss: 2.9567 cl_loss: 0.0000 
2024-04-02 10:35:34,717 - Epoch  31 Test set [precision@1: 0.2900 precision@2: 0.2300 precision@3: 0.2100 ] Test set [recall@1: 0.2900 recall@2: 0.4700 recall@3: 0.6300 ] Test set [f1score@1: 0.2900 f1score@2: 0.3100 f1score@3: 0.3100 ] Test set [accuracy@1: 0.2900 accuracy@2: 0.4700 accuracy@3: 0.6300 ] 
2024-04-02 10:35:35,992 - [Epoch  32 / 1000] rec_loss: 3.0013 cl_loss: 0.0000 
2024-04-02 10:35:36,383 - Epoch  32 Test set [precision@1: 0.3100 precision@2: 0.2600 precision@3: 0.2000 ] Test set [recall@1: 0.3100 recall@2: 0.5200 recall@3: 0.6000 ] Test set [f1score@1: 0.3100 f1score@2: 0.3500 f1score@3: 0.3000 ] Test set [accuracy@1: 0.3100 accuracy@2: 0.5200 accuracy@3: 0.6000 ] 
2024-04-02 10:35:37,652 - [Epoch  33 / 1000] rec_loss: 3.7511 cl_loss: 0.0000 
2024-04-02 10:35:38,075 - Epoch  33 Test set [precision@1: 0.2600 precision@2: 0.2400 precision@3: 0.2200 ] Test set [recall@1: 0.2600 recall@2: 0.4800 recall@3: 0.6600 ] Test set [f1score@1: 0.2600 f1score@2: 0.3200 f1score@3: 0.3300 ] Test set [accuracy@1: 0.2600 accuracy@2: 0.4800 accuracy@3: 0.6600 ] 
2024-04-02 10:35:39,337 - [Epoch  34 / 1000] rec_loss: 3.4876 cl_loss: 0.0000 
2024-04-02 10:35:39,717 - Epoch  34 Test set [precision@1: 0.2100 precision@2: 0.2300 precision@3: 0.2200 ] Test set [recall@1: 0.2100 recall@2: 0.4600 recall@3: 0.6500 ] Test set [f1score@1: 0.2100 f1score@2: 0.3100 f1score@3: 0.3200 ] Test set [accuracy@1: 0.2100 accuracy@2: 0.4600 accuracy@3: 0.6500 ] 
2024-04-02 10:35:40,950 - [Epoch  35 / 1000] rec_loss: 3.7044 cl_loss: 0.0000 
2024-04-02 10:35:41,348 - Epoch  35 Test set [precision@1: 0.1800 precision@2: 0.2200 precision@3: 0.2000 ] Test set [recall@1: 0.1800 recall@2: 0.4400 recall@3: 0.6100 ] Test set [f1score@1: 0.1800 f1score@2: 0.2900 f1score@3: 0.3100 ] Test set [accuracy@1: 0.1800 accuracy@2: 0.4400 accuracy@3: 0.6100 ] 
2024-04-02 10:35:42,633 - [Epoch  36 / 1000] rec_loss: 2.9827 cl_loss: 0.0000 
2024-04-02 10:35:43,040 - Epoch  36 Test set [precision@1: 0.2100 precision@2: 0.2000 precision@3: 0.1700 ] Test set [recall@1: 0.2100 recall@2: 0.4100 recall@3: 0.5100 ] Test set [f1score@1: 0.2100 f1score@2: 0.2700 f1score@3: 0.2500 ] Test set [accuracy@1: 0.2100 accuracy@2: 0.4100 accuracy@3: 0.5100 ] 
2024-04-02 10:35:44,336 - [Epoch  37 / 1000] rec_loss: 3.2232 cl_loss: 0.0000 
2024-04-02 10:35:44,723 - Epoch  37 Test set [precision@1: 0.1700 precision@2: 0.2200 precision@3: 0.1800 ] Test set [recall@1: 0.1700 recall@2: 0.4500 recall@3: 0.5400 ] Test set [f1score@1: 0.1700 f1score@2: 0.3000 f1score@3: 0.2700 ] Test set [accuracy@1: 0.1700 accuracy@2: 0.4500 accuracy@3: 0.5400 ] 
2024-04-02 10:35:45,918 - [Epoch  38 / 1000] rec_loss: 3.1067 cl_loss: 0.0000 
2024-04-02 10:35:46,307 - Epoch  38 Test set [precision@1: 0.2100 precision@2: 0.2300 precision@3: 0.1900 ] Test set [recall@1: 0.2100 recall@2: 0.4700 recall@3: 0.5800 ] Test set [f1score@1: 0.2100 f1score@2: 0.3100 f1score@3: 0.2900 ] Test set [accuracy@1: 0.2100 accuracy@2: 0.4700 accuracy@3: 0.5800 ] 
2024-04-02 10:35:47,508 - [Epoch  39 / 1000] rec_loss: 2.6156 cl_loss: 0.0000 
2024-04-02 10:35:47,899 - Epoch  39 Test set [precision@1: 0.2500 precision@2: 0.2300 precision@3: 0.1900 ] Test set [recall@1: 0.2500 recall@2: 0.4700 recall@3: 0.5600 ] Test set [f1score@1: 0.2500 f1score@2: 0.3100 f1score@3: 0.2800 ] Test set [accuracy@1: 0.2500 accuracy@2: 0.4700 accuracy@3: 0.5600 ] 
2024-04-02 10:35:49,162 - [Epoch  40 / 1000] rec_loss: 2.8158 cl_loss: 0.0000 
2024-04-02 10:35:49,601 - Epoch  40 Test set [precision@1: 0.2300 precision@2: 0.2100 precision@3: 0.1900 ] Test set [recall@1: 0.2300 recall@2: 0.4200 recall@3: 0.5700 ] Test set [f1score@1: 0.2300 f1score@2: 0.2800 f1score@3: 0.2800 ] Test set [accuracy@1: 0.2300 accuracy@2: 0.4200 accuracy@3: 0.5700 ] 
2024-04-02 10:35:50,941 - [Epoch  41 / 1000] rec_loss: 3.0174 cl_loss: 0.0000 
2024-04-02 10:35:51,496 - Epoch  41 Test set [precision@1: 0.2200 precision@2: 0.1700 precision@3: 0.1800 ] Test set [recall@1: 0.2200 recall@2: 0.3400 recall@3: 0.5500 ] Test set [f1score@1: 0.2200 f1score@2: 0.2300 f1score@3: 0.2800 ] Test set [accuracy@1: 0.2200 accuracy@2: 0.3400 accuracy@3: 0.5500 ] 
2024-04-02 10:35:53,348 - [Epoch  42 / 1000] rec_loss: 2.9786 cl_loss: 0.0000 
2024-04-02 10:35:53,845 - Epoch  42 Test set [precision@1: 0.2500 precision@2: 0.1800 precision@3: 0.1800 ] Test set [recall@1: 0.2500 recall@2: 0.3600 recall@3: 0.5500 ] Test set [f1score@1: 0.2500 f1score@2: 0.2400 f1score@3: 0.2800 ] Test set [accuracy@1: 0.2500 accuracy@2: 0.3600 accuracy@3: 0.5500 ] 
2024-04-02 10:35:55,404 - [Epoch  43 / 1000] rec_loss: 2.4855 cl_loss: 0.0000 
2024-04-02 10:35:55,929 - Epoch  43 Test set [precision@1: 0.2800 precision@2: 0.1900 precision@3: 0.2000 ] Test set [recall@1: 0.2800 recall@2: 0.3800 recall@3: 0.6000 ] Test set [f1score@1: 0.2800 f1score@2: 0.2500 f1score@3: 0.3000 ] Test set [accuracy@1: 0.2800 accuracy@2: 0.3800 accuracy@3: 0.6000 ] 
2024-04-02 10:35:57,285 - [Epoch  44 / 1000] rec_loss: 3.1087 cl_loss: 0.0000 
2024-04-02 10:35:57,763 - Epoch  44 Test set [precision@1: 0.3300 precision@2: 0.2300 precision@3: 0.2100 ] Test set [recall@1: 0.3300 recall@2: 0.4600 recall@3: 0.6200 ] Test set [f1score@1: 0.3300 f1score@2: 0.3100 f1score@3: 0.3100 ] Test set [accuracy@1: 0.3300 accuracy@2: 0.4600 accuracy@3: 0.6200 ] 
2024-04-02 10:35:59,055 - [Epoch  45 / 1000] rec_loss: 3.1589 cl_loss: 0.0000 
2024-04-02 10:35:59,483 - Epoch  45 Test set [precision@1: 0.3600 precision@2: 0.2300 precision@3: 0.1900 ] Test set [recall@1: 0.3600 recall@2: 0.4600 recall@3: 0.5800 ] Test set [f1score@1: 0.3600 f1score@2: 0.3100 f1score@3: 0.2900 ] Test set [accuracy@1: 0.3600 accuracy@2: 0.4600 accuracy@3: 0.5800 ] 
2024-04-02 10:36:00,825 - [Epoch  46 / 1000] rec_loss: 2.8373 cl_loss: 0.0000 
2024-04-02 10:36:01,236 - Epoch  46 Test set [precision@1: 0.3700 precision@2: 0.2200 precision@3: 0.1900 ] Test set [recall@1: 0.3700 recall@2: 0.4500 recall@3: 0.5800 ] Test set [f1score@1: 0.3700 f1score@2: 0.3000 f1score@3: 0.2900 ] Test set [accuracy@1: 0.3700 accuracy@2: 0.4500 accuracy@3: 0.5800 ] 
2024-04-02 10:36:02,820 - [Epoch  47 / 1000] rec_loss: 2.3898 cl_loss: 0.0000 
2024-04-02 10:36:03,262 - Epoch  47 Test set [precision@1: 0.3500 precision@2: 0.2300 precision@3: 0.2100 ] Test set [recall@1: 0.3500 recall@2: 0.4600 recall@3: 0.6200 ] Test set [f1score@1: 0.3500 f1score@2: 0.3100 f1score@3: 0.3100 ] Test set [accuracy@1: 0.3500 accuracy@2: 0.4600 accuracy@3: 0.6200 ] 
2024-04-02 10:36:04,715 - [Epoch  48 / 1000] rec_loss: 2.4632 cl_loss: 0.0000 
2024-04-02 10:36:05,142 - Epoch  48 Test set [precision@1: 0.3500 precision@2: 0.2300 precision@3: 0.2100 ] Test set [recall@1: 0.3500 recall@2: 0.4700 recall@3: 0.6200 ] Test set [f1score@1: 0.3500 f1score@2: 0.3100 f1score@3: 0.3100 ] Test set [accuracy@1: 0.3500 accuracy@2: 0.4700 accuracy@3: 0.6200 ] 
2024-04-02 10:36:06,855 - [Epoch  49 / 1000] rec_loss: 3.0059 cl_loss: 0.0000 
2024-04-02 10:36:07,304 - Epoch  49 Test set [precision@1: 0.3100 precision@2: 0.2300 precision@3: 0.1900 ] Test set [recall@1: 0.3100 recall@2: 0.4700 recall@3: 0.5800 ] Test set [f1score@1: 0.3100 f1score@2: 0.3100 f1score@3: 0.2900 ] Test set [accuracy@1: 0.3100 accuracy@2: 0.4700 accuracy@3: 0.5800 ] 
2024-04-02 10:36:08,686 - [Epoch  50 / 1000] rec_loss: 2.9277 cl_loss: 0.0000 
2024-04-02 10:36:09,130 - Epoch  50 Test set [precision@1: 0.2500 precision@2: 0.2400 precision@3: 0.1900 ] Test set [recall@1: 0.2500 recall@2: 0.4800 recall@3: 0.5800 ] Test set [f1score@1: 0.2500 f1score@2: 0.3200 f1score@3: 0.2900 ] Test set [accuracy@1: 0.2500 accuracy@2: 0.4800 accuracy@3: 0.5800 ] 
2024-04-02 10:36:10,493 - [Epoch  51 / 1000] rec_loss: 2.8189 cl_loss: 0.0000 
2024-04-02 10:36:10,885 - Epoch  51 Test set [precision@1: 0.2100 precision@2: 0.2400 precision@3: 0.1900 ] Test set [recall@1: 0.2100 recall@2: 0.4800 recall@3: 0.5700 ] Test set [f1score@1: 0.2100 f1score@2: 0.3200 f1score@3: 0.2800 ] Test set [accuracy@1: 0.2100 accuracy@2: 0.4800 accuracy@3: 0.5700 ] 
2024-04-02 10:36:12,220 - [Epoch  52 / 1000] rec_loss: 2.9560 cl_loss: 0.0000 
2024-04-02 10:36:12,616 - Epoch  52 Test set [precision@1: 0.3500 precision@2: 0.2300 precision@3: 0.1900 ] Test set [recall@1: 0.3500 recall@2: 0.4700 recall@3: 0.5800 ] Test set [f1score@1: 0.3500 f1score@2: 0.3100 f1score@3: 0.2900 ] Test set [accuracy@1: 0.3500 accuracy@2: 0.4700 accuracy@3: 0.5800 ] 
2024-04-02 10:36:14,105 - [Epoch  53 / 1000] rec_loss: 3.0642 cl_loss: 0.0000 
2024-04-02 10:36:14,561 - Epoch  53 Test set [precision@1: 0.3100 precision@2: 0.2500 precision@3: 0.2200 ] Test set [recall@1: 0.3100 recall@2: 0.5000 recall@3: 0.6600 ] Test set [f1score@1: 0.3100 f1score@2: 0.3300 f1score@3: 0.3300 ] Test set [accuracy@1: 0.3100 accuracy@2: 0.5000 accuracy@3: 0.6600 ] 
2024-04-02 10:36:15,981 - [Epoch  54 / 1000] rec_loss: 2.9595 cl_loss: 0.0000 
2024-04-02 10:36:16,427 - Epoch  54 Test set [precision@1: 0.2100 precision@2: 0.1800 precision@3: 0.1800 ] Test set [recall@1: 0.2100 recall@2: 0.3600 recall@3: 0.5500 ] Test set [f1score@1: 0.2100 f1score@2: 0.2400 f1score@3: 0.2800 ] Test set [accuracy@1: 0.2100 accuracy@2: 0.3600 accuracy@3: 0.5500 ] 
2024-04-02 10:36:17,908 - [Epoch  55 / 1000] rec_loss: 2.9677 cl_loss: 0.0000 
2024-04-02 10:36:18,337 - Epoch  55 Test set [precision@1: 0.1900 precision@2: 0.1800 precision@3: 0.1700 ] Test set [recall@1: 0.1900 recall@2: 0.3600 recall@3: 0.5000 ] Test set [f1score@1: 0.1900 f1score@2: 0.2400 f1score@3: 0.2500 ] Test set [accuracy@1: 0.1900 accuracy@2: 0.3600 accuracy@3: 0.5000 ] 
2024-04-02 10:36:19,758 - [Epoch  56 / 1000] rec_loss: 2.6669 cl_loss: 0.0000 
2024-04-02 10:36:20,224 - Epoch  56 Test set [precision@1: 0.3300 precision@2: 0.2500 precision@3: 0.2000 ] Test set [recall@1: 0.3300 recall@2: 0.4900 recall@3: 0.6000 ] Test set [f1score@1: 0.3300 f1score@2: 0.3300 f1score@3: 0.3000 ] Test set [accuracy@1: 0.3300 accuracy@2: 0.4900 accuracy@3: 0.6000 ] 
2024-04-02 10:36:21,774 - [Epoch  57 / 1000] rec_loss: 2.4350 cl_loss: 0.0000 
2024-04-02 10:36:22,200 - Epoch  57 Test set [precision@1: 0.3300 precision@2: 0.2600 precision@3: 0.2200 ] Test set [recall@1: 0.3300 recall@2: 0.5300 recall@3: 0.6500 ] Test set [f1score@1: 0.3300 f1score@2: 0.3500 f1score@3: 0.3200 ] Test set [accuracy@1: 0.3300 accuracy@2: 0.5300 accuracy@3: 0.6500 ] 
2024-04-02 10:36:23,572 - [Epoch  58 / 1000] rec_loss: 2.6036 cl_loss: 0.0000 
2024-04-02 10:36:24,031 - Epoch  58 Test set [precision@1: 0.3300 precision@2: 0.2600 precision@3: 0.2100 ] Test set [recall@1: 0.3300 recall@2: 0.5300 recall@3: 0.6300 ] Test set [f1score@1: 0.3300 f1score@2: 0.3500 f1score@3: 0.3100 ] Test set [accuracy@1: 0.3300 accuracy@2: 0.5300 accuracy@3: 0.6300 ] 
2024-04-02 10:36:25,592 - [Epoch  59 / 1000] rec_loss: 2.2396 cl_loss: 0.0000 
2024-04-02 10:36:26,074 - Epoch  59 Test set [precision@1: 0.2500 precision@2: 0.2200 precision@3: 0.2200 ] Test set [recall@1: 0.2500 recall@2: 0.4500 recall@3: 0.6500 ] Test set [f1score@1: 0.2500 f1score@2: 0.3000 f1score@3: 0.3200 ] Test set [accuracy@1: 0.2500 accuracy@2: 0.4500 accuracy@3: 0.6500 ] 
2024-04-02 10:36:27,505 - [Epoch  60 / 1000] rec_loss: 2.5581 cl_loss: 0.0000 
2024-04-02 10:36:27,942 - Epoch  60 Test set [precision@1: 0.2400 precision@2: 0.2000 precision@3: 0.1900 ] Test set [recall@1: 0.2400 recall@2: 0.4100 recall@3: 0.5600 ] Test set [f1score@1: 0.2400 f1score@2: 0.2700 f1score@3: 0.2800 ] Test set [accuracy@1: 0.2400 accuracy@2: 0.4100 accuracy@3: 0.5600 ] 
2024-04-02 10:36:29,434 - [Epoch  61 / 1000] rec_loss: 2.6654 cl_loss: 0.0000 
2024-04-02 10:36:29,898 - Epoch  61 Test set [precision@1: 0.2500 precision@2: 0.1900 precision@3: 0.1800 ] Test set [recall@1: 0.2500 recall@2: 0.3900 recall@3: 0.5500 ] Test set [f1score@1: 0.2500 f1score@2: 0.2600 f1score@3: 0.2800 ] Test set [accuracy@1: 0.2500 accuracy@2: 0.3900 accuracy@3: 0.5500 ] 
2024-04-02 10:36:31,359 - [Epoch  62 / 1000] rec_loss: 2.7561 cl_loss: 0.0000 
2024-04-02 10:36:31,809 - Epoch  62 Test set [precision@1: 0.2600 precision@2: 0.2000 precision@3: 0.1800 ] Test set [recall@1: 0.2600 recall@2: 0.4100 recall@3: 0.5500 ] Test set [f1score@1: 0.2600 f1score@2: 0.2700 f1score@3: 0.2800 ] Test set [accuracy@1: 0.2600 accuracy@2: 0.4100 accuracy@3: 0.5500 ] 
2024-04-02 10:36:33,255 - [Epoch  63 / 1000] rec_loss: 2.8587 cl_loss: 0.0000 
2024-04-02 10:36:33,676 - Epoch  63 Test set [precision@1: 0.2500 precision@2: 0.2200 precision@3: 0.1900 ] Test set [recall@1: 0.2500 recall@2: 0.4300 recall@3: 0.5800 ] Test set [f1score@1: 0.2500 f1score@2: 0.2900 f1score@3: 0.2900 ] Test set [accuracy@1: 0.2500 accuracy@2: 0.4300 accuracy@3: 0.5800 ] 
2024-04-02 10:36:35,095 - [Epoch  64 / 1000] rec_loss: 2.2251 cl_loss: 0.0000 
2024-04-02 10:36:35,523 - Epoch  64 Test set [precision@1: 0.2500 precision@2: 0.2200 precision@3: 0.2000 ] Test set [recall@1: 0.2500 recall@2: 0.4400 recall@3: 0.6100 ] Test set [f1score@1: 0.2500 f1score@2: 0.2900 f1score@3: 0.3100 ] Test set [accuracy@1: 0.2500 accuracy@2: 0.4400 accuracy@3: 0.6100 ] 
2024-04-02 10:36:36,864 - [Epoch  65 / 1000] rec_loss: 2.2260 cl_loss: 0.0000 
2024-04-02 10:36:37,495 - Epoch  65 Test set [precision@1: 0.2700 precision@2: 0.2800 precision@3: 0.2100 ] Test set [recall@1: 0.2700 recall@2: 0.5500 recall@3: 0.6300 ] Test set [f1score@1: 0.2700 f1score@2: 0.3700 f1score@3: 0.3100 ] Test set [accuracy@1: 0.2700 accuracy@2: 0.5500 accuracy@3: 0.6300 ] 
2024-04-02 10:36:38,975 - [Epoch  66 / 1000] rec_loss: 2.8405 cl_loss: 0.0000 
2024-04-02 10:36:39,416 - Epoch  66 Test set [precision@1: 0.3000 precision@2: 0.2600 precision@3: 0.2000 ] Test set [recall@1: 0.3000 recall@2: 0.5300 recall@3: 0.6100 ] Test set [f1score@1: 0.3000 f1score@2: 0.3500 f1score@3: 0.3100 ] Test set [accuracy@1: 0.3000 accuracy@2: 0.5300 accuracy@3: 0.6100 ] 
2024-04-02 10:36:40,898 - [Epoch  67 / 1000] rec_loss: 2.5412 cl_loss: 0.0000 
2024-04-02 10:36:41,343 - Epoch  67 Test set [precision@1: 0.2700 precision@2: 0.2500 precision@3: 0.2200 ] Test set [recall@1: 0.2700 recall@2: 0.5100 recall@3: 0.6600 ] Test set [f1score@1: 0.2700 f1score@2: 0.3400 f1score@3: 0.3300 ] Test set [accuracy@1: 0.2700 accuracy@2: 0.5100 accuracy@3: 0.6600 ] 
2024-04-02 10:36:42,998 - [Epoch  68 / 1000] rec_loss: 2.5135 cl_loss: 0.0000 
2024-04-02 10:36:43,475 - Epoch  68 Test set [precision@1: 0.2800 precision@2: 0.2000 precision@3: 0.1800 ] Test set [recall@1: 0.2800 recall@2: 0.4000 recall@3: 0.5500 ] Test set [f1score@1: 0.2800 f1score@2: 0.2700 f1score@3: 0.2800 ] Test set [accuracy@1: 0.2800 accuracy@2: 0.4000 accuracy@3: 0.5500 ] 
2024-04-02 10:36:44,905 - [Epoch  69 / 1000] rec_loss: 2.2327 cl_loss: 0.0000 
2024-04-02 10:36:45,408 - Epoch  69 Test set [precision@1: 0.2800 precision@2: 0.2000 precision@3: 0.1700 ] Test set [recall@1: 0.2800 recall@2: 0.4000 recall@3: 0.5100 ] Test set [f1score@1: 0.2800 f1score@2: 0.2700 f1score@3: 0.2500 ] Test set [accuracy@1: 0.2800 accuracy@2: 0.4000 accuracy@3: 0.5100 ] 
2024-04-02 10:36:46,816 - [Epoch  70 / 1000] rec_loss: 2.9030 cl_loss: 0.0000 
2024-04-02 10:36:47,241 - Epoch  70 Test set [precision@1: 0.2500 precision@2: 0.2000 precision@3: 0.1900 ] Test set [recall@1: 0.2500 recall@2: 0.4100 recall@3: 0.5600 ] Test set [f1score@1: 0.2500 f1score@2: 0.2700 f1score@3: 0.2800 ] Test set [accuracy@1: 0.2500 accuracy@2: 0.4100 accuracy@3: 0.5600 ] 
2024-04-02 10:36:48,580 - [Epoch  71 / 1000] rec_loss: 2.5658 cl_loss: 0.0000 
2024-04-02 10:36:49,021 - Epoch  71 Test set [precision@1: 0.2800 precision@2: 0.2200 precision@3: 0.2200 ] Test set [recall@1: 0.2800 recall@2: 0.4500 recall@3: 0.6600 ] Test set [f1score@1: 0.2800 f1score@2: 0.3000 f1score@3: 0.3300 ] Test set [accuracy@1: 0.2800 accuracy@2: 0.4500 accuracy@3: 0.6600 ] 
2024-04-02 10:36:50,479 - [Epoch  72 / 1000] rec_loss: 2.5010 cl_loss: 0.0000 
2024-04-02 10:36:50,970 - Epoch  72 Test set [precision@1: 0.3400 precision@2: 0.2600 precision@3: 0.2200 ] Test set [recall@1: 0.3400 recall@2: 0.5300 recall@3: 0.6700 ] Test set [f1score@1: 0.3400 f1score@2: 0.3500 f1score@3: 0.3400 ] Test set [accuracy@1: 0.3400 accuracy@2: 0.5300 accuracy@3: 0.6700 ] 
2024-04-02 10:36:52,732 - [Epoch  73 / 1000] rec_loss: 2.3434 cl_loss: 0.0000 
2024-04-02 10:36:53,150 - Epoch  73 Test set [precision@1: 0.3700 precision@2: 0.2800 precision@3: 0.2300 ] Test set [recall@1: 0.3700 recall@2: 0.5600 recall@3: 0.6900 ] Test set [f1score@1: 0.3700 f1score@2: 0.3700 f1score@3: 0.3400 ] Test set [accuracy@1: 0.3700 accuracy@2: 0.5600 accuracy@3: 0.6900 ] 
2024-04-02 10:36:54,527 - [Epoch  74 / 1000] rec_loss: 2.2652 cl_loss: 0.0000 
2024-04-02 10:36:54,951 - Epoch  74 Test set [precision@1: 0.3300 precision@2: 0.2900 precision@3: 0.2400 ] Test set [recall@1: 0.3300 recall@2: 0.5900 recall@3: 0.7100 ] Test set [f1score@1: 0.3300 f1score@2: 0.3900 f1score@3: 0.3500 ] Test set [accuracy@1: 0.3300 accuracy@2: 0.5900 accuracy@3: 0.7100 ] 
2024-04-02 10:36:56,357 - [Epoch  75 / 1000] rec_loss: 2.4053 cl_loss: 0.0000 
2024-04-02 10:36:56,788 - Epoch  75 Test set [precision@1: 0.3600 precision@2: 0.2800 precision@3: 0.2400 ] Test set [recall@1: 0.3600 recall@2: 0.5700 recall@3: 0.7100 ] Test set [f1score@1: 0.3600 f1score@2: 0.3800 f1score@3: 0.3500 ] Test set [accuracy@1: 0.3600 accuracy@2: 0.5700 accuracy@3: 0.7100 ] 
2024-04-02 10:36:58,151 - [Epoch  76 / 1000] rec_loss: 2.2568 cl_loss: 0.0000 
2024-04-02 10:36:58,577 - Epoch  76 Test set [precision@1: 0.4000 precision@2: 0.2900 precision@3: 0.2400 ] Test set [recall@1: 0.4000 recall@2: 0.5800 recall@3: 0.7200 ] Test set [f1score@1: 0.4000 f1score@2: 0.3900 f1score@3: 0.3600 ] Test set [accuracy@1: 0.4000 accuracy@2: 0.5800 accuracy@3: 0.7200 ] 
2024-04-02 10:36:59,942 - [Epoch  77 / 1000] rec_loss: 2.5360 cl_loss: 0.0000 
2024-04-02 10:37:00,389 - Epoch  77 Test set [precision@1: 0.3300 precision@2: 0.2800 precision@3: 0.2300 ] Test set [recall@1: 0.3300 recall@2: 0.5600 recall@3: 0.7000 ] Test set [f1score@1: 0.3300 f1score@2: 0.3700 f1score@3: 0.3500 ] Test set [accuracy@1: 0.3300 accuracy@2: 0.5600 accuracy@3: 0.7000 ] 
2024-04-02 10:37:02,240 - [Epoch  78 / 1000] rec_loss: 2.1820 cl_loss: 0.0000 
2024-04-02 10:37:02,713 - Epoch  78 Test set [precision@1: 0.2500 precision@2: 0.2800 precision@3: 0.2200 ] Test set [recall@1: 0.2500 recall@2: 0.5500 recall@3: 0.6600 ] Test set [f1score@1: 0.2500 f1score@2: 0.3700 f1score@3: 0.3300 ] Test set [accuracy@1: 0.2500 accuracy@2: 0.5500 accuracy@3: 0.6600 ] 
2024-04-02 10:37:04,343 - [Epoch  79 / 1000] rec_loss: 2.5178 cl_loss: 0.0000 
2024-04-02 10:37:04,835 - Epoch  79 Test set [precision@1: 0.2600 precision@2: 0.2900 precision@3: 0.2200 ] Test set [recall@1: 0.2600 recall@2: 0.5800 recall@3: 0.6500 ] Test set [f1score@1: 0.2600 f1score@2: 0.3900 f1score@3: 0.3200 ] Test set [accuracy@1: 0.2600 accuracy@2: 0.5800 accuracy@3: 0.6500 ] 
2024-04-02 10:37:06,492 - [Epoch  80 / 1000] rec_loss: 2.3053 cl_loss: 0.0000 
2024-04-02 10:37:07,002 - Epoch  80 Test set [precision@1: 0.3400 precision@2: 0.2600 precision@3: 0.2200 ] Test set [recall@1: 0.3400 recall@2: 0.5300 recall@3: 0.6600 ] Test set [f1score@1: 0.3400 f1score@2: 0.3500 f1score@3: 0.3300 ] Test set [accuracy@1: 0.3400 accuracy@2: 0.5300 accuracy@3: 0.6600 ] 
2024-04-02 10:37:08,347 - [Epoch  81 / 1000] rec_loss: 2.2582 cl_loss: 0.0000 
2024-04-02 10:37:08,760 - Epoch  81 Test set [precision@1: 0.3800 precision@2: 0.2600 precision@3: 0.2100 ] Test set [recall@1: 0.3800 recall@2: 0.5200 recall@3: 0.6400 ] Test set [f1score@1: 0.3800 f1score@2: 0.3500 f1score@3: 0.3200 ] Test set [accuracy@1: 0.3800 accuracy@2: 0.5200 accuracy@3: 0.6400 ] 
2024-04-02 10:37:10,043 - [Epoch  82 / 1000] rec_loss: 2.5830 cl_loss: 0.0000 
2024-04-02 10:37:10,525 - Epoch  82 Test set [precision@1: 0.3500 precision@2: 0.2700 precision@3: 0.2100 ] Test set [recall@1: 0.3500 recall@2: 0.5400 recall@3: 0.6200 ] Test set [f1score@1: 0.3500 f1score@2: 0.3600 f1score@3: 0.3100 ] Test set [accuracy@1: 0.3500 accuracy@2: 0.5400 accuracy@3: 0.6200 ] 
2024-04-02 10:37:12,020 - [Epoch  83 / 1000] rec_loss: 2.2920 cl_loss: 0.0000 
2024-04-02 10:37:12,407 - Epoch  83 Test set [precision@1: 0.3000 precision@2: 0.2600 precision@3: 0.2100 ] Test set [recall@1: 0.3000 recall@2: 0.5200 recall@3: 0.6200 ] Test set [f1score@1: 0.3000 f1score@2: 0.3500 f1score@3: 0.3100 ] Test set [accuracy@1: 0.3000 accuracy@2: 0.5200 accuracy@3: 0.6200 ] 
2024-04-02 10:37:13,693 - [Epoch  84 / 1000] rec_loss: 2.2382 cl_loss: 0.0000 
2024-04-02 10:37:14,146 - Epoch  84 Test set [precision@1: 0.3000 precision@2: 0.2500 precision@3: 0.2100 ] Test set [recall@1: 0.3000 recall@2: 0.5100 recall@3: 0.6400 ] Test set [f1score@1: 0.3000 f1score@2: 0.3400 f1score@3: 0.3200 ] Test set [accuracy@1: 0.3000 accuracy@2: 0.5100 accuracy@3: 0.6400 ] 
2024-04-02 10:37:15,412 - [Epoch  85 / 1000] rec_loss: 2.0959 cl_loss: 0.0000 
2024-04-02 10:37:15,816 - Epoch  85 Test set [precision@1: 0.3500 precision@2: 0.2700 precision@3: 0.2200 ] Test set [recall@1: 0.3500 recall@2: 0.5400 recall@3: 0.6600 ] Test set [f1score@1: 0.3500 f1score@2: 0.3600 f1score@3: 0.3300 ] Test set [accuracy@1: 0.3500 accuracy@2: 0.5400 accuracy@3: 0.6600 ] 
