2024-04-02 00:41:26,785 - {'optimizer': {'name': 'adam', 'lr': 0.001, 'final_lr': 1e-06, 'weight_decay': 0}, 'train': {'model_test_run': True, 'weighted_loss_fn': True, 'epoch': 1000, 'batch_size': 64, 'save_model': True, 'log_loss': True, 'test_step': 1, 'reproducible': True, 'seed': 2023, 'tensorboard': True, 'conf_mat': True, 'ssl': False, 'gradient_accumulation': False, 'accumulation_steps': 4, 'early_stop': False, 'parameter_class_weights_path': './datasets/sequential/fix/parameters/param.pkl', 'parameter_label_mapping_path': './datasets/sequential/fix/parameters/label_mapping.pkl'}, 'test': {'metrics': ['precision', 'recall', 'f1score', 'accuracy'], 'k': [1, 2, 3], 'batch_size': 64, 'train_eval': False, 'save_path': '2024-04-02_00-41'}, 'data': {'type': 'sequential', 'name': 'fix', 'seq_aug': False, 'dynamic_context_window_length': 100, 'user_num': 100, 'item_num': 23, 'max_context_length': 100, 'dynamic_context_feat_num': 14, 'static_context_feat_num': 6, 'static_context_max': [12, 6, 23, 1, 1, 1]}, 'model': {'name': 'cl4srec', 'context_encoder': 'tempcnn', 'interaction_encoder': 'sasrec', 'dropout_rate': 0.1, 'n_layers': 2, 'embedding_size': 16, 'n_heads': 2, 'max_seq_len': 10, 'lmd': 0.1, 'tau': 1, 'encoder_combine': 'concat'}, 'lstm': {'hidden_size': 64, 'num_layers': 2}, 'tune': {'enable': False, 'hyperparameters': ['dropout_rate', 'lmd', 'tau'], 'dropout_rate': [0.1, 0.2, 0.3], 'lmd': [0.05, 0.1, 0.2], 'tau': [0.5, 0.7, 0.9]}, 'device': 'cpu'}
2024-04-02 00:41:27,923 - [Epoch   0 / 1000] rec_loss: 5.5084 cl_loss: 0.0000 
2024-04-02 00:41:28,258 - Epoch   0 Test set [precision@1: 0.0000 precision@2: 0.0400 precision@3: 0.0300 ] Test set [recall@1: 0.0000 recall@2: 0.0800 recall@3: 0.0900 ] Test set [f1score@1: 0.0000 f1score@2: 0.0500 f1score@3: 0.0500 ] Test set [accuracy@1: 0.0000 accuracy@2: 0.0800 accuracy@3: 0.0900 ] 
2024-04-02 00:41:28,977 - [Epoch   1 / 1000] rec_loss: 5.0760 cl_loss: 0.0000 
2024-04-02 00:41:29,304 - Epoch   1 Test set [precision@1: 0.0000 precision@2: 0.0100 precision@3: 0.0300 ] Test set [recall@1: 0.0000 recall@2: 0.0200 recall@3: 0.0900 ] Test set [f1score@1: 0.0000 f1score@2: 0.0100 f1score@3: 0.0500 ] Test set [accuracy@1: 0.0000 accuracy@2: 0.0200 accuracy@3: 0.0900 ] 
2024-04-02 00:41:30,034 - [Epoch   2 / 1000] rec_loss: 5.1752 cl_loss: 0.0000 
2024-04-02 00:41:30,350 - Epoch   2 Test set [precision@1: 0.0000 precision@2: 0.0000 precision@3: 0.0100 ] Test set [recall@1: 0.0000 recall@2: 0.0100 recall@3: 0.0400 ] Test set [f1score@1: 0.0000 f1score@2: 0.0100 f1score@3: 0.0200 ] Test set [accuracy@1: 0.0000 accuracy@2: 0.0100 accuracy@3: 0.0400 ] 
2024-04-02 00:41:31,051 - [Epoch   3 / 1000] rec_loss: 4.6989 cl_loss: 0.0000 
2024-04-02 00:41:31,355 - Epoch   3 Test set [precision@1: 0.0000 precision@2: 0.0100 precision@3: 0.0200 ] Test set [recall@1: 0.0000 recall@2: 0.0300 recall@3: 0.0500 ] Test set [f1score@1: 0.0000 f1score@2: 0.0200 f1score@3: 0.0300 ] Test set [accuracy@1: 0.0000 accuracy@2: 0.0300 accuracy@3: 0.0500 ] 
2024-04-02 00:41:32,073 - [Epoch   4 / 1000] rec_loss: 4.6767 cl_loss: 0.0000 
2024-04-02 00:41:32,378 - Epoch   4 Test set [precision@1: 0.0000 precision@2: 0.0300 precision@3: 0.0400 ] Test set [recall@1: 0.0000 recall@2: 0.0600 recall@3: 0.1100 ] Test set [f1score@1: 0.0000 f1score@2: 0.0400 f1score@3: 0.0500 ] Test set [accuracy@1: 0.0000 accuracy@2: 0.0600 accuracy@3: 0.1100 ] 
2024-04-02 00:41:33,095 - [Epoch   5 / 1000] rec_loss: 4.3666 cl_loss: 0.0000 
2024-04-02 00:41:33,400 - Epoch   5 Test set [precision@1: 0.0000 precision@2: 0.0500 precision@3: 0.0400 ] Test set [recall@1: 0.0000 recall@2: 0.1000 recall@3: 0.1200 ] Test set [f1score@1: 0.0000 f1score@2: 0.0700 f1score@3: 0.0600 ] Test set [accuracy@1: 0.0000 accuracy@2: 0.1000 accuracy@3: 0.1200 ] 
2024-04-02 00:41:34,089 - [Epoch   6 / 1000] rec_loss: 4.4586 cl_loss: 0.0000 
2024-04-02 00:41:34,390 - Epoch   6 Test set [precision@1: 0.0000 precision@2: 0.0600 precision@3: 0.0500 ] Test set [recall@1: 0.0000 recall@2: 0.1200 recall@3: 0.1500 ] Test set [f1score@1: 0.0000 f1score@2: 0.0800 f1score@3: 0.0800 ] Test set [accuracy@1: 0.0000 accuracy@2: 0.1200 accuracy@3: 0.1500 ] 
2024-04-02 00:41:35,081 - [Epoch   7 / 1000] rec_loss: 4.3030 cl_loss: 0.0000 
2024-04-02 00:41:35,391 - Epoch   7 Test set [precision@1: 0.0000 precision@2: 0.0600 precision@3: 0.0500 ] Test set [recall@1: 0.0000 recall@2: 0.1200 recall@3: 0.1600 ] Test set [f1score@1: 0.0000 f1score@2: 0.0800 f1score@3: 0.0800 ] Test set [accuracy@1: 0.0000 accuracy@2: 0.1200 accuracy@3: 0.1600 ] 
2024-04-02 00:41:36,137 - [Epoch   8 / 1000] rec_loss: 4.0002 cl_loss: 0.0000 
2024-04-02 00:41:36,436 - Epoch   8 Test set [precision@1: 0.0000 precision@2: 0.0700 precision@3: 0.0500 ] Test set [recall@1: 0.0000 recall@2: 0.1400 recall@3: 0.1600 ] Test set [f1score@1: 0.0000 f1score@2: 0.0900 f1score@3: 0.0800 ] Test set [accuracy@1: 0.0000 accuracy@2: 0.1400 accuracy@3: 0.1600 ] 
2024-04-02 00:41:37,127 - [Epoch   9 / 1000] rec_loss: 4.2047 cl_loss: 0.0000 
2024-04-02 00:41:37,441 - Epoch   9 Test set [precision@1: 0.0000 precision@2: 0.0600 precision@3: 0.0500 ] Test set [recall@1: 0.0000 recall@2: 0.1300 recall@3: 0.1600 ] Test set [f1score@1: 0.0000 f1score@2: 0.0900 f1score@3: 0.0800 ] Test set [accuracy@1: 0.0000 accuracy@2: 0.1300 accuracy@3: 0.1600 ] 
2024-04-02 00:41:38,138 - [Epoch  10 / 1000] rec_loss: 4.2644 cl_loss: 0.0000 
2024-04-02 00:41:38,437 - Epoch  10 Test set [precision@1: 0.0000 precision@2: 0.0700 precision@3: 0.0600 ] Test set [recall@1: 0.0000 recall@2: 0.1400 recall@3: 0.1800 ] Test set [f1score@1: 0.0000 f1score@2: 0.0900 f1score@3: 0.0900 ] Test set [accuracy@1: 0.0000 accuracy@2: 0.1400 accuracy@3: 0.1800 ] 
2024-04-02 00:41:39,132 - [Epoch  11 / 1000] rec_loss: 3.9107 cl_loss: 0.0000 
2024-04-02 00:41:39,430 - Epoch  11 Test set [precision@1: 0.0100 precision@2: 0.0800 precision@3: 0.0700 ] Test set [recall@1: 0.0100 recall@2: 0.1600 recall@3: 0.2000 ] Test set [f1score@1: 0.0100 f1score@2: 0.1100 f1score@3: 0.1000 ] Test set [accuracy@1: 0.0100 accuracy@2: 0.1600 accuracy@3: 0.2000 ] 
2024-04-02 00:41:40,112 - [Epoch  12 / 1000] rec_loss: 3.6528 cl_loss: 0.0000 
2024-04-02 00:41:40,425 - Epoch  12 Test set [precision@1: 0.0100 precision@2: 0.0800 precision@3: 0.0600 ] Test set [recall@1: 0.0100 recall@2: 0.1600 recall@3: 0.1700 ] Test set [f1score@1: 0.0100 f1score@2: 0.1100 f1score@3: 0.0900 ] Test set [accuracy@1: 0.0100 accuracy@2: 0.1600 accuracy@3: 0.1700 ] 
2024-04-02 00:41:41,110 - [Epoch  13 / 1000] rec_loss: 3.7276 cl_loss: 0.0000 
2024-04-02 00:41:41,431 - Epoch  13 Test set [precision@1: 0.0700 precision@2: 0.0900 precision@3: 0.0700 ] Test set [recall@1: 0.0700 recall@2: 0.1900 recall@3: 0.2100 ] Test set [f1score@1: 0.0700 f1score@2: 0.1300 f1score@3: 0.1000 ] Test set [accuracy@1: 0.0700 accuracy@2: 0.1900 accuracy@3: 0.2100 ] 
2024-04-02 00:41:42,121 - [Epoch  14 / 1000] rec_loss: 3.7775 cl_loss: 0.0000 
2024-04-02 00:41:42,422 - Epoch  14 Test set [precision@1: 0.0800 precision@2: 0.0900 precision@3: 0.0700 ] Test set [recall@1: 0.0800 recall@2: 0.1700 recall@3: 0.2200 ] Test set [f1score@1: 0.0800 f1score@2: 0.1100 f1score@3: 0.1100 ] Test set [accuracy@1: 0.0800 accuracy@2: 0.1700 accuracy@3: 0.2200 ] 
2024-04-02 00:41:43,148 - [Epoch  15 / 1000] rec_loss: 3.4993 cl_loss: 0.0000 
2024-04-02 00:41:43,514 - Epoch  15 Test set [precision@1: 0.0700 precision@2: 0.0900 precision@3: 0.0800 ] Test set [recall@1: 0.0700 recall@2: 0.1900 recall@3: 0.2400 ] Test set [f1score@1: 0.0700 f1score@2: 0.1300 f1score@3: 0.1200 ] Test set [accuracy@1: 0.0700 accuracy@2: 0.1900 accuracy@3: 0.2400 ] 
2024-04-02 00:41:44,248 - [Epoch  16 / 1000] rec_loss: 3.3388 cl_loss: 0.0000 
2024-04-02 00:41:44,579 - Epoch  16 Test set [precision@1: 0.0900 precision@2: 0.0900 precision@3: 0.0800 ] Test set [recall@1: 0.0900 recall@2: 0.1800 recall@3: 0.2500 ] Test set [f1score@1: 0.0900 f1score@2: 0.1200 f1score@3: 0.1200 ] Test set [accuracy@1: 0.0900 accuracy@2: 0.1800 accuracy@3: 0.2500 ] 
2024-04-02 00:41:45,352 - [Epoch  17 / 1000] rec_loss: 3.3669 cl_loss: 0.0000 
2024-04-02 00:41:45,655 - Epoch  17 Test set [precision@1: 0.1200 precision@2: 0.1000 precision@3: 0.0900 ] Test set [recall@1: 0.1200 recall@2: 0.2000 recall@3: 0.2800 ] Test set [f1score@1: 0.1200 f1score@2: 0.1300 f1score@3: 0.1400 ] Test set [accuracy@1: 0.1200 accuracy@2: 0.2000 accuracy@3: 0.2800 ] 
2024-04-02 00:41:46,381 - [Epoch  18 / 1000] rec_loss: 3.3778 cl_loss: 0.0000 
2024-04-02 00:41:46,685 - Epoch  18 Test set [precision@1: 0.1300 precision@2: 0.0900 precision@3: 0.0900 ] Test set [recall@1: 0.1300 recall@2: 0.1700 recall@3: 0.2700 ] Test set [f1score@1: 0.1300 f1score@2: 0.1100 f1score@3: 0.1400 ] Test set [accuracy@1: 0.1300 accuracy@2: 0.1700 accuracy@3: 0.2700 ] 
2024-04-02 00:41:47,377 - [Epoch  19 / 1000] rec_loss: 3.2981 cl_loss: 0.0000 
2024-04-02 00:41:47,686 - Epoch  19 Test set [precision@1: 0.1400 precision@2: 0.1000 precision@3: 0.1000 ] Test set [recall@1: 0.1400 recall@2: 0.2100 recall@3: 0.3000 ] Test set [f1score@1: 0.1400 f1score@2: 0.1400 f1score@3: 0.1500 ] Test set [accuracy@1: 0.1400 accuracy@2: 0.2100 accuracy@3: 0.3000 ] 
2024-04-02 00:41:48,425 - [Epoch  20 / 1000] rec_loss: 3.2478 cl_loss: 0.0000 
2024-04-02 00:41:48,738 - Epoch  20 Test set [precision@1: 0.1600 precision@2: 0.1200 precision@3: 0.1200 ] Test set [recall@1: 0.1600 recall@2: 0.2300 recall@3: 0.3600 ] Test set [f1score@1: 0.1600 f1score@2: 0.1500 f1score@3: 0.1800 ] Test set [accuracy@1: 0.1600 accuracy@2: 0.2300 accuracy@3: 0.3600 ] 
2024-04-02 00:41:49,438 - [Epoch  21 / 1000] rec_loss: 3.1874 cl_loss: 0.0000 
2024-04-02 00:41:49,740 - Epoch  21 Test set [precision@1: 0.1800 precision@2: 0.1200 precision@3: 0.1200 ] Test set [recall@1: 0.1800 recall@2: 0.2400 recall@3: 0.3700 ] Test set [f1score@1: 0.1800 f1score@2: 0.1600 f1score@3: 0.1900 ] Test set [accuracy@1: 0.1800 accuracy@2: 0.2400 accuracy@3: 0.3700 ] 
2024-04-02 00:41:50,460 - [Epoch  22 / 1000] rec_loss: 3.4293 cl_loss: 0.0000 
2024-04-02 00:41:50,770 - Epoch  22 Test set [precision@1: 0.1700 precision@2: 0.1300 precision@3: 0.1300 ] Test set [recall@1: 0.1700 recall@2: 0.2600 recall@3: 0.4000 ] Test set [f1score@1: 0.1700 f1score@2: 0.1700 f1score@3: 0.2000 ] Test set [accuracy@1: 0.1700 accuracy@2: 0.2600 accuracy@3: 0.4000 ] 
2024-04-02 00:41:51,470 - [Epoch  23 / 1000] rec_loss: 3.3551 cl_loss: 0.0000 
2024-04-02 00:41:51,775 - Epoch  23 Test set [precision@1: 0.1800 precision@2: 0.1300 precision@3: 0.1200 ] Test set [recall@1: 0.1800 recall@2: 0.2600 recall@3: 0.3700 ] Test set [f1score@1: 0.1800 f1score@2: 0.1700 f1score@3: 0.1900 ] Test set [accuracy@1: 0.1800 accuracy@2: 0.2600 accuracy@3: 0.3700 ] 
2024-04-02 00:41:52,475 - [Epoch  24 / 1000] rec_loss: 2.9759 cl_loss: 0.0000 
2024-04-02 00:41:52,788 - Epoch  24 Test set [precision@1: 0.1800 precision@2: 0.1300 precision@3: 0.1300 ] Test set [recall@1: 0.1800 recall@2: 0.2600 recall@3: 0.3800 ] Test set [f1score@1: 0.1800 f1score@2: 0.1700 f1score@3: 0.1900 ] Test set [accuracy@1: 0.1800 accuracy@2: 0.2600 accuracy@3: 0.3800 ] 
2024-04-02 00:41:53,516 - [Epoch  25 / 1000] rec_loss: 3.1193 cl_loss: 0.0000 
2024-04-02 00:41:53,826 - Epoch  25 Test set [precision@1: 0.1900 precision@2: 0.1400 precision@3: 0.1500 ] Test set [recall@1: 0.1900 recall@2: 0.2900 recall@3: 0.4500 ] Test set [f1score@1: 0.1900 f1score@2: 0.1900 f1score@3: 0.2200 ] Test set [accuracy@1: 0.1900 accuracy@2: 0.2900 accuracy@3: 0.4500 ] 
2024-04-02 00:41:54,530 - [Epoch  26 / 1000] rec_loss: 2.8346 cl_loss: 0.0000 
2024-04-02 00:41:54,829 - Epoch  26 Test set [precision@1: 0.2100 precision@2: 0.1500 precision@3: 0.1500 ] Test set [recall@1: 0.2100 recall@2: 0.3000 recall@3: 0.4600 ] Test set [f1score@1: 0.2100 f1score@2: 0.2000 f1score@3: 0.2300 ] Test set [accuracy@1: 0.2100 accuracy@2: 0.3000 accuracy@3: 0.4600 ] 
2024-04-02 00:41:55,562 - [Epoch  27 / 1000] rec_loss: 2.7977 cl_loss: 0.0000 
2024-04-02 00:41:55,869 - Epoch  27 Test set [precision@1: 0.2200 precision@2: 0.1500 precision@3: 0.1600 ] Test set [recall@1: 0.2200 recall@2: 0.3000 recall@3: 0.4700 ] Test set [f1score@1: 0.2200 f1score@2: 0.2000 f1score@3: 0.2300 ] Test set [accuracy@1: 0.2200 accuracy@2: 0.3000 accuracy@3: 0.4700 ] 
2024-04-02 00:41:56,571 - [Epoch  28 / 1000] rec_loss: 2.9416 cl_loss: 0.0000 
2024-04-02 00:41:56,880 - Epoch  28 Test set [precision@1: 0.2600 precision@2: 0.1700 precision@3: 0.1700 ] Test set [recall@1: 0.2600 recall@2: 0.3500 recall@3: 0.5000 ] Test set [f1score@1: 0.2600 f1score@2: 0.2300 f1score@3: 0.2500 ] Test set [accuracy@1: 0.2600 accuracy@2: 0.3500 accuracy@3: 0.5000 ] 
2024-04-02 00:41:57,598 - [Epoch  29 / 1000] rec_loss: 2.7561 cl_loss: 0.0000 
2024-04-02 00:41:57,908 - Epoch  29 Test set [precision@1: 0.2600 precision@2: 0.1900 precision@3: 0.1700 ] Test set [recall@1: 0.2600 recall@2: 0.3800 recall@3: 0.5000 ] Test set [f1score@1: 0.2600 f1score@2: 0.2500 f1score@3: 0.2500 ] Test set [accuracy@1: 0.2600 accuracy@2: 0.3800 accuracy@3: 0.5000 ] 
2024-04-02 00:41:58,607 - [Epoch  30 / 1000] rec_loss: 3.0212 cl_loss: 0.0000 
2024-04-02 00:41:58,910 - Epoch  30 Test set [precision@1: 0.2700 precision@2: 0.2000 precision@3: 0.1800 ] Test set [recall@1: 0.2700 recall@2: 0.4100 recall@3: 0.5300 ] Test set [f1score@1: 0.2700 f1score@2: 0.2700 f1score@3: 0.2600 ] Test set [accuracy@1: 0.2700 accuracy@2: 0.4100 accuracy@3: 0.5300 ] 
2024-04-02 00:41:59,635 - [Epoch  31 / 1000] rec_loss: 2.8230 cl_loss: 0.0000 
2024-04-02 00:41:59,946 - Epoch  31 Test set [precision@1: 0.3200 precision@2: 0.2200 precision@3: 0.1700 ] Test set [recall@1: 0.3200 recall@2: 0.4300 recall@3: 0.5100 ] Test set [f1score@1: 0.3200 f1score@2: 0.2900 f1score@3: 0.2500 ] Test set [accuracy@1: 0.3200 accuracy@2: 0.4300 accuracy@3: 0.5100 ] 
2024-04-02 00:42:00,629 - [Epoch  32 / 1000] rec_loss: 2.7356 cl_loss: 0.0000 
2024-04-02 00:42:00,932 - Epoch  32 Test set [precision@1: 0.3400 precision@2: 0.2000 precision@3: 0.1800 ] Test set [recall@1: 0.3400 recall@2: 0.4100 recall@3: 0.5500 ] Test set [f1score@1: 0.3400 f1score@2: 0.2700 f1score@3: 0.2800 ] Test set [accuracy@1: 0.3400 accuracy@2: 0.4100 accuracy@3: 0.5500 ] 
2024-04-02 00:42:01,616 - [Epoch  33 / 1000] rec_loss: 2.7715 cl_loss: 0.0000 
2024-04-02 00:42:01,922 - Epoch  33 Test set [precision@1: 0.3500 precision@2: 0.2000 precision@3: 0.1800 ] Test set [recall@1: 0.3500 recall@2: 0.4100 recall@3: 0.5500 ] Test set [f1score@1: 0.3500 f1score@2: 0.2700 f1score@3: 0.2800 ] Test set [accuracy@1: 0.3500 accuracy@2: 0.4100 accuracy@3: 0.5500 ] 
2024-04-02 00:42:02,652 - [Epoch  34 / 1000] rec_loss: 2.9186 cl_loss: 0.0000 
2024-04-02 00:42:02,968 - Epoch  34 Test set [precision@1: 0.3600 precision@2: 0.2100 precision@3: 0.1900 ] Test set [recall@1: 0.3600 recall@2: 0.4200 recall@3: 0.5600 ] Test set [f1score@1: 0.3600 f1score@2: 0.2800 f1score@3: 0.2800 ] Test set [accuracy@1: 0.3600 accuracy@2: 0.4200 accuracy@3: 0.5600 ] 
2024-04-02 00:42:03,655 - [Epoch  35 / 1000] rec_loss: 2.5761 cl_loss: 0.0000 
2024-04-02 00:42:03,959 - Epoch  35 Test set [precision@1: 0.3600 precision@2: 0.2200 precision@3: 0.1900 ] Test set [recall@1: 0.3600 recall@2: 0.4400 recall@3: 0.5700 ] Test set [f1score@1: 0.3600 f1score@2: 0.2900 f1score@3: 0.2800 ] Test set [accuracy@1: 0.3600 accuracy@2: 0.4400 accuracy@3: 0.5700 ] 
2024-04-02 00:42:04,704 - [Epoch  36 / 1000] rec_loss: 2.8341 cl_loss: 0.0000 
2024-04-02 00:42:05,004 - Epoch  36 Test set [precision@1: 0.3500 precision@2: 0.2200 precision@3: 0.1900 ] Test set [recall@1: 0.3500 recall@2: 0.4400 recall@3: 0.5700 ] Test set [f1score@1: 0.3500 f1score@2: 0.2900 f1score@3: 0.2800 ] Test set [accuracy@1: 0.3500 accuracy@2: 0.4400 accuracy@3: 0.5700 ] 
2024-04-02 00:42:05,706 - [Epoch  37 / 1000] rec_loss: 2.6396 cl_loss: 0.0000 
2024-04-02 00:42:06,011 - Epoch  37 Test set [precision@1: 0.3900 precision@2: 0.2300 precision@3: 0.2000 ] Test set [recall@1: 0.3900 recall@2: 0.4700 recall@3: 0.5900 ] Test set [f1score@1: 0.3900 f1score@2: 0.3100 f1score@3: 0.2900 ] Test set [accuracy@1: 0.3900 accuracy@2: 0.4700 accuracy@3: 0.5900 ] 
2024-04-02 00:42:06,706 - [Epoch  38 / 1000] rec_loss: 2.6207 cl_loss: 0.0000 
2024-04-02 00:42:07,015 - Epoch  38 Test set [precision@1: 0.3700 precision@2: 0.2600 precision@3: 0.2000 ] Test set [recall@1: 0.3700 recall@2: 0.5200 recall@3: 0.6000 ] Test set [f1score@1: 0.3700 f1score@2: 0.3500 f1score@3: 0.3000 ] Test set [accuracy@1: 0.3700 accuracy@2: 0.5200 accuracy@3: 0.6000 ] 
2024-04-02 00:42:07,711 - [Epoch  39 / 1000] rec_loss: 2.8200 cl_loss: 0.0000 
2024-04-02 00:42:08,023 - Epoch  39 Test set [precision@1: 0.3500 precision@2: 0.2500 precision@3: 0.1900 ] Test set [recall@1: 0.3500 recall@2: 0.4900 recall@3: 0.5700 ] Test set [f1score@1: 0.3500 f1score@2: 0.3300 f1score@3: 0.2800 ] Test set [accuracy@1: 0.3500 accuracy@2: 0.4900 accuracy@3: 0.5700 ] 
2024-04-02 00:42:08,722 - [Epoch  40 / 1000] rec_loss: 2.5750 cl_loss: 0.0000 
2024-04-02 00:42:09,029 - Epoch  40 Test set [precision@1: 0.3600 precision@2: 0.2500 precision@3: 0.2000 ] Test set [recall@1: 0.3600 recall@2: 0.4900 recall@3: 0.6000 ] Test set [f1score@1: 0.3600 f1score@2: 0.3300 f1score@3: 0.3000 ] Test set [accuracy@1: 0.3600 accuracy@2: 0.4900 accuracy@3: 0.6000 ] 
2024-04-02 00:42:09,734 - [Epoch  41 / 1000] rec_loss: 2.6579 cl_loss: 0.0000 
2024-04-02 00:42:10,042 - Epoch  41 Test set [precision@1: 0.3400 precision@2: 0.2300 precision@3: 0.2000 ] Test set [recall@1: 0.3400 recall@2: 0.4700 recall@3: 0.6100 ] Test set [f1score@1: 0.3400 f1score@2: 0.3100 f1score@3: 0.3100 ] Test set [accuracy@1: 0.3400 accuracy@2: 0.4700 accuracy@3: 0.6100 ] 
2024-04-02 00:42:10,766 - [Epoch  42 / 1000] rec_loss: 2.6162 cl_loss: 0.0000 
2024-04-02 00:42:11,074 - Epoch  42 Test set [precision@1: 0.3700 precision@2: 0.2500 precision@3: 0.2000 ] Test set [recall@1: 0.3700 recall@2: 0.5000 recall@3: 0.6100 ] Test set [f1score@1: 0.3700 f1score@2: 0.3300 f1score@3: 0.3100 ] Test set [accuracy@1: 0.3700 accuracy@2: 0.5000 accuracy@3: 0.6100 ] 
2024-04-02 00:42:11,784 - [Epoch  43 / 1000] rec_loss: 2.6079 cl_loss: 0.0000 
2024-04-02 00:42:12,096 - Epoch  43 Test set [precision@1: 0.4000 precision@2: 0.2600 precision@3: 0.2000 ] Test set [recall@1: 0.4000 recall@2: 0.5200 recall@3: 0.6100 ] Test set [f1score@1: 0.4000 f1score@2: 0.3500 f1score@3: 0.3100 ] Test set [accuracy@1: 0.4000 accuracy@2: 0.5200 accuracy@3: 0.6100 ] 
2024-04-02 00:42:12,929 - [Epoch  44 / 1000] rec_loss: 2.6130 cl_loss: 0.0000 
2024-04-02 00:42:13,270 - Epoch  44 Test set [precision@1: 0.3900 precision@2: 0.2500 precision@3: 0.2000 ] Test set [recall@1: 0.3900 recall@2: 0.5000 recall@3: 0.5900 ] Test set [f1score@1: 0.3900 f1score@2: 0.3300 f1score@3: 0.2900 ] Test set [accuracy@1: 0.3900 accuracy@2: 0.5000 accuracy@3: 0.5900 ] 
2024-04-02 00:42:14,011 - [Epoch  45 / 1000] rec_loss: 2.7126 cl_loss: 0.0000 
2024-04-02 00:42:14,330 - Epoch  45 Test set [precision@1: 0.4000 precision@2: 0.2500 precision@3: 0.1900 ] Test set [recall@1: 0.4000 recall@2: 0.4900 recall@3: 0.5800 ] Test set [f1score@1: 0.4000 f1score@2: 0.3300 f1score@3: 0.2900 ] Test set [accuracy@1: 0.4000 accuracy@2: 0.4900 accuracy@3: 0.5800 ] 
2024-04-02 00:42:15,057 - [Epoch  46 / 1000] rec_loss: 2.5267 cl_loss: 0.0000 
2024-04-02 00:42:15,369 - Epoch  46 Test set [precision@1: 0.4200 precision@2: 0.2600 precision@3: 0.2100 ] Test set [recall@1: 0.4200 recall@2: 0.5300 recall@3: 0.6200 ] Test set [f1score@1: 0.4200 f1score@2: 0.3500 f1score@3: 0.3100 ] Test set [accuracy@1: 0.4200 accuracy@2: 0.5300 accuracy@3: 0.6200 ] 
2024-04-02 00:42:16,075 - [Epoch  47 / 1000] rec_loss: 2.4336 cl_loss: 0.0000 
2024-04-02 00:42:16,384 - Epoch  47 Test set [precision@1: 0.4000 precision@2: 0.2600 precision@3: 0.2000 ] Test set [recall@1: 0.4000 recall@2: 0.5300 recall@3: 0.6100 ] Test set [f1score@1: 0.4000 f1score@2: 0.3500 f1score@3: 0.3100 ] Test set [accuracy@1: 0.4000 accuracy@2: 0.5300 accuracy@3: 0.6100 ] 
2024-04-02 00:42:17,104 - [Epoch  48 / 1000] rec_loss: 2.3654 cl_loss: 0.0000 
2024-04-02 00:42:17,428 - Epoch  48 Test set [precision@1: 0.4000 precision@2: 0.2800 precision@3: 0.2200 ] Test set [recall@1: 0.4000 recall@2: 0.5500 recall@3: 0.6700 ] Test set [f1score@1: 0.4000 f1score@2: 0.3700 f1score@3: 0.3400 ] Test set [accuracy@1: 0.4000 accuracy@2: 0.5500 accuracy@3: 0.6700 ] 
2024-04-02 00:42:18,141 - [Epoch  49 / 1000] rec_loss: 2.6479 cl_loss: 0.0000 
2024-04-02 00:42:18,452 - Epoch  49 Test set [precision@1: 0.4100 precision@2: 0.2800 precision@3: 0.2200 ] Test set [recall@1: 0.4100 recall@2: 0.5600 recall@3: 0.6500 ] Test set [f1score@1: 0.4100 f1score@2: 0.3700 f1score@3: 0.3200 ] Test set [accuracy@1: 0.4100 accuracy@2: 0.5600 accuracy@3: 0.6500 ] 
2024-04-02 00:42:19,174 - [Epoch  50 / 1000] rec_loss: 2.4360 cl_loss: 0.0000 
2024-04-02 00:42:19,486 - Epoch  50 Test set [precision@1: 0.4100 precision@2: 0.2800 precision@3: 0.2200 ] Test set [recall@1: 0.4100 recall@2: 0.5500 recall@3: 0.6500 ] Test set [f1score@1: 0.4100 f1score@2: 0.3700 f1score@3: 0.3200 ] Test set [accuracy@1: 0.4100 accuracy@2: 0.5500 accuracy@3: 0.6500 ] 
2024-04-02 00:42:20,224 - [Epoch  51 / 1000] rec_loss: 2.4558 cl_loss: 0.0000 
2024-04-02 00:42:20,543 - Epoch  51 Test set [precision@1: 0.4200 precision@2: 0.2800 precision@3: 0.2300 ] Test set [recall@1: 0.4200 recall@2: 0.5700 recall@3: 0.7000 ] Test set [f1score@1: 0.4200 f1score@2: 0.3800 f1score@3: 0.3500 ] Test set [accuracy@1: 0.4200 accuracy@2: 0.5700 accuracy@3: 0.7000 ] 
2024-04-02 00:42:21,262 - [Epoch  52 / 1000] rec_loss: 2.5560 cl_loss: 0.0000 
2024-04-02 00:42:21,573 - Epoch  52 Test set [precision@1: 0.4300 precision@2: 0.2800 precision@3: 0.2400 ] Test set [recall@1: 0.4300 recall@2: 0.5600 recall@3: 0.7100 ] Test set [f1score@1: 0.4300 f1score@2: 0.3700 f1score@3: 0.3500 ] Test set [accuracy@1: 0.4300 accuracy@2: 0.5600 accuracy@3: 0.7100 ] 
2024-04-02 00:42:22,284 - [Epoch  53 / 1000] rec_loss: 2.4850 cl_loss: 0.0000 
2024-04-02 00:42:22,609 - Epoch  53 Test set [precision@1: 0.4400 precision@2: 0.2800 precision@3: 0.2400 ] Test set [recall@1: 0.4400 recall@2: 0.5700 recall@3: 0.7100 ] Test set [f1score@1: 0.4400 f1score@2: 0.3800 f1score@3: 0.3500 ] Test set [accuracy@1: 0.4400 accuracy@2: 0.5700 accuracy@3: 0.7100 ] 
2024-04-02 00:42:23,348 - [Epoch  54 / 1000] rec_loss: 2.3219 cl_loss: 0.0000 
2024-04-02 00:42:23,675 - Epoch  54 Test set [precision@1: 0.4400 precision@2: 0.3000 precision@3: 0.2400 ] Test set [recall@1: 0.4400 recall@2: 0.6000 recall@3: 0.7100 ] Test set [f1score@1: 0.4400 f1score@2: 0.4000 f1score@3: 0.3500 ] Test set [accuracy@1: 0.4400 accuracy@2: 0.6000 accuracy@3: 0.7100 ] 
2024-04-02 00:42:24,382 - [Epoch  55 / 1000] rec_loss: 2.7933 cl_loss: 0.0000 
2024-04-02 00:42:24,693 - Epoch  55 Test set [precision@1: 0.4200 precision@2: 0.3100 precision@3: 0.2300 ] Test set [recall@1: 0.4200 recall@2: 0.6100 recall@3: 0.6800 ] Test set [f1score@1: 0.4200 f1score@2: 0.4100 f1score@3: 0.3400 ] Test set [accuracy@1: 0.4200 accuracy@2: 0.6100 accuracy@3: 0.6800 ] 
2024-04-02 00:42:25,400 - [Epoch  56 / 1000] rec_loss: 2.4652 cl_loss: 0.0000 
2024-04-02 00:42:25,709 - Epoch  56 Test set [precision@1: 0.4000 precision@2: 0.2900 precision@3: 0.2300 ] Test set [recall@1: 0.4000 recall@2: 0.5900 recall@3: 0.6800 ] Test set [f1score@1: 0.4000 f1score@2: 0.3900 f1score@3: 0.3400 ] Test set [accuracy@1: 0.4000 accuracy@2: 0.5900 accuracy@3: 0.6800 ] 
2024-04-02 00:42:26,420 - [Epoch  57 / 1000] rec_loss: 2.4160 cl_loss: 0.0000 
2024-04-02 00:42:26,726 - Epoch  57 Test set [precision@1: 0.4200 precision@2: 0.3000 precision@3: 0.2300 ] Test set [recall@1: 0.4200 recall@2: 0.6000 recall@3: 0.6900 ] Test set [f1score@1: 0.4200 f1score@2: 0.4000 f1score@3: 0.3400 ] Test set [accuracy@1: 0.4200 accuracy@2: 0.6000 accuracy@3: 0.6900 ] 
2024-04-02 00:42:27,437 - [Epoch  58 / 1000] rec_loss: 2.3460 cl_loss: 0.0000 
2024-04-02 00:42:27,746 - Epoch  58 Test set [precision@1: 0.4200 precision@2: 0.3100 precision@3: 0.2400 ] Test set [recall@1: 0.4200 recall@2: 0.6200 recall@3: 0.7100 ] Test set [f1score@1: 0.4200 f1score@2: 0.4100 f1score@3: 0.3500 ] Test set [accuracy@1: 0.4200 accuracy@2: 0.6200 accuracy@3: 0.7100 ] 
2024-04-02 00:42:28,461 - [Epoch  59 / 1000] rec_loss: 2.5287 cl_loss: 0.0000 
2024-04-02 00:42:28,773 - Epoch  59 Test set [precision@1: 0.4200 precision@2: 0.3100 precision@3: 0.2400 ] Test set [recall@1: 0.4200 recall@2: 0.6200 recall@3: 0.7300 ] Test set [f1score@1: 0.4200 f1score@2: 0.4100 f1score@3: 0.3700 ] Test set [accuracy@1: 0.4200 accuracy@2: 0.6200 accuracy@3: 0.7300 ] 
2024-04-02 00:42:29,494 - [Epoch  60 / 1000] rec_loss: 2.4261 cl_loss: 0.0000 
2024-04-02 00:42:29,808 - Epoch  60 Test set [precision@1: 0.4700 precision@2: 0.3100 precision@3: 0.2400 ] Test set [recall@1: 0.4700 recall@2: 0.6200 recall@3: 0.7100 ] Test set [f1score@1: 0.4700 f1score@2: 0.4100 f1score@3: 0.3500 ] Test set [accuracy@1: 0.4700 accuracy@2: 0.6200 accuracy@3: 0.7100 ] 
2024-04-02 00:42:30,536 - [Epoch  61 / 1000] rec_loss: 2.4130 cl_loss: 0.0000 
2024-04-02 00:42:30,847 - Epoch  61 Test set [precision@1: 0.4300 precision@2: 0.3100 precision@3: 0.2500 ] Test set [recall@1: 0.4300 recall@2: 0.6300 recall@3: 0.7600 ] Test set [f1score@1: 0.4300 f1score@2: 0.4200 f1score@3: 0.3800 ] Test set [accuracy@1: 0.4300 accuracy@2: 0.6300 accuracy@3: 0.7600 ] 
2024-04-02 00:42:31,592 - [Epoch  62 / 1000] rec_loss: 2.4370 cl_loss: 0.0000 
2024-04-02 00:42:31,908 - Epoch  62 Test set [precision@1: 0.4300 precision@2: 0.3100 precision@3: 0.2500 ] Test set [recall@1: 0.4300 recall@2: 0.6200 recall@3: 0.7600 ] Test set [f1score@1: 0.4300 f1score@2: 0.4100 f1score@3: 0.3800 ] Test set [accuracy@1: 0.4300 accuracy@2: 0.6200 accuracy@3: 0.7600 ] 
2024-04-02 00:42:32,640 - [Epoch  63 / 1000] rec_loss: 2.3187 cl_loss: 0.0000 
2024-04-02 00:42:32,981 - Epoch  63 Test set [precision@1: 0.4000 precision@2: 0.3200 precision@3: 0.2500 ] Test set [recall@1: 0.4000 recall@2: 0.6400 recall@3: 0.7600 ] Test set [f1score@1: 0.4000 f1score@2: 0.4300 f1score@3: 0.3800 ] Test set [accuracy@1: 0.4000 accuracy@2: 0.6400 accuracy@3: 0.7600 ] 
2024-04-02 00:42:33,708 - [Epoch  64 / 1000] rec_loss: 2.2589 cl_loss: 0.0000 
2024-04-02 00:42:34,023 - Epoch  64 Test set [precision@1: 0.4100 precision@2: 0.3100 precision@3: 0.2500 ] Test set [recall@1: 0.4100 recall@2: 0.6100 recall@3: 0.7600 ] Test set [f1score@1: 0.4100 f1score@2: 0.4100 f1score@3: 0.3800 ] Test set [accuracy@1: 0.4100 accuracy@2: 0.6100 accuracy@3: 0.7600 ] 
2024-04-02 00:42:34,737 - [Epoch  65 / 1000] rec_loss: 2.3976 cl_loss: 0.0000 
2024-04-02 00:42:35,065 - Epoch  65 Test set [precision@1: 0.3800 precision@2: 0.3100 precision@3: 0.2500 ] Test set [recall@1: 0.3800 recall@2: 0.6300 recall@3: 0.7600 ] Test set [f1score@1: 0.3800 f1score@2: 0.4200 f1score@3: 0.3800 ] Test set [accuracy@1: 0.3800 accuracy@2: 0.6300 accuracy@3: 0.7600 ] 
2024-04-02 00:42:35,786 - [Epoch  66 / 1000] rec_loss: 2.2955 cl_loss: 0.0000 
2024-04-02 00:42:36,108 - Epoch  66 Test set [precision@1: 0.3800 precision@2: 0.3100 precision@3: 0.2500 ] Test set [recall@1: 0.3800 recall@2: 0.6200 recall@3: 0.7500 ] Test set [f1score@1: 0.3800 f1score@2: 0.4100 f1score@3: 0.3800 ] Test set [accuracy@1: 0.3800 accuracy@2: 0.6200 accuracy@3: 0.7500 ] 
2024-04-02 00:42:36,823 - [Epoch  67 / 1000] rec_loss: 2.3879 cl_loss: 0.0000 
2024-04-02 00:42:37,147 - Epoch  67 Test set [precision@1: 0.3800 precision@2: 0.3100 precision@3: 0.2500 ] Test set [recall@1: 0.3800 recall@2: 0.6200 recall@3: 0.7500 ] Test set [f1score@1: 0.3800 f1score@2: 0.4100 f1score@3: 0.3800 ] Test set [accuracy@1: 0.3800 accuracy@2: 0.6200 accuracy@3: 0.7500 ] 
2024-04-02 00:42:37,870 - [Epoch  68 / 1000] rec_loss: 2.3170 cl_loss: 0.0000 
2024-04-02 00:42:38,203 - Epoch  68 Test set [precision@1: 0.4000 precision@2: 0.3100 precision@3: 0.2500 ] Test set [recall@1: 0.4000 recall@2: 0.6300 recall@3: 0.7600 ] Test set [f1score@1: 0.4000 f1score@2: 0.4200 f1score@3: 0.3800 ] Test set [accuracy@1: 0.4000 accuracy@2: 0.6300 accuracy@3: 0.7600 ] 
2024-04-02 00:42:38,916 - [Epoch  69 / 1000] rec_loss: 2.3157 cl_loss: 0.0000 
2024-04-02 00:42:39,236 - Epoch  69 Test set [precision@1: 0.3800 precision@2: 0.3100 precision@3: 0.2600 ] Test set [recall@1: 0.3800 recall@2: 0.6300 recall@3: 0.7700 ] Test set [f1score@1: 0.3800 f1score@2: 0.4200 f1score@3: 0.3800 ] Test set [accuracy@1: 0.3800 accuracy@2: 0.6300 accuracy@3: 0.7700 ] 
2024-04-02 00:42:39,968 - [Epoch  70 / 1000] rec_loss: 2.2752 cl_loss: 0.0000 
2024-04-02 00:42:40,288 - Epoch  70 Test set [precision@1: 0.3400 precision@2: 0.3100 precision@3: 0.2600 ] Test set [recall@1: 0.3400 recall@2: 0.6300 recall@3: 0.7700 ] Test set [f1score@1: 0.3400 f1score@2: 0.4200 f1score@3: 0.3800 ] Test set [accuracy@1: 0.3400 accuracy@2: 0.6300 accuracy@3: 0.7700 ] 
2024-04-02 00:42:41,001 - [Epoch  71 / 1000] rec_loss: 2.2355 cl_loss: 0.0000 
2024-04-02 00:42:41,324 - Epoch  71 Test set [precision@1: 0.4000 precision@2: 0.3100 precision@3: 0.2500 ] Test set [recall@1: 0.4000 recall@2: 0.6100 recall@3: 0.7400 ] Test set [f1score@1: 0.4000 f1score@2: 0.4100 f1score@3: 0.3700 ] Test set [accuracy@1: 0.4000 accuracy@2: 0.6100 accuracy@3: 0.7400 ] 
2024-04-02 00:42:42,067 - [Epoch  72 / 1000] rec_loss: 2.2553 cl_loss: 0.0000 
2024-04-02 00:42:42,387 - Epoch  72 Test set [precision@1: 0.3700 precision@2: 0.3100 precision@3: 0.2500 ] Test set [recall@1: 0.3700 recall@2: 0.6200 recall@3: 0.7500 ] Test set [f1score@1: 0.3700 f1score@2: 0.4100 f1score@3: 0.3800 ] Test set [accuracy@1: 0.3700 accuracy@2: 0.6200 accuracy@3: 0.7500 ] 
2024-04-02 00:42:43,115 - [Epoch  73 / 1000] rec_loss: 2.2248 cl_loss: 0.0000 
2024-04-02 00:42:43,427 - Epoch  73 Test set [precision@1: 0.3900 precision@2: 0.3100 precision@3: 0.2500 ] Test set [recall@1: 0.3900 recall@2: 0.6300 recall@3: 0.7600 ] Test set [f1score@1: 0.3900 f1score@2: 0.4200 f1score@3: 0.3800 ] Test set [accuracy@1: 0.3900 accuracy@2: 0.6300 accuracy@3: 0.7600 ] 
2024-04-02 00:42:44,133 - [Epoch  74 / 1000] rec_loss: 2.1899 cl_loss: 0.0000 
2024-04-02 00:42:44,459 - Epoch  74 Test set [precision@1: 0.3600 precision@2: 0.3100 precision@3: 0.2500 ] Test set [recall@1: 0.3600 recall@2: 0.6100 recall@3: 0.7500 ] Test set [f1score@1: 0.3600 f1score@2: 0.4100 f1score@3: 0.3800 ] Test set [accuracy@1: 0.3600 accuracy@2: 0.6100 accuracy@3: 0.7500 ] 
2024-04-02 00:42:45,176 - [Epoch  75 / 1000] rec_loss: 2.2723 cl_loss: 0.0000 
2024-04-02 00:42:45,495 - Epoch  75 Test set [precision@1: 0.3900 precision@2: 0.3100 precision@3: 0.2500 ] Test set [recall@1: 0.3900 recall@2: 0.6100 recall@3: 0.7500 ] Test set [f1score@1: 0.3900 f1score@2: 0.4100 f1score@3: 0.3800 ] Test set [accuracy@1: 0.3900 accuracy@2: 0.6100 accuracy@3: 0.7500 ] 
2024-04-02 00:42:46,209 - [Epoch  76 / 1000] rec_loss: 2.0464 cl_loss: 0.0000 
2024-04-02 00:42:46,527 - Epoch  76 Test set [precision@1: 0.4100 precision@2: 0.3200 precision@3: 0.2500 ] Test set [recall@1: 0.4100 recall@2: 0.6400 recall@3: 0.7600 ] Test set [f1score@1: 0.4100 f1score@2: 0.4300 f1score@3: 0.3800 ] Test set [accuracy@1: 0.4100 accuracy@2: 0.6400 accuracy@3: 0.7600 ] 
2024-04-02 00:42:47,269 - [Epoch  77 / 1000] rec_loss: 2.2200 cl_loss: 0.0000 
2024-04-02 00:42:47,576 - Epoch  77 Test set [precision@1: 0.3700 precision@2: 0.3200 precision@3: 0.2500 ] Test set [recall@1: 0.3700 recall@2: 0.6500 recall@3: 0.7500 ] Test set [f1score@1: 0.3700 f1score@2: 0.4300 f1score@3: 0.3800 ] Test set [accuracy@1: 0.3700 accuracy@2: 0.6500 accuracy@3: 0.7500 ] 
2024-04-02 00:42:48,276 - [Epoch  78 / 1000] rec_loss: 2.3012 cl_loss: 0.0000 
2024-04-02 00:42:48,584 - Epoch  78 Test set [precision@1: 0.3600 precision@2: 0.3300 precision@3: 0.2500 ] Test set [recall@1: 0.3600 recall@2: 0.6600 recall@3: 0.7600 ] Test set [f1score@1: 0.3600 f1score@2: 0.4400 f1score@3: 0.3800 ] Test set [accuracy@1: 0.3600 accuracy@2: 0.6600 accuracy@3: 0.7600 ] 
2024-04-02 00:42:49,286 - [Epoch  79 / 1000] rec_loss: 2.1751 cl_loss: 0.0000 
2024-04-02 00:42:49,611 - Epoch  79 Test set [precision@1: 0.3800 precision@2: 0.3400 precision@3: 0.2500 ] Test set [recall@1: 0.3800 recall@2: 0.6900 recall@3: 0.7500 ] Test set [f1score@1: 0.3800 f1score@2: 0.4600 f1score@3: 0.3800 ] Test set [accuracy@1: 0.3800 accuracy@2: 0.6900 accuracy@3: 0.7500 ] 
2024-04-02 00:42:50,319 - [Epoch  80 / 1000] rec_loss: 2.0830 cl_loss: 0.0000 
2024-04-02 00:42:50,631 - Epoch  80 Test set [precision@1: 0.4300 precision@2: 0.3400 precision@3: 0.2600 ] Test set [recall@1: 0.4300 recall@2: 0.6800 recall@3: 0.7700 ] Test set [f1score@1: 0.4300 f1score@2: 0.4500 f1score@3: 0.3800 ] Test set [accuracy@1: 0.4300 accuracy@2: 0.6800 accuracy@3: 0.7700 ] 
2024-04-02 00:42:51,337 - [Epoch  81 / 1000] rec_loss: 2.1530 cl_loss: 0.0000 
2024-04-02 00:42:51,645 - Epoch  81 Test set [precision@1: 0.4300 precision@2: 0.3400 precision@3: 0.2600 ] Test set [recall@1: 0.4300 recall@2: 0.6900 recall@3: 0.7700 ] Test set [f1score@1: 0.4300 f1score@2: 0.4600 f1score@3: 0.3800 ] Test set [accuracy@1: 0.4300 accuracy@2: 0.6900 accuracy@3: 0.7700 ] 
2024-04-02 00:42:52,356 - [Epoch  82 / 1000] rec_loss: 2.3095 cl_loss: 0.0000 
2024-04-02 00:42:52,668 - Epoch  82 Test set [precision@1: 0.4600 precision@2: 0.3500 precision@3: 0.2600 ] Test set [recall@1: 0.4600 recall@2: 0.7000 recall@3: 0.7700 ] Test set [f1score@1: 0.4600 f1score@2: 0.4700 f1score@3: 0.3800 ] Test set [accuracy@1: 0.4600 accuracy@2: 0.7000 accuracy@3: 0.7700 ] 
2024-04-02 00:42:53,394 - [Epoch  83 / 1000] rec_loss: 2.0893 cl_loss: 0.0000 
2024-04-02 00:42:53,709 - Epoch  83 Test set [precision@1: 0.4700 precision@2: 0.3400 precision@3: 0.2600 ] Test set [recall@1: 0.4700 recall@2: 0.6900 recall@3: 0.7700 ] Test set [f1score@1: 0.4700 f1score@2: 0.4600 f1score@3: 0.3800 ] Test set [accuracy@1: 0.4700 accuracy@2: 0.6900 accuracy@3: 0.7700 ] 
2024-04-02 00:42:54,448 - [Epoch  84 / 1000] rec_loss: 2.2544 cl_loss: 0.0000 
2024-04-02 00:42:54,763 - Epoch  84 Test set [precision@1: 0.4900 precision@2: 0.3500 precision@3: 0.2600 ] Test set [recall@1: 0.4900 recall@2: 0.7000 recall@3: 0.7700 ] Test set [f1score@1: 0.4900 f1score@2: 0.4700 f1score@3: 0.3800 ] Test set [accuracy@1: 0.4900 accuracy@2: 0.7000 accuracy@3: 0.7700 ] 
2024-04-02 00:42:55,479 - [Epoch  85 / 1000] rec_loss: 2.0704 cl_loss: 0.0000 
2024-04-02 00:42:55,797 - Epoch  85 Test set [precision@1: 0.4900 precision@2: 0.3500 precision@3: 0.2500 ] Test set [recall@1: 0.4900 recall@2: 0.7000 recall@3: 0.7600 ] Test set [f1score@1: 0.4900 f1score@2: 0.4700 f1score@3: 0.3800 ] Test set [accuracy@1: 0.4900 accuracy@2: 0.7000 accuracy@3: 0.7600 ] 
2024-04-02 00:42:56,541 - [Epoch  86 / 1000] rec_loss: 2.0976 cl_loss: 0.0000 
2024-04-02 00:42:56,859 - Epoch  86 Test set [precision@1: 0.4800 precision@2: 0.3400 precision@3: 0.2500 ] Test set [recall@1: 0.4800 recall@2: 0.6900 recall@3: 0.7600 ] Test set [f1score@1: 0.4800 f1score@2: 0.4600 f1score@3: 0.3800 ] Test set [accuracy@1: 0.4800 accuracy@2: 0.6900 accuracy@3: 0.7600 ] 
2024-04-02 00:42:57,570 - [Epoch  87 / 1000] rec_loss: 1.9971 cl_loss: 0.0000 
2024-04-02 00:42:57,885 - Epoch  87 Test set [precision@1: 0.5000 precision@2: 0.3500 precision@3: 0.2500 ] Test set [recall@1: 0.5000 recall@2: 0.7100 recall@3: 0.7600 ] Test set [f1score@1: 0.5000 f1score@2: 0.4700 f1score@3: 0.3800 ] Test set [accuracy@1: 0.5000 accuracy@2: 0.7100 accuracy@3: 0.7600 ] 
2024-04-02 00:42:58,607 - [Epoch  88 / 1000] rec_loss: 2.1309 cl_loss: 0.0000 
2024-04-02 00:42:58,915 - Epoch  88 Test set [precision@1: 0.4900 precision@2: 0.3400 precision@3: 0.2600 ] Test set [recall@1: 0.4900 recall@2: 0.6800 recall@3: 0.7800 ] Test set [f1score@1: 0.4900 f1score@2: 0.4500 f1score@3: 0.3900 ] Test set [accuracy@1: 0.4900 accuracy@2: 0.6800 accuracy@3: 0.7800 ] 
2024-04-02 00:42:59,630 - [Epoch  89 / 1000] rec_loss: 1.9934 cl_loss: 0.0000 
2024-04-02 00:42:59,940 - Epoch  89 Test set [precision@1: 0.5000 precision@2: 0.3400 precision@3: 0.2600 ] Test set [recall@1: 0.5000 recall@2: 0.6800 recall@3: 0.7700 ] Test set [f1score@1: 0.5000 f1score@2: 0.4500 f1score@3: 0.3800 ] Test set [accuracy@1: 0.5000 accuracy@2: 0.6800 accuracy@3: 0.7700 ] 
2024-04-02 00:43:00,658 - [Epoch  90 / 1000] rec_loss: 2.0714 cl_loss: 0.0000 
2024-04-02 00:43:00,976 - Epoch  90 Test set [precision@1: 0.5000 precision@2: 0.3400 precision@3: 0.2600 ] Test set [recall@1: 0.5000 recall@2: 0.6800 recall@3: 0.7700 ] Test set [f1score@1: 0.5000 f1score@2: 0.4500 f1score@3: 0.3800 ] Test set [accuracy@1: 0.5000 accuracy@2: 0.6800 accuracy@3: 0.7700 ] 
2024-04-02 00:43:01,695 - [Epoch  91 / 1000] rec_loss: 1.9224 cl_loss: 0.0000 
2024-04-02 00:43:02,011 - Epoch  91 Test set [precision@1: 0.4900 precision@2: 0.3400 precision@3: 0.2600 ] Test set [recall@1: 0.4900 recall@2: 0.6700 recall@3: 0.7900 ] Test set [f1score@1: 0.4900 f1score@2: 0.4500 f1score@3: 0.4000 ] Test set [accuracy@1: 0.4900 accuracy@2: 0.6700 accuracy@3: 0.7900 ] 
2024-04-02 00:43:02,747 - [Epoch  92 / 1000] rec_loss: 2.2410 cl_loss: 0.0000 
2024-04-02 00:43:03,102 - Epoch  92 Test set [precision@1: 0.4800 precision@2: 0.3400 precision@3: 0.2600 ] Test set [recall@1: 0.4800 recall@2: 0.6800 recall@3: 0.7900 ] Test set [f1score@1: 0.4800 f1score@2: 0.4500 f1score@3: 0.4000 ] Test set [accuracy@1: 0.4800 accuracy@2: 0.6800 accuracy@3: 0.7900 ] 
2024-04-02 00:43:03,836 - [Epoch  93 / 1000] rec_loss: 2.1764 cl_loss: 0.0000 
2024-04-02 00:43:04,157 - Epoch  93 Test set [precision@1: 0.4800 precision@2: 0.3400 precision@3: 0.2600 ] Test set [recall@1: 0.4800 recall@2: 0.6900 recall@3: 0.7900 ] Test set [f1score@1: 0.4800 f1score@2: 0.4600 f1score@3: 0.4000 ] Test set [accuracy@1: 0.4800 accuracy@2: 0.6900 accuracy@3: 0.7900 ] 
2024-04-02 00:43:04,876 - [Epoch  94 / 1000] rec_loss: 2.0322 cl_loss: 0.0000 
2024-04-02 00:43:05,198 - Epoch  94 Test set [precision@1: 0.4700 precision@2: 0.3400 precision@3: 0.2600 ] Test set [recall@1: 0.4700 recall@2: 0.6900 recall@3: 0.7900 ] Test set [f1score@1: 0.4700 f1score@2: 0.4600 f1score@3: 0.4000 ] Test set [accuracy@1: 0.4700 accuracy@2: 0.6900 accuracy@3: 0.7900 ] 
2024-04-02 00:43:05,925 - [Epoch  95 / 1000] rec_loss: 2.1682 cl_loss: 0.0000 
2024-04-02 00:43:06,240 - Epoch  95 Test set [precision@1: 0.4800 precision@2: 0.3400 precision@3: 0.2600 ] Test set [recall@1: 0.4800 recall@2: 0.6900 recall@3: 0.7900 ] Test set [f1score@1: 0.4800 f1score@2: 0.4600 f1score@3: 0.4000 ] Test set [accuracy@1: 0.4800 accuracy@2: 0.6900 accuracy@3: 0.7900 ] 
2024-04-02 00:43:06,965 - [Epoch  96 / 1000] rec_loss: 2.1210 cl_loss: 0.0000 
2024-04-02 00:43:07,288 - Epoch  96 Test set [precision@1: 0.4800 precision@2: 0.3400 precision@3: 0.2600 ] Test set [recall@1: 0.4800 recall@2: 0.6900 recall@3: 0.7900 ] Test set [f1score@1: 0.4800 f1score@2: 0.4600 f1score@3: 0.4000 ] Test set [accuracy@1: 0.4800 accuracy@2: 0.6900 accuracy@3: 0.7900 ] 
2024-04-02 00:43:08,029 - [Epoch  97 / 1000] rec_loss: 2.0278 cl_loss: 0.0000 
2024-04-02 00:43:08,340 - Epoch  97 Test set [precision@1: 0.4800 precision@2: 0.3400 precision@3: 0.2600 ] Test set [recall@1: 0.4800 recall@2: 0.6800 recall@3: 0.7900 ] Test set [f1score@1: 0.4800 f1score@2: 0.4500 f1score@3: 0.4000 ] Test set [accuracy@1: 0.4800 accuracy@2: 0.6800 accuracy@3: 0.7900 ] 
2024-04-02 00:43:09,054 - [Epoch  98 / 1000] rec_loss: 2.0602 cl_loss: 0.0000 
2024-04-02 00:43:09,374 - Epoch  98 Test set [precision@1: 0.4900 precision@2: 0.3400 precision@3: 0.2600 ] Test set [recall@1: 0.4900 recall@2: 0.6700 recall@3: 0.7800 ] Test set [f1score@1: 0.4900 f1score@2: 0.4500 f1score@3: 0.3900 ] Test set [accuracy@1: 0.4900 accuracy@2: 0.6700 accuracy@3: 0.7800 ] 
2024-04-02 00:43:10,120 - [Epoch  99 / 1000] rec_loss: 2.0547 cl_loss: 0.0000 
2024-04-02 00:43:10,447 - Epoch  99 Test set [precision@1: 0.4800 precision@2: 0.3400 precision@3: 0.2600 ] Test set [recall@1: 0.4800 recall@2: 0.6700 recall@3: 0.7800 ] Test set [f1score@1: 0.4800 f1score@2: 0.4500 f1score@3: 0.3900 ] Test set [accuracy@1: 0.4800 accuracy@2: 0.6700 accuracy@3: 0.7800 ] 
2024-04-02 00:43:11,188 - [Epoch 100 / 1000] rec_loss: 1.9359 cl_loss: 0.0000 
2024-04-02 00:43:11,507 - Epoch 100 Test set [precision@1: 0.4800 precision@2: 0.3400 precision@3: 0.2600 ] Test set [recall@1: 0.4800 recall@2: 0.6900 recall@3: 0.7800 ] Test set [f1score@1: 0.4800 f1score@2: 0.4600 f1score@3: 0.3900 ] Test set [accuracy@1: 0.4800 accuracy@2: 0.6900 accuracy@3: 0.7800 ] 
2024-04-02 00:43:12,243 - [Epoch 101 / 1000] rec_loss: 2.1880 cl_loss: 0.0000 
2024-04-02 00:43:12,556 - Epoch 101 Test set [precision@1: 0.4800 precision@2: 0.3400 precision@3: 0.2600 ] Test set [recall@1: 0.4800 recall@2: 0.6900 recall@3: 0.7800 ] Test set [f1score@1: 0.4800 f1score@2: 0.4600 f1score@3: 0.3900 ] Test set [accuracy@1: 0.4800 accuracy@2: 0.6900 accuracy@3: 0.7800 ] 
2024-04-02 00:43:13,280 - [Epoch 102 / 1000] rec_loss: 2.0137 cl_loss: 0.0000 
2024-04-02 00:43:13,593 - Epoch 102 Test set [precision@1: 0.4900 precision@2: 0.3400 precision@3: 0.2600 ] Test set [recall@1: 0.4900 recall@2: 0.6900 recall@3: 0.7900 ] Test set [f1score@1: 0.4900 f1score@2: 0.4600 f1score@3: 0.4000 ] Test set [accuracy@1: 0.4900 accuracy@2: 0.6900 accuracy@3: 0.7900 ] 
2024-04-02 00:43:14,313 - [Epoch 103 / 1000] rec_loss: 1.9165 cl_loss: 0.0000 
2024-04-02 00:43:14,627 - Epoch 103 Test set [precision@1: 0.5000 precision@2: 0.3400 precision@3: 0.2600 ] Test set [recall@1: 0.5000 recall@2: 0.6800 recall@3: 0.7900 ] Test set [f1score@1: 0.5000 f1score@2: 0.4500 f1score@3: 0.4000 ] Test set [accuracy@1: 0.5000 accuracy@2: 0.6800 accuracy@3: 0.7900 ] 
2024-04-02 00:43:15,356 - [Epoch 104 / 1000] rec_loss: 2.0321 cl_loss: 0.0000 
2024-04-02 00:43:15,665 - Epoch 104 Test set [precision@1: 0.4700 precision@2: 0.3400 precision@3: 0.2600 ] Test set [recall@1: 0.4700 recall@2: 0.6900 recall@3: 0.7700 ] Test set [f1score@1: 0.4700 f1score@2: 0.4600 f1score@3: 0.3800 ] Test set [accuracy@1: 0.4700 accuracy@2: 0.6900 accuracy@3: 0.7700 ] 
2024-04-02 00:43:16,387 - [Epoch 105 / 1000] rec_loss: 2.1193 cl_loss: 0.0000 
2024-04-02 00:43:16,710 - Epoch 105 Test set [precision@1: 0.5000 precision@2: 0.3400 precision@3: 0.2600 ] Test set [recall@1: 0.5000 recall@2: 0.6900 recall@3: 0.7700 ] Test set [f1score@1: 0.5000 f1score@2: 0.4600 f1score@3: 0.3800 ] Test set [accuracy@1: 0.5000 accuracy@2: 0.6900 accuracy@3: 0.7700 ] 
2024-04-02 00:43:17,438 - [Epoch 106 / 1000] rec_loss: 2.1074 cl_loss: 0.0000 
2024-04-02 00:43:17,747 - Epoch 106 Test set [precision@1: 0.4800 precision@2: 0.3400 precision@3: 0.2600 ] Test set [recall@1: 0.4800 recall@2: 0.6900 recall@3: 0.7700 ] Test set [f1score@1: 0.4800 f1score@2: 0.4600 f1score@3: 0.3800 ] Test set [accuracy@1: 0.4800 accuracy@2: 0.6900 accuracy@3: 0.7700 ] 
2024-04-02 00:43:18,468 - [Epoch 107 / 1000] rec_loss: 1.9819 cl_loss: 0.0000 
2024-04-02 00:43:18,782 - Epoch 107 Test set [precision@1: 0.5000 precision@2: 0.3400 precision@3: 0.2500 ] Test set [recall@1: 0.5000 recall@2: 0.6800 recall@3: 0.7600 ] Test set [f1score@1: 0.5000 f1score@2: 0.4500 f1score@3: 0.3800 ] Test set [accuracy@1: 0.5000 accuracy@2: 0.6800 accuracy@3: 0.7600 ] 
2024-04-02 00:43:19,483 - [Epoch 108 / 1000] rec_loss: 1.8637 cl_loss: 0.0000 
2024-04-02 00:43:19,791 - Epoch 108 Test set [precision@1: 0.4900 precision@2: 0.3400 precision@3: 0.2600 ] Test set [recall@1: 0.4900 recall@2: 0.6800 recall@3: 0.7700 ] Test set [f1score@1: 0.4900 f1score@2: 0.4500 f1score@3: 0.3800 ] Test set [accuracy@1: 0.4900 accuracy@2: 0.6800 accuracy@3: 0.7700 ] 
2024-04-02 00:43:20,518 - [Epoch 109 / 1000] rec_loss: 1.8783 cl_loss: 0.0000 
2024-04-02 00:43:20,828 - Epoch 109 Test set [precision@1: 0.5000 precision@2: 0.3400 precision@3: 0.2600 ] Test set [recall@1: 0.5000 recall@2: 0.6800 recall@3: 0.7700 ] Test set [f1score@1: 0.5000 f1score@2: 0.4500 f1score@3: 0.3800 ] Test set [accuracy@1: 0.5000 accuracy@2: 0.6800 accuracy@3: 0.7700 ] 
2024-04-02 00:43:21,535 - [Epoch 110 / 1000] rec_loss: 1.9350 cl_loss: 0.0000 
2024-04-02 00:43:21,845 - Epoch 110 Test set [precision@1: 0.5100 precision@2: 0.3400 precision@3: 0.2600 ] Test set [recall@1: 0.5100 recall@2: 0.6800 recall@3: 0.7800 ] Test set [f1score@1: 0.5100 f1score@2: 0.4500 f1score@3: 0.3900 ] Test set [accuracy@1: 0.5100 accuracy@2: 0.6800 accuracy@3: 0.7800 ] 
2024-04-02 00:43:22,573 - [Epoch 111 / 1000] rec_loss: 1.7890 cl_loss: 0.0000 
2024-04-02 00:43:22,900 - Epoch 111 Test set [precision@1: 0.5100 precision@2: 0.3400 precision@3: 0.2600 ] Test set [recall@1: 0.5100 recall@2: 0.6700 recall@3: 0.7800 ] Test set [f1score@1: 0.5100 f1score@2: 0.4500 f1score@3: 0.3900 ] Test set [accuracy@1: 0.5100 accuracy@2: 0.6700 accuracy@3: 0.7800 ] 
2024-04-02 00:43:23,626 - [Epoch 112 / 1000] rec_loss: 1.8373 cl_loss: 0.0000 
2024-04-02 00:43:23,956 - Epoch 112 Test set [precision@1: 0.5100 precision@2: 0.3400 precision@3: 0.2600 ] Test set [recall@1: 0.5100 recall@2: 0.6700 recall@3: 0.7700 ] Test set [f1score@1: 0.5100 f1score@2: 0.4500 f1score@3: 0.3800 ] Test set [accuracy@1: 0.5100 accuracy@2: 0.6700 accuracy@3: 0.7700 ] 
2024-04-02 00:43:24,670 - [Epoch 113 / 1000] rec_loss: 1.8300 cl_loss: 0.0000 
2024-04-02 00:43:24,976 - Epoch 113 Test set [precision@1: 0.5000 precision@2: 0.3400 precision@3: 0.2500 ] Test set [recall@1: 0.5000 recall@2: 0.6700 recall@3: 0.7500 ] Test set [f1score@1: 0.5000 f1score@2: 0.4500 f1score@3: 0.3800 ] Test set [accuracy@1: 0.5000 accuracy@2: 0.6700 accuracy@3: 0.7500 ] 
2024-04-02 00:43:25,699 - [Epoch 114 / 1000] rec_loss: 1.9157 cl_loss: 0.0000 
2024-04-02 00:43:26,013 - Epoch 114 Test set [precision@1: 0.5200 precision@2: 0.3400 precision@3: 0.2500 ] Test set [recall@1: 0.5200 recall@2: 0.6700 recall@3: 0.7600 ] Test set [f1score@1: 0.5200 f1score@2: 0.4500 f1score@3: 0.3800 ] Test set [accuracy@1: 0.5200 accuracy@2: 0.6700 accuracy@3: 0.7600 ] 
2024-04-02 00:43:26,746 - [Epoch 115 / 1000] rec_loss: 1.9768 cl_loss: 0.0000 
2024-04-02 00:43:27,073 - Epoch 115 Test set [precision@1: 0.4900 precision@2: 0.3400 precision@3: 0.2500 ] Test set [recall@1: 0.4900 recall@2: 0.6700 recall@3: 0.7600 ] Test set [f1score@1: 0.4900 f1score@2: 0.4500 f1score@3: 0.3800 ] Test set [accuracy@1: 0.4900 accuracy@2: 0.6700 accuracy@3: 0.7600 ] 
2024-04-02 00:43:27,809 - [Epoch 116 / 1000] rec_loss: 1.9671 cl_loss: 0.0000 
2024-04-02 00:43:28,128 - Epoch 116 Test set [precision@1: 0.5000 precision@2: 0.3400 precision@3: 0.2500 ] Test set [recall@1: 0.5000 recall@2: 0.6700 recall@3: 0.7600 ] Test set [f1score@1: 0.5000 f1score@2: 0.4500 f1score@3: 0.3800 ] Test set [accuracy@1: 0.5000 accuracy@2: 0.6700 accuracy@3: 0.7600 ] 
2024-04-02 00:43:28,871 - [Epoch 117 / 1000] rec_loss: 1.8995 cl_loss: 0.0000 
2024-04-02 00:43:29,193 - Epoch 117 Test set [precision@1: 0.4900 precision@2: 0.3400 precision@3: 0.2600 ] Test set [recall@1: 0.4900 recall@2: 0.6800 recall@3: 0.7700 ] Test set [f1score@1: 0.4900 f1score@2: 0.4500 f1score@3: 0.3800 ] Test set [accuracy@1: 0.4900 accuracy@2: 0.6800 accuracy@3: 0.7700 ] 
2024-04-02 00:43:29,935 - [Epoch 118 / 1000] rec_loss: 1.9557 cl_loss: 0.0000 
2024-04-02 00:43:30,246 - Epoch 118 Test set [precision@1: 0.4900 precision@2: 0.3400 precision@3: 0.2600 ] Test set [recall@1: 0.4900 recall@2: 0.6800 recall@3: 0.7700 ] Test set [f1score@1: 0.4900 f1score@2: 0.4500 f1score@3: 0.3800 ] Test set [accuracy@1: 0.4900 accuracy@2: 0.6800 accuracy@3: 0.7700 ] 
2024-04-02 00:43:30,979 - [Epoch 119 / 1000] rec_loss: 1.8069 cl_loss: 0.0000 
2024-04-02 00:43:31,312 - Epoch 119 Test set [precision@1: 0.5000 precision@2: 0.3400 precision@3: 0.2500 ] Test set [recall@1: 0.5000 recall@2: 0.6900 recall@3: 0.7600 ] Test set [f1score@1: 0.5000 f1score@2: 0.4600 f1score@3: 0.3800 ] Test set [accuracy@1: 0.5000 accuracy@2: 0.6900 accuracy@3: 0.7600 ] 
2024-04-02 00:43:32,041 - [Epoch 120 / 1000] rec_loss: 1.7922 cl_loss: 0.0000 
2024-04-02 00:43:32,436 - Epoch 120 Test set [precision@1: 0.5000 precision@2: 0.3400 precision@3: 0.2500 ] Test set [recall@1: 0.5000 recall@2: 0.6800 recall@3: 0.7600 ] Test set [f1score@1: 0.5000 f1score@2: 0.4500 f1score@3: 0.3800 ] Test set [accuracy@1: 0.5000 accuracy@2: 0.6800 accuracy@3: 0.7600 ] 
2024-04-02 00:43:33,227 - [Epoch 121 / 1000] rec_loss: 1.8411 cl_loss: 0.0000 
2024-04-02 00:43:33,566 - Epoch 121 Test set [precision@1: 0.4900 precision@2: 0.3400 precision@3: 0.2500 ] Test set [recall@1: 0.4900 recall@2: 0.6800 recall@3: 0.7600 ] Test set [f1score@1: 0.4900 f1score@2: 0.4500 f1score@3: 0.3800 ] Test set [accuracy@1: 0.4900 accuracy@2: 0.6800 accuracy@3: 0.7600 ] 
2024-04-02 00:43:34,309 - [Epoch 122 / 1000] rec_loss: 2.0363 cl_loss: 0.0000 
2024-04-02 00:43:34,636 - Epoch 122 Test set [precision@1: 0.4700 precision@2: 0.3400 precision@3: 0.2600 ] Test set [recall@1: 0.4700 recall@2: 0.6800 recall@3: 0.7700 ] Test set [f1score@1: 0.4700 f1score@2: 0.4500 f1score@3: 0.3800 ] Test set [accuracy@1: 0.4700 accuracy@2: 0.6800 accuracy@3: 0.7700 ] 
2024-04-02 00:43:35,349 - [Epoch 123 / 1000] rec_loss: 1.7809 cl_loss: 0.0000 
2024-04-02 00:43:35,661 - Epoch 123 Test set [precision@1: 0.4700 precision@2: 0.3400 precision@3: 0.2600 ] Test set [recall@1: 0.4700 recall@2: 0.6800 recall@3: 0.7800 ] Test set [f1score@1: 0.4700 f1score@2: 0.4500 f1score@3: 0.3900 ] Test set [accuracy@1: 0.4700 accuracy@2: 0.6800 accuracy@3: 0.7800 ] 
2024-04-02 00:43:36,391 - [Epoch 124 / 1000] rec_loss: 1.9868 cl_loss: 0.0000 
2024-04-02 00:43:36,698 - Epoch 124 Test set [precision@1: 0.4800 precision@2: 0.3400 precision@3: 0.2600 ] Test set [recall@1: 0.4800 recall@2: 0.6900 recall@3: 0.7800 ] Test set [f1score@1: 0.4800 f1score@2: 0.4600 f1score@3: 0.3900 ] Test set [accuracy@1: 0.4800 accuracy@2: 0.6900 accuracy@3: 0.7800 ] 
2024-04-02 00:43:37,434 - [Epoch 125 / 1000] rec_loss: 1.7802 cl_loss: 0.0000 
2024-04-02 00:43:37,754 - Epoch 125 Test set [precision@1: 0.4800 precision@2: 0.3400 precision@3: 0.2600 ] Test set [recall@1: 0.4800 recall@2: 0.6700 recall@3: 0.7700 ] Test set [f1score@1: 0.4800 f1score@2: 0.4500 f1score@3: 0.3800 ] Test set [accuracy@1: 0.4800 accuracy@2: 0.6700 accuracy@3: 0.7700 ] 
2024-04-02 00:43:38,477 - [Epoch 126 / 1000] rec_loss: 1.9677 cl_loss: 0.0000 
2024-04-02 00:43:38,783 - Epoch 126 Test set [precision@1: 0.4900 precision@2: 0.3400 precision@3: 0.2600 ] Test set [recall@1: 0.4900 recall@2: 0.6700 recall@3: 0.7900 ] Test set [f1score@1: 0.4900 f1score@2: 0.4500 f1score@3: 0.4000 ] Test set [accuracy@1: 0.4900 accuracy@2: 0.6700 accuracy@3: 0.7900 ] 
2024-04-02 00:43:39,488 - [Epoch 127 / 1000] rec_loss: 1.7328 cl_loss: 0.0000 
2024-04-02 00:43:39,790 - Epoch 127 Test set [precision@1: 0.5500 precision@2: 0.3400 precision@3: 0.2600 ] Test set [recall@1: 0.5500 recall@2: 0.6700 recall@3: 0.7900 ] Test set [f1score@1: 0.5500 f1score@2: 0.4500 f1score@3: 0.4000 ] Test set [accuracy@1: 0.5500 accuracy@2: 0.6700 accuracy@3: 0.7900 ] 
2024-04-02 00:43:40,495 - [Epoch 128 / 1000] rec_loss: 1.7811 cl_loss: 0.0000 
2024-04-02 00:43:40,804 - Epoch 128 Test set [precision@1: 0.5200 precision@2: 0.3400 precision@3: 0.2600 ] Test set [recall@1: 0.5200 recall@2: 0.6800 recall@3: 0.7900 ] Test set [f1score@1: 0.5200 f1score@2: 0.4500 f1score@3: 0.4000 ] Test set [accuracy@1: 0.5200 accuracy@2: 0.6800 accuracy@3: 0.7900 ] 
2024-04-02 00:43:41,502 - [Epoch 129 / 1000] rec_loss: 1.8167 cl_loss: 0.0000 
2024-04-02 00:43:41,861 - Epoch 129 Test set [precision@1: 0.5500 precision@2: 0.3400 precision@3: 0.2700 ] Test set [recall@1: 0.5500 recall@2: 0.6700 recall@3: 0.8000 ] Test set [f1score@1: 0.5500 f1score@2: 0.4500 f1score@3: 0.4000 ] Test set [accuracy@1: 0.5500 accuracy@2: 0.6700 accuracy@3: 0.8000 ] 
2024-04-02 00:43:42,587 - [Epoch 130 / 1000] rec_loss: 1.9087 cl_loss: 0.0000 
2024-04-02 00:43:42,915 - Epoch 130 Test set [precision@1: 0.5500 precision@2: 0.3400 precision@3: 0.2700 ] Test set [recall@1: 0.5500 recall@2: 0.6800 recall@3: 0.8000 ] Test set [f1score@1: 0.5500 f1score@2: 0.4500 f1score@3: 0.4000 ] Test set [accuracy@1: 0.5500 accuracy@2: 0.6800 accuracy@3: 0.8000 ] 
2024-04-02 00:43:43,622 - [Epoch 131 / 1000] rec_loss: 1.8171 cl_loss: 0.0000 
2024-04-02 00:43:43,942 - Epoch 131 Test set [precision@1: 0.5600 precision@2: 0.3400 precision@3: 0.2700 ] Test set [recall@1: 0.5600 recall@2: 0.6900 recall@3: 0.8000 ] Test set [f1score@1: 0.5600 f1score@2: 0.4600 f1score@3: 0.4000 ] Test set [accuracy@1: 0.5600 accuracy@2: 0.6900 accuracy@3: 0.8000 ] 
2024-04-02 00:43:44,640 - [Epoch 132 / 1000] rec_loss: 1.7402 cl_loss: 0.0000 
2024-04-02 00:43:44,957 - Epoch 132 Test set [precision@1: 0.5300 precision@2: 0.3400 precision@3: 0.2700 ] Test set [recall@1: 0.5300 recall@2: 0.6700 recall@3: 0.8000 ] Test set [f1score@1: 0.5300 f1score@2: 0.4500 f1score@3: 0.4000 ] Test set [accuracy@1: 0.5300 accuracy@2: 0.6700 accuracy@3: 0.8000 ] 
