2024-04-02 16:48:00,097 - {'optimizer': {'name': 'adam', 'lr': 0.001, 'final_lr': 1e-06, 'weight_decay': 0}, 'train': {'model_test_run': True, 'test_run_sample_no': 100, 'weighted_loss_fn': True, 'epoch': 1000, 'batch_size': 64, 'save_model': True, 'log_loss': True, 'test_step': 1, 'reproducible': True, 'seed': 12, 'tensorboard': True, 'conf_mat': True, 'ssl': False, 'gradient_accumulation': False, 'accumulation_steps': 4, 'early_stop': False, 'parameter_class_weights_path': './datasets/sequential/fix/parameters/param.pkl', 'parameter_label_mapping_path': './datasets/sequential/fix/parameters/label_mapping.pkl'}, 'test': {'metrics': ['precision', 'recall', 'f1score', 'accuracy'], 'k': [1, 2, 3], 'batch_size': 64, 'train_eval': False, 'save_path': '2024-04-02_16-47'}, 'data': {'type': 'sequential', 'name': 'fix', 'seq_aug': False, 'dynamic_context_window_length': 100, 'user_num': 100, 'item_num': 23, 'dynamic_context_feat_num': 14, 'static_context_feat_num': 6, 'static_context_max': [12, 6, 23, 1, 1, 1]}, 'model': {'name': 'cl4srec', 'context_encoder': 'tempcnn', 'tcn_num_channels': [80, 50, 25], 'tcn_kernel_size': 3, 'interaction_encoder': 'sasrec', 'dropout_rate_trans': 0.3, 'dropout_rate_tcn': 0.25, 'dropout_rate_fc_tcn': 0.4, 'dropout_rate_fc_trans': 0.5, 'dropout_rate_fc_concat': 0.3, 'dropout_rate_fc_static': 0.1, 'n_layers': 2, 'embedding_size': 786, 'n_heads': 2, 'max_seq_len': 10, 'lmd': 0.1, 'tau': 1, 'encoder_combine': 'concat'}, 'lstm': {'hidden_size': 64, 'num_layers': 2}, 'tune': {'enable': False, 'hyperparameters': ['dropout_rate', 'lmd', 'tau'], 'dropout_rate': [0.1, 0.2, 0.3], 'lmd': [0.05, 0.1, 0.2], 'tau': [0.5, 0.7, 0.9]}, 'device': 'cpu'}
2024-04-02 16:48:01,757 - 'list' object has no attribute 'unsqueeze'
Traceback (most recent call last):
  File "/Volumes/Workspace/In-Car CARSI/carsii/trainer/utils.py", line 15, in wrapper
    return func(*args, **kwargs)
  File "/Volumes/Workspace/In-Car CARSI/carsii/trainer/trainer.py", line 182, in train
    self.train_epoch(model, epoch_idx)
  File "/Volumes/Workspace/In-Car CARSI/carsii/trainer/trainer.py", line 149, in train_epoch
    val_loss, val_loss_dict = model.val_cal_loss(val_batch_data)
  File "/Volumes/Workspace/In-Car CARSI/carsii/models/sequential/cl4srec.py", line 223, in val_cal_loss
    seq_output = self.forward(batch_seqs, batch_dynamic_context, batch_static_context)
  File "/Volumes/Workspace/In-Car CARSI/carsii/models/sequential/cl4srec.py", line 174, in forward
    context_output = self.context_encoder(batch_context)
  File "/Users/sreeragvn/miniconda3/envs/carsii/lib/python3.8/site-packages/torch/nn/modules/module.py", line 1518, in _wrapped_call_impl
    return self._call_impl(*args, **kwargs)
  File "/Users/sreeragvn/miniconda3/envs/carsii/lib/python3.8/site-packages/torch/nn/modules/module.py", line 1527, in _call_impl
    return forward_call(*args, **kwargs)
  File "/Volumes/Workspace/In-Car CARSI/carsii/models/TCNN/tcn_model.py", line 69, in forward
    out = self.tcn(x)
  File "/Users/sreeragvn/miniconda3/envs/carsii/lib/python3.8/site-packages/torch/nn/modules/module.py", line 1518, in _wrapped_call_impl
    return self._call_impl(*args, **kwargs)
  File "/Users/sreeragvn/miniconda3/envs/carsii/lib/python3.8/site-packages/torch/nn/modules/module.py", line 1527, in _call_impl
    return forward_call(*args, **kwargs)
  File "/Volumes/Workspace/In-Car CARSI/carsii/models/TCNN/tcn_model.py", line 51, in forward
    return self.network(x)
  File "/Users/sreeragvn/miniconda3/envs/carsii/lib/python3.8/site-packages/torch/nn/modules/module.py", line 1518, in _wrapped_call_impl
    return self._call_impl(*args, **kwargs)
  File "/Users/sreeragvn/miniconda3/envs/carsii/lib/python3.8/site-packages/torch/nn/modules/module.py", line 1527, in _call_impl
    return forward_call(*args, **kwargs)
  File "/Users/sreeragvn/miniconda3/envs/carsii/lib/python3.8/site-packages/torch/nn/modules/container.py", line 215, in forward
    input = module(input)
  File "/Users/sreeragvn/miniconda3/envs/carsii/lib/python3.8/site-packages/torch/nn/modules/module.py", line 1518, in _wrapped_call_impl
    return self._call_impl(*args, **kwargs)
  File "/Users/sreeragvn/miniconda3/envs/carsii/lib/python3.8/site-packages/torch/nn/modules/module.py", line 1527, in _call_impl
    return forward_call(*args, **kwargs)
  File "/Volumes/Workspace/In-Car CARSI/carsii/models/TCNN/tcn_model.py", line 31, in forward
    out = self.net(x.unsqueeze(2)).squeeze(2)
AttributeError: 'list' object has no attribute 'unsqueeze'
