2024-04-02 15:36:04,715 - {'optimizer': {'name': 'adam', 'lr': 0.001, 'final_lr': 1e-06, 'weight_decay': 0}, 'train': {'model_test_run': True, 'weighted_loss_fn': True, 'epoch': 1000, 'batch_size': 64, 'save_model': True, 'log_loss': True, 'test_step': 1, 'reproducible': True, 'seed': 2023, 'tensorboard': True, 'conf_mat': True, 'ssl': False, 'gradient_accumulation': False, 'accumulation_steps': 4, 'early_stop': False, 'parameter_class_weights_path': './datasets/sequential/fix/parameters/param.pkl', 'parameter_label_mapping_path': './datasets/sequential/fix/parameters/label_mapping.pkl'}, 'test': {'metrics': ['precision', 'recall', 'f1score', 'accuracy'], 'k': [1, 2, 3], 'batch_size': 64, 'train_eval': False, 'save_path': '2024-04-02_15-35'}, 'data': {'type': 'sequential', 'name': 'fix', 'seq_aug': False, 'dynamic_context_window_length': 60, 'user_num': 100, 'item_num': 23, 'dynamic_context_feat_num': 14, 'static_context_feat_num': 6, 'static_context_max': [12, 6, 23, 1, 1, 1]}, 'model': {'name': 'cl4srec', 'context_encoder': 'tempcnn', 'tcn_num_channels': [80, 50, 25], 'tcn_kernel_size': 3, 'interaction_encoder': 'sasrec', 'dropout_rate_trans': 0.3, 'dropout_rate_tcn': 0.25, 'dropout_rate_fc_tcn': 0.4, 'dropout_rate_fc_trans': 0.5, 'dropout_rate_fc_concat': 0.3, 'dropout_rate_fc_static': 0.1, 'n_layers': 2, 'embedding_size': 786, 'n_heads': 2, 'max_seq_len': 5, 'lmd': 0.1, 'tau': 1, 'encoder_combine': 'concat'}, 'lstm': {'hidden_size': 64, 'num_layers': 2}, 'tune': {'enable': False, 'hyperparameters': ['dropout_rate', 'lmd', 'tau'], 'dropout_rate': [0.1, 0.2, 0.3], 'lmd': [0.05, 0.1, 0.2], 'tau': [0.5, 0.7, 0.9]}, 'device': 'cpu'}
2024-04-02 15:36:06,062 - [Epoch   0 / 1000] rec_loss: 44.9168 cl_loss: 0.0000 
2024-04-02 15:36:06,306 - Epoch   0 Test set [precision@1: 0.2400 precision@2: 0.1300 precision@3: 0.1100 ] Test set [recall@1: 0.2400 recall@2: 0.2600 recall@3: 0.3300 ] Test set [f1score@1: 0.2400 f1score@2: 0.1700 f1score@3: 0.1700 ] Test set [accuracy@1: 0.2400 accuracy@2: 0.2600 accuracy@3: 0.3300 ] 
2024-04-02 15:36:07,161 - [Epoch   1 / 1000] rec_loss: 42.6649 cl_loss: 0.0000 
2024-04-02 15:36:07,393 - Epoch   1 Test set [precision@1: 0.0700 precision@2: 0.1200 precision@3: 0.1000 ] Test set [recall@1: 0.0700 recall@2: 0.2300 recall@3: 0.3000 ] Test set [f1score@1: 0.0700 f1score@2: 0.1500 f1score@3: 0.1500 ] Test set [accuracy@1: 0.0700 accuracy@2: 0.2300 accuracy@3: 0.3000 ] 
2024-04-02 15:36:08,197 - [Epoch   2 / 1000] rec_loss: 39.3166 cl_loss: 0.0000 
2024-04-02 15:36:08,429 - Epoch   2 Test set [precision@1: 0.0500 precision@2: 0.0700 precision@3: 0.0600 ] Test set [recall@1: 0.0500 recall@2: 0.1400 recall@3: 0.1800 ] Test set [f1score@1: 0.0500 f1score@2: 0.0900 f1score@3: 0.0900 ] Test set [accuracy@1: 0.0500 accuracy@2: 0.1400 accuracy@3: 0.1800 ] 
2024-04-02 15:36:09,259 - [Epoch   3 / 1000] rec_loss: 42.6081 cl_loss: 0.0000 
2024-04-02 15:36:09,497 - Epoch   3 Test set [precision@1: 0.1700 precision@2: 0.1400 precision@3: 0.1100 ] Test set [recall@1: 0.1700 recall@2: 0.2700 recall@3: 0.3200 ] Test set [f1score@1: 0.1700 f1score@2: 0.1800 f1score@3: 0.1600 ] Test set [accuracy@1: 0.1700 accuracy@2: 0.2700 accuracy@3: 0.3200 ] 
2024-04-02 15:36:10,335 - [Epoch   4 / 1000] rec_loss: 37.7484 cl_loss: 0.0000 
2024-04-02 15:36:10,566 - Epoch   4 Test set [precision@1: 0.2400 precision@2: 0.1400 precision@3: 0.1100 ] Test set [recall@1: 0.2400 recall@2: 0.2900 recall@3: 0.3400 ] Test set [f1score@1: 0.2400 f1score@2: 0.1900 f1score@3: 0.1700 ] Test set [accuracy@1: 0.2400 accuracy@2: 0.2900 accuracy@3: 0.3400 ] 
2024-04-02 15:36:11,402 - [Epoch   5 / 1000] rec_loss: 40.2515 cl_loss: 0.0000 
2024-04-02 15:36:11,636 - Epoch   5 Test set [precision@1: 0.2400 precision@2: 0.1600 precision@3: 0.1400 ] Test set [recall@1: 0.2400 recall@2: 0.3200 recall@3: 0.4200 ] Test set [f1score@1: 0.2400 f1score@2: 0.2100 f1score@3: 0.2100 ] Test set [accuracy@1: 0.2400 accuracy@2: 0.3200 accuracy@3: 0.4200 ] 
2024-04-02 15:36:12,484 - [Epoch   6 / 1000] rec_loss: 37.8600 cl_loss: 0.0000 
2024-04-02 15:36:12,721 - Epoch   6 Test set [precision@1: 0.1800 precision@2: 0.1700 precision@3: 0.1600 ] Test set [recall@1: 0.1800 recall@2: 0.3500 recall@3: 0.4700 ] Test set [f1score@1: 0.1800 f1score@2: 0.2300 f1score@3: 0.2300 ] Test set [accuracy@1: 0.1800 accuracy@2: 0.3500 accuracy@3: 0.4700 ] 
2024-04-02 15:36:13,627 - [Epoch   7 / 1000] rec_loss: 32.7204 cl_loss: 0.0000 
2024-04-02 15:36:13,880 - Epoch   7 Test set [precision@1: 0.2000 precision@2: 0.1700 precision@3: 0.1600 ] Test set [recall@1: 0.2000 recall@2: 0.3500 recall@3: 0.4700 ] Test set [f1score@1: 0.2000 f1score@2: 0.2300 f1score@3: 0.2300 ] Test set [accuracy@1: 0.2000 accuracy@2: 0.3500 accuracy@3: 0.4700 ] 
2024-04-02 15:36:14,795 - [Epoch   8 / 1000] rec_loss: 30.8158 cl_loss: 0.0000 
2024-04-02 15:36:15,032 - Epoch   8 Test set [precision@1: 0.2700 precision@2: 0.2000 precision@3: 0.1600 ] Test set [recall@1: 0.2700 recall@2: 0.4100 recall@3: 0.4800 ] Test set [f1score@1: 0.2700 f1score@2: 0.2700 f1score@3: 0.2400 ] Test set [accuracy@1: 0.2700 accuracy@2: 0.4100 accuracy@3: 0.4800 ] 
2024-04-02 15:36:15,892 - [Epoch   9 / 1000] rec_loss: 36.1914 cl_loss: 0.0000 
2024-04-02 15:36:16,131 - Epoch   9 Test set [precision@1: 0.3500 precision@2: 0.2200 precision@3: 0.1900 ] Test set [recall@1: 0.3500 recall@2: 0.4400 recall@3: 0.5600 ] Test set [f1score@1: 0.3500 f1score@2: 0.2900 f1score@3: 0.2800 ] Test set [accuracy@1: 0.3500 accuracy@2: 0.4400 accuracy@3: 0.5600 ] 
2024-04-02 15:36:16,989 - [Epoch  10 / 1000] rec_loss: 33.6613 cl_loss: 0.0000 
2024-04-02 15:36:17,262 - Epoch  10 Test set [precision@1: 0.2900 precision@2: 0.2300 precision@3: 0.1900 ] Test set [recall@1: 0.2900 recall@2: 0.4700 recall@3: 0.5600 ] Test set [f1score@1: 0.2900 f1score@2: 0.3100 f1score@3: 0.2800 ] Test set [accuracy@1: 0.2900 accuracy@2: 0.4700 accuracy@3: 0.5600 ] 
2024-04-02 15:36:18,270 - [Epoch  11 / 1000] rec_loss: 33.7184 cl_loss: 0.0000 
2024-04-02 15:36:18,529 - Epoch  11 Test set [precision@1: 0.2600 precision@2: 0.2000 precision@3: 0.1600 ] Test set [recall@1: 0.2600 recall@2: 0.4000 recall@3: 0.4700 ] Test set [f1score@1: 0.2600 f1score@2: 0.2700 f1score@3: 0.2300 ] Test set [accuracy@1: 0.2600 accuracy@2: 0.4000 accuracy@3: 0.4700 ] 
2024-04-02 15:36:19,455 - [Epoch  12 / 1000] rec_loss: 32.8174 cl_loss: 0.0000 
2024-04-02 15:36:19,720 - Epoch  12 Test set [precision@1: 0.2400 precision@2: 0.1800 precision@3: 0.1600 ] Test set [recall@1: 0.2400 recall@2: 0.3600 recall@3: 0.4800 ] Test set [f1score@1: 0.2400 f1score@2: 0.2400 f1score@3: 0.2400 ] Test set [accuracy@1: 0.2400 accuracy@2: 0.3600 accuracy@3: 0.4800 ] 
2024-04-02 15:36:20,939 - [Epoch  13 / 1000] rec_loss: 33.2444 cl_loss: 0.0000 
2024-04-02 15:36:21,380 - Epoch  13 Test set [precision@1: 0.2400 precision@2: 0.1700 precision@3: 0.1700 ] Test set [recall@1: 0.2400 recall@2: 0.3400 recall@3: 0.5100 ] Test set [f1score@1: 0.2400 f1score@2: 0.2300 f1score@3: 0.2500 ] Test set [accuracy@1: 0.2400 accuracy@2: 0.3400 accuracy@3: 0.5100 ] 
2024-04-02 15:36:22,521 - [Epoch  14 / 1000] rec_loss: 29.2930 cl_loss: 0.0000 
2024-04-02 15:36:22,869 - Epoch  14 Test set [precision@1: 0.3000 precision@2: 0.2000 precision@3: 0.1600 ] Test set [recall@1: 0.3000 recall@2: 0.4000 recall@3: 0.4900 ] Test set [f1score@1: 0.3000 f1score@2: 0.2700 f1score@3: 0.2500 ] Test set [accuracy@1: 0.3000 accuracy@2: 0.4000 accuracy@3: 0.4900 ] 
2024-04-02 15:36:24,168 - [Epoch  15 / 1000] rec_loss: 27.3975 cl_loss: 0.0000 
2024-04-02 15:36:24,484 - Epoch  15 Test set [precision@1: 0.3200 precision@2: 0.2200 precision@3: 0.1800 ] Test set [recall@1: 0.3200 recall@2: 0.4400 recall@3: 0.5400 ] Test set [f1score@1: 0.3200 f1score@2: 0.2900 f1score@3: 0.2700 ] Test set [accuracy@1: 0.3200 accuracy@2: 0.4400 accuracy@3: 0.5400 ] 
2024-04-02 15:36:25,574 - [Epoch  16 / 1000] rec_loss: 25.1094 cl_loss: 0.0000 
2024-04-02 15:36:25,831 - Epoch  16 Test set [precision@1: 0.3100 precision@2: 0.2200 precision@3: 0.1800 ] Test set [recall@1: 0.3100 recall@2: 0.4400 recall@3: 0.5300 ] Test set [f1score@1: 0.3100 f1score@2: 0.2900 f1score@3: 0.2600 ] Test set [accuracy@1: 0.3100 accuracy@2: 0.4400 accuracy@3: 0.5300 ] 
2024-04-02 15:36:26,941 - [Epoch  17 / 1000] rec_loss: 28.7422 cl_loss: 0.0000 
2024-04-02 15:36:27,273 - Epoch  17 Test set [precision@1: 0.3300 precision@2: 0.2500 precision@3: 0.1800 ] Test set [recall@1: 0.3300 recall@2: 0.4900 recall@3: 0.5500 ] Test set [f1score@1: 0.3300 f1score@2: 0.3300 f1score@3: 0.2800 ] Test set [accuracy@1: 0.3300 accuracy@2: 0.4900 accuracy@3: 0.5500 ] 
2024-04-02 15:36:28,406 - [Epoch  18 / 1000] rec_loss: 29.6347 cl_loss: 0.0000 
2024-04-02 15:36:28,757 - Epoch  18 Test set [precision@1: 0.3300 precision@2: 0.2300 precision@3: 0.1700 ] Test set [recall@1: 0.3300 recall@2: 0.4600 recall@3: 0.5100 ] Test set [f1score@1: 0.3300 f1score@2: 0.3100 f1score@3: 0.2500 ] Test set [accuracy@1: 0.3300 accuracy@2: 0.4600 accuracy@3: 0.5100 ] 
2024-04-02 15:36:29,924 - [Epoch  19 / 1000] rec_loss: 26.1134 cl_loss: 0.0000 
2024-04-02 15:36:30,193 - Epoch  19 Test set [precision@1: 0.3300 precision@2: 0.2200 precision@3: 0.1700 ] Test set [recall@1: 0.3300 recall@2: 0.4500 recall@3: 0.5100 ] Test set [f1score@1: 0.3300 f1score@2: 0.3000 f1score@3: 0.2500 ] Test set [accuracy@1: 0.3300 accuracy@2: 0.4500 accuracy@3: 0.5100 ] 
2024-04-02 15:36:31,218 - [Epoch  20 / 1000] rec_loss: 25.6187 cl_loss: 0.0000 
2024-04-02 15:36:31,473 - Epoch  20 Test set [precision@1: 0.3500 precision@2: 0.2300 precision@3: 0.1700 ] Test set [recall@1: 0.3500 recall@2: 0.4600 recall@3: 0.5100 ] Test set [f1score@1: 0.3500 f1score@2: 0.3100 f1score@3: 0.2500 ] Test set [accuracy@1: 0.3500 accuracy@2: 0.4600 accuracy@3: 0.5100 ] 
2024-04-02 15:36:32,450 - [Epoch  21 / 1000] rec_loss: 23.3286 cl_loss: 0.0000 
2024-04-02 15:36:32,713 - Epoch  21 Test set [precision@1: 0.3500 precision@2: 0.2300 precision@3: 0.1700 ] Test set [recall@1: 0.3500 recall@2: 0.4600 recall@3: 0.5100 ] Test set [f1score@1: 0.3500 f1score@2: 0.3100 f1score@3: 0.2500 ] Test set [accuracy@1: 0.3500 accuracy@2: 0.4600 accuracy@3: 0.5100 ] 
2024-04-02 15:36:33,624 - [Epoch  22 / 1000] rec_loss: 22.8118 cl_loss: 0.0000 
2024-04-02 15:36:33,901 - Epoch  22 Test set [precision@1: 0.3500 precision@2: 0.2500 precision@3: 0.1800 ] Test set [recall@1: 0.3500 recall@2: 0.4900 recall@3: 0.5500 ] Test set [f1score@1: 0.3500 f1score@2: 0.3300 f1score@3: 0.2800 ] Test set [accuracy@1: 0.3500 accuracy@2: 0.4900 accuracy@3: 0.5500 ] 
2024-04-02 15:36:34,936 - [Epoch  23 / 1000] rec_loss: 23.9889 cl_loss: 0.0000 
2024-04-02 15:36:35,205 - Epoch  23 Test set [precision@1: 0.3800 precision@2: 0.2600 precision@3: 0.1900 ] Test set [recall@1: 0.3800 recall@2: 0.5300 recall@3: 0.5700 ] Test set [f1score@1: 0.3800 f1score@2: 0.3500 f1score@3: 0.2800 ] Test set [accuracy@1: 0.3800 accuracy@2: 0.5300 accuracy@3: 0.5700 ] 
2024-04-02 15:36:36,126 - [Epoch  24 / 1000] rec_loss: 28.4679 cl_loss: 0.0000 
2024-04-02 15:36:36,372 - Epoch  24 Test set [precision@1: 0.3900 precision@2: 0.2600 precision@3: 0.1900 ] Test set [recall@1: 0.3900 recall@2: 0.5300 recall@3: 0.5800 ] Test set [f1score@1: 0.3900 f1score@2: 0.3500 f1score@3: 0.2900 ] Test set [accuracy@1: 0.3900 accuracy@2: 0.5300 accuracy@3: 0.5800 ] 
2024-04-02 15:36:37,432 - [Epoch  25 / 1000] rec_loss: 26.2214 cl_loss: 0.0000 
2024-04-02 15:36:37,727 - Epoch  25 Test set [precision@1: 0.4000 precision@2: 0.2600 precision@3: 0.1900 ] Test set [recall@1: 0.4000 recall@2: 0.5300 recall@3: 0.5700 ] Test set [f1score@1: 0.4000 f1score@2: 0.3500 f1score@3: 0.2800 ] Test set [accuracy@1: 0.4000 accuracy@2: 0.5300 accuracy@3: 0.5700 ] 
2024-04-02 15:36:39,010 - [Epoch  26 / 1000] rec_loss: 27.4158 cl_loss: 0.0000 
2024-04-02 15:36:39,315 - Epoch  26 Test set [precision@1: 0.3800 precision@2: 0.2600 precision@3: 0.1900 ] Test set [recall@1: 0.3800 recall@2: 0.5300 recall@3: 0.5600 ] Test set [f1score@1: 0.3800 f1score@2: 0.3500 f1score@3: 0.2800 ] Test set [accuracy@1: 0.3800 accuracy@2: 0.5300 accuracy@3: 0.5600 ] 
2024-04-02 15:36:40,280 - [Epoch  27 / 1000] rec_loss: 23.8382 cl_loss: 0.0000 
2024-04-02 15:36:40,523 - Epoch  27 Test set [precision@1: 0.3200 precision@2: 0.2300 precision@3: 0.1800 ] Test set [recall@1: 0.3200 recall@2: 0.4700 recall@3: 0.5500 ] Test set [f1score@1: 0.3200 f1score@2: 0.3100 f1score@3: 0.2800 ] Test set [accuracy@1: 0.3200 accuracy@2: 0.4700 accuracy@3: 0.5500 ] 
2024-04-02 15:36:41,407 - [Epoch  28 / 1000] rec_loss: 20.6342 cl_loss: 0.0000 
2024-04-02 15:36:41,645 - Epoch  28 Test set [precision@1: 0.3200 precision@2: 0.2300 precision@3: 0.1800 ] Test set [recall@1: 0.3200 recall@2: 0.4600 recall@3: 0.5500 ] Test set [f1score@1: 0.3200 f1score@2: 0.3100 f1score@3: 0.2800 ] Test set [accuracy@1: 0.3200 accuracy@2: 0.4600 accuracy@3: 0.5500 ] 
2024-04-02 15:36:42,631 - [Epoch  29 / 1000] rec_loss: 21.6870 cl_loss: 0.0000 
2024-04-02 15:36:42,888 - Epoch  29 Test set [precision@1: 0.3300 precision@2: 0.2300 precision@3: 0.1800 ] Test set [recall@1: 0.3300 recall@2: 0.4700 recall@3: 0.5400 ] Test set [f1score@1: 0.3300 f1score@2: 0.3100 f1score@3: 0.2700 ] Test set [accuracy@1: 0.3300 accuracy@2: 0.4700 accuracy@3: 0.5400 ] 
2024-04-02 15:36:43,825 - [Epoch  30 / 1000] rec_loss: 19.1469 cl_loss: 0.0000 
2024-04-02 15:36:44,070 - Epoch  30 Test set [precision@1: 0.3400 precision@2: 0.2500 precision@3: 0.2000 ] Test set [recall@1: 0.3400 recall@2: 0.5000 recall@3: 0.5900 ] Test set [f1score@1: 0.3400 f1score@2: 0.3300 f1score@3: 0.2900 ] Test set [accuracy@1: 0.3400 accuracy@2: 0.5000 accuracy@3: 0.5900 ] 
2024-04-02 15:36:44,964 - [Epoch  31 / 1000] rec_loss: 22.5475 cl_loss: 0.0000 
2024-04-02 15:36:45,215 - Epoch  31 Test set [precision@1: 0.3700 precision@2: 0.2800 precision@3: 0.2100 ] Test set [recall@1: 0.3700 recall@2: 0.5500 recall@3: 0.6200 ] Test set [f1score@1: 0.3700 f1score@2: 0.3700 f1score@3: 0.3100 ] Test set [accuracy@1: 0.3700 accuracy@2: 0.5500 accuracy@3: 0.6200 ] 
2024-04-02 15:36:46,324 - [Epoch  32 / 1000] rec_loss: 20.6083 cl_loss: 0.0000 
2024-04-02 15:36:46,587 - Epoch  32 Test set [precision@1: 0.3800 precision@2: 0.2700 precision@3: 0.2100 ] Test set [recall@1: 0.3800 recall@2: 0.5400 recall@3: 0.6200 ] Test set [f1score@1: 0.3800 f1score@2: 0.3600 f1score@3: 0.3100 ] Test set [accuracy@1: 0.3800 accuracy@2: 0.5400 accuracy@3: 0.6200 ] 
2024-04-02 15:36:47,601 - [Epoch  33 / 1000] rec_loss: 15.5661 cl_loss: 0.0000 
2024-04-02 15:36:47,854 - Epoch  33 Test set [precision@1: 0.3600 precision@2: 0.2500 precision@3: 0.2000 ] Test set [recall@1: 0.3600 recall@2: 0.5100 recall@3: 0.5900 ] Test set [f1score@1: 0.3600 f1score@2: 0.3400 f1score@3: 0.2900 ] Test set [accuracy@1: 0.3600 accuracy@2: 0.5100 accuracy@3: 0.5900 ] 
