2024-04-01 21:36:22,033 - {'optimizer': {'name': 'adam', 'lr': 0.001, 'final_lr': 1e-06, 'weight_decay': 0}, 'train': {'model_test_run': True, 'weighted_loss_fn': True, 'epoch': 1000, 'batch_size': 64, 'save_model': True, 'log_loss': True, 'test_step': 1, 'reproducible': True, 'seed': 2023, 'tensorboard': True, 'conf_mat': True, 'ssl': False, 'gradient_accumulation': False, 'accumulation_steps': 4, 'early_stop': False, 'parameter_class_weights_path': './datasets/sequential/fix/parameters/param.pkl', 'parameter_label_mapping_path': './datasets/sequential/fix/parameters/label_mapping.pkl'}, 'test': {'metrics': ['precision', 'recall', 'f1score', 'accuracy'], 'k': [1, 2, 3], 'batch_size': 64, 'train_eval': False, 'save_path': '2024-04-01_21-36'}, 'data': {'type': 'sequential', 'name': 'fix', 'seq_aug': False, 'dynamic_context_window_length': 100, 'user_num': 100, 'item_num': 23, 'max_context_length': 100, 'dynamic_context_feat_num': 14, 'static_context_feat_num': 6, 'static_context_max': [12, 6, 23, 1, 1, 1]}, 'model': {'name': 'cl4srec', 'context_encoder': 'tempcnn', 'interaction_encoder': 'sasrec', 'dropout_rate': 0.1, 'n_layers': 2, 'embedding_size': 16, 'n_heads': 2, 'max_seq_len': 10, 'lmd': 0.1, 'tau': 1, 'encoder_combine': 'concat'}, 'lstm': {'hidden_size': 64, 'num_layers': 2}, 'tune': {'enable': False, 'hyperparameters': ['dropout_rate', 'lmd', 'tau'], 'dropout_rate': [0.1, 0.2, 0.3], 'lmd': [0.05, 0.1, 0.2], 'tau': [0.5, 0.7, 0.9]}, 'device': 'cpu'}
2024-04-01 21:36:23,039 - [Epoch   0 / 1000] rec_loss: 4.7966 cl_loss: 0.0000 
2024-04-01 21:36:23,338 - Epoch   0 Test set [precision@1: 0.0000 precision@2: 0.0500 precision@3: 0.0500 ] Test set [recall@1: 0.0000 recall@2: 0.1000 recall@3: 0.1500 ] Test set [f1score@1: 0.0000 f1score@2: 0.0700 f1score@3: 0.0800 ] Test set [accuracy@1: 0.0000 accuracy@2: 0.1000 accuracy@3: 0.1500 ] 
2024-04-01 21:36:23,970 - [Epoch   1 / 1000] rec_loss: 4.9514 cl_loss: 0.0000 
2024-04-01 21:36:24,274 - Epoch   1 Test set [precision@1: 0.0000 precision@2: 0.0700 precision@3: 0.0500 ] Test set [recall@1: 0.0000 recall@2: 0.1400 recall@3: 0.1500 ] Test set [f1score@1: 0.0000 f1score@2: 0.0900 f1score@3: 0.0800 ] Test set [accuracy@1: 0.0000 accuracy@2: 0.1400 accuracy@3: 0.1500 ] 
2024-04-01 21:36:24,906 - [Epoch   2 / 1000] rec_loss: 5.0091 cl_loss: 0.0000 
2024-04-01 21:36:25,206 - Epoch   2 Test set [precision@1: 0.0000 precision@2: 0.0700 precision@3: 0.0600 ] Test set [recall@1: 0.0000 recall@2: 0.1400 recall@3: 0.1700 ] Test set [f1score@1: 0.0000 f1score@2: 0.0900 f1score@3: 0.0900 ] Test set [accuracy@1: 0.0000 accuracy@2: 0.1400 accuracy@3: 0.1700 ] 
2024-04-01 21:36:25,890 - [Epoch   3 / 1000] rec_loss: 4.6717 cl_loss: 0.0000 
2024-04-01 21:36:26,218 - Epoch   3 Test set [precision@1: 0.0000 precision@2: 0.0700 precision@3: 0.0600 ] Test set [recall@1: 0.0000 recall@2: 0.1400 recall@3: 0.1800 ] Test set [f1score@1: 0.0000 f1score@2: 0.0900 f1score@3: 0.0900 ] Test set [accuracy@1: 0.0000 accuracy@2: 0.1400 accuracy@3: 0.1800 ] 
2024-04-01 21:36:26,894 - [Epoch   4 / 1000] rec_loss: 4.5096 cl_loss: 0.0000 
2024-04-01 21:36:27,207 - Epoch   4 Test set [precision@1: 0.0500 precision@2: 0.0700 precision@3: 0.0600 ] Test set [recall@1: 0.0500 recall@2: 0.1400 recall@3: 0.1700 ] Test set [f1score@1: 0.0500 f1score@2: 0.0900 f1score@3: 0.0900 ] Test set [accuracy@1: 0.0500 accuracy@2: 0.1400 accuracy@3: 0.1700 ] 
2024-04-01 21:36:27,859 - [Epoch   5 / 1000] rec_loss: 4.3372 cl_loss: 0.0000 
2024-04-01 21:36:28,165 - Epoch   5 Test set [precision@1: 0.0700 precision@2: 0.0700 precision@3: 0.0600 ] Test set [recall@1: 0.0700 recall@2: 0.1400 recall@3: 0.1700 ] Test set [f1score@1: 0.0700 f1score@2: 0.0900 f1score@3: 0.0900 ] Test set [accuracy@1: 0.0700 accuracy@2: 0.1400 accuracy@3: 0.1700 ] 
2024-04-01 21:36:28,793 - [Epoch   6 / 1000] rec_loss: 4.1871 cl_loss: 0.0000 
2024-04-01 21:36:29,090 - Epoch   6 Test set [precision@1: 0.1100 precision@2: 0.0800 precision@3: 0.0500 ] Test set [recall@1: 0.1100 recall@2: 0.1500 recall@3: 0.1600 ] Test set [f1score@1: 0.1100 f1score@2: 0.1000 f1score@3: 0.0800 ] Test set [accuracy@1: 0.1100 accuracy@2: 0.1500 accuracy@3: 0.1600 ] 
2024-04-01 21:36:29,719 - [Epoch   7 / 1000] rec_loss: 3.8920 cl_loss: 0.0000 
2024-04-01 21:36:30,018 - Epoch   7 Test set [precision@1: 0.1100 precision@2: 0.0800 precision@3: 0.0600 ] Test set [recall@1: 0.1100 recall@2: 0.1600 recall@3: 0.1900 ] Test set [f1score@1: 0.1100 f1score@2: 0.1100 f1score@3: 0.0900 ] Test set [accuracy@1: 0.1100 accuracy@2: 0.1600 accuracy@3: 0.1900 ] 
2024-04-01 21:36:30,652 - [Epoch   8 / 1000] rec_loss: 3.7933 cl_loss: 0.0000 
2024-04-01 21:36:30,950 - Epoch   8 Test set [precision@1: 0.1000 precision@2: 0.0800 precision@3: 0.0600 ] Test set [recall@1: 0.1000 recall@2: 0.1600 recall@3: 0.1800 ] Test set [f1score@1: 0.1000 f1score@2: 0.1100 f1score@3: 0.0900 ] Test set [accuracy@1: 0.1000 accuracy@2: 0.1600 accuracy@3: 0.1800 ] 
2024-04-01 21:36:31,581 - [Epoch   9 / 1000] rec_loss: 4.0967 cl_loss: 0.0000 
2024-04-01 21:36:31,880 - Epoch   9 Test set [precision@1: 0.1400 precision@2: 0.0800 precision@3: 0.0700 ] Test set [recall@1: 0.1400 recall@2: 0.1600 recall@3: 0.2100 ] Test set [f1score@1: 0.1400 f1score@2: 0.1100 f1score@3: 0.1000 ] Test set [accuracy@1: 0.1400 accuracy@2: 0.1600 accuracy@3: 0.2100 ] 
2024-04-01 21:36:32,516 - [Epoch  10 / 1000] rec_loss: 3.7132 cl_loss: 0.0000 
2024-04-01 21:36:32,814 - Epoch  10 Test set [precision@1: 0.1400 precision@2: 0.1000 precision@3: 0.0800 ] Test set [recall@1: 0.1400 recall@2: 0.2000 recall@3: 0.2400 ] Test set [f1score@1: 0.1400 f1score@2: 0.1300 f1score@3: 0.1200 ] Test set [accuracy@1: 0.1400 accuracy@2: 0.2000 accuracy@3: 0.2400 ] 
2024-04-01 21:36:33,452 - [Epoch  11 / 1000] rec_loss: 3.7013 cl_loss: 0.0000 
2024-04-01 21:36:33,752 - Epoch  11 Test set [precision@1: 0.1500 precision@2: 0.1100 precision@3: 0.0900 ] Test set [recall@1: 0.1500 recall@2: 0.2200 recall@3: 0.2600 ] Test set [f1score@1: 0.1500 f1score@2: 0.1500 f1score@3: 0.1300 ] Test set [accuracy@1: 0.1500 accuracy@2: 0.2200 accuracy@3: 0.2600 ] 
2024-04-01 21:36:34,385 - [Epoch  12 / 1000] rec_loss: 3.7772 cl_loss: 0.0000 
2024-04-01 21:36:34,681 - Epoch  12 Test set [precision@1: 0.1500 precision@2: 0.1200 precision@3: 0.1000 ] Test set [recall@1: 0.1500 recall@2: 0.2300 recall@3: 0.2900 ] Test set [f1score@1: 0.1500 f1score@2: 0.1500 f1score@3: 0.1400 ] Test set [accuracy@1: 0.1500 accuracy@2: 0.2300 accuracy@3: 0.2900 ] 
2024-04-01 21:36:35,315 - [Epoch  13 / 1000] rec_loss: 3.4174 cl_loss: 0.0000 
2024-04-01 21:36:35,614 - Epoch  13 Test set [precision@1: 0.1400 precision@2: 0.1000 precision@3: 0.0800 ] Test set [recall@1: 0.1400 recall@2: 0.2000 recall@3: 0.2400 ] Test set [f1score@1: 0.1400 f1score@2: 0.1300 f1score@3: 0.1200 ] Test set [accuracy@1: 0.1400 accuracy@2: 0.2000 accuracy@3: 0.2400 ] 
2024-04-01 21:36:36,244 - [Epoch  14 / 1000] rec_loss: 3.4148 cl_loss: 0.0000 
2024-04-01 21:36:36,543 - Epoch  14 Test set [precision@1: 0.1400 precision@2: 0.0900 precision@3: 0.0900 ] Test set [recall@1: 0.1400 recall@2: 0.1900 recall@3: 0.2800 ] Test set [f1score@1: 0.1400 f1score@2: 0.1300 f1score@3: 0.1400 ] Test set [accuracy@1: 0.1400 accuracy@2: 0.1900 accuracy@3: 0.2800 ] 
2024-04-01 21:36:37,180 - [Epoch  15 / 1000] rec_loss: 3.3675 cl_loss: 0.0000 
2024-04-01 21:36:37,478 - Epoch  15 Test set [precision@1: 0.1300 precision@2: 0.1000 precision@3: 0.1000 ] Test set [recall@1: 0.1300 recall@2: 0.2000 recall@3: 0.3100 ] Test set [f1score@1: 0.1300 f1score@2: 0.1300 f1score@3: 0.1600 ] Test set [accuracy@1: 0.1300 accuracy@2: 0.2000 accuracy@3: 0.3100 ] 
2024-04-01 21:36:38,113 - [Epoch  16 / 1000] rec_loss: 3.3329 cl_loss: 0.0000 
2024-04-01 21:36:38,409 - Epoch  16 Test set [precision@1: 0.1800 precision@2: 0.1300 precision@3: 0.1100 ] Test set [recall@1: 0.1800 recall@2: 0.2600 recall@3: 0.3400 ] Test set [f1score@1: 0.1800 f1score@2: 0.1700 f1score@3: 0.1700 ] Test set [accuracy@1: 0.1800 accuracy@2: 0.2600 accuracy@3: 0.3400 ] 
2024-04-01 21:36:39,038 - [Epoch  17 / 1000] rec_loss: 3.4180 cl_loss: 0.0000 
2024-04-01 21:36:39,339 - Epoch  17 Test set [precision@1: 0.2200 precision@2: 0.1700 precision@3: 0.1400 ] Test set [recall@1: 0.2200 recall@2: 0.3400 recall@3: 0.4200 ] Test set [f1score@1: 0.2200 f1score@2: 0.2300 f1score@3: 0.2100 ] Test set [accuracy@1: 0.2200 accuracy@2: 0.3400 accuracy@3: 0.4200 ] 
2024-04-01 21:36:39,982 - [Epoch  18 / 1000] rec_loss: 3.4576 cl_loss: 0.0000 
2024-04-01 21:36:40,283 - Epoch  18 Test set [precision@1: 0.2200 precision@2: 0.1700 precision@3: 0.1400 ] Test set [recall@1: 0.2200 recall@2: 0.3300 recall@3: 0.4200 ] Test set [f1score@1: 0.2200 f1score@2: 0.2200 f1score@3: 0.2100 ] Test set [accuracy@1: 0.2200 accuracy@2: 0.3300 accuracy@3: 0.4200 ] 
2024-04-01 21:36:40,910 - [Epoch  19 / 1000] rec_loss: 3.1630 cl_loss: 0.0000 
2024-04-01 21:36:41,208 - Epoch  19 Test set [precision@1: 0.2500 precision@2: 0.1900 precision@3: 0.1600 ] Test set [recall@1: 0.2500 recall@2: 0.3800 recall@3: 0.4800 ] Test set [f1score@1: 0.2500 f1score@2: 0.2500 f1score@3: 0.2400 ] Test set [accuracy@1: 0.2500 accuracy@2: 0.3800 accuracy@3: 0.4800 ] 
2024-04-01 21:36:41,844 - [Epoch  20 / 1000] rec_loss: 2.9976 cl_loss: 0.0000 
2024-04-01 21:36:42,145 - Epoch  20 Test set [precision@1: 0.2800 precision@2: 0.1900 precision@3: 0.1700 ] Test set [recall@1: 0.2800 recall@2: 0.3800 recall@3: 0.5000 ] Test set [f1score@1: 0.2800 f1score@2: 0.2500 f1score@3: 0.2500 ] Test set [accuracy@1: 0.2800 accuracy@2: 0.3800 accuracy@3: 0.5000 ] 
