2024-04-02 00:13:07,401 - {'optimizer': {'name': 'adam', 'lr': 0.001, 'final_lr': 1e-06, 'weight_decay': 0}, 'train': {'model_test_run': True, 'weighted_loss_fn': True, 'epoch': 1000, 'batch_size': 64, 'save_model': True, 'log_loss': True, 'test_step': 1, 'reproducible': True, 'seed': 2023, 'tensorboard': True, 'conf_mat': True, 'ssl': False, 'gradient_accumulation': False, 'accumulation_steps': 4, 'early_stop': False, 'parameter_class_weights_path': './datasets/sequential/fix/parameters/param.pkl', 'parameter_label_mapping_path': './datasets/sequential/fix/parameters/label_mapping.pkl'}, 'test': {'metrics': ['precision', 'recall', 'f1score', 'accuracy'], 'k': [1, 2, 3], 'batch_size': 64, 'train_eval': False, 'save_path': '2024-04-02_00-13'}, 'data': {'type': 'sequential', 'name': 'fix', 'seq_aug': False, 'dynamic_context_window_length': 100, 'user_num': 100, 'item_num': 23, 'max_context_length': 100, 'dynamic_context_feat_num': 14, 'static_context_feat_num': 6, 'static_context_max': [12, 6, 23, 1, 1, 1]}, 'model': {'name': 'cl4srec', 'context_encoder': 'tempcnn', 'interaction_encoder': 'sasrec', 'dropout_rate': 0.1, 'n_layers': 2, 'embedding_size': 16, 'n_heads': 2, 'max_seq_len': 10, 'lmd': 0.1, 'tau': 1, 'encoder_combine': 'concat'}, 'lstm': {'hidden_size': 64, 'num_layers': 2}, 'tune': {'enable': False, 'hyperparameters': ['dropout_rate', 'lmd', 'tau'], 'dropout_rate': [0.1, 0.2, 0.3], 'lmd': [0.05, 0.1, 0.2], 'tau': [0.5, 0.7, 0.9]}, 'device': 'cpu'}
2024-04-02 00:13:08,670 - [Epoch   0 / 1000] rec_loss: 5.5090 cl_loss: 0.0000 
2024-04-02 00:13:09,002 - Epoch   0 Test set [precision@1: 0.0000 precision@2: 0.0400 precision@3: 0.0300 ] Test set [recall@1: 0.0000 recall@2: 0.0800 recall@3: 0.0900 ] Test set [f1score@1: 0.0000 f1score@2: 0.0500 f1score@3: 0.0500 ] Test set [accuracy@1: 0.0000 accuracy@2: 0.0800 accuracy@3: 0.0900 ] 
2024-04-02 00:13:09,779 - [Epoch   1 / 1000] rec_loss: 5.0767 cl_loss: 0.0000 
2024-04-02 00:13:10,111 - Epoch   1 Test set [precision@1: 0.0000 precision@2: 0.0100 precision@3: 0.0300 ] Test set [recall@1: 0.0000 recall@2: 0.0200 recall@3: 0.0900 ] Test set [f1score@1: 0.0000 f1score@2: 0.0100 f1score@3: 0.0500 ] Test set [accuracy@1: 0.0000 accuracy@2: 0.0200 accuracy@3: 0.0900 ] 
2024-04-02 00:13:10,914 - [Epoch   2 / 1000] rec_loss: 5.1755 cl_loss: 0.0000 
2024-04-02 00:13:11,223 - Epoch   2 Test set [precision@1: 0.0000 precision@2: 0.0000 precision@3: 0.0100 ] Test set [recall@1: 0.0000 recall@2: 0.0100 recall@3: 0.0400 ] Test set [f1score@1: 0.0000 f1score@2: 0.0100 f1score@3: 0.0200 ] Test set [accuracy@1: 0.0000 accuracy@2: 0.0100 accuracy@3: 0.0400 ] 
2024-04-02 00:13:11,980 - [Epoch   3 / 1000] rec_loss: 4.7018 cl_loss: 0.0000 
2024-04-02 00:13:12,311 - Epoch   3 Test set [precision@1: 0.0000 precision@2: 0.0100 precision@3: 0.0200 ] Test set [recall@1: 0.0000 recall@2: 0.0300 recall@3: 0.0500 ] Test set [f1score@1: 0.0000 f1score@2: 0.0200 f1score@3: 0.0300 ] Test set [accuracy@1: 0.0000 accuracy@2: 0.0300 accuracy@3: 0.0500 ] 
2024-04-02 00:13:13,034 - [Epoch   4 / 1000] rec_loss: 4.6945 cl_loss: 0.0000 
2024-04-02 00:13:13,352 - Epoch   4 Test set [precision@1: 0.0000 precision@2: 0.0300 precision@3: 0.0300 ] Test set [recall@1: 0.0000 recall@2: 0.0600 recall@3: 0.1000 ] Test set [f1score@1: 0.0000 f1score@2: 0.0400 f1score@3: 0.0500 ] Test set [accuracy@1: 0.0000 accuracy@2: 0.0600 accuracy@3: 0.1000 ] 
2024-04-02 00:13:14,091 - [Epoch   5 / 1000] rec_loss: 4.3268 cl_loss: 0.0000 
2024-04-02 00:13:14,436 - Epoch   5 Test set [precision@1: 0.0000 precision@2: 0.0500 precision@3: 0.0400 ] Test set [recall@1: 0.0000 recall@2: 0.0900 recall@3: 0.1200 ] Test set [f1score@1: 0.0000 f1score@2: 0.0600 f1score@3: 0.0600 ] Test set [accuracy@1: 0.0000 accuracy@2: 0.0900 accuracy@3: 0.1200 ] 
2024-04-02 00:13:15,190 - [Epoch   6 / 1000] rec_loss: 4.4208 cl_loss: 0.0000 
2024-04-02 00:13:15,503 - Epoch   6 Test set [precision@1: 0.0000 precision@2: 0.0600 precision@3: 0.0500 ] Test set [recall@1: 0.0000 recall@2: 0.1200 recall@3: 0.1400 ] Test set [f1score@1: 0.0000 f1score@2: 0.0800 f1score@3: 0.0700 ] Test set [accuracy@1: 0.0000 accuracy@2: 0.1200 accuracy@3: 0.1400 ] 
2024-04-02 00:13:16,239 - [Epoch   7 / 1000] rec_loss: 4.2764 cl_loss: 0.0000 
2024-04-02 00:13:16,548 - Epoch   7 Test set [precision@1: 0.0000 precision@2: 0.0600 precision@3: 0.0500 ] Test set [recall@1: 0.0000 recall@2: 0.1200 recall@3: 0.1600 ] Test set [f1score@1: 0.0000 f1score@2: 0.0800 f1score@3: 0.0800 ] Test set [accuracy@1: 0.0000 accuracy@2: 0.1200 accuracy@3: 0.1600 ] 
2024-04-02 00:13:17,255 - [Epoch   8 / 1000] rec_loss: 3.9806 cl_loss: 0.0000 
2024-04-02 00:13:17,566 - Epoch   8 Test set [precision@1: 0.0000 precision@2: 0.0700 precision@3: 0.0500 ] Test set [recall@1: 0.0000 recall@2: 0.1400 recall@3: 0.1600 ] Test set [f1score@1: 0.0000 f1score@2: 0.0900 f1score@3: 0.0800 ] Test set [accuracy@1: 0.0000 accuracy@2: 0.1400 accuracy@3: 0.1600 ] 
2024-04-02 00:13:18,258 - [Epoch   9 / 1000] rec_loss: 4.1994 cl_loss: 0.0000 
2024-04-02 00:13:18,560 - Epoch   9 Test set [precision@1: 0.0000 precision@2: 0.0600 precision@3: 0.0500 ] Test set [recall@1: 0.0000 recall@2: 0.1300 recall@3: 0.1600 ] Test set [f1score@1: 0.0000 f1score@2: 0.0900 f1score@3: 0.0800 ] Test set [accuracy@1: 0.0000 accuracy@2: 0.1300 accuracy@3: 0.1600 ] 
2024-04-02 00:13:19,265 - [Epoch  10 / 1000] rec_loss: 4.2121 cl_loss: 0.0000 
2024-04-02 00:13:19,566 - Epoch  10 Test set [precision@1: 0.0100 precision@2: 0.0700 precision@3: 0.0600 ] Test set [recall@1: 0.0100 recall@2: 0.1400 recall@3: 0.1800 ] Test set [f1score@1: 0.0100 f1score@2: 0.0900 f1score@3: 0.0900 ] Test set [accuracy@1: 0.0100 accuracy@2: 0.1400 accuracy@3: 0.1800 ] 
2024-04-02 00:13:20,271 - [Epoch  11 / 1000] rec_loss: 3.8970 cl_loss: 0.0000 
2024-04-02 00:13:20,572 - Epoch  11 Test set [precision@1: 0.0300 precision@2: 0.0700 precision@3: 0.0700 ] Test set [recall@1: 0.0300 recall@2: 0.1400 recall@3: 0.2000 ] Test set [f1score@1: 0.0300 f1score@2: 0.0900 f1score@3: 0.1000 ] Test set [accuracy@1: 0.0300 accuracy@2: 0.1400 accuracy@3: 0.2000 ] 
2024-04-02 00:13:21,275 - [Epoch  12 / 1000] rec_loss: 3.7597 cl_loss: 0.0000 
2024-04-02 00:13:21,576 - Epoch  12 Test set [precision@1: 0.0600 precision@2: 0.0600 precision@3: 0.0800 ] Test set [recall@1: 0.0600 recall@2: 0.1300 recall@3: 0.2300 ] Test set [f1score@1: 0.0600 f1score@2: 0.0900 f1score@3: 0.1200 ] Test set [accuracy@1: 0.0600 accuracy@2: 0.1300 accuracy@3: 0.2300 ] 
2024-04-02 00:13:22,279 - [Epoch  13 / 1000] rec_loss: 3.7913 cl_loss: 0.0000 
2024-04-02 00:13:22,578 - Epoch  13 Test set [precision@1: 0.0700 precision@2: 0.0800 precision@3: 0.0800 ] Test set [recall@1: 0.0700 recall@2: 0.1600 recall@3: 0.2500 ] Test set [f1score@1: 0.0700 f1score@2: 0.1100 f1score@3: 0.1200 ] Test set [accuracy@1: 0.0700 accuracy@2: 0.1600 accuracy@3: 0.2500 ] 
2024-04-02 00:13:23,276 - [Epoch  14 / 1000] rec_loss: 3.7266 cl_loss: 0.0000 
2024-04-02 00:13:23,584 - Epoch  14 Test set [precision@1: 0.1000 precision@2: 0.0900 precision@3: 0.0900 ] Test set [recall@1: 0.1000 recall@2: 0.1800 recall@3: 0.2600 ] Test set [f1score@1: 0.1000 f1score@2: 0.1200 f1score@3: 0.1300 ] Test set [accuracy@1: 0.1000 accuracy@2: 0.1800 accuracy@3: 0.2600 ] 
2024-04-02 00:13:24,295 - [Epoch  15 / 1000] rec_loss: 3.5454 cl_loss: 0.0000 
2024-04-02 00:13:24,639 - Epoch  15 Test set [precision@1: 0.1200 precision@2: 0.0900 precision@3: 0.0900 ] Test set [recall@1: 0.1200 recall@2: 0.1900 recall@3: 0.2700 ] Test set [f1score@1: 0.1200 f1score@2: 0.1300 f1score@3: 0.1400 ] Test set [accuracy@1: 0.1200 accuracy@2: 0.1900 accuracy@3: 0.2700 ] 
2024-04-02 00:13:25,346 - [Epoch  16 / 1000] rec_loss: 3.3913 cl_loss: 0.0000 
2024-04-02 00:13:25,649 - Epoch  16 Test set [precision@1: 0.1200 precision@2: 0.0900 precision@3: 0.0900 ] Test set [recall@1: 0.1200 recall@2: 0.1700 recall@3: 0.2800 ] Test set [f1score@1: 0.1200 f1score@2: 0.1100 f1score@3: 0.1400 ] Test set [accuracy@1: 0.1200 accuracy@2: 0.1700 accuracy@3: 0.2800 ] 
2024-04-02 00:13:26,351 - [Epoch  17 / 1000] rec_loss: 3.5603 cl_loss: 0.0000 
2024-04-02 00:13:26,649 - Epoch  17 Test set [precision@1: 0.1300 precision@2: 0.0900 precision@3: 0.0800 ] Test set [recall@1: 0.1300 recall@2: 0.1700 recall@3: 0.2500 ] Test set [f1score@1: 0.1300 f1score@2: 0.1100 f1score@3: 0.1200 ] Test set [accuracy@1: 0.1300 accuracy@2: 0.1700 accuracy@3: 0.2500 ] 
2024-04-02 00:13:27,374 - [Epoch  18 / 1000] rec_loss: 3.5884 cl_loss: 0.0000 
2024-04-02 00:13:27,678 - Epoch  18 Test set [precision@1: 0.1100 precision@2: 0.0800 precision@3: 0.0800 ] Test set [recall@1: 0.1100 recall@2: 0.1600 recall@3: 0.2400 ] Test set [f1score@1: 0.1100 f1score@2: 0.1100 f1score@3: 0.1200 ] Test set [accuracy@1: 0.1100 accuracy@2: 0.1600 accuracy@3: 0.2400 ] 
2024-04-02 00:13:28,391 - [Epoch  19 / 1000] rec_loss: 3.0791 cl_loss: 0.0000 
2024-04-02 00:13:28,711 - Epoch  19 Test set [precision@1: 0.1100 precision@2: 0.0900 precision@3: 0.0900 ] Test set [recall@1: 0.1100 recall@2: 0.1700 recall@3: 0.2800 ] Test set [f1score@1: 0.1100 f1score@2: 0.1100 f1score@3: 0.1400 ] Test set [accuracy@1: 0.1100 accuracy@2: 0.1700 accuracy@3: 0.2800 ] 
2024-04-02 00:13:29,420 - [Epoch  20 / 1000] rec_loss: 3.3918 cl_loss: 0.0000 
2024-04-02 00:13:29,721 - Epoch  20 Test set [precision@1: 0.1300 precision@2: 0.1000 precision@3: 0.0900 ] Test set [recall@1: 0.1300 recall@2: 0.2000 recall@3: 0.2800 ] Test set [f1score@1: 0.1300 f1score@2: 0.1300 f1score@3: 0.1400 ] Test set [accuracy@1: 0.1300 accuracy@2: 0.2000 accuracy@3: 0.2800 ] 
2024-04-02 00:13:30,426 - [Epoch  21 / 1000] rec_loss: 3.2320 cl_loss: 0.0000 
2024-04-02 00:13:30,731 - Epoch  21 Test set [precision@1: 0.1400 precision@2: 0.1100 precision@3: 0.1100 ] Test set [recall@1: 0.1400 recall@2: 0.2200 recall@3: 0.3400 ] Test set [f1score@1: 0.1400 f1score@2: 0.1500 f1score@3: 0.1700 ] Test set [accuracy@1: 0.1400 accuracy@2: 0.2200 accuracy@3: 0.3400 ] 
2024-04-02 00:13:31,425 - [Epoch  22 / 1000] rec_loss: 3.2594 cl_loss: 0.0000 
2024-04-02 00:13:31,730 - Epoch  22 Test set [precision@1: 0.1500 precision@2: 0.1200 precision@3: 0.1100 ] Test set [recall@1: 0.1500 recall@2: 0.2300 recall@3: 0.3400 ] Test set [f1score@1: 0.1500 f1score@2: 0.1500 f1score@3: 0.1700 ] Test set [accuracy@1: 0.1500 accuracy@2: 0.2300 accuracy@3: 0.3400 ] 
2024-04-02 00:13:32,456 - [Epoch  23 / 1000] rec_loss: 3.3966 cl_loss: 0.0000 
2024-04-02 00:13:32,758 - Epoch  23 Test set [precision@1: 0.1700 precision@2: 0.1300 precision@3: 0.1200 ] Test set [recall@1: 0.1700 recall@2: 0.2600 recall@3: 0.3600 ] Test set [f1score@1: 0.1700 f1score@2: 0.1700 f1score@3: 0.1800 ] Test set [accuracy@1: 0.1700 accuracy@2: 0.2600 accuracy@3: 0.3600 ] 
2024-04-02 00:13:33,504 - [Epoch  24 / 1000] rec_loss: 3.0356 cl_loss: 0.0000 
2024-04-02 00:13:33,805 - Epoch  24 Test set [precision@1: 0.1800 precision@2: 0.1400 precision@3: 0.1300 ] Test set [recall@1: 0.1800 recall@2: 0.2900 recall@3: 0.4000 ] Test set [f1score@1: 0.1800 f1score@2: 0.1900 f1score@3: 0.2000 ] Test set [accuracy@1: 0.1800 accuracy@2: 0.2900 accuracy@3: 0.4000 ] 
2024-04-02 00:13:34,514 - [Epoch  25 / 1000] rec_loss: 2.9676 cl_loss: 0.0000 
2024-04-02 00:13:34,816 - Epoch  25 Test set [precision@1: 0.2000 precision@2: 0.1700 precision@3: 0.1500 ] Test set [recall@1: 0.2000 recall@2: 0.3300 recall@3: 0.4400 ] Test set [f1score@1: 0.2000 f1score@2: 0.2200 f1score@3: 0.2200 ] Test set [accuracy@1: 0.2000 accuracy@2: 0.3300 accuracy@3: 0.4400 ] 
2024-04-02 00:13:35,530 - [Epoch  26 / 1000] rec_loss: 2.9640 cl_loss: 0.0000 
2024-04-02 00:13:35,836 - Epoch  26 Test set [precision@1: 0.2300 precision@2: 0.1800 precision@3: 0.1700 ] Test set [recall@1: 0.2300 recall@2: 0.3600 recall@3: 0.5000 ] Test set [f1score@1: 0.2300 f1score@2: 0.2400 f1score@3: 0.2500 ] Test set [accuracy@1: 0.2300 accuracy@2: 0.3600 accuracy@3: 0.5000 ] 
2024-04-02 00:13:36,551 - [Epoch  27 / 1000] rec_loss: 2.8349 cl_loss: 0.0000 
2024-04-02 00:13:36,853 - Epoch  27 Test set [precision@1: 0.2600 precision@2: 0.2100 precision@3: 0.1900 ] Test set [recall@1: 0.2600 recall@2: 0.4200 recall@3: 0.5600 ] Test set [f1score@1: 0.2600 f1score@2: 0.2800 f1score@3: 0.2800 ] Test set [accuracy@1: 0.2600 accuracy@2: 0.4200 accuracy@3: 0.5600 ] 
2024-04-02 00:13:37,560 - [Epoch  28 / 1000] rec_loss: 2.9440 cl_loss: 0.0000 
2024-04-02 00:13:37,861 - Epoch  28 Test set [precision@1: 0.3000 precision@2: 0.2200 precision@3: 0.2000 ] Test set [recall@1: 0.3000 recall@2: 0.4400 recall@3: 0.6000 ] Test set [f1score@1: 0.3000 f1score@2: 0.2900 f1score@3: 0.3000 ] Test set [accuracy@1: 0.3000 accuracy@2: 0.4400 accuracy@3: 0.6000 ] 
2024-04-02 00:13:38,606 - [Epoch  29 / 1000] rec_loss: 2.9449 cl_loss: 0.0000 
2024-04-02 00:13:38,912 - Epoch  29 Test set [precision@1: 0.3200 precision@2: 0.2200 precision@3: 0.2000 ] Test set [recall@1: 0.3200 recall@2: 0.4400 recall@3: 0.5900 ] Test set [f1score@1: 0.3200 f1score@2: 0.2900 f1score@3: 0.2900 ] Test set [accuracy@1: 0.3200 accuracy@2: 0.4400 accuracy@3: 0.5900 ] 
2024-04-02 00:13:39,617 - [Epoch  30 / 1000] rec_loss: 2.9347 cl_loss: 0.0000 
2024-04-02 00:13:39,921 - Epoch  30 Test set [precision@1: 0.3100 precision@2: 0.2000 precision@3: 0.1900 ] Test set [recall@1: 0.3100 recall@2: 0.4100 recall@3: 0.5600 ] Test set [f1score@1: 0.3100 f1score@2: 0.2700 f1score@3: 0.2800 ] Test set [accuracy@1: 0.3100 accuracy@2: 0.4100 accuracy@3: 0.5600 ] 
2024-04-02 00:13:40,629 - [Epoch  31 / 1000] rec_loss: 2.7397 cl_loss: 0.0000 
2024-04-02 00:13:40,932 - Epoch  31 Test set [precision@1: 0.3200 precision@2: 0.2200 precision@3: 0.1900 ] Test set [recall@1: 0.3200 recall@2: 0.4300 recall@3: 0.5600 ] Test set [f1score@1: 0.3200 f1score@2: 0.2900 f1score@3: 0.2800 ] Test set [accuracy@1: 0.3200 accuracy@2: 0.4300 accuracy@3: 0.5600 ] 
2024-04-02 00:13:41,623 - [Epoch  32 / 1000] rec_loss: 2.6080 cl_loss: 0.0000 
2024-04-02 00:13:41,924 - Epoch  32 Test set [precision@1: 0.3200 precision@2: 0.2100 precision@3: 0.2000 ] Test set [recall@1: 0.3200 recall@2: 0.4200 recall@3: 0.5900 ] Test set [f1score@1: 0.3200 f1score@2: 0.2800 f1score@3: 0.2900 ] Test set [accuracy@1: 0.3200 accuracy@2: 0.4200 accuracy@3: 0.5900 ] 
2024-04-02 00:13:42,619 - [Epoch  33 / 1000] rec_loss: 2.7477 cl_loss: 0.0000 
2024-04-02 00:13:42,917 - Epoch  33 Test set [precision@1: 0.3600 precision@2: 0.2300 precision@3: 0.2000 ] Test set [recall@1: 0.3600 recall@2: 0.4600 recall@3: 0.5900 ] Test set [f1score@1: 0.3600 f1score@2: 0.3100 f1score@3: 0.2900 ] Test set [accuracy@1: 0.3600 accuracy@2: 0.4600 accuracy@3: 0.5900 ] 
2024-04-02 00:13:43,608 - [Epoch  34 / 1000] rec_loss: 2.8510 cl_loss: 0.0000 
2024-04-02 00:13:43,909 - Epoch  34 Test set [precision@1: 0.3700 precision@2: 0.2300 precision@3: 0.2100 ] Test set [recall@1: 0.3700 recall@2: 0.4700 recall@3: 0.6200 ] Test set [f1score@1: 0.3700 f1score@2: 0.3100 f1score@3: 0.3100 ] Test set [accuracy@1: 0.3700 accuracy@2: 0.4700 accuracy@3: 0.6200 ] 
2024-04-02 00:13:44,676 - [Epoch  35 / 1000] rec_loss: 2.6302 cl_loss: 0.0000 
2024-04-02 00:13:44,980 - Epoch  35 Test set [precision@1: 0.3800 precision@2: 0.2600 precision@3: 0.2100 ] Test set [recall@1: 0.3800 recall@2: 0.5300 recall@3: 0.6200 ] Test set [f1score@1: 0.3800 f1score@2: 0.3500 f1score@3: 0.3100 ] Test set [accuracy@1: 0.3800 accuracy@2: 0.5300 accuracy@3: 0.6200 ] 
2024-04-02 00:13:45,745 - [Epoch  36 / 1000] rec_loss: 2.7898 cl_loss: 0.0000 
2024-04-02 00:13:46,066 - Epoch  36 Test set [precision@1: 0.3800 precision@2: 0.2700 precision@3: 0.2200 ] Test set [recall@1: 0.3800 recall@2: 0.5400 recall@3: 0.6600 ] Test set [f1score@1: 0.3800 f1score@2: 0.3600 f1score@3: 0.3300 ] Test set [accuracy@1: 0.3800 accuracy@2: 0.5400 accuracy@3: 0.6600 ] 
2024-04-02 00:13:46,787 - [Epoch  37 / 1000] rec_loss: 2.7925 cl_loss: 0.0000 
2024-04-02 00:13:47,096 - Epoch  37 Test set [precision@1: 0.3700 precision@2: 0.2700 precision@3: 0.2200 ] Test set [recall@1: 0.3700 recall@2: 0.5400 recall@3: 0.6600 ] Test set [f1score@1: 0.3700 f1score@2: 0.3600 f1score@3: 0.3300 ] Test set [accuracy@1: 0.3700 accuracy@2: 0.5400 accuracy@3: 0.6600 ] 
2024-04-02 00:13:47,785 - [Epoch  38 / 1000] rec_loss: 2.6896 cl_loss: 0.0000 
2024-04-02 00:13:48,091 - Epoch  38 Test set [precision@1: 0.4100 precision@2: 0.2800 precision@3: 0.2300 ] Test set [recall@1: 0.4100 recall@2: 0.5600 recall@3: 0.7000 ] Test set [f1score@1: 0.4100 f1score@2: 0.3700 f1score@3: 0.3500 ] Test set [accuracy@1: 0.4100 accuracy@2: 0.5600 accuracy@3: 0.7000 ] 
2024-04-02 00:13:48,863 - [Epoch  39 / 1000] rec_loss: 2.7292 cl_loss: 0.0000 
2024-04-02 00:13:49,163 - Epoch  39 Test set [precision@1: 0.3800 precision@2: 0.2900 precision@3: 0.2200 ] Test set [recall@1: 0.3800 recall@2: 0.5900 recall@3: 0.6700 ] Test set [f1score@1: 0.3800 f1score@2: 0.3900 f1score@3: 0.3400 ] Test set [accuracy@1: 0.3800 accuracy@2: 0.5900 accuracy@3: 0.6700 ] 
2024-04-02 00:13:49,878 - [Epoch  40 / 1000] rec_loss: 2.7296 cl_loss: 0.0000 
2024-04-02 00:13:50,182 - Epoch  40 Test set [precision@1: 0.4200 precision@2: 0.2900 precision@3: 0.2300 ] Test set [recall@1: 0.4200 recall@2: 0.5800 recall@3: 0.6800 ] Test set [f1score@1: 0.4200 f1score@2: 0.3900 f1score@3: 0.3400 ] Test set [accuracy@1: 0.4200 accuracy@2: 0.5800 accuracy@3: 0.6800 ] 
2024-04-02 00:13:50,976 - [Epoch  41 / 1000] rec_loss: 2.7136 cl_loss: 0.0000 
2024-04-02 00:13:51,286 - Epoch  41 Test set [precision@1: 0.4300 precision@2: 0.2900 precision@3: 0.2100 ] Test set [recall@1: 0.4300 recall@2: 0.5800 recall@3: 0.6400 ] Test set [f1score@1: 0.4300 f1score@2: 0.3900 f1score@3: 0.3200 ] Test set [accuracy@1: 0.4300 accuracy@2: 0.5800 accuracy@3: 0.6400 ] 
2024-04-02 00:13:52,051 - [Epoch  42 / 1000] rec_loss: 2.7019 cl_loss: 0.0000 
2024-04-02 00:13:52,445 - Epoch  42 Test set [precision@1: 0.4000 precision@2: 0.2700 precision@3: 0.2200 ] Test set [recall@1: 0.4000 recall@2: 0.5400 recall@3: 0.6700 ] Test set [f1score@1: 0.4000 f1score@2: 0.3600 f1score@3: 0.3400 ] Test set [accuracy@1: 0.4000 accuracy@2: 0.5400 accuracy@3: 0.6700 ] 
2024-04-02 00:13:53,185 - [Epoch  43 / 1000] rec_loss: 2.6413 cl_loss: 0.0000 
2024-04-02 00:13:53,562 - Epoch  43 Test set [precision@1: 0.3800 precision@2: 0.2900 precision@3: 0.2200 ] Test set [recall@1: 0.3800 recall@2: 0.5800 recall@3: 0.6500 ] Test set [f1score@1: 0.3800 f1score@2: 0.3900 f1score@3: 0.3200 ] Test set [accuracy@1: 0.3800 accuracy@2: 0.5800 accuracy@3: 0.6500 ] 
2024-04-02 00:13:54,366 - [Epoch  44 / 1000] rec_loss: 2.6411 cl_loss: 0.0000 
2024-04-02 00:13:54,689 - Epoch  44 Test set [precision@1: 0.3700 precision@2: 0.2800 precision@3: 0.2100 ] Test set [recall@1: 0.3700 recall@2: 0.5500 recall@3: 0.6300 ] Test set [f1score@1: 0.3700 f1score@2: 0.3700 f1score@3: 0.3100 ] Test set [accuracy@1: 0.3700 accuracy@2: 0.5500 accuracy@3: 0.6300 ] 
2024-04-02 00:13:55,435 - [Epoch  45 / 1000] rec_loss: 2.8280 cl_loss: 0.0000 
2024-04-02 00:13:55,793 - Epoch  45 Test set [precision@1: 0.3600 precision@2: 0.2500 precision@3: 0.2100 ] Test set [recall@1: 0.3600 recall@2: 0.5100 recall@3: 0.6200 ] Test set [f1score@1: 0.3600 f1score@2: 0.3400 f1score@3: 0.3100 ] Test set [accuracy@1: 0.3600 accuracy@2: 0.5100 accuracy@3: 0.6200 ] 
2024-04-02 00:13:56,614 - [Epoch  46 / 1000] rec_loss: 2.6620 cl_loss: 0.0000 
2024-04-02 00:13:56,965 - Epoch  46 Test set [precision@1: 0.3800 precision@2: 0.2800 precision@3: 0.2200 ] Test set [recall@1: 0.3800 recall@2: 0.5600 recall@3: 0.6700 ] Test set [f1score@1: 0.3800 f1score@2: 0.3700 f1score@3: 0.3400 ] Test set [accuracy@1: 0.3800 accuracy@2: 0.5600 accuracy@3: 0.6700 ] 
2024-04-02 00:13:57,857 - [Epoch  47 / 1000] rec_loss: 2.5202 cl_loss: 0.0000 
2024-04-02 00:13:58,180 - Epoch  47 Test set [precision@1: 0.4000 precision@2: 0.3000 precision@3: 0.2200 ] Test set [recall@1: 0.4000 recall@2: 0.6000 recall@3: 0.6500 ] Test set [f1score@1: 0.4000 f1score@2: 0.4000 f1score@3: 0.3200 ] Test set [accuracy@1: 0.4000 accuracy@2: 0.6000 accuracy@3: 0.6500 ] 
2024-04-02 00:13:58,950 - [Epoch  48 / 1000] rec_loss: 2.4858 cl_loss: 0.0000 
2024-04-02 00:13:59,270 - Epoch  48 Test set [precision@1: 0.4100 precision@2: 0.3000 precision@3: 0.2300 ] Test set [recall@1: 0.4100 recall@2: 0.6000 recall@3: 0.6800 ] Test set [f1score@1: 0.4100 f1score@2: 0.4000 f1score@3: 0.3400 ] Test set [accuracy@1: 0.4100 accuracy@2: 0.6000 accuracy@3: 0.6800 ] 
2024-04-02 00:14:00,012 - [Epoch  49 / 1000] rec_loss: 2.8588 cl_loss: 0.0000 
2024-04-02 00:14:00,325 - Epoch  49 Test set [precision@1: 0.4100 precision@2: 0.3000 precision@3: 0.2400 ] Test set [recall@1: 0.4100 recall@2: 0.6000 recall@3: 0.7100 ] Test set [f1score@1: 0.4100 f1score@2: 0.4000 f1score@3: 0.3500 ] Test set [accuracy@1: 0.4100 accuracy@2: 0.6000 accuracy@3: 0.7100 ] 
2024-04-02 00:14:01,093 - [Epoch  50 / 1000] rec_loss: 2.4510 cl_loss: 0.0000 
2024-04-02 00:14:01,423 - Epoch  50 Test set [precision@1: 0.4300 precision@2: 0.3000 precision@3: 0.2300 ] Test set [recall@1: 0.4300 recall@2: 0.6000 recall@3: 0.7000 ] Test set [f1score@1: 0.4300 f1score@2: 0.4000 f1score@3: 0.3500 ] Test set [accuracy@1: 0.4300 accuracy@2: 0.6000 accuracy@3: 0.7000 ] 
2024-04-02 00:14:02,206 - [Epoch  51 / 1000] rec_loss: 2.4890 cl_loss: 0.0000 
2024-04-02 00:14:02,541 - Epoch  51 Test set [precision@1: 0.4100 precision@2: 0.2900 precision@3: 0.2200 ] Test set [recall@1: 0.4100 recall@2: 0.5900 recall@3: 0.6700 ] Test set [f1score@1: 0.4100 f1score@2: 0.3900 f1score@3: 0.3400 ] Test set [accuracy@1: 0.4100 accuracy@2: 0.5900 accuracy@3: 0.6700 ] 
2024-04-02 00:14:03,298 - [Epoch  52 / 1000] rec_loss: 2.5845 cl_loss: 0.0000 
2024-04-02 00:14:03,618 - Epoch  52 Test set [precision@1: 0.4400 precision@2: 0.3100 precision@3: 0.2500 ] Test set [recall@1: 0.4400 recall@2: 0.6100 recall@3: 0.7400 ] Test set [f1score@1: 0.4400 f1score@2: 0.4100 f1score@3: 0.3700 ] Test set [accuracy@1: 0.4400 accuracy@2: 0.6100 accuracy@3: 0.7400 ] 
2024-04-02 00:14:04,784 - [Epoch  53 / 1000] rec_loss: 2.4817 cl_loss: 0.0000 
2024-04-02 00:14:05,134 - Epoch  53 Test set [precision@1: 0.4200 precision@2: 0.3100 precision@3: 0.2500 ] Test set [recall@1: 0.4200 recall@2: 0.6300 recall@3: 0.7500 ] Test set [f1score@1: 0.4200 f1score@2: 0.4200 f1score@3: 0.3800 ] Test set [accuracy@1: 0.4200 accuracy@2: 0.6300 accuracy@3: 0.7500 ] 
2024-04-02 00:14:05,883 - [Epoch  54 / 1000] rec_loss: 2.3242 cl_loss: 0.0000 
2024-04-02 00:14:06,239 - Epoch  54 Test set [precision@1: 0.4600 precision@2: 0.3100 precision@3: 0.2500 ] Test set [recall@1: 0.4600 recall@2: 0.6300 recall@3: 0.7600 ] Test set [f1score@1: 0.4600 f1score@2: 0.4200 f1score@3: 0.3800 ] Test set [accuracy@1: 0.4600 accuracy@2: 0.6300 accuracy@3: 0.7600 ] 
2024-04-02 00:14:07,015 - [Epoch  55 / 1000] rec_loss: 2.7850 cl_loss: 0.0000 
2024-04-02 00:14:07,329 - Epoch  55 Test set [precision@1: 0.4500 precision@2: 0.3200 precision@3: 0.2500 ] Test set [recall@1: 0.4500 recall@2: 0.6400 recall@3: 0.7500 ] Test set [f1score@1: 0.4500 f1score@2: 0.4300 f1score@3: 0.3800 ] Test set [accuracy@1: 0.4500 accuracy@2: 0.6400 accuracy@3: 0.7500 ] 
2024-04-02 00:14:08,125 - [Epoch  56 / 1000] rec_loss: 2.5604 cl_loss: 0.0000 
2024-04-02 00:14:08,457 - Epoch  56 Test set [precision@1: 0.4700 precision@2: 0.3100 precision@3: 0.2600 ] Test set [recall@1: 0.4700 recall@2: 0.6300 recall@3: 0.7700 ] Test set [f1score@1: 0.4700 f1score@2: 0.4200 f1score@3: 0.3800 ] Test set [accuracy@1: 0.4700 accuracy@2: 0.6300 accuracy@3: 0.7700 ] 
2024-04-02 00:14:09,234 - [Epoch  57 / 1000] rec_loss: 2.3895 cl_loss: 0.0000 
2024-04-02 00:14:09,551 - Epoch  57 Test set [precision@1: 0.5000 precision@2: 0.3400 precision@3: 0.2600 ] Test set [recall@1: 0.5000 recall@2: 0.6700 recall@3: 0.7800 ] Test set [f1score@1: 0.5000 f1score@2: 0.4500 f1score@3: 0.3900 ] Test set [accuracy@1: 0.5000 accuracy@2: 0.6700 accuracy@3: 0.7800 ] 
2024-04-02 00:14:10,327 - [Epoch  58 / 1000] rec_loss: 2.4802 cl_loss: 0.0000 
2024-04-02 00:14:10,657 - Epoch  58 Test set [precision@1: 0.4800 precision@2: 0.3400 precision@3: 0.2600 ] Test set [recall@1: 0.4800 recall@2: 0.6800 recall@3: 0.7800 ] Test set [f1score@1: 0.4800 f1score@2: 0.4500 f1score@3: 0.3900 ] Test set [accuracy@1: 0.4800 accuracy@2: 0.6800 accuracy@3: 0.7800 ] 
2024-04-02 00:14:11,410 - [Epoch  59 / 1000] rec_loss: 2.5815 cl_loss: 0.0000 
2024-04-02 00:14:11,747 - Epoch  59 Test set [precision@1: 0.4500 precision@2: 0.3400 precision@3: 0.2500 ] Test set [recall@1: 0.4500 recall@2: 0.6800 recall@3: 0.7400 ] Test set [f1score@1: 0.4500 f1score@2: 0.4500 f1score@3: 0.3700 ] Test set [accuracy@1: 0.4500 accuracy@2: 0.6800 accuracy@3: 0.7400 ] 
2024-04-02 00:14:12,514 - [Epoch  60 / 1000] rec_loss: 2.5579 cl_loss: 0.0000 
2024-04-02 00:14:12,831 - Epoch  60 Test set [precision@1: 0.4800 precision@2: 0.3300 precision@3: 0.2500 ] Test set [recall@1: 0.4800 recall@2: 0.6600 recall@3: 0.7500 ] Test set [f1score@1: 0.4800 f1score@2: 0.4400 f1score@3: 0.3800 ] Test set [accuracy@1: 0.4800 accuracy@2: 0.6600 accuracy@3: 0.7500 ] 
2024-04-02 00:14:13,592 - [Epoch  61 / 1000] rec_loss: 2.4240 cl_loss: 0.0000 
2024-04-02 00:14:14,177 - Epoch  61 Test set [precision@1: 0.4700 precision@2: 0.3400 precision@3: 0.2600 ] Test set [recall@1: 0.4700 recall@2: 0.6700 recall@3: 0.7700 ] Test set [f1score@1: 0.4700 f1score@2: 0.4500 f1score@3: 0.3800 ] Test set [accuracy@1: 0.4700 accuracy@2: 0.6700 accuracy@3: 0.7700 ] 
2024-04-02 00:14:14,994 - [Epoch  62 / 1000] rec_loss: 2.4610 cl_loss: 0.0000 
2024-04-02 00:14:15,333 - Epoch  62 Test set [precision@1: 0.4600 precision@2: 0.3400 precision@3: 0.2600 ] Test set [recall@1: 0.4600 recall@2: 0.6800 recall@3: 0.7700 ] Test set [f1score@1: 0.4600 f1score@2: 0.4500 f1score@3: 0.3800 ] Test set [accuracy@1: 0.4600 accuracy@2: 0.6800 accuracy@3: 0.7700 ] 
2024-04-02 00:14:16,076 - [Epoch  63 / 1000] rec_loss: 2.3412 cl_loss: 0.0000 
2024-04-02 00:14:16,395 - Epoch  63 Test set [precision@1: 0.4900 precision@2: 0.3400 precision@3: 0.2500 ] Test set [recall@1: 0.4900 recall@2: 0.6700 recall@3: 0.7600 ] Test set [f1score@1: 0.4900 f1score@2: 0.4500 f1score@3: 0.3800 ] Test set [accuracy@1: 0.4900 accuracy@2: 0.6700 accuracy@3: 0.7600 ] 
2024-04-02 00:14:17,120 - [Epoch  64 / 1000] rec_loss: 2.2486 cl_loss: 0.0000 
2024-04-02 00:14:17,436 - Epoch  64 Test set [precision@1: 0.4800 precision@2: 0.3400 precision@3: 0.2600 ] Test set [recall@1: 0.4800 recall@2: 0.6700 recall@3: 0.7900 ] Test set [f1score@1: 0.4800 f1score@2: 0.4500 f1score@3: 0.4000 ] Test set [accuracy@1: 0.4800 accuracy@2: 0.6700 accuracy@3: 0.7900 ] 
2024-04-02 00:14:18,188 - [Epoch  65 / 1000] rec_loss: 2.2184 cl_loss: 0.0000 
2024-04-02 00:14:18,521 - Epoch  65 Test set [precision@1: 0.4700 precision@2: 0.3200 precision@3: 0.2600 ] Test set [recall@1: 0.4700 recall@2: 0.6400 recall@3: 0.7900 ] Test set [f1score@1: 0.4700 f1score@2: 0.4300 f1score@3: 0.4000 ] Test set [accuracy@1: 0.4700 accuracy@2: 0.6400 accuracy@3: 0.7900 ] 
2024-04-02 00:14:19,248 - [Epoch  66 / 1000] rec_loss: 2.3580 cl_loss: 0.0000 
2024-04-02 00:14:19,574 - Epoch  66 Test set [precision@1: 0.4400 precision@2: 0.3300 precision@3: 0.2500 ] Test set [recall@1: 0.4400 recall@2: 0.6600 recall@3: 0.7500 ] Test set [f1score@1: 0.4400 f1score@2: 0.4400 f1score@3: 0.3800 ] Test set [accuracy@1: 0.4400 accuracy@2: 0.6600 accuracy@3: 0.7500 ] 
2024-04-02 00:14:20,308 - [Epoch  67 / 1000] rec_loss: 2.1795 cl_loss: 0.0000 
2024-04-02 00:14:20,649 - Epoch  67 Test set [precision@1: 0.4400 precision@2: 0.3300 precision@3: 0.2500 ] Test set [recall@1: 0.4400 recall@2: 0.6600 recall@3: 0.7600 ] Test set [f1score@1: 0.4400 f1score@2: 0.4400 f1score@3: 0.3800 ] Test set [accuracy@1: 0.4400 accuracy@2: 0.6600 accuracy@3: 0.7600 ] 
2024-04-02 00:14:21,416 - [Epoch  68 / 1000] rec_loss: 2.3189 cl_loss: 0.0000 
2024-04-02 00:14:21,740 - Epoch  68 Test set [precision@1: 0.4300 precision@2: 0.3300 precision@3: 0.2500 ] Test set [recall@1: 0.4300 recall@2: 0.6600 recall@3: 0.7400 ] Test set [f1score@1: 0.4300 f1score@2: 0.4400 f1score@3: 0.3700 ] Test set [accuracy@1: 0.4300 accuracy@2: 0.6600 accuracy@3: 0.7400 ] 
2024-04-02 00:14:22,573 - [Epoch  69 / 1000] rec_loss: 2.2137 cl_loss: 0.0000 
2024-04-02 00:14:22,920 - Epoch  69 Test set [precision@1: 0.4100 precision@2: 0.3100 precision@3: 0.2500 ] Test set [recall@1: 0.4100 recall@2: 0.6300 recall@3: 0.7600 ] Test set [f1score@1: 0.4100 f1score@2: 0.4200 f1score@3: 0.3800 ] Test set [accuracy@1: 0.4100 accuracy@2: 0.6300 accuracy@3: 0.7600 ] 
2024-04-02 00:14:23,712 - [Epoch  70 / 1000] rec_loss: 2.2605 cl_loss: 0.0000 
2024-04-02 00:14:24,036 - Epoch  70 Test set [precision@1: 0.4400 precision@2: 0.3400 precision@3: 0.2500 ] Test set [recall@1: 0.4400 recall@2: 0.6800 recall@3: 0.7600 ] Test set [f1score@1: 0.4400 f1score@2: 0.4500 f1score@3: 0.3800 ] Test set [accuracy@1: 0.4400 accuracy@2: 0.6800 accuracy@3: 0.7600 ] 
2024-04-02 00:14:24,770 - [Epoch  71 / 1000] rec_loss: 2.2914 cl_loss: 0.0000 
2024-04-02 00:14:25,098 - Epoch  71 Test set [precision@1: 0.4500 precision@2: 0.3500 precision@3: 0.2600 ] Test set [recall@1: 0.4500 recall@2: 0.7000 recall@3: 0.7800 ] Test set [f1score@1: 0.4500 f1score@2: 0.4700 f1score@3: 0.3900 ] Test set [accuracy@1: 0.4500 accuracy@2: 0.7000 accuracy@3: 0.7800 ] 
2024-04-02 00:14:25,820 - [Epoch  72 / 1000] rec_loss: 2.1575 cl_loss: 0.0000 
2024-04-02 00:14:26,153 - Epoch  72 Test set [precision@1: 0.4300 precision@2: 0.3400 precision@3: 0.2600 ] Test set [recall@1: 0.4300 recall@2: 0.6800 recall@3: 0.7800 ] Test set [f1score@1: 0.4300 f1score@2: 0.4500 f1score@3: 0.3900 ] Test set [accuracy@1: 0.4300 accuracy@2: 0.6800 accuracy@3: 0.7800 ] 
2024-04-02 00:14:26,896 - [Epoch  73 / 1000] rec_loss: 2.3201 cl_loss: 0.0000 
2024-04-02 00:14:27,215 - Epoch  73 Test set [precision@1: 0.4000 precision@2: 0.3200 precision@3: 0.2600 ] Test set [recall@1: 0.4000 recall@2: 0.6400 recall@3: 0.7700 ] Test set [f1score@1: 0.4000 f1score@2: 0.4300 f1score@3: 0.3800 ] Test set [accuracy@1: 0.4000 accuracy@2: 0.6400 accuracy@3: 0.7700 ] 
2024-04-02 00:14:27,933 - [Epoch  74 / 1000] rec_loss: 2.3492 cl_loss: 0.0000 
2024-04-02 00:14:28,249 - Epoch  74 Test set [precision@1: 0.4300 precision@2: 0.3200 precision@3: 0.2600 ] Test set [recall@1: 0.4300 recall@2: 0.6500 recall@3: 0.7800 ] Test set [f1score@1: 0.4300 f1score@2: 0.4300 f1score@3: 0.3900 ] Test set [accuracy@1: 0.4300 accuracy@2: 0.6500 accuracy@3: 0.7800 ] 
2024-04-02 00:14:29,001 - [Epoch  75 / 1000] rec_loss: 2.2731 cl_loss: 0.0000 
2024-04-02 00:14:29,320 - Epoch  75 Test set [precision@1: 0.4400 precision@2: 0.3300 precision@3: 0.2600 ] Test set [recall@1: 0.4400 recall@2: 0.6600 recall@3: 0.7700 ] Test set [f1score@1: 0.4400 f1score@2: 0.4400 f1score@3: 0.3800 ] Test set [accuracy@1: 0.4400 accuracy@2: 0.6600 accuracy@3: 0.7700 ] 
2024-04-02 00:14:30,069 - [Epoch  76 / 1000] rec_loss: 2.2562 cl_loss: 0.0000 
2024-04-02 00:14:30,433 - Epoch  76 Test set [precision@1: 0.4700 precision@2: 0.3400 precision@3: 0.2600 ] Test set [recall@1: 0.4700 recall@2: 0.6700 recall@3: 0.7800 ] Test set [f1score@1: 0.4700 f1score@2: 0.4500 f1score@3: 0.3900 ] Test set [accuracy@1: 0.4700 accuracy@2: 0.6700 accuracy@3: 0.7800 ] 
2024-04-02 00:14:31,160 - [Epoch  77 / 1000] rec_loss: 2.3352 cl_loss: 0.0000 
2024-04-02 00:14:31,498 - Epoch  77 Test set [precision@1: 0.4700 precision@2: 0.3300 precision@3: 0.2600 ] Test set [recall@1: 0.4700 recall@2: 0.6600 recall@3: 0.7900 ] Test set [f1score@1: 0.4700 f1score@2: 0.4400 f1score@3: 0.4000 ] Test set [accuracy@1: 0.4700 accuracy@2: 0.6600 accuracy@3: 0.7900 ] 
2024-04-02 00:14:32,230 - [Epoch  78 / 1000] rec_loss: 2.3547 cl_loss: 0.0000 
2024-04-02 00:14:32,544 - Epoch  78 Test set [precision@1: 0.4700 precision@2: 0.3200 precision@3: 0.2600 ] Test set [recall@1: 0.4700 recall@2: 0.6500 recall@3: 0.7900 ] Test set [f1score@1: 0.4700 f1score@2: 0.4300 f1score@3: 0.4000 ] Test set [accuracy@1: 0.4700 accuracy@2: 0.6500 accuracy@3: 0.7900 ] 
2024-04-02 00:14:33,285 - [Epoch  79 / 1000] rec_loss: 2.2336 cl_loss: 0.0000 
2024-04-02 00:14:33,612 - Epoch  79 Test set [precision@1: 0.4400 precision@2: 0.3100 precision@3: 0.2600 ] Test set [recall@1: 0.4400 recall@2: 0.6300 recall@3: 0.7700 ] Test set [f1score@1: 0.4400 f1score@2: 0.4200 f1score@3: 0.3800 ] Test set [accuracy@1: 0.4400 accuracy@2: 0.6300 accuracy@3: 0.7700 ] 
2024-04-02 00:14:34,351 - [Epoch  80 / 1000] rec_loss: 2.1299 cl_loss: 0.0000 
2024-04-02 00:14:34,663 - Epoch  80 Test set [precision@1: 0.4500 precision@2: 0.3200 precision@3: 0.2600 ] Test set [recall@1: 0.4500 recall@2: 0.6500 recall@3: 0.7900 ] Test set [f1score@1: 0.4500 f1score@2: 0.4300 f1score@3: 0.4000 ] Test set [accuracy@1: 0.4500 accuracy@2: 0.6500 accuracy@3: 0.7900 ] 
2024-04-02 00:14:35,401 - [Epoch  81 / 1000] rec_loss: 2.1724 cl_loss: 0.0000 
2024-04-02 00:14:35,717 - Epoch  81 Test set [precision@1: 0.4800 precision@2: 0.3300 precision@3: 0.2600 ] Test set [recall@1: 0.4800 recall@2: 0.6600 recall@3: 0.7900 ] Test set [f1score@1: 0.4800 f1score@2: 0.4400 f1score@3: 0.4000 ] Test set [accuracy@1: 0.4800 accuracy@2: 0.6600 accuracy@3: 0.7900 ] 
2024-04-02 00:14:36,452 - [Epoch  82 / 1000] rec_loss: 2.2323 cl_loss: 0.0000 
2024-04-02 00:14:36,763 - Epoch  82 Test set [precision@1: 0.4600 precision@2: 0.3200 precision@3: 0.2700 ] Test set [recall@1: 0.4600 recall@2: 0.6500 recall@3: 0.8000 ] Test set [f1score@1: 0.4600 f1score@2: 0.4300 f1score@3: 0.4000 ] Test set [accuracy@1: 0.4600 accuracy@2: 0.6500 accuracy@3: 0.8000 ] 
2024-04-02 00:14:37,495 - [Epoch  83 / 1000] rec_loss: 2.1800 cl_loss: 0.0000 
2024-04-02 00:14:37,808 - Epoch  83 Test set [precision@1: 0.4800 precision@2: 0.3100 precision@3: 0.2700 ] Test set [recall@1: 0.4800 recall@2: 0.6300 recall@3: 0.8000 ] Test set [f1score@1: 0.4800 f1score@2: 0.4200 f1score@3: 0.4000 ] Test set [accuracy@1: 0.4800 accuracy@2: 0.6300 accuracy@3: 0.8000 ] 
2024-04-02 00:14:38,537 - [Epoch  84 / 1000] rec_loss: 2.2388 cl_loss: 0.0000 
2024-04-02 00:14:38,849 - Epoch  84 Test set [precision@1: 0.4700 precision@2: 0.3200 precision@3: 0.2600 ] Test set [recall@1: 0.4700 recall@2: 0.6500 recall@3: 0.7900 ] Test set [f1score@1: 0.4700 f1score@2: 0.4300 f1score@3: 0.4000 ] Test set [accuracy@1: 0.4700 accuracy@2: 0.6500 accuracy@3: 0.7900 ] 
2024-04-02 00:14:39,576 - [Epoch  85 / 1000] rec_loss: 2.2111 cl_loss: 0.0000 
2024-04-02 00:14:39,894 - Epoch  85 Test set [precision@1: 0.4500 precision@2: 0.3200 precision@3: 0.2600 ] Test set [recall@1: 0.4500 recall@2: 0.6500 recall@3: 0.7800 ] Test set [f1score@1: 0.4500 f1score@2: 0.4300 f1score@3: 0.3900 ] Test set [accuracy@1: 0.4500 accuracy@2: 0.6500 accuracy@3: 0.7800 ] 
2024-04-02 00:14:40,673 - [Epoch  86 / 1000] rec_loss: 2.2986 cl_loss: 0.0000 
2024-04-02 00:14:40,990 - Epoch  86 Test set [precision@1: 0.4500 precision@2: 0.3400 precision@3: 0.2600 ] Test set [recall@1: 0.4500 recall@2: 0.6900 recall@3: 0.7700 ] Test set [f1score@1: 0.4500 f1score@2: 0.4600 f1score@3: 0.3800 ] Test set [accuracy@1: 0.4500 accuracy@2: 0.6900 accuracy@3: 0.7700 ] 
2024-04-02 00:14:41,789 - [Epoch  87 / 1000] rec_loss: 2.1969 cl_loss: 0.0000 
2024-04-02 00:14:42,110 - Epoch  87 Test set [precision@1: 0.4600 precision@2: 0.3400 precision@3: 0.2500 ] Test set [recall@1: 0.4600 recall@2: 0.6800 recall@3: 0.7600 ] Test set [f1score@1: 0.4600 f1score@2: 0.4500 f1score@3: 0.3800 ] Test set [accuracy@1: 0.4600 accuracy@2: 0.6800 accuracy@3: 0.7600 ] 
2024-04-02 00:14:42,848 - [Epoch  88 / 1000] rec_loss: 2.1307 cl_loss: 0.0000 
2024-04-02 00:14:43,159 - Epoch  88 Test set [precision@1: 0.4600 precision@2: 0.3300 precision@3: 0.2600 ] Test set [recall@1: 0.4600 recall@2: 0.6600 recall@3: 0.7800 ] Test set [f1score@1: 0.4600 f1score@2: 0.4400 f1score@3: 0.3900 ] Test set [accuracy@1: 0.4600 accuracy@2: 0.6600 accuracy@3: 0.7800 ] 
2024-04-02 00:14:43,907 - [Epoch  89 / 1000] rec_loss: 2.0892 cl_loss: 0.0000 
2024-04-02 00:14:44,218 - Epoch  89 Test set [precision@1: 0.4700 precision@2: 0.3400 precision@3: 0.2600 ] Test set [recall@1: 0.4700 recall@2: 0.6800 recall@3: 0.7900 ] Test set [f1score@1: 0.4700 f1score@2: 0.4500 f1score@3: 0.4000 ] Test set [accuracy@1: 0.4700 accuracy@2: 0.6800 accuracy@3: 0.7900 ] 
2024-04-02 00:14:44,948 - [Epoch  90 / 1000] rec_loss: 2.1210 cl_loss: 0.0000 
2024-04-02 00:14:45,278 - Epoch  90 Test set [precision@1: 0.4700 precision@2: 0.3400 precision@3: 0.2600 ] Test set [recall@1: 0.4700 recall@2: 0.6800 recall@3: 0.7900 ] Test set [f1score@1: 0.4700 f1score@2: 0.4500 f1score@3: 0.4000 ] Test set [accuracy@1: 0.4700 accuracy@2: 0.6800 accuracy@3: 0.7900 ] 
2024-04-02 00:14:46,020 - [Epoch  91 / 1000] rec_loss: 1.9233 cl_loss: 0.0000 
2024-04-02 00:14:46,331 - Epoch  91 Test set [precision@1: 0.4800 precision@2: 0.3400 precision@3: 0.2600 ] Test set [recall@1: 0.4800 recall@2: 0.6700 recall@3: 0.7800 ] Test set [f1score@1: 0.4800 f1score@2: 0.4500 f1score@3: 0.3900 ] Test set [accuracy@1: 0.4800 accuracy@2: 0.6700 accuracy@3: 0.7800 ] 
2024-04-02 00:14:47,056 - [Epoch  92 / 1000] rec_loss: 2.2702 cl_loss: 0.0000 
2024-04-02 00:14:47,371 - Epoch  92 Test set [precision@1: 0.4900 precision@2: 0.3300 precision@3: 0.2600 ] Test set [recall@1: 0.4900 recall@2: 0.6600 recall@3: 0.7800 ] Test set [f1score@1: 0.4900 f1score@2: 0.4400 f1score@3: 0.3900 ] Test set [accuracy@1: 0.4900 accuracy@2: 0.6600 accuracy@3: 0.7800 ] 
2024-04-02 00:14:48,102 - [Epoch  93 / 1000] rec_loss: 2.2785 cl_loss: 0.0000 
2024-04-02 00:14:48,420 - Epoch  93 Test set [precision@1: 0.4900 precision@2: 0.3400 precision@3: 0.2600 ] Test set [recall@1: 0.4900 recall@2: 0.6700 recall@3: 0.7800 ] Test set [f1score@1: 0.4900 f1score@2: 0.4500 f1score@3: 0.3900 ] Test set [accuracy@1: 0.4900 accuracy@2: 0.6700 accuracy@3: 0.7800 ] 
2024-04-02 00:14:49,155 - [Epoch  94 / 1000] rec_loss: 2.2164 cl_loss: 0.0000 
2024-04-02 00:14:49,468 - Epoch  94 Test set [precision@1: 0.4900 precision@2: 0.3400 precision@3: 0.2600 ] Test set [recall@1: 0.4900 recall@2: 0.6900 recall@3: 0.7800 ] Test set [f1score@1: 0.4900 f1score@2: 0.4600 f1score@3: 0.3900 ] Test set [accuracy@1: 0.4900 accuracy@2: 0.6900 accuracy@3: 0.7800 ] 
2024-04-02 00:14:50,189 - [Epoch  95 / 1000] rec_loss: 2.2391 cl_loss: 0.0000 
2024-04-02 00:14:50,500 - Epoch  95 Test set [precision@1: 0.4900 precision@2: 0.3500 precision@3: 0.2600 ] Test set [recall@1: 0.4900 recall@2: 0.7000 recall@3: 0.7900 ] Test set [f1score@1: 0.4900 f1score@2: 0.4700 f1score@3: 0.4000 ] Test set [accuracy@1: 0.4900 accuracy@2: 0.7000 accuracy@3: 0.7900 ] 
2024-04-02 00:14:51,248 - [Epoch  96 / 1000] rec_loss: 2.1852 cl_loss: 0.0000 
2024-04-02 00:14:51,559 - Epoch  96 Test set [precision@1: 0.4800 precision@2: 0.3500 precision@3: 0.2600 ] Test set [recall@1: 0.4800 recall@2: 0.7000 recall@3: 0.7900 ] Test set [f1score@1: 0.4800 f1score@2: 0.4700 f1score@3: 0.4000 ] Test set [accuracy@1: 0.4800 accuracy@2: 0.7000 accuracy@3: 0.7900 ] 
2024-04-02 00:14:52,284 - [Epoch  97 / 1000] rec_loss: 1.9764 cl_loss: 0.0000 
2024-04-02 00:14:52,605 - Epoch  97 Test set [precision@1: 0.4700 precision@2: 0.3400 precision@3: 0.2600 ] Test set [recall@1: 0.4700 recall@2: 0.6700 recall@3: 0.7800 ] Test set [f1score@1: 0.4700 f1score@2: 0.4500 f1score@3: 0.3900 ] Test set [accuracy@1: 0.4700 accuracy@2: 0.6700 accuracy@3: 0.7800 ] 
2024-04-02 00:14:53,339 - [Epoch  98 / 1000] rec_loss: 2.0350 cl_loss: 0.0000 
2024-04-02 00:14:53,655 - Epoch  98 Test set [precision@1: 0.4700 precision@2: 0.3300 precision@3: 0.2600 ] Test set [recall@1: 0.4700 recall@2: 0.6600 recall@3: 0.7800 ] Test set [f1score@1: 0.4700 f1score@2: 0.4400 f1score@3: 0.3900 ] Test set [accuracy@1: 0.4700 accuracy@2: 0.6600 accuracy@3: 0.7800 ] 
2024-04-02 00:14:54,432 - [Epoch  99 / 1000] rec_loss: 2.0859 cl_loss: 0.0000 
2024-04-02 00:14:54,750 - Epoch  99 Test set [precision@1: 0.4800 precision@2: 0.3400 precision@3: 0.2600 ] Test set [recall@1: 0.4800 recall@2: 0.6700 recall@3: 0.7900 ] Test set [f1score@1: 0.4800 f1score@2: 0.4500 f1score@3: 0.4000 ] Test set [accuracy@1: 0.4800 accuracy@2: 0.6700 accuracy@3: 0.7900 ] 
2024-04-02 00:14:55,557 - [Epoch 100 / 1000] rec_loss: 1.9485 cl_loss: 0.0000 
2024-04-02 00:14:55,932 - Epoch 100 Test set [precision@1: 0.4800 precision@2: 0.3400 precision@3: 0.2600 ] Test set [recall@1: 0.4800 recall@2: 0.6700 recall@3: 0.7900 ] Test set [f1score@1: 0.4800 f1score@2: 0.4500 f1score@3: 0.4000 ] Test set [accuracy@1: 0.4800 accuracy@2: 0.6700 accuracy@3: 0.7900 ] 
2024-04-02 00:14:56,694 - [Epoch 101 / 1000] rec_loss: 2.1397 cl_loss: 0.0000 
2024-04-02 00:14:57,030 - Epoch 101 Test set [precision@1: 0.4800 precision@2: 0.3300 precision@3: 0.2600 ] Test set [recall@1: 0.4800 recall@2: 0.6600 recall@3: 0.7900 ] Test set [f1score@1: 0.4800 f1score@2: 0.4400 f1score@3: 0.4000 ] Test set [accuracy@1: 0.4800 accuracy@2: 0.6600 accuracy@3: 0.7900 ] 
2024-04-02 00:14:57,988 - [Epoch 102 / 1000] rec_loss: 2.0097 cl_loss: 0.0000 
2024-04-02 00:14:58,344 - Epoch 102 Test set [precision@1: 0.4800 precision@2: 0.3200 precision@3: 0.2600 ] Test set [recall@1: 0.4800 recall@2: 0.6500 recall@3: 0.7900 ] Test set [f1score@1: 0.4800 f1score@2: 0.4300 f1score@3: 0.4000 ] Test set [accuracy@1: 0.4800 accuracy@2: 0.6500 accuracy@3: 0.7900 ] 
2024-04-02 00:14:59,183 - [Epoch 103 / 1000] rec_loss: 2.1812 cl_loss: 0.0000 
2024-04-02 00:14:59,607 - Epoch 103 Test set [precision@1: 0.4900 precision@2: 0.3200 precision@3: 0.2600 ] Test set [recall@1: 0.4900 recall@2: 0.6400 recall@3: 0.7700 ] Test set [f1score@1: 0.4900 f1score@2: 0.4300 f1score@3: 0.3800 ] Test set [accuracy@1: 0.4900 accuracy@2: 0.6400 accuracy@3: 0.7700 ] 
2024-04-02 00:15:00,451 - [Epoch 104 / 1000] rec_loss: 2.0666 cl_loss: 0.0000 
2024-04-02 00:15:00,755 - Epoch 104 Test set [precision@1: 0.4800 precision@2: 0.3200 precision@3: 0.2500 ] Test set [recall@1: 0.4800 recall@2: 0.6500 recall@3: 0.7600 ] Test set [f1score@1: 0.4800 f1score@2: 0.4300 f1score@3: 0.3800 ] Test set [accuracy@1: 0.4800 accuracy@2: 0.6500 accuracy@3: 0.7600 ] 
2024-04-02 00:15:01,472 - [Epoch 105 / 1000] rec_loss: 2.1220 cl_loss: 0.0000 
