2024-04-02 13:01:39,255 - {'optimizer': {'name': 'adam', 'lr': 0.001, 'final_lr': 1e-06, 'weight_decay': 0}, 'train': {'model_test_run': True, 'weighted_loss_fn': True, 'epoch': 1000, 'batch_size': 64, 'save_model': True, 'log_loss': True, 'test_step': 1, 'reproducible': True, 'seed': 2023, 'tensorboard': True, 'conf_mat': True, 'ssl': False, 'gradient_accumulation': False, 'accumulation_steps': 4, 'early_stop': False, 'parameter_class_weights_path': './datasets/sequential/fix/parameters/param.pkl', 'parameter_label_mapping_path': './datasets/sequential/fix/parameters/label_mapping.pkl'}, 'test': {'metrics': ['precision', 'recall', 'f1score', 'accuracy'], 'k': [1, 2, 3], 'batch_size': 64, 'train_eval': False, 'save_path': '2024-04-02_13-01'}, 'data': {'type': 'sequential', 'name': 'fix', 'seq_aug': False, 'dynamic_context_window_length': 100, 'user_num': 100, 'item_num': 23, 'max_context_length': 100, 'dynamic_context_feat_num': 14, 'static_context_feat_num': 6, 'static_context_max': [12, 6, 23, 1, 1, 1]}, 'model': {'name': 'cl4srec', 'context_encoder': 'tempcnn', 'tcn_num_channels': [80, 50, 25], 'tcn_kernel_size': 3, 'interaction_encoder': 'sasrec', 'dropout_rate_trans': 0.3, 'dropout_rate_tcn': 0.25, 'dropout_rate_fc_tcn': 0.4, 'dropout_rate_fc_trans': 0.5, 'dropout_rate_fc_concat': 0.3, 'dropout_rate_fc_static': 0.1, 'n_layers': 2, 'embedding_size': 786, 'n_heads': 2, 'max_seq_len': 10, 'lmd': 0.1, 'tau': 1, 'encoder_combine': 'concat'}, 'lstm': {'hidden_size': 64, 'num_layers': 2}, 'tune': {'enable': False, 'hyperparameters': ['dropout_rate', 'lmd', 'tau'], 'dropout_rate': [0.1, 0.2, 0.3], 'lmd': [0.05, 0.1, 0.2], 'tau': [0.5, 0.7, 0.9]}, 'device': 'cpu'}
2024-04-02 13:01:41,599 - [Epoch   0 / 1000] rec_loss: 43.3632 cl_loss: 0.0000 
2024-04-02 13:01:41,993 - Epoch   0 Test set [precision@1: 0.1400 precision@2: 0.0900 precision@3: 0.0900 ] Test set [recall@1: 0.1400 recall@2: 0.1900 recall@3: 0.2700 ] Test set [f1score@1: 0.1400 f1score@2: 0.1300 f1score@3: 0.1400 ] Test set [accuracy@1: 0.1400 accuracy@2: 0.1900 accuracy@3: 0.2700 ] 
2024-04-02 13:01:43,646 - [Epoch   1 / 1000] rec_loss: 40.2048 cl_loss: 0.0000 
2024-04-02 13:01:44,042 - Epoch   1 Test set [precision@1: 0.1300 precision@2: 0.1200 precision@3: 0.0900 ] Test set [recall@1: 0.1300 recall@2: 0.2300 recall@3: 0.2800 ] Test set [f1score@1: 0.1300 f1score@2: 0.1500 f1score@3: 0.1400 ] Test set [accuracy@1: 0.1300 accuracy@2: 0.2300 accuracy@3: 0.2800 ] 
2024-04-02 13:01:45,673 - [Epoch   2 / 1000] rec_loss: 39.9573 cl_loss: 0.0000 
2024-04-02 13:01:46,092 - Epoch   2 Test set [precision@1: 0.1300 precision@2: 0.1200 precision@3: 0.0900 ] Test set [recall@1: 0.1300 recall@2: 0.2300 recall@3: 0.2700 ] Test set [f1score@1: 0.1300 f1score@2: 0.1500 f1score@3: 0.1400 ] Test set [accuracy@1: 0.1300 accuracy@2: 0.2300 accuracy@3: 0.2700 ] 
2024-04-02 13:01:47,676 - [Epoch   3 / 1000] rec_loss: 42.3722 cl_loss: 0.0000 
2024-04-02 13:01:48,115 - Epoch   3 Test set [precision@1: 0.1900 precision@2: 0.1100 precision@3: 0.0800 ] Test set [recall@1: 0.1900 recall@2: 0.2200 recall@3: 0.2500 ] Test set [f1score@1: 0.1900 f1score@2: 0.1500 f1score@3: 0.1200 ] Test set [accuracy@1: 0.1900 accuracy@2: 0.2200 accuracy@3: 0.2500 ] 
2024-04-02 13:01:50,063 - [Epoch   4 / 1000] rec_loss: 40.7150 cl_loss: 0.0000 
2024-04-02 13:01:50,494 - Epoch   4 Test set [precision@1: 0.2300 precision@2: 0.1400 precision@3: 0.1100 ] Test set [recall@1: 0.2300 recall@2: 0.2700 recall@3: 0.3300 ] Test set [f1score@1: 0.2300 f1score@2: 0.1800 f1score@3: 0.1700 ] Test set [accuracy@1: 0.2300 accuracy@2: 0.2700 accuracy@3: 0.3300 ] 
2024-04-02 13:01:52,379 - [Epoch   5 / 1000] rec_loss: 38.4765 cl_loss: 0.0000 
2024-04-02 13:01:52,878 - Epoch   5 Test set [precision@1: 0.2200 precision@2: 0.1600 precision@3: 0.1100 ] Test set [recall@1: 0.2200 recall@2: 0.3100 recall@3: 0.3400 ] Test set [f1score@1: 0.2200 f1score@2: 0.2100 f1score@3: 0.1700 ] Test set [accuracy@1: 0.2200 accuracy@2: 0.3100 accuracy@3: 0.3400 ] 
2024-04-02 13:01:54,533 - [Epoch   6 / 1000] rec_loss: 35.0192 cl_loss: 0.0000 
2024-04-02 13:01:54,936 - Epoch   6 Test set [precision@1: 0.2600 precision@2: 0.1800 precision@3: 0.1400 ] Test set [recall@1: 0.2600 recall@2: 0.3600 recall@3: 0.4300 ] Test set [f1score@1: 0.2600 f1score@2: 0.2400 f1score@3: 0.2200 ] Test set [accuracy@1: 0.2600 accuracy@2: 0.3600 accuracy@3: 0.4300 ] 
2024-04-02 13:01:56,612 - [Epoch   7 / 1000] rec_loss: 39.2043 cl_loss: 0.0000 
2024-04-02 13:01:57,019 - Epoch   7 Test set [precision@1: 0.2900 precision@2: 0.1900 precision@3: 0.1600 ] Test set [recall@1: 0.2900 recall@2: 0.3800 recall@3: 0.4900 ] Test set [f1score@1: 0.2900 f1score@2: 0.2500 f1score@3: 0.2500 ] Test set [accuracy@1: 0.2900 accuracy@2: 0.3800 accuracy@3: 0.4900 ] 
2024-04-02 13:01:58,678 - [Epoch   8 / 1000] rec_loss: 34.7846 cl_loss: 0.0000 
2024-04-02 13:01:59,110 - Epoch   8 Test set [precision@1: 0.2900 precision@2: 0.1900 precision@3: 0.1600 ] Test set [recall@1: 0.2900 recall@2: 0.3800 recall@3: 0.4800 ] Test set [f1score@1: 0.2900 f1score@2: 0.2500 f1score@3: 0.2400 ] Test set [accuracy@1: 0.2900 accuracy@2: 0.3800 accuracy@3: 0.4800 ] 
2024-04-02 13:02:00,784 - [Epoch   9 / 1000] rec_loss: 35.8261 cl_loss: 0.0000 
2024-04-02 13:02:01,189 - Epoch   9 Test set [precision@1: 0.3200 precision@2: 0.1900 precision@3: 0.1600 ] Test set [recall@1: 0.3200 recall@2: 0.3900 recall@3: 0.4800 ] Test set [f1score@1: 0.3200 f1score@2: 0.2600 f1score@3: 0.2400 ] Test set [accuracy@1: 0.3200 accuracy@2: 0.3900 accuracy@3: 0.4800 ] 
2024-04-02 13:02:02,844 - [Epoch  10 / 1000] rec_loss: 31.0785 cl_loss: 0.0000 
2024-04-02 13:02:03,253 - Epoch  10 Test set [precision@1: 0.2800 precision@2: 0.2000 precision@3: 0.1900 ] Test set [recall@1: 0.2800 recall@2: 0.4000 recall@3: 0.5600 ] Test set [f1score@1: 0.2800 f1score@2: 0.2700 f1score@3: 0.2800 ] Test set [accuracy@1: 0.2800 accuracy@2: 0.4000 accuracy@3: 0.5600 ] 
2024-04-02 13:02:04,857 - [Epoch  11 / 1000] rec_loss: 33.0804 cl_loss: 0.0000 
2024-04-02 13:02:05,267 - Epoch  11 Test set [precision@1: 0.3000 precision@2: 0.2000 precision@3: 0.1900 ] Test set [recall@1: 0.3000 recall@2: 0.4100 recall@3: 0.5700 ] Test set [f1score@1: 0.3000 f1score@2: 0.2700 f1score@3: 0.2800 ] Test set [accuracy@1: 0.3000 accuracy@2: 0.4100 accuracy@3: 0.5700 ] 
2024-04-02 13:02:06,911 - [Epoch  12 / 1000] rec_loss: 31.1835 cl_loss: 0.0000 
2024-04-02 13:02:07,323 - Epoch  12 Test set [precision@1: 0.3300 precision@2: 0.2000 precision@3: 0.1900 ] Test set [recall@1: 0.3300 recall@2: 0.4100 recall@3: 0.5700 ] Test set [f1score@1: 0.3300 f1score@2: 0.2700 f1score@3: 0.2800 ] Test set [accuracy@1: 0.3300 accuracy@2: 0.4100 accuracy@3: 0.5700 ] 
2024-04-02 13:02:08,950 - [Epoch  13 / 1000] rec_loss: 27.1336 cl_loss: 0.0000 
2024-04-02 13:02:09,376 - Epoch  13 Test set [precision@1: 0.4000 precision@2: 0.2300 precision@3: 0.2200 ] Test set [recall@1: 0.4000 recall@2: 0.4700 recall@3: 0.6600 ] Test set [f1score@1: 0.4000 f1score@2: 0.3100 f1score@3: 0.3300 ] Test set [accuracy@1: 0.4000 accuracy@2: 0.4700 accuracy@3: 0.6600 ] 
2024-04-02 13:02:11,034 - [Epoch  14 / 1000] rec_loss: 23.9549 cl_loss: 0.0000 
2024-04-02 13:02:11,462 - Epoch  14 Test set [precision@1: 0.3600 precision@2: 0.2600 precision@3: 0.2300 ] Test set [recall@1: 0.3600 recall@2: 0.5200 recall@3: 0.6800 ] Test set [f1score@1: 0.3600 f1score@2: 0.3500 f1score@3: 0.3400 ] Test set [accuracy@1: 0.3600 accuracy@2: 0.5200 accuracy@3: 0.6800 ] 
2024-04-02 13:02:13,165 - [Epoch  15 / 1000] rec_loss: 29.4947 cl_loss: 0.0000 
2024-04-02 13:02:13,603 - Epoch  15 Test set [precision@1: 0.3400 precision@2: 0.2600 precision@3: 0.2300 ] Test set [recall@1: 0.3400 recall@2: 0.5300 recall@3: 0.6900 ] Test set [f1score@1: 0.3400 f1score@2: 0.3500 f1score@3: 0.3400 ] Test set [accuracy@1: 0.3400 accuracy@2: 0.5300 accuracy@3: 0.6900 ] 
2024-04-02 13:02:15,300 - [Epoch  16 / 1000] rec_loss: 26.5424 cl_loss: 0.0000 
2024-04-02 13:02:15,707 - Epoch  16 Test set [precision@1: 0.3400 precision@2: 0.2700 precision@3: 0.2300 ] Test set [recall@1: 0.3400 recall@2: 0.5400 recall@3: 0.6900 ] Test set [f1score@1: 0.3400 f1score@2: 0.3600 f1score@3: 0.3400 ] Test set [accuracy@1: 0.3400 accuracy@2: 0.5400 accuracy@3: 0.6900 ] 
2024-04-02 13:02:17,423 - [Epoch  17 / 1000] rec_loss: 31.6371 cl_loss: 0.0000 
2024-04-02 13:02:17,847 - Epoch  17 Test set [precision@1: 0.3600 precision@2: 0.2500 precision@3: 0.2300 ] Test set [recall@1: 0.3600 recall@2: 0.5100 recall@3: 0.7000 ] Test set [f1score@1: 0.3600 f1score@2: 0.3400 f1score@3: 0.3500 ] Test set [accuracy@1: 0.3600 accuracy@2: 0.5100 accuracy@3: 0.7000 ] 
2024-04-02 13:02:19,530 - [Epoch  18 / 1000] rec_loss: 28.3333 cl_loss: 0.0000 
2024-04-02 13:02:19,967 - Epoch  18 Test set [precision@1: 0.3200 precision@2: 0.2600 precision@3: 0.2300 ] Test set [recall@1: 0.3200 recall@2: 0.5200 recall@3: 0.6800 ] Test set [f1score@1: 0.3200 f1score@2: 0.3500 f1score@3: 0.3400 ] Test set [accuracy@1: 0.3200 accuracy@2: 0.5200 accuracy@3: 0.6800 ] 
2024-04-02 13:02:21,746 - [Epoch  19 / 1000] rec_loss: 28.2176 cl_loss: 0.0000 
2024-04-02 13:02:22,157 - Epoch  19 Test set [precision@1: 0.3100 precision@2: 0.2500 precision@3: 0.2300 ] Test set [recall@1: 0.3100 recall@2: 0.5100 recall@3: 0.6900 ] Test set [f1score@1: 0.3100 f1score@2: 0.3400 f1score@3: 0.3400 ] Test set [accuracy@1: 0.3100 accuracy@2: 0.5100 accuracy@3: 0.6900 ] 
2024-04-02 13:02:23,867 - [Epoch  20 / 1000] rec_loss: 21.5146 cl_loss: 0.0000 
2024-04-02 13:02:24,291 - Epoch  20 Test set [precision@1: 0.3300 precision@2: 0.2700 precision@3: 0.2300 ] Test set [recall@1: 0.3300 recall@2: 0.5400 recall@3: 0.6900 ] Test set [f1score@1: 0.3300 f1score@2: 0.3600 f1score@3: 0.3400 ] Test set [accuracy@1: 0.3300 accuracy@2: 0.5400 accuracy@3: 0.6900 ] 
2024-04-02 13:02:25,987 - [Epoch  21 / 1000] rec_loss: 24.6907 cl_loss: 0.0000 
2024-04-02 13:02:26,398 - Epoch  21 Test set [precision@1: 0.3200 precision@2: 0.2800 precision@3: 0.2400 ] Test set [recall@1: 0.3200 recall@2: 0.5500 recall@3: 0.7200 ] Test set [f1score@1: 0.3200 f1score@2: 0.3700 f1score@3: 0.3600 ] Test set [accuracy@1: 0.3200 accuracy@2: 0.5500 accuracy@3: 0.7200 ] 
2024-04-02 13:02:28,114 - [Epoch  22 / 1000] rec_loss: 23.7834 cl_loss: 0.0000 
2024-04-02 13:02:28,525 - Epoch  22 Test set [precision@1: 0.3300 precision@2: 0.2900 precision@3: 0.2500 ] Test set [recall@1: 0.3300 recall@2: 0.5800 recall@3: 0.7500 ] Test set [f1score@1: 0.3300 f1score@2: 0.3900 f1score@3: 0.3800 ] Test set [accuracy@1: 0.3300 accuracy@2: 0.5800 accuracy@3: 0.7500 ] 
2024-04-02 13:02:30,212 - [Epoch  23 / 1000] rec_loss: 26.3761 cl_loss: 0.0000 
2024-04-02 13:02:30,609 - Epoch  23 Test set [precision@1: 0.3300 precision@2: 0.3100 precision@3: 0.2500 ] Test set [recall@1: 0.3300 recall@2: 0.6100 recall@3: 0.7600 ] Test set [f1score@1: 0.3300 f1score@2: 0.4100 f1score@3: 0.3800 ] Test set [accuracy@1: 0.3300 accuracy@2: 0.6100 accuracy@3: 0.7600 ] 
2024-04-02 13:02:32,325 - [Epoch  24 / 1000] rec_loss: 25.0759 cl_loss: 0.0000 
2024-04-02 13:02:32,757 - Epoch  24 Test set [precision@1: 0.3300 precision@2: 0.3100 precision@3: 0.2500 ] Test set [recall@1: 0.3300 recall@2: 0.6200 recall@3: 0.7600 ] Test set [f1score@1: 0.3300 f1score@2: 0.4100 f1score@3: 0.3800 ] Test set [accuracy@1: 0.3300 accuracy@2: 0.6200 accuracy@3: 0.7600 ] 
2024-04-02 13:02:34,434 - [Epoch  25 / 1000] rec_loss: 23.6946 cl_loss: 0.0000 
2024-04-02 13:02:34,855 - Epoch  25 Test set [precision@1: 0.3600 precision@2: 0.3200 precision@3: 0.2600 ] Test set [recall@1: 0.3600 recall@2: 0.6400 recall@3: 0.7700 ] Test set [f1score@1: 0.3600 f1score@2: 0.4300 f1score@3: 0.3800 ] Test set [accuracy@1: 0.3600 accuracy@2: 0.6400 accuracy@3: 0.7700 ] 
2024-04-02 13:02:36,591 - [Epoch  26 / 1000] rec_loss: 21.7534 cl_loss: 0.0000 
2024-04-02 13:02:37,000 - Epoch  26 Test set [precision@1: 0.3800 precision@2: 0.3200 precision@3: 0.2600 ] Test set [recall@1: 0.3800 recall@2: 0.6400 recall@3: 0.7900 ] Test set [f1score@1: 0.3800 f1score@2: 0.4300 f1score@3: 0.4000 ] Test set [accuracy@1: 0.3800 accuracy@2: 0.6400 accuracy@3: 0.7900 ] 
2024-04-02 13:02:38,747 - [Epoch  27 / 1000] rec_loss: 24.7092 cl_loss: 0.0000 
2024-04-02 13:02:39,169 - Epoch  27 Test set [precision@1: 0.3900 precision@2: 0.3500 precision@3: 0.2600 ] Test set [recall@1: 0.3900 recall@2: 0.7100 recall@3: 0.7800 ] Test set [f1score@1: 0.3900 f1score@2: 0.4700 f1score@3: 0.3900 ] Test set [accuracy@1: 0.3900 accuracy@2: 0.7100 accuracy@3: 0.7800 ] 
2024-04-02 13:02:40,945 - [Epoch  28 / 1000] rec_loss: 24.2919 cl_loss: 0.0000 
2024-04-02 13:02:41,392 - Epoch  28 Test set [precision@1: 0.4300 precision@2: 0.3400 precision@3: 0.2600 ] Test set [recall@1: 0.4300 recall@2: 0.6700 recall@3: 0.7700 ] Test set [f1score@1: 0.4300 f1score@2: 0.4500 f1score@3: 0.3800 ] Test set [accuracy@1: 0.4300 accuracy@2: 0.6700 accuracy@3: 0.7700 ] 
2024-04-02 13:02:43,143 - [Epoch  29 / 1000] rec_loss: 22.9235 cl_loss: 0.0000 
2024-04-02 13:02:43,546 - Epoch  29 Test set [precision@1: 0.4200 precision@2: 0.3200 precision@3: 0.2600 ] Test set [recall@1: 0.4200 recall@2: 0.6500 recall@3: 0.7800 ] Test set [f1score@1: 0.4200 f1score@2: 0.4300 f1score@3: 0.3900 ] Test set [accuracy@1: 0.4200 accuracy@2: 0.6500 accuracy@3: 0.7800 ] 
2024-04-02 13:02:45,253 - [Epoch  30 / 1000] rec_loss: 18.2635 cl_loss: 0.0000 
2024-04-02 13:02:45,687 - Epoch  30 Test set [precision@1: 0.4200 precision@2: 0.3400 precision@3: 0.2600 ] Test set [recall@1: 0.4200 recall@2: 0.6800 recall@3: 0.7900 ] Test set [f1score@1: 0.4200 f1score@2: 0.4500 f1score@3: 0.4000 ] Test set [accuracy@1: 0.4200 accuracy@2: 0.6800 accuracy@3: 0.7900 ] 
2024-04-02 13:02:47,400 - [Epoch  31 / 1000] rec_loss: 25.1442 cl_loss: 0.0000 
2024-04-02 13:02:47,823 - Epoch  31 Test set [precision@1: 0.3900 precision@2: 0.3200 precision@3: 0.2600 ] Test set [recall@1: 0.3900 recall@2: 0.6400 recall@3: 0.7900 ] Test set [f1score@1: 0.3900 f1score@2: 0.4300 f1score@3: 0.4000 ] Test set [accuracy@1: 0.3900 accuracy@2: 0.6400 accuracy@3: 0.7900 ] 
2024-04-02 13:02:49,488 - [Epoch  32 / 1000] rec_loss: 19.4637 cl_loss: 0.0000 
2024-04-02 13:02:49,912 - Epoch  32 Test set [precision@1: 0.4100 precision@2: 0.3400 precision@3: 0.2600 ] Test set [recall@1: 0.4100 recall@2: 0.6800 recall@3: 0.7700 ] Test set [f1score@1: 0.4100 f1score@2: 0.4500 f1score@3: 0.3800 ] Test set [accuracy@1: 0.4100 accuracy@2: 0.6800 accuracy@3: 0.7700 ] 
2024-04-02 13:02:51,677 - [Epoch  33 / 1000] rec_loss: 24.2055 cl_loss: 0.0000 
2024-04-02 13:02:52,078 - Epoch  33 Test set [precision@1: 0.4300 precision@2: 0.3200 precision@3: 0.2500 ] Test set [recall@1: 0.4300 recall@2: 0.6500 recall@3: 0.7400 ] Test set [f1score@1: 0.4300 f1score@2: 0.4300 f1score@3: 0.3700 ] Test set [accuracy@1: 0.4300 accuracy@2: 0.6500 accuracy@3: 0.7400 ] 
2024-04-02 13:02:53,856 - [Epoch  34 / 1000] rec_loss: 21.0393 cl_loss: 0.0000 
2024-04-02 13:02:54,280 - Epoch  34 Test set [precision@1: 0.4300 precision@2: 0.3100 precision@3: 0.2400 ] Test set [recall@1: 0.4300 recall@2: 0.6300 recall@3: 0.7300 ] Test set [f1score@1: 0.4300 f1score@2: 0.4200 f1score@3: 0.3700 ] Test set [accuracy@1: 0.4300 accuracy@2: 0.6300 accuracy@3: 0.7300 ] 
2024-04-02 13:02:55,993 - [Epoch  35 / 1000] rec_loss: 24.9184 cl_loss: 0.0000 
2024-04-02 13:02:56,420 - Epoch  35 Test set [precision@1: 0.4300 precision@2: 0.3200 precision@3: 0.2500 ] Test set [recall@1: 0.4300 recall@2: 0.6400 recall@3: 0.7400 ] Test set [f1score@1: 0.4300 f1score@2: 0.4300 f1score@3: 0.3700 ] Test set [accuracy@1: 0.4300 accuracy@2: 0.6400 accuracy@3: 0.7400 ] 
2024-04-02 13:02:58,201 - [Epoch  36 / 1000] rec_loss: 17.9138 cl_loss: 0.0000 
2024-04-02 13:02:58,629 - Epoch  36 Test set [precision@1: 0.4500 precision@2: 0.3400 precision@3: 0.2500 ] Test set [recall@1: 0.4500 recall@2: 0.6700 recall@3: 0.7600 ] Test set [f1score@1: 0.4500 f1score@2: 0.4500 f1score@3: 0.3800 ] Test set [accuracy@1: 0.4500 accuracy@2: 0.6700 accuracy@3: 0.7600 ] 
2024-04-02 13:03:00,321 - [Epoch  37 / 1000] rec_loss: 15.9502 cl_loss: 0.0000 
2024-04-02 13:03:00,757 - Epoch  37 Test set [precision@1: 0.4300 precision@2: 0.3500 precision@3: 0.2500 ] Test set [recall@1: 0.4300 recall@2: 0.7000 recall@3: 0.7600 ] Test set [f1score@1: 0.4300 f1score@2: 0.4700 f1score@3: 0.3800 ] Test set [accuracy@1: 0.4300 accuracy@2: 0.7000 accuracy@3: 0.7600 ] 
2024-04-02 13:03:02,521 - [Epoch  38 / 1000] rec_loss: 18.1975 cl_loss: 0.0000 
2024-04-02 13:03:02,968 - Epoch  38 Test set [precision@1: 0.4400 precision@2: 0.3600 precision@3: 0.2700 ] Test set [recall@1: 0.4400 recall@2: 0.7200 recall@3: 0.8000 ] Test set [f1score@1: 0.4400 f1score@2: 0.4800 f1score@3: 0.4000 ] Test set [accuracy@1: 0.4400 accuracy@2: 0.7200 accuracy@3: 0.8000 ] 
2024-04-02 13:03:04,667 - [Epoch  39 / 1000] rec_loss: 18.8296 cl_loss: 0.0000 
2024-04-02 13:03:05,104 - Epoch  39 Test set [precision@1: 0.4600 precision@2: 0.3600 precision@3: 0.2700 ] Test set [recall@1: 0.4600 recall@2: 0.7200 recall@3: 0.8100 ] Test set [f1score@1: 0.4600 f1score@2: 0.4800 f1score@3: 0.4100 ] Test set [accuracy@1: 0.4600 accuracy@2: 0.7200 accuracy@3: 0.8100 ] 
2024-04-02 13:03:06,854 - [Epoch  40 / 1000] rec_loss: 20.8128 cl_loss: 0.0000 
2024-04-02 13:03:07,311 - Epoch  40 Test set [precision@1: 0.4500 precision@2: 0.3700 precision@3: 0.2800 ] Test set [recall@1: 0.4500 recall@2: 0.7300 recall@3: 0.8400 ] Test set [f1score@1: 0.4500 f1score@2: 0.4900 f1score@3: 0.4200 ] Test set [accuracy@1: 0.4500 accuracy@2: 0.7300 accuracy@3: 0.8400 ] 
2024-04-02 13:03:09,083 - [Epoch  41 / 1000] rec_loss: 15.4847 cl_loss: 0.0000 
2024-04-02 13:03:09,506 - Epoch  41 Test set [precision@1: 0.4400 precision@2: 0.3700 precision@3: 0.2800 ] Test set [recall@1: 0.4400 recall@2: 0.7400 recall@3: 0.8300 ] Test set [f1score@1: 0.4400 f1score@2: 0.4900 f1score@3: 0.4100 ] Test set [accuracy@1: 0.4400 accuracy@2: 0.7400 accuracy@3: 0.8300 ] 
2024-04-02 13:03:11,211 - [Epoch  42 / 1000] rec_loss: 16.2640 cl_loss: 0.0000 
2024-04-02 13:03:11,678 - Epoch  42 Test set [precision@1: 0.4100 precision@2: 0.3200 precision@3: 0.2800 ] Test set [recall@1: 0.4100 recall@2: 0.6500 recall@3: 0.8300 ] Test set [f1score@1: 0.4100 f1score@2: 0.4300 f1score@3: 0.4100 ] Test set [accuracy@1: 0.4100 accuracy@2: 0.6500 accuracy@3: 0.8300 ] 
2024-04-02 13:03:13,420 - [Epoch  43 / 1000] rec_loss: 15.7161 cl_loss: 0.0000 
2024-04-02 13:03:13,845 - Epoch  43 Test set [precision@1: 0.3900 precision@2: 0.3200 precision@3: 0.2700 ] Test set [recall@1: 0.3900 recall@2: 0.6400 recall@3: 0.8000 ] Test set [f1score@1: 0.3900 f1score@2: 0.4300 f1score@3: 0.4000 ] Test set [accuracy@1: 0.3900 accuracy@2: 0.6400 accuracy@3: 0.8000 ] 
2024-04-02 13:03:15,596 - [Epoch  44 / 1000] rec_loss: 15.4195 cl_loss: 0.0000 
2024-04-02 13:03:16,001 - Epoch  44 Test set [precision@1: 0.3900 precision@2: 0.3300 precision@3: 0.2700 ] Test set [recall@1: 0.3900 recall@2: 0.6600 recall@3: 0.8200 ] Test set [f1score@1: 0.3900 f1score@2: 0.4400 f1score@3: 0.4100 ] Test set [accuracy@1: 0.3900 accuracy@2: 0.6600 accuracy@3: 0.8200 ] 
2024-04-02 13:03:17,789 - [Epoch  45 / 1000] rec_loss: 16.6910 cl_loss: 0.0000 
2024-04-02 13:03:18,196 - Epoch  45 Test set [precision@1: 0.5100 precision@2: 0.3700 precision@3: 0.2700 ] Test set [recall@1: 0.5100 recall@2: 0.7300 recall@3: 0.8200 ] Test set [f1score@1: 0.5100 f1score@2: 0.4900 f1score@3: 0.4100 ] Test set [accuracy@1: 0.5100 accuracy@2: 0.7300 accuracy@3: 0.8200 ] 
2024-04-02 13:03:19,896 - [Epoch  46 / 1000] rec_loss: 16.0467 cl_loss: 0.0000 
2024-04-02 13:03:20,342 - Epoch  46 Test set [precision@1: 0.5600 precision@2: 0.3800 precision@3: 0.2900 ] Test set [recall@1: 0.5600 recall@2: 0.7700 recall@3: 0.8600 ] Test set [f1score@1: 0.5600 f1score@2: 0.5100 f1score@3: 0.4300 ] Test set [accuracy@1: 0.5600 accuracy@2: 0.7700 accuracy@3: 0.8600 ] 
2024-04-02 13:03:22,095 - [Epoch  47 / 1000] rec_loss: 15.4693 cl_loss: 0.0000 
2024-04-02 13:03:22,554 - Epoch  47 Test set [precision@1: 0.5800 precision@2: 0.3800 precision@3: 0.2900 ] Test set [recall@1: 0.5800 recall@2: 0.7600 recall@3: 0.8600 ] Test set [f1score@1: 0.5800 f1score@2: 0.5100 f1score@3: 0.4300 ] Test set [accuracy@1: 0.5800 accuracy@2: 0.7600 accuracy@3: 0.8600 ] 
2024-04-02 13:03:24,294 - [Epoch  48 / 1000] rec_loss: 15.9267 cl_loss: 0.0000 
2024-04-02 13:03:24,725 - Epoch  48 Test set [precision@1: 0.5500 precision@2: 0.3800 precision@3: 0.2900 ] Test set [recall@1: 0.5500 recall@2: 0.7700 recall@3: 0.8600 ] Test set [f1score@1: 0.5500 f1score@2: 0.5100 f1score@3: 0.4300 ] Test set [accuracy@1: 0.5500 accuracy@2: 0.7700 accuracy@3: 0.8600 ] 
2024-04-02 13:03:26,558 - [Epoch  49 / 1000] rec_loss: 14.2109 cl_loss: 0.0000 
2024-04-02 13:03:27,018 - Epoch  49 Test set [precision@1: 0.5100 precision@2: 0.3900 precision@3: 0.2900 ] Test set [recall@1: 0.5100 recall@2: 0.7800 recall@3: 0.8800 ] Test set [f1score@1: 0.5100 f1score@2: 0.5200 f1score@3: 0.4400 ] Test set [accuracy@1: 0.5100 accuracy@2: 0.7800 accuracy@3: 0.8800 ] 
