2024-04-02 15:33:28,644 - {'optimizer': {'name': 'adam', 'lr': 0.001, 'final_lr': 1e-06, 'weight_decay': 0}, 'train': {'model_test_run': True, 'weighted_loss_fn': True, 'epoch': 1000, 'batch_size': 64, 'save_model': True, 'log_loss': True, 'test_step': 1, 'reproducible': True, 'seed': 2023, 'tensorboard': True, 'conf_mat': True, 'ssl': False, 'gradient_accumulation': False, 'accumulation_steps': 4, 'early_stop': False, 'parameter_class_weights_path': './datasets/sequential/fix/parameters/param.pkl', 'parameter_label_mapping_path': './datasets/sequential/fix/parameters/label_mapping.pkl'}, 'test': {'metrics': ['precision', 'recall', 'f1score', 'accuracy'], 'k': [1, 2, 3], 'batch_size': 64, 'train_eval': False, 'save_path': '2024-04-02_15-33'}, 'data': {'type': 'sequential', 'name': 'fix', 'seq_aug': False, 'dynamic_context_window_length': 60, 'user_num': 100, 'item_num': 23, 'dynamic_context_feat_num': 14, 'static_context_feat_num': 6, 'static_context_max': [12, 6, 23, 1, 1, 1]}, 'model': {'name': 'cl4srec', 'context_encoder': 'tempcnn', 'tcn_num_channels': [80, 50, 25], 'tcn_kernel_size': 3, 'interaction_encoder': 'sasrec', 'dropout_rate_trans': 0.3, 'dropout_rate_tcn': 0.25, 'dropout_rate_fc_tcn': 0.4, 'dropout_rate_fc_trans': 0.5, 'dropout_rate_fc_concat': 0.3, 'dropout_rate_fc_static': 0.1, 'n_layers': 2, 'embedding_size': 786, 'n_heads': 2, 'max_seq_len': 5, 'lmd': 0.1, 'tau': 1, 'encoder_combine': 'concat'}, 'lstm': {'hidden_size': 64, 'num_layers': 2}, 'tune': {'enable': False, 'hyperparameters': ['dropout_rate', 'lmd', 'tau'], 'dropout_rate': [0.1, 0.2, 0.3], 'lmd': [0.05, 0.1, 0.2], 'tau': [0.5, 0.7, 0.9]}, 'device': 'cpu'}
2024-04-02 15:33:29,208 - mat1 and mat2 shapes cannot be multiplied (64x1548 and 1584x792)
Traceback (most recent call last):
  File "/Volumes/Workspace/In-Car CARSI/carsii/trainer/utils.py", line 15, in wrapper
    return func(*args, **kwargs)
  File "/Volumes/Workspace/In-Car CARSI/carsii/trainer/trainer.py", line 164, in train
    self.train_epoch(model, epoch_idx)
  File "/Volumes/Workspace/In-Car CARSI/carsii/trainer/trainer.py", line 101, in train_epoch
    loss, loss_dict = model.cal_loss(batch_data)
  File "/Volumes/Workspace/In-Car CARSI/carsii/models/sequential/cl4srec.py", line 187, in cal_loss
    seq_output = self.forward(batch_seqs, batch_dynamic_context, batch_static_context)
  File "/Volumes/Workspace/In-Car CARSI/carsii/models/sequential/cl4srec.py", line 179, in forward
    out = self.fc_layers_concat(out)
  File "/Users/sreeragvn/miniconda3/envs/carsii/lib/python3.8/site-packages/torch/nn/modules/module.py", line 1518, in _wrapped_call_impl
    return self._call_impl(*args, **kwargs)
  File "/Users/sreeragvn/miniconda3/envs/carsii/lib/python3.8/site-packages/torch/nn/modules/module.py", line 1527, in _call_impl
    return forward_call(*args, **kwargs)
  File "/Volumes/Workspace/In-Car CARSI/carsii/models/model_utils.py", line 146, in forward
    x = self.layers(x)
  File "/Users/sreeragvn/miniconda3/envs/carsii/lib/python3.8/site-packages/torch/nn/modules/module.py", line 1518, in _wrapped_call_impl
    return self._call_impl(*args, **kwargs)
  File "/Users/sreeragvn/miniconda3/envs/carsii/lib/python3.8/site-packages/torch/nn/modules/module.py", line 1527, in _call_impl
    return forward_call(*args, **kwargs)
  File "/Users/sreeragvn/miniconda3/envs/carsii/lib/python3.8/site-packages/torch/nn/modules/container.py", line 215, in forward
    input = module(input)
  File "/Users/sreeragvn/miniconda3/envs/carsii/lib/python3.8/site-packages/torch/nn/modules/module.py", line 1518, in _wrapped_call_impl
    return self._call_impl(*args, **kwargs)
  File "/Users/sreeragvn/miniconda3/envs/carsii/lib/python3.8/site-packages/torch/nn/modules/module.py", line 1527, in _call_impl
    return forward_call(*args, **kwargs)
  File "/Users/sreeragvn/miniconda3/envs/carsii/lib/python3.8/site-packages/torch/nn/modules/linear.py", line 114, in forward
    return F.linear(input, self.weight, self.bias)
RuntimeError: mat1 and mat2 shapes cannot be multiplied (64x1548 and 1584x792)
