2024-04-05 02:23:30,539 - {'optimizer': {'name': 'adam', 'lr': 0.001, 'final_lr': 1e-06, 'weight_decay': 0}, 'train': {'experiment_name': 'run dense static context_continues', 'model_test_run': False, 'test_run_sample_no': 100, 'weighted_loss_fn': True, 'epoch': 2000, 'scheduler': True, 'batch_size': 128, 'save_model': True, 'log_loss': True, 'test_step': 20, 'reproducible': True, 'seed': 12, 'tensorboard': True, 'conf_mat': True, 'ssl': False, 'gradient_accumulation': False, 'accumulation_steps': 4, 'pretrain': True, 'pretrain_path': 'checkpoint/cl4srec/cl4srec-fix-2024-04-04_23-10 first run dense static context_continues.pth', 'train_checkpoints': True, 'save_step': 100, 'early_stop': False, 'parameter_class_weights_path': './datasets/sequential/fix/parameters/param.pkl', 'parameter_label_mapping_path': './datasets/sequential/fix/parameters/label_mapping.pkl'}, 'test': {'metrics': ['precision', 'recall', 'f1score', 'accuracy'], 'k': [1, 2, 3], 'batch_size': 256, 'train_eval': True, 'save_path': '2024-04-05_02-23 run dense static context_continues', 'tensorboard': <torch.utils.tensorboard.writer.SummaryWriter object at 0x7451a62f34c0>}, 'data': {'type': 'sequential', 'name': 'fix', 'seq_aug': False, 'dynamic_context_window_length': 100, 'user_num': 4624, 'item_num': 23, 'dynamic_context_feat_num': 10, 'static_context_feat_num': 7, 'static_context_features': ['month', 'weekday', 'hour', 'seatbelt_codriver', 'seatbelt_rear_l', 'seatbelt_rear_r', 'street_category'], 'dense_static_context_features': ['distance_driven_benchmark', 'soc', 'time_second'], 'dynamic_context_features': ['KBI_speed', 'altitude', 'avg_irradiation', 'latitude', 'light_sensor_front', 'light_sensor_rear', 'longitude', 'steering_speed', 'temperature_in', 'temperature_out'], 'static_context_max': [12, 6, 23, 1, 1, 1, 7]}, 'model': {'name': 'cl4srec', 'context_encoder': 'tempcnn', 'tcn_num_channels': [80, 50, 25], 'tcn_kernel_size': 3, 'interaction_encoder': 'sasrec', 'dropout_rate_trans': 0.3, 'dropout_rate_tcn': 0.25, 'dropout_rate_fc_tcn': 0.4, 'dropout_rate_fc_trans': 0.5, 'dropout_rate_fc_concat': 0.3, 'dropout_rate_fc_static': 0.1, 'n_layers': 2, 'embedding_size': 64, 'n_heads': 2, 'max_seq_len': 10, 'lmd': 0.1, 'tau': 1, 'encoder_combine': 'concat'}, 'lstm': {'hidden_size': 64, 'num_layers': 2}, 'tune': {'enable': False, 'hyperparameters': ['dropout_rate', 'lmd', 'tau'], 'dropout_rate': [0.1, 0.2, 0.3], 'lmd': [0.05, 0.1, 0.2], 'tau': [0.5, 0.7, 0.9]}, 'device': 'cuda'}
2024-04-05 02:23:30,563 - Load model parameters from checkpoint/cl4srec/cl4srec-fix-2024-04-04_23-10 first run dense static context_continues.pth
2024-04-05 02:23:41,706 - [Epoch   0 / 2000] rec_loss: 0.7455 cl_loss: 0.0000 
2024-04-05 02:23:48,053 - Epoch   0 train set [precision@1: 0.5000 precision@2: 0.4200 precision@3: 0.3800 ] train set [recall@1: 0.3500 recall@2: 0.5100 recall@3: 0.6100 ] train set [f1score@1: 0.3200 f1score@2: 0.3600 f1score@3: 0.3600 ] train set [accuracy@1: 0.3500 accuracy@2: 0.5100 accuracy@3: 0.6100 ] 
2024-04-05 02:23:50,734 - Epoch   0 Test set [precision@1: 0.4300 precision@2: 0.3700 precision@3: 0.3400 ] Test set [recall@1: 0.3100 recall@2: 0.4400 recall@3: 0.5300 ] Test set [f1score@1: 0.2800 f1score@2: 0.2900 f1score@3: 0.2900 ] Test set [accuracy@1: 0.3100 accuracy@2: 0.4400 accuracy@3: 0.5300 ] 
2024-04-05 02:23:50,772 - Save model parameters to ./checkpoint/cl4srec/cl4srec-2024-04-05_02-23 run dense static context_continues.pth
2024-04-05 02:24:01,835 - [Epoch   1 / 2000] rec_loss: 0.7195 cl_loss: 0.0000 
2024-04-05 02:24:12,810 - [Epoch   2 / 2000] rec_loss: 0.7169 cl_loss: 0.0000 
2024-04-05 02:24:23,695 - [Epoch   3 / 2000] rec_loss: 0.7092 cl_loss: 0.0000 
2024-04-05 02:24:34,646 - [Epoch   4 / 2000] rec_loss: 0.7814 cl_loss: 0.0000 
2024-04-05 02:24:45,658 - [Epoch   5 / 2000] rec_loss: 0.7388 cl_loss: 0.0000 
2024-04-05 02:24:56,761 - [Epoch   6 / 2000] rec_loss: 0.7659 cl_loss: 0.0000 
2024-04-05 02:25:07,834 - [Epoch   7 / 2000] rec_loss: 0.7533 cl_loss: 0.0000 
2024-04-05 02:25:18,845 - [Epoch   8 / 2000] rec_loss: 0.7172 cl_loss: 0.0000 
2024-04-05 02:25:29,756 - [Epoch   9 / 2000] rec_loss: 0.7302 cl_loss: 0.0000 
2024-04-05 02:25:40,664 - [Epoch  10 / 2000] rec_loss: 0.8037 cl_loss: 0.0000 
2024-04-05 02:25:51,476 - [Epoch  11 / 2000] rec_loss: 0.8676 cl_loss: 0.0000 
2024-04-05 02:26:01,546 - [Epoch  12 / 2000] rec_loss: 0.8281 cl_loss: 0.0000 
2024-04-05 02:26:11,610 - [Epoch  13 / 2000] rec_loss: 0.7333 cl_loss: 0.0000 
2024-04-05 02:26:21,666 - [Epoch  14 / 2000] rec_loss: 0.7458 cl_loss: 0.0000 
2024-04-05 02:26:32,664 - [Epoch  15 / 2000] rec_loss: 0.7159 cl_loss: 0.0000 
2024-04-05 02:26:43,714 - [Epoch  16 / 2000] rec_loss: 0.6997 cl_loss: 0.0000 
2024-04-05 02:26:54,739 - [Epoch  17 / 2000] rec_loss: 0.7117 cl_loss: 0.0000 
2024-04-05 02:27:05,610 - [Epoch  18 / 2000] rec_loss: 0.7997 cl_loss: 0.0000 
2024-04-05 02:27:16,001 - [Epoch  19 / 2000] rec_loss: 0.7990 cl_loss: 0.0000 
2024-04-05 02:27:26,998 - [Epoch  20 / 2000] rec_loss: 0.6886 cl_loss: 0.0000 
2024-04-05 02:27:33,322 - Epoch  20 train set [precision@1: 0.5000 precision@2: 0.4500 precision@3: 0.3900 ] train set [recall@1: 0.3400 recall@2: 0.5400 recall@3: 0.6400 ] train set [f1score@1: 0.3600 f1score@2: 0.4100 f1score@3: 0.4000 ] train set [accuracy@1: 0.3400 accuracy@2: 0.5400 accuracy@3: 0.6400 ] 
2024-04-05 02:27:35,996 - Epoch  20 Test set [precision@1: 0.4100 precision@2: 0.3800 precision@3: 0.3300 ] Test set [recall@1: 0.2900 recall@2: 0.4600 recall@3: 0.5500 ] Test set [f1score@1: 0.2900 f1score@2: 0.3400 f1score@3: 0.3200 ] Test set [accuracy@1: 0.2900 accuracy@2: 0.4600 accuracy@3: 0.5500 ] 
2024-04-05 02:27:46,959 - [Epoch  21 / 2000] rec_loss: 0.7536 cl_loss: 0.0000 
2024-04-05 02:27:58,009 - [Epoch  22 / 2000] rec_loss: 0.7385 cl_loss: 0.0000 
2024-04-05 02:28:08,939 - [Epoch  23 / 2000] rec_loss: 0.7444 cl_loss: 0.0000 
2024-04-05 02:28:19,487 - [Epoch  24 / 2000] rec_loss: 0.7202 cl_loss: 0.0000 
2024-04-05 02:28:30,368 - [Epoch  25 / 2000] rec_loss: 0.7282 cl_loss: 0.0000 
2024-04-05 02:28:40,693 - [Epoch  26 / 2000] rec_loss: 0.6853 cl_loss: 0.0000 
2024-04-05 02:28:51,160 - [Epoch  27 / 2000] rec_loss: 0.7627 cl_loss: 0.0000 
2024-04-05 02:29:01,686 - [Epoch  28 / 2000] rec_loss: 0.7116 cl_loss: 0.0000 
2024-04-05 02:29:12,081 - [Epoch  29 / 2000] rec_loss: 0.6831 cl_loss: 0.0000 
2024-04-05 02:29:22,535 - [Epoch  30 / 2000] rec_loss: 0.6601 cl_loss: 0.0000 
2024-04-05 02:29:33,214 - [Epoch  31 / 2000] rec_loss: 0.6923 cl_loss: 0.0000 
2024-04-05 02:29:44,220 - [Epoch  32 / 2000] rec_loss: 0.7083 cl_loss: 0.0000 
2024-04-05 02:29:55,189 - [Epoch  33 / 2000] rec_loss: 0.7014 cl_loss: 0.0000 
2024-04-05 02:30:06,280 - [Epoch  34 / 2000] rec_loss: 0.6792 cl_loss: 0.0000 
2024-04-05 02:30:16,942 - [Epoch  35 / 2000] rec_loss: 0.6536 cl_loss: 0.0000 
2024-04-05 02:30:27,987 - [Epoch  36 / 2000] rec_loss: 0.7191 cl_loss: 0.0000 
2024-04-05 02:30:38,788 - [Epoch  37 / 2000] rec_loss: 0.6966 cl_loss: 0.0000 
2024-04-05 02:30:49,800 - [Epoch  38 / 2000] rec_loss: 0.7497 cl_loss: 0.0000 
2024-04-05 02:31:00,788 - [Epoch  39 / 2000] rec_loss: 0.6602 cl_loss: 0.0000 
2024-04-05 02:31:11,929 - [Epoch  40 / 2000] rec_loss: 0.7449 cl_loss: 0.0000 
2024-04-05 02:31:18,058 - Epoch  40 train set [precision@1: 0.4800 precision@2: 0.4400 precision@3: 0.3800 ] train set [recall@1: 0.3300 recall@2: 0.5300 recall@3: 0.6300 ] train set [f1score@1: 0.3300 f1score@2: 0.3900 f1score@3: 0.3800 ] train set [accuracy@1: 0.3300 accuracy@2: 0.5300 accuracy@3: 0.6300 ] 
2024-04-05 02:31:20,740 - Epoch  40 Test set [precision@1: 0.3700 precision@2: 0.3700 precision@3: 0.3300 ] Test set [recall@1: 0.2700 recall@2: 0.4500 recall@3: 0.5500 ] Test set [f1score@1: 0.2700 f1score@2: 0.3200 f1score@3: 0.3100 ] Test set [accuracy@1: 0.2700 accuracy@2: 0.4500 accuracy@3: 0.5500 ] 
2024-04-05 02:31:31,684 - [Epoch  41 / 2000] rec_loss: 0.6936 cl_loss: 0.0000 
2024-04-05 02:31:41,939 - [Epoch  42 / 2000] rec_loss: 0.6974 cl_loss: 0.0000 
2024-04-05 02:31:52,463 - [Epoch  43 / 2000] rec_loss: 0.7741 cl_loss: 0.0000 
2024-04-05 02:32:02,773 - [Epoch  44 / 2000] rec_loss: 0.7109 cl_loss: 0.0000 
2024-04-05 02:32:13,123 - [Epoch  45 / 2000] rec_loss: 0.7324 cl_loss: 0.0000 
2024-04-05 02:32:23,466 - [Epoch  46 / 2000] rec_loss: 0.7121 cl_loss: 0.0000 
2024-04-05 02:32:33,794 - [Epoch  47 / 2000] rec_loss: 0.6535 cl_loss: 0.0000 
2024-04-05 02:32:44,074 - [Epoch  48 / 2000] rec_loss: 0.7006 cl_loss: 0.0000 
2024-04-05 02:32:54,396 - [Epoch  49 / 2000] rec_loss: 0.6711 cl_loss: 0.0000 
2024-04-05 02:33:04,712 - [Epoch  50 / 2000] rec_loss: 0.7242 cl_loss: 0.0000 
2024-04-05 02:33:15,035 - [Epoch  51 / 2000] rec_loss: 0.6862 cl_loss: 0.0000 
2024-04-05 02:33:25,415 - [Epoch  52 / 2000] rec_loss: 0.7916 cl_loss: 0.0000 
2024-04-05 02:33:36,473 - [Epoch  53 / 2000] rec_loss: 0.6611 cl_loss: 0.0000 
2024-04-05 02:33:47,351 - [Epoch  54 / 2000] rec_loss: 0.8552 cl_loss: 0.0000 
2024-04-05 02:33:57,757 - [Epoch  55 / 2000] rec_loss: 0.6786 cl_loss: 0.0000 
2024-04-05 02:34:08,350 - [Epoch  56 / 2000] rec_loss: 0.7064 cl_loss: 0.0000 
2024-04-05 02:34:19,367 - [Epoch  57 / 2000] rec_loss: 0.8102 cl_loss: 0.0000 
2024-04-05 02:34:30,274 - [Epoch  58 / 2000] rec_loss: 0.7272 cl_loss: 0.0000 
2024-04-05 02:34:41,193 - [Epoch  59 / 2000] rec_loss: 0.7521 cl_loss: 0.0000 
2024-04-05 02:34:52,100 - [Epoch  60 / 2000] rec_loss: 0.6778 cl_loss: 0.0000 
2024-04-05 02:34:58,492 - Epoch  60 train set [precision@1: 0.4700 precision@2: 0.4300 precision@3: 0.3800 ] train set [recall@1: 0.3200 recall@2: 0.5300 recall@3: 0.6400 ] train set [f1score@1: 0.3300 f1score@2: 0.3900 f1score@3: 0.3900 ] train set [accuracy@1: 0.3200 accuracy@2: 0.5300 accuracy@3: 0.6400 ] 
2024-04-05 02:35:01,168 - Epoch  60 Test set [precision@1: 0.4000 precision@2: 0.3800 precision@3: 0.3400 ] Test set [recall@1: 0.2800 recall@2: 0.4400 recall@3: 0.5400 ] Test set [f1score@1: 0.2800 f1score@2: 0.3100 f1score@3: 0.3000 ] Test set [accuracy@1: 0.2800 accuracy@2: 0.4400 accuracy@3: 0.5400 ] 
2024-04-05 02:35:12,121 - [Epoch  61 / 2000] rec_loss: 0.6690 cl_loss: 0.0000 
2024-04-05 02:35:23,075 - [Epoch  62 / 2000] rec_loss: 0.7912 cl_loss: 0.0000 
2024-04-05 02:35:34,096 - [Epoch  63 / 2000] rec_loss: 0.7225 cl_loss: 0.0000 
2024-04-05 02:35:45,077 - [Epoch  64 / 2000] rec_loss: 0.6797 cl_loss: 0.0000 
2024-04-05 02:35:56,265 - [Epoch  65 / 2000] rec_loss: 0.8465 cl_loss: 0.0000 
2024-04-05 02:36:07,271 - [Epoch  66 / 2000] rec_loss: 0.7006 cl_loss: 0.0000 
2024-04-05 02:36:18,260 - [Epoch  67 / 2000] rec_loss: 0.6693 cl_loss: 0.0000 
2024-04-05 02:36:29,257 - [Epoch  68 / 2000] rec_loss: 0.6579 cl_loss: 0.0000 
2024-04-05 02:36:40,250 - [Epoch  69 / 2000] rec_loss: 0.6948 cl_loss: 0.0000 
2024-04-05 02:36:51,120 - [Epoch  70 / 2000] rec_loss: 0.6746 cl_loss: 0.0000 
2024-04-05 02:37:02,029 - [Epoch  71 / 2000] rec_loss: 0.6549 cl_loss: 0.0000 
2024-04-05 02:37:12,920 - [Epoch  72 / 2000] rec_loss: 0.7085 cl_loss: 0.0000 
2024-04-05 02:37:22,955 - [Epoch  73 / 2000] rec_loss: 0.6989 cl_loss: 0.0000 
2024-04-05 02:37:33,642 - [Epoch  74 / 2000] rec_loss: 0.7076 cl_loss: 0.0000 
2024-04-05 02:37:44,626 - [Epoch  75 / 2000] rec_loss: 0.6851 cl_loss: 0.0000 
2024-04-05 02:37:55,630 - [Epoch  76 / 2000] rec_loss: 0.6487 cl_loss: 0.0000 
2024-04-05 02:38:06,624 - [Epoch  77 / 2000] rec_loss: 0.6658 cl_loss: 0.0000 
2024-04-05 02:38:17,631 - [Epoch  78 / 2000] rec_loss: 0.7162 cl_loss: 0.0000 
2024-04-05 02:38:28,618 - [Epoch  79 / 2000] rec_loss: 0.6856 cl_loss: 0.0000 
2024-04-05 02:38:39,595 - [Epoch  80 / 2000] rec_loss: 0.6718 cl_loss: 0.0000 
2024-04-05 02:38:45,999 - Epoch  80 train set [precision@1: 0.4800 precision@2: 0.4400 precision@3: 0.3900 ] train set [recall@1: 0.3200 recall@2: 0.5300 recall@3: 0.6500 ] train set [f1score@1: 0.3400 f1score@2: 0.4000 f1score@3: 0.4000 ] train set [accuracy@1: 0.3200 accuracy@2: 0.5300 accuracy@3: 0.6500 ] 
2024-04-05 02:38:48,712 - Epoch  80 Test set [precision@1: 0.4100 precision@2: 0.3800 precision@3: 0.3500 ] Test set [recall@1: 0.2800 recall@2: 0.4500 recall@3: 0.5400 ] Test set [f1score@1: 0.2800 f1score@2: 0.3200 f1score@3: 0.3100 ] Test set [accuracy@1: 0.2800 accuracy@2: 0.4500 accuracy@3: 0.5400 ] 
2024-04-05 02:38:59,650 - [Epoch  81 / 2000] rec_loss: 0.6967 cl_loss: 0.0000 
2024-04-05 02:39:10,582 - [Epoch  82 / 2000] rec_loss: 0.7417 cl_loss: 0.0000 
2024-04-05 02:39:21,382 - [Epoch  83 / 2000] rec_loss: 0.7651 cl_loss: 0.0000 
2024-04-05 02:39:32,360 - [Epoch  84 / 2000] rec_loss: 0.7214 cl_loss: 0.0000 
2024-04-05 02:39:43,342 - [Epoch  85 / 2000] rec_loss: 0.7010 cl_loss: 0.0000 
2024-04-05 02:39:54,261 - [Epoch  86 / 2000] rec_loss: 0.6654 cl_loss: 0.0000 
2024-04-05 02:40:05,211 - [Epoch  87 / 2000] rec_loss: 0.6413 cl_loss: 0.0000 
2024-04-05 02:40:16,340 - [Epoch  88 / 2000] rec_loss: 0.6476 cl_loss: 0.0000 
2024-04-05 02:40:27,272 - [Epoch  89 / 2000] rec_loss: 0.6799 cl_loss: 0.0000 
2024-04-05 02:40:38,067 - [Epoch  90 / 2000] rec_loss: 0.6683 cl_loss: 0.0000 
2024-04-05 02:40:48,963 - [Epoch  91 / 2000] rec_loss: 0.6468 cl_loss: 0.0000 
2024-04-05 02:40:59,890 - [Epoch  92 / 2000] rec_loss: 0.6540 cl_loss: 0.0000 
2024-04-05 02:41:10,834 - [Epoch  93 / 2000] rec_loss: 0.6491 cl_loss: 0.0000 
2024-04-05 02:41:21,665 - [Epoch  94 / 2000] rec_loss: 0.6874 cl_loss: 0.0000 
