2024-04-02 15:38:10,629 - {'optimizer': {'name': 'adam', 'lr': 0.001, 'final_lr': 1e-06, 'weight_decay': 0}, 'train': {'model_test_run': True, 'weighted_loss_fn': True, 'epoch': 1000, 'batch_size': 64, 'save_model': True, 'log_loss': True, 'test_step': 1, 'reproducible': True, 'seed': 12, 'tensorboard': True, 'conf_mat': True, 'ssl': False, 'gradient_accumulation': False, 'accumulation_steps': 4, 'early_stop': False, 'parameter_class_weights_path': './datasets/sequential/fix/parameters/param.pkl', 'parameter_label_mapping_path': './datasets/sequential/fix/parameters/label_mapping.pkl'}, 'test': {'metrics': ['precision', 'recall', 'f1score', 'accuracy'], 'k': [1, 2, 3], 'batch_size': 64, 'train_eval': False, 'save_path': '2024-04-02_15-38'}, 'data': {'type': 'sequential', 'name': 'fix', 'seq_aug': False, 'dynamic_context_window_length': 60, 'user_num': 100, 'item_num': 23, 'dynamic_context_feat_num': 14, 'static_context_feat_num': 6, 'static_context_max': [12, 6, 23, 1, 1, 1]}, 'model': {'name': 'cl4srec', 'context_encoder': 'tempcnn', 'tcn_num_channels': [80, 50, 25], 'tcn_kernel_size': 3, 'interaction_encoder': 'sasrec', 'dropout_rate_trans': 0.3, 'dropout_rate_tcn': 0.25, 'dropout_rate_fc_tcn': 0.4, 'dropout_rate_fc_trans': 0.5, 'dropout_rate_fc_concat': 0.3, 'dropout_rate_fc_static': 0.1, 'n_layers': 2, 'embedding_size': 786, 'n_heads': 2, 'max_seq_len': 5, 'lmd': 0.1, 'tau': 1, 'encoder_combine': 'concat'}, 'lstm': {'hidden_size': 64, 'num_layers': 2}, 'tune': {'enable': False, 'hyperparameters': ['dropout_rate', 'lmd', 'tau'], 'dropout_rate': [0.1, 0.2, 0.3], 'lmd': [0.05, 0.1, 0.2], 'tau': [0.5, 0.7, 0.9]}, 'device': 'cpu'}
2024-04-02 15:38:11,993 - [Epoch   0 / 1000] rec_loss: 39.3874 cl_loss: 0.0000 
2024-04-02 15:38:12,232 - Epoch   0 Test set [precision@1: 0.0400 precision@2: 0.0700 precision@3: 0.0700 ] Test set [recall@1: 0.0400 recall@2: 0.1400 recall@3: 0.2000 ] Test set [f1score@1: 0.0400 f1score@2: 0.0900 f1score@3: 0.1000 ] Test set [accuracy@1: 0.0400 accuracy@2: 0.1400 accuracy@3: 0.2000 ] 
2024-04-02 15:38:13,072 - [Epoch   1 / 1000] rec_loss: 35.5604 cl_loss: 0.0000 
2024-04-02 15:38:13,306 - Epoch   1 Test set [precision@1: 0.2100 precision@2: 0.1200 precision@3: 0.1200 ] Test set [recall@1: 0.2100 recall@2: 0.2500 recall@3: 0.3500 ] Test set [f1score@1: 0.2100 f1score@2: 0.1700 f1score@3: 0.1700 ] Test set [accuracy@1: 0.2100 accuracy@2: 0.2500 accuracy@3: 0.3500 ] 
2024-04-02 15:38:14,124 - [Epoch   2 / 1000] rec_loss: 30.1240 cl_loss: 0.0000 
2024-04-02 15:38:14,360 - Epoch   2 Test set [precision@1: 0.2900 precision@2: 0.2000 precision@3: 0.1700 ] Test set [recall@1: 0.2900 recall@2: 0.4000 recall@3: 0.5100 ] Test set [f1score@1: 0.2900 f1score@2: 0.2700 f1score@3: 0.2500 ] Test set [accuracy@1: 0.2900 accuracy@2: 0.4000 accuracy@3: 0.5100 ] 
2024-04-02 15:38:15,183 - [Epoch   3 / 1000] rec_loss: 37.1532 cl_loss: 0.0000 
2024-04-02 15:38:15,418 - Epoch   3 Test set [precision@1: 0.3400 precision@2: 0.2900 precision@3: 0.2200 ] Test set [recall@1: 0.3400 recall@2: 0.5800 recall@3: 0.6600 ] Test set [f1score@1: 0.3400 f1score@2: 0.3900 f1score@3: 0.3300 ] Test set [accuracy@1: 0.3400 accuracy@2: 0.5800 accuracy@3: 0.6600 ] 
2024-04-02 15:38:16,243 - [Epoch   4 / 1000] rec_loss: 36.9946 cl_loss: 0.0000 
2024-04-02 15:38:16,473 - Epoch   4 Test set [precision@1: 0.4100 precision@2: 0.3000 precision@3: 0.2400 ] Test set [recall@1: 0.4100 recall@2: 0.6000 recall@3: 0.7200 ] Test set [f1score@1: 0.4100 f1score@2: 0.4000 f1score@3: 0.3600 ] Test set [accuracy@1: 0.4100 accuracy@2: 0.6000 accuracy@3: 0.7200 ] 
2024-04-02 15:38:17,333 - [Epoch   5 / 1000] rec_loss: 35.2417 cl_loss: 0.0000 
2024-04-02 15:38:17,565 - Epoch   5 Test set [precision@1: 0.4000 precision@2: 0.3000 precision@3: 0.2500 ] Test set [recall@1: 0.4000 recall@2: 0.6000 recall@3: 0.7400 ] Test set [f1score@1: 0.4000 f1score@2: 0.4000 f1score@3: 0.3700 ] Test set [accuracy@1: 0.4000 accuracy@2: 0.6000 accuracy@3: 0.7400 ] 
2024-04-02 15:38:18,397 - [Epoch   6 / 1000] rec_loss: 39.0392 cl_loss: 0.0000 
2024-04-02 15:38:18,629 - Epoch   6 Test set [precision@1: 0.4100 precision@2: 0.3100 precision@3: 0.2500 ] Test set [recall@1: 0.4100 recall@2: 0.6300 recall@3: 0.7400 ] Test set [f1score@1: 0.4100 f1score@2: 0.4200 f1score@3: 0.3700 ] Test set [accuracy@1: 0.4100 accuracy@2: 0.6300 accuracy@3: 0.7400 ] 
2024-04-02 15:38:19,454 - [Epoch   7 / 1000] rec_loss: 34.4238 cl_loss: 0.0000 
2024-04-02 15:38:19,686 - Epoch   7 Test set [precision@1: 0.4400 precision@2: 0.3100 precision@3: 0.2500 ] Test set [recall@1: 0.4400 recall@2: 0.6300 recall@3: 0.7400 ] Test set [f1score@1: 0.4400 f1score@2: 0.4200 f1score@3: 0.3700 ] Test set [accuracy@1: 0.4400 accuracy@2: 0.6300 accuracy@3: 0.7400 ] 
2024-04-02 15:38:20,504 - [Epoch   8 / 1000] rec_loss: 28.5226 cl_loss: 0.0000 
2024-04-02 15:38:20,736 - Epoch   8 Test set [precision@1: 0.4100 precision@2: 0.3100 precision@3: 0.2500 ] Test set [recall@1: 0.4100 recall@2: 0.6100 recall@3: 0.7400 ] Test set [f1score@1: 0.4100 f1score@2: 0.4100 f1score@3: 0.3700 ] Test set [accuracy@1: 0.4100 accuracy@2: 0.6100 accuracy@3: 0.7400 ] 
2024-04-02 15:38:21,551 - [Epoch   9 / 1000] rec_loss: 30.9598 cl_loss: 0.0000 
2024-04-02 15:38:21,797 - Epoch   9 Test set [precision@1: 0.3400 precision@2: 0.3100 precision@3: 0.2400 ] Test set [recall@1: 0.3400 recall@2: 0.6100 recall@3: 0.7200 ] Test set [f1score@1: 0.3400 f1score@2: 0.4100 f1score@3: 0.3600 ] Test set [accuracy@1: 0.3400 accuracy@2: 0.6100 accuracy@3: 0.7200 ] 
2024-04-02 15:38:22,640 - [Epoch  10 / 1000] rec_loss: 32.6477 cl_loss: 0.0000 
2024-04-02 15:38:22,878 - Epoch  10 Test set [precision@1: 0.3400 precision@2: 0.2800 precision@3: 0.2300 ] Test set [recall@1: 0.3400 recall@2: 0.5500 recall@3: 0.6900 ] Test set [f1score@1: 0.3400 f1score@2: 0.3700 f1score@3: 0.3400 ] Test set [accuracy@1: 0.3400 accuracy@2: 0.5500 accuracy@3: 0.6900 ] 
2024-04-02 15:38:23,709 - [Epoch  11 / 1000] rec_loss: 34.6855 cl_loss: 0.0000 
2024-04-02 15:38:23,950 - Epoch  11 Test set [precision@1: 0.2900 precision@2: 0.2600 precision@3: 0.2100 ] Test set [recall@1: 0.2900 recall@2: 0.5300 recall@3: 0.6200 ] Test set [f1score@1: 0.2900 f1score@2: 0.3500 f1score@3: 0.3100 ] Test set [accuracy@1: 0.2900 accuracy@2: 0.5300 accuracy@3: 0.6200 ] 
2024-04-02 15:38:24,770 - [Epoch  12 / 1000] rec_loss: 25.4118 cl_loss: 0.0000 
2024-04-02 15:38:25,007 - Epoch  12 Test set [precision@1: 0.3300 precision@2: 0.2600 precision@3: 0.1900 ] Test set [recall@1: 0.3300 recall@2: 0.5200 recall@3: 0.5800 ] Test set [f1score@1: 0.3300 f1score@2: 0.3500 f1score@3: 0.2900 ] Test set [accuracy@1: 0.3300 accuracy@2: 0.5200 accuracy@3: 0.5800 ] 
2024-04-02 15:38:25,829 - [Epoch  13 / 1000] rec_loss: 25.2540 cl_loss: 0.0000 
2024-04-02 15:38:26,064 - Epoch  13 Test set [precision@1: 0.2100 precision@2: 0.2300 precision@3: 0.1900 ] Test set [recall@1: 0.2100 recall@2: 0.4600 recall@3: 0.5800 ] Test set [f1score@1: 0.2100 f1score@2: 0.3100 f1score@3: 0.2900 ] Test set [accuracy@1: 0.2100 accuracy@2: 0.4600 accuracy@3: 0.5800 ] 
2024-04-02 15:38:26,896 - [Epoch  14 / 1000] rec_loss: 23.3868 cl_loss: 0.0000 
2024-04-02 15:38:27,239 - Epoch  14 Test set [precision@1: 0.3100 precision@2: 0.2300 precision@3: 0.1900 ] Test set [recall@1: 0.3100 recall@2: 0.4600 recall@3: 0.5700 ] Test set [f1score@1: 0.3100 f1score@2: 0.3100 f1score@3: 0.2800 ] Test set [accuracy@1: 0.3100 accuracy@2: 0.4600 accuracy@3: 0.5700 ] 
2024-04-02 15:38:28,079 - [Epoch  15 / 1000] rec_loss: 34.9358 cl_loss: 0.0000 
2024-04-02 15:38:28,307 - Epoch  15 Test set [precision@1: 0.2900 precision@2: 0.2300 precision@3: 0.2000 ] Test set [recall@1: 0.2900 recall@2: 0.4700 recall@3: 0.6000 ] Test set [f1score@1: 0.2900 f1score@2: 0.3100 f1score@3: 0.3000 ] Test set [accuracy@1: 0.2900 accuracy@2: 0.4700 accuracy@3: 0.6000 ] 
2024-04-02 15:38:29,161 - [Epoch  16 / 1000] rec_loss: 31.1118 cl_loss: 0.0000 
2024-04-02 15:38:29,398 - Epoch  16 Test set [precision@1: 0.2900 precision@2: 0.2300 precision@3: 0.1900 ] Test set [recall@1: 0.2900 recall@2: 0.4600 recall@3: 0.5700 ] Test set [f1score@1: 0.2900 f1score@2: 0.3100 f1score@3: 0.2800 ] Test set [accuracy@1: 0.2900 accuracy@2: 0.4600 accuracy@3: 0.5700 ] 
2024-04-02 15:38:30,242 - [Epoch  17 / 1000] rec_loss: 32.7536 cl_loss: 0.0000 
2024-04-02 15:38:30,477 - Epoch  17 Test set [precision@1: 0.2400 precision@2: 0.2200 precision@3: 0.2000 ] Test set [recall@1: 0.2400 recall@2: 0.4500 recall@3: 0.6000 ] Test set [f1score@1: 0.2400 f1score@2: 0.3000 f1score@3: 0.3000 ] Test set [accuracy@1: 0.2400 accuracy@2: 0.4500 accuracy@3: 0.6000 ] 
2024-04-02 15:38:31,312 - [Epoch  18 / 1000] rec_loss: 30.6520 cl_loss: 0.0000 
2024-04-02 15:38:31,548 - Epoch  18 Test set [precision@1: 0.1300 precision@2: 0.2000 precision@3: 0.1700 ] Test set [recall@1: 0.1300 recall@2: 0.4000 recall@3: 0.5000 ] Test set [f1score@1: 0.1300 f1score@2: 0.2700 f1score@3: 0.2500 ] Test set [accuracy@1: 0.1300 accuracy@2: 0.4000 accuracy@3: 0.5000 ] 
2024-04-02 15:38:32,410 - [Epoch  19 / 1000] rec_loss: 29.9771 cl_loss: 0.0000 
2024-04-02 15:38:32,642 - Epoch  19 Test set [precision@1: 0.1100 precision@2: 0.2100 precision@3: 0.1700 ] Test set [recall@1: 0.1100 recall@2: 0.4200 recall@3: 0.5200 ] Test set [f1score@1: 0.1100 f1score@2: 0.2800 f1score@3: 0.2600 ] Test set [accuracy@1: 0.1100 accuracy@2: 0.4200 accuracy@3: 0.5200 ] 
2024-04-02 15:38:33,486 - [Epoch  20 / 1000] rec_loss: 28.9883 cl_loss: 0.0000 
2024-04-02 15:38:33,722 - Epoch  20 Test set [precision@1: 0.1000 precision@2: 0.1700 precision@3: 0.1700 ] Test set [recall@1: 0.1000 recall@2: 0.3400 recall@3: 0.5100 ] Test set [f1score@1: 0.1000 f1score@2: 0.2300 f1score@3: 0.2500 ] Test set [accuracy@1: 0.1000 accuracy@2: 0.3400 accuracy@3: 0.5100 ] 
2024-04-02 15:38:34,577 - [Epoch  21 / 1000] rec_loss: 30.2069 cl_loss: 0.0000 
2024-04-02 15:38:34,813 - Epoch  21 Test set [precision@1: 0.1200 precision@2: 0.2200 precision@3: 0.1800 ] Test set [recall@1: 0.1200 recall@2: 0.4400 recall@3: 0.5500 ] Test set [f1score@1: 0.1200 f1score@2: 0.2900 f1score@3: 0.2800 ] Test set [accuracy@1: 0.1200 accuracy@2: 0.4400 accuracy@3: 0.5500 ] 
2024-04-02 15:38:35,664 - [Epoch  22 / 1000] rec_loss: 23.7824 cl_loss: 0.0000 
2024-04-02 15:38:35,900 - Epoch  22 Test set [precision@1: 0.1900 precision@2: 0.2500 precision@3: 0.1900 ] Test set [recall@1: 0.1900 recall@2: 0.4900 recall@3: 0.5800 ] Test set [f1score@1: 0.1900 f1score@2: 0.3300 f1score@3: 0.2900 ] Test set [accuracy@1: 0.1900 accuracy@2: 0.4900 accuracy@3: 0.5800 ] 
2024-04-02 15:38:36,785 - [Epoch  23 / 1000] rec_loss: 27.3880 cl_loss: 0.0000 
2024-04-02 15:38:37,029 - Epoch  23 Test set [precision@1: 0.1500 precision@2: 0.2300 precision@3: 0.2000 ] Test set [recall@1: 0.1500 recall@2: 0.4600 recall@3: 0.6000 ] Test set [f1score@1: 0.1500 f1score@2: 0.3100 f1score@3: 0.3000 ] Test set [accuracy@1: 0.1500 accuracy@2: 0.4600 accuracy@3: 0.6000 ] 
2024-04-02 15:38:37,908 - [Epoch  24 / 1000] rec_loss: 23.2743 cl_loss: 0.0000 
2024-04-02 15:38:38,143 - Epoch  24 Test set [precision@1: 0.1700 precision@2: 0.2000 precision@3: 0.2000 ] Test set [recall@1: 0.1700 recall@2: 0.4000 recall@3: 0.6000 ] Test set [f1score@1: 0.1700 f1score@2: 0.2700 f1score@3: 0.3000 ] Test set [accuracy@1: 0.1700 accuracy@2: 0.4000 accuracy@3: 0.6000 ] 
2024-04-02 15:38:39,018 - [Epoch  25 / 1000] rec_loss: 26.7087 cl_loss: 0.0000 
2024-04-02 15:38:39,263 - Epoch  25 Test set [precision@1: 0.2700 precision@2: 0.2600 precision@3: 0.2200 ] Test set [recall@1: 0.2700 recall@2: 0.5200 recall@3: 0.6600 ] Test set [f1score@1: 0.2700 f1score@2: 0.3500 f1score@3: 0.3300 ] Test set [accuracy@1: 0.2700 accuracy@2: 0.5200 accuracy@3: 0.6600 ] 
2024-04-02 15:38:40,127 - [Epoch  26 / 1000] rec_loss: 28.4401 cl_loss: 0.0000 
2024-04-02 15:38:40,360 - Epoch  26 Test set [precision@1: 0.4000 precision@2: 0.2500 precision@3: 0.2300 ] Test set [recall@1: 0.4000 recall@2: 0.5100 recall@3: 0.6900 ] Test set [f1score@1: 0.4000 f1score@2: 0.3400 f1score@3: 0.3400 ] Test set [accuracy@1: 0.4000 accuracy@2: 0.5100 accuracy@3: 0.6900 ] 
2024-04-02 15:38:41,225 - [Epoch  27 / 1000] rec_loss: 28.7581 cl_loss: 0.0000 
2024-04-02 15:38:41,469 - Epoch  27 Test set [precision@1: 0.3900 precision@2: 0.2700 precision@3: 0.2400 ] Test set [recall@1: 0.3900 recall@2: 0.5400 recall@3: 0.7100 ] Test set [f1score@1: 0.3900 f1score@2: 0.3600 f1score@3: 0.3500 ] Test set [accuracy@1: 0.3900 accuracy@2: 0.5400 accuracy@3: 0.7100 ] 
2024-04-02 15:38:42,370 - [Epoch  28 / 1000] rec_loss: 32.4082 cl_loss: 0.0000 
2024-04-02 15:38:42,601 - Epoch  28 Test set [precision@1: 0.4100 precision@2: 0.3000 precision@3: 0.2300 ] Test set [recall@1: 0.4100 recall@2: 0.6000 recall@3: 0.6900 ] Test set [f1score@1: 0.4100 f1score@2: 0.4000 f1score@3: 0.3400 ] Test set [accuracy@1: 0.4100 accuracy@2: 0.6000 accuracy@3: 0.6900 ] 
2024-04-02 15:38:43,479 - [Epoch  29 / 1000] rec_loss: 24.3221 cl_loss: 0.0000 
2024-04-02 15:38:43,713 - Epoch  29 Test set [precision@1: 0.4400 precision@2: 0.3000 precision@3: 0.2300 ] Test set [recall@1: 0.4400 recall@2: 0.6000 recall@3: 0.6800 ] Test set [f1score@1: 0.4400 f1score@2: 0.4000 f1score@3: 0.3400 ] Test set [accuracy@1: 0.4400 accuracy@2: 0.6000 accuracy@3: 0.6800 ] 
2024-04-02 15:38:44,574 - [Epoch  30 / 1000] rec_loss: 19.2974 cl_loss: 0.0000 
2024-04-02 15:38:44,805 - Epoch  30 Test set [precision@1: 0.4500 precision@2: 0.2900 precision@3: 0.2200 ] Test set [recall@1: 0.4500 recall@2: 0.5900 recall@3: 0.6600 ] Test set [f1score@1: 0.4500 f1score@2: 0.3900 f1score@3: 0.3300 ] Test set [accuracy@1: 0.4500 accuracy@2: 0.5900 accuracy@3: 0.6600 ] 
2024-04-02 15:38:45,683 - [Epoch  31 / 1000] rec_loss: 21.4019 cl_loss: 0.0000 
2024-04-02 15:38:45,923 - Epoch  31 Test set [precision@1: 0.4400 precision@2: 0.3000 precision@3: 0.2300 ] Test set [recall@1: 0.4400 recall@2: 0.6000 recall@3: 0.6900 ] Test set [f1score@1: 0.4400 f1score@2: 0.4000 f1score@3: 0.3400 ] Test set [accuracy@1: 0.4400 accuracy@2: 0.6000 accuracy@3: 0.6900 ] 
2024-04-02 15:38:46,802 - [Epoch  32 / 1000] rec_loss: 22.4493 cl_loss: 0.0000 
2024-04-02 15:38:47,034 - Epoch  32 Test set [precision@1: 0.4900 precision@2: 0.3100 precision@3: 0.2300 ] Test set [recall@1: 0.4900 recall@2: 0.6200 recall@3: 0.7000 ] Test set [f1score@1: 0.4900 f1score@2: 0.4100 f1score@3: 0.3500 ] Test set [accuracy@1: 0.4900 accuracy@2: 0.6200 accuracy@3: 0.7000 ] 
2024-04-02 15:38:47,872 - [Epoch  33 / 1000] rec_loss: 20.7387 cl_loss: 0.0000 
2024-04-02 15:38:48,109 - Epoch  33 Test set [precision@1: 0.4400 precision@2: 0.2800 precision@3: 0.2000 ] Test set [recall@1: 0.4400 recall@2: 0.5600 recall@3: 0.6100 ] Test set [f1score@1: 0.4400 f1score@2: 0.3700 f1score@3: 0.3100 ] Test set [accuracy@1: 0.4400 accuracy@2: 0.5600 accuracy@3: 0.6100 ] 
2024-04-02 15:38:48,947 - [Epoch  34 / 1000] rec_loss: 21.4261 cl_loss: 0.0000 
2024-04-02 15:38:49,182 - Epoch  34 Test set [precision@1: 0.4600 precision@2: 0.2800 precision@3: 0.2200 ] Test set [recall@1: 0.4600 recall@2: 0.5600 recall@3: 0.6500 ] Test set [f1score@1: 0.4600 f1score@2: 0.3700 f1score@3: 0.3200 ] Test set [accuracy@1: 0.4600 accuracy@2: 0.5600 accuracy@3: 0.6500 ] 
2024-04-02 15:38:50,058 - [Epoch  35 / 1000] rec_loss: 17.6494 cl_loss: 0.0000 
2024-04-02 15:38:50,299 - Epoch  35 Test set [precision@1: 0.4300 precision@2: 0.2900 precision@3: 0.2200 ] Test set [recall@1: 0.4300 recall@2: 0.5900 recall@3: 0.6700 ] Test set [f1score@1: 0.4300 f1score@2: 0.3900 f1score@3: 0.3400 ] Test set [accuracy@1: 0.4300 accuracy@2: 0.5900 accuracy@3: 0.6700 ] 
2024-04-02 15:38:51,157 - [Epoch  36 / 1000] rec_loss: 18.1166 cl_loss: 0.0000 
