2024-04-02 16:45:05,883 - {'optimizer': {'name': 'adam', 'lr': 0.001, 'final_lr': 1e-06, 'weight_decay': 0}, 'train': {'model_test_run': True, 'test_run_sample_no': 100, 'weighted_loss_fn': True, 'epoch': 1000, 'batch_size': 64, 'save_model': True, 'log_loss': True, 'test_step': 1, 'reproducible': True, 'seed': 12, 'tensorboard': True, 'conf_mat': True, 'ssl': False, 'gradient_accumulation': False, 'accumulation_steps': 4, 'early_stop': False, 'parameter_class_weights_path': './datasets/sequential/fix/parameters/param.pkl', 'parameter_label_mapping_path': './datasets/sequential/fix/parameters/label_mapping.pkl'}, 'test': {'metrics': ['precision', 'recall', 'f1score', 'accuracy'], 'k': [1, 2, 3], 'batch_size': 64, 'train_eval': False, 'save_path': '2024-04-02_16-44'}, 'data': {'type': 'sequential', 'name': 'fix', 'seq_aug': False, 'dynamic_context_window_length': 100, 'user_num': 100, 'item_num': 23, 'dynamic_context_feat_num': 14, 'static_context_feat_num': 6, 'static_context_max': [12, 6, 23, 1, 1, 1]}, 'model': {'name': 'cl4srec', 'context_encoder': 'tempcnn', 'tcn_num_channels': [80, 50, 25], 'tcn_kernel_size': 3, 'interaction_encoder': 'sasrec', 'dropout_rate_trans': 0.3, 'dropout_rate_tcn': 0.25, 'dropout_rate_fc_tcn': 0.4, 'dropout_rate_fc_trans': 0.5, 'dropout_rate_fc_concat': 0.3, 'dropout_rate_fc_static': 0.1, 'n_layers': 2, 'embedding_size': 786, 'n_heads': 2, 'max_seq_len': 10, 'lmd': 0.1, 'tau': 1, 'encoder_combine': 'concat'}, 'lstm': {'hidden_size': 64, 'num_layers': 2}, 'tune': {'enable': False, 'hyperparameters': ['dropout_rate', 'lmd', 'tau'], 'dropout_rate': [0.1, 0.2, 0.3], 'lmd': [0.05, 0.1, 0.2], 'tau': [0.5, 0.7, 0.9]}, 'device': 'cpu'}
2024-04-02 16:45:07,590 - [Epoch   0 / 1000] rec_loss: 35.8868 cl_loss: 0.0000 
2024-04-02 16:45:07,739 - Epoch   0 Test set [precision@1: 0.0900 precision@2: 0.1700 precision@3: 0.1800 ] Test set [recall@1: 0.0900 recall@2: 0.3500 recall@3: 0.5300 ] Test set [f1score@1: 0.0900 f1score@2: 0.2300 f1score@3: 0.2600 ] Test set [accuracy@1: 0.0900 accuracy@2: 0.3500 accuracy@3: 0.5300 ] 
2024-04-02 16:45:08,781 - [Epoch   1 / 1000] rec_loss: 32.0568 cl_loss: 0.0000 
2024-04-02 16:45:08,927 - Epoch   1 Test set [precision@1: 0.2000 precision@2: 0.1600 precision@3: 0.1200 ] Test set [recall@1: 0.2000 recall@2: 0.3100 recall@3: 0.3600 ] Test set [f1score@1: 0.2000 f1score@2: 0.2100 f1score@3: 0.1800 ] Test set [accuracy@1: 0.2000 accuracy@2: 0.3100 accuracy@3: 0.3600 ] 
2024-04-02 16:45:09,995 - [Epoch   2 / 1000] rec_loss: 37.2402 cl_loss: 0.0000 
2024-04-02 16:45:10,174 - Epoch   2 Test set [precision@1: 0.3000 precision@2: 0.1700 precision@3: 0.1500 ] Test set [recall@1: 0.3000 recall@2: 0.3400 recall@3: 0.4500 ] Test set [f1score@1: 0.3000 f1score@2: 0.2300 f1score@3: 0.2200 ] Test set [accuracy@1: 0.3000 accuracy@2: 0.3400 accuracy@3: 0.4500 ] 
2024-04-02 16:45:11,224 - [Epoch   3 / 1000] rec_loss: 36.9398 cl_loss: 0.0000 
2024-04-02 16:45:11,369 - Epoch   3 Test set [precision@1: 0.3000 precision@2: 0.2200 precision@3: 0.1800 ] Test set [recall@1: 0.3000 recall@2: 0.4400 recall@3: 0.5300 ] Test set [f1score@1: 0.3000 f1score@2: 0.2900 f1score@3: 0.2600 ] Test set [accuracy@1: 0.3000 accuracy@2: 0.4400 accuracy@3: 0.5300 ] 
2024-04-02 16:45:12,448 - [Epoch   4 / 1000] rec_loss: 33.3817 cl_loss: 0.0000 
2024-04-02 16:45:12,598 - Epoch   4 Test set [precision@1: 0.2800 precision@2: 0.2100 precision@3: 0.1900 ] Test set [recall@1: 0.2800 recall@2: 0.4200 recall@3: 0.5600 ] Test set [f1score@1: 0.2800 f1score@2: 0.2800 f1score@3: 0.2800 ] Test set [accuracy@1: 0.2800 accuracy@2: 0.4200 accuracy@3: 0.5600 ] 
2024-04-02 16:45:13,654 - [Epoch   5 / 1000] rec_loss: 27.5486 cl_loss: 0.0000 
2024-04-02 16:45:13,802 - Epoch   5 Test set [precision@1: 0.3700 precision@2: 0.2500 precision@3: 0.1800 ] Test set [recall@1: 0.3700 recall@2: 0.5100 recall@3: 0.5400 ] Test set [f1score@1: 0.3700 f1score@2: 0.3400 f1score@3: 0.2700 ] Test set [accuracy@1: 0.3700 accuracy@2: 0.5100 accuracy@3: 0.5400 ] 
2024-04-02 16:45:14,866 - [Epoch   6 / 1000] rec_loss: 31.8736 cl_loss: 0.0000 
2024-04-02 16:45:15,023 - Epoch   6 Test set [precision@1: 0.3500 precision@2: 0.2600 precision@3: 0.2000 ] Test set [recall@1: 0.3500 recall@2: 0.5200 recall@3: 0.6000 ] Test set [f1score@1: 0.3500 f1score@2: 0.3500 f1score@3: 0.3000 ] Test set [accuracy@1: 0.3500 accuracy@2: 0.5200 accuracy@3: 0.6000 ] 
2024-04-02 16:45:16,058 - [Epoch   7 / 1000] rec_loss: 33.7547 cl_loss: 0.0000 
2024-04-02 16:45:16,204 - Epoch   7 Test set [precision@1: 0.4300 precision@2: 0.2800 precision@3: 0.2000 ] Test set [recall@1: 0.4300 recall@2: 0.5600 recall@3: 0.6000 ] Test set [f1score@1: 0.4300 f1score@2: 0.3700 f1score@3: 0.3000 ] Test set [accuracy@1: 0.4300 accuracy@2: 0.5600 accuracy@3: 0.6000 ] 
2024-04-02 16:45:17,296 - [Epoch   8 / 1000] rec_loss: 30.5223 cl_loss: 0.0000 
2024-04-02 16:45:17,453 - Epoch   8 Test set [precision@1: 0.4100 precision@2: 0.2600 precision@3: 0.2000 ] Test set [recall@1: 0.4100 recall@2: 0.5300 recall@3: 0.5900 ] Test set [f1score@1: 0.4100 f1score@2: 0.3500 f1score@3: 0.2900 ] Test set [accuracy@1: 0.4100 accuracy@2: 0.5300 accuracy@3: 0.5900 ] 
2024-04-02 16:45:18,524 - [Epoch   9 / 1000] rec_loss: 30.8418 cl_loss: 0.0000 
2024-04-02 16:45:18,706 - Epoch   9 Test set [precision@1: 0.4200 precision@2: 0.2500 precision@3: 0.1900 ] Test set [recall@1: 0.4200 recall@2: 0.5100 recall@3: 0.5800 ] Test set [f1score@1: 0.4200 f1score@2: 0.3400 f1score@3: 0.2900 ] Test set [accuracy@1: 0.4200 accuracy@2: 0.5100 accuracy@3: 0.5800 ] 
2024-04-02 16:45:19,752 - [Epoch  10 / 1000] rec_loss: 30.1674 cl_loss: 0.0000 
2024-04-02 16:45:19,897 - Epoch  10 Test set [precision@1: 0.3200 precision@2: 0.2500 precision@3: 0.2000 ] Test set [recall@1: 0.3200 recall@2: 0.5000 recall@3: 0.6000 ] Test set [f1score@1: 0.3200 f1score@2: 0.3300 f1score@3: 0.3000 ] Test set [accuracy@1: 0.3200 accuracy@2: 0.5000 accuracy@3: 0.6000 ] 
2024-04-02 16:45:20,944 - [Epoch  11 / 1000] rec_loss: 29.8177 cl_loss: 0.0000 
2024-04-02 16:45:21,087 - Epoch  11 Test set [precision@1: 0.3100 precision@2: 0.2500 precision@3: 0.2100 ] Test set [recall@1: 0.3100 recall@2: 0.4900 recall@3: 0.6200 ] Test set [f1score@1: 0.3100 f1score@2: 0.3300 f1score@3: 0.3100 ] Test set [accuracy@1: 0.3100 accuracy@2: 0.4900 accuracy@3: 0.6200 ] 
2024-04-02 16:45:22,142 - [Epoch  12 / 1000] rec_loss: 30.3265 cl_loss: 0.0000 
2024-04-02 16:45:22,314 - Epoch  12 Test set [precision@1: 0.2800 precision@2: 0.2200 precision@3: 0.2000 ] Test set [recall@1: 0.2800 recall@2: 0.4500 recall@3: 0.5900 ] Test set [f1score@1: 0.2800 f1score@2: 0.3000 f1score@3: 0.2900 ] Test set [accuracy@1: 0.2800 accuracy@2: 0.4500 accuracy@3: 0.5900 ] 
2024-04-02 16:45:23,379 - [Epoch  13 / 1000] rec_loss: 27.3982 cl_loss: 0.0000 
2024-04-02 16:45:23,532 - Epoch  13 Test set [precision@1: 0.3000 precision@2: 0.2000 precision@3: 0.1800 ] Test set [recall@1: 0.3000 recall@2: 0.4000 recall@3: 0.5300 ] Test set [f1score@1: 0.3000 f1score@2: 0.2700 f1score@3: 0.2600 ] Test set [accuracy@1: 0.3000 accuracy@2: 0.4000 accuracy@3: 0.5300 ] 
2024-04-02 16:45:24,590 - [Epoch  14 / 1000] rec_loss: 30.6055 cl_loss: 0.0000 
2024-04-02 16:45:24,745 - Epoch  14 Test set [precision@1: 0.2900 precision@2: 0.2000 precision@3: 0.1700 ] Test set [recall@1: 0.2900 recall@2: 0.4000 recall@3: 0.5200 ] Test set [f1score@1: 0.2900 f1score@2: 0.2700 f1score@3: 0.2600 ] Test set [accuracy@1: 0.2900 accuracy@2: 0.4000 accuracy@3: 0.5200 ] 
2024-04-02 16:45:25,785 - [Epoch  15 / 1000] rec_loss: 28.4425 cl_loss: 0.0000 
2024-04-02 16:45:25,931 - Epoch  15 Test set [precision@1: 0.2800 precision@2: 0.2100 precision@3: 0.1600 ] Test set [recall@1: 0.2800 recall@2: 0.4200 recall@3: 0.4900 ] Test set [f1score@1: 0.2800 f1score@2: 0.2800 f1score@3: 0.2500 ] Test set [accuracy@1: 0.2800 accuracy@2: 0.4200 accuracy@3: 0.4900 ] 
2024-04-02 16:45:27,019 - [Epoch  16 / 1000] rec_loss: 26.3082 cl_loss: 0.0000 
2024-04-02 16:45:27,179 - Epoch  16 Test set [precision@1: 0.2800 precision@2: 0.2100 precision@3: 0.1700 ] Test set [recall@1: 0.2800 recall@2: 0.4200 recall@3: 0.5000 ] Test set [f1score@1: 0.2800 f1score@2: 0.2800 f1score@3: 0.2500 ] Test set [accuracy@1: 0.2800 accuracy@2: 0.4200 accuracy@3: 0.5000 ] 
2024-04-02 16:45:28,284 - [Epoch  17 / 1000] rec_loss: 30.7093 cl_loss: 0.0000 
2024-04-02 16:45:28,428 - Epoch  17 Test set [precision@1: 0.2500 precision@2: 0.2200 precision@3: 0.1800 ] Test set [recall@1: 0.2500 recall@2: 0.4500 recall@3: 0.5400 ] Test set [f1score@1: 0.2500 f1score@2: 0.3000 f1score@3: 0.2700 ] Test set [accuracy@1: 0.2500 accuracy@2: 0.4500 accuracy@3: 0.5400 ] 
2024-04-02 16:45:29,484 - [Epoch  18 / 1000] rec_loss: 25.1826 cl_loss: 0.0000 
2024-04-02 16:45:29,644 - Epoch  18 Test set [precision@1: 0.2400 precision@2: 0.2200 precision@3: 0.1800 ] Test set [recall@1: 0.2400 recall@2: 0.4500 recall@3: 0.5300 ] Test set [f1score@1: 0.2400 f1score@2: 0.3000 f1score@3: 0.2600 ] Test set [accuracy@1: 0.2400 accuracy@2: 0.4500 accuracy@3: 0.5300 ] 
2024-04-02 16:45:30,702 - [Epoch  19 / 1000] rec_loss: 27.4824 cl_loss: 0.0000 
2024-04-02 16:45:30,844 - Epoch  19 Test set [precision@1: 0.2300 precision@2: 0.2200 precision@3: 0.1800 ] Test set [recall@1: 0.2300 recall@2: 0.4400 recall@3: 0.5300 ] Test set [f1score@1: 0.2300 f1score@2: 0.2900 f1score@3: 0.2600 ] Test set [accuracy@1: 0.2300 accuracy@2: 0.4400 accuracy@3: 0.5300 ] 
2024-04-02 16:45:31,936 - [Epoch  20 / 1000] rec_loss: 26.3181 cl_loss: 0.0000 
2024-04-02 16:45:32,087 - Epoch  20 Test set [precision@1: 0.2500 precision@2: 0.2200 precision@3: 0.1800 ] Test set [recall@1: 0.2500 recall@2: 0.4500 recall@3: 0.5500 ] Test set [f1score@1: 0.2500 f1score@2: 0.3000 f1score@3: 0.2800 ] Test set [accuracy@1: 0.2500 accuracy@2: 0.4500 accuracy@3: 0.5500 ] 
2024-04-02 16:45:33,192 - [Epoch  21 / 1000] rec_loss: 27.4196 cl_loss: 0.0000 
2024-04-02 16:45:33,351 - Epoch  21 Test set [precision@1: 0.2600 precision@2: 0.2200 precision@3: 0.1900 ] Test set [recall@1: 0.2600 recall@2: 0.4500 recall@3: 0.5600 ] Test set [f1score@1: 0.2600 f1score@2: 0.3000 f1score@3: 0.2800 ] Test set [accuracy@1: 0.2600 accuracy@2: 0.4500 accuracy@3: 0.5600 ] 
2024-04-02 16:45:34,411 - [Epoch  22 / 1000] rec_loss: 26.2894 cl_loss: 0.0000 
2024-04-02 16:45:34,568 - Epoch  22 Test set [precision@1: 0.2600 precision@2: 0.2300 precision@3: 0.1900 ] Test set [recall@1: 0.2600 recall@2: 0.4600 recall@3: 0.5800 ] Test set [f1score@1: 0.2600 f1score@2: 0.3100 f1score@3: 0.2900 ] Test set [accuracy@1: 0.2600 accuracy@2: 0.4600 accuracy@3: 0.5800 ] 
2024-04-02 16:45:35,610 - [Epoch  23 / 1000] rec_loss: 28.0503 cl_loss: 0.0000 
2024-04-02 16:45:35,754 - Epoch  23 Test set [precision@1: 0.2800 precision@2: 0.2500 precision@3: 0.2100 ] Test set [recall@1: 0.2800 recall@2: 0.4900 recall@3: 0.6300 ] Test set [f1score@1: 0.2800 f1score@2: 0.3300 f1score@3: 0.3100 ] Test set [accuracy@1: 0.2800 accuracy@2: 0.4900 accuracy@3: 0.6300 ] 
2024-04-02 16:45:36,832 - [Epoch  24 / 1000] rec_loss: 23.2347 cl_loss: 0.0000 
2024-04-02 16:45:37,004 - Epoch  24 Test set [precision@1: 0.2900 precision@2: 0.2500 precision@3: 0.2100 ] Test set [recall@1: 0.2900 recall@2: 0.5100 recall@3: 0.6400 ] Test set [f1score@1: 0.2900 f1score@2: 0.3400 f1score@3: 0.3200 ] Test set [accuracy@1: 0.2900 accuracy@2: 0.5100 accuracy@3: 0.6400 ] 
2024-04-02 16:45:38,112 - [Epoch  25 / 1000] rec_loss: 24.9619 cl_loss: 0.0000 
2024-04-02 16:45:38,264 - Epoch  25 Test set [precision@1: 0.3500 precision@2: 0.2600 precision@3: 0.2200 ] Test set [recall@1: 0.3500 recall@2: 0.5200 recall@3: 0.6500 ] Test set [f1score@1: 0.3500 f1score@2: 0.3500 f1score@3: 0.3200 ] Test set [accuracy@1: 0.3500 accuracy@2: 0.5200 accuracy@3: 0.6500 ] 
2024-04-02 16:45:39,365 - [Epoch  26 / 1000] rec_loss: 24.6478 cl_loss: 0.0000 
2024-04-02 16:45:39,512 - Epoch  26 Test set [precision@1: 0.3700 precision@2: 0.2500 precision@3: 0.2200 ] Test set [recall@1: 0.3700 recall@2: 0.5000 recall@3: 0.6700 ] Test set [f1score@1: 0.3700 f1score@2: 0.3300 f1score@3: 0.3400 ] Test set [accuracy@1: 0.3700 accuracy@2: 0.5000 accuracy@3: 0.6700 ] 
2024-04-02 16:45:40,622 - [Epoch  27 / 1000] rec_loss: 22.0229 cl_loss: 0.0000 
2024-04-02 16:45:40,761 - Epoch  27 Test set [precision@1: 0.3800 precision@2: 0.2800 precision@3: 0.2300 ] Test set [recall@1: 0.3800 recall@2: 0.5500 recall@3: 0.6800 ] Test set [f1score@1: 0.3800 f1score@2: 0.3700 f1score@3: 0.3400 ] Test set [accuracy@1: 0.3800 accuracy@2: 0.5500 accuracy@3: 0.6800 ] 
2024-04-02 16:45:41,837 - [Epoch  28 / 1000] rec_loss: 21.8356 cl_loss: 0.0000 
2024-04-02 16:45:42,009 - Epoch  28 Test set [precision@1: 0.4400 precision@2: 0.3100 precision@3: 0.2400 ] Test set [recall@1: 0.4400 recall@2: 0.6100 recall@3: 0.7300 ] Test set [f1score@1: 0.4400 f1score@2: 0.4100 f1score@3: 0.3700 ] Test set [accuracy@1: 0.4400 accuracy@2: 0.6100 accuracy@3: 0.7300 ] 
2024-04-02 16:45:43,141 - [Epoch  29 / 1000] rec_loss: 19.9034 cl_loss: 0.0000 
2024-04-02 16:45:43,281 - Epoch  29 Test set [precision@1: 0.4400 precision@2: 0.3000 precision@3: 0.2200 ] Test set [recall@1: 0.4400 recall@2: 0.6000 recall@3: 0.6500 ] Test set [f1score@1: 0.4400 f1score@2: 0.4000 f1score@3: 0.3200 ] Test set [accuracy@1: 0.4400 accuracy@2: 0.6000 accuracy@3: 0.6500 ] 
2024-04-02 16:45:44,451 - [Epoch  30 / 1000] rec_loss: 23.1554 cl_loss: 0.0000 
2024-04-02 16:45:44,601 - Epoch  30 Test set [precision@1: 0.4400 precision@2: 0.2900 precision@3: 0.2300 ] Test set [recall@1: 0.4400 recall@2: 0.5900 recall@3: 0.6900 ] Test set [f1score@1: 0.4400 f1score@2: 0.3900 f1score@3: 0.3400 ] Test set [accuracy@1: 0.4400 accuracy@2: 0.5900 accuracy@3: 0.6900 ] 
2024-04-02 16:45:45,707 - [Epoch  31 / 1000] rec_loss: 23.9024 cl_loss: 0.0000 
2024-04-02 16:45:45,847 - Epoch  31 Test set [precision@1: 0.4500 precision@2: 0.2900 precision@3: 0.2300 ] Test set [recall@1: 0.4500 recall@2: 0.5800 recall@3: 0.7000 ] Test set [f1score@1: 0.4500 f1score@2: 0.3900 f1score@3: 0.3500 ] Test set [accuracy@1: 0.4500 accuracy@2: 0.5800 accuracy@3: 0.7000 ] 
2024-04-02 16:45:46,995 - [Epoch  32 / 1000] rec_loss: 19.4832 cl_loss: 0.0000 
2024-04-02 16:45:47,145 - Epoch  32 Test set [precision@1: 0.3800 precision@2: 0.2900 precision@3: 0.2400 ] Test set [recall@1: 0.3800 recall@2: 0.5800 recall@3: 0.7100 ] Test set [f1score@1: 0.3800 f1score@2: 0.3900 f1score@3: 0.3500 ] Test set [accuracy@1: 0.3800 accuracy@2: 0.5800 accuracy@3: 0.7100 ] 
2024-04-02 16:45:48,290 - [Epoch  33 / 1000] rec_loss: 19.4347 cl_loss: 0.0000 
2024-04-02 16:45:48,448 - Epoch  33 Test set [precision@1: 0.4200 precision@2: 0.2800 precision@3: 0.2400 ] Test set [recall@1: 0.4200 recall@2: 0.5500 recall@3: 0.7200 ] Test set [f1score@1: 0.4200 f1score@2: 0.3700 f1score@3: 0.3600 ] Test set [accuracy@1: 0.4200 accuracy@2: 0.5500 accuracy@3: 0.7200 ] 
2024-04-02 16:45:49,576 - [Epoch  34 / 1000] rec_loss: 17.4811 cl_loss: 0.0000 
2024-04-02 16:45:49,734 - Epoch  34 Test set [precision@1: 0.4200 precision@2: 0.2900 precision@3: 0.2500 ] Test set [recall@1: 0.4200 recall@2: 0.5900 recall@3: 0.7500 ] Test set [f1score@1: 0.4200 f1score@2: 0.3900 f1score@3: 0.3800 ] Test set [accuracy@1: 0.4200 accuracy@2: 0.5900 accuracy@3: 0.7500 ] 
2024-04-02 16:45:50,888 - [Epoch  35 / 1000] rec_loss: 15.7314 cl_loss: 0.0000 
2024-04-02 16:45:51,044 - Epoch  35 Test set [precision@1: 0.4100 precision@2: 0.3100 precision@3: 0.2500 ] Test set [recall@1: 0.4100 recall@2: 0.6200 recall@3: 0.7600 ] Test set [f1score@1: 0.4100 f1score@2: 0.4100 f1score@3: 0.3800 ] Test set [accuracy@1: 0.4100 accuracy@2: 0.6200 accuracy@3: 0.7600 ] 
2024-04-02 16:45:52,172 - [Epoch  36 / 1000] rec_loss: 15.2919 cl_loss: 0.0000 
2024-04-02 16:45:52,319 - Epoch  36 Test set [precision@1: 0.3900 precision@2: 0.3100 precision@3: 0.2500 ] Test set [recall@1: 0.3900 recall@2: 0.6200 recall@3: 0.7500 ] Test set [f1score@1: 0.3900 f1score@2: 0.4100 f1score@3: 0.3800 ] Test set [accuracy@1: 0.3900 accuracy@2: 0.6200 accuracy@3: 0.7500 ] 
2024-04-02 16:45:53,464 - [Epoch  37 / 1000] rec_loss: 15.7185 cl_loss: 0.0000 
2024-04-02 16:45:53,617 - Epoch  37 Test set [precision@1: 0.3600 precision@2: 0.2900 precision@3: 0.2400 ] Test set [recall@1: 0.3600 recall@2: 0.5900 recall@3: 0.7100 ] Test set [f1score@1: 0.3600 f1score@2: 0.3900 f1score@3: 0.3500 ] Test set [accuracy@1: 0.3600 accuracy@2: 0.5900 accuracy@3: 0.7100 ] 
2024-04-02 16:45:54,752 - [Epoch  38 / 1000] rec_loss: 20.3857 cl_loss: 0.0000 
2024-04-02 16:45:54,912 - Epoch  38 Test set [precision@1: 0.3700 precision@2: 0.3100 precision@3: 0.2600 ] Test set [recall@1: 0.3700 recall@2: 0.6200 recall@3: 0.7800 ] Test set [f1score@1: 0.3700 f1score@2: 0.4100 f1score@3: 0.3900 ] Test set [accuracy@1: 0.3700 accuracy@2: 0.6200 accuracy@3: 0.7800 ] 
2024-04-02 16:45:56,101 - [Epoch  39 / 1000] rec_loss: 13.8901 cl_loss: 0.0000 
2024-04-02 16:45:56,268 - Epoch  39 Test set [precision@1: 0.4000 precision@2: 0.3000 precision@3: 0.2600 ] Test set [recall@1: 0.4000 recall@2: 0.6000 recall@3: 0.7700 ] Test set [f1score@1: 0.4000 f1score@2: 0.4000 f1score@3: 0.3800 ] Test set [accuracy@1: 0.4000 accuracy@2: 0.6000 accuracy@3: 0.7700 ] 
2024-04-02 16:45:57,447 - [Epoch  40 / 1000] rec_loss: 17.1301 cl_loss: 0.0000 
2024-04-02 16:45:57,597 - Epoch  40 Test set [precision@1: 0.4500 precision@2: 0.3100 precision@3: 0.2600 ] Test set [recall@1: 0.4500 recall@2: 0.6200 recall@3: 0.7700 ] Test set [f1score@1: 0.4500 f1score@2: 0.4100 f1score@3: 0.3800 ] Test set [accuracy@1: 0.4500 accuracy@2: 0.6200 accuracy@3: 0.7700 ] 
2024-04-02 16:45:58,760 - [Epoch  41 / 1000] rec_loss: 15.6587 cl_loss: 0.0000 
2024-04-02 16:45:58,899 - Epoch  41 Test set [precision@1: 0.4500 precision@2: 0.3100 precision@3: 0.2500 ] Test set [recall@1: 0.4500 recall@2: 0.6300 recall@3: 0.7600 ] Test set [f1score@1: 0.4500 f1score@2: 0.4200 f1score@3: 0.3800 ] Test set [accuracy@1: 0.4500 accuracy@2: 0.6300 accuracy@3: 0.7600 ] 
2024-04-02 16:45:59,986 - [Epoch  42 / 1000] rec_loss: 13.0080 cl_loss: 0.0000 
2024-04-02 16:46:00,153 - Epoch  42 Test set [precision@1: 0.4700 precision@2: 0.3200 precision@3: 0.2600 ] Test set [recall@1: 0.4700 recall@2: 0.6500 recall@3: 0.7900 ] Test set [f1score@1: 0.4700 f1score@2: 0.4300 f1score@3: 0.4000 ] Test set [accuracy@1: 0.4700 accuracy@2: 0.6500 accuracy@3: 0.7900 ] 
2024-04-02 16:46:01,287 - [Epoch  43 / 1000] rec_loss: 14.2741 cl_loss: 0.0000 
2024-04-02 16:46:01,433 - Epoch  43 Test set [precision@1: 0.4600 precision@2: 0.3100 precision@3: 0.2600 ] Test set [recall@1: 0.4600 recall@2: 0.6100 recall@3: 0.7800 ] Test set [f1score@1: 0.4600 f1score@2: 0.4100 f1score@3: 0.3900 ] Test set [accuracy@1: 0.4600 accuracy@2: 0.6100 accuracy@3: 0.7800 ] 
2024-04-02 16:46:02,574 - [Epoch  44 / 1000] rec_loss: 15.5383 cl_loss: 0.0000 
2024-04-02 16:46:02,715 - Epoch  44 Test set [precision@1: 0.4800 precision@2: 0.3200 precision@3: 0.2500 ] Test set [recall@1: 0.4800 recall@2: 0.6500 recall@3: 0.7500 ] Test set [f1score@1: 0.4800 f1score@2: 0.4300 f1score@3: 0.3800 ] Test set [accuracy@1: 0.4800 accuracy@2: 0.6500 accuracy@3: 0.7500 ] 
2024-04-02 16:46:03,845 - [Epoch  45 / 1000] rec_loss: 14.9815 cl_loss: 0.0000 
2024-04-02 16:46:04,005 - Epoch  45 Test set [precision@1: 0.5300 precision@2: 0.3200 precision@3: 0.2600 ] Test set [recall@1: 0.5300 recall@2: 0.6500 recall@3: 0.7900 ] Test set [f1score@1: 0.5300 f1score@2: 0.4300 f1score@3: 0.4000 ] Test set [accuracy@1: 0.5300 accuracy@2: 0.6500 accuracy@3: 0.7900 ] 
2024-04-02 16:46:05,172 - [Epoch  46 / 1000] rec_loss: 13.0680 cl_loss: 0.0000 
2024-04-02 16:46:05,320 - Epoch  46 Test set [precision@1: 0.4900 precision@2: 0.3500 precision@3: 0.2600 ] Test set [recall@1: 0.4900 recall@2: 0.7000 recall@3: 0.7800 ] Test set [f1score@1: 0.4900 f1score@2: 0.4700 f1score@3: 0.3900 ] Test set [accuracy@1: 0.4900 accuracy@2: 0.7000 accuracy@3: 0.7800 ] 
2024-04-02 16:46:06,433 - [Epoch  47 / 1000] rec_loss: 13.0814 cl_loss: 0.0000 
2024-04-02 16:46:06,582 - Epoch  47 Test set [precision@1: 0.4800 precision@2: 0.3500 precision@3: 0.2600 ] Test set [recall@1: 0.4800 recall@2: 0.7000 recall@3: 0.7800 ] Test set [f1score@1: 0.4800 f1score@2: 0.4700 f1score@3: 0.3900 ] Test set [accuracy@1: 0.4800 accuracy@2: 0.7000 accuracy@3: 0.7800 ] 
2024-04-02 16:46:07,783 - [Epoch  48 / 1000] rec_loss: 10.8454 cl_loss: 0.0000 
2024-04-02 16:46:07,924 - Epoch  48 Test set [precision@1: 0.5200 precision@2: 0.3600 precision@3: 0.2700 ] Test set [recall@1: 0.5200 recall@2: 0.7200 recall@3: 0.8000 ] Test set [f1score@1: 0.5200 f1score@2: 0.4800 f1score@3: 0.4000 ] Test set [accuracy@1: 0.5200 accuracy@2: 0.7200 accuracy@3: 0.8000 ] 
2024-04-02 16:46:09,116 - [Epoch  49 / 1000] rec_loss: 9.5596 cl_loss: 0.0000 
2024-04-02 16:46:09,278 - Epoch  49 Test set [precision@1: 0.4600 precision@2: 0.3500 precision@3: 0.2600 ] Test set [recall@1: 0.4600 recall@2: 0.7000 recall@3: 0.7800 ] Test set [f1score@1: 0.4600 f1score@2: 0.4700 f1score@3: 0.3900 ] Test set [accuracy@1: 0.4600 accuracy@2: 0.7000 accuracy@3: 0.7800 ] 
2024-04-02 16:46:10,449 - [Epoch  50 / 1000] rec_loss: 12.6954 cl_loss: 0.0000 
2024-04-02 16:46:10,599 - Epoch  50 Test set [precision@1: 0.4700 precision@2: 0.3400 precision@3: 0.2400 ] Test set [recall@1: 0.4700 recall@2: 0.6800 recall@3: 0.7300 ] Test set [f1score@1: 0.4700 f1score@2: 0.4500 f1score@3: 0.3700 ] Test set [accuracy@1: 0.4700 accuracy@2: 0.6800 accuracy@3: 0.7300 ] 
2024-04-02 16:46:11,752 - [Epoch  51 / 1000] rec_loss: 10.5156 cl_loss: 0.0000 
2024-04-02 16:46:11,893 - Epoch  51 Test set [precision@1: 0.4500 precision@2: 0.3100 precision@3: 0.2300 ] Test set [recall@1: 0.4500 recall@2: 0.6100 recall@3: 0.6800 ] Test set [f1score@1: 0.4500 f1score@2: 0.4100 f1score@3: 0.3400 ] Test set [accuracy@1: 0.4500 accuracy@2: 0.6100 accuracy@3: 0.6800 ] 
2024-04-02 16:46:13,071 - [Epoch  52 / 1000] rec_loss: 9.1817 cl_loss: 0.0000 
2024-04-02 16:46:13,247 - Epoch  52 Test set [precision@1: 0.4500 precision@2: 0.3100 precision@3: 0.2200 ] Test set [recall@1: 0.4500 recall@2: 0.6100 recall@3: 0.6700 ] Test set [f1score@1: 0.4500 f1score@2: 0.4100 f1score@3: 0.3400 ] Test set [accuracy@1: 0.4500 accuracy@2: 0.6100 accuracy@3: 0.6700 ] 
2024-04-02 16:46:14,432 - [Epoch  53 / 1000] rec_loss: 11.2466 cl_loss: 0.0000 
2024-04-02 16:46:14,589 - Epoch  53 Test set [precision@1: 0.4400 precision@2: 0.3100 precision@3: 0.2300 ] Test set [recall@1: 0.4400 recall@2: 0.6300 recall@3: 0.6800 ] Test set [f1score@1: 0.4400 f1score@2: 0.4200 f1score@3: 0.3400 ] Test set [accuracy@1: 0.4400 accuracy@2: 0.6300 accuracy@3: 0.6800 ] 
2024-04-02 16:46:15,733 - [Epoch  54 / 1000] rec_loss: 9.8966 cl_loss: 0.0000 
2024-04-02 16:46:15,888 - Epoch  54 Test set [precision@1: 0.4300 precision@2: 0.3400 precision@3: 0.2400 ] Test set [recall@1: 0.4300 recall@2: 0.6700 recall@3: 0.7100 ] Test set [f1score@1: 0.4300 f1score@2: 0.4500 f1score@3: 0.3500 ] Test set [accuracy@1: 0.4300 accuracy@2: 0.6700 accuracy@3: 0.7100 ] 
2024-04-02 16:46:17,050 - [Epoch  55 / 1000] rec_loss: 8.5912 cl_loss: 0.0000 
2024-04-02 16:46:17,211 - Epoch  55 Test set [precision@1: 0.4800 precision@2: 0.3400 precision@3: 0.2500 ] Test set [recall@1: 0.4800 recall@2: 0.6900 recall@3: 0.7500 ] Test set [f1score@1: 0.4800 f1score@2: 0.4600 f1score@3: 0.3800 ] Test set [accuracy@1: 0.4800 accuracy@2: 0.6900 accuracy@3: 0.7500 ] 
2024-04-02 16:46:18,379 - [Epoch  56 / 1000] rec_loss: 8.4075 cl_loss: 0.0000 
2024-04-02 16:46:18,540 - Epoch  56 Test set [precision@1: 0.5500 precision@2: 0.3700 precision@3: 0.2700 ] Test set [recall@1: 0.5500 recall@2: 0.7300 recall@3: 0.8000 ] Test set [f1score@1: 0.5500 f1score@2: 0.4900 f1score@3: 0.4000 ] Test set [accuracy@1: 0.5500 accuracy@2: 0.7300 accuracy@3: 0.8000 ] 
2024-04-02 16:46:19,707 - [Epoch  57 / 1000] rec_loss: 8.2671 cl_loss: 0.0000 
2024-04-02 16:46:19,853 - Epoch  57 Test set [precision@1: 0.5500 precision@2: 0.4000 precision@3: 0.2800 ] Test set [recall@1: 0.5500 recall@2: 0.8000 recall@3: 0.8300 ] Test set [f1score@1: 0.5500 f1score@2: 0.5300 f1score@3: 0.4100 ] Test set [accuracy@1: 0.5500 accuracy@2: 0.8000 accuracy@3: 0.8300 ] 
2024-04-02 16:46:20,975 - [Epoch  58 / 1000] rec_loss: 7.2265 cl_loss: 0.0000 
2024-04-02 16:46:21,126 - Epoch  58 Test set [precision@1: 0.5700 precision@2: 0.3800 precision@3: 0.2700 ] Test set [recall@1: 0.5700 recall@2: 0.7700 recall@3: 0.8200 ] Test set [f1score@1: 0.5700 f1score@2: 0.5100 f1score@3: 0.4100 ] Test set [accuracy@1: 0.5700 accuracy@2: 0.7700 accuracy@3: 0.8200 ] 
2024-04-02 16:46:22,213 - [Epoch  59 / 1000] rec_loss: 7.5819 cl_loss: 0.0000 
2024-04-02 16:46:22,351 - Epoch  59 Test set [precision@1: 0.5500 precision@2: 0.3900 precision@3: 0.2800 ] Test set [recall@1: 0.5500 recall@2: 0.7800 recall@3: 0.8300 ] Test set [f1score@1: 0.5500 f1score@2: 0.5200 f1score@3: 0.4100 ] Test set [accuracy@1: 0.5500 accuracy@2: 0.7800 accuracy@3: 0.8300 ] 
