2024-04-02 17:48:42,417 - {'optimizer': {'name': 'adam', 'lr': 0.001, 'final_lr': 1e-06, 'weight_decay': 0}, 'train': {'model_test_run': True, 'test_run_sample_no': 100, 'weighted_loss_fn': True, 'epoch': 1000, 'batch_size': 64, 'save_model': True, 'log_loss': True, 'test_step': 1, 'reproducible': True, 'seed': 12, 'tensorboard': True, 'conf_mat': True, 'ssl': False, 'gradient_accumulation': False, 'accumulation_steps': 4, 'early_stop': False, 'parameter_class_weights_path': './datasets/sequential/fix/parameters/param.pkl', 'parameter_label_mapping_path': './datasets/sequential/fix/parameters/label_mapping.pkl'}, 'test': {'metrics': ['precision', 'recall', 'f1score', 'accuracy'], 'k': [1, 2, 3], 'batch_size': 64, 'train_eval': False, 'save_path': '2024-04-02_17-48'}, 'data': {'type': 'sequential', 'name': 'fix', 'seq_aug': False, 'dynamic_context_window_length': 100, 'user_num': 100, 'item_num': 23, 'dynamic_context_feat_num': 14, 'static_context_feat_num': 6, 'static_context_max': [12, 6, 23, 1, 1, 1]}, 'model': {'name': 'cl4srec', 'context_encoder': 'tempcnn', 'tcn_num_channels': [80, 50, 25], 'tcn_kernel_size': 3, 'interaction_encoder': 'sasrec', 'dropout_rate_trans': 0.3, 'dropout_rate_tcn': 0.25, 'dropout_rate_fc_tcn': 0.4, 'dropout_rate_fc_trans': 0.5, 'dropout_rate_fc_concat': 0.3, 'dropout_rate_fc_static': 0.1, 'n_layers': 2, 'embedding_size': 786, 'n_heads': 2, 'max_seq_len': 10, 'lmd': 0.1, 'tau': 1, 'encoder_combine': 'concat'}, 'lstm': {'hidden_size': 64, 'num_layers': 2}, 'tune': {'enable': False, 'hyperparameters': ['dropout_rate', 'lmd', 'tau'], 'dropout_rate': [0.1, 0.2, 0.3], 'lmd': [0.05, 0.1, 0.2], 'tau': [0.5, 0.7, 0.9]}, 'device': 'cpu'}
2024-04-02 17:48:44,216 - [Epoch   0 / 1000] rec_loss: 35.8868 cl_loss: 0.0000 
2024-04-02 17:48:44,411 - Epoch   0 Test set [precision@1: 0.0900 precision@2: 0.1700 precision@3: 0.1800 ] Test set [recall@1: 0.0900 recall@2: 0.3500 recall@3: 0.5300 ] Test set [f1score@1: 0.0900 f1score@2: 0.2300 f1score@3: 0.2600 ] Test set [accuracy@1: 0.0900 accuracy@2: 0.3500 accuracy@3: 0.5300 ] 
2024-04-02 17:48:45,566 - [Epoch   1 / 1000] rec_loss: 32.0568 cl_loss: 0.0000 
2024-04-02 17:48:45,731 - Epoch   1 Test set [precision@1: 0.2000 precision@2: 0.1600 precision@3: 0.1200 ] Test set [recall@1: 0.2000 recall@2: 0.3100 recall@3: 0.3600 ] Test set [f1score@1: 0.2000 f1score@2: 0.2100 f1score@3: 0.1800 ] Test set [accuracy@1: 0.2000 accuracy@2: 0.3100 accuracy@3: 0.3600 ] 
2024-04-02 17:48:46,945 - [Epoch   2 / 1000] rec_loss: 37.2402 cl_loss: 0.0000 
2024-04-02 17:48:47,098 - Epoch   2 Test set [precision@1: 0.3000 precision@2: 0.1700 precision@3: 0.1500 ] Test set [recall@1: 0.3000 recall@2: 0.3400 recall@3: 0.4500 ] Test set [f1score@1: 0.3000 f1score@2: 0.2300 f1score@3: 0.2200 ] Test set [accuracy@1: 0.3000 accuracy@2: 0.3400 accuracy@3: 0.4500 ] 
2024-04-02 17:48:48,237 - [Epoch   3 / 1000] rec_loss: 36.9398 cl_loss: 0.0000 
2024-04-02 17:48:48,388 - Epoch   3 Test set [precision@1: 0.3000 precision@2: 0.2200 precision@3: 0.1800 ] Test set [recall@1: 0.3000 recall@2: 0.4400 recall@3: 0.5300 ] Test set [f1score@1: 0.3000 f1score@2: 0.2900 f1score@3: 0.2600 ] Test set [accuracy@1: 0.3000 accuracy@2: 0.4400 accuracy@3: 0.5300 ] 
2024-04-02 17:48:49,578 - [Epoch   4 / 1000] rec_loss: 33.3817 cl_loss: 0.0000 
2024-04-02 17:48:49,738 - Epoch   4 Test set [precision@1: 0.2800 precision@2: 0.2100 precision@3: 0.1900 ] Test set [recall@1: 0.2800 recall@2: 0.4200 recall@3: 0.5600 ] Test set [f1score@1: 0.2800 f1score@2: 0.2800 f1score@3: 0.2800 ] Test set [accuracy@1: 0.2800 accuracy@2: 0.4200 accuracy@3: 0.5600 ] 
2024-04-02 17:48:50,890 - [Epoch   5 / 1000] rec_loss: 27.5486 cl_loss: 0.0000 
2024-04-02 17:48:51,056 - Epoch   5 Test set [precision@1: 0.3700 precision@2: 0.2500 precision@3: 0.1800 ] Test set [recall@1: 0.3700 recall@2: 0.5100 recall@3: 0.5400 ] Test set [f1score@1: 0.3700 f1score@2: 0.3400 f1score@3: 0.2700 ] Test set [accuracy@1: 0.3700 accuracy@2: 0.5100 accuracy@3: 0.5400 ] 
2024-04-02 17:48:52,226 - [Epoch   6 / 1000] rec_loss: 31.8736 cl_loss: 0.0000 
2024-04-02 17:48:52,377 - Epoch   6 Test set [precision@1: 0.3500 precision@2: 0.2600 precision@3: 0.2000 ] Test set [recall@1: 0.3500 recall@2: 0.5200 recall@3: 0.6000 ] Test set [f1score@1: 0.3500 f1score@2: 0.3500 f1score@3: 0.3000 ] Test set [accuracy@1: 0.3500 accuracy@2: 0.5200 accuracy@3: 0.6000 ] 
2024-04-02 17:48:53,638 - [Epoch   7 / 1000] rec_loss: 33.7547 cl_loss: 0.0000 
2024-04-02 17:48:53,794 - Epoch   7 Test set [precision@1: 0.4300 precision@2: 0.2800 precision@3: 0.2000 ] Test set [recall@1: 0.4300 recall@2: 0.5600 recall@3: 0.6000 ] Test set [f1score@1: 0.4300 f1score@2: 0.3700 f1score@3: 0.3000 ] Test set [accuracy@1: 0.4300 accuracy@2: 0.5600 accuracy@3: 0.6000 ] 
2024-04-02 17:48:54,976 - [Epoch   8 / 1000] rec_loss: 30.5223 cl_loss: 0.0000 
2024-04-02 17:48:55,163 - Epoch   8 Test set [precision@1: 0.4100 precision@2: 0.2600 precision@3: 0.2000 ] Test set [recall@1: 0.4100 recall@2: 0.5300 recall@3: 0.5900 ] Test set [f1score@1: 0.4100 f1score@2: 0.3500 f1score@3: 0.2900 ] Test set [accuracy@1: 0.4100 accuracy@2: 0.5300 accuracy@3: 0.5900 ] 
2024-04-02 17:48:56,316 - [Epoch   9 / 1000] rec_loss: 30.8418 cl_loss: 0.0000 
2024-04-02 17:48:56,496 - Epoch   9 Test set [precision@1: 0.4200 precision@2: 0.2500 precision@3: 0.1900 ] Test set [recall@1: 0.4200 recall@2: 0.5100 recall@3: 0.5800 ] Test set [f1score@1: 0.4200 f1score@2: 0.3400 f1score@3: 0.2900 ] Test set [accuracy@1: 0.4200 accuracy@2: 0.5100 accuracy@3: 0.5800 ] 
2024-04-02 17:48:57,646 - [Epoch  10 / 1000] rec_loss: 30.1674 cl_loss: 0.0000 
2024-04-02 17:48:57,817 - Epoch  10 Test set [precision@1: 0.3200 precision@2: 0.2500 precision@3: 0.2000 ] Test set [recall@1: 0.3200 recall@2: 0.5000 recall@3: 0.6000 ] Test set [f1score@1: 0.3200 f1score@2: 0.3300 f1score@3: 0.3000 ] Test set [accuracy@1: 0.3200 accuracy@2: 0.5000 accuracy@3: 0.6000 ] 
2024-04-02 17:48:59,042 - [Epoch  11 / 1000] rec_loss: 29.8177 cl_loss: 0.0000 
2024-04-02 17:48:59,204 - Epoch  11 Test set [precision@1: 0.3100 precision@2: 0.2500 precision@3: 0.2100 ] Test set [recall@1: 0.3100 recall@2: 0.4900 recall@3: 0.6200 ] Test set [f1score@1: 0.3100 f1score@2: 0.3300 f1score@3: 0.3100 ] Test set [accuracy@1: 0.3100 accuracy@2: 0.4900 accuracy@3: 0.6200 ] 
2024-04-02 17:49:00,403 - [Epoch  12 / 1000] rec_loss: 30.3265 cl_loss: 0.0000 
2024-04-02 17:49:00,561 - Epoch  12 Test set [precision@1: 0.2800 precision@2: 0.2200 precision@3: 0.2000 ] Test set [recall@1: 0.2800 recall@2: 0.4500 recall@3: 0.5900 ] Test set [f1score@1: 0.2800 f1score@2: 0.3000 f1score@3: 0.2900 ] Test set [accuracy@1: 0.2800 accuracy@2: 0.4500 accuracy@3: 0.5900 ] 
2024-04-02 17:49:01,729 - [Epoch  13 / 1000] rec_loss: 27.3982 cl_loss: 0.0000 
2024-04-02 17:49:01,873 - Epoch  13 Test set [precision@1: 0.3000 precision@2: 0.2000 precision@3: 0.1800 ] Test set [recall@1: 0.3000 recall@2: 0.4000 recall@3: 0.5300 ] Test set [f1score@1: 0.3000 f1score@2: 0.2700 f1score@3: 0.2600 ] Test set [accuracy@1: 0.3000 accuracy@2: 0.4000 accuracy@3: 0.5300 ] 
2024-04-02 17:49:02,970 - [Epoch  14 / 1000] rec_loss: 30.6055 cl_loss: 0.0000 
2024-04-02 17:49:03,119 - Epoch  14 Test set [precision@1: 0.2900 precision@2: 0.2000 precision@3: 0.1700 ] Test set [recall@1: 0.2900 recall@2: 0.4000 recall@3: 0.5200 ] Test set [f1score@1: 0.2900 f1score@2: 0.2700 f1score@3: 0.2600 ] Test set [accuracy@1: 0.2900 accuracy@2: 0.4000 accuracy@3: 0.5200 ] 
2024-04-02 17:49:04,218 - [Epoch  15 / 1000] rec_loss: 28.4425 cl_loss: 0.0000 
2024-04-02 17:49:04,373 - Epoch  15 Test set [precision@1: 0.2800 precision@2: 0.2100 precision@3: 0.1600 ] Test set [recall@1: 0.2800 recall@2: 0.4200 recall@3: 0.4900 ] Test set [f1score@1: 0.2800 f1score@2: 0.2800 f1score@3: 0.2500 ] Test set [accuracy@1: 0.2800 accuracy@2: 0.4200 accuracy@3: 0.4900 ] 
2024-04-02 17:49:05,473 - [Epoch  16 / 1000] rec_loss: 26.3082 cl_loss: 0.0000 
2024-04-02 17:49:05,612 - Epoch  16 Test set [precision@1: 0.2800 precision@2: 0.2100 precision@3: 0.1700 ] Test set [recall@1: 0.2800 recall@2: 0.4200 recall@3: 0.5000 ] Test set [f1score@1: 0.2800 f1score@2: 0.2800 f1score@3: 0.2500 ] Test set [accuracy@1: 0.2800 accuracy@2: 0.4200 accuracy@3: 0.5000 ] 
2024-04-02 17:49:06,768 - [Epoch  17 / 1000] rec_loss: 30.7093 cl_loss: 0.0000 
2024-04-02 17:49:06,928 - Epoch  17 Test set [precision@1: 0.2500 precision@2: 0.2200 precision@3: 0.1800 ] Test set [recall@1: 0.2500 recall@2: 0.4500 recall@3: 0.5400 ] Test set [f1score@1: 0.2500 f1score@2: 0.3000 f1score@3: 0.2700 ] Test set [accuracy@1: 0.2500 accuracy@2: 0.4500 accuracy@3: 0.5400 ] 
2024-04-02 17:49:08,041 - [Epoch  18 / 1000] rec_loss: 25.1826 cl_loss: 0.0000 
2024-04-02 17:49:08,185 - Epoch  18 Test set [precision@1: 0.2400 precision@2: 0.2200 precision@3: 0.1800 ] Test set [recall@1: 0.2400 recall@2: 0.4500 recall@3: 0.5300 ] Test set [f1score@1: 0.2400 f1score@2: 0.3000 f1score@3: 0.2600 ] Test set [accuracy@1: 0.2400 accuracy@2: 0.4500 accuracy@3: 0.5300 ] 
2024-04-02 17:49:09,345 - [Epoch  19 / 1000] rec_loss: 27.4824 cl_loss: 0.0000 
2024-04-02 17:49:09,499 - Epoch  19 Test set [precision@1: 0.2300 precision@2: 0.2200 precision@3: 0.1800 ] Test set [recall@1: 0.2300 recall@2: 0.4400 recall@3: 0.5300 ] Test set [f1score@1: 0.2300 f1score@2: 0.2900 f1score@3: 0.2600 ] Test set [accuracy@1: 0.2300 accuracy@2: 0.4400 accuracy@3: 0.5300 ] 
2024-04-02 17:49:10,604 - [Epoch  20 / 1000] rec_loss: 26.3181 cl_loss: 0.0000 
2024-04-02 17:49:10,819 - Epoch  20 Test set [precision@1: 0.2500 precision@2: 0.2200 precision@3: 0.1800 ] Test set [recall@1: 0.2500 recall@2: 0.4500 recall@3: 0.5500 ] Test set [f1score@1: 0.2500 f1score@2: 0.3000 f1score@3: 0.2800 ] Test set [accuracy@1: 0.2500 accuracy@2: 0.4500 accuracy@3: 0.5500 ] 
2024-04-02 17:49:11,950 - [Epoch  21 / 1000] rec_loss: 27.4196 cl_loss: 0.0000 
2024-04-02 17:49:12,103 - Epoch  21 Test set [precision@1: 0.2600 precision@2: 0.2200 precision@3: 0.1900 ] Test set [recall@1: 0.2600 recall@2: 0.4500 recall@3: 0.5600 ] Test set [f1score@1: 0.2600 f1score@2: 0.3000 f1score@3: 0.2800 ] Test set [accuracy@1: 0.2600 accuracy@2: 0.4500 accuracy@3: 0.5600 ] 
2024-04-02 17:49:13,237 - [Epoch  22 / 1000] rec_loss: 26.2894 cl_loss: 0.0000 
2024-04-02 17:49:13,392 - Epoch  22 Test set [precision@1: 0.2600 precision@2: 0.2300 precision@3: 0.1900 ] Test set [recall@1: 0.2600 recall@2: 0.4600 recall@3: 0.5800 ] Test set [f1score@1: 0.2600 f1score@2: 0.3100 f1score@3: 0.2900 ] Test set [accuracy@1: 0.2600 accuracy@2: 0.4600 accuracy@3: 0.5800 ] 
2024-04-02 17:49:14,527 - [Epoch  23 / 1000] rec_loss: 28.0503 cl_loss: 0.0000 
2024-04-02 17:49:14,679 - Epoch  23 Test set [precision@1: 0.2800 precision@2: 0.2500 precision@3: 0.2100 ] Test set [recall@1: 0.2800 recall@2: 0.4900 recall@3: 0.6300 ] Test set [f1score@1: 0.2800 f1score@2: 0.3300 f1score@3: 0.3100 ] Test set [accuracy@1: 0.2800 accuracy@2: 0.4900 accuracy@3: 0.6300 ] 
2024-04-02 17:49:15,977 - [Epoch  24 / 1000] rec_loss: 23.2347 cl_loss: 0.0000 
2024-04-02 17:49:16,162 - Epoch  24 Test set [precision@1: 0.2900 precision@2: 0.2500 precision@3: 0.2100 ] Test set [recall@1: 0.2900 recall@2: 0.5100 recall@3: 0.6400 ] Test set [f1score@1: 0.2900 f1score@2: 0.3400 f1score@3: 0.3200 ] Test set [accuracy@1: 0.2900 accuracy@2: 0.5100 accuracy@3: 0.6400 ] 
2024-04-02 17:49:17,454 - [Epoch  25 / 1000] rec_loss: 24.9619 cl_loss: 0.0000 
2024-04-02 17:49:17,658 - Epoch  25 Test set [precision@1: 0.3500 precision@2: 0.2600 precision@3: 0.2200 ] Test set [recall@1: 0.3500 recall@2: 0.5200 recall@3: 0.6500 ] Test set [f1score@1: 0.3500 f1score@2: 0.3500 f1score@3: 0.3200 ] Test set [accuracy@1: 0.3500 accuracy@2: 0.5200 accuracy@3: 0.6500 ] 
2024-04-02 17:49:18,902 - [Epoch  26 / 1000] rec_loss: 24.6478 cl_loss: 0.0000 
2024-04-02 17:49:19,089 - Epoch  26 Test set [precision@1: 0.3700 precision@2: 0.2500 precision@3: 0.2200 ] Test set [recall@1: 0.3700 recall@2: 0.5000 recall@3: 0.6700 ] Test set [f1score@1: 0.3700 f1score@2: 0.3300 f1score@3: 0.3400 ] Test set [accuracy@1: 0.3700 accuracy@2: 0.5000 accuracy@3: 0.6700 ] 
2024-04-02 17:49:20,469 - [Epoch  27 / 1000] rec_loss: 22.0229 cl_loss: 0.0000 
2024-04-02 17:49:20,675 - Epoch  27 Test set [precision@1: 0.3800 precision@2: 0.2800 precision@3: 0.2300 ] Test set [recall@1: 0.3800 recall@2: 0.5500 recall@3: 0.6800 ] Test set [f1score@1: 0.3800 f1score@2: 0.3700 f1score@3: 0.3400 ] Test set [accuracy@1: 0.3800 accuracy@2: 0.5500 accuracy@3: 0.6800 ] 
