2024-04-01 20:49:52,848 - {'optimizer': {'name': 'adam', 'lr': 0.001, 'final_lr': 1e-06, 'weight_decay': 0}, 'train': {'model_test_run': True, 'weighted_loss_fn': True, 'epoch': 1000, 'batch_size': 64, 'save_model': True, 'log_loss': True, 'test_step': 1, 'reproducible': True, 'seed': 2023, 'tensorboard': True, 'conf_mat': True, 'ssl': False, 'gradient_accumulation': False, 'accumulation_steps': 4, 'early_stop': False, 'parameter_class_weights_path': './datasets/sequential/fix/parameters/param.pkl', 'parameter_label_mapping_path': './datasets/sequential/fix/parameters/label_mapping.pkl'}, 'test': {'metrics': ['precision', 'recall', 'f1score', 'accuracy'], 'k': [1, 2, 3], 'batch_size': 64, 'train_eval': False, 'save_path': '2024-04-01_20-49'}, 'data': {'type': 'sequential', 'name': 'fix', 'seq_aug': False, 'dynamic_context_window_length': 100, 'user_num': 100, 'item_num': 23, 'max_context_length': 100, 'dynamic_context_feat_num': 14, 'static_context_feat_num': 6, 'static_context_max': [12, 6, 23, 1, 1, 1]}, 'model': {'name': 'cl4srec', 'context_encoder': 'tempcnn', 'interaction_encoder': 'sasrec', 'dropout_rate': 0.1, 'n_layers': 2, 'embedding_size': 16, 'n_heads': 2, 'max_seq_len': 10, 'lmd': 0.1, 'tau': 1, 'encoder_combine': 'concat'}, 'lstm': {'hidden_size': 64, 'num_layers': 2}, 'tune': {'enable': False, 'hyperparameters': ['dropout_rate', 'lmd', 'tau'], 'dropout_rate': [0.1, 0.2, 0.3], 'lmd': [0.05, 0.1, 0.2], 'tau': [0.5, 0.7, 0.9]}, 'device': 'cpu'}
2024-04-01 20:49:53,482 - weight tensor should be defined either for all 24 classes or no classes but got weight tensor of shape: [23]
Traceback (most recent call last):
  File "/Volumes/Workspace/In-Car CARSI/carsii/trainer/utils.py", line 15, in wrapper
    return func(*args, **kwargs)
  File "/Volumes/Workspace/In-Car CARSI/carsii/trainer/trainer.py", line 164, in train
    self.train_epoch(model, epoch_idx)
  File "/Volumes/Workspace/In-Car CARSI/carsii/trainer/trainer.py", line 101, in train_epoch
    loss, loss_dict = model.cal_loss(batch_data)
  File "/Volumes/Workspace/In-Car CARSI/carsii/models/sequential/cl4srec.py", line 186, in cal_loss
    loss = self.loss_func(logits, batch_last_items)
  File "/Users/sreeragvn/miniconda3/envs/carsii/lib/python3.8/site-packages/torch/nn/modules/module.py", line 1518, in _wrapped_call_impl
    return self._call_impl(*args, **kwargs)
  File "/Users/sreeragvn/miniconda3/envs/carsii/lib/python3.8/site-packages/torch/nn/modules/module.py", line 1527, in _call_impl
    return forward_call(*args, **kwargs)
  File "/Users/sreeragvn/miniconda3/envs/carsii/lib/python3.8/site-packages/torch/nn/modules/loss.py", line 1179, in forward
    return F.cross_entropy(input, target, weight=self.weight,
  File "/Users/sreeragvn/miniconda3/envs/carsii/lib/python3.8/site-packages/torch/nn/functional.py", line 3053, in cross_entropy
    return torch._C._nn.cross_entropy_loss(input, target, weight, _Reduction.get_enum(reduction), ignore_index, label_smoothing)
RuntimeError: weight tensor should be defined either for all 24 classes or no classes but got weight tensor of shape: [23]
