2024-04-03 13:30:42,401 - {'optimizer': {'name': 'adam', 'lr': 0.001, 'final_lr': 1e-06, 'weight_decay': 0}, 'train': {'model_test_run': True, 'test_run_sample_no': 100, 'weighted_loss_fn': True, 'epoch': 1000, 'batch_size': 64, 'save_model': True, 'log_loss': True, 'test_step': 1, 'reproducible': True, 'seed': 12, 'tensorboard': True, 'conf_mat': True, 'ssl': False, 'gradient_accumulation': False, 'accumulation_steps': 4, 'early_stop': False, 'parameter_class_weights_path': './datasets/sequential/fix/parameters/param.pkl', 'parameter_label_mapping_path': './datasets/sequential/fix/parameters/label_mapping.pkl'}, 'test': {'metrics': ['precision', 'recall', 'f1score', 'accuracy'], 'k': [1, 2, 3], 'batch_size': 64, 'train_eval': False, 'save_path': '2024-04-03_13-30'}, 'data': {'type': 'sequential', 'name': 'fix', 'seq_aug': False, 'dynamic_context_window_length': 100, 'user_num': 100, 'item_num': 23, 'dynamic_context_feat_num': 14, 'static_context_feat_num': 6, 'static_context_max': [12, 6, 23, 1, 1, 1]}, 'model': {'name': 'cl4srec', 'context_encoder': 'tempcnn', 'tcn_num_channels': [80, 50, 25], 'tcn_kernel_size': 3, 'interaction_encoder': 'sasrec', 'dropout_rate_trans': 0.3, 'dropout_rate_tcn': 0.25, 'dropout_rate_fc_tcn': 0.4, 'dropout_rate_fc_trans': 0.5, 'dropout_rate_fc_concat': 0.3, 'dropout_rate_fc_static': 0.1, 'n_layers': 2, 'embedding_size': 786, 'n_heads': 2, 'max_seq_len': 10, 'lmd': 0.1, 'tau': 1, 'encoder_combine': 'concat'}, 'lstm': {'hidden_size': 64, 'num_layers': 2}, 'tune': {'enable': False, 'hyperparameters': ['dropout_rate', 'lmd', 'tau'], 'dropout_rate': [0.1, 0.2, 0.3], 'lmd': [0.05, 0.1, 0.2], 'tau': [0.5, 0.7, 0.9]}, 'device': 'cpu'}
2024-04-03 13:30:44,485 - [Epoch   0 / 1000] rec_loss: 36.5923 cl_loss: 0.0000 
2024-04-03 13:30:44,687 - Epoch   0 Test set [precision@1: 0.2700 precision@2: 0.1400 precision@3: 0.1400 ] Test set [recall@1: 0.2700 recall@2: 0.2900 recall@3: 0.4200 ] Test set [f1score@1: 0.2700 f1score@2: 0.1900 f1score@3: 0.2100 ] Test set [accuracy@1: 0.2700 accuracy@2: 0.2900 accuracy@3: 0.4200 ] 
2024-04-03 13:30:45,803 - [Epoch   1 / 1000] rec_loss: 38.9183 cl_loss: 0.0000 
2024-04-03 13:30:45,974 - Epoch   1 Test set [precision@1: 0.0600 precision@2: 0.0800 precision@3: 0.1100 ] Test set [recall@1: 0.0600 recall@2: 0.1600 recall@3: 0.3300 ] Test set [f1score@1: 0.0600 f1score@2: 0.1100 f1score@3: 0.1700 ] Test set [accuracy@1: 0.0600 accuracy@2: 0.1600 accuracy@3: 0.3300 ] 
2024-04-03 13:30:47,087 - [Epoch   2 / 1000] rec_loss: 48.3675 cl_loss: 0.0000 
2024-04-03 13:30:47,253 - Epoch   2 Test set [precision@1: 0.1200 precision@2: 0.0900 precision@3: 0.0800 ] Test set [recall@1: 0.1200 recall@2: 0.1900 recall@3: 0.2300 ] Test set [f1score@1: 0.1200 f1score@2: 0.1300 f1score@3: 0.1200 ] Test set [accuracy@1: 0.1200 accuracy@2: 0.1900 accuracy@3: 0.2300 ] 
2024-04-03 13:30:48,379 - [Epoch   3 / 1000] rec_loss: 72.6363 cl_loss: 0.0000 
2024-04-03 13:30:48,544 - Epoch   3 Test set [precision@1: 0.1400 precision@2: 0.1200 precision@3: 0.0900 ] Test set [recall@1: 0.1400 recall@2: 0.2400 recall@3: 0.2800 ] Test set [f1score@1: 0.1400 f1score@2: 0.1600 f1score@3: 0.1400 ] Test set [accuracy@1: 0.1400 accuracy@2: 0.2400 accuracy@3: 0.2800 ] 
2024-04-03 13:30:49,715 - [Epoch   4 / 1000] rec_loss: 64.0653 cl_loss: 0.0000 
2024-04-03 13:30:49,879 - Epoch   4 Test set [precision@1: 0.1900 precision@2: 0.1400 precision@3: 0.1000 ] Test set [recall@1: 0.1900 recall@2: 0.2700 recall@3: 0.2900 ] Test set [f1score@1: 0.1900 f1score@2: 0.1800 f1score@3: 0.1400 ] Test set [accuracy@1: 0.1900 accuracy@2: 0.2700 accuracy@3: 0.2900 ] 
2024-04-03 13:30:50,988 - [Epoch   5 / 1000] rec_loss: 81.7291 cl_loss: 0.0000 
2024-04-03 13:30:51,174 - Epoch   5 Test set [precision@1: 0.1100 precision@2: 0.0900 precision@3: 0.0800 ] Test set [recall@1: 0.1100 recall@2: 0.1800 recall@3: 0.2300 ] Test set [f1score@1: 0.1100 f1score@2: 0.1200 f1score@3: 0.1200 ] Test set [accuracy@1: 0.1100 accuracy@2: 0.1800 accuracy@3: 0.2300 ] 
2024-04-03 13:30:52,346 - [Epoch   6 / 1000] rec_loss: 52.0832 cl_loss: 0.0000 
2024-04-03 13:30:52,555 - Epoch   6 Test set [precision@1: 0.1200 precision@2: 0.0800 precision@3: 0.0700 ] Test set [recall@1: 0.1200 recall@2: 0.1600 recall@3: 0.2100 ] Test set [f1score@1: 0.1200 f1score@2: 0.1100 f1score@3: 0.1000 ] Test set [accuracy@1: 0.1200 accuracy@2: 0.1600 accuracy@3: 0.2100 ] 
2024-04-03 13:30:53,713 - [Epoch   7 / 1000] rec_loss: 30.8036 cl_loss: 0.0000 
2024-04-03 13:30:54,050 - Epoch   7 Test set [precision@1: 0.1200 precision@2: 0.0900 precision@3: 0.0900 ] Test set [recall@1: 0.1200 recall@2: 0.1700 recall@3: 0.2600 ] Test set [f1score@1: 0.1200 f1score@2: 0.1100 f1score@3: 0.1300 ] Test set [accuracy@1: 0.1200 accuracy@2: 0.1700 accuracy@3: 0.2600 ] 
2024-04-03 13:30:55,348 - [Epoch   8 / 1000] rec_loss: 33.7176 cl_loss: 0.0000 
2024-04-03 13:30:55,574 - Epoch   8 Test set [precision@1: 0.1200 precision@2: 0.0800 precision@3: 0.0700 ] Test set [recall@1: 0.1200 recall@2: 0.1500 recall@3: 0.2000 ] Test set [f1score@1: 0.1200 f1score@2: 0.1000 f1score@3: 0.1000 ] Test set [accuracy@1: 0.1200 accuracy@2: 0.1500 accuracy@3: 0.2000 ] 
2024-04-03 13:30:56,938 - [Epoch   9 / 1000] rec_loss: 28.8991 cl_loss: 0.0000 
2024-04-03 13:30:57,177 - Epoch   9 Test set [precision@1: 0.1200 precision@2: 0.0900 precision@3: 0.0600 ] Test set [recall@1: 0.1200 recall@2: 0.1700 recall@3: 0.1800 ] Test set [f1score@1: 0.1200 f1score@2: 0.1100 f1score@3: 0.0900 ] Test set [accuracy@1: 0.1200 accuracy@2: 0.1700 accuracy@3: 0.1800 ] 
2024-04-03 13:30:58,413 - [Epoch  10 / 1000] rec_loss: 39.8192 cl_loss: 0.0000 
2024-04-03 13:30:58,619 - Epoch  10 Test set [precision@1: 0.0300 precision@2: 0.0900 precision@3: 0.0600 ] Test set [recall@1: 0.0300 recall@2: 0.1700 recall@3: 0.1800 ] Test set [f1score@1: 0.0300 f1score@2: 0.1100 f1score@3: 0.0900 ] Test set [accuracy@1: 0.0300 accuracy@2: 0.1700 accuracy@3: 0.1800 ] 
2024-04-03 13:31:00,050 - [Epoch  11 / 1000] rec_loss: 28.9883 cl_loss: 0.0000 
2024-04-03 13:31:00,296 - Epoch  11 Test set [precision@1: 0.0700 precision@2: 0.0500 precision@3: 0.0400 ] Test set [recall@1: 0.0700 recall@2: 0.1100 recall@3: 0.1300 ] Test set [f1score@1: 0.0700 f1score@2: 0.0700 f1score@3: 0.0600 ] Test set [accuracy@1: 0.0700 accuracy@2: 0.1100 accuracy@3: 0.1300 ] 
2024-04-03 13:31:01,684 - [Epoch  12 / 1000] rec_loss: 27.7683 cl_loss: 0.0000 
2024-04-03 13:31:01,905 - Epoch  12 Test set [precision@1: 0.0700 precision@2: 0.0500 precision@3: 0.0500 ] Test set [recall@1: 0.0700 recall@2: 0.1000 recall@3: 0.1400 ] Test set [f1score@1: 0.0700 f1score@2: 0.0700 f1score@3: 0.0700 ] Test set [accuracy@1: 0.0700 accuracy@2: 0.1000 accuracy@3: 0.1400 ] 
2024-04-03 13:31:03,270 - [Epoch  13 / 1000] rec_loss: 23.0117 cl_loss: 0.0000 
2024-04-03 13:31:03,562 - Epoch  13 Test set [precision@1: 0.0700 precision@2: 0.0500 precision@3: 0.0400 ] Test set [recall@1: 0.0700 recall@2: 0.1000 recall@3: 0.1300 ] Test set [f1score@1: 0.0700 f1score@2: 0.0700 f1score@3: 0.0600 ] Test set [accuracy@1: 0.0700 accuracy@2: 0.1000 accuracy@3: 0.1300 ] 
2024-04-03 13:31:04,891 - [Epoch  14 / 1000] rec_loss: 27.3915 cl_loss: 0.0000 
2024-04-03 13:31:05,077 - Epoch  14 Test set [precision@1: 0.0700 precision@2: 0.0500 precision@3: 0.0400 ] Test set [recall@1: 0.0700 recall@2: 0.1000 recall@3: 0.1300 ] Test set [f1score@1: 0.0700 f1score@2: 0.0700 f1score@3: 0.0600 ] Test set [accuracy@1: 0.0700 accuracy@2: 0.1000 accuracy@3: 0.1300 ] 
2024-04-03 13:31:06,301 - [Epoch  15 / 1000] rec_loss: 25.6061 cl_loss: 0.0000 
2024-04-03 13:31:06,512 - Epoch  15 Test set [precision@1: 0.0100 precision@2: 0.0500 precision@3: 0.0400 ] Test set [recall@1: 0.0100 recall@2: 0.0900 recall@3: 0.1200 ] Test set [f1score@1: 0.0100 f1score@2: 0.0600 f1score@3: 0.0600 ] Test set [accuracy@1: 0.0100 accuracy@2: 0.0900 accuracy@3: 0.1200 ] 
2024-04-03 13:31:07,768 - [Epoch  16 / 1000] rec_loss: 22.5274 cl_loss: 0.0000 
2024-04-03 13:31:07,956 - Epoch  16 Test set [precision@1: 0.0100 precision@2: 0.0500 precision@3: 0.0400 ] Test set [recall@1: 0.0100 recall@2: 0.0900 recall@3: 0.1200 ] Test set [f1score@1: 0.0100 f1score@2: 0.0600 f1score@3: 0.0600 ] Test set [accuracy@1: 0.0100 accuracy@2: 0.0900 accuracy@3: 0.1200 ] 
2024-04-03 13:31:09,226 - [Epoch  17 / 1000] rec_loss: 22.2430 cl_loss: 0.0000 
2024-04-03 13:31:09,462 - Epoch  17 Test set [precision@1: 0.0300 precision@2: 0.0500 precision@3: 0.0400 ] Test set [recall@1: 0.0300 recall@2: 0.0900 recall@3: 0.1200 ] Test set [f1score@1: 0.0300 f1score@2: 0.0600 f1score@3: 0.0600 ] Test set [accuracy@1: 0.0300 accuracy@2: 0.0900 accuracy@3: 0.1200 ] 
2024-04-03 13:31:10,768 - [Epoch  18 / 1000] rec_loss: 26.9397 cl_loss: 0.0000 
2024-04-03 13:31:10,970 - Epoch  18 Test set [precision@1: 0.0300 precision@2: 0.0500 precision@3: 0.0400 ] Test set [recall@1: 0.0300 recall@2: 0.0900 recall@3: 0.1200 ] Test set [f1score@1: 0.0300 f1score@2: 0.0600 f1score@3: 0.0600 ] Test set [accuracy@1: 0.0300 accuracy@2: 0.0900 accuracy@3: 0.1200 ] 
2024-04-03 13:31:12,147 - [Epoch  19 / 1000] rec_loss: 39.1818 cl_loss: 0.0000 
2024-04-03 13:31:12,353 - Epoch  19 Test set [precision@1: 0.0200 precision@2: 0.0500 precision@3: 0.0400 ] Test set [recall@1: 0.0200 recall@2: 0.0900 recall@3: 0.1200 ] Test set [f1score@1: 0.0200 f1score@2: 0.0600 f1score@3: 0.0600 ] Test set [accuracy@1: 0.0200 accuracy@2: 0.0900 accuracy@3: 0.1200 ] 
2024-04-03 13:31:13,478 - [Epoch  20 / 1000] rec_loss: 40.8638 cl_loss: 0.0000 
2024-04-03 13:31:13,677 - Epoch  20 Test set [precision@1: 0.0100 precision@2: 0.0500 precision@3: 0.0400 ] Test set [recall@1: 0.0100 recall@2: 0.0900 recall@3: 0.1200 ] Test set [f1score@1: 0.0100 f1score@2: 0.0600 f1score@3: 0.0600 ] Test set [accuracy@1: 0.0100 accuracy@2: 0.0900 accuracy@3: 0.1200 ] 
2024-04-03 13:31:15,016 - [Epoch  21 / 1000] rec_loss: 34.5538 cl_loss: 0.0000 
2024-04-03 13:31:15,272 - Epoch  21 Test set [precision@1: 0.0100 precision@2: 0.0500 precision@3: 0.0400 ] Test set [recall@1: 0.0100 recall@2: 0.0900 recall@3: 0.1200 ] Test set [f1score@1: 0.0100 f1score@2: 0.0600 f1score@3: 0.0600 ] Test set [accuracy@1: 0.0100 accuracy@2: 0.0900 accuracy@3: 0.1200 ] 
2024-04-03 13:31:16,558 - [Epoch  22 / 1000] rec_loss: 29.4064 cl_loss: 0.0000 
2024-04-03 13:31:16,784 - Epoch  22 Test set [precision@1: 0.0100 precision@2: 0.0500 precision@3: 0.0400 ] Test set [recall@1: 0.0100 recall@2: 0.0900 recall@3: 0.1200 ] Test set [f1score@1: 0.0100 f1score@2: 0.0600 f1score@3: 0.0600 ] Test set [accuracy@1: 0.0100 accuracy@2: 0.0900 accuracy@3: 0.1200 ] 
2024-04-03 13:31:18,139 - [Epoch  23 / 1000] rec_loss: 27.1575 cl_loss: 0.0000 
2024-04-03 13:31:18,407 - Epoch  23 Test set [precision@1: 0.0100 precision@2: 0.0400 precision@3: 0.0400 ] Test set [recall@1: 0.0100 recall@2: 0.0700 recall@3: 0.1100 ] Test set [f1score@1: 0.0100 f1score@2: 0.0500 f1score@3: 0.0500 ] Test set [accuracy@1: 0.0100 accuracy@2: 0.0700 accuracy@3: 0.1100 ] 
2024-04-03 13:31:20,116 - [Epoch  24 / 1000] rec_loss: 34.9772 cl_loss: 0.0000 
2024-04-03 13:31:20,499 - Epoch  24 Test set [precision@1: 0.0200 precision@2: 0.0100 precision@3: 0.0300 ] Test set [recall@1: 0.0200 recall@2: 0.0300 recall@3: 0.0800 ] Test set [f1score@1: 0.0200 f1score@2: 0.0200 f1score@3: 0.0400 ] Test set [accuracy@1: 0.0200 accuracy@2: 0.0300 accuracy@3: 0.0800 ] 
2024-04-03 13:31:21,916 - [Epoch  25 / 1000] rec_loss: 20.0276 cl_loss: 0.0000 
2024-04-03 13:31:22,133 - Epoch  25 Test set [precision@1: 0.0300 precision@2: 0.0300 precision@3: 0.0400 ] Test set [recall@1: 0.0300 recall@2: 0.0600 recall@3: 0.1100 ] Test set [f1score@1: 0.0300 f1score@2: 0.0400 f1score@3: 0.0500 ] Test set [accuracy@1: 0.0300 accuracy@2: 0.0600 accuracy@3: 0.1100 ] 
2024-04-03 13:31:23,481 - [Epoch  26 / 1000] rec_loss: 22.6923 cl_loss: 0.0000 
2024-04-03 13:31:23,706 - Epoch  26 Test set [precision@1: 0.0300 precision@2: 0.0300 precision@3: 0.0300 ] Test set [recall@1: 0.0300 recall@2: 0.0500 recall@3: 0.0900 ] Test set [f1score@1: 0.0300 f1score@2: 0.0300 f1score@3: 0.0500 ] Test set [accuracy@1: 0.0300 accuracy@2: 0.0500 accuracy@3: 0.0900 ] 
2024-04-03 13:31:25,070 - [Epoch  27 / 1000] rec_loss: 15.8204 cl_loss: 0.0000 
2024-04-03 13:31:25,295 - Epoch  27 Test set [precision@1: 0.0200 precision@2: 0.0200 precision@3: 0.0200 ] Test set [recall@1: 0.0200 recall@2: 0.0400 recall@3: 0.0600 ] Test set [f1score@1: 0.0200 f1score@2: 0.0300 f1score@3: 0.0300 ] Test set [accuracy@1: 0.0200 accuracy@2: 0.0400 accuracy@3: 0.0600 ] 
2024-04-03 13:31:26,616 - [Epoch  28 / 1000] rec_loss: 12.5428 cl_loss: 0.0000 
2024-04-03 13:31:26,874 - Epoch  28 Test set [precision@1: 0.0200 precision@2: 0.0300 precision@3: 0.0300 ] Test set [recall@1: 0.0200 recall@2: 0.0500 recall@3: 0.0800 ] Test set [f1score@1: 0.0200 f1score@2: 0.0300 f1score@3: 0.0400 ] Test set [accuracy@1: 0.0200 accuracy@2: 0.0500 accuracy@3: 0.0800 ] 
