2024-04-02 16:50:39,665 - {'optimizer': {'name': 'adam', 'lr': 0.001, 'final_lr': 1e-06, 'weight_decay': 0}, 'train': {'model_test_run': True, 'test_run_sample_no': 100, 'weighted_loss_fn': True, 'epoch': 1000, 'batch_size': 64, 'save_model': True, 'log_loss': True, 'test_step': 1, 'reproducible': True, 'seed': 12, 'tensorboard': True, 'conf_mat': True, 'ssl': False, 'gradient_accumulation': False, 'accumulation_steps': 4, 'early_stop': False, 'parameter_class_weights_path': './datasets/sequential/fix/parameters/param.pkl', 'parameter_label_mapping_path': './datasets/sequential/fix/parameters/label_mapping.pkl'}, 'test': {'metrics': ['precision', 'recall', 'f1score', 'accuracy'], 'k': [1, 2, 3], 'batch_size': 64, 'train_eval': False, 'save_path': '2024-04-02_16-50'}, 'data': {'type': 'sequential', 'name': 'fix', 'seq_aug': False, 'dynamic_context_window_length': 100, 'user_num': 100, 'item_num': 23, 'dynamic_context_feat_num': 14, 'static_context_feat_num': 6, 'static_context_max': [12, 6, 23, 1, 1, 1]}, 'model': {'name': 'cl4srec', 'context_encoder': 'tempcnn', 'tcn_num_channels': [80, 50, 25], 'tcn_kernel_size': 3, 'interaction_encoder': 'sasrec', 'dropout_rate_trans': 0.3, 'dropout_rate_tcn': 0.25, 'dropout_rate_fc_tcn': 0.4, 'dropout_rate_fc_trans': 0.5, 'dropout_rate_fc_concat': 0.3, 'dropout_rate_fc_static': 0.1, 'n_layers': 2, 'embedding_size': 786, 'n_heads': 2, 'max_seq_len': 10, 'lmd': 0.1, 'tau': 1, 'encoder_combine': 'concat'}, 'lstm': {'hidden_size': 64, 'num_layers': 2}, 'tune': {'enable': False, 'hyperparameters': ['dropout_rate', 'lmd', 'tau'], 'dropout_rate': [0.1, 0.2, 0.3], 'lmd': [0.05, 0.1, 0.2], 'tau': [0.5, 0.7, 0.9]}, 'device': 'cpu'}
2024-04-02 16:50:41,507 - [Epoch   0 / 1000] rec_loss: 35.8868 cl_loss: 0.0000 
2024-04-02 16:50:41,694 - Epoch   0 Test set [precision@1: 0.0900 precision@2: 0.1700 precision@3: 0.1800 ] Test set [recall@1: 0.0900 recall@2: 0.3500 recall@3: 0.5300 ] Test set [f1score@1: 0.0900 f1score@2: 0.2300 f1score@3: 0.2600 ] Test set [accuracy@1: 0.0900 accuracy@2: 0.3500 accuracy@3: 0.5300 ] 
2024-04-02 16:50:42,925 - [Epoch   1 / 1000] rec_loss: 32.0568 cl_loss: 0.0000 
2024-04-02 16:50:43,078 - Epoch   1 Test set [precision@1: 0.2000 precision@2: 0.1600 precision@3: 0.1200 ] Test set [recall@1: 0.2000 recall@2: 0.3100 recall@3: 0.3600 ] Test set [f1score@1: 0.2000 f1score@2: 0.2100 f1score@3: 0.1800 ] Test set [accuracy@1: 0.2000 accuracy@2: 0.3100 accuracy@3: 0.3600 ] 
2024-04-02 16:50:44,346 - [Epoch   2 / 1000] rec_loss: 37.2402 cl_loss: 0.0000 
2024-04-02 16:50:44,500 - Epoch   2 Test set [precision@1: 0.3000 precision@2: 0.1700 precision@3: 0.1500 ] Test set [recall@1: 0.3000 recall@2: 0.3400 recall@3: 0.4500 ] Test set [f1score@1: 0.3000 f1score@2: 0.2300 f1score@3: 0.2200 ] Test set [accuracy@1: 0.3000 accuracy@2: 0.3400 accuracy@3: 0.4500 ] 
2024-04-02 16:50:45,581 - [Epoch   3 / 1000] rec_loss: 36.9398 cl_loss: 0.0000 
2024-04-02 16:50:45,739 - Epoch   3 Test set [precision@1: 0.3000 precision@2: 0.2200 precision@3: 0.1800 ] Test set [recall@1: 0.3000 recall@2: 0.4400 recall@3: 0.5300 ] Test set [f1score@1: 0.3000 f1score@2: 0.2900 f1score@3: 0.2600 ] Test set [accuracy@1: 0.3000 accuracy@2: 0.4400 accuracy@3: 0.5300 ] 
2024-04-02 16:50:46,805 - [Epoch   4 / 1000] rec_loss: 33.3817 cl_loss: 0.0000 
2024-04-02 16:50:47,004 - Epoch   4 Test set [precision@1: 0.2800 precision@2: 0.2100 precision@3: 0.1900 ] Test set [recall@1: 0.2800 recall@2: 0.4200 recall@3: 0.5600 ] Test set [f1score@1: 0.2800 f1score@2: 0.2800 f1score@3: 0.2800 ] Test set [accuracy@1: 0.2800 accuracy@2: 0.4200 accuracy@3: 0.5600 ] 
2024-04-02 16:50:48,057 - [Epoch   5 / 1000] rec_loss: 27.5486 cl_loss: 0.0000 
2024-04-02 16:50:48,230 - Epoch   5 Test set [precision@1: 0.3700 precision@2: 0.2500 precision@3: 0.1800 ] Test set [recall@1: 0.3700 recall@2: 0.5100 recall@3: 0.5400 ] Test set [f1score@1: 0.3700 f1score@2: 0.3400 f1score@3: 0.2700 ] Test set [accuracy@1: 0.3700 accuracy@2: 0.5100 accuracy@3: 0.5400 ] 
2024-04-02 16:50:49,377 - [Epoch   6 / 1000] rec_loss: 31.8736 cl_loss: 0.0000 
2024-04-02 16:50:49,541 - Epoch   6 Test set [precision@1: 0.3500 precision@2: 0.2600 precision@3: 0.2000 ] Test set [recall@1: 0.3500 recall@2: 0.5200 recall@3: 0.6000 ] Test set [f1score@1: 0.3500 f1score@2: 0.3500 f1score@3: 0.3000 ] Test set [accuracy@1: 0.3500 accuracy@2: 0.5200 accuracy@3: 0.6000 ] 
2024-04-02 16:50:50,665 - [Epoch   7 / 1000] rec_loss: 33.7547 cl_loss: 0.0000 
2024-04-02 16:50:50,855 - Epoch   7 Test set [precision@1: 0.4300 precision@2: 0.2800 precision@3: 0.2000 ] Test set [recall@1: 0.4300 recall@2: 0.5600 recall@3: 0.6000 ] Test set [f1score@1: 0.4300 f1score@2: 0.3700 f1score@3: 0.3000 ] Test set [accuracy@1: 0.4300 accuracy@2: 0.5600 accuracy@3: 0.6000 ] 
2024-04-02 16:50:51,972 - [Epoch   8 / 1000] rec_loss: 30.5223 cl_loss: 0.0000 
2024-04-02 16:50:52,127 - Epoch   8 Test set [precision@1: 0.4100 precision@2: 0.2600 precision@3: 0.2000 ] Test set [recall@1: 0.4100 recall@2: 0.5300 recall@3: 0.5900 ] Test set [f1score@1: 0.4100 f1score@2: 0.3500 f1score@3: 0.2900 ] Test set [accuracy@1: 0.4100 accuracy@2: 0.5300 accuracy@3: 0.5900 ] 
2024-04-02 16:50:53,267 - [Epoch   9 / 1000] rec_loss: 30.8418 cl_loss: 0.0000 
2024-04-02 16:50:53,432 - Epoch   9 Test set [precision@1: 0.4200 precision@2: 0.2500 precision@3: 0.1900 ] Test set [recall@1: 0.4200 recall@2: 0.5100 recall@3: 0.5800 ] Test set [f1score@1: 0.4200 f1score@2: 0.3400 f1score@3: 0.2900 ] Test set [accuracy@1: 0.4200 accuracy@2: 0.5100 accuracy@3: 0.5800 ] 
2024-04-02 16:50:54,552 - [Epoch  10 / 1000] rec_loss: 30.1674 cl_loss: 0.0000 
2024-04-02 16:50:54,723 - Epoch  10 Test set [precision@1: 0.3200 precision@2: 0.2500 precision@3: 0.2000 ] Test set [recall@1: 0.3200 recall@2: 0.5000 recall@3: 0.6000 ] Test set [f1score@1: 0.3200 f1score@2: 0.3300 f1score@3: 0.3000 ] Test set [accuracy@1: 0.3200 accuracy@2: 0.5000 accuracy@3: 0.6000 ] 
2024-04-02 16:50:55,850 - [Epoch  11 / 1000] rec_loss: 29.8177 cl_loss: 0.0000 
2024-04-02 16:50:56,021 - Epoch  11 Test set [precision@1: 0.3100 precision@2: 0.2500 precision@3: 0.2100 ] Test set [recall@1: 0.3100 recall@2: 0.4900 recall@3: 0.6200 ] Test set [f1score@1: 0.3100 f1score@2: 0.3300 f1score@3: 0.3100 ] Test set [accuracy@1: 0.3100 accuracy@2: 0.4900 accuracy@3: 0.6200 ] 
2024-04-02 16:50:57,163 - [Epoch  12 / 1000] rec_loss: 30.3265 cl_loss: 0.0000 
2024-04-02 16:50:57,344 - Epoch  12 Test set [precision@1: 0.2800 precision@2: 0.2200 precision@3: 0.2000 ] Test set [recall@1: 0.2800 recall@2: 0.4500 recall@3: 0.5900 ] Test set [f1score@1: 0.2800 f1score@2: 0.3000 f1score@3: 0.2900 ] Test set [accuracy@1: 0.2800 accuracy@2: 0.4500 accuracy@3: 0.5900 ] 
2024-04-02 16:50:58,468 - [Epoch  13 / 1000] rec_loss: 27.3982 cl_loss: 0.0000 
2024-04-02 16:50:58,627 - Epoch  13 Test set [precision@1: 0.3000 precision@2: 0.2000 precision@3: 0.1800 ] Test set [recall@1: 0.3000 recall@2: 0.4000 recall@3: 0.5300 ] Test set [f1score@1: 0.3000 f1score@2: 0.2700 f1score@3: 0.2600 ] Test set [accuracy@1: 0.3000 accuracy@2: 0.4000 accuracy@3: 0.5300 ] 
2024-04-02 16:51:00,032 - [Epoch  14 / 1000] rec_loss: 30.6055 cl_loss: 0.0000 
2024-04-02 16:51:00,243 - Epoch  14 Test set [precision@1: 0.2900 precision@2: 0.2000 precision@3: 0.1700 ] Test set [recall@1: 0.2900 recall@2: 0.4000 recall@3: 0.5200 ] Test set [f1score@1: 0.2900 f1score@2: 0.2700 f1score@3: 0.2600 ] Test set [accuracy@1: 0.2900 accuracy@2: 0.4000 accuracy@3: 0.5200 ] 
2024-04-02 16:51:01,536 - [Epoch  15 / 1000] rec_loss: 28.4425 cl_loss: 0.0000 
2024-04-02 16:51:01,804 - Epoch  15 Test set [precision@1: 0.2800 precision@2: 0.2100 precision@3: 0.1600 ] Test set [recall@1: 0.2800 recall@2: 0.4200 recall@3: 0.4900 ] Test set [f1score@1: 0.2800 f1score@2: 0.2800 f1score@3: 0.2500 ] Test set [accuracy@1: 0.2800 accuracy@2: 0.4200 accuracy@3: 0.4900 ] 
2024-04-02 16:51:03,146 - [Epoch  16 / 1000] rec_loss: 26.3082 cl_loss: 0.0000 
2024-04-02 16:51:03,312 - Epoch  16 Test set [precision@1: 0.2800 precision@2: 0.2100 precision@3: 0.1700 ] Test set [recall@1: 0.2800 recall@2: 0.4200 recall@3: 0.5000 ] Test set [f1score@1: 0.2800 f1score@2: 0.2800 f1score@3: 0.2500 ] Test set [accuracy@1: 0.2800 accuracy@2: 0.4200 accuracy@3: 0.5000 ] 
2024-04-02 16:51:04,545 - [Epoch  17 / 1000] rec_loss: 30.7093 cl_loss: 0.0000 
2024-04-02 16:51:04,723 - Epoch  17 Test set [precision@1: 0.2500 precision@2: 0.2200 precision@3: 0.1800 ] Test set [recall@1: 0.2500 recall@2: 0.4500 recall@3: 0.5400 ] Test set [f1score@1: 0.2500 f1score@2: 0.3000 f1score@3: 0.2700 ] Test set [accuracy@1: 0.2500 accuracy@2: 0.4500 accuracy@3: 0.5400 ] 
2024-04-02 16:51:05,894 - [Epoch  18 / 1000] rec_loss: 25.1826 cl_loss: 0.0000 
2024-04-02 16:51:06,090 - Epoch  18 Test set [precision@1: 0.2400 precision@2: 0.2200 precision@3: 0.1800 ] Test set [recall@1: 0.2400 recall@2: 0.4500 recall@3: 0.5300 ] Test set [f1score@1: 0.2400 f1score@2: 0.3000 f1score@3: 0.2600 ] Test set [accuracy@1: 0.2400 accuracy@2: 0.4500 accuracy@3: 0.5300 ] 
2024-04-02 16:51:07,422 - [Epoch  19 / 1000] rec_loss: 27.4824 cl_loss: 0.0000 
2024-04-02 16:51:07,620 - Epoch  19 Test set [precision@1: 0.2300 precision@2: 0.2200 precision@3: 0.1800 ] Test set [recall@1: 0.2300 recall@2: 0.4400 recall@3: 0.5300 ] Test set [f1score@1: 0.2300 f1score@2: 0.2900 f1score@3: 0.2600 ] Test set [accuracy@1: 0.2300 accuracy@2: 0.4400 accuracy@3: 0.5300 ] 
2024-04-02 16:51:08,798 - [Epoch  20 / 1000] rec_loss: 26.3181 cl_loss: 0.0000 
2024-04-02 16:51:08,975 - Epoch  20 Test set [precision@1: 0.2500 precision@2: 0.2200 precision@3: 0.1800 ] Test set [recall@1: 0.2500 recall@2: 0.4500 recall@3: 0.5500 ] Test set [f1score@1: 0.2500 f1score@2: 0.3000 f1score@3: 0.2800 ] Test set [accuracy@1: 0.2500 accuracy@2: 0.4500 accuracy@3: 0.5500 ] 
2024-04-02 16:51:10,152 - [Epoch  21 / 1000] rec_loss: 27.4196 cl_loss: 0.0000 
2024-04-02 16:51:10,324 - Epoch  21 Test set [precision@1: 0.2600 precision@2: 0.2200 precision@3: 0.1900 ] Test set [recall@1: 0.2600 recall@2: 0.4500 recall@3: 0.5600 ] Test set [f1score@1: 0.2600 f1score@2: 0.3000 f1score@3: 0.2800 ] Test set [accuracy@1: 0.2600 accuracy@2: 0.4500 accuracy@3: 0.5600 ] 
2024-04-02 16:51:11,427 - [Epoch  22 / 1000] rec_loss: 26.2894 cl_loss: 0.0000 
2024-04-02 16:51:11,611 - Epoch  22 Test set [precision@1: 0.2600 precision@2: 0.2300 precision@3: 0.1900 ] Test set [recall@1: 0.2600 recall@2: 0.4600 recall@3: 0.5800 ] Test set [f1score@1: 0.2600 f1score@2: 0.3100 f1score@3: 0.2900 ] Test set [accuracy@1: 0.2600 accuracy@2: 0.4600 accuracy@3: 0.5800 ] 
2024-04-02 16:51:12,838 - [Epoch  23 / 1000] rec_loss: 28.0503 cl_loss: 0.0000 
2024-04-02 16:51:13,001 - Epoch  23 Test set [precision@1: 0.2800 precision@2: 0.2500 precision@3: 0.2100 ] Test set [recall@1: 0.2800 recall@2: 0.4900 recall@3: 0.6300 ] Test set [f1score@1: 0.2800 f1score@2: 0.3300 f1score@3: 0.3100 ] Test set [accuracy@1: 0.2800 accuracy@2: 0.4900 accuracy@3: 0.6300 ] 
2024-04-02 16:51:14,209 - [Epoch  24 / 1000] rec_loss: 23.2347 cl_loss: 0.0000 
2024-04-02 16:51:14,383 - Epoch  24 Test set [precision@1: 0.2900 precision@2: 0.2500 precision@3: 0.2100 ] Test set [recall@1: 0.2900 recall@2: 0.5100 recall@3: 0.6400 ] Test set [f1score@1: 0.2900 f1score@2: 0.3400 f1score@3: 0.3200 ] Test set [accuracy@1: 0.2900 accuracy@2: 0.5100 accuracy@3: 0.6400 ] 
2024-04-02 16:51:15,565 - [Epoch  25 / 1000] rec_loss: 24.9619 cl_loss: 0.0000 
2024-04-02 16:51:15,753 - Epoch  25 Test set [precision@1: 0.3500 precision@2: 0.2600 precision@3: 0.2200 ] Test set [recall@1: 0.3500 recall@2: 0.5200 recall@3: 0.6500 ] Test set [f1score@1: 0.3500 f1score@2: 0.3500 f1score@3: 0.3200 ] Test set [accuracy@1: 0.3500 accuracy@2: 0.5200 accuracy@3: 0.6500 ] 
2024-04-02 16:51:17,268 - [Epoch  26 / 1000] rec_loss: 24.6478 cl_loss: 0.0000 
2024-04-02 16:51:17,454 - Epoch  26 Test set [precision@1: 0.3700 precision@2: 0.2500 precision@3: 0.2200 ] Test set [recall@1: 0.3700 recall@2: 0.5000 recall@3: 0.6700 ] Test set [f1score@1: 0.3700 f1score@2: 0.3300 f1score@3: 0.3400 ] Test set [accuracy@1: 0.3700 accuracy@2: 0.5000 accuracy@3: 0.6700 ] 
2024-04-02 16:51:18,656 - [Epoch  27 / 1000] rec_loss: 22.0229 cl_loss: 0.0000 
2024-04-02 16:51:18,846 - Epoch  27 Test set [precision@1: 0.3800 precision@2: 0.2800 precision@3: 0.2300 ] Test set [recall@1: 0.3800 recall@2: 0.5500 recall@3: 0.6800 ] Test set [f1score@1: 0.3800 f1score@2: 0.3700 f1score@3: 0.3400 ] Test set [accuracy@1: 0.3800 accuracy@2: 0.5500 accuracy@3: 0.6800 ] 
2024-04-02 16:51:20,105 - [Epoch  28 / 1000] rec_loss: 21.8356 cl_loss: 0.0000 
2024-04-02 16:51:20,272 - Epoch  28 Test set [precision@1: 0.4400 precision@2: 0.3100 precision@3: 0.2400 ] Test set [recall@1: 0.4400 recall@2: 0.6100 recall@3: 0.7300 ] Test set [f1score@1: 0.4400 f1score@2: 0.4100 f1score@3: 0.3700 ] Test set [accuracy@1: 0.4400 accuracy@2: 0.6100 accuracy@3: 0.7300 ] 
2024-04-02 16:51:21,869 - [Epoch  29 / 1000] rec_loss: 19.9034 cl_loss: 0.0000 
2024-04-02 16:51:22,085 - Epoch  29 Test set [precision@1: 0.4400 precision@2: 0.3000 precision@3: 0.2200 ] Test set [recall@1: 0.4400 recall@2: 0.6000 recall@3: 0.6500 ] Test set [f1score@1: 0.4400 f1score@2: 0.4000 f1score@3: 0.3200 ] Test set [accuracy@1: 0.4400 accuracy@2: 0.6000 accuracy@3: 0.6500 ] 
2024-04-02 16:51:23,398 - [Epoch  30 / 1000] rec_loss: 23.1554 cl_loss: 0.0000 
2024-04-02 16:51:23,588 - Epoch  30 Test set [precision@1: 0.4400 precision@2: 0.2900 precision@3: 0.2300 ] Test set [recall@1: 0.4400 recall@2: 0.5900 recall@3: 0.6900 ] Test set [f1score@1: 0.4400 f1score@2: 0.3900 f1score@3: 0.3400 ] Test set [accuracy@1: 0.4400 accuracy@2: 0.5900 accuracy@3: 0.6900 ] 
2024-04-02 16:51:24,930 - [Epoch  31 / 1000] rec_loss: 23.9024 cl_loss: 0.0000 
2024-04-02 16:51:25,182 - Epoch  31 Test set [precision@1: 0.4500 precision@2: 0.2900 precision@3: 0.2300 ] Test set [recall@1: 0.4500 recall@2: 0.5800 recall@3: 0.7000 ] Test set [f1score@1: 0.4500 f1score@2: 0.3900 f1score@3: 0.3500 ] Test set [accuracy@1: 0.4500 accuracy@2: 0.5800 accuracy@3: 0.7000 ] 
2024-04-02 16:51:26,653 - [Epoch  32 / 1000] rec_loss: 19.4832 cl_loss: 0.0000 
2024-04-02 16:51:26,822 - Epoch  32 Test set [precision@1: 0.3800 precision@2: 0.2900 precision@3: 0.2400 ] Test set [recall@1: 0.3800 recall@2: 0.5800 recall@3: 0.7100 ] Test set [f1score@1: 0.3800 f1score@2: 0.3900 f1score@3: 0.3500 ] Test set [accuracy@1: 0.3800 accuracy@2: 0.5800 accuracy@3: 0.7100 ] 
2024-04-02 16:51:28,290 - [Epoch  33 / 1000] rec_loss: 19.4347 cl_loss: 0.0000 
2024-04-02 16:51:28,447 - Epoch  33 Test set [precision@1: 0.4200 precision@2: 0.2800 precision@3: 0.2400 ] Test set [recall@1: 0.4200 recall@2: 0.5500 recall@3: 0.7200 ] Test set [f1score@1: 0.4200 f1score@2: 0.3700 f1score@3: 0.3600 ] Test set [accuracy@1: 0.4200 accuracy@2: 0.5500 accuracy@3: 0.7200 ] 
2024-04-02 16:51:29,892 - [Epoch  34 / 1000] rec_loss: 17.4811 cl_loss: 0.0000 
2024-04-02 16:51:30,211 - Epoch  34 Test set [precision@1: 0.4200 precision@2: 0.2900 precision@3: 0.2500 ] Test set [recall@1: 0.4200 recall@2: 0.5900 recall@3: 0.7500 ] Test set [f1score@1: 0.4200 f1score@2: 0.3900 f1score@3: 0.3800 ] Test set [accuracy@1: 0.4200 accuracy@2: 0.5900 accuracy@3: 0.7500 ] 
2024-04-02 16:51:31,748 - [Epoch  35 / 1000] rec_loss: 15.7314 cl_loss: 0.0000 
2024-04-02 16:51:31,940 - Epoch  35 Test set [precision@1: 0.4100 precision@2: 0.3100 precision@3: 0.2500 ] Test set [recall@1: 0.4100 recall@2: 0.6200 recall@3: 0.7600 ] Test set [f1score@1: 0.4100 f1score@2: 0.4100 f1score@3: 0.3800 ] Test set [accuracy@1: 0.4100 accuracy@2: 0.6200 accuracy@3: 0.7600 ] 
2024-04-02 16:51:33,507 - [Epoch  36 / 1000] rec_loss: 15.2919 cl_loss: 0.0000 
2024-04-02 16:51:33,823 - Epoch  36 Test set [precision@1: 0.3900 precision@2: 0.3100 precision@3: 0.2500 ] Test set [recall@1: 0.3900 recall@2: 0.6200 recall@3: 0.7500 ] Test set [f1score@1: 0.3900 f1score@2: 0.4100 f1score@3: 0.3800 ] Test set [accuracy@1: 0.3900 accuracy@2: 0.6200 accuracy@3: 0.7500 ] 
2024-04-02 16:51:35,352 - [Epoch  37 / 1000] rec_loss: 15.7185 cl_loss: 0.0000 
2024-04-02 16:51:35,563 - Epoch  37 Test set [precision@1: 0.3600 precision@2: 0.2900 precision@3: 0.2400 ] Test set [recall@1: 0.3600 recall@2: 0.5900 recall@3: 0.7100 ] Test set [f1score@1: 0.3600 f1score@2: 0.3900 f1score@3: 0.3500 ] Test set [accuracy@1: 0.3600 accuracy@2: 0.5900 accuracy@3: 0.7100 ] 
2024-04-02 16:51:36,830 - [Epoch  38 / 1000] rec_loss: 20.3857 cl_loss: 0.0000 
2024-04-02 16:51:37,000 - Epoch  38 Test set [precision@1: 0.3700 precision@2: 0.3100 precision@3: 0.2600 ] Test set [recall@1: 0.3700 recall@2: 0.6200 recall@3: 0.7800 ] Test set [f1score@1: 0.3700 f1score@2: 0.4100 f1score@3: 0.3900 ] Test set [accuracy@1: 0.3700 accuracy@2: 0.6200 accuracy@3: 0.7800 ] 
2024-04-02 16:51:38,208 - [Epoch  39 / 1000] rec_loss: 13.8901 cl_loss: 0.0000 
2024-04-02 16:51:38,374 - Epoch  39 Test set [precision@1: 0.4000 precision@2: 0.3000 precision@3: 0.2600 ] Test set [recall@1: 0.4000 recall@2: 0.6000 recall@3: 0.7700 ] Test set [f1score@1: 0.4000 f1score@2: 0.4000 f1score@3: 0.3800 ] Test set [accuracy@1: 0.4000 accuracy@2: 0.6000 accuracy@3: 0.7700 ] 
2024-04-02 16:51:39,747 - [Epoch  40 / 1000] rec_loss: 17.1301 cl_loss: 0.0000 
2024-04-02 16:51:39,956 - Epoch  40 Test set [precision@1: 0.4500 precision@2: 0.3100 precision@3: 0.2600 ] Test set [recall@1: 0.4500 recall@2: 0.6200 recall@3: 0.7700 ] Test set [f1score@1: 0.4500 f1score@2: 0.4100 f1score@3: 0.3800 ] Test set [accuracy@1: 0.4500 accuracy@2: 0.6200 accuracy@3: 0.7700 ] 
2024-04-02 16:51:41,268 - [Epoch  41 / 1000] rec_loss: 15.6587 cl_loss: 0.0000 
2024-04-02 16:51:41,442 - Epoch  41 Test set [precision@1: 0.4500 precision@2: 0.3100 precision@3: 0.2500 ] Test set [recall@1: 0.4500 recall@2: 0.6300 recall@3: 0.7600 ] Test set [f1score@1: 0.4500 f1score@2: 0.4200 f1score@3: 0.3800 ] Test set [accuracy@1: 0.4500 accuracy@2: 0.6300 accuracy@3: 0.7600 ] 
2024-04-02 16:51:42,841 - [Epoch  42 / 1000] rec_loss: 13.0080 cl_loss: 0.0000 
2024-04-02 16:51:43,123 - Epoch  42 Test set [precision@1: 0.4700 precision@2: 0.3200 precision@3: 0.2600 ] Test set [recall@1: 0.4700 recall@2: 0.6500 recall@3: 0.7900 ] Test set [f1score@1: 0.4700 f1score@2: 0.4300 f1score@3: 0.4000 ] Test set [accuracy@1: 0.4700 accuracy@2: 0.6500 accuracy@3: 0.7900 ] 
2024-04-02 16:51:44,947 - [Epoch  43 / 1000] rec_loss: 14.2741 cl_loss: 0.0000 
2024-04-02 16:51:45,192 - Epoch  43 Test set [precision@1: 0.4600 precision@2: 0.3100 precision@3: 0.2600 ] Test set [recall@1: 0.4600 recall@2: 0.6100 recall@3: 0.7800 ] Test set [f1score@1: 0.4600 f1score@2: 0.4100 f1score@3: 0.3900 ] Test set [accuracy@1: 0.4600 accuracy@2: 0.6100 accuracy@3: 0.7800 ] 
2024-04-02 16:51:46,596 - [Epoch  44 / 1000] rec_loss: 15.5383 cl_loss: 0.0000 
2024-04-02 16:51:46,748 - Epoch  44 Test set [precision@1: 0.4800 precision@2: 0.3200 precision@3: 0.2500 ] Test set [recall@1: 0.4800 recall@2: 0.6500 recall@3: 0.7500 ] Test set [f1score@1: 0.4800 f1score@2: 0.4300 f1score@3: 0.3800 ] Test set [accuracy@1: 0.4800 accuracy@2: 0.6500 accuracy@3: 0.7500 ] 
2024-04-02 16:51:47,954 - [Epoch  45 / 1000] rec_loss: 14.9815 cl_loss: 0.0000 
2024-04-02 16:51:48,121 - Epoch  45 Test set [precision@1: 0.5300 precision@2: 0.3200 precision@3: 0.2600 ] Test set [recall@1: 0.5300 recall@2: 0.6500 recall@3: 0.7900 ] Test set [f1score@1: 0.5300 f1score@2: 0.4300 f1score@3: 0.4000 ] Test set [accuracy@1: 0.5300 accuracy@2: 0.6500 accuracy@3: 0.7900 ] 
2024-04-02 16:51:49,367 - [Epoch  46 / 1000] rec_loss: 13.0680 cl_loss: 0.0000 
2024-04-02 16:51:49,544 - Epoch  46 Test set [precision@1: 0.4900 precision@2: 0.3500 precision@3: 0.2600 ] Test set [recall@1: 0.4900 recall@2: 0.7000 recall@3: 0.7800 ] Test set [f1score@1: 0.4900 f1score@2: 0.4700 f1score@3: 0.3900 ] Test set [accuracy@1: 0.4900 accuracy@2: 0.7000 accuracy@3: 0.7800 ] 
2024-04-02 16:51:50,790 - [Epoch  47 / 1000] rec_loss: 13.0814 cl_loss: 0.0000 
2024-04-02 16:51:50,959 - Epoch  47 Test set [precision@1: 0.4800 precision@2: 0.3500 precision@3: 0.2600 ] Test set [recall@1: 0.4800 recall@2: 0.7000 recall@3: 0.7800 ] Test set [f1score@1: 0.4800 f1score@2: 0.4700 f1score@3: 0.3900 ] Test set [accuracy@1: 0.4800 accuracy@2: 0.7000 accuracy@3: 0.7800 ] 
2024-04-02 16:51:52,169 - [Epoch  48 / 1000] rec_loss: 10.8454 cl_loss: 0.0000 
2024-04-02 16:51:52,322 - Epoch  48 Test set [precision@1: 0.5200 precision@2: 0.3600 precision@3: 0.2700 ] Test set [recall@1: 0.5200 recall@2: 0.7200 recall@3: 0.8000 ] Test set [f1score@1: 0.5200 f1score@2: 0.4800 f1score@3: 0.4000 ] Test set [accuracy@1: 0.5200 accuracy@2: 0.7200 accuracy@3: 0.8000 ] 
2024-04-02 16:51:53,635 - [Epoch  49 / 1000] rec_loss: 9.5596 cl_loss: 0.0000 
2024-04-02 16:51:53,798 - Epoch  49 Test set [precision@1: 0.4600 precision@2: 0.3500 precision@3: 0.2600 ] Test set [recall@1: 0.4600 recall@2: 0.7000 recall@3: 0.7800 ] Test set [f1score@1: 0.4600 f1score@2: 0.4700 f1score@3: 0.3900 ] Test set [accuracy@1: 0.4600 accuracy@2: 0.7000 accuracy@3: 0.7800 ] 
2024-04-02 16:51:55,296 - [Epoch  50 / 1000] rec_loss: 12.6954 cl_loss: 0.0000 
2024-04-02 16:51:55,452 - Epoch  50 Test set [precision@1: 0.4700 precision@2: 0.3400 precision@3: 0.2400 ] Test set [recall@1: 0.4700 recall@2: 0.6800 recall@3: 0.7300 ] Test set [f1score@1: 0.4700 f1score@2: 0.4500 f1score@3: 0.3700 ] Test set [accuracy@1: 0.4700 accuracy@2: 0.6800 accuracy@3: 0.7300 ] 
2024-04-02 16:51:56,649 - [Epoch  51 / 1000] rec_loss: 10.5156 cl_loss: 0.0000 
2024-04-02 16:51:56,802 - Epoch  51 Test set [precision@1: 0.4500 precision@2: 0.3100 precision@3: 0.2300 ] Test set [recall@1: 0.4500 recall@2: 0.6100 recall@3: 0.6800 ] Test set [f1score@1: 0.4500 f1score@2: 0.4100 f1score@3: 0.3400 ] Test set [accuracy@1: 0.4500 accuracy@2: 0.6100 accuracy@3: 0.6800 ] 
2024-04-02 16:51:57,953 - [Epoch  52 / 1000] rec_loss: 9.1817 cl_loss: 0.0000 
2024-04-02 16:51:58,122 - Epoch  52 Test set [precision@1: 0.4500 precision@2: 0.3100 precision@3: 0.2200 ] Test set [recall@1: 0.4500 recall@2: 0.6100 recall@3: 0.6700 ] Test set [f1score@1: 0.4500 f1score@2: 0.4100 f1score@3: 0.3400 ] Test set [accuracy@1: 0.4500 accuracy@2: 0.6100 accuracy@3: 0.6700 ] 
2024-04-02 16:51:59,258 - [Epoch  53 / 1000] rec_loss: 11.2466 cl_loss: 0.0000 
2024-04-02 16:51:59,434 - Epoch  53 Test set [precision@1: 0.4400 precision@2: 0.3100 precision@3: 0.2300 ] Test set [recall@1: 0.4400 recall@2: 0.6300 recall@3: 0.6800 ] Test set [f1score@1: 0.4400 f1score@2: 0.4200 f1score@3: 0.3400 ] Test set [accuracy@1: 0.4400 accuracy@2: 0.6300 accuracy@3: 0.6800 ] 
2024-04-02 16:52:00,607 - [Epoch  54 / 1000] rec_loss: 9.8966 cl_loss: 0.0000 
2024-04-02 16:52:00,794 - Epoch  54 Test set [precision@1: 0.4300 precision@2: 0.3400 precision@3: 0.2400 ] Test set [recall@1: 0.4300 recall@2: 0.6700 recall@3: 0.7100 ] Test set [f1score@1: 0.4300 f1score@2: 0.4500 f1score@3: 0.3500 ] Test set [accuracy@1: 0.4300 accuracy@2: 0.6700 accuracy@3: 0.7100 ] 
2024-04-02 16:52:02,032 - [Epoch  55 / 1000] rec_loss: 8.5912 cl_loss: 0.0000 
2024-04-02 16:52:02,200 - Epoch  55 Test set [precision@1: 0.4800 precision@2: 0.3400 precision@3: 0.2500 ] Test set [recall@1: 0.4800 recall@2: 0.6900 recall@3: 0.7500 ] Test set [f1score@1: 0.4800 f1score@2: 0.4600 f1score@3: 0.3800 ] Test set [accuracy@1: 0.4800 accuracy@2: 0.6900 accuracy@3: 0.7500 ] 
2024-04-02 16:52:03,345 - [Epoch  56 / 1000] rec_loss: 8.4075 cl_loss: 0.0000 
2024-04-02 16:52:03,510 - Epoch  56 Test set [precision@1: 0.5500 precision@2: 0.3700 precision@3: 0.2700 ] Test set [recall@1: 0.5500 recall@2: 0.7300 recall@3: 0.8000 ] Test set [f1score@1: 0.5500 f1score@2: 0.4900 f1score@3: 0.4000 ] Test set [accuracy@1: 0.5500 accuracy@2: 0.7300 accuracy@3: 0.8000 ] 
2024-04-02 16:52:04,747 - [Epoch  57 / 1000] rec_loss: 8.2671 cl_loss: 0.0000 
2024-04-02 16:52:04,892 - Epoch  57 Test set [precision@1: 0.5500 precision@2: 0.4000 precision@3: 0.2800 ] Test set [recall@1: 0.5500 recall@2: 0.8000 recall@3: 0.8300 ] Test set [f1score@1: 0.5500 f1score@2: 0.5300 f1score@3: 0.4100 ] Test set [accuracy@1: 0.5500 accuracy@2: 0.8000 accuracy@3: 0.8300 ] 
2024-04-02 16:52:06,086 - [Epoch  58 / 1000] rec_loss: 7.2265 cl_loss: 0.0000 
2024-04-02 16:52:06,251 - Epoch  58 Test set [precision@1: 0.5700 precision@2: 0.3800 precision@3: 0.2700 ] Test set [recall@1: 0.5700 recall@2: 0.7700 recall@3: 0.8200 ] Test set [f1score@1: 0.5700 f1score@2: 0.5100 f1score@3: 0.4100 ] Test set [accuracy@1: 0.5700 accuracy@2: 0.7700 accuracy@3: 0.8200 ] 
2024-04-02 16:52:07,440 - [Epoch  59 / 1000] rec_loss: 7.5819 cl_loss: 0.0000 
2024-04-02 16:52:07,597 - Epoch  59 Test set [precision@1: 0.5500 precision@2: 0.3900 precision@3: 0.2800 ] Test set [recall@1: 0.5500 recall@2: 0.7800 recall@3: 0.8300 ] Test set [f1score@1: 0.5500 f1score@2: 0.5200 f1score@3: 0.4100 ] Test set [accuracy@1: 0.5500 accuracy@2: 0.7800 accuracy@3: 0.8300 ] 
2024-04-02 16:52:08,747 - [Epoch  60 / 1000] rec_loss: 8.5726 cl_loss: 0.0000 
2024-04-02 16:52:08,903 - Epoch  60 Test set [precision@1: 0.5700 precision@2: 0.3800 precision@3: 0.2700 ] Test set [recall@1: 0.5700 recall@2: 0.7700 recall@3: 0.8200 ] Test set [f1score@1: 0.5700 f1score@2: 0.5100 f1score@3: 0.4100 ] Test set [accuracy@1: 0.5700 accuracy@2: 0.7700 accuracy@3: 0.8200 ] 
2024-04-02 16:52:10,050 - [Epoch  61 / 1000] rec_loss: 6.4123 cl_loss: 0.0000 
2024-04-02 16:52:10,221 - Epoch  61 Test set [precision@1: 0.5900 precision@2: 0.3900 precision@3: 0.2700 ] Test set [recall@1: 0.5900 recall@2: 0.7800 recall@3: 0.8200 ] Test set [f1score@1: 0.5900 f1score@2: 0.5200 f1score@3: 0.4100 ] Test set [accuracy@1: 0.5900 accuracy@2: 0.7800 accuracy@3: 0.8200 ] 
2024-04-02 16:52:11,390 - [Epoch  62 / 1000] rec_loss: 7.5907 cl_loss: 0.0000 
2024-04-02 16:52:11,567 - Epoch  62 Test set [precision@1: 0.6000 precision@2: 0.3900 precision@3: 0.2800 ] Test set [recall@1: 0.6000 recall@2: 0.7800 recall@3: 0.8400 ] Test set [f1score@1: 0.6000 f1score@2: 0.5200 f1score@3: 0.4200 ] Test set [accuracy@1: 0.6000 accuracy@2: 0.7800 accuracy@3: 0.8400 ] 
2024-04-02 16:52:12,759 - [Epoch  63 / 1000] rec_loss: 8.0496 cl_loss: 0.0000 
2024-04-02 16:52:12,909 - Epoch  63 Test set [precision@1: 0.5700 precision@2: 0.3800 precision@3: 0.2800 ] Test set [recall@1: 0.5700 recall@2: 0.7500 recall@3: 0.8400 ] Test set [f1score@1: 0.5700 f1score@2: 0.5000 f1score@3: 0.4200 ] Test set [accuracy@1: 0.5700 accuracy@2: 0.7500 accuracy@3: 0.8400 ] 
2024-04-02 16:52:14,057 - [Epoch  64 / 1000] rec_loss: 5.3093 cl_loss: 0.0000 
2024-04-02 16:52:14,201 - Epoch  64 Test set [precision@1: 0.5600 precision@2: 0.3700 precision@3: 0.2600 ] Test set [recall@1: 0.5600 recall@2: 0.7400 recall@3: 0.7800 ] Test set [f1score@1: 0.5600 f1score@2: 0.4900 f1score@3: 0.3900 ] Test set [accuracy@1: 0.5600 accuracy@2: 0.7400 accuracy@3: 0.7800 ] 
2024-04-02 16:52:15,346 - [Epoch  65 / 1000] rec_loss: 8.9601 cl_loss: 0.0000 
2024-04-02 16:52:15,491 - Epoch  65 Test set [precision@1: 0.5300 precision@2: 0.3700 precision@3: 0.2600 ] Test set [recall@1: 0.5300 recall@2: 0.7400 recall@3: 0.7800 ] Test set [f1score@1: 0.5300 f1score@2: 0.4900 f1score@3: 0.3900 ] Test set [accuracy@1: 0.5300 accuracy@2: 0.7400 accuracy@3: 0.7800 ] 
2024-04-02 16:52:16,695 - [Epoch  66 / 1000] rec_loss: 5.6218 cl_loss: 0.0000 
2024-04-02 16:52:16,851 - Epoch  66 Test set [precision@1: 0.5200 precision@2: 0.3800 precision@3: 0.2700 ] Test set [recall@1: 0.5200 recall@2: 0.7500 recall@3: 0.8000 ] Test set [f1score@1: 0.5200 f1score@2: 0.5000 f1score@3: 0.4000 ] Test set [accuracy@1: 0.5200 accuracy@2: 0.7500 accuracy@3: 0.8000 ] 
2024-04-02 16:52:17,999 - [Epoch  67 / 1000] rec_loss: 6.6951 cl_loss: 0.0000 
2024-04-02 16:52:18,143 - Epoch  67 Test set [precision@1: 0.5300 precision@2: 0.3600 precision@3: 0.2700 ] Test set [recall@1: 0.5300 recall@2: 0.7200 recall@3: 0.8100 ] Test set [f1score@1: 0.5300 f1score@2: 0.4800 f1score@3: 0.4100 ] Test set [accuracy@1: 0.5300 accuracy@2: 0.7200 accuracy@3: 0.8100 ] 
2024-04-02 16:52:19,269 - [Epoch  68 / 1000] rec_loss: 6.0889 cl_loss: 0.0000 
2024-04-02 16:52:19,414 - Epoch  68 Test set [precision@1: 0.5500 precision@2: 0.3800 precision@3: 0.2700 ] Test set [recall@1: 0.5500 recall@2: 0.7600 recall@3: 0.8200 ] Test set [f1score@1: 0.5500 f1score@2: 0.5100 f1score@3: 0.4100 ] Test set [accuracy@1: 0.5500 accuracy@2: 0.7600 accuracy@3: 0.8200 ] 
2024-04-02 16:52:20,572 - [Epoch  69 / 1000] rec_loss: 4.8830 cl_loss: 0.0000 
2024-04-02 16:52:20,731 - Epoch  69 Test set [precision@1: 0.5400 precision@2: 0.3800 precision@3: 0.2700 ] Test set [recall@1: 0.5400 recall@2: 0.7500 recall@3: 0.8200 ] Test set [f1score@1: 0.5400 f1score@2: 0.5000 f1score@3: 0.4100 ] Test set [accuracy@1: 0.5400 accuracy@2: 0.7500 accuracy@3: 0.8200 ] 
2024-04-02 16:52:21,883 - [Epoch  70 / 1000] rec_loss: 4.4687 cl_loss: 0.0000 
2024-04-02 16:52:22,028 - Epoch  70 Test set [precision@1: 0.5400 precision@2: 0.3800 precision@3: 0.2700 ] Test set [recall@1: 0.5400 recall@2: 0.7600 recall@3: 0.8200 ] Test set [f1score@1: 0.5400 f1score@2: 0.5100 f1score@3: 0.4100 ] Test set [accuracy@1: 0.5400 accuracy@2: 0.7600 accuracy@3: 0.8200 ] 
2024-04-02 16:52:23,200 - [Epoch  71 / 1000] rec_loss: 5.3804 cl_loss: 0.0000 
2024-04-02 16:52:23,350 - Epoch  71 Test set [precision@1: 0.5500 precision@2: 0.3800 precision@3: 0.2700 ] Test set [recall@1: 0.5500 recall@2: 0.7600 recall@3: 0.8100 ] Test set [f1score@1: 0.5500 f1score@2: 0.5100 f1score@3: 0.4100 ] Test set [accuracy@1: 0.5500 accuracy@2: 0.7600 accuracy@3: 0.8100 ] 
2024-04-02 16:52:24,507 - [Epoch  72 / 1000] rec_loss: 4.7109 cl_loss: 0.0000 
2024-04-02 16:52:24,655 - Epoch  72 Test set [precision@1: 0.5200 precision@2: 0.3700 precision@3: 0.2600 ] Test set [recall@1: 0.5200 recall@2: 0.7400 recall@3: 0.7900 ] Test set [f1score@1: 0.5200 f1score@2: 0.4900 f1score@3: 0.4000 ] Test set [accuracy@1: 0.5200 accuracy@2: 0.7400 accuracy@3: 0.7900 ] 
2024-04-02 16:52:25,881 - [Epoch  73 / 1000] rec_loss: 5.5201 cl_loss: 0.0000 
2024-04-02 16:52:26,045 - Epoch  73 Test set [precision@1: 0.5000 precision@2: 0.3800 precision@3: 0.2700 ] Test set [recall@1: 0.5000 recall@2: 0.7500 recall@3: 0.8000 ] Test set [f1score@1: 0.5000 f1score@2: 0.5000 f1score@3: 0.4000 ] Test set [accuracy@1: 0.5000 accuracy@2: 0.7500 accuracy@3: 0.8000 ] 
2024-04-02 16:52:27,366 - [Epoch  74 / 1000] rec_loss: 6.0055 cl_loss: 0.0000 
2024-04-02 16:52:27,554 - Epoch  74 Test set [precision@1: 0.5200 precision@2: 0.3800 precision@3: 0.2700 ] Test set [recall@1: 0.5200 recall@2: 0.7700 recall@3: 0.8100 ] Test set [f1score@1: 0.5200 f1score@2: 0.5100 f1score@3: 0.4100 ] Test set [accuracy@1: 0.5200 accuracy@2: 0.7700 accuracy@3: 0.8100 ] 
2024-04-02 16:52:28,790 - [Epoch  75 / 1000] rec_loss: 7.9477 cl_loss: 0.0000 
2024-04-02 16:52:28,963 - Epoch  75 Test set [precision@1: 0.5500 precision@2: 0.3800 precision@3: 0.2700 ] Test set [recall@1: 0.5500 recall@2: 0.7700 recall@3: 0.8100 ] Test set [f1score@1: 0.5500 f1score@2: 0.5100 f1score@3: 0.4100 ] Test set [accuracy@1: 0.5500 accuracy@2: 0.7700 accuracy@3: 0.8100 ] 
2024-04-02 16:52:30,135 - [Epoch  76 / 1000] rec_loss: 5.1776 cl_loss: 0.0000 
2024-04-02 16:52:30,284 - Epoch  76 Test set [precision@1: 0.5600 precision@2: 0.3800 precision@3: 0.2700 ] Test set [recall@1: 0.5600 recall@2: 0.7700 recall@3: 0.8200 ] Test set [f1score@1: 0.5600 f1score@2: 0.5100 f1score@3: 0.4100 ] Test set [accuracy@1: 0.5600 accuracy@2: 0.7700 accuracy@3: 0.8200 ] 
2024-04-02 16:52:31,464 - [Epoch  77 / 1000] rec_loss: 6.4039 cl_loss: 0.0000 
2024-04-02 16:52:31,667 - Epoch  77 Test set [precision@1: 0.6000 precision@2: 0.3900 precision@3: 0.2800 ] Test set [recall@1: 0.6000 recall@2: 0.7800 recall@3: 0.8400 ] Test set [f1score@1: 0.6000 f1score@2: 0.5200 f1score@3: 0.4200 ] Test set [accuracy@1: 0.6000 accuracy@2: 0.7800 accuracy@3: 0.8400 ] 
2024-04-02 16:52:32,803 - [Epoch  78 / 1000] rec_loss: 3.9827 cl_loss: 0.0000 
2024-04-02 16:52:32,947 - Epoch  78 Test set [precision@1: 0.6100 precision@2: 0.3800 precision@3: 0.2900 ] Test set [recall@1: 0.6100 recall@2: 0.7700 recall@3: 0.8600 ] Test set [f1score@1: 0.6100 f1score@2: 0.5100 f1score@3: 0.4300 ] Test set [accuracy@1: 0.6100 accuracy@2: 0.7700 accuracy@3: 0.8600 ] 
2024-04-02 16:52:34,111 - [Epoch  79 / 1000] rec_loss: 3.2527 cl_loss: 0.0000 
2024-04-02 16:52:34,282 - Epoch  79 Test set [precision@1: 0.6100 precision@2: 0.3800 precision@3: 0.2900 ] Test set [recall@1: 0.6100 recall@2: 0.7700 recall@3: 0.8600 ] Test set [f1score@1: 0.6100 f1score@2: 0.5100 f1score@3: 0.4300 ] Test set [accuracy@1: 0.6100 accuracy@2: 0.7700 accuracy@3: 0.8600 ] 
2024-04-02 16:52:35,467 - [Epoch  80 / 1000] rec_loss: 5.3284 cl_loss: 0.0000 
2024-04-02 16:52:35,646 - Epoch  80 Test set [precision@1: 0.5700 precision@2: 0.3900 precision@3: 0.2900 ] Test set [recall@1: 0.5700 recall@2: 0.7800 recall@3: 0.8600 ] Test set [f1score@1: 0.5700 f1score@2: 0.5200 f1score@3: 0.4300 ] Test set [accuracy@1: 0.5700 accuracy@2: 0.7800 accuracy@3: 0.8600 ] 
2024-04-02 16:52:36,799 - [Epoch  81 / 1000] rec_loss: 5.1307 cl_loss: 0.0000 
2024-04-02 16:52:36,978 - Epoch  81 Test set [precision@1: 0.5700 precision@2: 0.3900 precision@3: 0.2800 ] Test set [recall@1: 0.5700 recall@2: 0.7800 recall@3: 0.8400 ] Test set [f1score@1: 0.5700 f1score@2: 0.5200 f1score@3: 0.4200 ] Test set [accuracy@1: 0.5700 accuracy@2: 0.7800 accuracy@3: 0.8400 ] 
2024-04-02 16:52:38,168 - [Epoch  82 / 1000] rec_loss: 4.0681 cl_loss: 0.0000 
2024-04-02 16:52:38,316 - Epoch  82 Test set [precision@1: 0.5900 precision@2: 0.4000 precision@3: 0.2900 ] Test set [recall@1: 0.5900 recall@2: 0.8000 recall@3: 0.8800 ] Test set [f1score@1: 0.5900 f1score@2: 0.5300 f1score@3: 0.4400 ] Test set [accuracy@1: 0.5900 accuracy@2: 0.8000 accuracy@3: 0.8800 ] 
2024-04-02 16:52:39,475 - [Epoch  83 / 1000] rec_loss: 4.1394 cl_loss: 0.0000 
2024-04-02 16:52:39,653 - Epoch  83 Test set [precision@1: 0.6000 precision@2: 0.4000 precision@3: 0.2900 ] Test set [recall@1: 0.6000 recall@2: 0.8000 recall@3: 0.8800 ] Test set [f1score@1: 0.6000 f1score@2: 0.5300 f1score@3: 0.4400 ] Test set [accuracy@1: 0.6000 accuracy@2: 0.8000 accuracy@3: 0.8800 ] 
2024-04-02 16:52:40,807 - [Epoch  84 / 1000] rec_loss: 4.7294 cl_loss: 0.0000 
2024-04-02 16:52:40,947 - Epoch  84 Test set [precision@1: 0.6400 precision@2: 0.4100 precision@3: 0.2900 ] Test set [recall@1: 0.6400 recall@2: 0.8300 recall@3: 0.8600 ] Test set [f1score@1: 0.6400 f1score@2: 0.5500 f1score@3: 0.4300 ] Test set [accuracy@1: 0.6400 accuracy@2: 0.8300 accuracy@3: 0.8600 ] 
2024-04-02 16:52:42,197 - [Epoch  85 / 1000] rec_loss: 5.7791 cl_loss: 0.0000 
2024-04-02 16:52:42,363 - Epoch  85 Test set [precision@1: 0.6100 precision@2: 0.4100 precision@3: 0.2900 ] Test set [recall@1: 0.6100 recall@2: 0.8200 recall@3: 0.8700 ] Test set [f1score@1: 0.6100 f1score@2: 0.5500 f1score@3: 0.4400 ] Test set [accuracy@1: 0.6100 accuracy@2: 0.8200 accuracy@3: 0.8700 ] 
2024-04-02 16:52:43,537 - [Epoch  86 / 1000] rec_loss: 5.3091 cl_loss: 0.0000 
2024-04-02 16:52:43,693 - Epoch  86 Test set [precision@1: 0.5900 precision@2: 0.4100 precision@3: 0.2900 ] Test set [recall@1: 0.5900 recall@2: 0.8100 recall@3: 0.8700 ] Test set [f1score@1: 0.5900 f1score@2: 0.5400 f1score@3: 0.4400 ] Test set [accuracy@1: 0.5900 accuracy@2: 0.8100 accuracy@3: 0.8700 ] 
2024-04-02 16:52:44,851 - [Epoch  87 / 1000] rec_loss: 3.3982 cl_loss: 0.0000 
2024-04-02 16:52:44,998 - Epoch  87 Test set [precision@1: 0.6000 precision@2: 0.4000 precision@3: 0.2900 ] Test set [recall@1: 0.6000 recall@2: 0.8000 recall@3: 0.8600 ] Test set [f1score@1: 0.6000 f1score@2: 0.5300 f1score@3: 0.4300 ] Test set [accuracy@1: 0.6000 accuracy@2: 0.8000 accuracy@3: 0.8600 ] 
2024-04-02 16:52:46,155 - [Epoch  88 / 1000] rec_loss: 4.6235 cl_loss: 0.0000 
2024-04-02 16:52:46,305 - Epoch  88 Test set [precision@1: 0.5900 precision@2: 0.4000 precision@3: 0.2900 ] Test set [recall@1: 0.5900 recall@2: 0.8000 recall@3: 0.8700 ] Test set [f1score@1: 0.5900 f1score@2: 0.5300 f1score@3: 0.4400 ] Test set [accuracy@1: 0.5900 accuracy@2: 0.8000 accuracy@3: 0.8700 ] 
2024-04-02 16:52:47,535 - [Epoch  89 / 1000] rec_loss: 4.0679 cl_loss: 0.0000 
2024-04-02 16:52:47,718 - Epoch  89 Test set [precision@1: 0.5900 precision@2: 0.3900 precision@3: 0.2900 ] Test set [recall@1: 0.5900 recall@2: 0.7800 recall@3: 0.8700 ] Test set [f1score@1: 0.5900 f1score@2: 0.5200 f1score@3: 0.4400 ] Test set [accuracy@1: 0.5900 accuracy@2: 0.7800 accuracy@3: 0.8700 ] 
2024-04-02 16:52:48,913 - [Epoch  90 / 1000] rec_loss: 2.7894 cl_loss: 0.0000 
2024-04-02 16:52:49,060 - Epoch  90 Test set [precision@1: 0.6200 precision@2: 0.4100 precision@3: 0.2900 ] Test set [recall@1: 0.6200 recall@2: 0.8300 recall@3: 0.8700 ] Test set [f1score@1: 0.6200 f1score@2: 0.5500 f1score@3: 0.4400 ] Test set [accuracy@1: 0.6200 accuracy@2: 0.8300 accuracy@3: 0.8700 ] 
2024-04-02 16:52:50,218 - [Epoch  91 / 1000] rec_loss: 3.3675 cl_loss: 0.0000 
2024-04-02 16:52:50,379 - Epoch  91 Test set [precision@1: 0.6100 precision@2: 0.4100 precision@3: 0.2900 ] Test set [recall@1: 0.6100 recall@2: 0.8100 recall@3: 0.8700 ] Test set [f1score@1: 0.6100 f1score@2: 0.5400 f1score@3: 0.4400 ] Test set [accuracy@1: 0.6100 accuracy@2: 0.8100 accuracy@3: 0.8700 ] 
2024-04-02 16:52:51,768 - [Epoch  92 / 1000] rec_loss: 3.4692 cl_loss: 0.0000 
2024-04-02 16:52:51,979 - Epoch  92 Test set [precision@1: 0.6100 precision@2: 0.4100 precision@3: 0.2800 ] Test set [recall@1: 0.6100 recall@2: 0.8200 recall@3: 0.8500 ] Test set [f1score@1: 0.6100 f1score@2: 0.5500 f1score@3: 0.4300 ] Test set [accuracy@1: 0.6100 accuracy@2: 0.8200 accuracy@3: 0.8500 ] 
2024-04-02 16:52:53,473 - [Epoch  93 / 1000] rec_loss: 3.7105 cl_loss: 0.0000 
2024-04-02 16:52:53,807 - Epoch  93 Test set [precision@1: 0.6200 precision@2: 0.4100 precision@3: 0.2800 ] Test set [recall@1: 0.6200 recall@2: 0.8100 recall@3: 0.8500 ] Test set [f1score@1: 0.6200 f1score@2: 0.5400 f1score@3: 0.4300 ] Test set [accuracy@1: 0.6200 accuracy@2: 0.8100 accuracy@3: 0.8500 ] 
2024-04-02 16:52:55,306 - [Epoch  94 / 1000] rec_loss: 3.5280 cl_loss: 0.0000 
2024-04-02 16:52:55,565 - Epoch  94 Test set [precision@1: 0.6300 precision@2: 0.4100 precision@3: 0.2800 ] Test set [recall@1: 0.6300 recall@2: 0.8200 recall@3: 0.8500 ] Test set [f1score@1: 0.6300 f1score@2: 0.5500 f1score@3: 0.4300 ] Test set [accuracy@1: 0.6300 accuracy@2: 0.8200 accuracy@3: 0.8500 ] 
2024-04-02 16:52:56,903 - [Epoch  95 / 1000] rec_loss: 3.5380 cl_loss: 0.0000 
2024-04-02 16:52:57,079 - Epoch  95 Test set [precision@1: 0.6100 precision@2: 0.4000 precision@3: 0.2800 ] Test set [recall@1: 0.6100 recall@2: 0.8000 recall@3: 0.8500 ] Test set [f1score@1: 0.6100 f1score@2: 0.5300 f1score@3: 0.4300 ] Test set [accuracy@1: 0.6100 accuracy@2: 0.8000 accuracy@3: 0.8500 ] 
2024-04-02 16:52:58,314 - [Epoch  96 / 1000] rec_loss: 3.0138 cl_loss: 0.0000 
2024-04-02 16:52:58,463 - Epoch  96 Test set [precision@1: 0.6100 precision@2: 0.4000 precision@3: 0.2800 ] Test set [recall@1: 0.6100 recall@2: 0.7900 recall@3: 0.8400 ] Test set [f1score@1: 0.6100 f1score@2: 0.5300 f1score@3: 0.4200 ] Test set [accuracy@1: 0.6100 accuracy@2: 0.7900 accuracy@3: 0.8400 ] 
2024-04-02 16:52:59,640 - [Epoch  97 / 1000] rec_loss: 4.7411 cl_loss: 0.0000 
2024-04-02 16:52:59,786 - Epoch  97 Test set [precision@1: 0.6100 precision@2: 0.4000 precision@3: 0.2900 ] Test set [recall@1: 0.6100 recall@2: 0.7900 recall@3: 0.8600 ] Test set [f1score@1: 0.6100 f1score@2: 0.5300 f1score@3: 0.4300 ] Test set [accuracy@1: 0.6100 accuracy@2: 0.7900 accuracy@3: 0.8600 ] 
2024-04-02 16:53:01,105 - [Epoch  98 / 1000] rec_loss: 3.2492 cl_loss: 0.0000 
2024-04-02 16:53:01,274 - Epoch  98 Test set [precision@1: 0.6000 precision@2: 0.3900 precision@3: 0.2900 ] Test set [recall@1: 0.6000 recall@2: 0.7800 recall@3: 0.8700 ] Test set [f1score@1: 0.6000 f1score@2: 0.5200 f1score@3: 0.4400 ] Test set [accuracy@1: 0.6000 accuracy@2: 0.7800 accuracy@3: 0.8700 ] 
2024-04-02 16:53:02,956 - [Epoch  99 / 1000] rec_loss: 2.3666 cl_loss: 0.0000 
2024-04-02 16:53:03,174 - Epoch  99 Test set [precision@1: 0.6200 precision@2: 0.4000 precision@3: 0.2800 ] Test set [recall@1: 0.6200 recall@2: 0.8000 recall@3: 0.8500 ] Test set [f1score@1: 0.6200 f1score@2: 0.5300 f1score@3: 0.4300 ] Test set [accuracy@1: 0.6200 accuracy@2: 0.8000 accuracy@3: 0.8500 ] 
2024-04-02 16:53:04,734 - [Epoch 100 / 1000] rec_loss: 3.5627 cl_loss: 0.0000 
2024-04-02 16:53:04,959 - Epoch 100 Test set [precision@1: 0.6000 precision@2: 0.4100 precision@3: 0.2800 ] Test set [recall@1: 0.6000 recall@2: 0.8100 recall@3: 0.8400 ] Test set [f1score@1: 0.6000 f1score@2: 0.5400 f1score@3: 0.4200 ] Test set [accuracy@1: 0.6000 accuracy@2: 0.8100 accuracy@3: 0.8400 ] 
2024-04-02 16:53:06,192 - [Epoch 101 / 1000] rec_loss: 3.3987 cl_loss: 0.0000 
2024-04-02 16:53:06,504 - Epoch 101 Test set [precision@1: 0.6100 precision@2: 0.4100 precision@3: 0.2800 ] Test set [recall@1: 0.6100 recall@2: 0.8200 recall@3: 0.8400 ] Test set [f1score@1: 0.6100 f1score@2: 0.5500 f1score@3: 0.4200 ] Test set [accuracy@1: 0.6100 accuracy@2: 0.8200 accuracy@3: 0.8400 ] 
2024-04-02 16:53:07,804 - [Epoch 102 / 1000] rec_loss: 2.1171 cl_loss: 0.0000 
2024-04-02 16:53:07,979 - Epoch 102 Test set [precision@1: 0.6100 precision@2: 0.4000 precision@3: 0.2800 ] Test set [recall@1: 0.6100 recall@2: 0.8000 recall@3: 0.8300 ] Test set [f1score@1: 0.6100 f1score@2: 0.5300 f1score@3: 0.4100 ] Test set [accuracy@1: 0.6100 accuracy@2: 0.8000 accuracy@3: 0.8300 ] 
2024-04-02 16:53:09,179 - [Epoch 103 / 1000] rec_loss: 2.7691 cl_loss: 0.0000 
2024-04-02 16:53:09,376 - Epoch 103 Test set [precision@1: 0.6200 precision@2: 0.4000 precision@3: 0.2800 ] Test set [recall@1: 0.6200 recall@2: 0.8000 recall@3: 0.8300 ] Test set [f1score@1: 0.6200 f1score@2: 0.5300 f1score@3: 0.4100 ] Test set [accuracy@1: 0.6200 accuracy@2: 0.8000 accuracy@3: 0.8300 ] 
2024-04-02 16:53:10,902 - [Epoch 104 / 1000] rec_loss: 4.5730 cl_loss: 0.0000 
2024-04-02 16:53:11,102 - Epoch 104 Test set [precision@1: 0.6500 precision@2: 0.4000 precision@3: 0.2800 ] Test set [recall@1: 0.6500 recall@2: 0.8000 recall@3: 0.8300 ] Test set [f1score@1: 0.6500 f1score@2: 0.5300 f1score@3: 0.4100 ] Test set [accuracy@1: 0.6500 accuracy@2: 0.8000 accuracy@3: 0.8300 ] 
2024-04-02 16:53:12,482 - [Epoch 105 / 1000] rec_loss: 3.0528 cl_loss: 0.0000 
2024-04-02 16:53:12,668 - Epoch 105 Test set [precision@1: 0.6500 precision@2: 0.4000 precision@3: 0.2800 ] Test set [recall@1: 0.6500 recall@2: 0.7900 recall@3: 0.8400 ] Test set [f1score@1: 0.6500 f1score@2: 0.5300 f1score@3: 0.4200 ] Test set [accuracy@1: 0.6500 accuracy@2: 0.7900 accuracy@3: 0.8400 ] 
2024-04-02 16:53:13,881 - [Epoch 106 / 1000] rec_loss: 2.5922 cl_loss: 0.0000 
2024-04-02 16:53:14,040 - Epoch 106 Test set [precision@1: 0.6200 precision@2: 0.4000 precision@3: 0.2800 ] Test set [recall@1: 0.6200 recall@2: 0.7900 recall@3: 0.8300 ] Test set [f1score@1: 0.6200 f1score@2: 0.5300 f1score@3: 0.4100 ] Test set [accuracy@1: 0.6200 accuracy@2: 0.7900 accuracy@3: 0.8300 ] 
