2024-04-01 18:41:39,182 - {'optimizer': {'name': 'adam', 'lr': 0.001, 'final_lr': 1e-06, 'weight_decay': 0}, 'train': {'model_test_run': True, 'weighted_loss_fn': True, 'epoch': 1000, 'batch_size': 64, 'save_model': True, 'log_loss': True, 'test_step': 1, 'reproducible': True, 'seed': 2023, 'tensorboard': True, 'conf_mat': True, 'ssl': False, 'gradient_accumulation': False, 'accumulation_steps': 4, 'early_stop': False, 'parameter_class_weights_path': './datasets/sequential/fix/parameters/param.pkl', 'parameter_label_mapping_path': './datasets/sequential/fix/parameters/label_mapping.pkl'}, 'test': {'metrics': ['precision', 'recall', 'f1score', 'accuracy'], 'k': [1, 2, 3], 'batch_size': 64, 'train_eval': False, 'save_path': '2024-04-01_18-41'}, 'data': {'type': 'sequential', 'name': 'fix', 'seq_aug': False, 'dynamic_context_window_length': 100, 'user_num': 100, 'item_num': 23, 'max_context_length': 100, 'dynamic_context_feat_num': 14, 'static_context_feat_num': 6, 'static_context_max': [12, 6, 23, 1, 1, 1]}, 'model': {'name': 'cl4srec', 'context_encoder': 'tempcnn', 'interaction_encoder': 'sasrec', 'dropout_rate': 0.1, 'n_layers': 2, 'embedding_size': 16, 'n_heads': 2, 'max_seq_len': 10, 'lmd': 0.1, 'tau': 1, 'encoder_combine': 'concat'}, 'lstm': {'hidden_size': 64, 'num_layers': 2}, 'tune': {'enable': False, 'hyperparameters': ['dropout_rate', 'lmd', 'tau'], 'dropout_rate': [0.1, 0.2, 0.3], 'lmd': [0.05, 0.1, 0.2], 'tau': [0.5, 0.7, 0.9]}, 'device': 'cpu'}
2024-04-01 18:41:40,204 - [Epoch   0 / 1000] rec_loss: 4.7966 cl_loss: 0.0000 
2024-04-01 18:41:40,521 - Epoch   0 Test set [precision@1: 0.0000 precision@2: 0.0500 precision@3: 0.0500 ] Test set [recall@1: 0.0000 recall@2: 0.1000 recall@3: 0.1500 ] Test set [f1score@1: 0.0000 f1score@2: 0.0700 f1score@3: 0.0800 ] Test set [accuracy@1: 0.0000 accuracy@2: 0.1000 accuracy@3: 0.1500 ] 
2024-04-01 18:41:41,172 - [Epoch   1 / 1000] rec_loss: 4.9514 cl_loss: 0.0000 
2024-04-01 18:41:41,481 - Epoch   1 Test set [precision@1: 0.0000 precision@2: 0.0700 precision@3: 0.0500 ] Test set [recall@1: 0.0000 recall@2: 0.1400 recall@3: 0.1500 ] Test set [f1score@1: 0.0000 f1score@2: 0.0900 f1score@3: 0.0800 ] Test set [accuracy@1: 0.0000 accuracy@2: 0.1400 accuracy@3: 0.1500 ] 
2024-04-01 18:41:42,110 - [Epoch   2 / 1000] rec_loss: 5.0091 cl_loss: 0.0000 
2024-04-01 18:41:42,410 - Epoch   2 Test set [precision@1: 0.0000 precision@2: 0.0700 precision@3: 0.0600 ] Test set [recall@1: 0.0000 recall@2: 0.1400 recall@3: 0.1700 ] Test set [f1score@1: 0.0000 f1score@2: 0.0900 f1score@3: 0.0900 ] Test set [accuracy@1: 0.0000 accuracy@2: 0.1400 accuracy@3: 0.1700 ] 
2024-04-01 18:41:43,159 - [Epoch   3 / 1000] rec_loss: 4.6717 cl_loss: 0.0000 
2024-04-01 18:41:43,477 - Epoch   3 Test set [precision@1: 0.0000 precision@2: 0.0700 precision@3: 0.0600 ] Test set [recall@1: 0.0000 recall@2: 0.1400 recall@3: 0.1800 ] Test set [f1score@1: 0.0000 f1score@2: 0.0900 f1score@3: 0.0900 ] Test set [accuracy@1: 0.0000 accuracy@2: 0.1400 accuracy@3: 0.1800 ] 
2024-04-01 18:41:44,177 - [Epoch   4 / 1000] rec_loss: 4.5096 cl_loss: 0.0000 
2024-04-01 18:41:44,490 - Epoch   4 Test set [precision@1: 0.0500 precision@2: 0.0700 precision@3: 0.0600 ] Test set [recall@1: 0.0500 recall@2: 0.1400 recall@3: 0.1700 ] Test set [f1score@1: 0.0500 f1score@2: 0.0900 f1score@3: 0.0900 ] Test set [accuracy@1: 0.0500 accuracy@2: 0.1400 accuracy@3: 0.1700 ] 
2024-04-01 18:41:45,178 - [Epoch   5 / 1000] rec_loss: 4.3372 cl_loss: 0.0000 
2024-04-01 18:41:45,507 - Epoch   5 Test set [precision@1: 0.0700 precision@2: 0.0700 precision@3: 0.0600 ] Test set [recall@1: 0.0700 recall@2: 0.1400 recall@3: 0.1700 ] Test set [f1score@1: 0.0700 f1score@2: 0.0900 f1score@3: 0.0900 ] Test set [accuracy@1: 0.0700 accuracy@2: 0.1400 accuracy@3: 0.1700 ] 
2024-04-01 18:41:46,206 - [Epoch   6 / 1000] rec_loss: 4.1871 cl_loss: 0.0000 
2024-04-01 18:41:46,519 - Epoch   6 Test set [precision@1: 0.1100 precision@2: 0.0800 precision@3: 0.0500 ] Test set [recall@1: 0.1100 recall@2: 0.1500 recall@3: 0.1600 ] Test set [f1score@1: 0.1100 f1score@2: 0.1000 f1score@3: 0.0800 ] Test set [accuracy@1: 0.1100 accuracy@2: 0.1500 accuracy@3: 0.1600 ] 
2024-04-01 18:41:47,190 - [Epoch   7 / 1000] rec_loss: 3.8920 cl_loss: 0.0000 
2024-04-01 18:41:47,496 - Epoch   7 Test set [precision@1: 0.1100 precision@2: 0.0800 precision@3: 0.0600 ] Test set [recall@1: 0.1100 recall@2: 0.1600 recall@3: 0.1900 ] Test set [f1score@1: 0.1100 f1score@2: 0.1100 f1score@3: 0.0900 ] Test set [accuracy@1: 0.1100 accuracy@2: 0.1600 accuracy@3: 0.1900 ] 
2024-04-01 18:41:48,136 - [Epoch   8 / 1000] rec_loss: 3.7933 cl_loss: 0.0000 
2024-04-01 18:41:48,442 - Epoch   8 Test set [precision@1: 0.1000 precision@2: 0.0800 precision@3: 0.0600 ] Test set [recall@1: 0.1000 recall@2: 0.1600 recall@3: 0.1800 ] Test set [f1score@1: 0.1000 f1score@2: 0.1100 f1score@3: 0.0900 ] Test set [accuracy@1: 0.1000 accuracy@2: 0.1600 accuracy@3: 0.1800 ] 
2024-04-01 18:41:49,081 - [Epoch   9 / 1000] rec_loss: 4.0967 cl_loss: 0.0000 
2024-04-01 18:41:49,381 - Epoch   9 Test set [precision@1: 0.1400 precision@2: 0.0800 precision@3: 0.0700 ] Test set [recall@1: 0.1400 recall@2: 0.1600 recall@3: 0.2100 ] Test set [f1score@1: 0.1400 f1score@2: 0.1100 f1score@3: 0.1000 ] Test set [accuracy@1: 0.1400 accuracy@2: 0.1600 accuracy@3: 0.2100 ] 
2024-04-01 18:41:50,015 - [Epoch  10 / 1000] rec_loss: 3.7132 cl_loss: 0.0000 
2024-04-01 18:41:50,326 - Epoch  10 Test set [precision@1: 0.1400 precision@2: 0.1000 precision@3: 0.0800 ] Test set [recall@1: 0.1400 recall@2: 0.2000 recall@3: 0.2400 ] Test set [f1score@1: 0.1400 f1score@2: 0.1300 f1score@3: 0.1200 ] Test set [accuracy@1: 0.1400 accuracy@2: 0.2000 accuracy@3: 0.2400 ] 
2024-04-01 18:41:50,957 - [Epoch  11 / 1000] rec_loss: 3.7013 cl_loss: 0.0000 
2024-04-01 18:41:51,265 - Epoch  11 Test set [precision@1: 0.1500 precision@2: 0.1100 precision@3: 0.0900 ] Test set [recall@1: 0.1500 recall@2: 0.2200 recall@3: 0.2600 ] Test set [f1score@1: 0.1500 f1score@2: 0.1500 f1score@3: 0.1300 ] Test set [accuracy@1: 0.1500 accuracy@2: 0.2200 accuracy@3: 0.2600 ] 
2024-04-01 18:41:51,910 - [Epoch  12 / 1000] rec_loss: 3.7772 cl_loss: 0.0000 
2024-04-01 18:41:52,213 - Epoch  12 Test set [precision@1: 0.1500 precision@2: 0.1200 precision@3: 0.1000 ] Test set [recall@1: 0.1500 recall@2: 0.2300 recall@3: 0.2900 ] Test set [f1score@1: 0.1500 f1score@2: 0.1500 f1score@3: 0.1400 ] Test set [accuracy@1: 0.1500 accuracy@2: 0.2300 accuracy@3: 0.2900 ] 
2024-04-01 18:41:52,854 - [Epoch  13 / 1000] rec_loss: 3.4174 cl_loss: 0.0000 
2024-04-01 18:41:53,156 - Epoch  13 Test set [precision@1: 0.1400 precision@2: 0.1000 precision@3: 0.0800 ] Test set [recall@1: 0.1400 recall@2: 0.2000 recall@3: 0.2400 ] Test set [f1score@1: 0.1400 f1score@2: 0.1300 f1score@3: 0.1200 ] Test set [accuracy@1: 0.1400 accuracy@2: 0.2000 accuracy@3: 0.2400 ] 
2024-04-01 18:41:53,798 - [Epoch  14 / 1000] rec_loss: 3.4148 cl_loss: 0.0000 
2024-04-01 18:41:54,108 - Epoch  14 Test set [precision@1: 0.1400 precision@2: 0.0900 precision@3: 0.0900 ] Test set [recall@1: 0.1400 recall@2: 0.1900 recall@3: 0.2800 ] Test set [f1score@1: 0.1400 f1score@2: 0.1300 f1score@3: 0.1400 ] Test set [accuracy@1: 0.1400 accuracy@2: 0.1900 accuracy@3: 0.2800 ] 
2024-04-01 18:41:54,752 - [Epoch  15 / 1000] rec_loss: 3.3675 cl_loss: 0.0000 
2024-04-01 18:41:55,063 - Epoch  15 Test set [precision@1: 0.1300 precision@2: 0.1000 precision@3: 0.1000 ] Test set [recall@1: 0.1300 recall@2: 0.2000 recall@3: 0.3100 ] Test set [f1score@1: 0.1300 f1score@2: 0.1300 f1score@3: 0.1600 ] Test set [accuracy@1: 0.1300 accuracy@2: 0.2000 accuracy@3: 0.3100 ] 
2024-04-01 18:41:55,716 - [Epoch  16 / 1000] rec_loss: 3.3329 cl_loss: 0.0000 
2024-04-01 18:41:56,030 - Epoch  16 Test set [precision@1: 0.1800 precision@2: 0.1300 precision@3: 0.1100 ] Test set [recall@1: 0.1800 recall@2: 0.2600 recall@3: 0.3400 ] Test set [f1score@1: 0.1800 f1score@2: 0.1700 f1score@3: 0.1700 ] Test set [accuracy@1: 0.1800 accuracy@2: 0.2600 accuracy@3: 0.3400 ] 
2024-04-01 18:41:56,683 - [Epoch  17 / 1000] rec_loss: 3.4180 cl_loss: 0.0000 
2024-04-01 18:41:57,007 - Epoch  17 Test set [precision@1: 0.2200 precision@2: 0.1700 precision@3: 0.1400 ] Test set [recall@1: 0.2200 recall@2: 0.3400 recall@3: 0.4200 ] Test set [f1score@1: 0.2200 f1score@2: 0.2300 f1score@3: 0.2100 ] Test set [accuracy@1: 0.2200 accuracy@2: 0.3400 accuracy@3: 0.4200 ] 
2024-04-01 18:41:57,667 - [Epoch  18 / 1000] rec_loss: 3.4576 cl_loss: 0.0000 
2024-04-01 18:41:57,983 - Epoch  18 Test set [precision@1: 0.2200 precision@2: 0.1700 precision@3: 0.1400 ] Test set [recall@1: 0.2200 recall@2: 0.3300 recall@3: 0.4200 ] Test set [f1score@1: 0.2200 f1score@2: 0.2200 f1score@3: 0.2100 ] Test set [accuracy@1: 0.2200 accuracy@2: 0.3300 accuracy@3: 0.4200 ] 
2024-04-01 18:41:58,644 - [Epoch  19 / 1000] rec_loss: 3.1630 cl_loss: 0.0000 
2024-04-01 18:41:58,962 - Epoch  19 Test set [precision@1: 0.2500 precision@2: 0.1900 precision@3: 0.1600 ] Test set [recall@1: 0.2500 recall@2: 0.3800 recall@3: 0.4800 ] Test set [f1score@1: 0.2500 f1score@2: 0.2500 f1score@3: 0.2400 ] Test set [accuracy@1: 0.2500 accuracy@2: 0.3800 accuracy@3: 0.4800 ] 
2024-04-01 18:41:59,635 - [Epoch  20 / 1000] rec_loss: 2.9976 cl_loss: 0.0000 
2024-04-01 18:41:59,955 - Epoch  20 Test set [precision@1: 0.2800 precision@2: 0.1900 precision@3: 0.1700 ] Test set [recall@1: 0.2800 recall@2: 0.3800 recall@3: 0.5000 ] Test set [f1score@1: 0.2800 f1score@2: 0.2500 f1score@3: 0.2500 ] Test set [accuracy@1: 0.2800 accuracy@2: 0.3800 accuracy@3: 0.5000 ] 
2024-04-01 18:42:00,631 - [Epoch  21 / 1000] rec_loss: 3.4038 cl_loss: 0.0000 
2024-04-01 18:42:00,950 - Epoch  21 Test set [precision@1: 0.2900 precision@2: 0.2000 precision@3: 0.1700 ] Test set [recall@1: 0.2900 recall@2: 0.4100 recall@3: 0.5200 ] Test set [f1score@1: 0.2900 f1score@2: 0.2700 f1score@3: 0.2600 ] Test set [accuracy@1: 0.2900 accuracy@2: 0.4100 accuracy@3: 0.5200 ] 
2024-04-01 18:42:01,624 - [Epoch  22 / 1000] rec_loss: 2.9943 cl_loss: 0.0000 
2024-04-01 18:42:01,947 - Epoch  22 Test set [precision@1: 0.3200 precision@2: 0.2000 precision@3: 0.1700 ] Test set [recall@1: 0.3200 recall@2: 0.4000 recall@3: 0.5100 ] Test set [f1score@1: 0.3200 f1score@2: 0.2700 f1score@3: 0.2500 ] Test set [accuracy@1: 0.3200 accuracy@2: 0.4000 accuracy@3: 0.5100 ] 
2024-04-01 18:42:02,604 - [Epoch  23 / 1000] rec_loss: 3.0595 cl_loss: 0.0000 
2024-04-01 18:42:02,918 - Epoch  23 Test set [precision@1: 0.3200 precision@2: 0.2000 precision@3: 0.1700 ] Test set [recall@1: 0.3200 recall@2: 0.4000 recall@3: 0.5000 ] Test set [f1score@1: 0.3200 f1score@2: 0.2700 f1score@3: 0.2500 ] Test set [accuracy@1: 0.3200 accuracy@2: 0.4000 accuracy@3: 0.5000 ] 
2024-04-01 18:42:03,575 - [Epoch  24 / 1000] rec_loss: 2.9171 cl_loss: 0.0000 
2024-04-01 18:42:03,887 - Epoch  24 Test set [precision@1: 0.3200 precision@2: 0.2300 precision@3: 0.1700 ] Test set [recall@1: 0.3200 recall@2: 0.4600 recall@3: 0.5000 ] Test set [f1score@1: 0.3200 f1score@2: 0.3100 f1score@3: 0.2500 ] Test set [accuracy@1: 0.3200 accuracy@2: 0.4600 accuracy@3: 0.5000 ] 
2024-04-01 18:42:04,549 - [Epoch  25 / 1000] rec_loss: 2.7790 cl_loss: 0.0000 
2024-04-01 18:42:04,862 - Epoch  25 Test set [precision@1: 0.3600 precision@2: 0.2400 precision@3: 0.1800 ] Test set [recall@1: 0.3600 recall@2: 0.4800 recall@3: 0.5300 ] Test set [f1score@1: 0.3600 f1score@2: 0.3200 f1score@3: 0.2600 ] Test set [accuracy@1: 0.3600 accuracy@2: 0.4800 accuracy@3: 0.5300 ] 
2024-04-01 18:42:05,543 - [Epoch  26 / 1000] rec_loss: 3.0477 cl_loss: 0.0000 
2024-04-01 18:42:05,855 - Epoch  26 Test set [precision@1: 0.4000 precision@2: 0.2400 precision@3: 0.1800 ] Test set [recall@1: 0.4000 recall@2: 0.4800 recall@3: 0.5500 ] Test set [f1score@1: 0.4000 f1score@2: 0.3200 f1score@3: 0.2800 ] Test set [accuracy@1: 0.4000 accuracy@2: 0.4800 accuracy@3: 0.5500 ] 
2024-04-01 18:42:06,510 - [Epoch  27 / 1000] rec_loss: 2.9460 cl_loss: 0.0000 
2024-04-01 18:42:06,813 - Epoch  27 Test set [precision@1: 0.3900 precision@2: 0.2500 precision@3: 0.1800 ] Test set [recall@1: 0.3900 recall@2: 0.5100 recall@3: 0.5500 ] Test set [f1score@1: 0.3900 f1score@2: 0.3400 f1score@3: 0.2800 ] Test set [accuracy@1: 0.3900 accuracy@2: 0.5100 accuracy@3: 0.5500 ] 
2024-04-01 18:42:07,468 - [Epoch  28 / 1000] rec_loss: 2.6540 cl_loss: 0.0000 
2024-04-01 18:42:07,777 - Epoch  28 Test set [precision@1: 0.4200 precision@2: 0.2500 precision@3: 0.1900 ] Test set [recall@1: 0.4200 recall@2: 0.5100 recall@3: 0.5700 ] Test set [f1score@1: 0.4200 f1score@2: 0.3400 f1score@3: 0.2800 ] Test set [accuracy@1: 0.4200 accuracy@2: 0.5100 accuracy@3: 0.5700 ] 
2024-04-01 18:42:08,421 - [Epoch  29 / 1000] rec_loss: 3.1599 cl_loss: 0.0000 
2024-04-01 18:42:08,729 - Epoch  29 Test set [precision@1: 0.4100 precision@2: 0.2600 precision@3: 0.1900 ] Test set [recall@1: 0.4100 recall@2: 0.5200 recall@3: 0.5600 ] Test set [f1score@1: 0.4100 f1score@2: 0.3500 f1score@3: 0.2800 ] Test set [accuracy@1: 0.4100 accuracy@2: 0.5200 accuracy@3: 0.5600 ] 
2024-04-01 18:42:09,394 - [Epoch  30 / 1000] rec_loss: 2.7950 cl_loss: 0.0000 
2024-04-01 18:42:09,709 - Epoch  30 Test set [precision@1: 0.4100 precision@2: 0.2600 precision@3: 0.1900 ] Test set [recall@1: 0.4100 recall@2: 0.5200 recall@3: 0.5600 ] Test set [f1score@1: 0.4100 f1score@2: 0.3500 f1score@3: 0.2800 ] Test set [accuracy@1: 0.4100 accuracy@2: 0.5200 accuracy@3: 0.5600 ] 
2024-04-01 18:42:10,365 - [Epoch  31 / 1000] rec_loss: 2.9361 cl_loss: 0.0000 
2024-04-01 18:42:10,725 - Epoch  31 Test set [precision@1: 0.4000 precision@2: 0.2300 precision@3: 0.1800 ] Test set [recall@1: 0.4000 recall@2: 0.4700 recall@3: 0.5500 ] Test set [f1score@1: 0.4000 f1score@2: 0.3100 f1score@3: 0.2800 ] Test set [accuracy@1: 0.4000 accuracy@2: 0.4700 accuracy@3: 0.5500 ] 
2024-04-01 18:42:11,396 - [Epoch  32 / 1000] rec_loss: 2.9157 cl_loss: 0.0000 
2024-04-01 18:42:11,720 - Epoch  32 Test set [precision@1: 0.3400 precision@2: 0.2500 precision@3: 0.1800 ] Test set [recall@1: 0.3400 recall@2: 0.4900 recall@3: 0.5500 ] Test set [f1score@1: 0.3400 f1score@2: 0.3300 f1score@3: 0.2800 ] Test set [accuracy@1: 0.3400 accuracy@2: 0.4900 accuracy@3: 0.5500 ] 
2024-04-01 18:42:12,392 - [Epoch  33 / 1000] rec_loss: 2.7200 cl_loss: 0.0000 
2024-04-01 18:42:12,712 - Epoch  33 Test set [precision@1: 0.3200 precision@2: 0.2500 precision@3: 0.1800 ] Test set [recall@1: 0.3200 recall@2: 0.4900 recall@3: 0.5500 ] Test set [f1score@1: 0.3200 f1score@2: 0.3300 f1score@3: 0.2800 ] Test set [accuracy@1: 0.3200 accuracy@2: 0.4900 accuracy@3: 0.5500 ] 
2024-04-01 18:42:13,386 - [Epoch  34 / 1000] rec_loss: 2.8123 cl_loss: 0.0000 
2024-04-01 18:42:13,709 - Epoch  34 Test set [precision@1: 0.3800 precision@2: 0.2500 precision@3: 0.1900 ] Test set [recall@1: 0.3800 recall@2: 0.5000 recall@3: 0.5600 ] Test set [f1score@1: 0.3800 f1score@2: 0.3300 f1score@3: 0.2800 ] Test set [accuracy@1: 0.3800 accuracy@2: 0.5000 accuracy@3: 0.5600 ] 
2024-04-01 18:42:14,383 - [Epoch  35 / 1000] rec_loss: 3.0325 cl_loss: 0.0000 
2024-04-01 18:42:14,711 - Epoch  35 Test set [precision@1: 0.3700 precision@2: 0.2500 precision@3: 0.1800 ] Test set [recall@1: 0.3700 recall@2: 0.4900 recall@3: 0.5500 ] Test set [f1score@1: 0.3700 f1score@2: 0.3300 f1score@3: 0.2800 ] Test set [accuracy@1: 0.3700 accuracy@2: 0.4900 accuracy@3: 0.5500 ] 
2024-04-01 18:42:15,395 - [Epoch  36 / 1000] rec_loss: 2.8991 cl_loss: 0.0000 
2024-04-01 18:42:15,715 - Epoch  36 Test set [precision@1: 0.3900 precision@2: 0.2500 precision@3: 0.1900 ] Test set [recall@1: 0.3900 recall@2: 0.4900 recall@3: 0.5800 ] Test set [f1score@1: 0.3900 f1score@2: 0.3300 f1score@3: 0.2900 ] Test set [accuracy@1: 0.3900 accuracy@2: 0.4900 accuracy@3: 0.5800 ] 
2024-04-01 18:42:16,420 - [Epoch  37 / 1000] rec_loss: 2.8742 cl_loss: 0.0000 
2024-04-01 18:42:16,747 - Epoch  37 Test set [precision@1: 0.3900 precision@2: 0.2200 precision@3: 0.1900 ] Test set [recall@1: 0.3900 recall@2: 0.4500 recall@3: 0.5600 ] Test set [f1score@1: 0.3900 f1score@2: 0.3000 f1score@3: 0.2800 ] Test set [accuracy@1: 0.3900 accuracy@2: 0.4500 accuracy@3: 0.5600 ] 
2024-04-01 18:42:17,408 - [Epoch  38 / 1000] rec_loss: 2.5875 cl_loss: 0.0000 
2024-04-01 18:42:17,721 - Epoch  38 Test set [precision@1: 0.3900 precision@2: 0.2400 precision@3: 0.2000 ] Test set [recall@1: 0.3900 recall@2: 0.4800 recall@3: 0.5900 ] Test set [f1score@1: 0.3900 f1score@2: 0.3200 f1score@3: 0.2900 ] Test set [accuracy@1: 0.3900 accuracy@2: 0.4800 accuracy@3: 0.5900 ] 
2024-04-01 18:42:18,377 - [Epoch  39 / 1000] rec_loss: 2.7806 cl_loss: 0.0000 
2024-04-01 18:42:18,689 - Epoch  39 Test set [precision@1: 0.3800 precision@2: 0.2400 precision@3: 0.2000 ] Test set [recall@1: 0.3800 recall@2: 0.4800 recall@3: 0.5900 ] Test set [f1score@1: 0.3800 f1score@2: 0.3200 f1score@3: 0.2900 ] Test set [accuracy@1: 0.3800 accuracy@2: 0.4800 accuracy@3: 0.5900 ] 
2024-04-01 18:42:19,344 - [Epoch  40 / 1000] rec_loss: 2.5849 cl_loss: 0.0000 
2024-04-01 18:42:19,659 - Epoch  40 Test set [precision@1: 0.3600 precision@2: 0.2300 precision@3: 0.1900 ] Test set [recall@1: 0.3600 recall@2: 0.4700 recall@3: 0.5600 ] Test set [f1score@1: 0.3600 f1score@2: 0.3100 f1score@3: 0.2800 ] Test set [accuracy@1: 0.3600 accuracy@2: 0.4700 accuracy@3: 0.5600 ] 
2024-04-01 18:42:20,315 - [Epoch  41 / 1000] rec_loss: 2.7948 cl_loss: 0.0000 
2024-04-01 18:42:20,635 - Epoch  41 Test set [precision@1: 0.3700 precision@2: 0.2300 precision@3: 0.1800 ] Test set [recall@1: 0.3700 recall@2: 0.4700 recall@3: 0.5500 ] Test set [f1score@1: 0.3700 f1score@2: 0.3100 f1score@3: 0.2800 ] Test set [accuracy@1: 0.3700 accuracy@2: 0.4700 accuracy@3: 0.5500 ] 
2024-04-01 18:42:21,299 - [Epoch  42 / 1000] rec_loss: 2.6340 cl_loss: 0.0000 
2024-04-01 18:42:21,622 - Epoch  42 Test set [precision@1: 0.3500 precision@2: 0.2300 precision@3: 0.1900 ] Test set [recall@1: 0.3500 recall@2: 0.4600 recall@3: 0.5600 ] Test set [f1score@1: 0.3500 f1score@2: 0.3100 f1score@3: 0.2800 ] Test set [accuracy@1: 0.3500 accuracy@2: 0.4600 accuracy@3: 0.5600 ] 
2024-04-01 18:42:22,293 - [Epoch  43 / 1000] rec_loss: 2.5484 cl_loss: 0.0000 
2024-04-01 18:42:22,614 - Epoch  43 Test set [precision@1: 0.3400 precision@2: 0.2200 precision@3: 0.1900 ] Test set [recall@1: 0.3400 recall@2: 0.4500 recall@3: 0.5700 ] Test set [f1score@1: 0.3400 f1score@2: 0.3000 f1score@3: 0.2800 ] Test set [accuracy@1: 0.3400 accuracy@2: 0.4500 accuracy@3: 0.5700 ] 
2024-04-01 18:42:23,285 - [Epoch  44 / 1000] rec_loss: 2.5268 cl_loss: 0.0000 
2024-04-01 18:42:23,608 - Epoch  44 Test set [precision@1: 0.3500 precision@2: 0.2300 precision@3: 0.1900 ] Test set [recall@1: 0.3500 recall@2: 0.4700 recall@3: 0.5800 ] Test set [f1score@1: 0.3500 f1score@2: 0.3100 f1score@3: 0.2900 ] Test set [accuracy@1: 0.3500 accuracy@2: 0.4700 accuracy@3: 0.5800 ] 
2024-04-01 18:42:24,283 - [Epoch  45 / 1000] rec_loss: 2.6579 cl_loss: 0.0000 
2024-04-01 18:42:24,608 - Epoch  45 Test set [precision@1: 0.3600 precision@2: 0.2500 precision@3: 0.2000 ] Test set [recall@1: 0.3600 recall@2: 0.5000 recall@3: 0.6000 ] Test set [f1score@1: 0.3600 f1score@2: 0.3300 f1score@3: 0.3000 ] Test set [accuracy@1: 0.3600 accuracy@2: 0.5000 accuracy@3: 0.6000 ] 
2024-04-01 18:42:25,279 - [Epoch  46 / 1000] rec_loss: 2.5520 cl_loss: 0.0000 
2024-04-01 18:42:25,599 - Epoch  46 Test set [precision@1: 0.3600 precision@2: 0.2600 precision@3: 0.2000 ] Test set [recall@1: 0.3600 recall@2: 0.5200 recall@3: 0.6000 ] Test set [f1score@1: 0.3600 f1score@2: 0.3500 f1score@3: 0.3000 ] Test set [accuracy@1: 0.3600 accuracy@2: 0.5200 accuracy@3: 0.6000 ] 
2024-04-01 18:42:26,269 - [Epoch  47 / 1000] rec_loss: 2.3742 cl_loss: 0.0000 
2024-04-01 18:42:26,591 - Epoch  47 Test set [precision@1: 0.3600 precision@2: 0.2600 precision@3: 0.2100 ] Test set [recall@1: 0.3600 recall@2: 0.5300 recall@3: 0.6300 ] Test set [f1score@1: 0.3600 f1score@2: 0.3500 f1score@3: 0.3100 ] Test set [accuracy@1: 0.3600 accuracy@2: 0.5300 accuracy@3: 0.6300 ] 
2024-04-01 18:42:27,258 - [Epoch  48 / 1000] rec_loss: 2.4716 cl_loss: 0.0000 
2024-04-01 18:42:27,577 - Epoch  48 Test set [precision@1: 0.3600 precision@2: 0.2600 precision@3: 0.2100 ] Test set [recall@1: 0.3600 recall@2: 0.5200 recall@3: 0.6300 ] Test set [f1score@1: 0.3600 f1score@2: 0.3500 f1score@3: 0.3100 ] Test set [accuracy@1: 0.3600 accuracy@2: 0.5200 accuracy@3: 0.6300 ] 
2024-04-01 18:42:28,254 - [Epoch  49 / 1000] rec_loss: 2.6643 cl_loss: 0.0000 
2024-04-01 18:42:28,576 - Epoch  49 Test set [precision@1: 0.3600 precision@2: 0.2600 precision@3: 0.2100 ] Test set [recall@1: 0.3600 recall@2: 0.5300 recall@3: 0.6400 ] Test set [f1score@1: 0.3600 f1score@2: 0.3500 f1score@3: 0.3200 ] Test set [accuracy@1: 0.3600 accuracy@2: 0.5300 accuracy@3: 0.6400 ] 
2024-04-01 18:42:29,245 - [Epoch  50 / 1000] rec_loss: 2.7030 cl_loss: 0.0000 
2024-04-01 18:42:29,567 - Epoch  50 Test set [precision@1: 0.3700 precision@2: 0.2700 precision@3: 0.2200 ] Test set [recall@1: 0.3700 recall@2: 0.5400 recall@3: 0.6600 ] Test set [f1score@1: 0.3700 f1score@2: 0.3600 f1score@3: 0.3300 ] Test set [accuracy@1: 0.3700 accuracy@2: 0.5400 accuracy@3: 0.6600 ] 
2024-04-01 18:42:30,239 - [Epoch  51 / 1000] rec_loss: 2.4947 cl_loss: 0.0000 
2024-04-01 18:42:30,565 - Epoch  51 Test set [precision@1: 0.3700 precision@2: 0.2700 precision@3: 0.2100 ] Test set [recall@1: 0.3700 recall@2: 0.5400 recall@3: 0.6300 ] Test set [f1score@1: 0.3700 f1score@2: 0.3600 f1score@3: 0.3100 ] Test set [accuracy@1: 0.3700 accuracy@2: 0.5400 accuracy@3: 0.6300 ] 
2024-04-01 18:42:31,226 - [Epoch  52 / 1000] rec_loss: 2.5495 cl_loss: 0.0000 
2024-04-01 18:42:31,541 - Epoch  52 Test set [precision@1: 0.3700 precision@2: 0.2900 precision@3: 0.2100 ] Test set [recall@1: 0.3700 recall@2: 0.5800 recall@3: 0.6300 ] Test set [f1score@1: 0.3700 f1score@2: 0.3900 f1score@3: 0.3100 ] Test set [accuracy@1: 0.3700 accuracy@2: 0.5800 accuracy@3: 0.6300 ] 
2024-04-01 18:42:32,201 - [Epoch  53 / 1000] rec_loss: 2.7052 cl_loss: 0.0000 
2024-04-01 18:42:32,512 - Epoch  53 Test set [precision@1: 0.3800 precision@2: 0.2900 precision@3: 0.2100 ] Test set [recall@1: 0.3800 recall@2: 0.5800 recall@3: 0.6300 ] Test set [f1score@1: 0.3800 f1score@2: 0.3900 f1score@3: 0.3100 ] Test set [accuracy@1: 0.3800 accuracy@2: 0.5800 accuracy@3: 0.6300 ] 
2024-04-01 18:42:33,171 - [Epoch  54 / 1000] rec_loss: 2.3438 cl_loss: 0.0000 
2024-04-01 18:42:33,488 - Epoch  54 Test set [precision@1: 0.3800 precision@2: 0.2900 precision@3: 0.2100 ] Test set [recall@1: 0.3800 recall@2: 0.5800 recall@3: 0.6400 ] Test set [f1score@1: 0.3800 f1score@2: 0.3900 f1score@3: 0.3200 ] Test set [accuracy@1: 0.3800 accuracy@2: 0.5800 accuracy@3: 0.6400 ] 
2024-04-01 18:42:34,149 - [Epoch  55 / 1000] rec_loss: 2.6039 cl_loss: 0.0000 
2024-04-01 18:42:34,462 - Epoch  55 Test set [precision@1: 0.3700 precision@2: 0.2800 precision@3: 0.2100 ] Test set [recall@1: 0.3700 recall@2: 0.5700 recall@3: 0.6400 ] Test set [f1score@1: 0.3700 f1score@2: 0.3800 f1score@3: 0.3200 ] Test set [accuracy@1: 0.3700 accuracy@2: 0.5700 accuracy@3: 0.6400 ] 
2024-04-01 18:42:35,136 - [Epoch  56 / 1000] rec_loss: 2.4233 cl_loss: 0.0000 
2024-04-01 18:42:35,465 - Epoch  56 Test set [precision@1: 0.3600 precision@2: 0.2800 precision@3: 0.2200 ] Test set [recall@1: 0.3600 recall@2: 0.5600 recall@3: 0.6600 ] Test set [f1score@1: 0.3600 f1score@2: 0.3700 f1score@3: 0.3300 ] Test set [accuracy@1: 0.3600 accuracy@2: 0.5600 accuracy@3: 0.6600 ] 
2024-04-01 18:42:36,138 - [Epoch  57 / 1000] rec_loss: 2.4508 cl_loss: 0.0000 
2024-04-01 18:42:36,459 - Epoch  57 Test set [precision@1: 0.3700 precision@2: 0.2800 precision@3: 0.2100 ] Test set [recall@1: 0.3700 recall@2: 0.5500 recall@3: 0.6400 ] Test set [f1score@1: 0.3700 f1score@2: 0.3700 f1score@3: 0.3200 ] Test set [accuracy@1: 0.3700 accuracy@2: 0.5500 accuracy@3: 0.6400 ] 
2024-04-01 18:42:37,135 - [Epoch  58 / 1000] rec_loss: 2.3865 cl_loss: 0.0000 
2024-04-01 18:42:37,456 - Epoch  58 Test set [precision@1: 0.3800 precision@2: 0.2800 precision@3: 0.2200 ] Test set [recall@1: 0.3800 recall@2: 0.5600 recall@3: 0.6600 ] Test set [f1score@1: 0.3800 f1score@2: 0.3700 f1score@3: 0.3300 ] Test set [accuracy@1: 0.3800 accuracy@2: 0.5600 accuracy@3: 0.6600 ] 
2024-04-01 18:42:38,126 - [Epoch  59 / 1000] rec_loss: 2.1561 cl_loss: 0.0000 
2024-04-01 18:42:38,447 - Epoch  59 Test set [precision@1: 0.3900 precision@2: 0.2800 precision@3: 0.2200 ] Test set [recall@1: 0.3900 recall@2: 0.5500 recall@3: 0.6600 ] Test set [f1score@1: 0.3900 f1score@2: 0.3700 f1score@3: 0.3300 ] Test set [accuracy@1: 0.3900 accuracy@2: 0.5500 accuracy@3: 0.6600 ] 
2024-04-01 18:42:39,114 - [Epoch  60 / 1000] rec_loss: 2.4577 cl_loss: 0.0000 
2024-04-01 18:42:39,433 - Epoch  60 Test set [precision@1: 0.3900 precision@2: 0.2800 precision@3: 0.2200 ] Test set [recall@1: 0.3900 recall@2: 0.5500 recall@3: 0.6700 ] Test set [f1score@1: 0.3900 f1score@2: 0.3700 f1score@3: 0.3400 ] Test set [accuracy@1: 0.3900 accuracy@2: 0.5500 accuracy@3: 0.6700 ] 
2024-04-01 18:42:40,138 - [Epoch  61 / 1000] rec_loss: 2.3959 cl_loss: 0.0000 
2024-04-01 18:42:40,462 - Epoch  61 Test set [precision@1: 0.4000 precision@2: 0.2700 precision@3: 0.2200 ] Test set [recall@1: 0.4000 recall@2: 0.5400 recall@3: 0.6500 ] Test set [f1score@1: 0.4000 f1score@2: 0.3600 f1score@3: 0.3200 ] Test set [accuracy@1: 0.4000 accuracy@2: 0.5400 accuracy@3: 0.6500 ] 
2024-04-01 18:42:41,141 - [Epoch  62 / 1000] rec_loss: 2.4902 cl_loss: 0.0000 
2024-04-01 18:42:41,463 - Epoch  62 Test set [precision@1: 0.4000 precision@2: 0.2600 precision@3: 0.2200 ] Test set [recall@1: 0.4000 recall@2: 0.5300 recall@3: 0.6600 ] Test set [f1score@1: 0.4000 f1score@2: 0.3500 f1score@3: 0.3300 ] Test set [accuracy@1: 0.4000 accuracy@2: 0.5300 accuracy@3: 0.6600 ] 
2024-04-01 18:42:42,135 - [Epoch  63 / 1000] rec_loss: 2.3360 cl_loss: 0.0000 
2024-04-01 18:42:42,458 - Epoch  63 Test set [precision@1: 0.4000 precision@2: 0.2800 precision@3: 0.2200 ] Test set [recall@1: 0.4000 recall@2: 0.5600 recall@3: 0.6600 ] Test set [f1score@1: 0.4000 f1score@2: 0.3700 f1score@3: 0.3300 ] Test set [accuracy@1: 0.4000 accuracy@2: 0.5600 accuracy@3: 0.6600 ] 
2024-04-01 18:42:43,133 - [Epoch  64 / 1000] rec_loss: 2.2655 cl_loss: 0.0000 
2024-04-01 18:42:43,452 - Epoch  64 Test set [precision@1: 0.4000 precision@2: 0.2900 precision@3: 0.2300 ] Test set [recall@1: 0.4000 recall@2: 0.5900 recall@3: 0.6900 ] Test set [f1score@1: 0.4000 f1score@2: 0.3900 f1score@3: 0.3400 ] Test set [accuracy@1: 0.4000 accuracy@2: 0.5900 accuracy@3: 0.6900 ] 
2024-04-01 18:42:44,113 - [Epoch  65 / 1000] rec_loss: 2.4954 cl_loss: 0.0000 
2024-04-01 18:42:44,425 - Epoch  65 Test set [precision@1: 0.4000 precision@2: 0.2800 precision@3: 0.2400 ] Test set [recall@1: 0.4000 recall@2: 0.5700 recall@3: 0.7100 ] Test set [f1score@1: 0.4000 f1score@2: 0.3800 f1score@3: 0.3500 ] Test set [accuracy@1: 0.4000 accuracy@2: 0.5700 accuracy@3: 0.7100 ] 
2024-04-01 18:42:45,082 - [Epoch  66 / 1000] rec_loss: 2.3510 cl_loss: 0.0000 
2024-04-01 18:42:45,402 - Epoch  66 Test set [precision@1: 0.4100 precision@2: 0.2900 precision@3: 0.2400 ] Test set [recall@1: 0.4100 recall@2: 0.5800 recall@3: 0.7100 ] Test set [f1score@1: 0.4100 f1score@2: 0.3900 f1score@3: 0.3500 ] Test set [accuracy@1: 0.4100 accuracy@2: 0.5800 accuracy@3: 0.7100 ] 
2024-04-01 18:42:46,057 - [Epoch  67 / 1000] rec_loss: 2.2138 cl_loss: 0.0000 
2024-04-01 18:42:46,370 - Epoch  67 Test set [precision@1: 0.4100 precision@2: 0.2900 precision@3: 0.2400 ] Test set [recall@1: 0.4100 recall@2: 0.5900 recall@3: 0.7200 ] Test set [f1score@1: 0.4100 f1score@2: 0.3900 f1score@3: 0.3600 ] Test set [accuracy@1: 0.4100 accuracy@2: 0.5900 accuracy@3: 0.7200 ] 
2024-04-01 18:42:47,028 - [Epoch  68 / 1000] rec_loss: 2.2274 cl_loss: 0.0000 
2024-04-01 18:42:47,343 - Epoch  68 Test set [precision@1: 0.4000 precision@2: 0.3100 precision@3: 0.2400 ] Test set [recall@1: 0.4000 recall@2: 0.6100 recall@3: 0.7200 ] Test set [f1score@1: 0.4000 f1score@2: 0.4100 f1score@3: 0.3600 ] Test set [accuracy@1: 0.4000 accuracy@2: 0.6100 accuracy@3: 0.7200 ] 
2024-04-01 18:42:48,007 - [Epoch  69 / 1000] rec_loss: 2.2461 cl_loss: 0.0000 
2024-04-01 18:42:48,327 - Epoch  69 Test set [precision@1: 0.4300 precision@2: 0.3100 precision@3: 0.2400 ] Test set [recall@1: 0.4300 recall@2: 0.6300 recall@3: 0.7200 ] Test set [f1score@1: 0.4300 f1score@2: 0.4200 f1score@3: 0.3600 ] Test set [accuracy@1: 0.4300 accuracy@2: 0.6300 accuracy@3: 0.7200 ] 
2024-04-01 18:42:49,000 - [Epoch  70 / 1000] rec_loss: 2.3391 cl_loss: 0.0000 
2024-04-01 18:42:49,322 - Epoch  70 Test set [precision@1: 0.4400 precision@2: 0.3200 precision@3: 0.2400 ] Test set [recall@1: 0.4400 recall@2: 0.6400 recall@3: 0.7100 ] Test set [f1score@1: 0.4400 f1score@2: 0.4300 f1score@3: 0.3500 ] Test set [accuracy@1: 0.4400 accuracy@2: 0.6400 accuracy@3: 0.7100 ] 
2024-04-01 18:42:49,991 - [Epoch  71 / 1000] rec_loss: 2.3831 cl_loss: 0.0000 
2024-04-01 18:42:50,317 - Epoch  71 Test set [precision@1: 0.4400 precision@2: 0.3200 precision@3: 0.2500 ] Test set [recall@1: 0.4400 recall@2: 0.6500 recall@3: 0.7500 ] Test set [f1score@1: 0.4400 f1score@2: 0.4300 f1score@3: 0.3800 ] Test set [accuracy@1: 0.4400 accuracy@2: 0.6500 accuracy@3: 0.7500 ] 
2024-04-01 18:42:50,988 - [Epoch  72 / 1000] rec_loss: 2.1164 cl_loss: 0.0000 
2024-04-01 18:42:51,310 - Epoch  72 Test set [precision@1: 0.4300 precision@2: 0.3200 precision@3: 0.2500 ] Test set [recall@1: 0.4300 recall@2: 0.6400 recall@3: 0.7400 ] Test set [f1score@1: 0.4300 f1score@2: 0.4300 f1score@3: 0.3700 ] Test set [accuracy@1: 0.4300 accuracy@2: 0.6400 accuracy@3: 0.7400 ] 
2024-04-01 18:42:51,980 - [Epoch  73 / 1000] rec_loss: 2.2369 cl_loss: 0.0000 
2024-04-01 18:42:52,304 - Epoch  73 Test set [precision@1: 0.4400 precision@2: 0.3200 precision@3: 0.2500 ] Test set [recall@1: 0.4400 recall@2: 0.6400 recall@3: 0.7500 ] Test set [f1score@1: 0.4400 f1score@2: 0.4300 f1score@3: 0.3800 ] Test set [accuracy@1: 0.4400 accuracy@2: 0.6400 accuracy@3: 0.7500 ] 
2024-04-01 18:42:52,977 - [Epoch  74 / 1000] rec_loss: 2.4160 cl_loss: 0.0000 
2024-04-01 18:42:53,302 - Epoch  74 Test set [precision@1: 0.4300 precision@2: 0.3300 precision@3: 0.2500 ] Test set [recall@1: 0.4300 recall@2: 0.6600 recall@3: 0.7500 ] Test set [f1score@1: 0.4300 f1score@2: 0.4400 f1score@3: 0.3800 ] Test set [accuracy@1: 0.4300 accuracy@2: 0.6600 accuracy@3: 0.7500 ] 
2024-04-01 18:42:53,968 - [Epoch  75 / 1000] rec_loss: 2.1626 cl_loss: 0.0000 
2024-04-01 18:42:54,294 - Epoch  75 Test set [precision@1: 0.4400 precision@2: 0.3200 precision@3: 0.2500 ] Test set [recall@1: 0.4400 recall@2: 0.6400 recall@3: 0.7600 ] Test set [f1score@1: 0.4400 f1score@2: 0.4300 f1score@3: 0.3800 ] Test set [accuracy@1: 0.4400 accuracy@2: 0.6400 accuracy@3: 0.7600 ] 
2024-04-01 18:42:54,961 - [Epoch  76 / 1000] rec_loss: 2.1925 cl_loss: 0.0000 
2024-04-01 18:42:55,318 - Epoch  76 Test set [precision@1: 0.4100 precision@2: 0.3100 precision@3: 0.2400 ] Test set [recall@1: 0.4100 recall@2: 0.6300 recall@3: 0.7300 ] Test set [f1score@1: 0.4100 f1score@2: 0.4200 f1score@3: 0.3700 ] Test set [accuracy@1: 0.4100 accuracy@2: 0.6300 accuracy@3: 0.7300 ] 
2024-04-01 18:42:56,002 - [Epoch  77 / 1000] rec_loss: 2.2007 cl_loss: 0.0000 
2024-04-01 18:42:56,320 - Epoch  77 Test set [precision@1: 0.4300 precision@2: 0.3200 precision@3: 0.2500 ] Test set [recall@1: 0.4300 recall@2: 0.6500 recall@3: 0.7500 ] Test set [f1score@1: 0.4300 f1score@2: 0.4300 f1score@3: 0.3800 ] Test set [accuracy@1: 0.4300 accuracy@2: 0.6500 accuracy@3: 0.7500 ] 
2024-04-01 18:42:56,976 - [Epoch  78 / 1000] rec_loss: 2.3177 cl_loss: 0.0000 
2024-04-01 18:42:57,294 - Epoch  78 Test set [precision@1: 0.4000 precision@2: 0.3200 precision@3: 0.2500 ] Test set [recall@1: 0.4000 recall@2: 0.6500 recall@3: 0.7500 ] Test set [f1score@1: 0.4000 f1score@2: 0.4300 f1score@3: 0.3800 ] Test set [accuracy@1: 0.4000 accuracy@2: 0.6500 accuracy@3: 0.7500 ] 
2024-04-01 18:42:57,951 - [Epoch  79 / 1000] rec_loss: 2.1775 cl_loss: 0.0000 
2024-04-01 18:42:58,263 - Epoch  79 Test set [precision@1: 0.4000 precision@2: 0.3200 precision@3: 0.2500 ] Test set [recall@1: 0.4000 recall@2: 0.6500 recall@3: 0.7400 ] Test set [f1score@1: 0.4000 f1score@2: 0.4300 f1score@3: 0.3700 ] Test set [accuracy@1: 0.4000 accuracy@2: 0.6500 accuracy@3: 0.7400 ] 
2024-04-01 18:42:58,921 - [Epoch  80 / 1000] rec_loss: 2.1766 cl_loss: 0.0000 
2024-04-01 18:42:59,235 - Epoch  80 Test set [precision@1: 0.3900 precision@2: 0.3300 precision@3: 0.2500 ] Test set [recall@1: 0.3900 recall@2: 0.6600 recall@3: 0.7600 ] Test set [f1score@1: 0.3900 f1score@2: 0.4400 f1score@3: 0.3800 ] Test set [accuracy@1: 0.3900 accuracy@2: 0.6600 accuracy@3: 0.7600 ] 
2024-04-01 18:42:59,890 - [Epoch  81 / 1000] rec_loss: 2.1164 cl_loss: 0.0000 
2024-04-01 18:43:00,208 - Epoch  81 Test set [precision@1: 0.4100 precision@2: 0.3200 precision@3: 0.2500 ] Test set [recall@1: 0.4100 recall@2: 0.6400 recall@3: 0.7600 ] Test set [f1score@1: 0.4100 f1score@2: 0.4300 f1score@3: 0.3800 ] Test set [accuracy@1: 0.4100 accuracy@2: 0.6400 accuracy@3: 0.7600 ] 
2024-04-01 18:43:00,873 - [Epoch  82 / 1000] rec_loss: 2.1560 cl_loss: 0.0000 
2024-04-01 18:43:01,194 - Epoch  82 Test set [precision@1: 0.4100 precision@2: 0.3200 precision@3: 0.2600 ] Test set [recall@1: 0.4100 recall@2: 0.6400 recall@3: 0.7700 ] Test set [f1score@1: 0.4100 f1score@2: 0.4300 f1score@3: 0.3800 ] Test set [accuracy@1: 0.4100 accuracy@2: 0.6400 accuracy@3: 0.7700 ] 
2024-04-01 18:43:01,869 - [Epoch  83 / 1000] rec_loss: 2.1521 cl_loss: 0.0000 
2024-04-01 18:43:02,188 - Epoch  83 Test set [precision@1: 0.4100 precision@2: 0.3100 precision@3: 0.2500 ] Test set [recall@1: 0.4100 recall@2: 0.6300 recall@3: 0.7500 ] Test set [f1score@1: 0.4100 f1score@2: 0.4200 f1score@3: 0.3800 ] Test set [accuracy@1: 0.4100 accuracy@2: 0.6300 accuracy@3: 0.7500 ] 
2024-04-01 18:43:02,855 - [Epoch  84 / 1000] rec_loss: 2.1005 cl_loss: 0.0000 
2024-04-01 18:43:03,193 - Epoch  84 Test set [precision@1: 0.4100 precision@2: 0.3200 precision@3: 0.2500 ] Test set [recall@1: 0.4100 recall@2: 0.6400 recall@3: 0.7500 ] Test set [f1score@1: 0.4100 f1score@2: 0.4300 f1score@3: 0.3800 ] Test set [accuracy@1: 0.4100 accuracy@2: 0.6400 accuracy@3: 0.7500 ] 
2024-04-01 18:43:03,867 - [Epoch  85 / 1000] rec_loss: 2.1927 cl_loss: 0.0000 
2024-04-01 18:43:04,191 - Epoch  85 Test set [precision@1: 0.4300 precision@2: 0.3200 precision@3: 0.2700 ] Test set [recall@1: 0.4300 recall@2: 0.6500 recall@3: 0.8000 ] Test set [f1score@1: 0.4300 f1score@2: 0.4300 f1score@3: 0.4000 ] Test set [accuracy@1: 0.4300 accuracy@2: 0.6500 accuracy@3: 0.8000 ] 
2024-04-01 18:43:04,861 - [Epoch  86 / 1000] rec_loss: 2.2120 cl_loss: 0.0000 
2024-04-01 18:43:05,181 - Epoch  86 Test set [precision@1: 0.4300 precision@2: 0.3200 precision@3: 0.2600 ] Test set [recall@1: 0.4300 recall@2: 0.6500 recall@3: 0.7900 ] Test set [f1score@1: 0.4300 f1score@2: 0.4300 f1score@3: 0.4000 ] Test set [accuracy@1: 0.4300 accuracy@2: 0.6500 accuracy@3: 0.7900 ] 
2024-04-01 18:43:05,870 - [Epoch  87 / 1000] rec_loss: 2.1852 cl_loss: 0.0000 
2024-04-01 18:43:06,191 - Epoch  87 Test set [precision@1: 0.4400 precision@2: 0.3300 precision@3: 0.2600 ] Test set [recall@1: 0.4400 recall@2: 0.6600 recall@3: 0.7900 ] Test set [f1score@1: 0.4400 f1score@2: 0.4400 f1score@3: 0.4000 ] Test set [accuracy@1: 0.4400 accuracy@2: 0.6600 accuracy@3: 0.7900 ] 
2024-04-01 18:43:06,858 - [Epoch  88 / 1000] rec_loss: 2.1777 cl_loss: 0.0000 
2024-04-01 18:43:07,179 - Epoch  88 Test set [precision@1: 0.4500 precision@2: 0.3300 precision@3: 0.2600 ] Test set [recall@1: 0.4500 recall@2: 0.6600 recall@3: 0.7900 ] Test set [f1score@1: 0.4500 f1score@2: 0.4400 f1score@3: 0.4000 ] Test set [accuracy@1: 0.4500 accuracy@2: 0.6600 accuracy@3: 0.7900 ] 
2024-04-01 18:43:07,855 - [Epoch  89 / 1000] rec_loss: 2.2098 cl_loss: 0.0000 
2024-04-01 18:43:08,169 - Epoch  89 Test set [precision@1: 0.4500 precision@2: 0.3200 precision@3: 0.2600 ] Test set [recall@1: 0.4500 recall@2: 0.6400 recall@3: 0.7900 ] Test set [f1score@1: 0.4500 f1score@2: 0.4300 f1score@3: 0.4000 ] Test set [accuracy@1: 0.4500 accuracy@2: 0.6400 accuracy@3: 0.7900 ] 
2024-04-01 18:43:08,825 - [Epoch  90 / 1000] rec_loss: 2.1087 cl_loss: 0.0000 
2024-04-01 18:43:09,139 - Epoch  90 Test set [precision@1: 0.4500 precision@2: 0.3200 precision@3: 0.2700 ] Test set [recall@1: 0.4500 recall@2: 0.6500 recall@3: 0.8100 ] Test set [f1score@1: 0.4500 f1score@2: 0.4300 f1score@3: 0.4100 ] Test set [accuracy@1: 0.4500 accuracy@2: 0.6500 accuracy@3: 0.8100 ] 
2024-04-01 18:43:09,796 - [Epoch  91 / 1000] rec_loss: 2.1072 cl_loss: 0.0000 
2024-04-01 18:43:10,111 - Epoch  91 Test set [precision@1: 0.4500 precision@2: 0.3200 precision@3: 0.2700 ] Test set [recall@1: 0.4500 recall@2: 0.6500 recall@3: 0.8200 ] Test set [f1score@1: 0.4500 f1score@2: 0.4300 f1score@3: 0.4100 ] Test set [accuracy@1: 0.4500 accuracy@2: 0.6500 accuracy@3: 0.8200 ] 
2024-04-01 18:43:10,812 - [Epoch  92 / 1000] rec_loss: 2.2007 cl_loss: 0.0000 
2024-04-01 18:43:11,127 - Epoch  92 Test set [precision@1: 0.4500 precision@2: 0.3300 precision@3: 0.2700 ] Test set [recall@1: 0.4500 recall@2: 0.6600 recall@3: 0.8100 ] Test set [f1score@1: 0.4500 f1score@2: 0.4400 f1score@3: 0.4100 ] Test set [accuracy@1: 0.4500 accuracy@2: 0.6600 accuracy@3: 0.8100 ] 
2024-04-01 18:43:11,780 - [Epoch  93 / 1000] rec_loss: 2.1630 cl_loss: 0.0000 
2024-04-01 18:43:12,090 - Epoch  93 Test set [precision@1: 0.4600 precision@2: 0.3100 precision@3: 0.2700 ] Test set [recall@1: 0.4600 recall@2: 0.6300 recall@3: 0.8200 ] Test set [f1score@1: 0.4600 f1score@2: 0.4200 f1score@3: 0.4100 ] Test set [accuracy@1: 0.4600 accuracy@2: 0.6300 accuracy@3: 0.8200 ] 
2024-04-01 18:43:12,747 - [Epoch  94 / 1000] rec_loss: 1.9727 cl_loss: 0.0000 
2024-04-01 18:43:13,062 - Epoch  94 Test set [precision@1: 0.4700 precision@2: 0.3100 precision@3: 0.2700 ] Test set [recall@1: 0.4700 recall@2: 0.6300 recall@3: 0.8000 ] Test set [f1score@1: 0.4700 f1score@2: 0.4200 f1score@3: 0.4000 ] Test set [accuracy@1: 0.4700 accuracy@2: 0.6300 accuracy@3: 0.8000 ] 
2024-04-01 18:43:13,725 - [Epoch  95 / 1000] rec_loss: 2.1433 cl_loss: 0.0000 
2024-04-01 18:43:14,044 - Epoch  95 Test set [precision@1: 0.4300 precision@2: 0.3200 precision@3: 0.2700 ] Test set [recall@1: 0.4300 recall@2: 0.6400 recall@3: 0.8100 ] Test set [f1score@1: 0.4300 f1score@2: 0.4300 f1score@3: 0.4100 ] Test set [accuracy@1: 0.4300 accuracy@2: 0.6400 accuracy@3: 0.8100 ] 
2024-04-01 18:43:14,716 - [Epoch  96 / 1000] rec_loss: 2.0991 cl_loss: 0.0000 
2024-04-01 18:43:15,037 - Epoch  96 Test set [precision@1: 0.4300 precision@2: 0.3100 precision@3: 0.2800 ] Test set [recall@1: 0.4300 recall@2: 0.6300 recall@3: 0.8300 ] Test set [f1score@1: 0.4300 f1score@2: 0.4200 f1score@3: 0.4100 ] Test set [accuracy@1: 0.4300 accuracy@2: 0.6300 accuracy@3: 0.8300 ] 
2024-04-01 18:43:15,834 - [Epoch  97 / 1000] rec_loss: 2.0725 cl_loss: 0.0000 
2024-04-01 18:43:16,231 - Epoch  97 Test set [precision@1: 0.4300 precision@2: 0.3200 precision@3: 0.2700 ] Test set [recall@1: 0.4300 recall@2: 0.6400 recall@3: 0.8200 ] Test set [f1score@1: 0.4300 f1score@2: 0.4300 f1score@3: 0.4100 ] Test set [accuracy@1: 0.4300 accuracy@2: 0.6400 accuracy@3: 0.8200 ] 
2024-04-01 18:43:17,237 - [Epoch  98 / 1000] rec_loss: 2.0977 cl_loss: 0.0000 
2024-04-01 18:43:17,645 - Epoch  98 Test set [precision@1: 0.4500 precision@2: 0.3300 precision@3: 0.2700 ] Test set [recall@1: 0.4500 recall@2: 0.6600 recall@3: 0.8100 ] Test set [f1score@1: 0.4500 f1score@2: 0.4400 f1score@3: 0.4100 ] Test set [accuracy@1: 0.4500 accuracy@2: 0.6600 accuracy@3: 0.8100 ] 
2024-04-01 18:43:18,372 - [Epoch  99 / 1000] rec_loss: 1.9808 cl_loss: 0.0000 
2024-04-01 18:43:18,745 - Epoch  99 Test set [precision@1: 0.4600 precision@2: 0.3300 precision@3: 0.2700 ] Test set [recall@1: 0.4600 recall@2: 0.6600 recall@3: 0.8100 ] Test set [f1score@1: 0.4600 f1score@2: 0.4400 f1score@3: 0.4100 ] Test set [accuracy@1: 0.4600 accuracy@2: 0.6600 accuracy@3: 0.8100 ] 
2024-04-01 18:43:19,520 - [Epoch 100 / 1000] rec_loss: 1.9929 cl_loss: 0.0000 
2024-04-01 18:43:19,893 - Epoch 100 Test set [precision@1: 0.4600 precision@2: 0.3300 precision@3: 0.2700 ] Test set [recall@1: 0.4600 recall@2: 0.6600 recall@3: 0.8100 ] Test set [f1score@1: 0.4600 f1score@2: 0.4400 f1score@3: 0.4100 ] Test set [accuracy@1: 0.4600 accuracy@2: 0.6600 accuracy@3: 0.8100 ] 
2024-04-01 18:43:20,633 - [Epoch 101 / 1000] rec_loss: 2.0338 cl_loss: 0.0000 
2024-04-01 18:43:20,968 - Epoch 101 Test set [precision@1: 0.4600 precision@2: 0.3300 precision@3: 0.2700 ] Test set [recall@1: 0.4600 recall@2: 0.6600 recall@3: 0.8200 ] Test set [f1score@1: 0.4600 f1score@2: 0.4400 f1score@3: 0.4100 ] Test set [accuracy@1: 0.4600 accuracy@2: 0.6600 accuracy@3: 0.8200 ] 
2024-04-01 18:43:21,696 - [Epoch 102 / 1000] rec_loss: 1.9998 cl_loss: 0.0000 
2024-04-01 18:43:22,014 - Epoch 102 Test set [precision@1: 0.4600 precision@2: 0.3400 precision@3: 0.2700 ] Test set [recall@1: 0.4600 recall@2: 0.6900 recall@3: 0.8100 ] Test set [f1score@1: 0.4600 f1score@2: 0.4600 f1score@3: 0.4100 ] Test set [accuracy@1: 0.4600 accuracy@2: 0.6900 accuracy@3: 0.8100 ] 
2024-04-01 18:43:22,763 - [Epoch 103 / 1000] rec_loss: 1.9641 cl_loss: 0.0000 
2024-04-01 18:43:23,083 - Epoch 103 Test set [precision@1: 0.4600 precision@2: 0.3500 precision@3: 0.2700 ] Test set [recall@1: 0.4600 recall@2: 0.7000 recall@3: 0.8100 ] Test set [f1score@1: 0.4600 f1score@2: 0.4700 f1score@3: 0.4100 ] Test set [accuracy@1: 0.4600 accuracy@2: 0.7000 accuracy@3: 0.8100 ] 
2024-04-01 18:43:23,757 - [Epoch 104 / 1000] rec_loss: 1.8974 cl_loss: 0.0000 
2024-04-01 18:43:24,075 - Epoch 104 Test set [precision@1: 0.4500 precision@2: 0.3500 precision@3: 0.2700 ] Test set [recall@1: 0.4500 recall@2: 0.7100 recall@3: 0.8000 ] Test set [f1score@1: 0.4500 f1score@2: 0.4700 f1score@3: 0.4000 ] Test set [accuracy@1: 0.4500 accuracy@2: 0.7100 accuracy@3: 0.8000 ] 
2024-04-01 18:43:24,762 - [Epoch 105 / 1000] rec_loss: 1.9691 cl_loss: 0.0000 
2024-04-01 18:43:25,152 - Epoch 105 Test set [precision@1: 0.4500 precision@2: 0.3500 precision@3: 0.2700 ] Test set [recall@1: 0.4500 recall@2: 0.7000 recall@3: 0.8000 ] Test set [f1score@1: 0.4500 f1score@2: 0.4700 f1score@3: 0.4000 ] Test set [accuracy@1: 0.4500 accuracy@2: 0.7000 accuracy@3: 0.8000 ] 
2024-04-01 18:43:25,936 - [Epoch 106 / 1000] rec_loss: 1.8442 cl_loss: 0.0000 
2024-04-01 18:43:26,279 - Epoch 106 Test set [precision@1: 0.4500 precision@2: 0.3500 precision@3: 0.2700 ] Test set [recall@1: 0.4500 recall@2: 0.7000 recall@3: 0.8000 ] Test set [f1score@1: 0.4500 f1score@2: 0.4700 f1score@3: 0.4000 ] Test set [accuracy@1: 0.4500 accuracy@2: 0.7000 accuracy@3: 0.8000 ] 
2024-04-01 18:43:26,950 - [Epoch 107 / 1000] rec_loss: 2.0162 cl_loss: 0.0000 
2024-04-01 18:43:27,269 - Epoch 107 Test set [precision@1: 0.4600 precision@2: 0.3600 precision@3: 0.2700 ] Test set [recall@1: 0.4600 recall@2: 0.7200 recall@3: 0.8100 ] Test set [f1score@1: 0.4600 f1score@2: 0.4800 f1score@3: 0.4100 ] Test set [accuracy@1: 0.4600 accuracy@2: 0.7200 accuracy@3: 0.8100 ] 
2024-04-01 18:43:27,964 - [Epoch 108 / 1000] rec_loss: 1.7378 cl_loss: 0.0000 
2024-04-01 18:43:28,355 - Epoch 108 Test set [precision@1: 0.4800 precision@2: 0.3700 precision@3: 0.2700 ] Test set [recall@1: 0.4800 recall@2: 0.7400 recall@3: 0.8100 ] Test set [f1score@1: 0.4800 f1score@2: 0.4900 f1score@3: 0.4100 ] Test set [accuracy@1: 0.4800 accuracy@2: 0.7400 accuracy@3: 0.8100 ] 
2024-04-01 18:43:29,039 - [Epoch 109 / 1000] rec_loss: 1.9203 cl_loss: 0.0000 
2024-04-01 18:43:29,365 - Epoch 109 Test set [precision@1: 0.4800 precision@2: 0.3700 precision@3: 0.2700 ] Test set [recall@1: 0.4800 recall@2: 0.7300 recall@3: 0.8100 ] Test set [f1score@1: 0.4800 f1score@2: 0.4900 f1score@3: 0.4100 ] Test set [accuracy@1: 0.4800 accuracy@2: 0.7300 accuracy@3: 0.8100 ] 
2024-04-01 18:43:30,026 - [Epoch 110 / 1000] rec_loss: 2.1596 cl_loss: 0.0000 
2024-04-01 18:43:30,343 - Epoch 110 Test set [precision@1: 0.4900 precision@2: 0.3700 precision@3: 0.2700 ] Test set [recall@1: 0.4900 recall@2: 0.7300 recall@3: 0.8100 ] Test set [f1score@1: 0.4900 f1score@2: 0.4900 f1score@3: 0.4100 ] Test set [accuracy@1: 0.4900 accuracy@2: 0.7300 accuracy@3: 0.8100 ] 
2024-04-01 18:43:31,109 - [Epoch 111 / 1000] rec_loss: 1.9088 cl_loss: 0.0000 
2024-04-01 18:43:31,489 - Epoch 111 Test set [precision@1: 0.4800 precision@2: 0.3500 precision@3: 0.2800 ] Test set [recall@1: 0.4800 recall@2: 0.7000 recall@3: 0.8300 ] Test set [f1score@1: 0.4800 f1score@2: 0.4700 f1score@3: 0.4100 ] Test set [accuracy@1: 0.4800 accuracy@2: 0.7000 accuracy@3: 0.8300 ] 
2024-04-01 18:43:32,295 - [Epoch 112 / 1000] rec_loss: 1.9630 cl_loss: 0.0000 
2024-04-01 18:43:32,613 - Epoch 112 Test set [precision@1: 0.4800 precision@2: 0.3600 precision@3: 0.2800 ] Test set [recall@1: 0.4800 recall@2: 0.7200 recall@3: 0.8300 ] Test set [f1score@1: 0.4800 f1score@2: 0.4800 f1score@3: 0.4100 ] Test set [accuracy@1: 0.4800 accuracy@2: 0.7200 accuracy@3: 0.8300 ] 
2024-04-01 18:43:33,284 - [Epoch 113 / 1000] rec_loss: 2.0392 cl_loss: 0.0000 
2024-04-01 18:43:33,672 - Epoch 113 Test set [precision@1: 0.4700 precision@2: 0.3500 precision@3: 0.2700 ] Test set [recall@1: 0.4700 recall@2: 0.7100 recall@3: 0.8200 ] Test set [f1score@1: 0.4700 f1score@2: 0.4700 f1score@3: 0.4100 ] Test set [accuracy@1: 0.4700 accuracy@2: 0.7100 accuracy@3: 0.8200 ] 
2024-04-01 18:43:34,375 - [Epoch 114 / 1000] rec_loss: 1.9724 cl_loss: 0.0000 
2024-04-01 18:43:34,692 - Epoch 114 Test set [precision@1: 0.4700 precision@2: 0.3700 precision@3: 0.2800 ] Test set [recall@1: 0.4700 recall@2: 0.7300 recall@3: 0.8300 ] Test set [f1score@1: 0.4700 f1score@2: 0.4900 f1score@3: 0.4100 ] Test set [accuracy@1: 0.4700 accuracy@2: 0.7300 accuracy@3: 0.8300 ] 
2024-04-01 18:43:35,374 - [Epoch 115 / 1000] rec_loss: 2.1197 cl_loss: 0.0000 
2024-04-01 18:43:35,752 - Epoch 115 Test set [precision@1: 0.4800 precision@2: 0.3600 precision@3: 0.2700 ] Test set [recall@1: 0.4800 recall@2: 0.7200 recall@3: 0.8200 ] Test set [f1score@1: 0.4800 f1score@2: 0.4800 f1score@3: 0.4100 ] Test set [accuracy@1: 0.4800 accuracy@2: 0.7200 accuracy@3: 0.8200 ] 
2024-04-01 18:43:36,428 - [Epoch 116 / 1000] rec_loss: 1.9857 cl_loss: 0.0000 
2024-04-01 18:43:36,744 - Epoch 116 Test set [precision@1: 0.4800 precision@2: 0.3600 precision@3: 0.2700 ] Test set [recall@1: 0.4800 recall@2: 0.7200 recall@3: 0.8100 ] Test set [f1score@1: 0.4800 f1score@2: 0.4800 f1score@3: 0.4100 ] Test set [accuracy@1: 0.4800 accuracy@2: 0.7200 accuracy@3: 0.8100 ] 
2024-04-01 18:43:37,405 - [Epoch 117 / 1000] rec_loss: 1.9083 cl_loss: 0.0000 
2024-04-01 18:43:37,723 - Epoch 117 Test set [precision@1: 0.4800 precision@2: 0.3500 precision@3: 0.2700 ] Test set [recall@1: 0.4800 recall@2: 0.7100 recall@3: 0.8100 ] Test set [f1score@1: 0.4800 f1score@2: 0.4700 f1score@3: 0.4100 ] Test set [accuracy@1: 0.4800 accuracy@2: 0.7100 accuracy@3: 0.8100 ] 
2024-04-01 18:43:38,374 - [Epoch 118 / 1000] rec_loss: 1.8705 cl_loss: 0.0000 
2024-04-01 18:43:38,680 - Epoch 118 Test set [precision@1: 0.4800 precision@2: 0.3500 precision@3: 0.2700 ] Test set [recall@1: 0.4800 recall@2: 0.7000 recall@3: 0.8100 ] Test set [f1score@1: 0.4800 f1score@2: 0.4700 f1score@3: 0.4100 ] Test set [accuracy@1: 0.4800 accuracy@2: 0.7000 accuracy@3: 0.8100 ] 
2024-04-01 18:43:39,327 - [Epoch 119 / 1000] rec_loss: 1.9153 cl_loss: 0.0000 
2024-04-01 18:43:39,639 - Epoch 119 Test set [precision@1: 0.4900 precision@2: 0.3500 precision@3: 0.2700 ] Test set [recall@1: 0.4900 recall@2: 0.7000 recall@3: 0.8100 ] Test set [f1score@1: 0.4900 f1score@2: 0.4700 f1score@3: 0.4100 ] Test set [accuracy@1: 0.4900 accuracy@2: 0.7000 accuracy@3: 0.8100 ] 
2024-04-01 18:43:40,303 - [Epoch 120 / 1000] rec_loss: 1.9344 cl_loss: 0.0000 
2024-04-01 18:43:40,620 - Epoch 120 Test set [precision@1: 0.4900 precision@2: 0.3400 precision@3: 0.2700 ] Test set [recall@1: 0.4900 recall@2: 0.6900 recall@3: 0.8100 ] Test set [f1score@1: 0.4900 f1score@2: 0.4600 f1score@3: 0.4100 ] Test set [accuracy@1: 0.4900 accuracy@2: 0.6900 accuracy@3: 0.8100 ] 
2024-04-01 18:43:41,295 - [Epoch 121 / 1000] rec_loss: 1.9498 cl_loss: 0.0000 
2024-04-01 18:43:41,624 - Epoch 121 Test set [precision@1: 0.4800 precision@2: 0.3400 precision@3: 0.2700 ] Test set [recall@1: 0.4800 recall@2: 0.6900 recall@3: 0.8000 ] Test set [f1score@1: 0.4800 f1score@2: 0.4600 f1score@3: 0.4000 ] Test set [accuracy@1: 0.4800 accuracy@2: 0.6900 accuracy@3: 0.8000 ] 
2024-04-01 18:43:42,337 - [Epoch 122 / 1000] rec_loss: 1.9092 cl_loss: 0.0000 
2024-04-01 18:43:42,678 - Epoch 122 Test set [precision@1: 0.4900 precision@2: 0.3400 precision@3: 0.2700 ] Test set [recall@1: 0.4900 recall@2: 0.6900 recall@3: 0.8200 ] Test set [f1score@1: 0.4900 f1score@2: 0.4600 f1score@3: 0.4100 ] Test set [accuracy@1: 0.4900 accuracy@2: 0.6900 accuracy@3: 0.8200 ] 
2024-04-01 18:43:43,392 - [Epoch 123 / 1000] rec_loss: 1.8807 cl_loss: 0.0000 
2024-04-01 18:43:43,737 - Epoch 123 Test set [precision@1: 0.4900 precision@2: 0.3400 precision@3: 0.2800 ] Test set [recall@1: 0.4900 recall@2: 0.6900 recall@3: 0.8300 ] Test set [f1score@1: 0.4900 f1score@2: 0.4600 f1score@3: 0.4100 ] Test set [accuracy@1: 0.4900 accuracy@2: 0.6900 accuracy@3: 0.8300 ] 
2024-04-01 18:43:44,713 - [Epoch 124 / 1000] rec_loss: 1.8518 cl_loss: 0.0000 
2024-04-01 18:43:45,035 - Epoch 124 Test set [precision@1: 0.5000 precision@2: 0.3400 precision@3: 0.2800 ] Test set [recall@1: 0.5000 recall@2: 0.6900 recall@3: 0.8300 ] Test set [f1score@1: 0.5000 f1score@2: 0.4600 f1score@3: 0.4100 ] Test set [accuracy@1: 0.5000 accuracy@2: 0.6900 accuracy@3: 0.8300 ] 
2024-04-01 18:43:45,721 - [Epoch 125 / 1000] rec_loss: 1.9033 cl_loss: 0.0000 
2024-04-01 18:43:46,061 - Epoch 125 Test set [precision@1: 0.4900 precision@2: 0.3400 precision@3: 0.2800 ] Test set [recall@1: 0.4900 recall@2: 0.6800 recall@3: 0.8300 ] Test set [f1score@1: 0.4900 f1score@2: 0.4500 f1score@3: 0.4100 ] Test set [accuracy@1: 0.4900 accuracy@2: 0.6800 accuracy@3: 0.8300 ] 
2024-04-01 18:43:47,011 - [Epoch 126 / 1000] rec_loss: 1.8174 cl_loss: 0.0000 
2024-04-01 18:43:47,359 - Epoch 126 Test set [precision@1: 0.4900 precision@2: 0.3500 precision@3: 0.2800 ] Test set [recall@1: 0.4900 recall@2: 0.7000 recall@3: 0.8300 ] Test set [f1score@1: 0.4900 f1score@2: 0.4700 f1score@3: 0.4100 ] Test set [accuracy@1: 0.4900 accuracy@2: 0.7000 accuracy@3: 0.8300 ] 
2024-04-01 18:43:48,070 - [Epoch 127 / 1000] rec_loss: 1.9716 cl_loss: 0.0000 
2024-04-01 18:43:48,393 - Epoch 127 Test set [precision@1: 0.4900 precision@2: 0.3500 precision@3: 0.2800 ] Test set [recall@1: 0.4900 recall@2: 0.7000 recall@3: 0.8300 ] Test set [f1score@1: 0.4900 f1score@2: 0.4700 f1score@3: 0.4100 ] Test set [accuracy@1: 0.4900 accuracy@2: 0.7000 accuracy@3: 0.8300 ] 
2024-04-01 18:43:49,160 - [Epoch 128 / 1000] rec_loss: 1.7605 cl_loss: 0.0000 
2024-04-01 18:43:49,498 - Epoch 128 Test set [precision@1: 0.4900 precision@2: 0.3500 precision@3: 0.2800 ] Test set [recall@1: 0.4900 recall@2: 0.7000 recall@3: 0.8300 ] Test set [f1score@1: 0.4900 f1score@2: 0.4700 f1score@3: 0.4100 ] Test set [accuracy@1: 0.4900 accuracy@2: 0.7000 accuracy@3: 0.8300 ] 
2024-04-01 18:43:50,447 - [Epoch 129 / 1000] rec_loss: 1.8065 cl_loss: 0.0000 
2024-04-01 18:43:50,802 - Epoch 129 Test set [precision@1: 0.4900 precision@2: 0.3500 precision@3: 0.2800 ] Test set [recall@1: 0.4900 recall@2: 0.7100 recall@3: 0.8300 ] Test set [f1score@1: 0.4900 f1score@2: 0.4700 f1score@3: 0.4100 ] Test set [accuracy@1: 0.4900 accuracy@2: 0.7100 accuracy@3: 0.8300 ] 
2024-04-01 18:43:51,650 - [Epoch 130 / 1000] rec_loss: 1.9134 cl_loss: 0.0000 
2024-04-01 18:43:51,970 - Epoch 130 Test set [precision@1: 0.4900 precision@2: 0.3500 precision@3: 0.2800 ] Test set [recall@1: 0.4900 recall@2: 0.7000 recall@3: 0.8400 ] Test set [f1score@1: 0.4900 f1score@2: 0.4700 f1score@3: 0.4200 ] Test set [accuracy@1: 0.4900 accuracy@2: 0.7000 accuracy@3: 0.8400 ] 
2024-04-01 18:43:52,645 - [Epoch 131 / 1000] rec_loss: 1.8158 cl_loss: 0.0000 
2024-04-01 18:43:52,996 - Epoch 131 Test set [precision@1: 0.4900 precision@2: 0.3500 precision@3: 0.2800 ] Test set [recall@1: 0.4900 recall@2: 0.7000 recall@3: 0.8400 ] Test set [f1score@1: 0.4900 f1score@2: 0.4700 f1score@3: 0.4200 ] Test set [accuracy@1: 0.4900 accuracy@2: 0.7000 accuracy@3: 0.8400 ] 
2024-04-01 18:43:53,752 - [Epoch 132 / 1000] rec_loss: 1.8326 cl_loss: 0.0000 
2024-04-01 18:43:54,094 - Epoch 132 Test set [precision@1: 0.5000 precision@2: 0.3500 precision@3: 0.2800 ] Test set [recall@1: 0.5000 recall@2: 0.7100 recall@3: 0.8400 ] Test set [f1score@1: 0.5000 f1score@2: 0.4700 f1score@3: 0.4200 ] Test set [accuracy@1: 0.5000 accuracy@2: 0.7100 accuracy@3: 0.8400 ] 
2024-04-01 18:43:54,780 - [Epoch 133 / 1000] rec_loss: 1.8898 cl_loss: 0.0000 
2024-04-01 18:43:55,117 - Epoch 133 Test set [precision@1: 0.5200 precision@2: 0.3500 precision@3: 0.2800 ] Test set [recall@1: 0.5200 recall@2: 0.7100 recall@3: 0.8400 ] Test set [f1score@1: 0.5200 f1score@2: 0.4700 f1score@3: 0.4200 ] Test set [accuracy@1: 0.5200 accuracy@2: 0.7100 accuracy@3: 0.8400 ] 
2024-04-01 18:43:55,813 - [Epoch 134 / 1000] rec_loss: 1.8769 cl_loss: 0.0000 
2024-04-01 18:43:56,157 - Epoch 134 Test set [precision@1: 0.5200 precision@2: 0.3500 precision@3: 0.2800 ] Test set [recall@1: 0.5200 recall@2: 0.7100 recall@3: 0.8400 ] Test set [f1score@1: 0.5200 f1score@2: 0.4700 f1score@3: 0.4200 ] Test set [accuracy@1: 0.5200 accuracy@2: 0.7100 accuracy@3: 0.8400 ] 
2024-04-01 18:43:56,874 - [Epoch 135 / 1000] rec_loss: 1.7888 cl_loss: 0.0000 
2024-04-01 18:43:57,190 - Epoch 135 Test set [precision@1: 0.5100 precision@2: 0.3700 precision@3: 0.2800 ] Test set [recall@1: 0.5100 recall@2: 0.7300 recall@3: 0.8500 ] Test set [f1score@1: 0.5100 f1score@2: 0.4900 f1score@3: 0.4300 ] Test set [accuracy@1: 0.5100 accuracy@2: 0.7300 accuracy@3: 0.8500 ] 
2024-04-01 18:43:57,858 - [Epoch 136 / 1000] rec_loss: 1.7451 cl_loss: 0.0000 
2024-04-01 18:43:58,192 - Epoch 136 Test set [precision@1: 0.5000 precision@2: 0.3800 precision@3: 0.2800 ] Test set [recall@1: 0.5000 recall@2: 0.7500 recall@3: 0.8500 ] Test set [f1score@1: 0.5000 f1score@2: 0.5000 f1score@3: 0.4300 ] Test set [accuracy@1: 0.5000 accuracy@2: 0.7500 accuracy@3: 0.8500 ] 
2024-04-01 18:43:59,049 - [Epoch 137 / 1000] rec_loss: 1.8114 cl_loss: 0.0000 
2024-04-01 18:43:59,371 - Epoch 137 Test set [precision@1: 0.5000 precision@2: 0.3800 precision@3: 0.2800 ] Test set [recall@1: 0.5000 recall@2: 0.7500 recall@3: 0.8400 ] Test set [f1score@1: 0.5000 f1score@2: 0.5000 f1score@3: 0.4200 ] Test set [accuracy@1: 0.5000 accuracy@2: 0.7500 accuracy@3: 0.8400 ] 
2024-04-01 18:44:00,128 - [Epoch 138 / 1000] rec_loss: 1.7567 cl_loss: 0.0000 
2024-04-01 18:44:00,503 - Epoch 138 Test set [precision@1: 0.5100 precision@2: 0.3800 precision@3: 0.2800 ] Test set [recall@1: 0.5100 recall@2: 0.7600 recall@3: 0.8500 ] Test set [f1score@1: 0.5100 f1score@2: 0.5100 f1score@3: 0.4300 ] Test set [accuracy@1: 0.5100 accuracy@2: 0.7600 accuracy@3: 0.8500 ] 
2024-04-01 18:44:01,276 - [Epoch 139 / 1000] rec_loss: 2.0295 cl_loss: 0.0000 
2024-04-01 18:44:01,616 - Epoch 139 Test set [precision@1: 0.5100 precision@2: 0.3800 precision@3: 0.2800 ] Test set [recall@1: 0.5100 recall@2: 0.7500 recall@3: 0.8500 ] Test set [f1score@1: 0.5100 f1score@2: 0.5000 f1score@3: 0.4300 ] Test set [accuracy@1: 0.5100 accuracy@2: 0.7500 accuracy@3: 0.8500 ] 
2024-04-01 18:44:02,367 - [Epoch 140 / 1000] rec_loss: 1.8049 cl_loss: 0.0000 
2024-04-01 18:44:02,693 - Epoch 140 Test set [precision@1: 0.5100 precision@2: 0.3800 precision@3: 0.2800 ] Test set [recall@1: 0.5100 recall@2: 0.7600 recall@3: 0.8400 ] Test set [f1score@1: 0.5100 f1score@2: 0.5100 f1score@3: 0.4200 ] Test set [accuracy@1: 0.5100 accuracy@2: 0.7600 accuracy@3: 0.8400 ] 
2024-04-01 18:44:03,384 - [Epoch 141 / 1000] rec_loss: 1.8384 cl_loss: 0.0000 
2024-04-01 18:44:03,710 - Epoch 141 Test set [precision@1: 0.5100 precision@2: 0.3800 precision@3: 0.2800 ] Test set [recall@1: 0.5100 recall@2: 0.7600 recall@3: 0.8400 ] Test set [f1score@1: 0.5100 f1score@2: 0.5100 f1score@3: 0.4200 ] Test set [accuracy@1: 0.5100 accuracy@2: 0.7600 accuracy@3: 0.8400 ] 
2024-04-01 18:44:04,429 - [Epoch 142 / 1000] rec_loss: 1.9030 cl_loss: 0.0000 
2024-04-01 18:44:04,864 - Epoch 142 Test set [precision@1: 0.5300 precision@2: 0.3800 precision@3: 0.2800 ] Test set [recall@1: 0.5300 recall@2: 0.7600 recall@3: 0.8300 ] Test set [f1score@1: 0.5300 f1score@2: 0.5100 f1score@3: 0.4100 ] Test set [accuracy@1: 0.5300 accuracy@2: 0.7600 accuracy@3: 0.8300 ] 
2024-04-01 18:44:05,628 - [Epoch 143 / 1000] rec_loss: 1.7511 cl_loss: 0.0000 
2024-04-01 18:44:05,937 - Epoch 143 Test set [precision@1: 0.5300 precision@2: 0.3800 precision@3: 0.2800 ] Test set [recall@1: 0.5300 recall@2: 0.7600 recall@3: 0.8400 ] Test set [f1score@1: 0.5300 f1score@2: 0.5100 f1score@3: 0.4200 ] Test set [accuracy@1: 0.5300 accuracy@2: 0.7600 accuracy@3: 0.8400 ] 
2024-04-01 18:44:06,595 - [Epoch 144 / 1000] rec_loss: 1.8768 cl_loss: 0.0000 
2024-04-01 18:44:06,903 - Epoch 144 Test set [precision@1: 0.5300 precision@2: 0.3800 precision@3: 0.2800 ] Test set [recall@1: 0.5300 recall@2: 0.7500 recall@3: 0.8500 ] Test set [f1score@1: 0.5300 f1score@2: 0.5000 f1score@3: 0.4300 ] Test set [accuracy@1: 0.5300 accuracy@2: 0.7500 accuracy@3: 0.8500 ] 
2024-04-01 18:44:07,634 - [Epoch 145 / 1000] rec_loss: 1.7407 cl_loss: 0.0000 
2024-04-01 18:44:07,979 - Epoch 145 Test set [precision@1: 0.5300 precision@2: 0.3700 precision@3: 0.2800 ] Test set [recall@1: 0.5300 recall@2: 0.7300 recall@3: 0.8500 ] Test set [f1score@1: 0.5300 f1score@2: 0.4900 f1score@3: 0.4300 ] Test set [accuracy@1: 0.5300 accuracy@2: 0.7300 accuracy@3: 0.8500 ] 
2024-04-01 18:44:08,674 - [Epoch 146 / 1000] rec_loss: 1.7093 cl_loss: 0.0000 
2024-04-01 18:44:08,988 - Epoch 146 Test set [precision@1: 0.5400 precision@2: 0.3700 precision@3: 0.2800 ] Test set [recall@1: 0.5400 recall@2: 0.7300 recall@3: 0.8500 ] Test set [f1score@1: 0.5400 f1score@2: 0.4900 f1score@3: 0.4300 ] Test set [accuracy@1: 0.5400 accuracy@2: 0.7300 accuracy@3: 0.8500 ] 
2024-04-01 18:44:09,649 - [Epoch 147 / 1000] rec_loss: 1.8040 cl_loss: 0.0000 
2024-04-01 18:44:09,965 - Epoch 147 Test set [precision@1: 0.5400 precision@2: 0.3700 precision@3: 0.2800 ] Test set [recall@1: 0.5400 recall@2: 0.7400 recall@3: 0.8500 ] Test set [f1score@1: 0.5400 f1score@2: 0.4900 f1score@3: 0.4300 ] Test set [accuracy@1: 0.5400 accuracy@2: 0.7400 accuracy@3: 0.8500 ] 
