2024-03-15 02:05:39,055 - {'optimizer': {'name': 'adam', 'lr': 0.0001, 'final_lr': 1e-06, 'weight_decay': 0}, 'train': {'model_test_run': False, 'weighted_loss_fn': True, 'epoch': 210, 'batch_size': 16, 'save_model': True, 'log_loss': True, 'test_step': 1, 'reproducible': True, 'seed': 2023, 'tensorboard': True, 'conf_mat': True, 'ssl': False, 'gradient_accumulation': True, 'accumulation_steps': 4, 'early_stop': False, 'parameter_class_weights_path': './datasets/sequential/undersampling/parameters/param.pkl', 'parameter_label_mapping_path': './datasets/sequential/undersampling/parameters/label_mapping.pkl'}, 'test': {'metrics': ['recall', 'precision'], 'k': [1, 2, 3], 'batch_size': 16, 'train_eval': False, 'save_path': '2024-03-15_02-05'}, 'data': {'type': 'sequential', 'name': 'undersampling', 'seq_aug': False, 'dynamic_context_window_length': 100, 'user_num': 2245, 'item_num': 28, 'max_context_length': 100, 'dynamic_context_feat_num': 14, 'static_context_feat_num': 7, 'static_context_max': [6, 12, 6, 23, 1, 1, 1]}, 'model': {'name': 'cl4srec', 'context_encoder': 'lstm', 'interaction_encoder': 'sasrec', 'dropout_rate': 0.1, 'n_layers': 2, 'embedding_size': 64, 'n_heads': 2, 'max_seq_len': 10, 'lmd': 0.1, 'tau': 1}, 'lstm': {'hidden_size': 64, 'num_layers': 30, 'output_size': 256}, 'tune': {'enable': False, 'hyperparameters': ['dropout_rate', 'lmb', 'tau'], 'dropout_rate': [0.1, 0.3, 0.5], 'lmb': [0.05, 0.1, 0.2], 'tau': [0.5, 0.7, 0.9]}, 'duorec': {'inner_size': 256, 'hidden_dropout_prob': 0.5, 'attn_dropout_prob': 0.5, 'hidden_act': 'gelu', 'layer_norm_eps': 1e-12, 'initializer_range': 0.02}, 'device': 'cuda'}
2024-03-15 02:05:50,172 - [Epoch   0 / 210] rec_loss: 3.3106 cl_loss: 0.0000 
2024-03-15 02:05:51,365 - Epoch   0 Test set [precision@1: 0.2400 precision@2: 0.1900 precision@3: 0.1700 ] Test set [recall@1: 0.2400 recall@2: 0.3700 recall@3: 0.5000 ] Test set [f1score@1: 0.2400 f1score@2: 0.2500 f1score@3: 0.2500 ] Test set [accuracy@1: 0.2400 accuracy@2: 0.3700 accuracy@3: 0.5000 ] 
2024-03-15 02:06:00,903 - [Epoch   1 / 210] rec_loss: 2.5574 cl_loss: 0.0000 
2024-03-15 02:06:02,080 - Epoch   1 Test set [precision@1: 0.1700 precision@2: 0.2100 precision@3: 0.1800 ] Test set [recall@1: 0.1700 recall@2: 0.4100 recall@3: 0.5300 ] Test set [f1score@1: 0.1700 f1score@2: 0.2700 f1score@3: 0.2600 ] Test set [accuracy@1: 0.1700 accuracy@2: 0.4100 accuracy@3: 0.5300 ] 
2024-03-15 02:06:10,712 - [Epoch   2 / 210] rec_loss: 2.3675 cl_loss: 0.0000 
2024-03-15 02:06:11,806 - Epoch   2 Test set [precision@1: 0.1700 precision@2: 0.2100 precision@3: 0.1800 ] Test set [recall@1: 0.1700 recall@2: 0.4100 recall@3: 0.5500 ] Test set [f1score@1: 0.1700 f1score@2: 0.2700 f1score@3: 0.2700 ] Test set [accuracy@1: 0.1700 accuracy@2: 0.4100 accuracy@3: 0.5500 ] 
2024-03-15 02:06:20,678 - [Epoch   3 / 210] rec_loss: 2.3280 cl_loss: 0.0000 
2024-03-15 02:06:21,769 - Epoch   3 Test set [precision@1: 0.1700 precision@2: 0.2100 precision@3: 0.1800 ] Test set [recall@1: 0.1700 recall@2: 0.4100 recall@3: 0.5300 ] Test set [f1score@1: 0.1700 f1score@2: 0.2700 f1score@3: 0.2600 ] Test set [accuracy@1: 0.1700 accuracy@2: 0.4100 accuracy@3: 0.5300 ] 
2024-03-15 02:06:31,371 - [Epoch   4 / 210] rec_loss: 2.3075 cl_loss: 0.0000 
2024-03-15 02:06:32,454 - Epoch   4 Test set [precision@1: 0.1700 precision@2: 0.2100 precision@3: 0.1800 ] Test set [recall@1: 0.1700 recall@2: 0.4100 recall@3: 0.5300 ] Test set [f1score@1: 0.1700 f1score@2: 0.2700 f1score@3: 0.2600 ] Test set [accuracy@1: 0.1700 accuracy@2: 0.4100 accuracy@3: 0.5300 ] 
2024-03-15 02:06:42,358 - [Epoch   5 / 210] rec_loss: 2.2977 cl_loss: 0.0000 
2024-03-15 02:06:43,456 - Epoch   5 Test set [precision@1: 0.1700 precision@2: 0.2100 precision@3: 0.1800 ] Test set [recall@1: 0.1700 recall@2: 0.4100 recall@3: 0.5300 ] Test set [f1score@1: 0.1700 f1score@2: 0.2700 f1score@3: 0.2600 ] Test set [accuracy@1: 0.1700 accuracy@2: 0.4100 accuracy@3: 0.5300 ] 
2024-03-15 02:06:52,925 - [Epoch   6 / 210] rec_loss: 2.2910 cl_loss: 0.0000 
2024-03-15 02:06:54,010 - Epoch   6 Test set [precision@1: 0.1700 precision@2: 0.2100 precision@3: 0.2000 ] Test set [recall@1: 0.1700 recall@2: 0.4100 recall@3: 0.5900 ] Test set [f1score@1: 0.1700 f1score@2: 0.2700 f1score@3: 0.3000 ] Test set [accuracy@1: 0.1700 accuracy@2: 0.4100 accuracy@3: 0.5900 ] 
2024-03-15 02:07:02,606 - [Epoch   7 / 210] rec_loss: 2.2689 cl_loss: 0.0000 
2024-03-15 02:07:03,696 - Epoch   7 Test set [precision@1: 0.3300 precision@2: 0.2100 precision@3: 0.2000 ] Test set [recall@1: 0.3300 recall@2: 0.4100 recall@3: 0.5900 ] Test set [f1score@1: 0.3300 f1score@2: 0.2700 f1score@3: 0.2900 ] Test set [accuracy@1: 0.3300 accuracy@2: 0.4100 accuracy@3: 0.5900 ] 
2024-03-15 02:07:12,618 - [Epoch   8 / 210] rec_loss: 2.2342 cl_loss: 0.0000 
2024-03-15 02:07:13,705 - Epoch   8 Test set [precision@1: 0.3500 precision@2: 0.2700 precision@3: 0.2200 ] Test set [recall@1: 0.3500 recall@2: 0.5400 recall@3: 0.6600 ] Test set [f1score@1: 0.3500 f1score@2: 0.3600 f1score@3: 0.3300 ] Test set [accuracy@1: 0.3500 accuracy@2: 0.5400 accuracy@3: 0.6600 ] 
2024-03-15 02:07:23,718 - [Epoch   9 / 210] rec_loss: 2.1729 cl_loss: 0.0000 
2024-03-15 02:07:24,804 - Epoch   9 Test set [precision@1: 0.3600 precision@2: 0.2800 precision@3: 0.2200 ] Test set [recall@1: 0.3600 recall@2: 0.5500 recall@3: 0.6600 ] Test set [f1score@1: 0.3600 f1score@2: 0.3700 f1score@3: 0.3300 ] Test set [accuracy@1: 0.3600 accuracy@2: 0.5500 accuracy@3: 0.6600 ] 
2024-03-15 02:07:33,536 - [Epoch  10 / 210] rec_loss: 2.1493 cl_loss: 0.0000 
2024-03-15 02:07:34,622 - Epoch  10 Test set [precision@1: 0.3700 precision@2: 0.2800 precision@3: 0.2300 ] Test set [recall@1: 0.3700 recall@2: 0.5600 recall@3: 0.6800 ] Test set [f1score@1: 0.3700 f1score@2: 0.3700 f1score@3: 0.3400 ] Test set [accuracy@1: 0.3700 accuracy@2: 0.5600 accuracy@3: 0.6800 ] 
2024-03-15 02:07:44,490 - [Epoch  11 / 210] rec_loss: 2.1409 cl_loss: 0.0000 
2024-03-15 02:07:45,642 - Epoch  11 Test set [precision@1: 0.3700 precision@2: 0.2800 precision@3: 0.2300 ] Test set [recall@1: 0.3700 recall@2: 0.5600 recall@3: 0.6900 ] Test set [f1score@1: 0.3700 f1score@2: 0.3700 f1score@3: 0.3400 ] Test set [accuracy@1: 0.3700 accuracy@2: 0.5600 accuracy@3: 0.6900 ] 
2024-03-15 02:07:55,233 - [Epoch  12 / 210] rec_loss: 2.1218 cl_loss: 0.0000 
2024-03-15 02:07:56,327 - Epoch  12 Test set [precision@1: 0.3700 precision@2: 0.2800 precision@3: 0.2300 ] Test set [recall@1: 0.3700 recall@2: 0.5600 recall@3: 0.6900 ] Test set [f1score@1: 0.3700 f1score@2: 0.3800 f1score@3: 0.3400 ] Test set [accuracy@1: 0.3700 accuracy@2: 0.5600 accuracy@3: 0.6900 ] 
2024-03-15 02:08:04,890 - [Epoch  13 / 210] rec_loss: 2.1002 cl_loss: 0.0000 
2024-03-15 02:08:05,985 - Epoch  13 Test set [precision@1: 0.3700 precision@2: 0.2800 precision@3: 0.2300 ] Test set [recall@1: 0.3700 recall@2: 0.5600 recall@3: 0.6900 ] Test set [f1score@1: 0.3700 f1score@2: 0.3800 f1score@3: 0.3400 ] Test set [accuracy@1: 0.3700 accuracy@2: 0.5600 accuracy@3: 0.6900 ] 
2024-03-15 02:08:14,484 - [Epoch  14 / 210] rec_loss: 2.0858 cl_loss: 0.0000 
2024-03-15 02:08:15,652 - Epoch  14 Test set [precision@1: 0.3700 precision@2: 0.2800 precision@3: 0.2300 ] Test set [recall@1: 0.3700 recall@2: 0.5600 recall@3: 0.6900 ] Test set [f1score@1: 0.3700 f1score@2: 0.3800 f1score@3: 0.3500 ] Test set [accuracy@1: 0.3700 accuracy@2: 0.5600 accuracy@3: 0.6900 ] 
2024-03-15 02:08:24,215 - [Epoch  15 / 210] rec_loss: 2.0617 cl_loss: 0.0000 
2024-03-15 02:08:25,369 - Epoch  15 Test set [precision@1: 0.3800 precision@2: 0.2800 precision@3: 0.2400 ] Test set [recall@1: 0.3800 recall@2: 0.5600 recall@3: 0.7200 ] Test set [f1score@1: 0.3800 f1score@2: 0.3800 f1score@3: 0.3600 ] Test set [accuracy@1: 0.3800 accuracy@2: 0.5600 accuracy@3: 0.7200 ] 
2024-03-15 02:08:35,478 - [Epoch  16 / 210] rec_loss: 2.0592 cl_loss: 0.0000 
2024-03-15 02:08:36,650 - Epoch  16 Test set [precision@1: 0.3700 precision@2: 0.2800 precision@3: 0.2400 ] Test set [recall@1: 0.3700 recall@2: 0.5600 recall@3: 0.7200 ] Test set [f1score@1: 0.3700 f1score@2: 0.3700 f1score@3: 0.3600 ] Test set [accuracy@1: 0.3700 accuracy@2: 0.5600 accuracy@3: 0.7200 ] 
2024-03-15 02:08:46,410 - [Epoch  17 / 210] rec_loss: 2.0483 cl_loss: 0.0000 
2024-03-15 02:08:47,557 - Epoch  17 Test set [precision@1: 0.3800 precision@2: 0.3000 precision@3: 0.2400 ] Test set [recall@1: 0.3800 recall@2: 0.6000 recall@3: 0.7200 ] Test set [f1score@1: 0.3800 f1score@2: 0.4000 f1score@3: 0.3600 ] Test set [accuracy@1: 0.3800 accuracy@2: 0.6000 accuracy@3: 0.7200 ] 
2024-03-15 02:08:56,863 - [Epoch  18 / 210] rec_loss: 2.0412 cl_loss: 0.0000 
2024-03-15 02:08:57,949 - Epoch  18 Test set [precision@1: 0.3900 precision@2: 0.3100 precision@3: 0.2500 ] Test set [recall@1: 0.3900 recall@2: 0.6200 recall@3: 0.7400 ] Test set [f1score@1: 0.3900 f1score@2: 0.4100 f1score@3: 0.3700 ] Test set [accuracy@1: 0.3900 accuracy@2: 0.6200 accuracy@3: 0.7400 ] 
2024-03-15 02:09:07,872 - [Epoch  19 / 210] rec_loss: 2.0249 cl_loss: 0.0000 
2024-03-15 02:09:09,032 - Epoch  19 Test set [precision@1: 0.3900 precision@2: 0.3100 precision@3: 0.2500 ] Test set [recall@1: 0.3900 recall@2: 0.6100 recall@3: 0.7400 ] Test set [f1score@1: 0.3900 f1score@2: 0.4100 f1score@3: 0.3700 ] Test set [accuracy@1: 0.3900 accuracy@2: 0.6100 accuracy@3: 0.7400 ] 
2024-03-15 02:09:18,896 - [Epoch  20 / 210] rec_loss: 2.0009 cl_loss: 0.0000 
2024-03-15 02:09:19,984 - Epoch  20 Test set [precision@1: 0.3900 precision@2: 0.3000 precision@3: 0.2400 ] Test set [recall@1: 0.3900 recall@2: 0.6000 recall@3: 0.7100 ] Test set [f1score@1: 0.3900 f1score@2: 0.4000 f1score@3: 0.3600 ] Test set [accuracy@1: 0.3900 accuracy@2: 0.6000 accuracy@3: 0.7100 ] 
2024-03-15 02:09:28,654 - [Epoch  21 / 210] rec_loss: 1.9947 cl_loss: 0.0000 
2024-03-15 02:09:29,743 - Epoch  21 Test set [precision@1: 0.4100 precision@2: 0.3000 precision@3: 0.2500 ] Test set [recall@1: 0.4100 recall@2: 0.6100 recall@3: 0.7400 ] Test set [f1score@1: 0.4100 f1score@2: 0.4000 f1score@3: 0.3700 ] Test set [accuracy@1: 0.4100 accuracy@2: 0.6100 accuracy@3: 0.7400 ] 
2024-03-15 02:09:39,714 - [Epoch  22 / 210] rec_loss: 1.9829 cl_loss: 0.0000 
2024-03-15 02:09:40,803 - Epoch  22 Test set [precision@1: 0.3900 precision@2: 0.3000 precision@3: 0.2400 ] Test set [recall@1: 0.3900 recall@2: 0.6000 recall@3: 0.7100 ] Test set [f1score@1: 0.3900 f1score@2: 0.4000 f1score@3: 0.3500 ] Test set [accuracy@1: 0.3900 accuracy@2: 0.6000 accuracy@3: 0.7100 ] 
2024-03-15 02:09:50,670 - [Epoch  23 / 210] rec_loss: 1.9685 cl_loss: 0.0000 
2024-03-15 02:09:51,757 - Epoch  23 Test set [precision@1: 0.4200 precision@2: 0.3200 precision@3: 0.2500 ] Test set [recall@1: 0.4200 recall@2: 0.6400 recall@3: 0.7400 ] Test set [f1score@1: 0.4200 f1score@2: 0.4200 f1score@3: 0.3700 ] Test set [accuracy@1: 0.4200 accuracy@2: 0.6400 accuracy@3: 0.7400 ] 
2024-03-15 02:10:01,736 - [Epoch  24 / 210] rec_loss: 1.9499 cl_loss: 0.0000 
2024-03-15 02:10:02,828 - Epoch  24 Test set [precision@1: 0.4100 precision@2: 0.3000 precision@3: 0.2500 ] Test set [recall@1: 0.4100 recall@2: 0.5900 recall@3: 0.7400 ] Test set [f1score@1: 0.4100 f1score@2: 0.3900 f1score@3: 0.3700 ] Test set [accuracy@1: 0.4100 accuracy@2: 0.5900 accuracy@3: 0.7400 ] 
2024-03-15 02:10:12,799 - [Epoch  25 / 210] rec_loss: 1.9502 cl_loss: 0.0000 
2024-03-15 02:10:13,963 - Epoch  25 Test set [precision@1: 0.4100 precision@2: 0.3100 precision@3: 0.2400 ] Test set [recall@1: 0.4100 recall@2: 0.6200 recall@3: 0.7300 ] Test set [f1score@1: 0.4100 f1score@2: 0.4200 f1score@3: 0.3700 ] Test set [accuracy@1: 0.4100 accuracy@2: 0.6200 accuracy@3: 0.7300 ] 
2024-03-15 02:10:23,493 - [Epoch  26 / 210] rec_loss: 1.9392 cl_loss: 0.0000 
2024-03-15 02:10:24,591 - Epoch  26 Test set [precision@1: 0.3900 precision@2: 0.3100 precision@3: 0.2400 ] Test set [recall@1: 0.3900 recall@2: 0.6200 recall@3: 0.7200 ] Test set [f1score@1: 0.3900 f1score@2: 0.4100 f1score@3: 0.3600 ] Test set [accuracy@1: 0.3900 accuracy@2: 0.6200 accuracy@3: 0.7200 ] 
2024-03-15 02:10:34,416 - [Epoch  27 / 210] rec_loss: 1.9385 cl_loss: 0.0000 
2024-03-15 02:10:35,518 - Epoch  27 Test set [precision@1: 0.4100 precision@2: 0.3100 precision@3: 0.2400 ] Test set [recall@1: 0.4100 recall@2: 0.6200 recall@3: 0.7200 ] Test set [f1score@1: 0.4100 f1score@2: 0.4100 f1score@3: 0.3600 ] Test set [accuracy@1: 0.4100 accuracy@2: 0.6200 accuracy@3: 0.7200 ] 
2024-03-15 02:10:45,441 - [Epoch  28 / 210] rec_loss: 1.9436 cl_loss: 0.0000 
2024-03-15 02:10:46,528 - Epoch  28 Test set [precision@1: 0.4000 precision@2: 0.3100 precision@3: 0.2400 ] Test set [recall@1: 0.4000 recall@2: 0.6100 recall@3: 0.7300 ] Test set [f1score@1: 0.4000 f1score@2: 0.4100 f1score@3: 0.3700 ] Test set [accuracy@1: 0.4000 accuracy@2: 0.6100 accuracy@3: 0.7300 ] 
2024-03-15 02:10:56,397 - [Epoch  29 / 210] rec_loss: 1.9450 cl_loss: 0.0000 
2024-03-15 02:10:57,482 - Epoch  29 Test set [precision@1: 0.4200 precision@2: 0.3200 precision@3: 0.2500 ] Test set [recall@1: 0.4200 recall@2: 0.6300 recall@3: 0.7400 ] Test set [f1score@1: 0.4200 f1score@2: 0.4200 f1score@3: 0.3700 ] Test set [accuracy@1: 0.4200 accuracy@2: 0.6300 accuracy@3: 0.7400 ] 
2024-03-15 02:11:06,057 - [Epoch  30 / 210] rec_loss: 1.9268 cl_loss: 0.0000 
2024-03-15 02:11:07,159 - Epoch  30 Test set [precision@1: 0.4100 precision@2: 0.3200 precision@3: 0.2500 ] Test set [recall@1: 0.4100 recall@2: 0.6300 recall@3: 0.7500 ] Test set [f1score@1: 0.4100 f1score@2: 0.4200 f1score@3: 0.3700 ] Test set [accuracy@1: 0.4100 accuracy@2: 0.6300 accuracy@3: 0.7500 ] 
2024-03-15 02:11:17,034 - [Epoch  31 / 210] rec_loss: 1.9275 cl_loss: 0.0000 
2024-03-15 02:11:18,118 - Epoch  31 Test set [precision@1: 0.4000 precision@2: 0.3200 precision@3: 0.2500 ] Test set [recall@1: 0.4000 recall@2: 0.6300 recall@3: 0.7400 ] Test set [f1score@1: 0.4000 f1score@2: 0.4200 f1score@3: 0.3700 ] Test set [accuracy@1: 0.4000 accuracy@2: 0.6300 accuracy@3: 0.7400 ] 
2024-03-15 02:11:27,901 - [Epoch  32 / 210] rec_loss: 1.9384 cl_loss: 0.0000 
2024-03-15 02:11:28,984 - Epoch  32 Test set [precision@1: 0.3900 precision@2: 0.3100 precision@3: 0.2400 ] Test set [recall@1: 0.3900 recall@2: 0.6200 recall@3: 0.7300 ] Test set [f1score@1: 0.3900 f1score@2: 0.4100 f1score@3: 0.3600 ] Test set [accuracy@1: 0.3900 accuracy@2: 0.6200 accuracy@3: 0.7300 ] 
2024-03-15 02:11:38,784 - [Epoch  33 / 210] rec_loss: 1.9244 cl_loss: 0.0000 
2024-03-15 02:11:39,952 - Epoch  33 Test set [precision@1: 0.4100 precision@2: 0.3100 precision@3: 0.2400 ] Test set [recall@1: 0.4100 recall@2: 0.6300 recall@3: 0.7300 ] Test set [f1score@1: 0.4100 f1score@2: 0.4200 f1score@3: 0.3600 ] Test set [accuracy@1: 0.4100 accuracy@2: 0.6300 accuracy@3: 0.7300 ] 
2024-03-15 02:11:48,520 - [Epoch  34 / 210] rec_loss: 1.9127 cl_loss: 0.0000 
2024-03-15 02:11:49,687 - Epoch  34 Test set [precision@1: 0.4100 precision@2: 0.3200 precision@3: 0.2500 ] Test set [recall@1: 0.4100 recall@2: 0.6300 recall@3: 0.7500 ] Test set [f1score@1: 0.4100 f1score@2: 0.4200 f1score@3: 0.3700 ] Test set [accuracy@1: 0.4100 accuracy@2: 0.6300 accuracy@3: 0.7500 ] 
2024-03-15 02:11:59,223 - [Epoch  35 / 210] rec_loss: 1.9158 cl_loss: 0.0000 
2024-03-15 02:12:00,374 - Epoch  35 Test set [precision@1: 0.4100 precision@2: 0.3200 precision@3: 0.2400 ] Test set [recall@1: 0.4100 recall@2: 0.6300 recall@3: 0.7200 ] Test set [f1score@1: 0.4100 f1score@2: 0.4200 f1score@3: 0.3600 ] Test set [accuracy@1: 0.4100 accuracy@2: 0.6300 accuracy@3: 0.7200 ] 
2024-03-15 02:12:09,965 - [Epoch  36 / 210] rec_loss: 1.9106 cl_loss: 0.0000 
2024-03-15 02:12:11,051 - Epoch  36 Test set [precision@1: 0.4100 precision@2: 0.3200 precision@3: 0.2500 ] Test set [recall@1: 0.4100 recall@2: 0.6300 recall@3: 0.7400 ] Test set [f1score@1: 0.4100 f1score@2: 0.4200 f1score@3: 0.3700 ] Test set [accuracy@1: 0.4100 accuracy@2: 0.6300 accuracy@3: 0.7400 ] 
2024-03-15 02:12:20,571 - [Epoch  37 / 210] rec_loss: 1.8938 cl_loss: 0.0000 
2024-03-15 02:12:21,653 - Epoch  37 Test set [precision@1: 0.4000 precision@2: 0.3200 precision@3: 0.2400 ] Test set [recall@1: 0.4000 recall@2: 0.6300 recall@3: 0.7300 ] Test set [f1score@1: 0.4000 f1score@2: 0.4200 f1score@3: 0.3700 ] Test set [accuracy@1: 0.4000 accuracy@2: 0.6300 accuracy@3: 0.7300 ] 
2024-03-15 02:12:31,479 - [Epoch  38 / 210] rec_loss: 1.9074 cl_loss: 0.0000 
2024-03-15 02:12:32,562 - Epoch  38 Test set [precision@1: 0.4100 precision@2: 0.3200 precision@3: 0.2500 ] Test set [recall@1: 0.4100 recall@2: 0.6300 recall@3: 0.7400 ] Test set [f1score@1: 0.4100 f1score@2: 0.4200 f1score@3: 0.3700 ] Test set [accuracy@1: 0.4100 accuracy@2: 0.6300 accuracy@3: 0.7400 ] 
2024-03-15 02:12:42,083 - [Epoch  39 / 210] rec_loss: 1.9046 cl_loss: 0.0000 
2024-03-15 02:12:43,236 - Epoch  39 Test set [precision@1: 0.4100 precision@2: 0.3200 precision@3: 0.2400 ] Test set [recall@1: 0.4100 recall@2: 0.6400 recall@3: 0.7200 ] Test set [f1score@1: 0.4100 f1score@2: 0.4300 f1score@3: 0.3600 ] Test set [accuracy@1: 0.4100 accuracy@2: 0.6400 accuracy@3: 0.7200 ] 
2024-03-15 02:12:53,160 - [Epoch  40 / 210] rec_loss: 1.9059 cl_loss: 0.0000 
2024-03-15 02:12:54,243 - Epoch  40 Test set [precision@1: 0.4500 precision@2: 0.3200 precision@3: 0.2400 ] Test set [recall@1: 0.4500 recall@2: 0.6400 recall@3: 0.7200 ] Test set [f1score@1: 0.4500 f1score@2: 0.4300 f1score@3: 0.3600 ] Test set [accuracy@1: 0.4500 accuracy@2: 0.6400 accuracy@3: 0.7200 ] 
2024-03-15 02:13:04,136 - [Epoch  41 / 210] rec_loss: 1.8880 cl_loss: 0.0000 
2024-03-15 02:13:05,220 - Epoch  41 Test set [precision@1: 0.4000 precision@2: 0.3000 precision@3: 0.2500 ] Test set [recall@1: 0.4000 recall@2: 0.6100 recall@3: 0.7400 ] Test set [f1score@1: 0.4000 f1score@2: 0.4100 f1score@3: 0.3700 ] Test set [accuracy@1: 0.4000 accuracy@2: 0.6100 accuracy@3: 0.7400 ] 
2024-03-15 02:13:14,996 - [Epoch  42 / 210] rec_loss: 1.8838 cl_loss: 0.0000 
2024-03-15 02:13:16,084 - Epoch  42 Test set [precision@1: 0.4600 precision@2: 0.3100 precision@3: 0.2400 ] Test set [recall@1: 0.4600 recall@2: 0.6300 recall@3: 0.7300 ] Test set [f1score@1: 0.4600 f1score@2: 0.4200 f1score@3: 0.3700 ] Test set [accuracy@1: 0.4600 accuracy@2: 0.6300 accuracy@3: 0.7300 ] 
2024-03-15 02:13:25,913 - [Epoch  43 / 210] rec_loss: 1.8903 cl_loss: 0.0000 
2024-03-15 02:13:27,009 - Epoch  43 Test set [precision@1: 0.4500 precision@2: 0.3200 precision@3: 0.2500 ] Test set [recall@1: 0.4500 recall@2: 0.6400 recall@3: 0.7400 ] Test set [f1score@1: 0.4500 f1score@2: 0.4200 f1score@3: 0.3700 ] Test set [accuracy@1: 0.4500 accuracy@2: 0.6400 accuracy@3: 0.7400 ] 
2024-03-15 02:13:36,979 - [Epoch  44 / 210] rec_loss: 1.8706 cl_loss: 0.0000 
2024-03-15 02:13:38,064 - Epoch  44 Test set [precision@1: 0.4500 precision@2: 0.3100 precision@3: 0.2500 ] Test set [recall@1: 0.4500 recall@2: 0.6200 recall@3: 0.7400 ] Test set [f1score@1: 0.4500 f1score@2: 0.4100 f1score@3: 0.3700 ] Test set [accuracy@1: 0.4500 accuracy@2: 0.6200 accuracy@3: 0.7400 ] 
2024-03-15 02:13:47,909 - [Epoch  45 / 210] rec_loss: 1.8714 cl_loss: 0.0000 
2024-03-15 02:13:49,065 - Epoch  45 Test set [precision@1: 0.4400 precision@2: 0.3100 precision@3: 0.2400 ] Test set [recall@1: 0.4400 recall@2: 0.6300 recall@3: 0.7200 ] Test set [f1score@1: 0.4400 f1score@2: 0.4200 f1score@3: 0.3600 ] Test set [accuracy@1: 0.4400 accuracy@2: 0.6300 accuracy@3: 0.7200 ] 
2024-03-15 02:13:58,903 - [Epoch  46 / 210] rec_loss: 1.8388 cl_loss: 0.0000 
2024-03-15 02:13:59,999 - Epoch  46 Test set [precision@1: 0.4600 precision@2: 0.3200 precision@3: 0.2400 ] Test set [recall@1: 0.4600 recall@2: 0.6400 recall@3: 0.7200 ] Test set [f1score@1: 0.4600 f1score@2: 0.4300 f1score@3: 0.3600 ] Test set [accuracy@1: 0.4600 accuracy@2: 0.6400 accuracy@3: 0.7200 ] 
2024-03-15 02:14:10,050 - [Epoch  47 / 210] rec_loss: 1.8414 cl_loss: 0.0000 
2024-03-15 02:14:11,146 - Epoch  47 Test set [precision@1: 0.4600 precision@2: 0.3200 precision@3: 0.2500 ] Test set [recall@1: 0.4600 recall@2: 0.6300 recall@3: 0.7400 ] Test set [f1score@1: 0.4600 f1score@2: 0.4200 f1score@3: 0.3700 ] Test set [accuracy@1: 0.4600 accuracy@2: 0.6300 accuracy@3: 0.7400 ] 
2024-03-15 02:14:21,166 - [Epoch  48 / 210] rec_loss: 1.8175 cl_loss: 0.0000 
2024-03-15 02:14:22,331 - Epoch  48 Test set [precision@1: 0.4600 precision@2: 0.3100 precision@3: 0.2400 ] Test set [recall@1: 0.4600 recall@2: 0.6100 recall@3: 0.7300 ] Test set [f1score@1: 0.4600 f1score@2: 0.4100 f1score@3: 0.3600 ] Test set [accuracy@1: 0.4600 accuracy@2: 0.6100 accuracy@3: 0.7300 ] 
2024-03-15 02:14:32,459 - [Epoch  49 / 210] rec_loss: 1.8275 cl_loss: 0.0000 
2024-03-15 02:14:33,634 - Epoch  49 Test set [precision@1: 0.4600 precision@2: 0.3200 precision@3: 0.2500 ] Test set [recall@1: 0.4600 recall@2: 0.6300 recall@3: 0.7400 ] Test set [f1score@1: 0.4600 f1score@2: 0.4200 f1score@3: 0.3700 ] Test set [accuracy@1: 0.4600 accuracy@2: 0.6300 accuracy@3: 0.7400 ] 
2024-03-15 02:14:43,609 - [Epoch  50 / 210] rec_loss: 1.8108 cl_loss: 0.0000 
2024-03-15 02:14:44,698 - Epoch  50 Test set [precision@1: 0.4600 precision@2: 0.3300 precision@3: 0.2500 ] Test set [recall@1: 0.4600 recall@2: 0.6600 recall@3: 0.7500 ] Test set [f1score@1: 0.4600 f1score@2: 0.4400 f1score@3: 0.3700 ] Test set [accuracy@1: 0.4600 accuracy@2: 0.6600 accuracy@3: 0.7500 ] 
2024-03-15 02:14:54,655 - [Epoch  51 / 210] rec_loss: 1.8145 cl_loss: 0.0000 
2024-03-15 02:14:55,755 - Epoch  51 Test set [precision@1: 0.4800 precision@2: 0.3400 precision@3: 0.2500 ] Test set [recall@1: 0.4800 recall@2: 0.6700 recall@3: 0.7600 ] Test set [f1score@1: 0.4800 f1score@2: 0.4500 f1score@3: 0.3800 ] Test set [accuracy@1: 0.4800 accuracy@2: 0.6700 accuracy@3: 0.7600 ] 
2024-03-15 02:15:05,732 - [Epoch  52 / 210] rec_loss: 1.8278 cl_loss: 0.0000 
2024-03-15 02:15:06,826 - Epoch  52 Test set [precision@1: 0.4800 precision@2: 0.3300 precision@3: 0.2500 ] Test set [recall@1: 0.4800 recall@2: 0.6600 recall@3: 0.7500 ] Test set [f1score@1: 0.4800 f1score@2: 0.4400 f1score@3: 0.3700 ] Test set [accuracy@1: 0.4800 accuracy@2: 0.6600 accuracy@3: 0.7500 ] 
2024-03-15 02:15:16,263 - [Epoch  53 / 210] rec_loss: 1.7981 cl_loss: 0.0000 
2024-03-15 02:15:17,358 - Epoch  53 Test set [precision@1: 0.4800 precision@2: 0.3300 precision@3: 0.2500 ] Test set [recall@1: 0.4800 recall@2: 0.6600 recall@3: 0.7600 ] Test set [f1score@1: 0.4800 f1score@2: 0.4400 f1score@3: 0.3800 ] Test set [accuracy@1: 0.4800 accuracy@2: 0.6600 accuracy@3: 0.7600 ] 
2024-03-15 02:15:27,145 - [Epoch  54 / 210] rec_loss: 1.7947 cl_loss: 0.0000 
2024-03-15 02:15:28,248 - Epoch  54 Test set [precision@1: 0.4600 precision@2: 0.3300 precision@3: 0.2500 ] Test set [recall@1: 0.4600 recall@2: 0.6500 recall@3: 0.7400 ] Test set [f1score@1: 0.4600 f1score@2: 0.4400 f1score@3: 0.3700 ] Test set [accuracy@1: 0.4600 accuracy@2: 0.6500 accuracy@3: 0.7400 ] 
2024-03-15 02:15:38,410 - [Epoch  55 / 210] rec_loss: 1.7937 cl_loss: 0.0000 
2024-03-15 02:15:39,554 - Epoch  55 Test set [precision@1: 0.4700 precision@2: 0.3400 precision@3: 0.2500 ] Test set [recall@1: 0.4700 recall@2: 0.6800 recall@3: 0.7500 ] Test set [f1score@1: 0.4700 f1score@2: 0.4500 f1score@3: 0.3800 ] Test set [accuracy@1: 0.4700 accuracy@2: 0.6800 accuracy@3: 0.7500 ] 
2024-03-15 02:15:48,856 - [Epoch  56 / 210] rec_loss: 1.7946 cl_loss: 0.0000 
2024-03-15 02:15:50,009 - Epoch  56 Test set [precision@1: 0.4600 precision@2: 0.3300 precision@3: 0.2400 ] Test set [recall@1: 0.4600 recall@2: 0.6500 recall@3: 0.7300 ] Test set [f1score@1: 0.4600 f1score@2: 0.4300 f1score@3: 0.3700 ] Test set [accuracy@1: 0.4600 accuracy@2: 0.6500 accuracy@3: 0.7300 ] 
2024-03-15 02:15:59,975 - [Epoch  57 / 210] rec_loss: 1.7921 cl_loss: 0.0000 
2024-03-15 02:16:01,063 - Epoch  57 Test set [precision@1: 0.4400 precision@2: 0.3100 precision@3: 0.2400 ] Test set [recall@1: 0.4400 recall@2: 0.6200 recall@3: 0.7300 ] Test set [f1score@1: 0.4400 f1score@2: 0.4200 f1score@3: 0.3700 ] Test set [accuracy@1: 0.4400 accuracy@2: 0.6200 accuracy@3: 0.7300 ] 
2024-03-15 02:16:10,875 - [Epoch  58 / 210] rec_loss: 1.7797 cl_loss: 0.0000 
2024-03-15 02:16:11,962 - Epoch  58 Test set [precision@1: 0.4400 precision@2: 0.3200 precision@3: 0.2500 ] Test set [recall@1: 0.4400 recall@2: 0.6400 recall@3: 0.7400 ] Test set [f1score@1: 0.4400 f1score@2: 0.4300 f1score@3: 0.3700 ] Test set [accuracy@1: 0.4400 accuracy@2: 0.6400 accuracy@3: 0.7400 ] 
2024-03-15 02:16:21,614 - [Epoch  59 / 210] rec_loss: 1.7864 cl_loss: 0.0000 
2024-03-15 02:16:22,704 - Epoch  59 Test set [precision@1: 0.4600 precision@2: 0.3400 precision@3: 0.2500 ] Test set [recall@1: 0.4600 recall@2: 0.6700 recall@3: 0.7400 ] Test set [f1score@1: 0.4600 f1score@2: 0.4500 f1score@3: 0.3700 ] Test set [accuracy@1: 0.4600 accuracy@2: 0.6700 accuracy@3: 0.7400 ] 
2024-03-15 02:16:32,498 - [Epoch  60 / 210] rec_loss: 1.7685 cl_loss: 0.0000 
2024-03-15 02:16:33,591 - Epoch  60 Test set [precision@1: 0.4500 precision@2: 0.3400 precision@3: 0.2400 ] Test set [recall@1: 0.4500 recall@2: 0.6800 recall@3: 0.7300 ] Test set [f1score@1: 0.4500 f1score@2: 0.4500 f1score@3: 0.3700 ] Test set [accuracy@1: 0.4500 accuracy@2: 0.6800 accuracy@3: 0.7300 ] 
2024-03-15 02:16:43,097 - [Epoch  61 / 210] rec_loss: 1.7743 cl_loss: 0.0000 
2024-03-15 02:16:44,188 - Epoch  61 Test set [precision@1: 0.4600 precision@2: 0.3400 precision@3: 0.2500 ] Test set [recall@1: 0.4600 recall@2: 0.6800 recall@3: 0.7500 ] Test set [f1score@1: 0.4600 f1score@2: 0.4500 f1score@3: 0.3700 ] Test set [accuracy@1: 0.4600 accuracy@2: 0.6800 accuracy@3: 0.7500 ] 
2024-03-15 02:16:53,915 - [Epoch  62 / 210] rec_loss: 1.7749 cl_loss: 0.0000 
2024-03-15 02:16:55,016 - Epoch  62 Test set [precision@1: 0.4400 precision@2: 0.3200 precision@3: 0.2400 ] Test set [recall@1: 0.4400 recall@2: 0.6500 recall@3: 0.7300 ] Test set [f1score@1: 0.4400 f1score@2: 0.4300 f1score@3: 0.3600 ] Test set [accuracy@1: 0.4400 accuracy@2: 0.6500 accuracy@3: 0.7300 ] 
2024-03-15 02:17:04,560 - [Epoch  63 / 210] rec_loss: 1.7718 cl_loss: 0.0000 
2024-03-15 02:17:05,643 - Epoch  63 Test set [precision@1: 0.4500 precision@2: 0.3300 precision@3: 0.2500 ] Test set [recall@1: 0.4500 recall@2: 0.6500 recall@3: 0.7500 ] Test set [f1score@1: 0.4500 f1score@2: 0.4400 f1score@3: 0.3700 ] Test set [accuracy@1: 0.4500 accuracy@2: 0.6500 accuracy@3: 0.7500 ] 
2024-03-15 02:17:15,239 - [Epoch  64 / 210] rec_loss: 1.7756 cl_loss: 0.0000 
2024-03-15 02:17:16,324 - Epoch  64 Test set [precision@1: 0.4600 precision@2: 0.3200 precision@3: 0.2500 ] Test set [recall@1: 0.4600 recall@2: 0.6400 recall@3: 0.7600 ] Test set [f1score@1: 0.4600 f1score@2: 0.4300 f1score@3: 0.3800 ] Test set [accuracy@1: 0.4600 accuracy@2: 0.6400 accuracy@3: 0.7600 ] 
2024-03-15 02:17:25,621 - [Epoch  65 / 210] rec_loss: 1.7711 cl_loss: 0.0000 
2024-03-15 02:17:26,720 - Epoch  65 Test set [precision@1: 0.4600 precision@2: 0.3300 precision@3: 0.2500 ] Test set [recall@1: 0.4600 recall@2: 0.6600 recall@3: 0.7500 ] Test set [f1score@1: 0.4600 f1score@2: 0.4400 f1score@3: 0.3700 ] Test set [accuracy@1: 0.4600 accuracy@2: 0.6600 accuracy@3: 0.7500 ] 
2024-03-15 02:17:36,043 - [Epoch  66 / 210] rec_loss: 1.7614 cl_loss: 0.0000 
2024-03-15 02:17:37,140 - Epoch  66 Test set [precision@1: 0.4400 precision@2: 0.3300 precision@3: 0.2400 ] Test set [recall@1: 0.4400 recall@2: 0.6600 recall@3: 0.7300 ] Test set [f1score@1: 0.4400 f1score@2: 0.4400 f1score@3: 0.3700 ] Test set [accuracy@1: 0.4400 accuracy@2: 0.6600 accuracy@3: 0.7300 ] 
2024-03-15 02:17:47,077 - [Epoch  67 / 210] rec_loss: 1.7530 cl_loss: 0.0000 
2024-03-15 02:17:48,166 - Epoch  67 Test set [precision@1: 0.4600 precision@2: 0.3400 precision@3: 0.2500 ] Test set [recall@1: 0.4600 recall@2: 0.6800 recall@3: 0.7400 ] Test set [f1score@1: 0.4600 f1score@2: 0.4500 f1score@3: 0.3700 ] Test set [accuracy@1: 0.4600 accuracy@2: 0.6800 accuracy@3: 0.7400 ] 
2024-03-15 02:17:57,840 - [Epoch  68 / 210] rec_loss: 1.7549 cl_loss: 0.0000 
2024-03-15 02:17:58,931 - Epoch  68 Test set [precision@1: 0.4600 precision@2: 0.3300 precision@3: 0.2500 ] Test set [recall@1: 0.4600 recall@2: 0.6600 recall@3: 0.7600 ] Test set [f1score@1: 0.4600 f1score@2: 0.4400 f1score@3: 0.3800 ] Test set [accuracy@1: 0.4600 accuracy@2: 0.6600 accuracy@3: 0.7600 ] 
2024-03-15 02:18:07,493 - [Epoch  69 / 210] rec_loss: 1.7576 cl_loss: 0.0000 
2024-03-15 02:18:08,579 - Epoch  69 Test set [precision@1: 0.4600 precision@2: 0.3400 precision@3: 0.2500 ] Test set [recall@1: 0.4600 recall@2: 0.6700 recall@3: 0.7600 ] Test set [f1score@1: 0.4600 f1score@2: 0.4500 f1score@3: 0.3800 ] Test set [accuracy@1: 0.4600 accuracy@2: 0.6700 accuracy@3: 0.7600 ] 
2024-03-15 02:18:17,141 - [Epoch  70 / 210] rec_loss: 1.7500 cl_loss: 0.0000 
2024-03-15 02:18:18,224 - Epoch  70 Test set [precision@1: 0.4500 precision@2: 0.3300 precision@3: 0.2500 ] Test set [recall@1: 0.4500 recall@2: 0.6600 recall@3: 0.7400 ] Test set [f1score@1: 0.4500 f1score@2: 0.4400 f1score@3: 0.3700 ] Test set [accuracy@1: 0.4500 accuracy@2: 0.6600 accuracy@3: 0.7400 ] 
2024-03-15 02:18:26,811 - [Epoch  71 / 210] rec_loss: 1.7527 cl_loss: 0.0000 
2024-03-15 02:18:27,907 - Epoch  71 Test set [precision@1: 0.4600 precision@2: 0.3300 precision@3: 0.2500 ] Test set [recall@1: 0.4600 recall@2: 0.6600 recall@3: 0.7500 ] Test set [f1score@1: 0.4600 f1score@2: 0.4400 f1score@3: 0.3800 ] Test set [accuracy@1: 0.4600 accuracy@2: 0.6600 accuracy@3: 0.7500 ] 
2024-03-15 02:18:37,129 - [Epoch  72 / 210] rec_loss: 1.7445 cl_loss: 0.0000 
2024-03-15 02:18:38,219 - Epoch  72 Test set [precision@1: 0.4600 precision@2: 0.3300 precision@3: 0.2500 ] Test set [recall@1: 0.4600 recall@2: 0.6700 recall@3: 0.7500 ] Test set [f1score@1: 0.4600 f1score@2: 0.4400 f1score@3: 0.3800 ] Test set [accuracy@1: 0.4600 accuracy@2: 0.6700 accuracy@3: 0.7500 ] 
2024-03-15 02:18:48,262 - [Epoch  73 / 210] rec_loss: 1.7395 cl_loss: 0.0000 
2024-03-15 02:18:49,415 - Epoch  73 Test set [precision@1: 0.4700 precision@2: 0.3200 precision@3: 0.2500 ] Test set [recall@1: 0.4700 recall@2: 0.6400 recall@3: 0.7600 ] Test set [f1score@1: 0.4700 f1score@2: 0.4300 f1score@3: 0.3800 ] Test set [accuracy@1: 0.4700 accuracy@2: 0.6400 accuracy@3: 0.7600 ] 
2024-03-15 02:18:59,285 - [Epoch  74 / 210] rec_loss: 1.7478 cl_loss: 0.0000 
2024-03-15 02:19:00,371 - Epoch  74 Test set [precision@1: 0.4600 precision@2: 0.3300 precision@3: 0.2500 ] Test set [recall@1: 0.4600 recall@2: 0.6700 recall@3: 0.7600 ] Test set [f1score@1: 0.4600 f1score@2: 0.4400 f1score@3: 0.3800 ] Test set [accuracy@1: 0.4600 accuracy@2: 0.6700 accuracy@3: 0.7600 ] 
2024-03-15 02:19:10,433 - [Epoch  75 / 210] rec_loss: 1.7417 cl_loss: 0.0000 
2024-03-15 02:19:11,570 - Epoch  75 Test set [precision@1: 0.4300 precision@2: 0.3200 precision@3: 0.2400 ] Test set [recall@1: 0.4300 recall@2: 0.6300 recall@3: 0.7300 ] Test set [f1score@1: 0.4300 f1score@2: 0.4200 f1score@3: 0.3700 ] Test set [accuracy@1: 0.4300 accuracy@2: 0.6300 accuracy@3: 0.7300 ] 
2024-03-15 02:19:21,752 - [Epoch  76 / 210] rec_loss: 1.7333 cl_loss: 0.0000 
2024-03-15 02:19:22,839 - Epoch  76 Test set [precision@1: 0.4300 precision@2: 0.3200 precision@3: 0.2500 ] Test set [recall@1: 0.4300 recall@2: 0.6300 recall@3: 0.7500 ] Test set [f1score@1: 0.4300 f1score@2: 0.4200 f1score@3: 0.3800 ] Test set [accuracy@1: 0.4300 accuracy@2: 0.6300 accuracy@3: 0.7500 ] 
2024-03-15 02:19:33,000 - [Epoch  77 / 210] rec_loss: 1.7304 cl_loss: 0.0000 
2024-03-15 02:19:34,113 - Epoch  77 Test set [precision@1: 0.4600 precision@2: 0.3400 precision@3: 0.2500 ] Test set [recall@1: 0.4600 recall@2: 0.6700 recall@3: 0.7500 ] Test set [f1score@1: 0.4600 f1score@2: 0.4500 f1score@3: 0.3700 ] Test set [accuracy@1: 0.4600 accuracy@2: 0.6700 accuracy@3: 0.7500 ] 
2024-03-15 02:19:44,193 - [Epoch  78 / 210] rec_loss: 1.7337 cl_loss: 0.0000 
2024-03-15 02:19:45,280 - Epoch  78 Test set [precision@1: 0.4600 precision@2: 0.3400 precision@3: 0.2500 ] Test set [recall@1: 0.4600 recall@2: 0.6700 recall@3: 0.7500 ] Test set [f1score@1: 0.4600 f1score@2: 0.4500 f1score@3: 0.3800 ] Test set [accuracy@1: 0.4600 accuracy@2: 0.6700 accuracy@3: 0.7500 ] 
2024-03-15 02:19:55,313 - [Epoch  79 / 210] rec_loss: 1.7387 cl_loss: 0.0000 
2024-03-15 02:19:56,398 - Epoch  79 Test set [precision@1: 0.4600 precision@2: 0.3400 precision@3: 0.2500 ] Test set [recall@1: 0.4600 recall@2: 0.6800 recall@3: 0.7500 ] Test set [f1score@1: 0.4600 f1score@2: 0.4500 f1score@3: 0.3800 ] Test set [accuracy@1: 0.4600 accuracy@2: 0.6800 accuracy@3: 0.7500 ] 
2024-03-15 02:20:06,579 - [Epoch  80 / 210] rec_loss: 1.7259 cl_loss: 0.0000 
2024-03-15 02:20:07,721 - Epoch  80 Test set [precision@1: 0.4500 precision@2: 0.3300 precision@3: 0.2600 ] Test set [recall@1: 0.4500 recall@2: 0.6500 recall@3: 0.7700 ] Test set [f1score@1: 0.4500 f1score@2: 0.4400 f1score@3: 0.3900 ] Test set [accuracy@1: 0.4500 accuracy@2: 0.6500 accuracy@3: 0.7700 ] 
2024-03-15 02:20:17,813 - [Epoch  81 / 210] rec_loss: 1.7387 cl_loss: 0.0000 
2024-03-15 02:20:18,897 - Epoch  81 Test set [precision@1: 0.4600 precision@2: 0.3300 precision@3: 0.2500 ] Test set [recall@1: 0.4600 recall@2: 0.6600 recall@3: 0.7500 ] Test set [f1score@1: 0.4600 f1score@2: 0.4400 f1score@3: 0.3800 ] Test set [accuracy@1: 0.4600 accuracy@2: 0.6600 accuracy@3: 0.7500 ] 
2024-03-15 02:20:29,028 - [Epoch  82 / 210] rec_loss: 1.7174 cl_loss: 0.0000 
2024-03-15 02:20:30,172 - Epoch  82 Test set [precision@1: 0.4700 precision@2: 0.3300 precision@3: 0.2500 ] Test set [recall@1: 0.4700 recall@2: 0.6700 recall@3: 0.7600 ] Test set [f1score@1: 0.4700 f1score@2: 0.4400 f1score@3: 0.3800 ] Test set [accuracy@1: 0.4700 accuracy@2: 0.6700 accuracy@3: 0.7600 ] 
2024-03-15 02:20:40,353 - [Epoch  83 / 210] rec_loss: 1.7324 cl_loss: 0.0000 
2024-03-15 02:20:41,445 - Epoch  83 Test set [precision@1: 0.4700 precision@2: 0.3300 precision@3: 0.2500 ] Test set [recall@1: 0.4700 recall@2: 0.6600 recall@3: 0.7400 ] Test set [f1score@1: 0.4700 f1score@2: 0.4400 f1score@3: 0.3700 ] Test set [accuracy@1: 0.4700 accuracy@2: 0.6600 accuracy@3: 0.7400 ] 
2024-03-15 02:20:51,462 - [Epoch  84 / 210] rec_loss: 1.7391 cl_loss: 0.0000 
2024-03-15 02:20:52,548 - Epoch  84 Test set [precision@1: 0.4600 precision@2: 0.3300 precision@3: 0.2500 ] Test set [recall@1: 0.4600 recall@2: 0.6600 recall@3: 0.7500 ] Test set [f1score@1: 0.4600 f1score@2: 0.4400 f1score@3: 0.3700 ] Test set [accuracy@1: 0.4600 accuracy@2: 0.6600 accuracy@3: 0.7500 ] 
2024-03-15 02:21:02,584 - [Epoch  85 / 210] rec_loss: 1.7215 cl_loss: 0.0000 
2024-03-15 02:21:03,676 - Epoch  85 Test set [precision@1: 0.4600 precision@2: 0.3400 precision@3: 0.2500 ] Test set [recall@1: 0.4600 recall@2: 0.6700 recall@3: 0.7500 ] Test set [f1score@1: 0.4600 f1score@2: 0.4500 f1score@3: 0.3800 ] Test set [accuracy@1: 0.4600 accuracy@2: 0.6700 accuracy@3: 0.7500 ] 
2024-03-15 02:21:13,830 - [Epoch  86 / 210] rec_loss: 1.7320 cl_loss: 0.0000 
2024-03-15 02:21:14,940 - Epoch  86 Test set [precision@1: 0.4700 precision@2: 0.3300 precision@3: 0.2500 ] Test set [recall@1: 0.4700 recall@2: 0.6600 recall@3: 0.7600 ] Test set [f1score@1: 0.4700 f1score@2: 0.4400 f1score@3: 0.3800 ] Test set [accuracy@1: 0.4700 accuracy@2: 0.6600 accuracy@3: 0.7600 ] 
2024-03-15 02:21:25,058 - [Epoch  87 / 210] rec_loss: 1.7189 cl_loss: 0.0000 
2024-03-15 02:21:26,204 - Epoch  87 Test set [precision@1: 0.4600 precision@2: 0.3300 precision@3: 0.2500 ] Test set [recall@1: 0.4600 recall@2: 0.6600 recall@3: 0.7400 ] Test set [f1score@1: 0.4600 f1score@2: 0.4400 f1score@3: 0.3700 ] Test set [accuracy@1: 0.4600 accuracy@2: 0.6600 accuracy@3: 0.7400 ] 
2024-03-15 02:21:36,135 - [Epoch  88 / 210] rec_loss: 1.7209 cl_loss: 0.0000 
2024-03-15 02:21:37,278 - Epoch  88 Test set [precision@1: 0.4600 precision@2: 0.3300 precision@3: 0.2500 ] Test set [recall@1: 0.4600 recall@2: 0.6600 recall@3: 0.7600 ] Test set [f1score@1: 0.4600 f1score@2: 0.4400 f1score@3: 0.3800 ] Test set [accuracy@1: 0.4600 accuracy@2: 0.6600 accuracy@3: 0.7600 ] 
2024-03-15 02:21:47,297 - [Epoch  89 / 210] rec_loss: 1.7241 cl_loss: 0.0000 
2024-03-15 02:21:48,384 - Epoch  89 Test set [precision@1: 0.4600 precision@2: 0.3300 precision@3: 0.2500 ] Test set [recall@1: 0.4600 recall@2: 0.6700 recall@3: 0.7500 ] Test set [f1score@1: 0.4600 f1score@2: 0.4400 f1score@3: 0.3800 ] Test set [accuracy@1: 0.4600 accuracy@2: 0.6700 accuracy@3: 0.7500 ] 
2024-03-15 02:21:58,334 - [Epoch  90 / 210] rec_loss: 1.7114 cl_loss: 0.0000 
2024-03-15 02:21:59,498 - Epoch  90 Test set [precision@1: 0.4500 precision@2: 0.3300 precision@3: 0.2500 ] Test set [recall@1: 0.4500 recall@2: 0.6600 recall@3: 0.7400 ] Test set [f1score@1: 0.4500 f1score@2: 0.4400 f1score@3: 0.3700 ] Test set [accuracy@1: 0.4500 accuracy@2: 0.6600 accuracy@3: 0.7400 ] 
2024-03-15 02:22:09,463 - [Epoch  91 / 210] rec_loss: 1.7133 cl_loss: 0.0000 
2024-03-15 02:22:10,567 - Epoch  91 Test set [precision@1: 0.4600 precision@2: 0.3400 precision@3: 0.2500 ] Test set [recall@1: 0.4600 recall@2: 0.6700 recall@3: 0.7400 ] Test set [f1score@1: 0.4600 f1score@2: 0.4500 f1score@3: 0.3700 ] Test set [accuracy@1: 0.4600 accuracy@2: 0.6700 accuracy@3: 0.7400 ] 
2024-03-15 02:22:20,652 - [Epoch  92 / 210] rec_loss: 1.7137 cl_loss: 0.0000 
2024-03-15 02:22:21,735 - Epoch  92 Test set [precision@1: 0.4500 precision@2: 0.3300 precision@3: 0.2500 ] Test set [recall@1: 0.4500 recall@2: 0.6600 recall@3: 0.7500 ] Test set [f1score@1: 0.4500 f1score@2: 0.4400 f1score@3: 0.3800 ] Test set [accuracy@1: 0.4500 accuracy@2: 0.6600 accuracy@3: 0.7500 ] 
2024-03-15 02:22:31,592 - [Epoch  93 / 210] rec_loss: 1.7269 cl_loss: 0.0000 
2024-03-15 02:22:32,678 - Epoch  93 Test set [precision@1: 0.4600 precision@2: 0.3300 precision@3: 0.2500 ] Test set [recall@1: 0.4600 recall@2: 0.6600 recall@3: 0.7500 ] Test set [f1score@1: 0.4600 f1score@2: 0.4400 f1score@3: 0.3700 ] Test set [accuracy@1: 0.4600 accuracy@2: 0.6600 accuracy@3: 0.7500 ] 
2024-03-15 02:22:42,456 - [Epoch  94 / 210] rec_loss: 1.7114 cl_loss: 0.0000 
2024-03-15 02:22:43,559 - Epoch  94 Test set [precision@1: 0.4500 precision@2: 0.3200 precision@3: 0.2500 ] Test set [recall@1: 0.4500 recall@2: 0.6400 recall@3: 0.7500 ] Test set [f1score@1: 0.4500 f1score@2: 0.4300 f1score@3: 0.3700 ] Test set [accuracy@1: 0.4500 accuracy@2: 0.6400 accuracy@3: 0.7500 ] 
2024-03-15 02:22:52,630 - [Epoch  95 / 210] rec_loss: 1.7065 cl_loss: 0.0000 
2024-03-15 02:22:53,716 - Epoch  95 Test set [precision@1: 0.4600 precision@2: 0.3300 precision@3: 0.2400 ] Test set [recall@1: 0.4600 recall@2: 0.6500 recall@3: 0.7300 ] Test set [f1score@1: 0.4600 f1score@2: 0.4300 f1score@3: 0.3700 ] Test set [accuracy@1: 0.4600 accuracy@2: 0.6500 accuracy@3: 0.7300 ] 
2024-03-15 02:23:03,242 - [Epoch  96 / 210] rec_loss: 1.7150 cl_loss: 0.0000 
2024-03-15 02:23:04,407 - Epoch  96 Test set [precision@1: 0.4500 precision@2: 0.3300 precision@3: 0.2500 ] Test set [recall@1: 0.4500 recall@2: 0.6600 recall@3: 0.7400 ] Test set [f1score@1: 0.4500 f1score@2: 0.4400 f1score@3: 0.3700 ] Test set [accuracy@1: 0.4500 accuracy@2: 0.6600 accuracy@3: 0.7400 ] 
2024-03-15 02:23:13,420 - [Epoch  97 / 210] rec_loss: 1.7152 cl_loss: 0.0000 
2024-03-15 02:23:14,559 - Epoch  97 Test set [precision@1: 0.4700 precision@2: 0.3300 precision@3: 0.2500 ] Test set [recall@1: 0.4700 recall@2: 0.6500 recall@3: 0.7400 ] Test set [f1score@1: 0.4700 f1score@2: 0.4400 f1score@3: 0.3700 ] Test set [accuracy@1: 0.4700 accuracy@2: 0.6500 accuracy@3: 0.7400 ] 
2024-03-15 02:23:24,233 - [Epoch  98 / 210] rec_loss: 1.7144 cl_loss: 0.0000 
2024-03-15 02:23:25,323 - Epoch  98 Test set [precision@1: 0.4500 precision@2: 0.3300 precision@3: 0.2500 ] Test set [recall@1: 0.4500 recall@2: 0.6600 recall@3: 0.7400 ] Test set [f1score@1: 0.4500 f1score@2: 0.4400 f1score@3: 0.3700 ] Test set [accuracy@1: 0.4500 accuracy@2: 0.6600 accuracy@3: 0.7400 ] 
2024-03-15 02:23:35,145 - [Epoch  99 / 210] rec_loss: 1.7052 cl_loss: 0.0000 
2024-03-15 02:23:36,247 - Epoch  99 Test set [precision@1: 0.4600 precision@2: 0.3300 precision@3: 0.2500 ] Test set [recall@1: 0.4600 recall@2: 0.6500 recall@3: 0.7600 ] Test set [f1score@1: 0.4600 f1score@2: 0.4400 f1score@3: 0.3800 ] Test set [accuracy@1: 0.4600 accuracy@2: 0.6500 accuracy@3: 0.7600 ] 
2024-03-15 02:23:46,074 - [Epoch 100 / 210] rec_loss: 1.7042 cl_loss: 0.0000 
2024-03-15 02:23:47,238 - Epoch 100 Test set [precision@1: 0.4600 precision@2: 0.3200 precision@3: 0.2500 ] Test set [recall@1: 0.4600 recall@2: 0.6500 recall@3: 0.7400 ] Test set [f1score@1: 0.4600 f1score@2: 0.4300 f1score@3: 0.3700 ] Test set [accuracy@1: 0.4600 accuracy@2: 0.6500 accuracy@3: 0.7400 ] 
2024-03-15 02:23:57,176 - [Epoch 101 / 210] rec_loss: 1.6885 cl_loss: 0.0000 
2024-03-15 02:23:58,264 - Epoch 101 Test set [precision@1: 0.4600 precision@2: 0.3200 precision@3: 0.2500 ] Test set [recall@1: 0.4600 recall@2: 0.6400 recall@3: 0.7400 ] Test set [f1score@1: 0.4600 f1score@2: 0.4300 f1score@3: 0.3700 ] Test set [accuracy@1: 0.4600 accuracy@2: 0.6400 accuracy@3: 0.7400 ] 
2024-03-15 02:24:08,205 - [Epoch 102 / 210] rec_loss: 1.6903 cl_loss: 0.0000 
2024-03-15 02:24:09,302 - Epoch 102 Test set [precision@1: 0.4400 precision@2: 0.3100 precision@3: 0.2400 ] Test set [recall@1: 0.4400 recall@2: 0.6300 recall@3: 0.7200 ] Test set [f1score@1: 0.4400 f1score@2: 0.4200 f1score@3: 0.3600 ] Test set [accuracy@1: 0.4400 accuracy@2: 0.6300 accuracy@3: 0.7200 ] 
2024-03-15 02:24:19,322 - [Epoch 103 / 210] rec_loss: 1.7077 cl_loss: 0.0000 
2024-03-15 02:24:20,410 - Epoch 103 Test set [precision@1: 0.4500 precision@2: 0.3200 precision@3: 0.2500 ] Test set [recall@1: 0.4500 recall@2: 0.6400 recall@3: 0.7400 ] Test set [f1score@1: 0.4500 f1score@2: 0.4300 f1score@3: 0.3700 ] Test set [accuracy@1: 0.4500 accuracy@2: 0.6400 accuracy@3: 0.7400 ] 
2024-03-15 02:24:30,473 - [Epoch 104 / 210] rec_loss: 1.6999 cl_loss: 0.0000 
2024-03-15 02:24:31,613 - Epoch 104 Test set [precision@1: 0.4500 precision@2: 0.3200 precision@3: 0.2400 ] Test set [recall@1: 0.4500 recall@2: 0.6300 recall@3: 0.7300 ] Test set [f1score@1: 0.4500 f1score@2: 0.4200 f1score@3: 0.3600 ] Test set [accuracy@1: 0.4500 accuracy@2: 0.6300 accuracy@3: 0.7300 ] 
2024-03-15 02:24:41,364 - [Epoch 105 / 210] rec_loss: 1.6840 cl_loss: 0.0000 
2024-03-15 02:24:42,464 - Epoch 105 Test set [precision@1: 0.4500 precision@2: 0.3100 precision@3: 0.2400 ] Test set [recall@1: 0.4500 recall@2: 0.6300 recall@3: 0.7300 ] Test set [f1score@1: 0.4500 f1score@2: 0.4200 f1score@3: 0.3600 ] Test set [accuracy@1: 0.4500 accuracy@2: 0.6300 accuracy@3: 0.7300 ] 
2024-03-15 02:24:52,346 - [Epoch 106 / 210] rec_loss: 1.6984 cl_loss: 0.0000 
2024-03-15 02:24:53,449 - Epoch 106 Test set [precision@1: 0.4400 precision@2: 0.3200 precision@3: 0.2500 ] Test set [recall@1: 0.4400 recall@2: 0.6400 recall@3: 0.7500 ] Test set [f1score@1: 0.4400 f1score@2: 0.4300 f1score@3: 0.3700 ] Test set [accuracy@1: 0.4400 accuracy@2: 0.6400 accuracy@3: 0.7500 ] 
2024-03-15 02:25:03,359 - [Epoch 107 / 210] rec_loss: 1.6883 cl_loss: 0.0000 
2024-03-15 02:25:04,458 - Epoch 107 Test set [precision@1: 0.4600 precision@2: 0.3100 precision@3: 0.2400 ] Test set [recall@1: 0.4600 recall@2: 0.6200 recall@3: 0.7300 ] Test set [f1score@1: 0.4600 f1score@2: 0.4100 f1score@3: 0.3700 ] Test set [accuracy@1: 0.4600 accuracy@2: 0.6200 accuracy@3: 0.7300 ] 
2024-03-15 02:25:14,346 - [Epoch 108 / 210] rec_loss: 1.7019 cl_loss: 0.0000 
2024-03-15 02:25:15,434 - Epoch 108 Test set [precision@1: 0.4400 precision@2: 0.3100 precision@3: 0.2400 ] Test set [recall@1: 0.4400 recall@2: 0.6100 recall@3: 0.7100 ] Test set [f1score@1: 0.4400 f1score@2: 0.4100 f1score@3: 0.3600 ] Test set [accuracy@1: 0.4400 accuracy@2: 0.6100 accuracy@3: 0.7100 ] 
2024-03-15 02:25:25,306 - [Epoch 109 / 210] rec_loss: 1.6892 cl_loss: 0.0000 
2024-03-15 02:25:26,406 - Epoch 109 Test set [precision@1: 0.4400 precision@2: 0.3200 precision@3: 0.2400 ] Test set [recall@1: 0.4400 recall@2: 0.6300 recall@3: 0.7300 ] Test set [f1score@1: 0.4400 f1score@2: 0.4200 f1score@3: 0.3600 ] Test set [accuracy@1: 0.4400 accuracy@2: 0.6300 accuracy@3: 0.7300 ] 
2024-03-15 02:25:36,246 - [Epoch 110 / 210] rec_loss: 1.6852 cl_loss: 0.0000 
2024-03-15 02:25:37,346 - Epoch 110 Test set [precision@1: 0.4600 precision@2: 0.3300 precision@3: 0.2500 ] Test set [recall@1: 0.4600 recall@2: 0.6600 recall@3: 0.7400 ] Test set [f1score@1: 0.4600 f1score@2: 0.4400 f1score@3: 0.3700 ] Test set [accuracy@1: 0.4600 accuracy@2: 0.6600 accuracy@3: 0.7400 ] 
2024-03-15 02:25:47,296 - [Epoch 111 / 210] rec_loss: 1.6787 cl_loss: 0.0000 
2024-03-15 02:25:48,383 - Epoch 111 Test set [precision@1: 0.4500 precision@2: 0.3100 precision@3: 0.2400 ] Test set [recall@1: 0.4500 recall@2: 0.6200 recall@3: 0.7200 ] Test set [f1score@1: 0.4500 f1score@2: 0.4100 f1score@3: 0.3600 ] Test set [accuracy@1: 0.4500 accuracy@2: 0.6200 accuracy@3: 0.7200 ] 
2024-03-15 02:25:57,044 - [Epoch 112 / 210] rec_loss: 1.6697 cl_loss: 0.0000 
2024-03-15 02:25:58,134 - Epoch 112 Test set [precision@1: 0.4600 precision@2: 0.3200 precision@3: 0.2400 ] Test set [recall@1: 0.4600 recall@2: 0.6500 recall@3: 0.7300 ] Test set [f1score@1: 0.4600 f1score@2: 0.4300 f1score@3: 0.3600 ] Test set [accuracy@1: 0.4600 accuracy@2: 0.6500 accuracy@3: 0.7300 ] 
2024-03-15 02:26:08,005 - [Epoch 113 / 210] rec_loss: 1.6812 cl_loss: 0.0000 
2024-03-15 02:26:09,106 - Epoch 113 Test set [precision@1: 0.4400 precision@2: 0.3200 precision@3: 0.2500 ] Test set [recall@1: 0.4400 recall@2: 0.6500 recall@3: 0.7400 ] Test set [f1score@1: 0.4400 f1score@2: 0.4300 f1score@3: 0.3700 ] Test set [accuracy@1: 0.4400 accuracy@2: 0.6500 accuracy@3: 0.7400 ] 
2024-03-15 02:26:19,037 - [Epoch 114 / 210] rec_loss: 1.6830 cl_loss: 0.0000 
2024-03-15 02:26:20,130 - Epoch 114 Test set [precision@1: 0.4700 precision@2: 0.3300 precision@3: 0.2500 ] Test set [recall@1: 0.4700 recall@2: 0.6600 recall@3: 0.7500 ] Test set [f1score@1: 0.4700 f1score@2: 0.4400 f1score@3: 0.3700 ] Test set [accuracy@1: 0.4700 accuracy@2: 0.6600 accuracy@3: 0.7500 ] 
2024-03-15 02:26:29,918 - [Epoch 115 / 210] rec_loss: 1.6693 cl_loss: 0.0000 
2024-03-15 02:26:31,015 - Epoch 115 Test set [precision@1: 0.4500 precision@2: 0.3300 precision@3: 0.2500 ] Test set [recall@1: 0.4500 recall@2: 0.6600 recall@3: 0.7500 ] Test set [f1score@1: 0.4500 f1score@2: 0.4400 f1score@3: 0.3700 ] Test set [accuracy@1: 0.4500 accuracy@2: 0.6600 accuracy@3: 0.7500 ] 
2024-03-15 02:26:40,936 - [Epoch 116 / 210] rec_loss: 1.6878 cl_loss: 0.0000 
2024-03-15 02:26:42,021 - Epoch 116 Test set [precision@1: 0.4600 precision@2: 0.3200 precision@3: 0.2400 ] Test set [recall@1: 0.4600 recall@2: 0.6400 recall@3: 0.7300 ] Test set [f1score@1: 0.4600 f1score@2: 0.4200 f1score@3: 0.3600 ] Test set [accuracy@1: 0.4600 accuracy@2: 0.6400 accuracy@3: 0.7300 ] 
2024-03-15 02:26:51,892 - [Epoch 117 / 210] rec_loss: 1.6669 cl_loss: 0.0000 
2024-03-15 02:26:52,980 - Epoch 117 Test set [precision@1: 0.4400 precision@2: 0.3200 precision@3: 0.2500 ] Test set [recall@1: 0.4400 recall@2: 0.6400 recall@3: 0.7400 ] Test set [f1score@1: 0.4400 f1score@2: 0.4300 f1score@3: 0.3700 ] Test set [accuracy@1: 0.4400 accuracy@2: 0.6400 accuracy@3: 0.7400 ] 
2024-03-15 02:27:02,888 - [Epoch 118 / 210] rec_loss: 1.6667 cl_loss: 0.0000 
2024-03-15 02:27:03,982 - Epoch 118 Test set [precision@1: 0.4600 precision@2: 0.3300 precision@3: 0.2500 ] Test set [recall@1: 0.4600 recall@2: 0.6600 recall@3: 0.7400 ] Test set [f1score@1: 0.4600 f1score@2: 0.4400 f1score@3: 0.3700 ] Test set [accuracy@1: 0.4600 accuracy@2: 0.6600 accuracy@3: 0.7400 ] 
2024-03-15 02:27:13,817 - [Epoch 119 / 210] rec_loss: 1.6764 cl_loss: 0.0000 
2024-03-15 02:27:14,902 - Epoch 119 Test set [precision@1: 0.4600 precision@2: 0.3200 precision@3: 0.2500 ] Test set [recall@1: 0.4600 recall@2: 0.6400 recall@3: 0.7600 ] Test set [f1score@1: 0.4600 f1score@2: 0.4200 f1score@3: 0.3800 ] Test set [accuracy@1: 0.4600 accuracy@2: 0.6400 accuracy@3: 0.7600 ] 
2024-03-15 02:27:24,767 - [Epoch 120 / 210] rec_loss: 1.6703 cl_loss: 0.0000 
2024-03-15 02:27:25,925 - Epoch 120 Test set [precision@1: 0.4500 precision@2: 0.3200 precision@3: 0.2400 ] Test set [recall@1: 0.4500 recall@2: 0.6400 recall@3: 0.7300 ] Test set [f1score@1: 0.4500 f1score@2: 0.4300 f1score@3: 0.3700 ] Test set [accuracy@1: 0.4500 accuracy@2: 0.6400 accuracy@3: 0.7300 ] 
2024-03-15 02:27:35,664 - [Epoch 121 / 210] rec_loss: 1.6705 cl_loss: 0.0000 
2024-03-15 02:27:36,759 - Epoch 121 Test set [precision@1: 0.4400 precision@2: 0.3200 precision@3: 0.2400 ] Test set [recall@1: 0.4400 recall@2: 0.6400 recall@3: 0.7300 ] Test set [f1score@1: 0.4400 f1score@2: 0.4300 f1score@3: 0.3600 ] Test set [accuracy@1: 0.4400 accuracy@2: 0.6400 accuracy@3: 0.7300 ] 
2024-03-15 02:27:46,553 - [Epoch 122 / 210] rec_loss: 1.6749 cl_loss: 0.0000 
2024-03-15 02:27:47,725 - Epoch 122 Test set [precision@1: 0.4500 precision@2: 0.3100 precision@3: 0.2500 ] Test set [recall@1: 0.4500 recall@2: 0.6200 recall@3: 0.7500 ] Test set [f1score@1: 0.4500 f1score@2: 0.4200 f1score@3: 0.3800 ] Test set [accuracy@1: 0.4500 accuracy@2: 0.6200 accuracy@3: 0.7500 ] 
2024-03-15 02:27:57,646 - [Epoch 123 / 210] rec_loss: 1.6726 cl_loss: 0.0000 
2024-03-15 02:27:58,738 - Epoch 123 Test set [precision@1: 0.4600 precision@2: 0.3200 precision@3: 0.2500 ] Test set [recall@1: 0.4600 recall@2: 0.6500 recall@3: 0.7500 ] Test set [f1score@1: 0.4600 f1score@2: 0.4300 f1score@3: 0.3700 ] Test set [accuracy@1: 0.4600 accuracy@2: 0.6500 accuracy@3: 0.7500 ] 
2024-03-15 02:28:08,576 - [Epoch 124 / 210] rec_loss: 1.6617 cl_loss: 0.0000 
2024-03-15 02:28:09,660 - Epoch 124 Test set [precision@1: 0.4600 precision@2: 0.3200 precision@3: 0.2500 ] Test set [recall@1: 0.4600 recall@2: 0.6400 recall@3: 0.7500 ] Test set [f1score@1: 0.4600 f1score@2: 0.4300 f1score@3: 0.3700 ] Test set [accuracy@1: 0.4600 accuracy@2: 0.6400 accuracy@3: 0.7500 ] 
2024-03-15 02:28:19,528 - [Epoch 125 / 210] rec_loss: 1.6814 cl_loss: 0.0000 
2024-03-15 02:28:20,626 - Epoch 125 Test set [precision@1: 0.4600 precision@2: 0.3200 precision@3: 0.2500 ] Test set [recall@1: 0.4600 recall@2: 0.6500 recall@3: 0.7500 ] Test set [f1score@1: 0.4600 f1score@2: 0.4300 f1score@3: 0.3700 ] Test set [accuracy@1: 0.4600 accuracy@2: 0.6500 accuracy@3: 0.7500 ] 
2024-03-15 02:28:30,453 - [Epoch 126 / 210] rec_loss: 1.6758 cl_loss: 0.0000 
2024-03-15 02:28:31,552 - Epoch 126 Test set [precision@1: 0.4600 precision@2: 0.3200 precision@3: 0.2500 ] Test set [recall@1: 0.4600 recall@2: 0.6400 recall@3: 0.7600 ] Test set [f1score@1: 0.4600 f1score@2: 0.4300 f1score@3: 0.3800 ] Test set [accuracy@1: 0.4600 accuracy@2: 0.6400 accuracy@3: 0.7600 ] 
2024-03-15 02:28:41,402 - [Epoch 127 / 210] rec_loss: 1.6712 cl_loss: 0.0000 
2024-03-15 02:28:42,490 - Epoch 127 Test set [precision@1: 0.4500 precision@2: 0.3200 precision@3: 0.2400 ] Test set [recall@1: 0.4500 recall@2: 0.6500 recall@3: 0.7300 ] Test set [f1score@1: 0.4500 f1score@2: 0.4300 f1score@3: 0.3700 ] Test set [accuracy@1: 0.4500 accuracy@2: 0.6500 accuracy@3: 0.7300 ] 
2024-03-15 02:28:52,410 - [Epoch 128 / 210] rec_loss: 1.6670 cl_loss: 0.0000 
2024-03-15 02:28:53,497 - Epoch 128 Test set [precision@1: 0.4500 precision@2: 0.3200 precision@3: 0.2400 ] Test set [recall@1: 0.4500 recall@2: 0.6400 recall@3: 0.7300 ] Test set [f1score@1: 0.4500 f1score@2: 0.4300 f1score@3: 0.3700 ] Test set [accuracy@1: 0.4500 accuracy@2: 0.6400 accuracy@3: 0.7300 ] 
2024-03-15 02:29:03,539 - [Epoch 129 / 210] rec_loss: 1.6730 cl_loss: 0.0000 
2024-03-15 02:29:04,645 - Epoch 129 Test set [precision@1: 0.4600 precision@2: 0.3200 precision@3: 0.2500 ] Test set [recall@1: 0.4600 recall@2: 0.6400 recall@3: 0.7600 ] Test set [f1score@1: 0.4600 f1score@2: 0.4300 f1score@3: 0.3800 ] Test set [accuracy@1: 0.4600 accuracy@2: 0.6400 accuracy@3: 0.7600 ] 
2024-03-15 02:29:14,654 - [Epoch 130 / 210] rec_loss: 1.6606 cl_loss: 0.0000 
2024-03-15 02:29:15,750 - Epoch 130 Test set [precision@1: 0.4600 precision@2: 0.3200 precision@3: 0.2500 ] Test set [recall@1: 0.4600 recall@2: 0.6300 recall@3: 0.7600 ] Test set [f1score@1: 0.4600 f1score@2: 0.4200 f1score@3: 0.3800 ] Test set [accuracy@1: 0.4600 accuracy@2: 0.6300 accuracy@3: 0.7600 ] 
2024-03-15 02:29:25,885 - [Epoch 131 / 210] rec_loss: 1.6706 cl_loss: 0.0000 
2024-03-15 02:29:26,975 - Epoch 131 Test set [precision@1: 0.4500 precision@2: 0.3200 precision@3: 0.2400 ] Test set [recall@1: 0.4500 recall@2: 0.6300 recall@3: 0.7300 ] Test set [f1score@1: 0.4500 f1score@2: 0.4200 f1score@3: 0.3700 ] Test set [accuracy@1: 0.4500 accuracy@2: 0.6300 accuracy@3: 0.7300 ] 
2024-03-15 02:29:37,001 - [Epoch 132 / 210] rec_loss: 1.6538 cl_loss: 0.0000 
2024-03-15 02:29:38,097 - Epoch 132 Test set [precision@1: 0.4500 precision@2: 0.3200 precision@3: 0.2500 ] Test set [recall@1: 0.4500 recall@2: 0.6500 recall@3: 0.7400 ] Test set [f1score@1: 0.4500 f1score@2: 0.4300 f1score@3: 0.3700 ] Test set [accuracy@1: 0.4500 accuracy@2: 0.6500 accuracy@3: 0.7400 ] 
2024-03-15 02:29:48,123 - [Epoch 133 / 210] rec_loss: 1.6564 cl_loss: 0.0000 
2024-03-15 02:29:49,208 - Epoch 133 Test set [precision@1: 0.4300 precision@2: 0.3200 precision@3: 0.2400 ] Test set [recall@1: 0.4300 recall@2: 0.6400 recall@3: 0.7300 ] Test set [f1score@1: 0.4300 f1score@2: 0.4300 f1score@3: 0.3700 ] Test set [accuracy@1: 0.4300 accuracy@2: 0.6400 accuracy@3: 0.7300 ] 
2024-03-15 02:29:59,228 - [Epoch 134 / 210] rec_loss: 1.6561 cl_loss: 0.0000 
2024-03-15 02:30:00,387 - Epoch 134 Test set [precision@1: 0.4400 precision@2: 0.3200 precision@3: 0.2500 ] Test set [recall@1: 0.4400 recall@2: 0.6400 recall@3: 0.7400 ] Test set [f1score@1: 0.4400 f1score@2: 0.4300 f1score@3: 0.3700 ] Test set [accuracy@1: 0.4400 accuracy@2: 0.6400 accuracy@3: 0.7400 ] 
2024-03-15 02:30:10,412 - [Epoch 135 / 210] rec_loss: 1.6463 cl_loss: 0.0000 
2024-03-15 02:30:11,499 - Epoch 135 Test set [precision@1: 0.4500 precision@2: 0.3200 precision@3: 0.2400 ] Test set [recall@1: 0.4500 recall@2: 0.6500 recall@3: 0.7300 ] Test set [f1score@1: 0.4500 f1score@2: 0.4300 f1score@3: 0.3700 ] Test set [accuracy@1: 0.4500 accuracy@2: 0.6500 accuracy@3: 0.7300 ] 
2024-03-15 02:30:21,581 - [Epoch 136 / 210] rec_loss: 1.6517 cl_loss: 0.0000 
2024-03-15 02:30:22,750 - Epoch 136 Test set [precision@1: 0.4500 precision@2: 0.3200 precision@3: 0.2400 ] Test set [recall@1: 0.4500 recall@2: 0.6300 recall@3: 0.7300 ] Test set [f1score@1: 0.4500 f1score@2: 0.4200 f1score@3: 0.3700 ] Test set [accuracy@1: 0.4500 accuracy@2: 0.6300 accuracy@3: 0.7300 ] 
2024-03-15 02:30:32,791 - [Epoch 137 / 210] rec_loss: 1.6582 cl_loss: 0.0000 
2024-03-15 02:30:33,875 - Epoch 137 Test set [precision@1: 0.4600 precision@2: 0.3200 precision@3: 0.2400 ] Test set [recall@1: 0.4600 recall@2: 0.6300 recall@3: 0.7300 ] Test set [f1score@1: 0.4600 f1score@2: 0.4200 f1score@3: 0.3600 ] Test set [accuracy@1: 0.4600 accuracy@2: 0.6300 accuracy@3: 0.7300 ] 
2024-03-15 02:30:43,946 - [Epoch 138 / 210] rec_loss: 1.6684 cl_loss: 0.0000 
2024-03-15 02:30:45,046 - Epoch 138 Test set [precision@1: 0.4300 precision@2: 0.3100 precision@3: 0.2400 ] Test set [recall@1: 0.4300 recall@2: 0.6200 recall@3: 0.7300 ] Test set [f1score@1: 0.4300 f1score@2: 0.4100 f1score@3: 0.3700 ] Test set [accuracy@1: 0.4300 accuracy@2: 0.6200 accuracy@3: 0.7300 ] 
2024-03-15 02:30:54,664 - [Epoch 139 / 210] rec_loss: 1.6527 cl_loss: 0.0000 
2024-03-15 02:30:55,753 - Epoch 139 Test set [precision@1: 0.4500 precision@2: 0.3200 precision@3: 0.2500 ] Test set [recall@1: 0.4500 recall@2: 0.6300 recall@3: 0.7500 ] Test set [f1score@1: 0.4500 f1score@2: 0.4200 f1score@3: 0.3700 ] Test set [accuracy@1: 0.4500 accuracy@2: 0.6300 accuracy@3: 0.7500 ] 
2024-03-15 02:31:05,746 - [Epoch 140 / 210] rec_loss: 1.6611 cl_loss: 0.0000 
2024-03-15 02:31:06,833 - Epoch 140 Test set [precision@1: 0.4600 precision@2: 0.3100 precision@3: 0.2400 ] Test set [recall@1: 0.4600 recall@2: 0.6300 recall@3: 0.7300 ] Test set [f1score@1: 0.4600 f1score@2: 0.4200 f1score@3: 0.3600 ] Test set [accuracy@1: 0.4600 accuracy@2: 0.6300 accuracy@3: 0.7300 ] 
2024-03-15 02:31:16,777 - [Epoch 141 / 210] rec_loss: 1.6411 cl_loss: 0.0000 
2024-03-15 02:31:17,872 - Epoch 141 Test set [precision@1: 0.4500 precision@2: 0.3200 precision@3: 0.2500 ] Test set [recall@1: 0.4500 recall@2: 0.6400 recall@3: 0.7400 ] Test set [f1score@1: 0.4500 f1score@2: 0.4300 f1score@3: 0.3700 ] Test set [accuracy@1: 0.4500 accuracy@2: 0.6400 accuracy@3: 0.7400 ] 
2024-03-15 02:31:27,950 - [Epoch 142 / 210] rec_loss: 1.6445 cl_loss: 0.0000 
2024-03-15 02:31:29,093 - Epoch 142 Test set [precision@1: 0.4600 precision@2: 0.3100 precision@3: 0.2400 ] Test set [recall@1: 0.4600 recall@2: 0.6200 recall@3: 0.7200 ] Test set [f1score@1: 0.4600 f1score@2: 0.4100 f1score@3: 0.3600 ] Test set [accuracy@1: 0.4600 accuracy@2: 0.6200 accuracy@3: 0.7200 ] 
2024-03-15 02:31:39,117 - [Epoch 143 / 210] rec_loss: 1.6440 cl_loss: 0.0000 
2024-03-15 02:31:40,205 - Epoch 143 Test set [precision@1: 0.4500 precision@2: 0.3200 precision@3: 0.2500 ] Test set [recall@1: 0.4500 recall@2: 0.6300 recall@3: 0.7400 ] Test set [f1score@1: 0.4500 f1score@2: 0.4200 f1score@3: 0.3700 ] Test set [accuracy@1: 0.4500 accuracy@2: 0.6300 accuracy@3: 0.7400 ] 
2024-03-15 02:31:49,802 - [Epoch 144 / 210] rec_loss: 1.6425 cl_loss: 0.0000 
2024-03-15 02:31:50,887 - Epoch 144 Test set [precision@1: 0.4500 precision@2: 0.3300 precision@3: 0.2500 ] Test set [recall@1: 0.4500 recall@2: 0.6500 recall@3: 0.7500 ] Test set [f1score@1: 0.4500 f1score@2: 0.4300 f1score@3: 0.3800 ] Test set [accuracy@1: 0.4500 accuracy@2: 0.6500 accuracy@3: 0.7500 ] 
2024-03-15 02:32:00,749 - [Epoch 145 / 210] rec_loss: 1.6448 cl_loss: 0.0000 
2024-03-15 02:32:01,903 - Epoch 145 Test set [precision@1: 0.4500 precision@2: 0.3100 precision@3: 0.2500 ] Test set [recall@1: 0.4500 recall@2: 0.6200 recall@3: 0.7500 ] Test set [f1score@1: 0.4500 f1score@2: 0.4200 f1score@3: 0.3800 ] Test set [accuracy@1: 0.4500 accuracy@2: 0.6200 accuracy@3: 0.7500 ] 
2024-03-15 02:32:11,357 - [Epoch 146 / 210] rec_loss: 1.6368 cl_loss: 0.0000 
2024-03-15 02:32:12,454 - Epoch 146 Test set [precision@1: 0.4400 precision@2: 0.3200 precision@3: 0.2400 ] Test set [recall@1: 0.4400 recall@2: 0.6300 recall@3: 0.7200 ] Test set [f1score@1: 0.4400 f1score@2: 0.4200 f1score@3: 0.3600 ] Test set [accuracy@1: 0.4400 accuracy@2: 0.6300 accuracy@3: 0.7200 ] 
2024-03-15 02:32:21,918 - [Epoch 147 / 210] rec_loss: 1.6350 cl_loss: 0.0000 
2024-03-15 02:32:23,001 - Epoch 147 Test set [precision@1: 0.4400 precision@2: 0.3100 precision@3: 0.2500 ] Test set [recall@1: 0.4400 recall@2: 0.6200 recall@3: 0.7400 ] Test set [f1score@1: 0.4400 f1score@2: 0.4100 f1score@3: 0.3700 ] Test set [accuracy@1: 0.4400 accuracy@2: 0.6200 accuracy@3: 0.7400 ] 
2024-03-15 02:32:32,918 - [Epoch 148 / 210] rec_loss: 1.6341 cl_loss: 0.0000 
2024-03-15 02:32:34,009 - Epoch 148 Test set [precision@1: 0.4300 precision@2: 0.3200 precision@3: 0.2400 ] Test set [recall@1: 0.4300 recall@2: 0.6300 recall@3: 0.7100 ] Test set [f1score@1: 0.4300 f1score@2: 0.4200 f1score@3: 0.3500 ] Test set [accuracy@1: 0.4300 accuracy@2: 0.6300 accuracy@3: 0.7100 ] 
2024-03-15 02:32:44,137 - [Epoch 149 / 210] rec_loss: 1.6478 cl_loss: 0.0000 
2024-03-15 02:32:45,221 - Epoch 149 Test set [precision@1: 0.4300 precision@2: 0.3200 precision@3: 0.2400 ] Test set [recall@1: 0.4300 recall@2: 0.6400 recall@3: 0.7300 ] Test set [f1score@1: 0.4300 f1score@2: 0.4300 f1score@3: 0.3700 ] Test set [accuracy@1: 0.4300 accuracy@2: 0.6400 accuracy@3: 0.7300 ] 
2024-03-15 02:32:55,132 - [Epoch 150 / 210] rec_loss: 1.6367 cl_loss: 0.0000 
2024-03-15 02:32:56,221 - Epoch 150 Test set [precision@1: 0.4300 precision@2: 0.3100 precision@3: 0.2400 ] Test set [recall@1: 0.4300 recall@2: 0.6300 recall@3: 0.7300 ] Test set [f1score@1: 0.4300 f1score@2: 0.4200 f1score@3: 0.3600 ] Test set [accuracy@1: 0.4300 accuracy@2: 0.6300 accuracy@3: 0.7300 ] 
2024-03-15 02:33:06,280 - [Epoch 151 / 210] rec_loss: 1.6284 cl_loss: 0.0000 
2024-03-15 02:33:07,377 - Epoch 151 Test set [precision@1: 0.4400 precision@2: 0.3200 precision@3: 0.2400 ] Test set [recall@1: 0.4400 recall@2: 0.6300 recall@3: 0.7200 ] Test set [f1score@1: 0.4400 f1score@2: 0.4200 f1score@3: 0.3600 ] Test set [accuracy@1: 0.4400 accuracy@2: 0.6300 accuracy@3: 0.7200 ] 
2024-03-15 02:33:17,398 - [Epoch 152 / 210] rec_loss: 1.6299 cl_loss: 0.0000 
2024-03-15 02:33:18,485 - Epoch 152 Test set [precision@1: 0.4700 precision@2: 0.3300 precision@3: 0.2500 ] Test set [recall@1: 0.4700 recall@2: 0.6500 recall@3: 0.7400 ] Test set [f1score@1: 0.4700 f1score@2: 0.4300 f1score@3: 0.3700 ] Test set [accuracy@1: 0.4700 accuracy@2: 0.6500 accuracy@3: 0.7400 ] 
2024-03-15 02:33:28,575 - [Epoch 153 / 210] rec_loss: 1.6249 cl_loss: 0.0000 
2024-03-15 02:33:29,667 - Epoch 153 Test set [precision@1: 0.4600 precision@2: 0.3200 precision@3: 0.2400 ] Test set [recall@1: 0.4600 recall@2: 0.6400 recall@3: 0.7300 ] Test set [f1score@1: 0.4600 f1score@2: 0.4300 f1score@3: 0.3700 ] Test set [accuracy@1: 0.4600 accuracy@2: 0.6400 accuracy@3: 0.7300 ] 
2024-03-15 02:33:39,640 - [Epoch 154 / 210] rec_loss: 1.6309 cl_loss: 0.0000 
2024-03-15 02:33:40,739 - Epoch 154 Test set [precision@1: 0.4600 precision@2: 0.3200 precision@3: 0.2400 ] Test set [recall@1: 0.4600 recall@2: 0.6300 recall@3: 0.7300 ] Test set [f1score@1: 0.4600 f1score@2: 0.4200 f1score@3: 0.3600 ] Test set [accuracy@1: 0.4600 accuracy@2: 0.6300 accuracy@3: 0.7300 ] 
2024-03-15 02:33:50,740 - [Epoch 155 / 210] rec_loss: 1.6376 cl_loss: 0.0000 
2024-03-15 02:33:51,829 - Epoch 155 Test set [precision@1: 0.4400 precision@2: 0.3200 precision@3: 0.2500 ] Test set [recall@1: 0.4400 recall@2: 0.6300 recall@3: 0.7400 ] Test set [f1score@1: 0.4400 f1score@2: 0.4200 f1score@3: 0.3700 ] Test set [accuracy@1: 0.4400 accuracy@2: 0.6300 accuracy@3: 0.7400 ] 
2024-03-15 02:34:01,974 - [Epoch 156 / 210] rec_loss: 1.6217 cl_loss: 0.0000 
2024-03-15 02:34:03,058 - Epoch 156 Test set [precision@1: 0.4500 precision@2: 0.3200 precision@3: 0.2400 ] Test set [recall@1: 0.4500 recall@2: 0.6300 recall@3: 0.7300 ] Test set [f1score@1: 0.4500 f1score@2: 0.4200 f1score@3: 0.3600 ] Test set [accuracy@1: 0.4500 accuracy@2: 0.6300 accuracy@3: 0.7300 ] 
2024-03-15 02:34:13,256 - [Epoch 157 / 210] rec_loss: 1.6188 cl_loss: 0.0000 
2024-03-15 02:34:14,360 - Epoch 157 Test set [precision@1: 0.4400 precision@2: 0.3200 precision@3: 0.2400 ] Test set [recall@1: 0.4400 recall@2: 0.6400 recall@3: 0.7200 ] Test set [f1score@1: 0.4400 f1score@2: 0.4300 f1score@3: 0.3600 ] Test set [accuracy@1: 0.4400 accuracy@2: 0.6400 accuracy@3: 0.7200 ] 
2024-03-15 02:34:24,574 - [Epoch 158 / 210] rec_loss: 1.6382 cl_loss: 0.0000 
2024-03-15 02:34:25,710 - Epoch 158 Test set [precision@1: 0.4500 precision@2: 0.3200 precision@3: 0.2400 ] Test set [recall@1: 0.4500 recall@2: 0.6400 recall@3: 0.7200 ] Test set [f1score@1: 0.4500 f1score@2: 0.4300 f1score@3: 0.3600 ] Test set [accuracy@1: 0.4500 accuracy@2: 0.6400 accuracy@3: 0.7200 ] 
2024-03-15 02:34:35,587 - [Epoch 159 / 210] rec_loss: 1.6306 cl_loss: 0.0000 
2024-03-15 02:34:36,677 - Epoch 159 Test set [precision@1: 0.4400 precision@2: 0.3300 precision@3: 0.2400 ] Test set [recall@1: 0.4400 recall@2: 0.6600 recall@3: 0.7300 ] Test set [f1score@1: 0.4400 f1score@2: 0.4400 f1score@3: 0.3700 ] Test set [accuracy@1: 0.4400 accuracy@2: 0.6600 accuracy@3: 0.7300 ] 
2024-03-15 02:34:46,065 - [Epoch 160 / 210] rec_loss: 1.6297 cl_loss: 0.0000 
2024-03-15 02:34:47,150 - Epoch 160 Test set [precision@1: 0.4600 precision@2: 0.3200 precision@3: 0.2500 ] Test set [recall@1: 0.4600 recall@2: 0.6500 recall@3: 0.7400 ] Test set [f1score@1: 0.4600 f1score@2: 0.4300 f1score@3: 0.3700 ] Test set [accuracy@1: 0.4600 accuracy@2: 0.6500 accuracy@3: 0.7400 ] 
2024-03-15 02:34:57,101 - [Epoch 161 / 210] rec_loss: 1.6145 cl_loss: 0.0000 
2024-03-15 02:34:58,198 - Epoch 161 Test set [precision@1: 0.4400 precision@2: 0.3300 precision@3: 0.2500 ] Test set [recall@1: 0.4400 recall@2: 0.6600 recall@3: 0.7500 ] Test set [f1score@1: 0.4400 f1score@2: 0.4400 f1score@3: 0.3700 ] Test set [accuracy@1: 0.4400 accuracy@2: 0.6600 accuracy@3: 0.7500 ] 
2024-03-15 02:35:08,080 - [Epoch 162 / 210] rec_loss: 1.6371 cl_loss: 0.0000 
2024-03-15 02:35:09,170 - Epoch 162 Test set [precision@1: 0.4400 precision@2: 0.3300 precision@3: 0.2500 ] Test set [recall@1: 0.4400 recall@2: 0.6600 recall@3: 0.7500 ] Test set [f1score@1: 0.4400 f1score@2: 0.4400 f1score@3: 0.3700 ] Test set [accuracy@1: 0.4400 accuracy@2: 0.6600 accuracy@3: 0.7500 ] 
2024-03-15 02:35:19,080 - [Epoch 163 / 210] rec_loss: 1.6223 cl_loss: 0.0000 
2024-03-15 02:35:20,161 - Epoch 163 Test set [precision@1: 0.4600 precision@2: 0.3300 precision@3: 0.2500 ] Test set [recall@1: 0.4600 recall@2: 0.6600 recall@3: 0.7500 ] Test set [f1score@1: 0.4600 f1score@2: 0.4400 f1score@3: 0.3700 ] Test set [accuracy@1: 0.4600 accuracy@2: 0.6600 accuracy@3: 0.7500 ] 
2024-03-15 02:35:29,256 - [Epoch 164 / 210] rec_loss: 1.6126 cl_loss: 0.0000 
2024-03-15 02:35:30,404 - Epoch 164 Test set [precision@1: 0.4600 precision@2: 0.3200 precision@3: 0.2500 ] Test set [recall@1: 0.4600 recall@2: 0.6400 recall@3: 0.7500 ] Test set [f1score@1: 0.4600 f1score@2: 0.4300 f1score@3: 0.3800 ] Test set [accuracy@1: 0.4600 accuracy@2: 0.6400 accuracy@3: 0.7500 ] 
2024-03-15 02:35:40,396 - [Epoch 165 / 210] rec_loss: 1.6330 cl_loss: 0.0000 
2024-03-15 02:35:41,478 - Epoch 165 Test set [precision@1: 0.4400 precision@2: 0.3200 precision@3: 0.2400 ] Test set [recall@1: 0.4400 recall@2: 0.6300 recall@3: 0.7300 ] Test set [f1score@1: 0.4400 f1score@2: 0.4200 f1score@3: 0.3700 ] Test set [accuracy@1: 0.4400 accuracy@2: 0.6300 accuracy@3: 0.7300 ] 
2024-03-15 02:35:51,346 - [Epoch 166 / 210] rec_loss: 1.6058 cl_loss: 0.0000 
2024-03-15 02:35:52,512 - Epoch 166 Test set [precision@1: 0.4400 precision@2: 0.3300 precision@3: 0.2400 ] Test set [recall@1: 0.4400 recall@2: 0.6500 recall@3: 0.7300 ] Test set [f1score@1: 0.4400 f1score@2: 0.4400 f1score@3: 0.3700 ] Test set [accuracy@1: 0.4400 accuracy@2: 0.6500 accuracy@3: 0.7300 ] 
2024-03-15 02:36:01,193 - [Epoch 167 / 210] rec_loss: 1.6054 cl_loss: 0.0000 
2024-03-15 02:36:02,369 - Epoch 167 Test set [precision@1: 0.4400 precision@2: 0.3100 precision@3: 0.2400 ] Test set [recall@1: 0.4400 recall@2: 0.6200 recall@3: 0.7200 ] Test set [f1score@1: 0.4400 f1score@2: 0.4100 f1score@3: 0.3600 ] Test set [accuracy@1: 0.4400 accuracy@2: 0.6200 accuracy@3: 0.7200 ] 
2024-03-15 02:36:12,263 - [Epoch 168 / 210] rec_loss: 1.6188 cl_loss: 0.0000 
2024-03-15 02:36:13,351 - Epoch 168 Test set [precision@1: 0.4300 precision@2: 0.3100 precision@3: 0.2400 ] Test set [recall@1: 0.4300 recall@2: 0.6300 recall@3: 0.7200 ] Test set [f1score@1: 0.4300 f1score@2: 0.4200 f1score@3: 0.3600 ] Test set [accuracy@1: 0.4300 accuracy@2: 0.6300 accuracy@3: 0.7200 ] 
2024-03-15 02:36:23,134 - [Epoch 169 / 210] rec_loss: 1.6147 cl_loss: 0.0000 
2024-03-15 02:36:24,232 - Epoch 169 Test set [precision@1: 0.4500 precision@2: 0.3200 precision@3: 0.2400 ] Test set [recall@1: 0.4500 recall@2: 0.6400 recall@3: 0.7300 ] Test set [f1score@1: 0.4500 f1score@2: 0.4300 f1score@3: 0.3700 ] Test set [accuracy@1: 0.4500 accuracy@2: 0.6400 accuracy@3: 0.7300 ] 
2024-03-15 02:36:34,171 - [Epoch 170 / 210] rec_loss: 1.6126 cl_loss: 0.0000 
2024-03-15 02:36:35,260 - Epoch 170 Test set [precision@1: 0.4400 precision@2: 0.3200 precision@3: 0.2400 ] Test set [recall@1: 0.4400 recall@2: 0.6500 recall@3: 0.7300 ] Test set [f1score@1: 0.4400 f1score@2: 0.4300 f1score@3: 0.3600 ] Test set [accuracy@1: 0.4400 accuracy@2: 0.6500 accuracy@3: 0.7300 ] 
2024-03-15 02:36:45,166 - [Epoch 171 / 210] rec_loss: 1.6250 cl_loss: 0.0000 
2024-03-15 02:36:46,255 - Epoch 171 Test set [precision@1: 0.4300 precision@2: 0.3200 precision@3: 0.2400 ] Test set [recall@1: 0.4300 recall@2: 0.6500 recall@3: 0.7300 ] Test set [f1score@1: 0.4300 f1score@2: 0.4300 f1score@3: 0.3700 ] Test set [accuracy@1: 0.4300 accuracy@2: 0.6500 accuracy@3: 0.7300 ] 
2024-03-15 02:36:55,417 - [Epoch 172 / 210] rec_loss: 1.6258 cl_loss: 0.0000 
2024-03-15 02:36:56,513 - Epoch 172 Test set [precision@1: 0.4400 precision@2: 0.3300 precision@3: 0.2400 ] Test set [recall@1: 0.4400 recall@2: 0.6500 recall@3: 0.7300 ] Test set [f1score@1: 0.4400 f1score@2: 0.4400 f1score@3: 0.3700 ] Test set [accuracy@1: 0.4400 accuracy@2: 0.6500 accuracy@3: 0.7300 ] 
2024-03-15 02:37:06,439 - [Epoch 173 / 210] rec_loss: 1.6068 cl_loss: 0.0000 
2024-03-15 02:37:07,529 - Epoch 173 Test set [precision@1: 0.4500 precision@2: 0.3200 precision@3: 0.2500 ] Test set [recall@1: 0.4500 recall@2: 0.6500 recall@3: 0.7500 ] Test set [f1score@1: 0.4500 f1score@2: 0.4300 f1score@3: 0.3800 ] Test set [accuracy@1: 0.4500 accuracy@2: 0.6500 accuracy@3: 0.7500 ] 
2024-03-15 02:37:17,234 - [Epoch 174 / 210] rec_loss: 1.6097 cl_loss: 0.0000 
2024-03-15 02:37:18,317 - Epoch 174 Test set [precision@1: 0.4500 precision@2: 0.3200 precision@3: 0.2400 ] Test set [recall@1: 0.4500 recall@2: 0.6500 recall@3: 0.7300 ] Test set [f1score@1: 0.4500 f1score@2: 0.4300 f1score@3: 0.3700 ] Test set [accuracy@1: 0.4500 accuracy@2: 0.6500 accuracy@3: 0.7300 ] 
2024-03-15 02:37:28,319 - [Epoch 175 / 210] rec_loss: 1.6134 cl_loss: 0.0000 
2024-03-15 02:37:29,486 - Epoch 175 Test set [precision@1: 0.4500 precision@2: 0.3200 precision@3: 0.2500 ] Test set [recall@1: 0.4500 recall@2: 0.6400 recall@3: 0.7500 ] Test set [f1score@1: 0.4500 f1score@2: 0.4300 f1score@3: 0.3700 ] Test set [accuracy@1: 0.4500 accuracy@2: 0.6400 accuracy@3: 0.7500 ] 
2024-03-15 02:37:39,231 - [Epoch 176 / 210] rec_loss: 1.6077 cl_loss: 0.0000 
2024-03-15 02:37:40,317 - Epoch 176 Test set [precision@1: 0.4300 precision@2: 0.3200 precision@3: 0.2400 ] Test set [recall@1: 0.4300 recall@2: 0.6500 recall@3: 0.7300 ] Test set [f1score@1: 0.4300 f1score@2: 0.4300 f1score@3: 0.3700 ] Test set [accuracy@1: 0.4300 accuracy@2: 0.6500 accuracy@3: 0.7300 ] 
2024-03-15 02:37:50,267 - [Epoch 177 / 210] rec_loss: 1.6037 cl_loss: 0.0000 
2024-03-15 02:37:51,356 - Epoch 177 Test set [precision@1: 0.4500 precision@2: 0.3200 precision@3: 0.2500 ] Test set [recall@1: 0.4500 recall@2: 0.6500 recall@3: 0.7400 ] Test set [f1score@1: 0.4500 f1score@2: 0.4300 f1score@3: 0.3700 ] Test set [accuracy@1: 0.4500 accuracy@2: 0.6500 accuracy@3: 0.7400 ] 
2024-03-15 02:38:01,305 - [Epoch 178 / 210] rec_loss: 1.5943 cl_loss: 0.0000 
2024-03-15 02:38:02,468 - Epoch 178 Test set [precision@1: 0.4500 precision@2: 0.3200 precision@3: 0.2500 ] Test set [recall@1: 0.4500 recall@2: 0.6500 recall@3: 0.7400 ] Test set [f1score@1: 0.4500 f1score@2: 0.4300 f1score@3: 0.3700 ] Test set [accuracy@1: 0.4500 accuracy@2: 0.6500 accuracy@3: 0.7400 ] 
2024-03-15 02:38:12,361 - [Epoch 179 / 210] rec_loss: 1.6055 cl_loss: 0.0000 
2024-03-15 02:38:13,458 - Epoch 179 Test set [precision@1: 0.4400 precision@2: 0.3300 precision@3: 0.2500 ] Test set [recall@1: 0.4400 recall@2: 0.6600 recall@3: 0.7400 ] Test set [f1score@1: 0.4400 f1score@2: 0.4400 f1score@3: 0.3700 ] Test set [accuracy@1: 0.4400 accuracy@2: 0.6600 accuracy@3: 0.7400 ] 
2024-03-15 02:38:22,452 - [Epoch 180 / 210] rec_loss: 1.6239 cl_loss: 0.0000 
2024-03-15 02:38:23,612 - Epoch 180 Test set [precision@1: 0.4400 precision@2: 0.3300 precision@3: 0.2500 ] Test set [recall@1: 0.4400 recall@2: 0.6500 recall@3: 0.7400 ] Test set [f1score@1: 0.4400 f1score@2: 0.4400 f1score@3: 0.3700 ] Test set [accuracy@1: 0.4400 accuracy@2: 0.6500 accuracy@3: 0.7400 ] 
2024-03-15 02:38:33,526 - [Epoch 181 / 210] rec_loss: 1.5899 cl_loss: 0.0000 
2024-03-15 02:38:34,621 - Epoch 181 Test set [precision@1: 0.4700 precision@2: 0.3300 precision@3: 0.2500 ] Test set [recall@1: 0.4700 recall@2: 0.6600 recall@3: 0.7400 ] Test set [f1score@1: 0.4700 f1score@2: 0.4400 f1score@3: 0.3700 ] Test set [accuracy@1: 0.4700 accuracy@2: 0.6600 accuracy@3: 0.7400 ] 
2024-03-15 02:38:44,648 - [Epoch 182 / 210] rec_loss: 1.5992 cl_loss: 0.0000 
2024-03-15 02:38:45,734 - Epoch 182 Test set [precision@1: 0.4700 precision@2: 0.3300 precision@3: 0.2500 ] Test set [recall@1: 0.4700 recall@2: 0.6500 recall@3: 0.7600 ] Test set [f1score@1: 0.4700 f1score@2: 0.4300 f1score@3: 0.3800 ] Test set [accuracy@1: 0.4700 accuracy@2: 0.6500 accuracy@3: 0.7600 ] 
2024-03-15 02:38:55,750 - [Epoch 183 / 210] rec_loss: 1.6118 cl_loss: 0.0000 
2024-03-15 02:38:56,836 - Epoch 183 Test set [precision@1: 0.4400 precision@2: 0.3200 precision@3: 0.2400 ] Test set [recall@1: 0.4400 recall@2: 0.6500 recall@3: 0.7300 ] Test set [f1score@1: 0.4400 f1score@2: 0.4300 f1score@3: 0.3700 ] Test set [accuracy@1: 0.4400 accuracy@2: 0.6500 accuracy@3: 0.7300 ] 
2024-03-15 02:39:06,857 - [Epoch 184 / 210] rec_loss: 1.5831 cl_loss: 0.0000 
2024-03-15 02:39:07,952 - Epoch 184 Test set [precision@1: 0.4600 precision@2: 0.3300 precision@3: 0.2500 ] Test set [recall@1: 0.4600 recall@2: 0.6500 recall@3: 0.7500 ] Test set [f1score@1: 0.4600 f1score@2: 0.4400 f1score@3: 0.3800 ] Test set [accuracy@1: 0.4600 accuracy@2: 0.6500 accuracy@3: 0.7500 ] 
2024-03-15 02:39:17,885 - [Epoch 185 / 210] rec_loss: 1.6082 cl_loss: 0.0000 
2024-03-15 02:39:18,970 - Epoch 185 Test set [precision@1: 0.4300 precision@2: 0.3100 precision@3: 0.2400 ] Test set [recall@1: 0.4300 recall@2: 0.6300 recall@3: 0.7200 ] Test set [f1score@1: 0.4300 f1score@2: 0.4200 f1score@3: 0.3600 ] Test set [accuracy@1: 0.4300 accuracy@2: 0.6300 accuracy@3: 0.7200 ] 
2024-03-15 02:39:28,898 - [Epoch 186 / 210] rec_loss: 1.6109 cl_loss: 0.0000 
2024-03-15 02:39:30,055 - Epoch 186 Test set [precision@1: 0.4500 precision@2: 0.3300 precision@3: 0.2400 ] Test set [recall@1: 0.4500 recall@2: 0.6500 recall@3: 0.7300 ] Test set [f1score@1: 0.4500 f1score@2: 0.4400 f1score@3: 0.3600 ] Test set [accuracy@1: 0.4500 accuracy@2: 0.6500 accuracy@3: 0.7300 ] 
2024-03-15 02:39:39,189 - [Epoch 187 / 210] rec_loss: 1.5863 cl_loss: 0.0000 
2024-03-15 02:39:40,358 - Epoch 187 Test set [precision@1: 0.4400 precision@2: 0.3200 precision@3: 0.2500 ] Test set [recall@1: 0.4400 recall@2: 0.6400 recall@3: 0.7400 ] Test set [f1score@1: 0.4400 f1score@2: 0.4300 f1score@3: 0.3700 ] Test set [accuracy@1: 0.4400 accuracy@2: 0.6400 accuracy@3: 0.7400 ] 
2024-03-15 02:39:49,446 - [Epoch 188 / 210] rec_loss: 1.5849 cl_loss: 0.0000 
2024-03-15 02:39:50,529 - Epoch 188 Test set [precision@1: 0.4500 precision@2: 0.3200 precision@3: 0.2500 ] Test set [recall@1: 0.4500 recall@2: 0.6400 recall@3: 0.7400 ] Test set [f1score@1: 0.4500 f1score@2: 0.4200 f1score@3: 0.3700 ] Test set [accuracy@1: 0.4500 accuracy@2: 0.6400 accuracy@3: 0.7400 ] 
2024-03-15 02:40:00,314 - [Epoch 189 / 210] rec_loss: 1.5824 cl_loss: 0.0000 
2024-03-15 02:40:01,409 - Epoch 189 Test set [precision@1: 0.4500 precision@2: 0.3300 precision@3: 0.2400 ] Test set [recall@1: 0.4500 recall@2: 0.6500 recall@3: 0.7200 ] Test set [f1score@1: 0.4500 f1score@2: 0.4300 f1score@3: 0.3600 ] Test set [accuracy@1: 0.4500 accuracy@2: 0.6500 accuracy@3: 0.7200 ] 
2024-03-15 02:40:09,925 - [Epoch 190 / 210] rec_loss: 1.5879 cl_loss: 0.0000 
2024-03-15 02:40:11,010 - Epoch 190 Test set [precision@1: 0.4700 precision@2: 0.3300 precision@3: 0.2500 ] Test set [recall@1: 0.4700 recall@2: 0.6700 recall@3: 0.7400 ] Test set [f1score@1: 0.4700 f1score@2: 0.4500 f1score@3: 0.3700 ] Test set [accuracy@1: 0.4700 accuracy@2: 0.6700 accuracy@3: 0.7400 ] 
2024-03-15 02:40:20,604 - [Epoch 191 / 210] rec_loss: 1.5852 cl_loss: 0.0000 
2024-03-15 02:40:21,689 - Epoch 191 Test set [precision@1: 0.4500 precision@2: 0.3200 precision@3: 0.2400 ] Test set [recall@1: 0.4500 recall@2: 0.6400 recall@3: 0.7300 ] Test set [f1score@1: 0.4500 f1score@2: 0.4300 f1score@3: 0.3700 ] Test set [accuracy@1: 0.4500 accuracy@2: 0.6400 accuracy@3: 0.7300 ] 
2024-03-15 02:40:30,511 - [Epoch 192 / 210] rec_loss: 1.5751 cl_loss: 0.0000 
2024-03-15 02:40:31,607 - Epoch 192 Test set [precision@1: 0.4500 precision@2: 0.3200 precision@3: 0.2500 ] Test set [recall@1: 0.4500 recall@2: 0.6400 recall@3: 0.7400 ] Test set [f1score@1: 0.4500 f1score@2: 0.4300 f1score@3: 0.3700 ] Test set [accuracy@1: 0.4500 accuracy@2: 0.6400 accuracy@3: 0.7400 ] 
2024-03-15 02:40:41,429 - [Epoch 193 / 210] rec_loss: 1.5816 cl_loss: 0.0000 
2024-03-15 02:40:42,513 - Epoch 193 Test set [precision@1: 0.4600 precision@2: 0.3300 precision@3: 0.2400 ] Test set [recall@1: 0.4600 recall@2: 0.6600 recall@3: 0.7300 ] Test set [f1score@1: 0.4600 f1score@2: 0.4400 f1score@3: 0.3700 ] Test set [accuracy@1: 0.4600 accuracy@2: 0.6600 accuracy@3: 0.7300 ] 
2024-03-15 02:40:52,431 - [Epoch 194 / 210] rec_loss: 1.5681 cl_loss: 0.0000 
2024-03-15 02:40:53,527 - Epoch 194 Test set [precision@1: 0.4600 precision@2: 0.3100 precision@3: 0.2500 ] Test set [recall@1: 0.4600 recall@2: 0.6300 recall@3: 0.7500 ] Test set [f1score@1: 0.4600 f1score@2: 0.4200 f1score@3: 0.3700 ] Test set [accuracy@1: 0.4600 accuracy@2: 0.6300 accuracy@3: 0.7500 ] 
2024-03-15 02:41:03,585 - [Epoch 195 / 210] rec_loss: 1.5779 cl_loss: 0.0000 
2024-03-15 02:41:04,670 - Epoch 195 Test set [precision@1: 0.4700 precision@2: 0.3200 precision@3: 0.2500 ] Test set [recall@1: 0.4700 recall@2: 0.6500 recall@3: 0.7400 ] Test set [f1score@1: 0.4700 f1score@2: 0.4300 f1score@3: 0.3700 ] Test set [accuracy@1: 0.4700 accuracy@2: 0.6500 accuracy@3: 0.7400 ] 
2024-03-15 02:41:14,754 - [Epoch 196 / 210] rec_loss: 1.5695 cl_loss: 0.0000 
2024-03-15 02:41:15,845 - Epoch 196 Test set [precision@1: 0.4400 precision@2: 0.3100 precision@3: 0.2400 ] Test set [recall@1: 0.4400 recall@2: 0.6300 recall@3: 0.7300 ] Test set [f1score@1: 0.4400 f1score@2: 0.4200 f1score@3: 0.3700 ] Test set [accuracy@1: 0.4400 accuracy@2: 0.6300 accuracy@3: 0.7300 ] 
2024-03-15 02:41:25,900 - [Epoch 197 / 210] rec_loss: 1.5715 cl_loss: 0.0000 
2024-03-15 02:41:26,989 - Epoch 197 Test set [precision@1: 0.4500 precision@2: 0.3200 precision@3: 0.2500 ] Test set [recall@1: 0.4500 recall@2: 0.6500 recall@3: 0.7500 ] Test set [f1score@1: 0.4500 f1score@2: 0.4300 f1score@3: 0.3700 ] Test set [accuracy@1: 0.4500 accuracy@2: 0.6500 accuracy@3: 0.7500 ] 
2024-03-15 02:41:36,949 - [Epoch 198 / 210] rec_loss: 1.5816 cl_loss: 0.0000 
2024-03-15 02:41:38,089 - Epoch 198 Test set [precision@1: 0.4600 precision@2: 0.3200 precision@3: 0.2400 ] Test set [recall@1: 0.4600 recall@2: 0.6500 recall@3: 0.7300 ] Test set [f1score@1: 0.4600 f1score@2: 0.4300 f1score@3: 0.3700 ] Test set [accuracy@1: 0.4600 accuracy@2: 0.6500 accuracy@3: 0.7300 ] 
2024-03-15 02:41:47,960 - [Epoch 199 / 210] rec_loss: 1.5838 cl_loss: 0.0000 
2024-03-15 02:41:49,048 - Epoch 199 Test set [precision@1: 0.4600 precision@2: 0.3200 precision@3: 0.2400 ] Test set [recall@1: 0.4600 recall@2: 0.6400 recall@3: 0.7200 ] Test set [f1score@1: 0.4600 f1score@2: 0.4200 f1score@3: 0.3600 ] Test set [accuracy@1: 0.4600 accuracy@2: 0.6400 accuracy@3: 0.7200 ] 
2024-03-15 02:41:58,463 - [Epoch 200 / 210] rec_loss: 1.5724 cl_loss: 0.0000 
2024-03-15 02:41:59,543 - Epoch 200 Test set [precision@1: 0.4400 precision@2: 0.3100 precision@3: 0.2400 ] Test set [recall@1: 0.4400 recall@2: 0.6200 recall@3: 0.7300 ] Test set [f1score@1: 0.4400 f1score@2: 0.4100 f1score@3: 0.3700 ] Test set [accuracy@1: 0.4400 accuracy@2: 0.6200 accuracy@3: 0.7300 ] 
2024-03-15 02:42:09,379 - [Epoch 201 / 210] rec_loss: 1.5669 cl_loss: 0.0000 
2024-03-15 02:42:10,519 - Epoch 201 Test set [precision@1: 0.4300 precision@2: 0.3100 precision@3: 0.2400 ] Test set [recall@1: 0.4300 recall@2: 0.6200 recall@3: 0.7100 ] Test set [f1score@1: 0.4300 f1score@2: 0.4100 f1score@3: 0.3500 ] Test set [accuracy@1: 0.4300 accuracy@2: 0.6200 accuracy@3: 0.7100 ] 
2024-03-15 02:42:20,418 - [Epoch 202 / 210] rec_loss: 1.5709 cl_loss: 0.0000 
2024-03-15 02:42:21,574 - Epoch 202 Test set [precision@1: 0.4200 precision@2: 0.3200 precision@3: 0.2400 ] Test set [recall@1: 0.4200 recall@2: 0.6300 recall@3: 0.7300 ] Test set [f1score@1: 0.4200 f1score@2: 0.4200 f1score@3: 0.3700 ] Test set [accuracy@1: 0.4200 accuracy@2: 0.6300 accuracy@3: 0.7300 ] 
2024-03-15 02:42:31,302 - [Epoch 203 / 210] rec_loss: 1.5903 cl_loss: 0.0000 
2024-03-15 02:42:32,385 - Epoch 203 Test set [precision@1: 0.4300 precision@2: 0.3100 precision@3: 0.2400 ] Test set [recall@1: 0.4300 recall@2: 0.6100 recall@3: 0.7200 ] Test set [f1score@1: 0.4300 f1score@2: 0.4100 f1score@3: 0.3600 ] Test set [accuracy@1: 0.4300 accuracy@2: 0.6100 accuracy@3: 0.7200 ] 
2024-03-15 02:42:42,334 - [Epoch 204 / 210] rec_loss: 1.5600 cl_loss: 0.0000 
2024-03-15 02:42:43,416 - Epoch 204 Test set [precision@1: 0.4600 precision@2: 0.3200 precision@3: 0.2500 ] Test set [recall@1: 0.4600 recall@2: 0.6400 recall@3: 0.7400 ] Test set [f1score@1: 0.4600 f1score@2: 0.4300 f1score@3: 0.3700 ] Test set [accuracy@1: 0.4600 accuracy@2: 0.6400 accuracy@3: 0.7400 ] 
2024-03-15 02:42:53,413 - [Epoch 205 / 210] rec_loss: 1.5785 cl_loss: 0.0000 
2024-03-15 02:42:54,506 - Epoch 205 Test set [precision@1: 0.4300 precision@2: 0.3200 precision@3: 0.2400 ] Test set [recall@1: 0.4300 recall@2: 0.6300 recall@3: 0.7100 ] Test set [f1score@1: 0.4300 f1score@2: 0.4200 f1score@3: 0.3600 ] Test set [accuracy@1: 0.4300 accuracy@2: 0.6300 accuracy@3: 0.7100 ] 
2024-03-15 02:43:04,469 - [Epoch 206 / 210] rec_loss: 1.5680 cl_loss: 0.0000 
2024-03-15 02:43:05,553 - Epoch 206 Test set [precision@1: 0.4700 precision@2: 0.3200 precision@3: 0.2400 ] Test set [recall@1: 0.4700 recall@2: 0.6400 recall@3: 0.7300 ] Test set [f1score@1: 0.4700 f1score@2: 0.4300 f1score@3: 0.3700 ] Test set [accuracy@1: 0.4700 accuracy@2: 0.6400 accuracy@3: 0.7300 ] 
2024-03-15 02:43:15,424 - [Epoch 207 / 210] rec_loss: 1.5620 cl_loss: 0.0000 
2024-03-15 02:43:16,608 - Epoch 207 Test set [precision@1: 0.4100 precision@2: 0.3200 precision@3: 0.2500 ] Test set [recall@1: 0.4100 recall@2: 0.6400 recall@3: 0.7400 ] Test set [f1score@1: 0.4100 f1score@2: 0.4300 f1score@3: 0.3700 ] Test set [accuracy@1: 0.4100 accuracy@2: 0.6400 accuracy@3: 0.7400 ] 
2024-03-15 02:43:25,105 - [Epoch 208 / 210] rec_loss: 1.5631 cl_loss: 0.0000 
2024-03-15 02:43:26,198 - Epoch 208 Test set [precision@1: 0.4400 precision@2: 0.3200 precision@3: 0.2500 ] Test set [recall@1: 0.4400 recall@2: 0.6400 recall@3: 0.7500 ] Test set [f1score@1: 0.4400 f1score@2: 0.4200 f1score@3: 0.3800 ] Test set [accuracy@1: 0.4400 accuracy@2: 0.6400 accuracy@3: 0.7500 ] 
2024-03-15 02:43:35,220 - [Epoch 209 / 210] rec_loss: 1.5680 cl_loss: 0.0000 
2024-03-15 02:43:36,302 - Epoch 209 Test set [precision@1: 0.4200 precision@2: 0.3200 precision@3: 0.2500 ] Test set [recall@1: 0.4200 recall@2: 0.6500 recall@3: 0.7500 ] Test set [f1score@1: 0.4200 f1score@2: 0.4300 f1score@3: 0.3800 ] Test set [accuracy@1: 0.4200 accuracy@2: 0.6500 accuracy@3: 0.7500 ] 
2024-03-15 02:43:38,002 - Test set [precision@1: 0.4200 precision@2: 0.3200 precision@3: 0.2500 ] Test set [recall@1: 0.4200 recall@2: 0.6500 recall@3: 0.7500 ] Test set [f1score@1: 0.4200 f1score@2: 0.4300 f1score@3: 0.3800 ] Test set [accuracy@1: 0.4200 accuracy@2: 0.6500 accuracy@3: 0.7500 ] 
2024-03-15 02:43:38,020 - Save model parameters to ./checkpoint/cl4srec/cl4srec-2024-03-15_02-05.pth
2024-03-15 02:43:39,190 - Test set [precision@1: 0.4200 precision@2: 0.3200 precision@3: 0.2500 ] Test set [recall@1: 0.4200 recall@2: 0.6500 recall@3: 0.7500 ] Test set [f1score@1: 0.4200 f1score@2: 0.4300 f1score@3: 0.3800 ] Test set [accuracy@1: 0.4200 accuracy@2: 0.6500 accuracy@3: 0.7500 ] 
